[2021-09-27 03:24:56,494] {processor.py:162} INFO - Started process (PID=62) to work on /home/airflow/.local/lib/python3.8/site-packages/airflow/example_dags/example_trigger_controller_dag.py
[2021-09-27 03:24:56,495] {processor.py:613} INFO - Processing file /home/airflow/.local/lib/python3.8/site-packages/airflow/example_dags/example_trigger_controller_dag.py for tasks to queue
[2021-09-27 03:24:56,495] {logging_mixin.py:109} INFO - [2021-09-27 03:24:56,495] {dagbag.py:496} INFO - Filling up the DagBag from /home/airflow/.local/lib/python3.8/site-packages/airflow/example_dags/example_trigger_controller_dag.py
[2021-09-27 03:24:56,506] {processor.py:623} INFO - DAG(s) dict_keys(['example_trigger_controller_dag']) retrieved from /home/airflow/.local/lib/python3.8/site-packages/airflow/example_dags/example_trigger_controller_dag.py
[2021-09-27 03:24:56,749] {logging_mixin.py:109} INFO - [2021-09-27 03:24:56,749] {dag.py:1833} INFO - Sync 1 DAGs
[2021-09-27 03:24:56,760] {logging_mixin.py:109} INFO - [2021-09-27 03:24:56,760] {dag.py:2306} INFO - Setting next_dagrun for example_trigger_controller_dag to 2021-09-25 00:00:00+00:00
[2021-09-27 03:24:56,770] {processor.py:170} INFO - Processing /home/airflow/.local/lib/python3.8/site-packages/airflow/example_dags/example_trigger_controller_dag.py took 0.279 seconds
[2021-09-27 03:25:27,521] {processor.py:162} INFO - Started process (PID=115) to work on /home/airflow/.local/lib/python3.8/site-packages/airflow/example_dags/example_trigger_controller_dag.py
[2021-09-27 03:25:27,522] {processor.py:613} INFO - Processing file /home/airflow/.local/lib/python3.8/site-packages/airflow/example_dags/example_trigger_controller_dag.py for tasks to queue
[2021-09-27 03:25:27,522] {logging_mixin.py:109} INFO - [2021-09-27 03:25:27,522] {dagbag.py:496} INFO - Filling up the DagBag from /home/airflow/.local/lib/python3.8/site-packages/airflow/example_dags/example_trigger_controller_dag.py
[2021-09-27 03:25:27,529] {processor.py:623} INFO - DAG(s) dict_keys(['example_trigger_controller_dag']) retrieved from /home/airflow/.local/lib/python3.8/site-packages/airflow/example_dags/example_trigger_controller_dag.py
[2021-09-27 03:25:27,545] {logging_mixin.py:109} INFO - [2021-09-27 03:25:27,545] {dag.py:1833} INFO - Sync 1 DAGs
[2021-09-27 03:25:27,556] {logging_mixin.py:109} INFO - [2021-09-27 03:25:27,556] {dag.py:2306} INFO - Setting next_dagrun for example_trigger_controller_dag to 2021-09-25 00:00:00+00:00
[2021-09-27 03:25:27,564] {processor.py:170} INFO - Processing /home/airflow/.local/lib/python3.8/site-packages/airflow/example_dags/example_trigger_controller_dag.py took 0.045 seconds
[2021-09-27 03:25:58,611] {processor.py:162} INFO - Started process (PID=161) to work on /home/airflow/.local/lib/python3.8/site-packages/airflow/example_dags/example_trigger_controller_dag.py
[2021-09-27 03:25:58,612] {processor.py:613} INFO - Processing file /home/airflow/.local/lib/python3.8/site-packages/airflow/example_dags/example_trigger_controller_dag.py for tasks to queue
[2021-09-27 03:25:58,613] {logging_mixin.py:109} INFO - [2021-09-27 03:25:58,613] {dagbag.py:496} INFO - Filling up the DagBag from /home/airflow/.local/lib/python3.8/site-packages/airflow/example_dags/example_trigger_controller_dag.py
[2021-09-27 03:25:58,625] {processor.py:623} INFO - DAG(s) dict_keys(['example_trigger_controller_dag']) retrieved from /home/airflow/.local/lib/python3.8/site-packages/airflow/example_dags/example_trigger_controller_dag.py
[2021-09-27 03:25:58,651] {logging_mixin.py:109} INFO - [2021-09-27 03:25:58,651] {dag.py:1833} INFO - Sync 1 DAGs
[2021-09-27 03:25:58,680] {logging_mixin.py:109} INFO - [2021-09-27 03:25:58,680] {dag.py:2306} INFO - Setting next_dagrun for example_trigger_controller_dag to 2021-09-25 00:00:00+00:00
[2021-09-27 03:25:58,703] {processor.py:170} INFO - Processing /home/airflow/.local/lib/python3.8/site-packages/airflow/example_dags/example_trigger_controller_dag.py took 0.098 seconds
[2021-09-27 03:26:29,119] {processor.py:162} INFO - Started process (PID=214) to work on /home/airflow/.local/lib/python3.8/site-packages/airflow/example_dags/example_trigger_controller_dag.py
[2021-09-27 03:26:29,121] {processor.py:613} INFO - Processing file /home/airflow/.local/lib/python3.8/site-packages/airflow/example_dags/example_trigger_controller_dag.py for tasks to queue
[2021-09-27 03:26:29,121] {logging_mixin.py:109} INFO - [2021-09-27 03:26:29,121] {dagbag.py:496} INFO - Filling up the DagBag from /home/airflow/.local/lib/python3.8/site-packages/airflow/example_dags/example_trigger_controller_dag.py
[2021-09-27 03:26:29,132] {processor.py:623} INFO - DAG(s) dict_keys(['example_trigger_controller_dag']) retrieved from /home/airflow/.local/lib/python3.8/site-packages/airflow/example_dags/example_trigger_controller_dag.py
[2021-09-27 03:26:29,148] {logging_mixin.py:109} INFO - [2021-09-27 03:26:29,148] {dag.py:1833} INFO - Sync 1 DAGs
[2021-09-27 03:26:29,159] {logging_mixin.py:109} INFO - [2021-09-27 03:26:29,159] {dag.py:2306} INFO - Setting next_dagrun for example_trigger_controller_dag to 2021-09-25 00:00:00+00:00
[2021-09-27 03:26:29,167] {processor.py:170} INFO - Processing /home/airflow/.local/lib/python3.8/site-packages/airflow/example_dags/example_trigger_controller_dag.py took 0.050 seconds
[2021-09-27 03:26:59,269] {processor.py:162} INFO - Started process (PID=266) to work on /home/airflow/.local/lib/python3.8/site-packages/airflow/example_dags/example_trigger_controller_dag.py
[2021-09-27 03:26:59,269] {processor.py:613} INFO - Processing file /home/airflow/.local/lib/python3.8/site-packages/airflow/example_dags/example_trigger_controller_dag.py for tasks to queue
[2021-09-27 03:26:59,270] {logging_mixin.py:109} INFO - [2021-09-27 03:26:59,270] {dagbag.py:496} INFO - Filling up the DagBag from /home/airflow/.local/lib/python3.8/site-packages/airflow/example_dags/example_trigger_controller_dag.py
[2021-09-27 03:26:59,276] {processor.py:623} INFO - DAG(s) dict_keys(['example_trigger_controller_dag']) retrieved from /home/airflow/.local/lib/python3.8/site-packages/airflow/example_dags/example_trigger_controller_dag.py
[2021-09-27 03:26:59,290] {logging_mixin.py:109} INFO - [2021-09-27 03:26:59,290] {dag.py:1833} INFO - Sync 1 DAGs
[2021-09-27 03:26:59,299] {logging_mixin.py:109} INFO - [2021-09-27 03:26:59,299] {dag.py:2306} INFO - Setting next_dagrun for example_trigger_controller_dag to 2021-09-25 00:00:00+00:00
[2021-09-27 03:26:59,309] {processor.py:170} INFO - Processing /home/airflow/.local/lib/python3.8/site-packages/airflow/example_dags/example_trigger_controller_dag.py took 0.042 seconds
[2021-09-27 03:27:29,437] {processor.py:162} INFO - Started process (PID=319) to work on /home/airflow/.local/lib/python3.8/site-packages/airflow/example_dags/example_trigger_controller_dag.py
[2021-09-27 03:27:29,438] {processor.py:613} INFO - Processing file /home/airflow/.local/lib/python3.8/site-packages/airflow/example_dags/example_trigger_controller_dag.py for tasks to queue
[2021-09-27 03:27:29,438] {logging_mixin.py:109} INFO - [2021-09-27 03:27:29,438] {dagbag.py:496} INFO - Filling up the DagBag from /home/airflow/.local/lib/python3.8/site-packages/airflow/example_dags/example_trigger_controller_dag.py
[2021-09-27 03:27:29,445] {processor.py:623} INFO - DAG(s) dict_keys(['example_trigger_controller_dag']) retrieved from /home/airflow/.local/lib/python3.8/site-packages/airflow/example_dags/example_trigger_controller_dag.py
[2021-09-27 03:27:29,459] {logging_mixin.py:109} INFO - [2021-09-27 03:27:29,459] {dag.py:1833} INFO - Sync 1 DAGs
[2021-09-27 03:27:29,469] {logging_mixin.py:109} INFO - [2021-09-27 03:27:29,469] {dag.py:2306} INFO - Setting next_dagrun for example_trigger_controller_dag to 2021-09-25 00:00:00+00:00
[2021-09-27 03:27:29,477] {processor.py:170} INFO - Processing /home/airflow/.local/lib/python3.8/site-packages/airflow/example_dags/example_trigger_controller_dag.py took 0.043 seconds
[2021-09-27 03:27:59,768] {processor.py:162} INFO - Started process (PID=365) to work on /home/airflow/.local/lib/python3.8/site-packages/airflow/example_dags/example_trigger_controller_dag.py
[2021-09-27 03:27:59,769] {processor.py:613} INFO - Processing file /home/airflow/.local/lib/python3.8/site-packages/airflow/example_dags/example_trigger_controller_dag.py for tasks to queue
[2021-09-27 03:27:59,769] {logging_mixin.py:109} INFO - [2021-09-27 03:27:59,769] {dagbag.py:496} INFO - Filling up the DagBag from /home/airflow/.local/lib/python3.8/site-packages/airflow/example_dags/example_trigger_controller_dag.py
[2021-09-27 03:27:59,776] {processor.py:623} INFO - DAG(s) dict_keys(['example_trigger_controller_dag']) retrieved from /home/airflow/.local/lib/python3.8/site-packages/airflow/example_dags/example_trigger_controller_dag.py
[2021-09-27 03:27:59,792] {logging_mixin.py:109} INFO - [2021-09-27 03:27:59,792] {dag.py:1833} INFO - Sync 1 DAGs
[2021-09-27 03:27:59,804] {logging_mixin.py:109} INFO - [2021-09-27 03:27:59,804] {dag.py:2306} INFO - Setting next_dagrun for example_trigger_controller_dag to 2021-09-25 00:00:00+00:00
[2021-09-27 03:27:59,813] {processor.py:170} INFO - Processing /home/airflow/.local/lib/python3.8/site-packages/airflow/example_dags/example_trigger_controller_dag.py took 0.048 seconds
[2021-09-27 03:28:30,120] {processor.py:162} INFO - Started process (PID=420) to work on /home/airflow/.local/lib/python3.8/site-packages/airflow/example_dags/example_trigger_controller_dag.py
[2021-09-27 03:28:30,120] {processor.py:613} INFO - Processing file /home/airflow/.local/lib/python3.8/site-packages/airflow/example_dags/example_trigger_controller_dag.py for tasks to queue
[2021-09-27 03:28:30,121] {logging_mixin.py:109} INFO - [2021-09-27 03:28:30,121] {dagbag.py:496} INFO - Filling up the DagBag from /home/airflow/.local/lib/python3.8/site-packages/airflow/example_dags/example_trigger_controller_dag.py
[2021-09-27 03:28:30,128] {processor.py:623} INFO - DAG(s) dict_keys(['example_trigger_controller_dag']) retrieved from /home/airflow/.local/lib/python3.8/site-packages/airflow/example_dags/example_trigger_controller_dag.py
[2021-09-27 03:28:30,143] {logging_mixin.py:109} INFO - [2021-09-27 03:28:30,142] {dag.py:1833} INFO - Sync 1 DAGs
[2021-09-27 03:28:30,152] {logging_mixin.py:109} INFO - [2021-09-27 03:28:30,152] {dag.py:2306} INFO - Setting next_dagrun for example_trigger_controller_dag to 2021-09-25 00:00:00+00:00
[2021-09-27 03:28:30,162] {processor.py:170} INFO - Processing /home/airflow/.local/lib/python3.8/site-packages/airflow/example_dags/example_trigger_controller_dag.py took 0.045 seconds
[2021-09-27 03:29:00,241] {processor.py:162} INFO - Started process (PID=472) to work on /home/airflow/.local/lib/python3.8/site-packages/airflow/example_dags/example_trigger_controller_dag.py
[2021-09-27 03:29:00,242] {processor.py:613} INFO - Processing file /home/airflow/.local/lib/python3.8/site-packages/airflow/example_dags/example_trigger_controller_dag.py for tasks to queue
[2021-09-27 03:29:00,243] {logging_mixin.py:109} INFO - [2021-09-27 03:29:00,243] {dagbag.py:496} INFO - Filling up the DagBag from /home/airflow/.local/lib/python3.8/site-packages/airflow/example_dags/example_trigger_controller_dag.py
[2021-09-27 03:29:00,250] {processor.py:623} INFO - DAG(s) dict_keys(['example_trigger_controller_dag']) retrieved from /home/airflow/.local/lib/python3.8/site-packages/airflow/example_dags/example_trigger_controller_dag.py
[2021-09-27 03:29:00,265] {logging_mixin.py:109} INFO - [2021-09-27 03:29:00,265] {dag.py:1833} INFO - Sync 1 DAGs
[2021-09-27 03:29:00,275] {logging_mixin.py:109} INFO - [2021-09-27 03:29:00,275] {dag.py:2306} INFO - Setting next_dagrun for example_trigger_controller_dag to 2021-09-25 00:00:00+00:00
[2021-09-27 03:29:00,284] {processor.py:170} INFO - Processing /home/airflow/.local/lib/python3.8/site-packages/airflow/example_dags/example_trigger_controller_dag.py took 0.046 seconds
[2021-09-27 03:29:30,440] {processor.py:162} INFO - Started process (PID=518) to work on /home/airflow/.local/lib/python3.8/site-packages/airflow/example_dags/example_trigger_controller_dag.py
[2021-09-27 03:29:30,441] {processor.py:613} INFO - Processing file /home/airflow/.local/lib/python3.8/site-packages/airflow/example_dags/example_trigger_controller_dag.py for tasks to queue
[2021-09-27 03:29:30,441] {logging_mixin.py:109} INFO - [2021-09-27 03:29:30,441] {dagbag.py:496} INFO - Filling up the DagBag from /home/airflow/.local/lib/python3.8/site-packages/airflow/example_dags/example_trigger_controller_dag.py
[2021-09-27 03:29:30,447] {processor.py:623} INFO - DAG(s) dict_keys(['example_trigger_controller_dag']) retrieved from /home/airflow/.local/lib/python3.8/site-packages/airflow/example_dags/example_trigger_controller_dag.py
[2021-09-27 03:29:30,461] {logging_mixin.py:109} INFO - [2021-09-27 03:29:30,461] {dag.py:1833} INFO - Sync 1 DAGs
[2021-09-27 03:29:30,471] {logging_mixin.py:109} INFO - [2021-09-27 03:29:30,471] {dag.py:2306} INFO - Setting next_dagrun for example_trigger_controller_dag to 2021-09-25 00:00:00+00:00
[2021-09-27 03:29:30,478] {processor.py:170} INFO - Processing /home/airflow/.local/lib/python3.8/site-packages/airflow/example_dags/example_trigger_controller_dag.py took 0.041 seconds
[2021-09-27 03:30:00,601] {processor.py:162} INFO - Started process (PID=571) to work on /home/airflow/.local/lib/python3.8/site-packages/airflow/example_dags/example_trigger_controller_dag.py
[2021-09-27 03:30:00,602] {processor.py:613} INFO - Processing file /home/airflow/.local/lib/python3.8/site-packages/airflow/example_dags/example_trigger_controller_dag.py for tasks to queue
[2021-09-27 03:30:00,602] {logging_mixin.py:109} INFO - [2021-09-27 03:30:00,602] {dagbag.py:496} INFO - Filling up the DagBag from /home/airflow/.local/lib/python3.8/site-packages/airflow/example_dags/example_trigger_controller_dag.py
[2021-09-27 03:30:00,608] {processor.py:623} INFO - DAG(s) dict_keys(['example_trigger_controller_dag']) retrieved from /home/airflow/.local/lib/python3.8/site-packages/airflow/example_dags/example_trigger_controller_dag.py
[2021-09-27 03:30:00,622] {logging_mixin.py:109} INFO - [2021-09-27 03:30:00,622] {dag.py:1833} INFO - Sync 1 DAGs
[2021-09-27 03:30:00,631] {logging_mixin.py:109} INFO - [2021-09-27 03:30:00,631] {dag.py:2306} INFO - Setting next_dagrun for example_trigger_controller_dag to 2021-09-25 00:00:00+00:00
[2021-09-27 03:30:00,646] {processor.py:170} INFO - Processing /home/airflow/.local/lib/python3.8/site-packages/airflow/example_dags/example_trigger_controller_dag.py took 0.048 seconds
[2021-09-27 03:30:30,814] {processor.py:162} INFO - Started process (PID=624) to work on /home/airflow/.local/lib/python3.8/site-packages/airflow/example_dags/example_trigger_controller_dag.py
[2021-09-27 03:30:30,815] {processor.py:613} INFO - Processing file /home/airflow/.local/lib/python3.8/site-packages/airflow/example_dags/example_trigger_controller_dag.py for tasks to queue
[2021-09-27 03:30:30,815] {logging_mixin.py:109} INFO - [2021-09-27 03:30:30,815] {dagbag.py:496} INFO - Filling up the DagBag from /home/airflow/.local/lib/python3.8/site-packages/airflow/example_dags/example_trigger_controller_dag.py
[2021-09-27 03:30:30,824] {processor.py:623} INFO - DAG(s) dict_keys(['example_trigger_controller_dag']) retrieved from /home/airflow/.local/lib/python3.8/site-packages/airflow/example_dags/example_trigger_controller_dag.py
[2021-09-27 03:30:30,845] {logging_mixin.py:109} INFO - [2021-09-27 03:30:30,845] {dag.py:1833} INFO - Sync 1 DAGs
[2021-09-27 03:30:30,859] {logging_mixin.py:109} INFO - [2021-09-27 03:30:30,859] {dag.py:2306} INFO - Setting next_dagrun for example_trigger_controller_dag to 2021-09-25 00:00:00+00:00
[2021-09-27 03:30:30,881] {processor.py:170} INFO - Processing /home/airflow/.local/lib/python3.8/site-packages/airflow/example_dags/example_trigger_controller_dag.py took 0.070 seconds
[2021-09-27 03:31:00,963] {processor.py:162} INFO - Started process (PID=677) to work on /home/airflow/.local/lib/python3.8/site-packages/airflow/example_dags/example_trigger_controller_dag.py
[2021-09-27 03:31:00,964] {processor.py:613} INFO - Processing file /home/airflow/.local/lib/python3.8/site-packages/airflow/example_dags/example_trigger_controller_dag.py for tasks to queue
[2021-09-27 03:31:00,964] {logging_mixin.py:109} INFO - [2021-09-27 03:31:00,964] {dagbag.py:496} INFO - Filling up the DagBag from /home/airflow/.local/lib/python3.8/site-packages/airflow/example_dags/example_trigger_controller_dag.py
[2021-09-27 03:31:00,970] {processor.py:623} INFO - DAG(s) dict_keys(['example_trigger_controller_dag']) retrieved from /home/airflow/.local/lib/python3.8/site-packages/airflow/example_dags/example_trigger_controller_dag.py
[2021-09-27 03:31:00,984] {logging_mixin.py:109} INFO - [2021-09-27 03:31:00,984] {dag.py:1833} INFO - Sync 1 DAGs
[2021-09-27 03:31:00,994] {logging_mixin.py:109} INFO - [2021-09-27 03:31:00,994] {dag.py:2306} INFO - Setting next_dagrun for example_trigger_controller_dag to 2021-09-25 00:00:00+00:00
[2021-09-27 03:31:01,011] {processor.py:170} INFO - Processing /home/airflow/.local/lib/python3.8/site-packages/airflow/example_dags/example_trigger_controller_dag.py took 0.050 seconds
[2021-09-27 03:31:31,167] {processor.py:162} INFO - Started process (PID=723) to work on /home/airflow/.local/lib/python3.8/site-packages/airflow/example_dags/example_trigger_controller_dag.py
[2021-09-27 03:31:31,167] {processor.py:613} INFO - Processing file /home/airflow/.local/lib/python3.8/site-packages/airflow/example_dags/example_trigger_controller_dag.py for tasks to queue
[2021-09-27 03:31:31,168] {logging_mixin.py:109} INFO - [2021-09-27 03:31:31,168] {dagbag.py:496} INFO - Filling up the DagBag from /home/airflow/.local/lib/python3.8/site-packages/airflow/example_dags/example_trigger_controller_dag.py
[2021-09-27 03:31:31,174] {processor.py:623} INFO - DAG(s) dict_keys(['example_trigger_controller_dag']) retrieved from /home/airflow/.local/lib/python3.8/site-packages/airflow/example_dags/example_trigger_controller_dag.py
[2021-09-27 03:31:31,188] {logging_mixin.py:109} INFO - [2021-09-27 03:31:31,187] {dag.py:1833} INFO - Sync 1 DAGs
[2021-09-27 03:31:31,197] {logging_mixin.py:109} INFO - [2021-09-27 03:31:31,197] {dag.py:2306} INFO - Setting next_dagrun for example_trigger_controller_dag to 2021-09-25 00:00:00+00:00
[2021-09-27 03:31:31,206] {processor.py:170} INFO - Processing /home/airflow/.local/lib/python3.8/site-packages/airflow/example_dags/example_trigger_controller_dag.py took 0.042 seconds
[2021-09-27 03:32:01,407] {processor.py:162} INFO - Started process (PID=776) to work on /home/airflow/.local/lib/python3.8/site-packages/airflow/example_dags/example_trigger_controller_dag.py
[2021-09-27 03:32:01,408] {processor.py:613} INFO - Processing file /home/airflow/.local/lib/python3.8/site-packages/airflow/example_dags/example_trigger_controller_dag.py for tasks to queue
[2021-09-27 03:32:01,408] {logging_mixin.py:109} INFO - [2021-09-27 03:32:01,408] {dagbag.py:496} INFO - Filling up the DagBag from /home/airflow/.local/lib/python3.8/site-packages/airflow/example_dags/example_trigger_controller_dag.py
[2021-09-27 03:32:01,414] {processor.py:623} INFO - DAG(s) dict_keys(['example_trigger_controller_dag']) retrieved from /home/airflow/.local/lib/python3.8/site-packages/airflow/example_dags/example_trigger_controller_dag.py
[2021-09-27 03:32:01,428] {logging_mixin.py:109} INFO - [2021-09-27 03:32:01,428] {dag.py:1833} INFO - Sync 1 DAGs
[2021-09-27 03:32:01,437] {logging_mixin.py:109} INFO - [2021-09-27 03:32:01,437] {dag.py:2306} INFO - Setting next_dagrun for example_trigger_controller_dag to 2021-09-25 00:00:00+00:00
[2021-09-27 03:32:01,453] {processor.py:170} INFO - Processing /home/airflow/.local/lib/python3.8/site-packages/airflow/example_dags/example_trigger_controller_dag.py took 0.049 seconds
[2021-09-27 03:32:31,824] {processor.py:162} INFO - Started process (PID=829) to work on /home/airflow/.local/lib/python3.8/site-packages/airflow/example_dags/example_trigger_controller_dag.py
[2021-09-27 03:32:31,824] {processor.py:613} INFO - Processing file /home/airflow/.local/lib/python3.8/site-packages/airflow/example_dags/example_trigger_controller_dag.py for tasks to queue
[2021-09-27 03:32:31,825] {logging_mixin.py:109} INFO - [2021-09-27 03:32:31,825] {dagbag.py:496} INFO - Filling up the DagBag from /home/airflow/.local/lib/python3.8/site-packages/airflow/example_dags/example_trigger_controller_dag.py
[2021-09-27 03:32:31,832] {processor.py:623} INFO - DAG(s) dict_keys(['example_trigger_controller_dag']) retrieved from /home/airflow/.local/lib/python3.8/site-packages/airflow/example_dags/example_trigger_controller_dag.py
[2021-09-27 03:32:31,847] {logging_mixin.py:109} INFO - [2021-09-27 03:32:31,847] {dag.py:1833} INFO - Sync 1 DAGs
[2021-09-27 03:32:31,856] {logging_mixin.py:109} INFO - [2021-09-27 03:32:31,855] {dag.py:2306} INFO - Setting next_dagrun for example_trigger_controller_dag to 2021-09-25 00:00:00+00:00
[2021-09-27 03:32:31,872] {processor.py:170} INFO - Processing /home/airflow/.local/lib/python3.8/site-packages/airflow/example_dags/example_trigger_controller_dag.py took 0.051 seconds
[2021-09-27 03:33:02,155] {processor.py:162} INFO - Started process (PID=882) to work on /home/airflow/.local/lib/python3.8/site-packages/airflow/example_dags/example_trigger_controller_dag.py
[2021-09-27 03:33:02,156] {processor.py:613} INFO - Processing file /home/airflow/.local/lib/python3.8/site-packages/airflow/example_dags/example_trigger_controller_dag.py for tasks to queue
[2021-09-27 03:33:02,156] {logging_mixin.py:109} INFO - [2021-09-27 03:33:02,156] {dagbag.py:496} INFO - Filling up the DagBag from /home/airflow/.local/lib/python3.8/site-packages/airflow/example_dags/example_trigger_controller_dag.py
[2021-09-27 03:33:02,162] {processor.py:623} INFO - DAG(s) dict_keys(['example_trigger_controller_dag']) retrieved from /home/airflow/.local/lib/python3.8/site-packages/airflow/example_dags/example_trigger_controller_dag.py
[2021-09-27 03:33:02,176] {logging_mixin.py:109} INFO - [2021-09-27 03:33:02,176] {dag.py:1833} INFO - Sync 1 DAGs
[2021-09-27 03:33:02,185] {logging_mixin.py:109} INFO - [2021-09-27 03:33:02,185] {dag.py:2306} INFO - Setting next_dagrun for example_trigger_controller_dag to 2021-09-25 00:00:00+00:00
[2021-09-27 03:33:02,193] {processor.py:170} INFO - Processing /home/airflow/.local/lib/python3.8/site-packages/airflow/example_dags/example_trigger_controller_dag.py took 0.041 seconds
[2021-09-27 03:33:32,302] {processor.py:162} INFO - Started process (PID=928) to work on /home/airflow/.local/lib/python3.8/site-packages/airflow/example_dags/example_trigger_controller_dag.py
[2021-09-27 03:33:32,303] {processor.py:613} INFO - Processing file /home/airflow/.local/lib/python3.8/site-packages/airflow/example_dags/example_trigger_controller_dag.py for tasks to queue
[2021-09-27 03:33:32,303] {logging_mixin.py:109} INFO - [2021-09-27 03:33:32,303] {dagbag.py:496} INFO - Filling up the DagBag from /home/airflow/.local/lib/python3.8/site-packages/airflow/example_dags/example_trigger_controller_dag.py
[2021-09-27 03:33:32,309] {processor.py:623} INFO - DAG(s) dict_keys(['example_trigger_controller_dag']) retrieved from /home/airflow/.local/lib/python3.8/site-packages/airflow/example_dags/example_trigger_controller_dag.py
[2021-09-27 03:33:32,325] {logging_mixin.py:109} INFO - [2021-09-27 03:33:32,325] {dag.py:1833} INFO - Sync 1 DAGs
[2021-09-27 03:33:32,335] {logging_mixin.py:109} INFO - [2021-09-27 03:33:32,335] {dag.py:2306} INFO - Setting next_dagrun for example_trigger_controller_dag to 2021-09-25 00:00:00+00:00
[2021-09-27 03:33:32,351] {processor.py:170} INFO - Processing /home/airflow/.local/lib/python3.8/site-packages/airflow/example_dags/example_trigger_controller_dag.py took 0.052 seconds
[2021-09-27 03:34:02,529] {processor.py:162} INFO - Started process (PID=981) to work on /home/airflow/.local/lib/python3.8/site-packages/airflow/example_dags/example_trigger_controller_dag.py
[2021-09-27 03:34:02,530] {processor.py:613} INFO - Processing file /home/airflow/.local/lib/python3.8/site-packages/airflow/example_dags/example_trigger_controller_dag.py for tasks to queue
[2021-09-27 03:34:02,531] {logging_mixin.py:109} INFO - [2021-09-27 03:34:02,531] {dagbag.py:496} INFO - Filling up the DagBag from /home/airflow/.local/lib/python3.8/site-packages/airflow/example_dags/example_trigger_controller_dag.py
[2021-09-27 03:34:02,538] {processor.py:623} INFO - DAG(s) dict_keys(['example_trigger_controller_dag']) retrieved from /home/airflow/.local/lib/python3.8/site-packages/airflow/example_dags/example_trigger_controller_dag.py
[2021-09-27 03:34:02,555] {logging_mixin.py:109} INFO - [2021-09-27 03:34:02,554] {dag.py:1833} INFO - Sync 1 DAGs
[2021-09-27 03:34:02,564] {logging_mixin.py:109} INFO - [2021-09-27 03:34:02,564] {dag.py:2306} INFO - Setting next_dagrun for example_trigger_controller_dag to 2021-09-25 00:00:00+00:00
[2021-09-27 03:34:02,573] {processor.py:170} INFO - Processing /home/airflow/.local/lib/python3.8/site-packages/airflow/example_dags/example_trigger_controller_dag.py took 0.047 seconds
[2021-09-27 03:34:32,749] {processor.py:162} INFO - Started process (PID=1034) to work on /home/airflow/.local/lib/python3.8/site-packages/airflow/example_dags/example_trigger_controller_dag.py
[2021-09-27 03:34:32,750] {processor.py:613} INFO - Processing file /home/airflow/.local/lib/python3.8/site-packages/airflow/example_dags/example_trigger_controller_dag.py for tasks to queue
[2021-09-27 03:34:32,750] {logging_mixin.py:109} INFO - [2021-09-27 03:34:32,750] {dagbag.py:496} INFO - Filling up the DagBag from /home/airflow/.local/lib/python3.8/site-packages/airflow/example_dags/example_trigger_controller_dag.py
[2021-09-27 03:34:32,756] {processor.py:623} INFO - DAG(s) dict_keys(['example_trigger_controller_dag']) retrieved from /home/airflow/.local/lib/python3.8/site-packages/airflow/example_dags/example_trigger_controller_dag.py
[2021-09-27 03:34:32,771] {logging_mixin.py:109} INFO - [2021-09-27 03:34:32,771] {dag.py:1833} INFO - Sync 1 DAGs
[2021-09-27 03:34:32,780] {logging_mixin.py:109} INFO - [2021-09-27 03:34:32,780] {dag.py:2306} INFO - Setting next_dagrun for example_trigger_controller_dag to 2021-09-25 00:00:00+00:00
[2021-09-27 03:34:32,790] {processor.py:170} INFO - Processing /home/airflow/.local/lib/python3.8/site-packages/airflow/example_dags/example_trigger_controller_dag.py took 0.043 seconds
[2021-09-27 03:35:03,149] {processor.py:162} INFO - Started process (PID=1088) to work on /home/airflow/.local/lib/python3.8/site-packages/airflow/example_dags/example_trigger_controller_dag.py
[2021-09-27 03:35:03,150] {processor.py:613} INFO - Processing file /home/airflow/.local/lib/python3.8/site-packages/airflow/example_dags/example_trigger_controller_dag.py for tasks to queue
[2021-09-27 03:35:03,150] {logging_mixin.py:109} INFO - [2021-09-27 03:35:03,150] {dagbag.py:496} INFO - Filling up the DagBag from /home/airflow/.local/lib/python3.8/site-packages/airflow/example_dags/example_trigger_controller_dag.py
[2021-09-27 03:35:03,158] {processor.py:623} INFO - DAG(s) dict_keys(['example_trigger_controller_dag']) retrieved from /home/airflow/.local/lib/python3.8/site-packages/airflow/example_dags/example_trigger_controller_dag.py
[2021-09-27 03:35:03,172] {logging_mixin.py:109} INFO - [2021-09-27 03:35:03,172] {dag.py:1833} INFO - Sync 1 DAGs
[2021-09-27 03:35:03,182] {logging_mixin.py:109} INFO - [2021-09-27 03:35:03,181] {dag.py:2306} INFO - Setting next_dagrun for example_trigger_controller_dag to 2021-09-25 00:00:00+00:00
[2021-09-27 03:35:03,190] {processor.py:170} INFO - Processing /home/airflow/.local/lib/python3.8/site-packages/airflow/example_dags/example_trigger_controller_dag.py took 0.043 seconds
[2021-09-27 03:35:33,489] {processor.py:162} INFO - Started process (PID=1134) to work on /home/airflow/.local/lib/python3.8/site-packages/airflow/example_dags/example_trigger_controller_dag.py
[2021-09-27 03:35:33,490] {processor.py:613} INFO - Processing file /home/airflow/.local/lib/python3.8/site-packages/airflow/example_dags/example_trigger_controller_dag.py for tasks to queue
[2021-09-27 03:35:33,490] {logging_mixin.py:109} INFO - [2021-09-27 03:35:33,490] {dagbag.py:496} INFO - Filling up the DagBag from /home/airflow/.local/lib/python3.8/site-packages/airflow/example_dags/example_trigger_controller_dag.py
[2021-09-27 03:35:33,496] {processor.py:623} INFO - DAG(s) dict_keys(['example_trigger_controller_dag']) retrieved from /home/airflow/.local/lib/python3.8/site-packages/airflow/example_dags/example_trigger_controller_dag.py
[2021-09-27 03:35:33,510] {logging_mixin.py:109} INFO - [2021-09-27 03:35:33,510] {dag.py:1833} INFO - Sync 1 DAGs
[2021-09-27 03:35:33,522] {logging_mixin.py:109} INFO - [2021-09-27 03:35:33,522] {dag.py:2306} INFO - Setting next_dagrun for example_trigger_controller_dag to 2021-09-25 00:00:00+00:00
[2021-09-27 03:35:33,530] {processor.py:170} INFO - Processing /home/airflow/.local/lib/python3.8/site-packages/airflow/example_dags/example_trigger_controller_dag.py took 0.043 seconds
[2021-09-27 03:36:03,722] {processor.py:162} INFO - Started process (PID=1187) to work on /home/airflow/.local/lib/python3.8/site-packages/airflow/example_dags/example_trigger_controller_dag.py
[2021-09-27 03:36:03,723] {processor.py:613} INFO - Processing file /home/airflow/.local/lib/python3.8/site-packages/airflow/example_dags/example_trigger_controller_dag.py for tasks to queue
[2021-09-27 03:36:03,724] {logging_mixin.py:109} INFO - [2021-09-27 03:36:03,724] {dagbag.py:496} INFO - Filling up the DagBag from /home/airflow/.local/lib/python3.8/site-packages/airflow/example_dags/example_trigger_controller_dag.py
[2021-09-27 03:36:03,730] {processor.py:623} INFO - DAG(s) dict_keys(['example_trigger_controller_dag']) retrieved from /home/airflow/.local/lib/python3.8/site-packages/airflow/example_dags/example_trigger_controller_dag.py
[2021-09-27 03:36:03,744] {logging_mixin.py:109} INFO - [2021-09-27 03:36:03,744] {dag.py:1833} INFO - Sync 1 DAGs
[2021-09-27 03:36:03,753] {logging_mixin.py:109} INFO - [2021-09-27 03:36:03,753] {dag.py:2306} INFO - Setting next_dagrun for example_trigger_controller_dag to 2021-09-25 00:00:00+00:00
[2021-09-27 03:36:03,761] {processor.py:170} INFO - Processing /home/airflow/.local/lib/python3.8/site-packages/airflow/example_dags/example_trigger_controller_dag.py took 0.041 seconds
[2021-09-27 03:36:34,059] {processor.py:162} INFO - Started process (PID=1240) to work on /home/airflow/.local/lib/python3.8/site-packages/airflow/example_dags/example_trigger_controller_dag.py
[2021-09-27 03:36:34,060] {processor.py:613} INFO - Processing file /home/airflow/.local/lib/python3.8/site-packages/airflow/example_dags/example_trigger_controller_dag.py for tasks to queue
[2021-09-27 03:36:34,060] {logging_mixin.py:109} INFO - [2021-09-27 03:36:34,060] {dagbag.py:496} INFO - Filling up the DagBag from /home/airflow/.local/lib/python3.8/site-packages/airflow/example_dags/example_trigger_controller_dag.py
[2021-09-27 03:36:34,067] {processor.py:623} INFO - DAG(s) dict_keys(['example_trigger_controller_dag']) retrieved from /home/airflow/.local/lib/python3.8/site-packages/airflow/example_dags/example_trigger_controller_dag.py
[2021-09-27 03:36:34,082] {logging_mixin.py:109} INFO - [2021-09-27 03:36:34,082] {dag.py:1833} INFO - Sync 1 DAGs
[2021-09-27 03:36:34,091] {logging_mixin.py:109} INFO - [2021-09-27 03:36:34,091] {dag.py:2306} INFO - Setting next_dagrun for example_trigger_controller_dag to 2021-09-25 00:00:00+00:00
[2021-09-27 03:36:34,101] {processor.py:170} INFO - Processing /home/airflow/.local/lib/python3.8/site-packages/airflow/example_dags/example_trigger_controller_dag.py took 0.044 seconds
[2021-09-27 03:37:04,312] {processor.py:162} INFO - Started process (PID=1293) to work on /home/airflow/.local/lib/python3.8/site-packages/airflow/example_dags/example_trigger_controller_dag.py
[2021-09-27 03:37:04,313] {processor.py:613} INFO - Processing file /home/airflow/.local/lib/python3.8/site-packages/airflow/example_dags/example_trigger_controller_dag.py for tasks to queue
[2021-09-27 03:37:04,314] {logging_mixin.py:109} INFO - [2021-09-27 03:37:04,314] {dagbag.py:496} INFO - Filling up the DagBag from /home/airflow/.local/lib/python3.8/site-packages/airflow/example_dags/example_trigger_controller_dag.py
[2021-09-27 03:37:04,320] {processor.py:623} INFO - DAG(s) dict_keys(['example_trigger_controller_dag']) retrieved from /home/airflow/.local/lib/python3.8/site-packages/airflow/example_dags/example_trigger_controller_dag.py
[2021-09-27 03:37:04,336] {logging_mixin.py:109} INFO - [2021-09-27 03:37:04,336] {dag.py:1833} INFO - Sync 1 DAGs
[2021-09-27 03:37:04,346] {logging_mixin.py:109} INFO - [2021-09-27 03:37:04,346] {dag.py:2306} INFO - Setting next_dagrun for example_trigger_controller_dag to 2021-09-25 00:00:00+00:00
[2021-09-27 03:37:04,356] {processor.py:170} INFO - Processing /home/airflow/.local/lib/python3.8/site-packages/airflow/example_dags/example_trigger_controller_dag.py took 0.046 seconds
[2021-09-27 03:37:34,691] {processor.py:162} INFO - Started process (PID=1339) to work on /home/airflow/.local/lib/python3.8/site-packages/airflow/example_dags/example_trigger_controller_dag.py
[2021-09-27 03:37:34,692] {processor.py:613} INFO - Processing file /home/airflow/.local/lib/python3.8/site-packages/airflow/example_dags/example_trigger_controller_dag.py for tasks to queue
[2021-09-27 03:37:34,693] {logging_mixin.py:109} INFO - [2021-09-27 03:37:34,693] {dagbag.py:496} INFO - Filling up the DagBag from /home/airflow/.local/lib/python3.8/site-packages/airflow/example_dags/example_trigger_controller_dag.py
[2021-09-27 03:37:34,699] {processor.py:623} INFO - DAG(s) dict_keys(['example_trigger_controller_dag']) retrieved from /home/airflow/.local/lib/python3.8/site-packages/airflow/example_dags/example_trigger_controller_dag.py
[2021-09-27 03:37:34,712] {logging_mixin.py:109} INFO - [2021-09-27 03:37:34,712] {dag.py:1833} INFO - Sync 1 DAGs
[2021-09-27 03:37:34,721] {logging_mixin.py:109} INFO - [2021-09-27 03:37:34,721] {dag.py:2306} INFO - Setting next_dagrun for example_trigger_controller_dag to 2021-09-25 00:00:00+00:00
[2021-09-27 03:37:34,729] {processor.py:170} INFO - Processing /home/airflow/.local/lib/python3.8/site-packages/airflow/example_dags/example_trigger_controller_dag.py took 0.040 seconds
[2021-09-27 03:38:05,036] {processor.py:162} INFO - Started process (PID=1393) to work on /home/airflow/.local/lib/python3.8/site-packages/airflow/example_dags/example_trigger_controller_dag.py
[2021-09-27 03:38:05,038] {processor.py:613} INFO - Processing file /home/airflow/.local/lib/python3.8/site-packages/airflow/example_dags/example_trigger_controller_dag.py for tasks to queue
[2021-09-27 03:38:05,038] {logging_mixin.py:109} INFO - [2021-09-27 03:38:05,038] {dagbag.py:496} INFO - Filling up the DagBag from /home/airflow/.local/lib/python3.8/site-packages/airflow/example_dags/example_trigger_controller_dag.py
[2021-09-27 03:38:05,045] {processor.py:623} INFO - DAG(s) dict_keys(['example_trigger_controller_dag']) retrieved from /home/airflow/.local/lib/python3.8/site-packages/airflow/example_dags/example_trigger_controller_dag.py
[2021-09-27 03:38:05,060] {logging_mixin.py:109} INFO - [2021-09-27 03:38:05,060] {dag.py:1833} INFO - Sync 1 DAGs
[2021-09-27 03:38:05,073] {logging_mixin.py:109} INFO - [2021-09-27 03:38:05,073] {dag.py:2306} INFO - Setting next_dagrun for example_trigger_controller_dag to 2021-09-25 00:00:00+00:00
[2021-09-27 03:38:05,080] {processor.py:170} INFO - Processing /home/airflow/.local/lib/python3.8/site-packages/airflow/example_dags/example_trigger_controller_dag.py took 0.047 seconds
[2021-09-27 03:38:35,400] {processor.py:162} INFO - Started process (PID=1446) to work on /home/airflow/.local/lib/python3.8/site-packages/airflow/example_dags/example_trigger_controller_dag.py
[2021-09-27 03:38:35,401] {processor.py:613} INFO - Processing file /home/airflow/.local/lib/python3.8/site-packages/airflow/example_dags/example_trigger_controller_dag.py for tasks to queue
[2021-09-27 03:38:35,401] {logging_mixin.py:109} INFO - [2021-09-27 03:38:35,401] {dagbag.py:496} INFO - Filling up the DagBag from /home/airflow/.local/lib/python3.8/site-packages/airflow/example_dags/example_trigger_controller_dag.py
[2021-09-27 03:38:35,409] {processor.py:623} INFO - DAG(s) dict_keys(['example_trigger_controller_dag']) retrieved from /home/airflow/.local/lib/python3.8/site-packages/airflow/example_dags/example_trigger_controller_dag.py
[2021-09-27 03:38:35,424] {logging_mixin.py:109} INFO - [2021-09-27 03:38:35,424] {dag.py:1833} INFO - Sync 1 DAGs
[2021-09-27 03:38:35,436] {logging_mixin.py:109} INFO - [2021-09-27 03:38:35,436] {dag.py:2306} INFO - Setting next_dagrun for example_trigger_controller_dag to 2021-09-25 00:00:00+00:00
[2021-09-27 03:38:35,446] {processor.py:170} INFO - Processing /home/airflow/.local/lib/python3.8/site-packages/airflow/example_dags/example_trigger_controller_dag.py took 0.048 seconds
[2021-09-27 03:39:05,698] {processor.py:162} INFO - Started process (PID=1492) to work on /home/airflow/.local/lib/python3.8/site-packages/airflow/example_dags/example_trigger_controller_dag.py
[2021-09-27 03:39:05,699] {processor.py:613} INFO - Processing file /home/airflow/.local/lib/python3.8/site-packages/airflow/example_dags/example_trigger_controller_dag.py for tasks to queue
[2021-09-27 03:39:05,700] {logging_mixin.py:109} INFO - [2021-09-27 03:39:05,699] {dagbag.py:496} INFO - Filling up the DagBag from /home/airflow/.local/lib/python3.8/site-packages/airflow/example_dags/example_trigger_controller_dag.py
[2021-09-27 03:39:05,706] {processor.py:623} INFO - DAG(s) dict_keys(['example_trigger_controller_dag']) retrieved from /home/airflow/.local/lib/python3.8/site-packages/airflow/example_dags/example_trigger_controller_dag.py
[2021-09-27 03:39:05,720] {logging_mixin.py:109} INFO - [2021-09-27 03:39:05,720] {dag.py:1833} INFO - Sync 1 DAGs
[2021-09-27 03:39:05,730] {logging_mixin.py:109} INFO - [2021-09-27 03:39:05,730] {dag.py:2306} INFO - Setting next_dagrun for example_trigger_controller_dag to 2021-09-25 00:00:00+00:00
[2021-09-27 03:39:05,741] {processor.py:170} INFO - Processing /home/airflow/.local/lib/python3.8/site-packages/airflow/example_dags/example_trigger_controller_dag.py took 0.045 seconds
[2021-09-27 03:39:35,863] {processor.py:162} INFO - Started process (PID=1545) to work on /home/airflow/.local/lib/python3.8/site-packages/airflow/example_dags/example_trigger_controller_dag.py
[2021-09-27 03:39:35,864] {processor.py:613} INFO - Processing file /home/airflow/.local/lib/python3.8/site-packages/airflow/example_dags/example_trigger_controller_dag.py for tasks to queue
[2021-09-27 03:39:35,864] {logging_mixin.py:109} INFO - [2021-09-27 03:39:35,864] {dagbag.py:496} INFO - Filling up the DagBag from /home/airflow/.local/lib/python3.8/site-packages/airflow/example_dags/example_trigger_controller_dag.py
[2021-09-27 03:39:35,871] {processor.py:623} INFO - DAG(s) dict_keys(['example_trigger_controller_dag']) retrieved from /home/airflow/.local/lib/python3.8/site-packages/airflow/example_dags/example_trigger_controller_dag.py
[2021-09-27 03:39:35,885] {logging_mixin.py:109} INFO - [2021-09-27 03:39:35,885] {dag.py:1833} INFO - Sync 1 DAGs
[2021-09-27 03:39:35,895] {logging_mixin.py:109} INFO - [2021-09-27 03:39:35,895] {dag.py:2306} INFO - Setting next_dagrun for example_trigger_controller_dag to 2021-09-25 00:00:00+00:00
[2021-09-27 03:39:35,911] {processor.py:170} INFO - Processing /home/airflow/.local/lib/python3.8/site-packages/airflow/example_dags/example_trigger_controller_dag.py took 0.051 seconds
[2021-09-27 03:40:06,009] {processor.py:162} INFO - Started process (PID=1598) to work on /home/airflow/.local/lib/python3.8/site-packages/airflow/example_dags/example_trigger_controller_dag.py
[2021-09-27 03:40:06,010] {processor.py:613} INFO - Processing file /home/airflow/.local/lib/python3.8/site-packages/airflow/example_dags/example_trigger_controller_dag.py for tasks to queue
[2021-09-27 03:40:06,011] {logging_mixin.py:109} INFO - [2021-09-27 03:40:06,011] {dagbag.py:496} INFO - Filling up the DagBag from /home/airflow/.local/lib/python3.8/site-packages/airflow/example_dags/example_trigger_controller_dag.py
[2021-09-27 03:40:06,017] {processor.py:623} INFO - DAG(s) dict_keys(['example_trigger_controller_dag']) retrieved from /home/airflow/.local/lib/python3.8/site-packages/airflow/example_dags/example_trigger_controller_dag.py
[2021-09-27 03:40:06,031] {logging_mixin.py:109} INFO - [2021-09-27 03:40:06,031] {dag.py:1833} INFO - Sync 1 DAGs
[2021-09-27 03:40:06,040] {logging_mixin.py:109} INFO - [2021-09-27 03:40:06,040] {dag.py:2306} INFO - Setting next_dagrun for example_trigger_controller_dag to 2021-09-25 00:00:00+00:00
[2021-09-27 03:40:06,050] {processor.py:170} INFO - Processing /home/airflow/.local/lib/python3.8/site-packages/airflow/example_dags/example_trigger_controller_dag.py took 0.043 seconds
[2021-09-27 03:40:36,382] {processor.py:162} INFO - Started process (PID=1652) to work on /home/airflow/.local/lib/python3.8/site-packages/airflow/example_dags/example_trigger_controller_dag.py
[2021-09-27 03:40:36,382] {processor.py:613} INFO - Processing file /home/airflow/.local/lib/python3.8/site-packages/airflow/example_dags/example_trigger_controller_dag.py for tasks to queue
[2021-09-27 03:40:36,383] {logging_mixin.py:109} INFO - [2021-09-27 03:40:36,383] {dagbag.py:496} INFO - Filling up the DagBag from /home/airflow/.local/lib/python3.8/site-packages/airflow/example_dags/example_trigger_controller_dag.py
[2021-09-27 03:40:36,389] {processor.py:623} INFO - DAG(s) dict_keys(['example_trigger_controller_dag']) retrieved from /home/airflow/.local/lib/python3.8/site-packages/airflow/example_dags/example_trigger_controller_dag.py
[2021-09-27 03:40:36,403] {logging_mixin.py:109} INFO - [2021-09-27 03:40:36,403] {dag.py:1833} INFO - Sync 1 DAGs
[2021-09-27 03:40:36,412] {logging_mixin.py:109} INFO - [2021-09-27 03:40:36,412] {dag.py:2306} INFO - Setting next_dagrun for example_trigger_controller_dag to 2021-09-25 00:00:00+00:00
[2021-09-27 03:40:36,419] {processor.py:170} INFO - Processing /home/airflow/.local/lib/python3.8/site-packages/airflow/example_dags/example_trigger_controller_dag.py took 0.040 seconds
[2021-09-27 03:41:06,683] {processor.py:162} INFO - Started process (PID=1698) to work on /home/airflow/.local/lib/python3.8/site-packages/airflow/example_dags/example_trigger_controller_dag.py
[2021-09-27 03:41:06,684] {processor.py:613} INFO - Processing file /home/airflow/.local/lib/python3.8/site-packages/airflow/example_dags/example_trigger_controller_dag.py for tasks to queue
[2021-09-27 03:41:06,684] {logging_mixin.py:109} INFO - [2021-09-27 03:41:06,684] {dagbag.py:496} INFO - Filling up the DagBag from /home/airflow/.local/lib/python3.8/site-packages/airflow/example_dags/example_trigger_controller_dag.py
[2021-09-27 03:41:06,690] {processor.py:623} INFO - DAG(s) dict_keys(['example_trigger_controller_dag']) retrieved from /home/airflow/.local/lib/python3.8/site-packages/airflow/example_dags/example_trigger_controller_dag.py
[2021-09-27 03:41:06,707] {logging_mixin.py:109} INFO - [2021-09-27 03:41:06,707] {dag.py:1833} INFO - Sync 1 DAGs
[2021-09-27 03:41:06,716] {logging_mixin.py:109} INFO - [2021-09-27 03:41:06,716] {dag.py:2306} INFO - Setting next_dagrun for example_trigger_controller_dag to 2021-09-25 00:00:00+00:00
[2021-09-27 03:41:06,732] {processor.py:170} INFO - Processing /home/airflow/.local/lib/python3.8/site-packages/airflow/example_dags/example_trigger_controller_dag.py took 0.051 seconds
[2021-09-27 03:41:36,976] {processor.py:162} INFO - Started process (PID=1752) to work on /home/airflow/.local/lib/python3.8/site-packages/airflow/example_dags/example_trigger_controller_dag.py
[2021-09-27 03:41:36,977] {processor.py:613} INFO - Processing file /home/airflow/.local/lib/python3.8/site-packages/airflow/example_dags/example_trigger_controller_dag.py for tasks to queue
[2021-09-27 03:41:36,977] {logging_mixin.py:109} INFO - [2021-09-27 03:41:36,977] {dagbag.py:496} INFO - Filling up the DagBag from /home/airflow/.local/lib/python3.8/site-packages/airflow/example_dags/example_trigger_controller_dag.py
[2021-09-27 03:41:36,983] {processor.py:623} INFO - DAG(s) dict_keys(['example_trigger_controller_dag']) retrieved from /home/airflow/.local/lib/python3.8/site-packages/airflow/example_dags/example_trigger_controller_dag.py
[2021-09-27 03:41:36,999] {logging_mixin.py:109} INFO - [2021-09-27 03:41:36,999] {dag.py:1833} INFO - Sync 1 DAGs
[2021-09-27 03:41:37,009] {logging_mixin.py:109} INFO - [2021-09-27 03:41:37,009] {dag.py:2306} INFO - Setting next_dagrun for example_trigger_controller_dag to 2021-09-25 00:00:00+00:00
[2021-09-27 03:41:37,025] {processor.py:170} INFO - Processing /home/airflow/.local/lib/python3.8/site-packages/airflow/example_dags/example_trigger_controller_dag.py took 0.051 seconds
[2021-09-27 03:42:07,214] {processor.py:162} INFO - Started process (PID=1806) to work on /home/airflow/.local/lib/python3.8/site-packages/airflow/example_dags/example_trigger_controller_dag.py
[2021-09-27 03:42:07,214] {processor.py:613} INFO - Processing file /home/airflow/.local/lib/python3.8/site-packages/airflow/example_dags/example_trigger_controller_dag.py for tasks to queue
[2021-09-27 03:42:07,215] {logging_mixin.py:109} INFO - [2021-09-27 03:42:07,215] {dagbag.py:496} INFO - Filling up the DagBag from /home/airflow/.local/lib/python3.8/site-packages/airflow/example_dags/example_trigger_controller_dag.py
[2021-09-27 03:42:07,221] {processor.py:623} INFO - DAG(s) dict_keys(['example_trigger_controller_dag']) retrieved from /home/airflow/.local/lib/python3.8/site-packages/airflow/example_dags/example_trigger_controller_dag.py
[2021-09-27 03:42:07,236] {logging_mixin.py:109} INFO - [2021-09-27 03:42:07,236] {dag.py:1833} INFO - Sync 1 DAGs
[2021-09-27 03:42:07,245] {logging_mixin.py:109} INFO - [2021-09-27 03:42:07,245] {dag.py:2306} INFO - Setting next_dagrun for example_trigger_controller_dag to 2021-09-25 00:00:00+00:00
[2021-09-27 03:42:07,252] {processor.py:170} INFO - Processing /home/airflow/.local/lib/python3.8/site-packages/airflow/example_dags/example_trigger_controller_dag.py took 0.041 seconds
[2021-09-27 03:42:37,519] {processor.py:162} INFO - Started process (PID=1860) to work on /home/airflow/.local/lib/python3.8/site-packages/airflow/example_dags/example_trigger_controller_dag.py
[2021-09-27 03:42:37,519] {processor.py:613} INFO - Processing file /home/airflow/.local/lib/python3.8/site-packages/airflow/example_dags/example_trigger_controller_dag.py for tasks to queue
[2021-09-27 03:42:37,520] {logging_mixin.py:109} INFO - [2021-09-27 03:42:37,520] {dagbag.py:496} INFO - Filling up the DagBag from /home/airflow/.local/lib/python3.8/site-packages/airflow/example_dags/example_trigger_controller_dag.py
[2021-09-27 03:42:37,527] {processor.py:623} INFO - DAG(s) dict_keys(['example_trigger_controller_dag']) retrieved from /home/airflow/.local/lib/python3.8/site-packages/airflow/example_dags/example_trigger_controller_dag.py
[2021-09-27 03:42:37,544] {logging_mixin.py:109} INFO - [2021-09-27 03:42:37,544] {dag.py:1833} INFO - Sync 1 DAGs
[2021-09-27 03:42:37,554] {logging_mixin.py:109} INFO - [2021-09-27 03:42:37,554] {dag.py:2306} INFO - Setting next_dagrun for example_trigger_controller_dag to 2021-09-25 00:00:00+00:00
[2021-09-27 03:42:37,564] {processor.py:170} INFO - Processing /home/airflow/.local/lib/python3.8/site-packages/airflow/example_dags/example_trigger_controller_dag.py took 0.047 seconds
[2021-09-27 03:43:07,750] {processor.py:162} INFO - Started process (PID=1906) to work on /home/airflow/.local/lib/python3.8/site-packages/airflow/example_dags/example_trigger_controller_dag.py
[2021-09-27 03:43:07,751] {processor.py:613} INFO - Processing file /home/airflow/.local/lib/python3.8/site-packages/airflow/example_dags/example_trigger_controller_dag.py for tasks to queue
[2021-09-27 03:43:07,751] {logging_mixin.py:109} INFO - [2021-09-27 03:43:07,751] {dagbag.py:496} INFO - Filling up the DagBag from /home/airflow/.local/lib/python3.8/site-packages/airflow/example_dags/example_trigger_controller_dag.py
[2021-09-27 03:43:07,757] {processor.py:623} INFO - DAG(s) dict_keys(['example_trigger_controller_dag']) retrieved from /home/airflow/.local/lib/python3.8/site-packages/airflow/example_dags/example_trigger_controller_dag.py
[2021-09-27 03:43:07,772] {logging_mixin.py:109} INFO - [2021-09-27 03:43:07,772] {dag.py:1833} INFO - Sync 1 DAGs
[2021-09-27 03:43:07,781] {logging_mixin.py:109} INFO - [2021-09-27 03:43:07,781] {dag.py:2306} INFO - Setting next_dagrun for example_trigger_controller_dag to 2021-09-25 00:00:00+00:00
[2021-09-27 03:43:07,789] {processor.py:170} INFO - Processing /home/airflow/.local/lib/python3.8/site-packages/airflow/example_dags/example_trigger_controller_dag.py took 0.041 seconds
[2021-09-27 03:43:38,102] {processor.py:162} INFO - Started process (PID=1959) to work on /home/airflow/.local/lib/python3.8/site-packages/airflow/example_dags/example_trigger_controller_dag.py
[2021-09-27 03:43:38,103] {processor.py:613} INFO - Processing file /home/airflow/.local/lib/python3.8/site-packages/airflow/example_dags/example_trigger_controller_dag.py for tasks to queue
[2021-09-27 03:43:38,104] {logging_mixin.py:109} INFO - [2021-09-27 03:43:38,104] {dagbag.py:496} INFO - Filling up the DagBag from /home/airflow/.local/lib/python3.8/site-packages/airflow/example_dags/example_trigger_controller_dag.py
[2021-09-27 03:43:38,111] {processor.py:623} INFO - DAG(s) dict_keys(['example_trigger_controller_dag']) retrieved from /home/airflow/.local/lib/python3.8/site-packages/airflow/example_dags/example_trigger_controller_dag.py
[2021-09-27 03:43:38,127] {logging_mixin.py:109} INFO - [2021-09-27 03:43:38,126] {dag.py:1833} INFO - Sync 1 DAGs
[2021-09-27 03:43:38,136] {logging_mixin.py:109} INFO - [2021-09-27 03:43:38,136] {dag.py:2306} INFO - Setting next_dagrun for example_trigger_controller_dag to 2021-09-25 00:00:00+00:00
[2021-09-27 03:43:38,144] {processor.py:170} INFO - Processing /home/airflow/.local/lib/python3.8/site-packages/airflow/example_dags/example_trigger_controller_dag.py took 0.044 seconds
[2021-09-27 03:44:08,503] {processor.py:162} INFO - Started process (PID=2012) to work on /home/airflow/.local/lib/python3.8/site-packages/airflow/example_dags/example_trigger_controller_dag.py
[2021-09-27 03:44:08,504] {processor.py:613} INFO - Processing file /home/airflow/.local/lib/python3.8/site-packages/airflow/example_dags/example_trigger_controller_dag.py for tasks to queue
[2021-09-27 03:44:08,504] {logging_mixin.py:109} INFO - [2021-09-27 03:44:08,504] {dagbag.py:496} INFO - Filling up the DagBag from /home/airflow/.local/lib/python3.8/site-packages/airflow/example_dags/example_trigger_controller_dag.py
[2021-09-27 03:44:08,511] {processor.py:623} INFO - DAG(s) dict_keys(['example_trigger_controller_dag']) retrieved from /home/airflow/.local/lib/python3.8/site-packages/airflow/example_dags/example_trigger_controller_dag.py
[2021-09-27 03:44:08,526] {logging_mixin.py:109} INFO - [2021-09-27 03:44:08,526] {dag.py:1833} INFO - Sync 1 DAGs
[2021-09-27 03:44:08,536] {logging_mixin.py:109} INFO - [2021-09-27 03:44:08,536] {dag.py:2306} INFO - Setting next_dagrun for example_trigger_controller_dag to 2021-09-25 00:00:00+00:00
[2021-09-27 03:44:08,546] {processor.py:170} INFO - Processing /home/airflow/.local/lib/python3.8/site-packages/airflow/example_dags/example_trigger_controller_dag.py took 0.045 seconds
[2021-09-27 03:44:38,816] {processor.py:162} INFO - Started process (PID=2065) to work on /home/airflow/.local/lib/python3.8/site-packages/airflow/example_dags/example_trigger_controller_dag.py
[2021-09-27 03:44:38,817] {processor.py:613} INFO - Processing file /home/airflow/.local/lib/python3.8/site-packages/airflow/example_dags/example_trigger_controller_dag.py for tasks to queue
[2021-09-27 03:44:38,817] {logging_mixin.py:109} INFO - [2021-09-27 03:44:38,817] {dagbag.py:496} INFO - Filling up the DagBag from /home/airflow/.local/lib/python3.8/site-packages/airflow/example_dags/example_trigger_controller_dag.py
[2021-09-27 03:44:38,825] {processor.py:623} INFO - DAG(s) dict_keys(['example_trigger_controller_dag']) retrieved from /home/airflow/.local/lib/python3.8/site-packages/airflow/example_dags/example_trigger_controller_dag.py
[2021-09-27 03:44:38,839] {logging_mixin.py:109} INFO - [2021-09-27 03:44:38,839] {dag.py:1833} INFO - Sync 1 DAGs
[2021-09-27 03:44:38,848] {logging_mixin.py:109} INFO - [2021-09-27 03:44:38,848] {dag.py:2306} INFO - Setting next_dagrun for example_trigger_controller_dag to 2021-09-25 00:00:00+00:00
[2021-09-27 03:44:38,864] {processor.py:170} INFO - Processing /home/airflow/.local/lib/python3.8/site-packages/airflow/example_dags/example_trigger_controller_dag.py took 0.050 seconds
[2021-09-27 03:45:08,976] {processor.py:162} INFO - Started process (PID=2111) to work on /home/airflow/.local/lib/python3.8/site-packages/airflow/example_dags/example_trigger_controller_dag.py
[2021-09-27 03:45:08,977] {processor.py:613} INFO - Processing file /home/airflow/.local/lib/python3.8/site-packages/airflow/example_dags/example_trigger_controller_dag.py for tasks to queue
[2021-09-27 03:45:08,977] {logging_mixin.py:109} INFO - [2021-09-27 03:45:08,977] {dagbag.py:496} INFO - Filling up the DagBag from /home/airflow/.local/lib/python3.8/site-packages/airflow/example_dags/example_trigger_controller_dag.py
[2021-09-27 03:45:08,984] {processor.py:623} INFO - DAG(s) dict_keys(['example_trigger_controller_dag']) retrieved from /home/airflow/.local/lib/python3.8/site-packages/airflow/example_dags/example_trigger_controller_dag.py
[2021-09-27 03:45:08,998] {logging_mixin.py:109} INFO - [2021-09-27 03:45:08,998] {dag.py:1833} INFO - Sync 1 DAGs
[2021-09-27 03:45:09,008] {logging_mixin.py:109} INFO - [2021-09-27 03:45:09,008] {dag.py:2306} INFO - Setting next_dagrun for example_trigger_controller_dag to 2021-09-25 00:00:00+00:00
[2021-09-27 03:45:09,015] {processor.py:170} INFO - Processing /home/airflow/.local/lib/python3.8/site-packages/airflow/example_dags/example_trigger_controller_dag.py took 0.041 seconds
[2021-09-27 03:45:39,391] {processor.py:162} INFO - Started process (PID=2164) to work on /home/airflow/.local/lib/python3.8/site-packages/airflow/example_dags/example_trigger_controller_dag.py
[2021-09-27 03:45:39,392] {processor.py:613} INFO - Processing file /home/airflow/.local/lib/python3.8/site-packages/airflow/example_dags/example_trigger_controller_dag.py for tasks to queue
[2021-09-27 03:45:39,393] {logging_mixin.py:109} INFO - [2021-09-27 03:45:39,393] {dagbag.py:496} INFO - Filling up the DagBag from /home/airflow/.local/lib/python3.8/site-packages/airflow/example_dags/example_trigger_controller_dag.py
[2021-09-27 03:45:39,398] {processor.py:623} INFO - DAG(s) dict_keys(['example_trigger_controller_dag']) retrieved from /home/airflow/.local/lib/python3.8/site-packages/airflow/example_dags/example_trigger_controller_dag.py
[2021-09-27 03:45:39,413] {logging_mixin.py:109} INFO - [2021-09-27 03:45:39,413] {dag.py:1833} INFO - Sync 1 DAGs
[2021-09-27 03:45:39,423] {logging_mixin.py:109} INFO - [2021-09-27 03:45:39,422] {dag.py:2306} INFO - Setting next_dagrun for example_trigger_controller_dag to 2021-09-25 00:00:00+00:00
[2021-09-27 03:45:39,430] {processor.py:170} INFO - Processing /home/airflow/.local/lib/python3.8/site-packages/airflow/example_dags/example_trigger_controller_dag.py took 0.042 seconds
[2021-09-27 03:46:09,562] {processor.py:162} INFO - Started process (PID=2217) to work on /home/airflow/.local/lib/python3.8/site-packages/airflow/example_dags/example_trigger_controller_dag.py
[2021-09-27 03:46:09,563] {processor.py:613} INFO - Processing file /home/airflow/.local/lib/python3.8/site-packages/airflow/example_dags/example_trigger_controller_dag.py for tasks to queue
[2021-09-27 03:46:09,563] {logging_mixin.py:109} INFO - [2021-09-27 03:46:09,563] {dagbag.py:496} INFO - Filling up the DagBag from /home/airflow/.local/lib/python3.8/site-packages/airflow/example_dags/example_trigger_controller_dag.py
[2021-09-27 03:46:09,570] {processor.py:623} INFO - DAG(s) dict_keys(['example_trigger_controller_dag']) retrieved from /home/airflow/.local/lib/python3.8/site-packages/airflow/example_dags/example_trigger_controller_dag.py
[2021-09-27 03:46:09,584] {logging_mixin.py:109} INFO - [2021-09-27 03:46:09,583] {dag.py:1833} INFO - Sync 1 DAGs
[2021-09-27 03:46:09,593] {logging_mixin.py:109} INFO - [2021-09-27 03:46:09,593] {dag.py:2306} INFO - Setting next_dagrun for example_trigger_controller_dag to 2021-09-25 00:00:00+00:00
[2021-09-27 03:46:09,601] {processor.py:170} INFO - Processing /home/airflow/.local/lib/python3.8/site-packages/airflow/example_dags/example_trigger_controller_dag.py took 0.042 seconds
[2021-09-27 03:46:39,811] {processor.py:162} INFO - Started process (PID=2270) to work on /home/airflow/.local/lib/python3.8/site-packages/airflow/example_dags/example_trigger_controller_dag.py
[2021-09-27 03:46:39,812] {processor.py:613} INFO - Processing file /home/airflow/.local/lib/python3.8/site-packages/airflow/example_dags/example_trigger_controller_dag.py for tasks to queue
[2021-09-27 03:46:39,813] {logging_mixin.py:109} INFO - [2021-09-27 03:46:39,813] {dagbag.py:496} INFO - Filling up the DagBag from /home/airflow/.local/lib/python3.8/site-packages/airflow/example_dags/example_trigger_controller_dag.py
[2021-09-27 03:46:39,819] {processor.py:623} INFO - DAG(s) dict_keys(['example_trigger_controller_dag']) retrieved from /home/airflow/.local/lib/python3.8/site-packages/airflow/example_dags/example_trigger_controller_dag.py
[2021-09-27 03:46:39,834] {logging_mixin.py:109} INFO - [2021-09-27 03:46:39,834] {dag.py:1833} INFO - Sync 1 DAGs
[2021-09-27 03:46:39,842] {logging_mixin.py:109} INFO - [2021-09-27 03:46:39,842] {dag.py:2306} INFO - Setting next_dagrun for example_trigger_controller_dag to 2021-09-25 00:00:00+00:00
[2021-09-27 03:46:39,850] {processor.py:170} INFO - Processing /home/airflow/.local/lib/python3.8/site-packages/airflow/example_dags/example_trigger_controller_dag.py took 0.042 seconds
[2021-09-27 03:47:10,226] {processor.py:162} INFO - Started process (PID=2316) to work on /home/airflow/.local/lib/python3.8/site-packages/airflow/example_dags/example_trigger_controller_dag.py
[2021-09-27 03:47:10,227] {processor.py:613} INFO - Processing file /home/airflow/.local/lib/python3.8/site-packages/airflow/example_dags/example_trigger_controller_dag.py for tasks to queue
[2021-09-27 03:47:10,227] {logging_mixin.py:109} INFO - [2021-09-27 03:47:10,227] {dagbag.py:496} INFO - Filling up the DagBag from /home/airflow/.local/lib/python3.8/site-packages/airflow/example_dags/example_trigger_controller_dag.py
[2021-09-27 03:47:10,233] {processor.py:623} INFO - DAG(s) dict_keys(['example_trigger_controller_dag']) retrieved from /home/airflow/.local/lib/python3.8/site-packages/airflow/example_dags/example_trigger_controller_dag.py
[2021-09-27 03:47:10,247] {logging_mixin.py:109} INFO - [2021-09-27 03:47:10,247] {dag.py:1833} INFO - Sync 1 DAGs
[2021-09-27 03:47:10,255] {logging_mixin.py:109} INFO - [2021-09-27 03:47:10,255] {dag.py:2306} INFO - Setting next_dagrun for example_trigger_controller_dag to 2021-09-25 00:00:00+00:00
[2021-09-27 03:47:10,272] {processor.py:170} INFO - Processing /home/airflow/.local/lib/python3.8/site-packages/airflow/example_dags/example_trigger_controller_dag.py took 0.048 seconds
[2021-09-27 03:47:40,426] {processor.py:162} INFO - Started process (PID=2369) to work on /home/airflow/.local/lib/python3.8/site-packages/airflow/example_dags/example_trigger_controller_dag.py
[2021-09-27 03:47:40,427] {processor.py:613} INFO - Processing file /home/airflow/.local/lib/python3.8/site-packages/airflow/example_dags/example_trigger_controller_dag.py for tasks to queue
[2021-09-27 03:47:40,427] {logging_mixin.py:109} INFO - [2021-09-27 03:47:40,427] {dagbag.py:496} INFO - Filling up the DagBag from /home/airflow/.local/lib/python3.8/site-packages/airflow/example_dags/example_trigger_controller_dag.py
[2021-09-27 03:47:40,433] {processor.py:623} INFO - DAG(s) dict_keys(['example_trigger_controller_dag']) retrieved from /home/airflow/.local/lib/python3.8/site-packages/airflow/example_dags/example_trigger_controller_dag.py
[2021-09-27 03:47:40,447] {logging_mixin.py:109} INFO - [2021-09-27 03:47:40,447] {dag.py:1833} INFO - Sync 1 DAGs
[2021-09-27 03:47:40,458] {logging_mixin.py:109} INFO - [2021-09-27 03:47:40,458] {dag.py:2306} INFO - Setting next_dagrun for example_trigger_controller_dag to 2021-09-25 00:00:00+00:00
[2021-09-27 03:47:40,467] {processor.py:170} INFO - Processing /home/airflow/.local/lib/python3.8/site-packages/airflow/example_dags/example_trigger_controller_dag.py took 0.044 seconds
[2021-09-27 03:49:18,612] {processor.py:162} INFO - Started process (PID=46) to work on /home/airflow/.local/lib/python3.8/site-packages/airflow/example_dags/example_trigger_controller_dag.py
[2021-09-27 03:49:18,613] {processor.py:613} INFO - Processing file /home/airflow/.local/lib/python3.8/site-packages/airflow/example_dags/example_trigger_controller_dag.py for tasks to queue
[2021-09-27 03:49:18,613] {logging_mixin.py:109} INFO - [2021-09-27 03:49:18,613] {dagbag.py:496} INFO - Filling up the DagBag from /home/airflow/.local/lib/python3.8/site-packages/airflow/example_dags/example_trigger_controller_dag.py
[2021-09-27 03:49:18,621] {processor.py:623} INFO - DAG(s) dict_keys(['example_trigger_controller_dag']) retrieved from /home/airflow/.local/lib/python3.8/site-packages/airflow/example_dags/example_trigger_controller_dag.py
[2021-09-27 03:49:18,636] {logging_mixin.py:109} INFO - [2021-09-27 03:49:18,636] {dag.py:1833} INFO - Sync 1 DAGs
[2021-09-27 03:49:18,648] {logging_mixin.py:109} INFO - [2021-09-27 03:49:18,648] {dag.py:2306} INFO - Setting next_dagrun for example_trigger_controller_dag to 2021-09-25 00:00:00+00:00
[2021-09-27 03:49:18,658] {processor.py:170} INFO - Processing /home/airflow/.local/lib/python3.8/site-packages/airflow/example_dags/example_trigger_controller_dag.py took 0.048 seconds
[2021-09-27 03:49:49,079] {processor.py:162} INFO - Started process (PID=98) to work on /home/airflow/.local/lib/python3.8/site-packages/airflow/example_dags/example_trigger_controller_dag.py
[2021-09-27 03:49:49,080] {processor.py:613} INFO - Processing file /home/airflow/.local/lib/python3.8/site-packages/airflow/example_dags/example_trigger_controller_dag.py for tasks to queue
[2021-09-27 03:49:49,080] {logging_mixin.py:109} INFO - [2021-09-27 03:49:49,080] {dagbag.py:496} INFO - Filling up the DagBag from /home/airflow/.local/lib/python3.8/site-packages/airflow/example_dags/example_trigger_controller_dag.py
[2021-09-27 03:49:49,089] {processor.py:623} INFO - DAG(s) dict_keys(['example_trigger_controller_dag']) retrieved from /home/airflow/.local/lib/python3.8/site-packages/airflow/example_dags/example_trigger_controller_dag.py
[2021-09-27 03:49:49,103] {logging_mixin.py:109} INFO - [2021-09-27 03:49:49,103] {dag.py:1833} INFO - Sync 1 DAGs
[2021-09-27 03:49:49,114] {logging_mixin.py:109} INFO - [2021-09-27 03:49:49,114] {dag.py:2306} INFO - Setting next_dagrun for example_trigger_controller_dag to 2021-09-25 00:00:00+00:00
[2021-09-27 03:49:49,122] {processor.py:170} INFO - Processing /home/airflow/.local/lib/python3.8/site-packages/airflow/example_dags/example_trigger_controller_dag.py took 0.045 seconds
[2021-09-27 03:50:19,407] {processor.py:162} INFO - Started process (PID=151) to work on /home/airflow/.local/lib/python3.8/site-packages/airflow/example_dags/example_trigger_controller_dag.py
[2021-09-27 03:50:19,408] {processor.py:613} INFO - Processing file /home/airflow/.local/lib/python3.8/site-packages/airflow/example_dags/example_trigger_controller_dag.py for tasks to queue
[2021-09-27 03:50:19,408] {logging_mixin.py:109} INFO - [2021-09-27 03:50:19,408] {dagbag.py:496} INFO - Filling up the DagBag from /home/airflow/.local/lib/python3.8/site-packages/airflow/example_dags/example_trigger_controller_dag.py
[2021-09-27 03:50:19,416] {processor.py:623} INFO - DAG(s) dict_keys(['example_trigger_controller_dag']) retrieved from /home/airflow/.local/lib/python3.8/site-packages/airflow/example_dags/example_trigger_controller_dag.py
[2021-09-27 03:50:19,431] {logging_mixin.py:109} INFO - [2021-09-27 03:50:19,431] {dag.py:1833} INFO - Sync 1 DAGs
[2021-09-27 03:50:19,442] {logging_mixin.py:109} INFO - [2021-09-27 03:50:19,442] {dag.py:2306} INFO - Setting next_dagrun for example_trigger_controller_dag to 2021-09-25 00:00:00+00:00
[2021-09-27 03:50:19,451] {processor.py:170} INFO - Processing /home/airflow/.local/lib/python3.8/site-packages/airflow/example_dags/example_trigger_controller_dag.py took 0.046 seconds
[2021-09-27 03:50:49,869] {processor.py:162} INFO - Started process (PID=204) to work on /home/airflow/.local/lib/python3.8/site-packages/airflow/example_dags/example_trigger_controller_dag.py
[2021-09-27 03:50:49,870] {processor.py:613} INFO - Processing file /home/airflow/.local/lib/python3.8/site-packages/airflow/example_dags/example_trigger_controller_dag.py for tasks to queue
[2021-09-27 03:50:49,871] {logging_mixin.py:109} INFO - [2021-09-27 03:50:49,871] {dagbag.py:496} INFO - Filling up the DagBag from /home/airflow/.local/lib/python3.8/site-packages/airflow/example_dags/example_trigger_controller_dag.py
[2021-09-27 03:50:49,880] {processor.py:623} INFO - DAG(s) dict_keys(['example_trigger_controller_dag']) retrieved from /home/airflow/.local/lib/python3.8/site-packages/airflow/example_dags/example_trigger_controller_dag.py
[2021-09-27 03:50:49,901] {logging_mixin.py:109} INFO - [2021-09-27 03:50:49,900] {dag.py:1833} INFO - Sync 1 DAGs
[2021-09-27 03:50:49,915] {logging_mixin.py:109} INFO - [2021-09-27 03:50:49,914] {dag.py:2306} INFO - Setting next_dagrun for example_trigger_controller_dag to 2021-09-25 00:00:00+00:00
[2021-09-27 03:50:49,924] {processor.py:170} INFO - Processing /home/airflow/.local/lib/python3.8/site-packages/airflow/example_dags/example_trigger_controller_dag.py took 0.058 seconds
[2021-09-27 03:51:20,176] {processor.py:162} INFO - Started process (PID=250) to work on /home/airflow/.local/lib/python3.8/site-packages/airflow/example_dags/example_trigger_controller_dag.py
[2021-09-27 03:51:20,177] {processor.py:613} INFO - Processing file /home/airflow/.local/lib/python3.8/site-packages/airflow/example_dags/example_trigger_controller_dag.py for tasks to queue
[2021-09-27 03:51:20,177] {logging_mixin.py:109} INFO - [2021-09-27 03:51:20,177] {dagbag.py:496} INFO - Filling up the DagBag from /home/airflow/.local/lib/python3.8/site-packages/airflow/example_dags/example_trigger_controller_dag.py
[2021-09-27 03:51:20,183] {processor.py:623} INFO - DAG(s) dict_keys(['example_trigger_controller_dag']) retrieved from /home/airflow/.local/lib/python3.8/site-packages/airflow/example_dags/example_trigger_controller_dag.py
[2021-09-27 03:51:20,198] {logging_mixin.py:109} INFO - [2021-09-27 03:51:20,197] {dag.py:1833} INFO - Sync 1 DAGs
[2021-09-27 03:51:20,208] {logging_mixin.py:109} INFO - [2021-09-27 03:51:20,208] {dag.py:2306} INFO - Setting next_dagrun for example_trigger_controller_dag to 2021-09-25 00:00:00+00:00
[2021-09-27 03:51:20,216] {processor.py:170} INFO - Processing /home/airflow/.local/lib/python3.8/site-packages/airflow/example_dags/example_trigger_controller_dag.py took 0.043 seconds
[2021-09-27 03:51:50,599] {processor.py:162} INFO - Started process (PID=303) to work on /home/airflow/.local/lib/python3.8/site-packages/airflow/example_dags/example_trigger_controller_dag.py
[2021-09-27 03:51:50,600] {processor.py:613} INFO - Processing file /home/airflow/.local/lib/python3.8/site-packages/airflow/example_dags/example_trigger_controller_dag.py for tasks to queue
[2021-09-27 03:51:50,600] {logging_mixin.py:109} INFO - [2021-09-27 03:51:50,600] {dagbag.py:496} INFO - Filling up the DagBag from /home/airflow/.local/lib/python3.8/site-packages/airflow/example_dags/example_trigger_controller_dag.py
[2021-09-27 03:51:50,607] {processor.py:623} INFO - DAG(s) dict_keys(['example_trigger_controller_dag']) retrieved from /home/airflow/.local/lib/python3.8/site-packages/airflow/example_dags/example_trigger_controller_dag.py
[2021-09-27 03:51:50,621] {logging_mixin.py:109} INFO - [2021-09-27 03:51:50,621] {dag.py:1833} INFO - Sync 1 DAGs
[2021-09-27 03:51:50,631] {logging_mixin.py:109} INFO - [2021-09-27 03:51:50,631] {dag.py:2306} INFO - Setting next_dagrun for example_trigger_controller_dag to 2021-09-25 00:00:00+00:00
[2021-09-27 03:51:50,639] {processor.py:170} INFO - Processing /home/airflow/.local/lib/python3.8/site-packages/airflow/example_dags/example_trigger_controller_dag.py took 0.042 seconds
[2021-09-27 03:52:20,893] {processor.py:162} INFO - Started process (PID=357) to work on /home/airflow/.local/lib/python3.8/site-packages/airflow/example_dags/example_trigger_controller_dag.py
[2021-09-27 03:52:20,894] {processor.py:613} INFO - Processing file /home/airflow/.local/lib/python3.8/site-packages/airflow/example_dags/example_trigger_controller_dag.py for tasks to queue
[2021-09-27 03:52:20,894] {logging_mixin.py:109} INFO - [2021-09-27 03:52:20,894] {dagbag.py:496} INFO - Filling up the DagBag from /home/airflow/.local/lib/python3.8/site-packages/airflow/example_dags/example_trigger_controller_dag.py
[2021-09-27 03:52:20,900] {processor.py:623} INFO - DAG(s) dict_keys(['example_trigger_controller_dag']) retrieved from /home/airflow/.local/lib/python3.8/site-packages/airflow/example_dags/example_trigger_controller_dag.py
[2021-09-27 03:52:20,914] {logging_mixin.py:109} INFO - [2021-09-27 03:52:20,914] {dag.py:1833} INFO - Sync 1 DAGs
[2021-09-27 03:52:20,924] {logging_mixin.py:109} INFO - [2021-09-27 03:52:20,924] {dag.py:2306} INFO - Setting next_dagrun for example_trigger_controller_dag to 2021-09-25 00:00:00+00:00
[2021-09-27 03:52:20,933] {processor.py:170} INFO - Processing /home/airflow/.local/lib/python3.8/site-packages/airflow/example_dags/example_trigger_controller_dag.py took 0.042 seconds
[2021-09-27 03:52:51,145] {processor.py:162} INFO - Started process (PID=410) to work on /home/airflow/.local/lib/python3.8/site-packages/airflow/example_dags/example_trigger_controller_dag.py
[2021-09-27 03:52:51,146] {processor.py:613} INFO - Processing file /home/airflow/.local/lib/python3.8/site-packages/airflow/example_dags/example_trigger_controller_dag.py for tasks to queue
[2021-09-27 03:52:51,146] {logging_mixin.py:109} INFO - [2021-09-27 03:52:51,146] {dagbag.py:496} INFO - Filling up the DagBag from /home/airflow/.local/lib/python3.8/site-packages/airflow/example_dags/example_trigger_controller_dag.py
[2021-09-27 03:52:51,154] {processor.py:623} INFO - DAG(s) dict_keys(['example_trigger_controller_dag']) retrieved from /home/airflow/.local/lib/python3.8/site-packages/airflow/example_dags/example_trigger_controller_dag.py
[2021-09-27 03:52:51,171] {logging_mixin.py:109} INFO - [2021-09-27 03:52:51,170] {dag.py:1833} INFO - Sync 1 DAGs
[2021-09-27 03:52:51,182] {logging_mixin.py:109} INFO - [2021-09-27 03:52:51,182] {dag.py:2306} INFO - Setting next_dagrun for example_trigger_controller_dag to 2021-09-25 00:00:00+00:00
[2021-09-27 03:52:51,191] {processor.py:170} INFO - Processing /home/airflow/.local/lib/python3.8/site-packages/airflow/example_dags/example_trigger_controller_dag.py took 0.048 seconds
[2021-09-27 03:53:21,540] {processor.py:162} INFO - Started process (PID=457) to work on /home/airflow/.local/lib/python3.8/site-packages/airflow/example_dags/example_trigger_controller_dag.py
[2021-09-27 03:53:21,541] {processor.py:613} INFO - Processing file /home/airflow/.local/lib/python3.8/site-packages/airflow/example_dags/example_trigger_controller_dag.py for tasks to queue
[2021-09-27 03:53:21,541] {logging_mixin.py:109} INFO - [2021-09-27 03:53:21,541] {dagbag.py:496} INFO - Filling up the DagBag from /home/airflow/.local/lib/python3.8/site-packages/airflow/example_dags/example_trigger_controller_dag.py
[2021-09-27 03:53:21,548] {processor.py:623} INFO - DAG(s) dict_keys(['example_trigger_controller_dag']) retrieved from /home/airflow/.local/lib/python3.8/site-packages/airflow/example_dags/example_trigger_controller_dag.py
[2021-09-27 03:53:21,561] {logging_mixin.py:109} INFO - [2021-09-27 03:53:21,561] {dag.py:1833} INFO - Sync 1 DAGs
[2021-09-27 03:53:21,570] {logging_mixin.py:109} INFO - [2021-09-27 03:53:21,570] {dag.py:2306} INFO - Setting next_dagrun for example_trigger_controller_dag to 2021-09-25 00:00:00+00:00
[2021-09-27 03:53:21,578] {processor.py:170} INFO - Processing /home/airflow/.local/lib/python3.8/site-packages/airflow/example_dags/example_trigger_controller_dag.py took 0.039 seconds
[2021-09-27 03:53:51,895] {processor.py:162} INFO - Started process (PID=510) to work on /home/airflow/.local/lib/python3.8/site-packages/airflow/example_dags/example_trigger_controller_dag.py
[2021-09-27 03:53:51,896] {processor.py:613} INFO - Processing file /home/airflow/.local/lib/python3.8/site-packages/airflow/example_dags/example_trigger_controller_dag.py for tasks to queue
[2021-09-27 03:53:51,897] {logging_mixin.py:109} INFO - [2021-09-27 03:53:51,896] {dagbag.py:496} INFO - Filling up the DagBag from /home/airflow/.local/lib/python3.8/site-packages/airflow/example_dags/example_trigger_controller_dag.py
[2021-09-27 03:53:51,903] {processor.py:623} INFO - DAG(s) dict_keys(['example_trigger_controller_dag']) retrieved from /home/airflow/.local/lib/python3.8/site-packages/airflow/example_dags/example_trigger_controller_dag.py
[2021-09-27 03:53:51,917] {logging_mixin.py:109} INFO - [2021-09-27 03:53:51,917] {dag.py:1833} INFO - Sync 1 DAGs
[2021-09-27 03:53:51,925] {logging_mixin.py:109} INFO - [2021-09-27 03:53:51,925] {dag.py:2306} INFO - Setting next_dagrun for example_trigger_controller_dag to 2021-09-25 00:00:00+00:00
[2021-09-27 03:53:51,933] {processor.py:170} INFO - Processing /home/airflow/.local/lib/python3.8/site-packages/airflow/example_dags/example_trigger_controller_dag.py took 0.040 seconds
[2021-09-27 03:54:22,238] {processor.py:162} INFO - Started process (PID=563) to work on /home/airflow/.local/lib/python3.8/site-packages/airflow/example_dags/example_trigger_controller_dag.py
[2021-09-27 03:54:22,239] {processor.py:613} INFO - Processing file /home/airflow/.local/lib/python3.8/site-packages/airflow/example_dags/example_trigger_controller_dag.py for tasks to queue
[2021-09-27 03:54:22,239] {logging_mixin.py:109} INFO - [2021-09-27 03:54:22,239] {dagbag.py:496} INFO - Filling up the DagBag from /home/airflow/.local/lib/python3.8/site-packages/airflow/example_dags/example_trigger_controller_dag.py
[2021-09-27 03:54:22,245] {processor.py:623} INFO - DAG(s) dict_keys(['example_trigger_controller_dag']) retrieved from /home/airflow/.local/lib/python3.8/site-packages/airflow/example_dags/example_trigger_controller_dag.py
[2021-09-27 03:54:22,258] {logging_mixin.py:109} INFO - [2021-09-27 03:54:22,258] {dag.py:1833} INFO - Sync 1 DAGs
[2021-09-27 03:54:22,270] {logging_mixin.py:109} INFO - [2021-09-27 03:54:22,269] {dag.py:2306} INFO - Setting next_dagrun for example_trigger_controller_dag to 2021-09-25 00:00:00+00:00
[2021-09-27 03:54:22,278] {processor.py:170} INFO - Processing /home/airflow/.local/lib/python3.8/site-packages/airflow/example_dags/example_trigger_controller_dag.py took 0.042 seconds
[2021-09-27 03:54:52,766] {processor.py:162} INFO - Started process (PID=616) to work on /home/airflow/.local/lib/python3.8/site-packages/airflow/example_dags/example_trigger_controller_dag.py
[2021-09-27 03:54:52,766] {processor.py:613} INFO - Processing file /home/airflow/.local/lib/python3.8/site-packages/airflow/example_dags/example_trigger_controller_dag.py for tasks to queue
[2021-09-27 03:54:52,767] {logging_mixin.py:109} INFO - [2021-09-27 03:54:52,767] {dagbag.py:496} INFO - Filling up the DagBag from /home/airflow/.local/lib/python3.8/site-packages/airflow/example_dags/example_trigger_controller_dag.py
[2021-09-27 03:54:52,773] {processor.py:623} INFO - DAG(s) dict_keys(['example_trigger_controller_dag']) retrieved from /home/airflow/.local/lib/python3.8/site-packages/airflow/example_dags/example_trigger_controller_dag.py
[2021-09-27 03:54:52,787] {logging_mixin.py:109} INFO - [2021-09-27 03:54:52,787] {dag.py:1833} INFO - Sync 1 DAGs
[2021-09-27 03:54:52,796] {logging_mixin.py:109} INFO - [2021-09-27 03:54:52,796] {dag.py:2306} INFO - Setting next_dagrun for example_trigger_controller_dag to 2021-09-25 00:00:00+00:00
[2021-09-27 03:54:52,805] {processor.py:170} INFO - Processing /home/airflow/.local/lib/python3.8/site-packages/airflow/example_dags/example_trigger_controller_dag.py took 0.041 seconds
[2021-09-27 03:55:23,131] {processor.py:162} INFO - Started process (PID=662) to work on /home/airflow/.local/lib/python3.8/site-packages/airflow/example_dags/example_trigger_controller_dag.py
[2021-09-27 03:55:23,132] {processor.py:613} INFO - Processing file /home/airflow/.local/lib/python3.8/site-packages/airflow/example_dags/example_trigger_controller_dag.py for tasks to queue
[2021-09-27 03:55:23,133] {logging_mixin.py:109} INFO - [2021-09-27 03:55:23,133] {dagbag.py:496} INFO - Filling up the DagBag from /home/airflow/.local/lib/python3.8/site-packages/airflow/example_dags/example_trigger_controller_dag.py
[2021-09-27 03:55:23,140] {processor.py:623} INFO - DAG(s) dict_keys(['example_trigger_controller_dag']) retrieved from /home/airflow/.local/lib/python3.8/site-packages/airflow/example_dags/example_trigger_controller_dag.py
[2021-09-27 03:55:23,157] {logging_mixin.py:109} INFO - [2021-09-27 03:55:23,157] {dag.py:1833} INFO - Sync 1 DAGs
[2021-09-27 03:55:23,168] {logging_mixin.py:109} INFO - [2021-09-27 03:55:23,168] {dag.py:2306} INFO - Setting next_dagrun for example_trigger_controller_dag to 2021-09-25 00:00:00+00:00
[2021-09-27 03:55:23,176] {processor.py:170} INFO - Processing /home/airflow/.local/lib/python3.8/site-packages/airflow/example_dags/example_trigger_controller_dag.py took 0.047 seconds
[2021-09-27 03:55:53,502] {processor.py:162} INFO - Started process (PID=715) to work on /home/airflow/.local/lib/python3.8/site-packages/airflow/example_dags/example_trigger_controller_dag.py
[2021-09-27 03:55:53,503] {processor.py:613} INFO - Processing file /home/airflow/.local/lib/python3.8/site-packages/airflow/example_dags/example_trigger_controller_dag.py for tasks to queue
[2021-09-27 03:55:53,503] {logging_mixin.py:109} INFO - [2021-09-27 03:55:53,503] {dagbag.py:496} INFO - Filling up the DagBag from /home/airflow/.local/lib/python3.8/site-packages/airflow/example_dags/example_trigger_controller_dag.py
[2021-09-27 03:55:53,510] {processor.py:623} INFO - DAG(s) dict_keys(['example_trigger_controller_dag']) retrieved from /home/airflow/.local/lib/python3.8/site-packages/airflow/example_dags/example_trigger_controller_dag.py
[2021-09-27 03:55:53,526] {logging_mixin.py:109} INFO - [2021-09-27 03:55:53,526] {dag.py:1833} INFO - Sync 1 DAGs
[2021-09-27 03:55:53,537] {logging_mixin.py:109} INFO - [2021-09-27 03:55:53,536] {dag.py:2306} INFO - Setting next_dagrun for example_trigger_controller_dag to 2021-09-25 00:00:00+00:00
[2021-09-27 03:55:53,547] {processor.py:170} INFO - Processing /home/airflow/.local/lib/python3.8/site-packages/airflow/example_dags/example_trigger_controller_dag.py took 0.048 seconds
[2021-09-27 03:56:23,892] {processor.py:162} INFO - Started process (PID=768) to work on /home/airflow/.local/lib/python3.8/site-packages/airflow/example_dags/example_trigger_controller_dag.py
[2021-09-27 03:56:23,893] {processor.py:613} INFO - Processing file /home/airflow/.local/lib/python3.8/site-packages/airflow/example_dags/example_trigger_controller_dag.py for tasks to queue
[2021-09-27 03:56:23,893] {logging_mixin.py:109} INFO - [2021-09-27 03:56:23,893] {dagbag.py:496} INFO - Filling up the DagBag from /home/airflow/.local/lib/python3.8/site-packages/airflow/example_dags/example_trigger_controller_dag.py
[2021-09-27 03:56:23,900] {processor.py:623} INFO - DAG(s) dict_keys(['example_trigger_controller_dag']) retrieved from /home/airflow/.local/lib/python3.8/site-packages/airflow/example_dags/example_trigger_controller_dag.py
[2021-09-27 03:56:23,915] {logging_mixin.py:109} INFO - [2021-09-27 03:56:23,915] {dag.py:1833} INFO - Sync 1 DAGs
[2021-09-27 03:56:23,926] {logging_mixin.py:109} INFO - [2021-09-27 03:56:23,926] {dag.py:2306} INFO - Setting next_dagrun for example_trigger_controller_dag to 2021-09-25 00:00:00+00:00
[2021-09-27 03:56:23,934] {processor.py:170} INFO - Processing /home/airflow/.local/lib/python3.8/site-packages/airflow/example_dags/example_trigger_controller_dag.py took 0.045 seconds
[2021-09-27 03:56:54,141] {processor.py:162} INFO - Started process (PID=821) to work on /home/airflow/.local/lib/python3.8/site-packages/airflow/example_dags/example_trigger_controller_dag.py
[2021-09-27 03:56:54,141] {processor.py:613} INFO - Processing file /home/airflow/.local/lib/python3.8/site-packages/airflow/example_dags/example_trigger_controller_dag.py for tasks to queue
[2021-09-27 03:56:54,142] {logging_mixin.py:109} INFO - [2021-09-27 03:56:54,142] {dagbag.py:496} INFO - Filling up the DagBag from /home/airflow/.local/lib/python3.8/site-packages/airflow/example_dags/example_trigger_controller_dag.py
[2021-09-27 03:56:54,148] {processor.py:623} INFO - DAG(s) dict_keys(['example_trigger_controller_dag']) retrieved from /home/airflow/.local/lib/python3.8/site-packages/airflow/example_dags/example_trigger_controller_dag.py
[2021-09-27 03:56:54,161] {logging_mixin.py:109} INFO - [2021-09-27 03:56:54,161] {dag.py:1833} INFO - Sync 1 DAGs
[2021-09-27 03:56:54,170] {logging_mixin.py:109} INFO - [2021-09-27 03:56:54,170] {dag.py:2306} INFO - Setting next_dagrun for example_trigger_controller_dag to 2021-09-25 00:00:00+00:00
[2021-09-27 03:56:54,177] {processor.py:170} INFO - Processing /home/airflow/.local/lib/python3.8/site-packages/airflow/example_dags/example_trigger_controller_dag.py took 0.039 seconds
[2021-09-27 03:57:24,387] {processor.py:162} INFO - Started process (PID=866) to work on /home/airflow/.local/lib/python3.8/site-packages/airflow/example_dags/example_trigger_controller_dag.py
[2021-09-27 03:57:24,388] {processor.py:613} INFO - Processing file /home/airflow/.local/lib/python3.8/site-packages/airflow/example_dags/example_trigger_controller_dag.py for tasks to queue
[2021-09-27 03:57:24,389] {logging_mixin.py:109} INFO - [2021-09-27 03:57:24,388] {dagbag.py:496} INFO - Filling up the DagBag from /home/airflow/.local/lib/python3.8/site-packages/airflow/example_dags/example_trigger_controller_dag.py
[2021-09-27 03:57:24,395] {processor.py:623} INFO - DAG(s) dict_keys(['example_trigger_controller_dag']) retrieved from /home/airflow/.local/lib/python3.8/site-packages/airflow/example_dags/example_trigger_controller_dag.py
[2021-09-27 03:57:24,407] {logging_mixin.py:109} INFO - [2021-09-27 03:57:24,407] {dag.py:1833} INFO - Sync 1 DAGs
[2021-09-27 03:57:24,416] {logging_mixin.py:109} INFO - [2021-09-27 03:57:24,416] {dag.py:2306} INFO - Setting next_dagrun for example_trigger_controller_dag to 2021-09-25 00:00:00+00:00
[2021-09-27 03:57:24,424] {processor.py:170} INFO - Processing /home/airflow/.local/lib/python3.8/site-packages/airflow/example_dags/example_trigger_controller_dag.py took 0.039 seconds
[2021-09-27 03:57:54,678] {processor.py:162} INFO - Started process (PID=919) to work on /home/airflow/.local/lib/python3.8/site-packages/airflow/example_dags/example_trigger_controller_dag.py
[2021-09-27 03:57:54,679] {processor.py:613} INFO - Processing file /home/airflow/.local/lib/python3.8/site-packages/airflow/example_dags/example_trigger_controller_dag.py for tasks to queue
[2021-09-27 03:57:54,680] {logging_mixin.py:109} INFO - [2021-09-27 03:57:54,679] {dagbag.py:496} INFO - Filling up the DagBag from /home/airflow/.local/lib/python3.8/site-packages/airflow/example_dags/example_trigger_controller_dag.py
[2021-09-27 03:57:54,687] {processor.py:623} INFO - DAG(s) dict_keys(['example_trigger_controller_dag']) retrieved from /home/airflow/.local/lib/python3.8/site-packages/airflow/example_dags/example_trigger_controller_dag.py
[2021-09-27 03:57:54,700] {logging_mixin.py:109} INFO - [2021-09-27 03:57:54,700] {dag.py:1833} INFO - Sync 1 DAGs
[2021-09-27 03:57:54,709] {logging_mixin.py:109} INFO - [2021-09-27 03:57:54,708] {dag.py:2306} INFO - Setting next_dagrun for example_trigger_controller_dag to 2021-09-25 00:00:00+00:00
[2021-09-27 03:57:54,716] {processor.py:170} INFO - Processing /home/airflow/.local/lib/python3.8/site-packages/airflow/example_dags/example_trigger_controller_dag.py took 0.041 seconds
[2021-09-27 03:58:25,118] {processor.py:162} INFO - Started process (PID=973) to work on /home/airflow/.local/lib/python3.8/site-packages/airflow/example_dags/example_trigger_controller_dag.py
[2021-09-27 03:58:25,119] {processor.py:613} INFO - Processing file /home/airflow/.local/lib/python3.8/site-packages/airflow/example_dags/example_trigger_controller_dag.py for tasks to queue
[2021-09-27 03:58:25,119] {logging_mixin.py:109} INFO - [2021-09-27 03:58:25,119] {dagbag.py:496} INFO - Filling up the DagBag from /home/airflow/.local/lib/python3.8/site-packages/airflow/example_dags/example_trigger_controller_dag.py
[2021-09-27 03:58:25,125] {processor.py:623} INFO - DAG(s) dict_keys(['example_trigger_controller_dag']) retrieved from /home/airflow/.local/lib/python3.8/site-packages/airflow/example_dags/example_trigger_controller_dag.py
[2021-09-27 03:58:25,138] {logging_mixin.py:109} INFO - [2021-09-27 03:58:25,138] {dag.py:1833} INFO - Sync 1 DAGs
[2021-09-27 03:58:25,148] {logging_mixin.py:109} INFO - [2021-09-27 03:58:25,148] {dag.py:2306} INFO - Setting next_dagrun for example_trigger_controller_dag to 2021-09-25 00:00:00+00:00
[2021-09-27 03:58:25,157] {processor.py:170} INFO - Processing /home/airflow/.local/lib/python3.8/site-packages/airflow/example_dags/example_trigger_controller_dag.py took 0.041 seconds
