[2021-09-27 03:24:55,988] {processor.py:162} INFO - Started process (PID=59) to work on /home/airflow/.local/lib/python3.8/site-packages/airflow/example_dags/example_branch_datetime_operator.py
[2021-09-27 03:24:55,989] {processor.py:613} INFO - Processing file /home/airflow/.local/lib/python3.8/site-packages/airflow/example_dags/example_branch_datetime_operator.py for tasks to queue
[2021-09-27 03:24:55,990] {logging_mixin.py:109} INFO - [2021-09-27 03:24:55,989] {dagbag.py:496} INFO - Filling up the DagBag from /home/airflow/.local/lib/python3.8/site-packages/airflow/example_dags/example_branch_datetime_operator.py
[2021-09-27 03:24:55,999] {processor.py:623} INFO - DAG(s) dict_keys(['example_branch_datetime_operator_2']) retrieved from /home/airflow/.local/lib/python3.8/site-packages/airflow/example_dags/example_branch_datetime_operator.py
[2021-09-27 03:24:56,220] {logging_mixin.py:109} INFO - [2021-09-27 03:24:56,220] {dag.py:1833} INFO - Sync 1 DAGs
[2021-09-27 03:24:56,232] {logging_mixin.py:109} INFO - [2021-09-27 03:24:56,232] {dag.py:2306} INFO - Setting next_dagrun for example_branch_datetime_operator_2 to 2021-09-25 00:00:00+00:00
[2021-09-27 03:24:56,243] {processor.py:170} INFO - Processing /home/airflow/.local/lib/python3.8/site-packages/airflow/example_dags/example_branch_datetime_operator.py took 0.258 seconds
[2021-09-27 03:25:26,375] {processor.py:162} INFO - Started process (PID=112) to work on /home/airflow/.local/lib/python3.8/site-packages/airflow/example_dags/example_branch_datetime_operator.py
[2021-09-27 03:25:26,376] {processor.py:613} INFO - Processing file /home/airflow/.local/lib/python3.8/site-packages/airflow/example_dags/example_branch_datetime_operator.py for tasks to queue
[2021-09-27 03:25:26,376] {logging_mixin.py:109} INFO - [2021-09-27 03:25:26,376] {dagbag.py:496} INFO - Filling up the DagBag from /home/airflow/.local/lib/python3.8/site-packages/airflow/example_dags/example_branch_datetime_operator.py
[2021-09-27 03:25:26,385] {processor.py:623} INFO - DAG(s) dict_keys(['example_branch_datetime_operator_2']) retrieved from /home/airflow/.local/lib/python3.8/site-packages/airflow/example_dags/example_branch_datetime_operator.py
[2021-09-27 03:25:26,400] {logging_mixin.py:109} INFO - [2021-09-27 03:25:26,400] {dag.py:1833} INFO - Sync 1 DAGs
[2021-09-27 03:25:26,413] {logging_mixin.py:109} INFO - [2021-09-27 03:25:26,413] {dag.py:2306} INFO - Setting next_dagrun for example_branch_datetime_operator_2 to 2021-09-25 00:00:00+00:00
[2021-09-27 03:25:26,422] {processor.py:170} INFO - Processing /home/airflow/.local/lib/python3.8/site-packages/airflow/example_dags/example_branch_datetime_operator.py took 0.049 seconds
[2021-09-27 03:25:57,345] {processor.py:162} INFO - Started process (PID=158) to work on /home/airflow/.local/lib/python3.8/site-packages/airflow/example_dags/example_branch_datetime_operator.py
[2021-09-27 03:25:57,346] {processor.py:613} INFO - Processing file /home/airflow/.local/lib/python3.8/site-packages/airflow/example_dags/example_branch_datetime_operator.py for tasks to queue
[2021-09-27 03:25:57,346] {logging_mixin.py:109} INFO - [2021-09-27 03:25:57,346] {dagbag.py:496} INFO - Filling up the DagBag from /home/airflow/.local/lib/python3.8/site-packages/airflow/example_dags/example_branch_datetime_operator.py
[2021-09-27 03:25:57,365] {processor.py:623} INFO - DAG(s) dict_keys(['example_branch_datetime_operator_2']) retrieved from /home/airflow/.local/lib/python3.8/site-packages/airflow/example_dags/example_branch_datetime_operator.py
[2021-09-27 03:25:57,391] {logging_mixin.py:109} INFO - [2021-09-27 03:25:57,391] {dag.py:1833} INFO - Sync 1 DAGs
[2021-09-27 03:25:57,417] {logging_mixin.py:109} INFO - [2021-09-27 03:25:57,417] {dag.py:2306} INFO - Setting next_dagrun for example_branch_datetime_operator_2 to 2021-09-25 00:00:00+00:00
[2021-09-27 03:25:57,430] {processor.py:170} INFO - Processing /home/airflow/.local/lib/python3.8/site-packages/airflow/example_dags/example_branch_datetime_operator.py took 0.088 seconds
[2021-09-27 03:26:27,999] {processor.py:162} INFO - Started process (PID=211) to work on /home/airflow/.local/lib/python3.8/site-packages/airflow/example_dags/example_branch_datetime_operator.py
[2021-09-27 03:26:28,000] {processor.py:613} INFO - Processing file /home/airflow/.local/lib/python3.8/site-packages/airflow/example_dags/example_branch_datetime_operator.py for tasks to queue
[2021-09-27 03:26:28,000] {logging_mixin.py:109} INFO - [2021-09-27 03:26:28,000] {dagbag.py:496} INFO - Filling up the DagBag from /home/airflow/.local/lib/python3.8/site-packages/airflow/example_dags/example_branch_datetime_operator.py
[2021-09-27 03:26:28,010] {processor.py:623} INFO - DAG(s) dict_keys(['example_branch_datetime_operator_2']) retrieved from /home/airflow/.local/lib/python3.8/site-packages/airflow/example_dags/example_branch_datetime_operator.py
[2021-09-27 03:26:28,024] {logging_mixin.py:109} INFO - [2021-09-27 03:26:28,024] {dag.py:1833} INFO - Sync 1 DAGs
[2021-09-27 03:26:28,036] {logging_mixin.py:109} INFO - [2021-09-27 03:26:28,036] {dag.py:2306} INFO - Setting next_dagrun for example_branch_datetime_operator_2 to 2021-09-25 00:00:00+00:00
[2021-09-27 03:26:28,047] {processor.py:170} INFO - Processing /home/airflow/.local/lib/python3.8/site-packages/airflow/example_dags/example_branch_datetime_operator.py took 0.050 seconds
[2021-09-27 03:26:58,063] {processor.py:162} INFO - Started process (PID=264) to work on /home/airflow/.local/lib/python3.8/site-packages/airflow/example_dags/example_branch_datetime_operator.py
[2021-09-27 03:26:58,064] {processor.py:613} INFO - Processing file /home/airflow/.local/lib/python3.8/site-packages/airflow/example_dags/example_branch_datetime_operator.py for tasks to queue
[2021-09-27 03:26:58,064] {logging_mixin.py:109} INFO - [2021-09-27 03:26:58,064] {dagbag.py:496} INFO - Filling up the DagBag from /home/airflow/.local/lib/python3.8/site-packages/airflow/example_dags/example_branch_datetime_operator.py
[2021-09-27 03:26:58,072] {processor.py:623} INFO - DAG(s) dict_keys(['example_branch_datetime_operator_2']) retrieved from /home/airflow/.local/lib/python3.8/site-packages/airflow/example_dags/example_branch_datetime_operator.py
[2021-09-27 03:26:58,085] {logging_mixin.py:109} INFO - [2021-09-27 03:26:58,084] {dag.py:1833} INFO - Sync 1 DAGs
[2021-09-27 03:26:58,095] {logging_mixin.py:109} INFO - [2021-09-27 03:26:58,095] {dag.py:2306} INFO - Setting next_dagrun for example_branch_datetime_operator_2 to 2021-09-25 00:00:00+00:00
[2021-09-27 03:26:58,103] {processor.py:170} INFO - Processing /home/airflow/.local/lib/python3.8/site-packages/airflow/example_dags/example_branch_datetime_operator.py took 0.041 seconds
[2021-09-27 03:27:28,217] {processor.py:162} INFO - Started process (PID=309) to work on /home/airflow/.local/lib/python3.8/site-packages/airflow/example_dags/example_branch_datetime_operator.py
[2021-09-27 03:27:28,217] {processor.py:613} INFO - Processing file /home/airflow/.local/lib/python3.8/site-packages/airflow/example_dags/example_branch_datetime_operator.py for tasks to queue
[2021-09-27 03:27:28,218] {logging_mixin.py:109} INFO - [2021-09-27 03:27:28,218] {dagbag.py:496} INFO - Filling up the DagBag from /home/airflow/.local/lib/python3.8/site-packages/airflow/example_dags/example_branch_datetime_operator.py
[2021-09-27 03:27:28,225] {processor.py:623} INFO - DAG(s) dict_keys(['example_branch_datetime_operator_2']) retrieved from /home/airflow/.local/lib/python3.8/site-packages/airflow/example_dags/example_branch_datetime_operator.py
[2021-09-27 03:27:28,237] {logging_mixin.py:109} INFO - [2021-09-27 03:27:28,237] {dag.py:1833} INFO - Sync 1 DAGs
[2021-09-27 03:27:28,247] {logging_mixin.py:109} INFO - [2021-09-27 03:27:28,247] {dag.py:2306} INFO - Setting next_dagrun for example_branch_datetime_operator_2 to 2021-09-25 00:00:00+00:00
[2021-09-27 03:27:28,254] {processor.py:170} INFO - Processing /home/airflow/.local/lib/python3.8/site-packages/airflow/example_dags/example_branch_datetime_operator.py took 0.039 seconds
[2021-09-27 03:27:58,430] {processor.py:162} INFO - Started process (PID=362) to work on /home/airflow/.local/lib/python3.8/site-packages/airflow/example_dags/example_branch_datetime_operator.py
[2021-09-27 03:27:58,430] {processor.py:613} INFO - Processing file /home/airflow/.local/lib/python3.8/site-packages/airflow/example_dags/example_branch_datetime_operator.py for tasks to queue
[2021-09-27 03:27:58,431] {logging_mixin.py:109} INFO - [2021-09-27 03:27:58,431] {dagbag.py:496} INFO - Filling up the DagBag from /home/airflow/.local/lib/python3.8/site-packages/airflow/example_dags/example_branch_datetime_operator.py
[2021-09-27 03:27:58,439] {processor.py:623} INFO - DAG(s) dict_keys(['example_branch_datetime_operator_2']) retrieved from /home/airflow/.local/lib/python3.8/site-packages/airflow/example_dags/example_branch_datetime_operator.py
[2021-09-27 03:27:58,453] {logging_mixin.py:109} INFO - [2021-09-27 03:27:58,453] {dag.py:1833} INFO - Sync 1 DAGs
[2021-09-27 03:27:58,465] {logging_mixin.py:109} INFO - [2021-09-27 03:27:58,465] {dag.py:2306} INFO - Setting next_dagrun for example_branch_datetime_operator_2 to 2021-09-25 00:00:00+00:00
[2021-09-27 03:27:58,474] {processor.py:170} INFO - Processing /home/airflow/.local/lib/python3.8/site-packages/airflow/example_dags/example_branch_datetime_operator.py took 0.047 seconds
[2021-09-27 03:28:29,050] {processor.py:162} INFO - Started process (PID=417) to work on /home/airflow/.local/lib/python3.8/site-packages/airflow/example_dags/example_branch_datetime_operator.py
[2021-09-27 03:28:29,051] {processor.py:613} INFO - Processing file /home/airflow/.local/lib/python3.8/site-packages/airflow/example_dags/example_branch_datetime_operator.py for tasks to queue
[2021-09-27 03:28:29,051] {logging_mixin.py:109} INFO - [2021-09-27 03:28:29,051] {dagbag.py:496} INFO - Filling up the DagBag from /home/airflow/.local/lib/python3.8/site-packages/airflow/example_dags/example_branch_datetime_operator.py
[2021-09-27 03:28:29,059] {processor.py:623} INFO - DAG(s) dict_keys(['example_branch_datetime_operator_2']) retrieved from /home/airflow/.local/lib/python3.8/site-packages/airflow/example_dags/example_branch_datetime_operator.py
[2021-09-27 03:28:29,071] {logging_mixin.py:109} INFO - [2021-09-27 03:28:29,071] {dag.py:1833} INFO - Sync 1 DAGs
[2021-09-27 03:28:29,082] {logging_mixin.py:109} INFO - [2021-09-27 03:28:29,082] {dag.py:2306} INFO - Setting next_dagrun for example_branch_datetime_operator_2 to 2021-09-25 00:00:00+00:00
[2021-09-27 03:28:29,089] {processor.py:170} INFO - Processing /home/airflow/.local/lib/python3.8/site-packages/airflow/example_dags/example_branch_datetime_operator.py took 0.040 seconds
[2021-09-27 03:28:59,235] {processor.py:162} INFO - Started process (PID=470) to work on /home/airflow/.local/lib/python3.8/site-packages/airflow/example_dags/example_branch_datetime_operator.py
[2021-09-27 03:28:59,236] {processor.py:613} INFO - Processing file /home/airflow/.local/lib/python3.8/site-packages/airflow/example_dags/example_branch_datetime_operator.py for tasks to queue
[2021-09-27 03:28:59,236] {logging_mixin.py:109} INFO - [2021-09-27 03:28:59,236] {dagbag.py:496} INFO - Filling up the DagBag from /home/airflow/.local/lib/python3.8/site-packages/airflow/example_dags/example_branch_datetime_operator.py
[2021-09-27 03:28:59,245] {processor.py:623} INFO - DAG(s) dict_keys(['example_branch_datetime_operator_2']) retrieved from /home/airflow/.local/lib/python3.8/site-packages/airflow/example_dags/example_branch_datetime_operator.py
[2021-09-27 03:28:59,259] {logging_mixin.py:109} INFO - [2021-09-27 03:28:59,259] {dag.py:1833} INFO - Sync 1 DAGs
[2021-09-27 03:28:59,270] {logging_mixin.py:109} INFO - [2021-09-27 03:28:59,270] {dag.py:2306} INFO - Setting next_dagrun for example_branch_datetime_operator_2 to 2021-09-25 00:00:00+00:00
[2021-09-27 03:28:59,277] {processor.py:170} INFO - Processing /home/airflow/.local/lib/python3.8/site-packages/airflow/example_dags/example_branch_datetime_operator.py took 0.045 seconds
[2021-09-27 03:29:29,428] {processor.py:162} INFO - Started process (PID=516) to work on /home/airflow/.local/lib/python3.8/site-packages/airflow/example_dags/example_branch_datetime_operator.py
[2021-09-27 03:29:29,429] {processor.py:613} INFO - Processing file /home/airflow/.local/lib/python3.8/site-packages/airflow/example_dags/example_branch_datetime_operator.py for tasks to queue
[2021-09-27 03:29:29,429] {logging_mixin.py:109} INFO - [2021-09-27 03:29:29,429] {dagbag.py:496} INFO - Filling up the DagBag from /home/airflow/.local/lib/python3.8/site-packages/airflow/example_dags/example_branch_datetime_operator.py
[2021-09-27 03:29:29,436] {processor.py:623} INFO - DAG(s) dict_keys(['example_branch_datetime_operator_2']) retrieved from /home/airflow/.local/lib/python3.8/site-packages/airflow/example_dags/example_branch_datetime_operator.py
[2021-09-27 03:29:29,447] {logging_mixin.py:109} INFO - [2021-09-27 03:29:29,447] {dag.py:1833} INFO - Sync 1 DAGs
[2021-09-27 03:29:29,458] {logging_mixin.py:109} INFO - [2021-09-27 03:29:29,458] {dag.py:2306} INFO - Setting next_dagrun for example_branch_datetime_operator_2 to 2021-09-25 00:00:00+00:00
[2021-09-27 03:29:29,465] {processor.py:170} INFO - Processing /home/airflow/.local/lib/python3.8/site-packages/airflow/example_dags/example_branch_datetime_operator.py took 0.039 seconds
[2021-09-27 03:29:59,569] {processor.py:162} INFO - Started process (PID=569) to work on /home/airflow/.local/lib/python3.8/site-packages/airflow/example_dags/example_branch_datetime_operator.py
[2021-09-27 03:29:59,570] {processor.py:613} INFO - Processing file /home/airflow/.local/lib/python3.8/site-packages/airflow/example_dags/example_branch_datetime_operator.py for tasks to queue
[2021-09-27 03:29:59,570] {logging_mixin.py:109} INFO - [2021-09-27 03:29:59,570] {dagbag.py:496} INFO - Filling up the DagBag from /home/airflow/.local/lib/python3.8/site-packages/airflow/example_dags/example_branch_datetime_operator.py
[2021-09-27 03:29:59,577] {processor.py:623} INFO - DAG(s) dict_keys(['example_branch_datetime_operator_2']) retrieved from /home/airflow/.local/lib/python3.8/site-packages/airflow/example_dags/example_branch_datetime_operator.py
[2021-09-27 03:29:59,591] {logging_mixin.py:109} INFO - [2021-09-27 03:29:59,591] {dag.py:1833} INFO - Sync 1 DAGs
[2021-09-27 03:29:59,602] {logging_mixin.py:109} INFO - [2021-09-27 03:29:59,602] {dag.py:2306} INFO - Setting next_dagrun for example_branch_datetime_operator_2 to 2021-09-25 00:00:00+00:00
[2021-09-27 03:29:59,609] {processor.py:170} INFO - Processing /home/airflow/.local/lib/python3.8/site-packages/airflow/example_dags/example_branch_datetime_operator.py took 0.042 seconds
[2021-09-27 03:30:29,791] {processor.py:162} INFO - Started process (PID=622) to work on /home/airflow/.local/lib/python3.8/site-packages/airflow/example_dags/example_branch_datetime_operator.py
[2021-09-27 03:30:29,792] {processor.py:613} INFO - Processing file /home/airflow/.local/lib/python3.8/site-packages/airflow/example_dags/example_branch_datetime_operator.py for tasks to queue
[2021-09-27 03:30:29,792] {logging_mixin.py:109} INFO - [2021-09-27 03:30:29,792] {dagbag.py:496} INFO - Filling up the DagBag from /home/airflow/.local/lib/python3.8/site-packages/airflow/example_dags/example_branch_datetime_operator.py
[2021-09-27 03:30:29,801] {processor.py:623} INFO - DAG(s) dict_keys(['example_branch_datetime_operator_2']) retrieved from /home/airflow/.local/lib/python3.8/site-packages/airflow/example_dags/example_branch_datetime_operator.py
[2021-09-27 03:30:29,813] {logging_mixin.py:109} INFO - [2021-09-27 03:30:29,813] {dag.py:1833} INFO - Sync 1 DAGs
[2021-09-27 03:30:29,823] {logging_mixin.py:109} INFO - [2021-09-27 03:30:29,823] {dag.py:2306} INFO - Setting next_dagrun for example_branch_datetime_operator_2 to 2021-09-25 00:00:00+00:00
[2021-09-27 03:30:29,830] {processor.py:170} INFO - Processing /home/airflow/.local/lib/python3.8/site-packages/airflow/example_dags/example_branch_datetime_operator.py took 0.042 seconds
[2021-09-27 03:30:59,902] {processor.py:162} INFO - Started process (PID=675) to work on /home/airflow/.local/lib/python3.8/site-packages/airflow/example_dags/example_branch_datetime_operator.py
[2021-09-27 03:30:59,903] {processor.py:613} INFO - Processing file /home/airflow/.local/lib/python3.8/site-packages/airflow/example_dags/example_branch_datetime_operator.py for tasks to queue
[2021-09-27 03:30:59,903] {logging_mixin.py:109} INFO - [2021-09-27 03:30:59,903] {dagbag.py:496} INFO - Filling up the DagBag from /home/airflow/.local/lib/python3.8/site-packages/airflow/example_dags/example_branch_datetime_operator.py
[2021-09-27 03:30:59,911] {processor.py:623} INFO - DAG(s) dict_keys(['example_branch_datetime_operator_2']) retrieved from /home/airflow/.local/lib/python3.8/site-packages/airflow/example_dags/example_branch_datetime_operator.py
[2021-09-27 03:30:59,926] {logging_mixin.py:109} INFO - [2021-09-27 03:30:59,926] {dag.py:1833} INFO - Sync 1 DAGs
[2021-09-27 03:30:59,939] {logging_mixin.py:109} INFO - [2021-09-27 03:30:59,939] {dag.py:2306} INFO - Setting next_dagrun for example_branch_datetime_operator_2 to 2021-09-25 00:00:00+00:00
[2021-09-27 03:30:59,948] {processor.py:170} INFO - Processing /home/airflow/.local/lib/python3.8/site-packages/airflow/example_dags/example_branch_datetime_operator.py took 0.049 seconds
[2021-09-27 03:31:30,110] {processor.py:162} INFO - Started process (PID=720) to work on /home/airflow/.local/lib/python3.8/site-packages/airflow/example_dags/example_branch_datetime_operator.py
[2021-09-27 03:31:30,111] {processor.py:613} INFO - Processing file /home/airflow/.local/lib/python3.8/site-packages/airflow/example_dags/example_branch_datetime_operator.py for tasks to queue
[2021-09-27 03:31:30,111] {logging_mixin.py:109} INFO - [2021-09-27 03:31:30,111] {dagbag.py:496} INFO - Filling up the DagBag from /home/airflow/.local/lib/python3.8/site-packages/airflow/example_dags/example_branch_datetime_operator.py
[2021-09-27 03:31:30,119] {processor.py:623} INFO - DAG(s) dict_keys(['example_branch_datetime_operator_2']) retrieved from /home/airflow/.local/lib/python3.8/site-packages/airflow/example_dags/example_branch_datetime_operator.py
[2021-09-27 03:31:30,133] {logging_mixin.py:109} INFO - [2021-09-27 03:31:30,133] {dag.py:1833} INFO - Sync 1 DAGs
[2021-09-27 03:31:30,144] {logging_mixin.py:109} INFO - [2021-09-27 03:31:30,144] {dag.py:2306} INFO - Setting next_dagrun for example_branch_datetime_operator_2 to 2021-09-25 00:00:00+00:00
[2021-09-27 03:31:30,152] {processor.py:170} INFO - Processing /home/airflow/.local/lib/python3.8/site-packages/airflow/example_dags/example_branch_datetime_operator.py took 0.044 seconds
[2021-09-27 03:32:00,350] {processor.py:162} INFO - Started process (PID=773) to work on /home/airflow/.local/lib/python3.8/site-packages/airflow/example_dags/example_branch_datetime_operator.py
[2021-09-27 03:32:00,350] {processor.py:613} INFO - Processing file /home/airflow/.local/lib/python3.8/site-packages/airflow/example_dags/example_branch_datetime_operator.py for tasks to queue
[2021-09-27 03:32:00,351] {logging_mixin.py:109} INFO - [2021-09-27 03:32:00,351] {dagbag.py:496} INFO - Filling up the DagBag from /home/airflow/.local/lib/python3.8/site-packages/airflow/example_dags/example_branch_datetime_operator.py
[2021-09-27 03:32:00,359] {processor.py:623} INFO - DAG(s) dict_keys(['example_branch_datetime_operator_2']) retrieved from /home/airflow/.local/lib/python3.8/site-packages/airflow/example_dags/example_branch_datetime_operator.py
[2021-09-27 03:32:00,374] {logging_mixin.py:109} INFO - [2021-09-27 03:32:00,374] {dag.py:1833} INFO - Sync 1 DAGs
[2021-09-27 03:32:00,385] {logging_mixin.py:109} INFO - [2021-09-27 03:32:00,385] {dag.py:2306} INFO - Setting next_dagrun for example_branch_datetime_operator_2 to 2021-09-25 00:00:00+00:00
[2021-09-27 03:32:00,393] {processor.py:170} INFO - Processing /home/airflow/.local/lib/python3.8/site-packages/airflow/example_dags/example_branch_datetime_operator.py took 0.046 seconds
[2021-09-27 03:32:30,768] {processor.py:162} INFO - Started process (PID=827) to work on /home/airflow/.local/lib/python3.8/site-packages/airflow/example_dags/example_branch_datetime_operator.py
[2021-09-27 03:32:30,769] {processor.py:613} INFO - Processing file /home/airflow/.local/lib/python3.8/site-packages/airflow/example_dags/example_branch_datetime_operator.py for tasks to queue
[2021-09-27 03:32:30,769] {logging_mixin.py:109} INFO - [2021-09-27 03:32:30,769] {dagbag.py:496} INFO - Filling up the DagBag from /home/airflow/.local/lib/python3.8/site-packages/airflow/example_dags/example_branch_datetime_operator.py
[2021-09-27 03:32:30,776] {processor.py:623} INFO - DAG(s) dict_keys(['example_branch_datetime_operator_2']) retrieved from /home/airflow/.local/lib/python3.8/site-packages/airflow/example_dags/example_branch_datetime_operator.py
[2021-09-27 03:32:30,790] {logging_mixin.py:109} INFO - [2021-09-27 03:32:30,789] {dag.py:1833} INFO - Sync 1 DAGs
[2021-09-27 03:32:30,800] {logging_mixin.py:109} INFO - [2021-09-27 03:32:30,800] {dag.py:2306} INFO - Setting next_dagrun for example_branch_datetime_operator_2 to 2021-09-25 00:00:00+00:00
[2021-09-27 03:32:30,808] {processor.py:170} INFO - Processing /home/airflow/.local/lib/python3.8/site-packages/airflow/example_dags/example_branch_datetime_operator.py took 0.043 seconds
[2021-09-27 03:33:01,095] {processor.py:162} INFO - Started process (PID=880) to work on /home/airflow/.local/lib/python3.8/site-packages/airflow/example_dags/example_branch_datetime_operator.py
[2021-09-27 03:33:01,096] {processor.py:613} INFO - Processing file /home/airflow/.local/lib/python3.8/site-packages/airflow/example_dags/example_branch_datetime_operator.py for tasks to queue
[2021-09-27 03:33:01,096] {logging_mixin.py:109} INFO - [2021-09-27 03:33:01,096] {dagbag.py:496} INFO - Filling up the DagBag from /home/airflow/.local/lib/python3.8/site-packages/airflow/example_dags/example_branch_datetime_operator.py
[2021-09-27 03:33:01,104] {processor.py:623} INFO - DAG(s) dict_keys(['example_branch_datetime_operator_2']) retrieved from /home/airflow/.local/lib/python3.8/site-packages/airflow/example_dags/example_branch_datetime_operator.py
[2021-09-27 03:33:01,119] {logging_mixin.py:109} INFO - [2021-09-27 03:33:01,119] {dag.py:1833} INFO - Sync 1 DAGs
[2021-09-27 03:33:01,132] {logging_mixin.py:109} INFO - [2021-09-27 03:33:01,132] {dag.py:2306} INFO - Setting next_dagrun for example_branch_datetime_operator_2 to 2021-09-25 00:00:00+00:00
[2021-09-27 03:33:01,140] {processor.py:170} INFO - Processing /home/airflow/.local/lib/python3.8/site-packages/airflow/example_dags/example_branch_datetime_operator.py took 0.047 seconds
[2021-09-27 03:33:31,244] {processor.py:162} INFO - Started process (PID=925) to work on /home/airflow/.local/lib/python3.8/site-packages/airflow/example_dags/example_branch_datetime_operator.py
[2021-09-27 03:33:31,245] {processor.py:613} INFO - Processing file /home/airflow/.local/lib/python3.8/site-packages/airflow/example_dags/example_branch_datetime_operator.py for tasks to queue
[2021-09-27 03:33:31,245] {logging_mixin.py:109} INFO - [2021-09-27 03:33:31,245] {dagbag.py:496} INFO - Filling up the DagBag from /home/airflow/.local/lib/python3.8/site-packages/airflow/example_dags/example_branch_datetime_operator.py
[2021-09-27 03:33:31,254] {processor.py:623} INFO - DAG(s) dict_keys(['example_branch_datetime_operator_2']) retrieved from /home/airflow/.local/lib/python3.8/site-packages/airflow/example_dags/example_branch_datetime_operator.py
[2021-09-27 03:33:31,266] {logging_mixin.py:109} INFO - [2021-09-27 03:33:31,266] {dag.py:1833} INFO - Sync 1 DAGs
[2021-09-27 03:33:31,278] {logging_mixin.py:109} INFO - [2021-09-27 03:33:31,278] {dag.py:2306} INFO - Setting next_dagrun for example_branch_datetime_operator_2 to 2021-09-25 00:00:00+00:00
[2021-09-27 03:33:31,286] {processor.py:170} INFO - Processing /home/airflow/.local/lib/python3.8/site-packages/airflow/example_dags/example_branch_datetime_operator.py took 0.045 seconds
[2021-09-27 03:34:01,470] {processor.py:162} INFO - Started process (PID=978) to work on /home/airflow/.local/lib/python3.8/site-packages/airflow/example_dags/example_branch_datetime_operator.py
[2021-09-27 03:34:01,471] {processor.py:613} INFO - Processing file /home/airflow/.local/lib/python3.8/site-packages/airflow/example_dags/example_branch_datetime_operator.py for tasks to queue
[2021-09-27 03:34:01,472] {logging_mixin.py:109} INFO - [2021-09-27 03:34:01,472] {dagbag.py:496} INFO - Filling up the DagBag from /home/airflow/.local/lib/python3.8/site-packages/airflow/example_dags/example_branch_datetime_operator.py
[2021-09-27 03:34:01,479] {processor.py:623} INFO - DAG(s) dict_keys(['example_branch_datetime_operator_2']) retrieved from /home/airflow/.local/lib/python3.8/site-packages/airflow/example_dags/example_branch_datetime_operator.py
[2021-09-27 03:34:01,493] {logging_mixin.py:109} INFO - [2021-09-27 03:34:01,493] {dag.py:1833} INFO - Sync 1 DAGs
[2021-09-27 03:34:01,505] {logging_mixin.py:109} INFO - [2021-09-27 03:34:01,505] {dag.py:2306} INFO - Setting next_dagrun for example_branch_datetime_operator_2 to 2021-09-25 00:00:00+00:00
[2021-09-27 03:34:01,512] {processor.py:170} INFO - Processing /home/airflow/.local/lib/python3.8/site-packages/airflow/example_dags/example_branch_datetime_operator.py took 0.044 seconds
[2021-09-27 03:34:31,683] {processor.py:162} INFO - Started process (PID=1031) to work on /home/airflow/.local/lib/python3.8/site-packages/airflow/example_dags/example_branch_datetime_operator.py
[2021-09-27 03:34:31,684] {processor.py:613} INFO - Processing file /home/airflow/.local/lib/python3.8/site-packages/airflow/example_dags/example_branch_datetime_operator.py for tasks to queue
[2021-09-27 03:34:31,684] {logging_mixin.py:109} INFO - [2021-09-27 03:34:31,684] {dagbag.py:496} INFO - Filling up the DagBag from /home/airflow/.local/lib/python3.8/site-packages/airflow/example_dags/example_branch_datetime_operator.py
[2021-09-27 03:34:31,692] {processor.py:623} INFO - DAG(s) dict_keys(['example_branch_datetime_operator_2']) retrieved from /home/airflow/.local/lib/python3.8/site-packages/airflow/example_dags/example_branch_datetime_operator.py
[2021-09-27 03:34:31,703] {logging_mixin.py:109} INFO - [2021-09-27 03:34:31,703] {dag.py:1833} INFO - Sync 1 DAGs
[2021-09-27 03:34:31,714] {logging_mixin.py:109} INFO - [2021-09-27 03:34:31,714] {dag.py:2306} INFO - Setting next_dagrun for example_branch_datetime_operator_2 to 2021-09-25 00:00:00+00:00
[2021-09-27 03:34:31,720] {processor.py:170} INFO - Processing /home/airflow/.local/lib/python3.8/site-packages/airflow/example_dags/example_branch_datetime_operator.py took 0.040 seconds
[2021-09-27 03:35:02,038] {processor.py:162} INFO - Started process (PID=1083) to work on /home/airflow/.local/lib/python3.8/site-packages/airflow/example_dags/example_branch_datetime_operator.py
[2021-09-27 03:35:02,039] {processor.py:613} INFO - Processing file /home/airflow/.local/lib/python3.8/site-packages/airflow/example_dags/example_branch_datetime_operator.py for tasks to queue
[2021-09-27 03:35:02,040] {logging_mixin.py:109} INFO - [2021-09-27 03:35:02,040] {dagbag.py:496} INFO - Filling up the DagBag from /home/airflow/.local/lib/python3.8/site-packages/airflow/example_dags/example_branch_datetime_operator.py
[2021-09-27 03:35:02,048] {processor.py:623} INFO - DAG(s) dict_keys(['example_branch_datetime_operator_2']) retrieved from /home/airflow/.local/lib/python3.8/site-packages/airflow/example_dags/example_branch_datetime_operator.py
[2021-09-27 03:35:02,065] {logging_mixin.py:109} INFO - [2021-09-27 03:35:02,064] {dag.py:1833} INFO - Sync 1 DAGs
[2021-09-27 03:35:02,077] {logging_mixin.py:109} INFO - [2021-09-27 03:35:02,077] {dag.py:2306} INFO - Setting next_dagrun for example_branch_datetime_operator_2 to 2021-09-25 00:00:00+00:00
[2021-09-27 03:35:02,086] {processor.py:170} INFO - Processing /home/airflow/.local/lib/python3.8/site-packages/airflow/example_dags/example_branch_datetime_operator.py took 0.050 seconds
[2021-09-27 03:35:32,394] {processor.py:162} INFO - Started process (PID=1131) to work on /home/airflow/.local/lib/python3.8/site-packages/airflow/example_dags/example_branch_datetime_operator.py
[2021-09-27 03:35:32,395] {processor.py:613} INFO - Processing file /home/airflow/.local/lib/python3.8/site-packages/airflow/example_dags/example_branch_datetime_operator.py for tasks to queue
[2021-09-27 03:35:32,396] {logging_mixin.py:109} INFO - [2021-09-27 03:35:32,396] {dagbag.py:496} INFO - Filling up the DagBag from /home/airflow/.local/lib/python3.8/site-packages/airflow/example_dags/example_branch_datetime_operator.py
[2021-09-27 03:35:32,405] {processor.py:623} INFO - DAG(s) dict_keys(['example_branch_datetime_operator_2']) retrieved from /home/airflow/.local/lib/python3.8/site-packages/airflow/example_dags/example_branch_datetime_operator.py
[2021-09-27 03:35:32,418] {logging_mixin.py:109} INFO - [2021-09-27 03:35:32,418] {dag.py:1833} INFO - Sync 1 DAGs
[2021-09-27 03:35:32,429] {logging_mixin.py:109} INFO - [2021-09-27 03:35:32,429] {dag.py:2306} INFO - Setting next_dagrun for example_branch_datetime_operator_2 to 2021-09-25 00:00:00+00:00
[2021-09-27 03:35:32,437] {processor.py:170} INFO - Processing /home/airflow/.local/lib/python3.8/site-packages/airflow/example_dags/example_branch_datetime_operator.py took 0.045 seconds
[2021-09-27 03:36:02,640] {processor.py:162} INFO - Started process (PID=1184) to work on /home/airflow/.local/lib/python3.8/site-packages/airflow/example_dags/example_branch_datetime_operator.py
[2021-09-27 03:36:02,641] {processor.py:613} INFO - Processing file /home/airflow/.local/lib/python3.8/site-packages/airflow/example_dags/example_branch_datetime_operator.py for tasks to queue
[2021-09-27 03:36:02,641] {logging_mixin.py:109} INFO - [2021-09-27 03:36:02,641] {dagbag.py:496} INFO - Filling up the DagBag from /home/airflow/.local/lib/python3.8/site-packages/airflow/example_dags/example_branch_datetime_operator.py
[2021-09-27 03:36:02,648] {processor.py:623} INFO - DAG(s) dict_keys(['example_branch_datetime_operator_2']) retrieved from /home/airflow/.local/lib/python3.8/site-packages/airflow/example_dags/example_branch_datetime_operator.py
[2021-09-27 03:36:02,662] {logging_mixin.py:109} INFO - [2021-09-27 03:36:02,662] {dag.py:1833} INFO - Sync 1 DAGs
[2021-09-27 03:36:02,672] {logging_mixin.py:109} INFO - [2021-09-27 03:36:02,672] {dag.py:2306} INFO - Setting next_dagrun for example_branch_datetime_operator_2 to 2021-09-25 00:00:00+00:00
[2021-09-27 03:36:02,679] {processor.py:170} INFO - Processing /home/airflow/.local/lib/python3.8/site-packages/airflow/example_dags/example_branch_datetime_operator.py took 0.042 seconds
[2021-09-27 03:36:32,967] {processor.py:162} INFO - Started process (PID=1237) to work on /home/airflow/.local/lib/python3.8/site-packages/airflow/example_dags/example_branch_datetime_operator.py
[2021-09-27 03:36:32,968] {processor.py:613} INFO - Processing file /home/airflow/.local/lib/python3.8/site-packages/airflow/example_dags/example_branch_datetime_operator.py for tasks to queue
[2021-09-27 03:36:32,968] {logging_mixin.py:109} INFO - [2021-09-27 03:36:32,968] {dagbag.py:496} INFO - Filling up the DagBag from /home/airflow/.local/lib/python3.8/site-packages/airflow/example_dags/example_branch_datetime_operator.py
[2021-09-27 03:36:32,977] {processor.py:623} INFO - DAG(s) dict_keys(['example_branch_datetime_operator_2']) retrieved from /home/airflow/.local/lib/python3.8/site-packages/airflow/example_dags/example_branch_datetime_operator.py
[2021-09-27 03:36:32,989] {logging_mixin.py:109} INFO - [2021-09-27 03:36:32,989] {dag.py:1833} INFO - Sync 1 DAGs
[2021-09-27 03:36:33,000] {logging_mixin.py:109} INFO - [2021-09-27 03:36:33,000] {dag.py:2306} INFO - Setting next_dagrun for example_branch_datetime_operator_2 to 2021-09-25 00:00:00+00:00
[2021-09-27 03:36:33,007] {processor.py:170} INFO - Processing /home/airflow/.local/lib/python3.8/site-packages/airflow/example_dags/example_branch_datetime_operator.py took 0.042 seconds
[2021-09-27 03:37:03,184] {processor.py:162} INFO - Started process (PID=1283) to work on /home/airflow/.local/lib/python3.8/site-packages/airflow/example_dags/example_branch_datetime_operator.py
[2021-09-27 03:37:03,185] {processor.py:613} INFO - Processing file /home/airflow/.local/lib/python3.8/site-packages/airflow/example_dags/example_branch_datetime_operator.py for tasks to queue
[2021-09-27 03:37:03,186] {logging_mixin.py:109} INFO - [2021-09-27 03:37:03,186] {dagbag.py:496} INFO - Filling up the DagBag from /home/airflow/.local/lib/python3.8/site-packages/airflow/example_dags/example_branch_datetime_operator.py
[2021-09-27 03:37:03,194] {processor.py:623} INFO - DAG(s) dict_keys(['example_branch_datetime_operator_2']) retrieved from /home/airflow/.local/lib/python3.8/site-packages/airflow/example_dags/example_branch_datetime_operator.py
[2021-09-27 03:37:03,209] {logging_mixin.py:109} INFO - [2021-09-27 03:37:03,209] {dag.py:1833} INFO - Sync 1 DAGs
[2021-09-27 03:37:03,219] {logging_mixin.py:109} INFO - [2021-09-27 03:37:03,219] {dag.py:2306} INFO - Setting next_dagrun for example_branch_datetime_operator_2 to 2021-09-25 00:00:00+00:00
[2021-09-27 03:37:03,229] {processor.py:170} INFO - Processing /home/airflow/.local/lib/python3.8/site-packages/airflow/example_dags/example_branch_datetime_operator.py took 0.047 seconds
[2021-09-27 03:37:33,569] {processor.py:162} INFO - Started process (PID=1336) to work on /home/airflow/.local/lib/python3.8/site-packages/airflow/example_dags/example_branch_datetime_operator.py
[2021-09-27 03:37:33,570] {processor.py:613} INFO - Processing file /home/airflow/.local/lib/python3.8/site-packages/airflow/example_dags/example_branch_datetime_operator.py for tasks to queue
[2021-09-27 03:37:33,571] {logging_mixin.py:109} INFO - [2021-09-27 03:37:33,571] {dagbag.py:496} INFO - Filling up the DagBag from /home/airflow/.local/lib/python3.8/site-packages/airflow/example_dags/example_branch_datetime_operator.py
[2021-09-27 03:37:33,578] {processor.py:623} INFO - DAG(s) dict_keys(['example_branch_datetime_operator_2']) retrieved from /home/airflow/.local/lib/python3.8/site-packages/airflow/example_dags/example_branch_datetime_operator.py
[2021-09-27 03:37:33,594] {logging_mixin.py:109} INFO - [2021-09-27 03:37:33,594] {dag.py:1833} INFO - Sync 1 DAGs
[2021-09-27 03:37:33,606] {logging_mixin.py:109} INFO - [2021-09-27 03:37:33,606] {dag.py:2306} INFO - Setting next_dagrun for example_branch_datetime_operator_2 to 2021-09-25 00:00:00+00:00
[2021-09-27 03:37:33,615] {processor.py:170} INFO - Processing /home/airflow/.local/lib/python3.8/site-packages/airflow/example_dags/example_branch_datetime_operator.py took 0.049 seconds
[2021-09-27 03:38:03,887] {processor.py:162} INFO - Started process (PID=1390) to work on /home/airflow/.local/lib/python3.8/site-packages/airflow/example_dags/example_branch_datetime_operator.py
[2021-09-27 03:38:03,888] {processor.py:613} INFO - Processing file /home/airflow/.local/lib/python3.8/site-packages/airflow/example_dags/example_branch_datetime_operator.py for tasks to queue
[2021-09-27 03:38:03,888] {logging_mixin.py:109} INFO - [2021-09-27 03:38:03,888] {dagbag.py:496} INFO - Filling up the DagBag from /home/airflow/.local/lib/python3.8/site-packages/airflow/example_dags/example_branch_datetime_operator.py
[2021-09-27 03:38:03,896] {processor.py:623} INFO - DAG(s) dict_keys(['example_branch_datetime_operator_2']) retrieved from /home/airflow/.local/lib/python3.8/site-packages/airflow/example_dags/example_branch_datetime_operator.py
[2021-09-27 03:38:03,910] {logging_mixin.py:109} INFO - [2021-09-27 03:38:03,910] {dag.py:1833} INFO - Sync 1 DAGs
[2021-09-27 03:38:03,922] {logging_mixin.py:109} INFO - [2021-09-27 03:38:03,922] {dag.py:2306} INFO - Setting next_dagrun for example_branch_datetime_operator_2 to 2021-09-25 00:00:00+00:00
[2021-09-27 03:38:03,934] {processor.py:170} INFO - Processing /home/airflow/.local/lib/python3.8/site-packages/airflow/example_dags/example_branch_datetime_operator.py took 0.049 seconds
[2021-09-27 03:38:34,277] {processor.py:162} INFO - Started process (PID=1443) to work on /home/airflow/.local/lib/python3.8/site-packages/airflow/example_dags/example_branch_datetime_operator.py
[2021-09-27 03:38:34,278] {processor.py:613} INFO - Processing file /home/airflow/.local/lib/python3.8/site-packages/airflow/example_dags/example_branch_datetime_operator.py for tasks to queue
[2021-09-27 03:38:34,279] {logging_mixin.py:109} INFO - [2021-09-27 03:38:34,278] {dagbag.py:496} INFO - Filling up the DagBag from /home/airflow/.local/lib/python3.8/site-packages/airflow/example_dags/example_branch_datetime_operator.py
[2021-09-27 03:38:34,289] {processor.py:623} INFO - DAG(s) dict_keys(['example_branch_datetime_operator_2']) retrieved from /home/airflow/.local/lib/python3.8/site-packages/airflow/example_dags/example_branch_datetime_operator.py
[2021-09-27 03:38:34,304] {logging_mixin.py:109} INFO - [2021-09-27 03:38:34,304] {dag.py:1833} INFO - Sync 1 DAGs
[2021-09-27 03:38:34,317] {logging_mixin.py:109} INFO - [2021-09-27 03:38:34,316] {dag.py:2306} INFO - Setting next_dagrun for example_branch_datetime_operator_2 to 2021-09-25 00:00:00+00:00
[2021-09-27 03:38:34,324] {processor.py:170} INFO - Processing /home/airflow/.local/lib/python3.8/site-packages/airflow/example_dags/example_branch_datetime_operator.py took 0.049 seconds
[2021-09-27 03:39:04,604] {processor.py:162} INFO - Started process (PID=1489) to work on /home/airflow/.local/lib/python3.8/site-packages/airflow/example_dags/example_branch_datetime_operator.py
[2021-09-27 03:39:04,606] {processor.py:613} INFO - Processing file /home/airflow/.local/lib/python3.8/site-packages/airflow/example_dags/example_branch_datetime_operator.py for tasks to queue
[2021-09-27 03:39:04,607] {logging_mixin.py:109} INFO - [2021-09-27 03:39:04,606] {dagbag.py:496} INFO - Filling up the DagBag from /home/airflow/.local/lib/python3.8/site-packages/airflow/example_dags/example_branch_datetime_operator.py
[2021-09-27 03:39:04,615] {processor.py:623} INFO - DAG(s) dict_keys(['example_branch_datetime_operator_2']) retrieved from /home/airflow/.local/lib/python3.8/site-packages/airflow/example_dags/example_branch_datetime_operator.py
[2021-09-27 03:39:04,629] {logging_mixin.py:109} INFO - [2021-09-27 03:39:04,629] {dag.py:1833} INFO - Sync 1 DAGs
[2021-09-27 03:39:04,640] {logging_mixin.py:109} INFO - [2021-09-27 03:39:04,640] {dag.py:2306} INFO - Setting next_dagrun for example_branch_datetime_operator_2 to 2021-09-25 00:00:00+00:00
[2021-09-27 03:39:04,648] {processor.py:170} INFO - Processing /home/airflow/.local/lib/python3.8/site-packages/airflow/example_dags/example_branch_datetime_operator.py took 0.046 seconds
[2021-09-27 03:39:34,834] {processor.py:162} INFO - Started process (PID=1543) to work on /home/airflow/.local/lib/python3.8/site-packages/airflow/example_dags/example_branch_datetime_operator.py
[2021-09-27 03:39:34,835] {processor.py:613} INFO - Processing file /home/airflow/.local/lib/python3.8/site-packages/airflow/example_dags/example_branch_datetime_operator.py for tasks to queue
[2021-09-27 03:39:34,836] {logging_mixin.py:109} INFO - [2021-09-27 03:39:34,836] {dagbag.py:496} INFO - Filling up the DagBag from /home/airflow/.local/lib/python3.8/site-packages/airflow/example_dags/example_branch_datetime_operator.py
[2021-09-27 03:39:34,844] {processor.py:623} INFO - DAG(s) dict_keys(['example_branch_datetime_operator_2']) retrieved from /home/airflow/.local/lib/python3.8/site-packages/airflow/example_dags/example_branch_datetime_operator.py
[2021-09-27 03:39:34,857] {logging_mixin.py:109} INFO - [2021-09-27 03:39:34,857] {dag.py:1833} INFO - Sync 1 DAGs
[2021-09-27 03:39:34,868] {logging_mixin.py:109} INFO - [2021-09-27 03:39:34,868] {dag.py:2306} INFO - Setting next_dagrun for example_branch_datetime_operator_2 to 2021-09-25 00:00:00+00:00
[2021-09-27 03:39:34,875] {processor.py:170} INFO - Processing /home/airflow/.local/lib/python3.8/site-packages/airflow/example_dags/example_branch_datetime_operator.py took 0.043 seconds
[2021-09-27 03:40:04,952] {processor.py:162} INFO - Started process (PID=1596) to work on /home/airflow/.local/lib/python3.8/site-packages/airflow/example_dags/example_branch_datetime_operator.py
[2021-09-27 03:40:04,953] {processor.py:613} INFO - Processing file /home/airflow/.local/lib/python3.8/site-packages/airflow/example_dags/example_branch_datetime_operator.py for tasks to queue
[2021-09-27 03:40:04,953] {logging_mixin.py:109} INFO - [2021-09-27 03:40:04,953] {dagbag.py:496} INFO - Filling up the DagBag from /home/airflow/.local/lib/python3.8/site-packages/airflow/example_dags/example_branch_datetime_operator.py
[2021-09-27 03:40:04,962] {processor.py:623} INFO - DAG(s) dict_keys(['example_branch_datetime_operator_2']) retrieved from /home/airflow/.local/lib/python3.8/site-packages/airflow/example_dags/example_branch_datetime_operator.py
[2021-09-27 03:40:04,974] {logging_mixin.py:109} INFO - [2021-09-27 03:40:04,974] {dag.py:1833} INFO - Sync 1 DAGs
[2021-09-27 03:40:04,985] {logging_mixin.py:109} INFO - [2021-09-27 03:40:04,985] {dag.py:2306} INFO - Setting next_dagrun for example_branch_datetime_operator_2 to 2021-09-25 00:00:00+00:00
[2021-09-27 03:40:04,996] {processor.py:170} INFO - Processing /home/airflow/.local/lib/python3.8/site-packages/airflow/example_dags/example_branch_datetime_operator.py took 0.046 seconds
[2021-09-27 03:40:35,344] {processor.py:162} INFO - Started process (PID=1650) to work on /home/airflow/.local/lib/python3.8/site-packages/airflow/example_dags/example_branch_datetime_operator.py
[2021-09-27 03:40:35,345] {processor.py:613} INFO - Processing file /home/airflow/.local/lib/python3.8/site-packages/airflow/example_dags/example_branch_datetime_operator.py for tasks to queue
[2021-09-27 03:40:35,346] {logging_mixin.py:109} INFO - [2021-09-27 03:40:35,345] {dagbag.py:496} INFO - Filling up the DagBag from /home/airflow/.local/lib/python3.8/site-packages/airflow/example_dags/example_branch_datetime_operator.py
[2021-09-27 03:40:35,353] {processor.py:623} INFO - DAG(s) dict_keys(['example_branch_datetime_operator_2']) retrieved from /home/airflow/.local/lib/python3.8/site-packages/airflow/example_dags/example_branch_datetime_operator.py
[2021-09-27 03:40:35,367] {logging_mixin.py:109} INFO - [2021-09-27 03:40:35,367] {dag.py:1833} INFO - Sync 1 DAGs
[2021-09-27 03:40:35,380] {logging_mixin.py:109} INFO - [2021-09-27 03:40:35,380] {dag.py:2306} INFO - Setting next_dagrun for example_branch_datetime_operator_2 to 2021-09-25 00:00:00+00:00
[2021-09-27 03:40:35,388] {processor.py:170} INFO - Processing /home/airflow/.local/lib/python3.8/site-packages/airflow/example_dags/example_branch_datetime_operator.py took 0.046 seconds
[2021-09-27 03:41:05,630] {processor.py:162} INFO - Started process (PID=1696) to work on /home/airflow/.local/lib/python3.8/site-packages/airflow/example_dags/example_branch_datetime_operator.py
[2021-09-27 03:41:05,630] {processor.py:613} INFO - Processing file /home/airflow/.local/lib/python3.8/site-packages/airflow/example_dags/example_branch_datetime_operator.py for tasks to queue
[2021-09-27 03:41:05,631] {logging_mixin.py:109} INFO - [2021-09-27 03:41:05,631] {dagbag.py:496} INFO - Filling up the DagBag from /home/airflow/.local/lib/python3.8/site-packages/airflow/example_dags/example_branch_datetime_operator.py
[2021-09-27 03:41:05,638] {processor.py:623} INFO - DAG(s) dict_keys(['example_branch_datetime_operator_2']) retrieved from /home/airflow/.local/lib/python3.8/site-packages/airflow/example_dags/example_branch_datetime_operator.py
[2021-09-27 03:41:05,657] {logging_mixin.py:109} INFO - [2021-09-27 03:41:05,657] {dag.py:1833} INFO - Sync 1 DAGs
[2021-09-27 03:41:05,672] {logging_mixin.py:109} INFO - [2021-09-27 03:41:05,672] {dag.py:2306} INFO - Setting next_dagrun for example_branch_datetime_operator_2 to 2021-09-25 00:00:00+00:00
[2021-09-27 03:41:05,682] {processor.py:170} INFO - Processing /home/airflow/.local/lib/python3.8/site-packages/airflow/example_dags/example_branch_datetime_operator.py took 0.055 seconds
[2021-09-27 03:41:35,920] {processor.py:162} INFO - Started process (PID=1750) to work on /home/airflow/.local/lib/python3.8/site-packages/airflow/example_dags/example_branch_datetime_operator.py
[2021-09-27 03:41:35,921] {processor.py:613} INFO - Processing file /home/airflow/.local/lib/python3.8/site-packages/airflow/example_dags/example_branch_datetime_operator.py for tasks to queue
[2021-09-27 03:41:35,922] {logging_mixin.py:109} INFO - [2021-09-27 03:41:35,922] {dagbag.py:496} INFO - Filling up the DagBag from /home/airflow/.local/lib/python3.8/site-packages/airflow/example_dags/example_branch_datetime_operator.py
[2021-09-27 03:41:35,929] {processor.py:623} INFO - DAG(s) dict_keys(['example_branch_datetime_operator_2']) retrieved from /home/airflow/.local/lib/python3.8/site-packages/airflow/example_dags/example_branch_datetime_operator.py
[2021-09-27 03:41:35,943] {logging_mixin.py:109} INFO - [2021-09-27 03:41:35,943] {dag.py:1833} INFO - Sync 1 DAGs
[2021-09-27 03:41:35,954] {logging_mixin.py:109} INFO - [2021-09-27 03:41:35,954] {dag.py:2306} INFO - Setting next_dagrun for example_branch_datetime_operator_2 to 2021-09-25 00:00:00+00:00
[2021-09-27 03:41:35,962] {processor.py:170} INFO - Processing /home/airflow/.local/lib/python3.8/site-packages/airflow/example_dags/example_branch_datetime_operator.py took 0.044 seconds
[2021-09-27 03:42:06,186] {processor.py:162} INFO - Started process (PID=1804) to work on /home/airflow/.local/lib/python3.8/site-packages/airflow/example_dags/example_branch_datetime_operator.py
[2021-09-27 03:42:06,187] {processor.py:613} INFO - Processing file /home/airflow/.local/lib/python3.8/site-packages/airflow/example_dags/example_branch_datetime_operator.py for tasks to queue
[2021-09-27 03:42:06,187] {logging_mixin.py:109} INFO - [2021-09-27 03:42:06,187] {dagbag.py:496} INFO - Filling up the DagBag from /home/airflow/.local/lib/python3.8/site-packages/airflow/example_dags/example_branch_datetime_operator.py
[2021-09-27 03:42:06,195] {processor.py:623} INFO - DAG(s) dict_keys(['example_branch_datetime_operator_2']) retrieved from /home/airflow/.local/lib/python3.8/site-packages/airflow/example_dags/example_branch_datetime_operator.py
[2021-09-27 03:42:06,208] {logging_mixin.py:109} INFO - [2021-09-27 03:42:06,208] {dag.py:1833} INFO - Sync 1 DAGs
[2021-09-27 03:42:06,218] {logging_mixin.py:109} INFO - [2021-09-27 03:42:06,218] {dag.py:2306} INFO - Setting next_dagrun for example_branch_datetime_operator_2 to 2021-09-25 00:00:00+00:00
[2021-09-27 03:42:06,225] {processor.py:170} INFO - Processing /home/airflow/.local/lib/python3.8/site-packages/airflow/example_dags/example_branch_datetime_operator.py took 0.041 seconds
[2021-09-27 03:42:36,498] {processor.py:162} INFO - Started process (PID=1858) to work on /home/airflow/.local/lib/python3.8/site-packages/airflow/example_dags/example_branch_datetime_operator.py
[2021-09-27 03:42:36,499] {processor.py:613} INFO - Processing file /home/airflow/.local/lib/python3.8/site-packages/airflow/example_dags/example_branch_datetime_operator.py for tasks to queue
[2021-09-27 03:42:36,500] {logging_mixin.py:109} INFO - [2021-09-27 03:42:36,499] {dagbag.py:496} INFO - Filling up the DagBag from /home/airflow/.local/lib/python3.8/site-packages/airflow/example_dags/example_branch_datetime_operator.py
[2021-09-27 03:42:36,510] {processor.py:623} INFO - DAG(s) dict_keys(['example_branch_datetime_operator_2']) retrieved from /home/airflow/.local/lib/python3.8/site-packages/airflow/example_dags/example_branch_datetime_operator.py
[2021-09-27 03:42:36,524] {logging_mixin.py:109} INFO - [2021-09-27 03:42:36,524] {dag.py:1833} INFO - Sync 1 DAGs
[2021-09-27 03:42:36,536] {logging_mixin.py:109} INFO - [2021-09-27 03:42:36,535] {dag.py:2306} INFO - Setting next_dagrun for example_branch_datetime_operator_2 to 2021-09-25 00:00:00+00:00
[2021-09-27 03:42:36,543] {processor.py:170} INFO - Processing /home/airflow/.local/lib/python3.8/site-packages/airflow/example_dags/example_branch_datetime_operator.py took 0.049 seconds
[2021-09-27 03:43:06,693] {processor.py:162} INFO - Started process (PID=1904) to work on /home/airflow/.local/lib/python3.8/site-packages/airflow/example_dags/example_branch_datetime_operator.py
[2021-09-27 03:43:06,693] {processor.py:613} INFO - Processing file /home/airflow/.local/lib/python3.8/site-packages/airflow/example_dags/example_branch_datetime_operator.py for tasks to queue
[2021-09-27 03:43:06,694] {logging_mixin.py:109} INFO - [2021-09-27 03:43:06,694] {dagbag.py:496} INFO - Filling up the DagBag from /home/airflow/.local/lib/python3.8/site-packages/airflow/example_dags/example_branch_datetime_operator.py
[2021-09-27 03:43:06,702] {processor.py:623} INFO - DAG(s) dict_keys(['example_branch_datetime_operator_2']) retrieved from /home/airflow/.local/lib/python3.8/site-packages/airflow/example_dags/example_branch_datetime_operator.py
[2021-09-27 03:43:06,716] {logging_mixin.py:109} INFO - [2021-09-27 03:43:06,716] {dag.py:1833} INFO - Sync 1 DAGs
[2021-09-27 03:43:06,727] {logging_mixin.py:109} INFO - [2021-09-27 03:43:06,727] {dag.py:2306} INFO - Setting next_dagrun for example_branch_datetime_operator_2 to 2021-09-25 00:00:00+00:00
[2021-09-27 03:43:06,735] {processor.py:170} INFO - Processing /home/airflow/.local/lib/python3.8/site-packages/airflow/example_dags/example_branch_datetime_operator.py took 0.045 seconds
[2021-09-27 03:43:37,043] {processor.py:162} INFO - Started process (PID=1957) to work on /home/airflow/.local/lib/python3.8/site-packages/airflow/example_dags/example_branch_datetime_operator.py
[2021-09-27 03:43:37,044] {processor.py:613} INFO - Processing file /home/airflow/.local/lib/python3.8/site-packages/airflow/example_dags/example_branch_datetime_operator.py for tasks to queue
[2021-09-27 03:43:37,044] {logging_mixin.py:109} INFO - [2021-09-27 03:43:37,044] {dagbag.py:496} INFO - Filling up the DagBag from /home/airflow/.local/lib/python3.8/site-packages/airflow/example_dags/example_branch_datetime_operator.py
[2021-09-27 03:43:37,053] {processor.py:623} INFO - DAG(s) dict_keys(['example_branch_datetime_operator_2']) retrieved from /home/airflow/.local/lib/python3.8/site-packages/airflow/example_dags/example_branch_datetime_operator.py
[2021-09-27 03:43:37,067] {logging_mixin.py:109} INFO - [2021-09-27 03:43:37,067] {dag.py:1833} INFO - Sync 1 DAGs
[2021-09-27 03:43:37,078] {logging_mixin.py:109} INFO - [2021-09-27 03:43:37,078] {dag.py:2306} INFO - Setting next_dagrun for example_branch_datetime_operator_2 to 2021-09-25 00:00:00+00:00
[2021-09-27 03:43:37,086] {processor.py:170} INFO - Processing /home/airflow/.local/lib/python3.8/site-packages/airflow/example_dags/example_branch_datetime_operator.py took 0.045 seconds
[2021-09-27 03:44:07,435] {processor.py:162} INFO - Started process (PID=2010) to work on /home/airflow/.local/lib/python3.8/site-packages/airflow/example_dags/example_branch_datetime_operator.py
[2021-09-27 03:44:07,436] {processor.py:613} INFO - Processing file /home/airflow/.local/lib/python3.8/site-packages/airflow/example_dags/example_branch_datetime_operator.py for tasks to queue
[2021-09-27 03:44:07,436] {logging_mixin.py:109} INFO - [2021-09-27 03:44:07,436] {dagbag.py:496} INFO - Filling up the DagBag from /home/airflow/.local/lib/python3.8/site-packages/airflow/example_dags/example_branch_datetime_operator.py
[2021-09-27 03:44:07,448] {processor.py:623} INFO - DAG(s) dict_keys(['example_branch_datetime_operator_2']) retrieved from /home/airflow/.local/lib/python3.8/site-packages/airflow/example_dags/example_branch_datetime_operator.py
[2021-09-27 03:44:07,465] {logging_mixin.py:109} INFO - [2021-09-27 03:44:07,465] {dag.py:1833} INFO - Sync 1 DAGs
[2021-09-27 03:44:07,479] {logging_mixin.py:109} INFO - [2021-09-27 03:44:07,479] {dag.py:2306} INFO - Setting next_dagrun for example_branch_datetime_operator_2 to 2021-09-25 00:00:00+00:00
[2021-09-27 03:44:07,488] {processor.py:170} INFO - Processing /home/airflow/.local/lib/python3.8/site-packages/airflow/example_dags/example_branch_datetime_operator.py took 0.056 seconds
[2021-09-27 03:44:37,756] {processor.py:162} INFO - Started process (PID=2063) to work on /home/airflow/.local/lib/python3.8/site-packages/airflow/example_dags/example_branch_datetime_operator.py
[2021-09-27 03:44:37,757] {processor.py:613} INFO - Processing file /home/airflow/.local/lib/python3.8/site-packages/airflow/example_dags/example_branch_datetime_operator.py for tasks to queue
[2021-09-27 03:44:37,757] {logging_mixin.py:109} INFO - [2021-09-27 03:44:37,757] {dagbag.py:496} INFO - Filling up the DagBag from /home/airflow/.local/lib/python3.8/site-packages/airflow/example_dags/example_branch_datetime_operator.py
[2021-09-27 03:44:37,767] {processor.py:623} INFO - DAG(s) dict_keys(['example_branch_datetime_operator_2']) retrieved from /home/airflow/.local/lib/python3.8/site-packages/airflow/example_dags/example_branch_datetime_operator.py
[2021-09-27 03:44:37,781] {logging_mixin.py:109} INFO - [2021-09-27 03:44:37,781] {dag.py:1833} INFO - Sync 1 DAGs
[2021-09-27 03:44:37,793] {logging_mixin.py:109} INFO - [2021-09-27 03:44:37,793] {dag.py:2306} INFO - Setting next_dagrun for example_branch_datetime_operator_2 to 2021-09-25 00:00:00+00:00
[2021-09-27 03:44:37,803] {processor.py:170} INFO - Processing /home/airflow/.local/lib/python3.8/site-packages/airflow/example_dags/example_branch_datetime_operator.py took 0.050 seconds
[2021-09-27 03:45:07,920] {processor.py:162} INFO - Started process (PID=2109) to work on /home/airflow/.local/lib/python3.8/site-packages/airflow/example_dags/example_branch_datetime_operator.py
[2021-09-27 03:45:07,921] {processor.py:613} INFO - Processing file /home/airflow/.local/lib/python3.8/site-packages/airflow/example_dags/example_branch_datetime_operator.py for tasks to queue
[2021-09-27 03:45:07,921] {logging_mixin.py:109} INFO - [2021-09-27 03:45:07,921] {dagbag.py:496} INFO - Filling up the DagBag from /home/airflow/.local/lib/python3.8/site-packages/airflow/example_dags/example_branch_datetime_operator.py
[2021-09-27 03:45:07,930] {processor.py:623} INFO - DAG(s) dict_keys(['example_branch_datetime_operator_2']) retrieved from /home/airflow/.local/lib/python3.8/site-packages/airflow/example_dags/example_branch_datetime_operator.py
[2021-09-27 03:45:07,943] {logging_mixin.py:109} INFO - [2021-09-27 03:45:07,943] {dag.py:1833} INFO - Sync 1 DAGs
[2021-09-27 03:45:07,953] {logging_mixin.py:109} INFO - [2021-09-27 03:45:07,953] {dag.py:2306} INFO - Setting next_dagrun for example_branch_datetime_operator_2 to 2021-09-25 00:00:00+00:00
[2021-09-27 03:45:07,961] {processor.py:170} INFO - Processing /home/airflow/.local/lib/python3.8/site-packages/airflow/example_dags/example_branch_datetime_operator.py took 0.044 seconds
[2021-09-27 03:45:38,366] {processor.py:162} INFO - Started process (PID=2162) to work on /home/airflow/.local/lib/python3.8/site-packages/airflow/example_dags/example_branch_datetime_operator.py
[2021-09-27 03:45:38,367] {processor.py:613} INFO - Processing file /home/airflow/.local/lib/python3.8/site-packages/airflow/example_dags/example_branch_datetime_operator.py for tasks to queue
[2021-09-27 03:45:38,368] {logging_mixin.py:109} INFO - [2021-09-27 03:45:38,368] {dagbag.py:496} INFO - Filling up the DagBag from /home/airflow/.local/lib/python3.8/site-packages/airflow/example_dags/example_branch_datetime_operator.py
[2021-09-27 03:45:38,376] {processor.py:623} INFO - DAG(s) dict_keys(['example_branch_datetime_operator_2']) retrieved from /home/airflow/.local/lib/python3.8/site-packages/airflow/example_dags/example_branch_datetime_operator.py
[2021-09-27 03:45:38,388] {logging_mixin.py:109} INFO - [2021-09-27 03:45:38,388] {dag.py:1833} INFO - Sync 1 DAGs
[2021-09-27 03:45:38,398] {logging_mixin.py:109} INFO - [2021-09-27 03:45:38,398] {dag.py:2306} INFO - Setting next_dagrun for example_branch_datetime_operator_2 to 2021-09-25 00:00:00+00:00
[2021-09-27 03:45:38,405] {processor.py:170} INFO - Processing /home/airflow/.local/lib/python3.8/site-packages/airflow/example_dags/example_branch_datetime_operator.py took 0.041 seconds
[2021-09-27 03:46:08,538] {processor.py:162} INFO - Started process (PID=2215) to work on /home/airflow/.local/lib/python3.8/site-packages/airflow/example_dags/example_branch_datetime_operator.py
[2021-09-27 03:46:08,539] {processor.py:613} INFO - Processing file /home/airflow/.local/lib/python3.8/site-packages/airflow/example_dags/example_branch_datetime_operator.py for tasks to queue
[2021-09-27 03:46:08,539] {logging_mixin.py:109} INFO - [2021-09-27 03:46:08,539] {dagbag.py:496} INFO - Filling up the DagBag from /home/airflow/.local/lib/python3.8/site-packages/airflow/example_dags/example_branch_datetime_operator.py
[2021-09-27 03:46:08,546] {processor.py:623} INFO - DAG(s) dict_keys(['example_branch_datetime_operator_2']) retrieved from /home/airflow/.local/lib/python3.8/site-packages/airflow/example_dags/example_branch_datetime_operator.py
[2021-09-27 03:46:08,559] {logging_mixin.py:109} INFO - [2021-09-27 03:46:08,559] {dag.py:1833} INFO - Sync 1 DAGs
[2021-09-27 03:46:08,569] {logging_mixin.py:109} INFO - [2021-09-27 03:46:08,569] {dag.py:2306} INFO - Setting next_dagrun for example_branch_datetime_operator_2 to 2021-09-25 00:00:00+00:00
[2021-09-27 03:46:08,576] {processor.py:170} INFO - Processing /home/airflow/.local/lib/python3.8/site-packages/airflow/example_dags/example_branch_datetime_operator.py took 0.040 seconds
[2021-09-27 03:46:38,752] {processor.py:162} INFO - Started process (PID=2268) to work on /home/airflow/.local/lib/python3.8/site-packages/airflow/example_dags/example_branch_datetime_operator.py
[2021-09-27 03:46:38,753] {processor.py:613} INFO - Processing file /home/airflow/.local/lib/python3.8/site-packages/airflow/example_dags/example_branch_datetime_operator.py for tasks to queue
[2021-09-27 03:46:38,753] {logging_mixin.py:109} INFO - [2021-09-27 03:46:38,753] {dagbag.py:496} INFO - Filling up the DagBag from /home/airflow/.local/lib/python3.8/site-packages/airflow/example_dags/example_branch_datetime_operator.py
[2021-09-27 03:46:38,761] {processor.py:623} INFO - DAG(s) dict_keys(['example_branch_datetime_operator_2']) retrieved from /home/airflow/.local/lib/python3.8/site-packages/airflow/example_dags/example_branch_datetime_operator.py
[2021-09-27 03:46:38,776] {logging_mixin.py:109} INFO - [2021-09-27 03:46:38,776] {dag.py:1833} INFO - Sync 1 DAGs
[2021-09-27 03:46:38,787] {logging_mixin.py:109} INFO - [2021-09-27 03:46:38,787] {dag.py:2306} INFO - Setting next_dagrun for example_branch_datetime_operator_2 to 2021-09-25 00:00:00+00:00
[2021-09-27 03:46:38,796] {processor.py:170} INFO - Processing /home/airflow/.local/lib/python3.8/site-packages/airflow/example_dags/example_branch_datetime_operator.py took 0.046 seconds
[2021-09-27 03:47:09,197] {processor.py:162} INFO - Started process (PID=2314) to work on /home/airflow/.local/lib/python3.8/site-packages/airflow/example_dags/example_branch_datetime_operator.py
[2021-09-27 03:47:09,198] {processor.py:613} INFO - Processing file /home/airflow/.local/lib/python3.8/site-packages/airflow/example_dags/example_branch_datetime_operator.py for tasks to queue
[2021-09-27 03:47:09,199] {logging_mixin.py:109} INFO - [2021-09-27 03:47:09,199] {dagbag.py:496} INFO - Filling up the DagBag from /home/airflow/.local/lib/python3.8/site-packages/airflow/example_dags/example_branch_datetime_operator.py
[2021-09-27 03:47:09,206] {processor.py:623} INFO - DAG(s) dict_keys(['example_branch_datetime_operator_2']) retrieved from /home/airflow/.local/lib/python3.8/site-packages/airflow/example_dags/example_branch_datetime_operator.py
[2021-09-27 03:47:09,219] {logging_mixin.py:109} INFO - [2021-09-27 03:47:09,219] {dag.py:1833} INFO - Sync 1 DAGs
[2021-09-27 03:47:09,230] {logging_mixin.py:109} INFO - [2021-09-27 03:47:09,229] {dag.py:2306} INFO - Setting next_dagrun for example_branch_datetime_operator_2 to 2021-09-25 00:00:00+00:00
[2021-09-27 03:47:09,237] {processor.py:170} INFO - Processing /home/airflow/.local/lib/python3.8/site-packages/airflow/example_dags/example_branch_datetime_operator.py took 0.041 seconds
[2021-09-27 03:47:39,410] {processor.py:162} INFO - Started process (PID=2367) to work on /home/airflow/.local/lib/python3.8/site-packages/airflow/example_dags/example_branch_datetime_operator.py
[2021-09-27 03:47:39,411] {processor.py:613} INFO - Processing file /home/airflow/.local/lib/python3.8/site-packages/airflow/example_dags/example_branch_datetime_operator.py for tasks to queue
[2021-09-27 03:47:39,411] {logging_mixin.py:109} INFO - [2021-09-27 03:47:39,411] {dagbag.py:496} INFO - Filling up the DagBag from /home/airflow/.local/lib/python3.8/site-packages/airflow/example_dags/example_branch_datetime_operator.py
[2021-09-27 03:47:39,419] {processor.py:623} INFO - DAG(s) dict_keys(['example_branch_datetime_operator_2']) retrieved from /home/airflow/.local/lib/python3.8/site-packages/airflow/example_dags/example_branch_datetime_operator.py
[2021-09-27 03:47:39,430] {logging_mixin.py:109} INFO - [2021-09-27 03:47:39,430] {dag.py:1833} INFO - Sync 1 DAGs
[2021-09-27 03:47:39,440] {logging_mixin.py:109} INFO - [2021-09-27 03:47:39,440] {dag.py:2306} INFO - Setting next_dagrun for example_branch_datetime_operator_2 to 2021-09-25 00:00:00+00:00
[2021-09-27 03:47:39,448] {processor.py:170} INFO - Processing /home/airflow/.local/lib/python3.8/site-packages/airflow/example_dags/example_branch_datetime_operator.py took 0.040 seconds
[2021-09-27 03:49:18,470] {processor.py:162} INFO - Started process (PID=43) to work on /home/airflow/.local/lib/python3.8/site-packages/airflow/example_dags/example_branch_datetime_operator.py
[2021-09-27 03:49:18,471] {processor.py:613} INFO - Processing file /home/airflow/.local/lib/python3.8/site-packages/airflow/example_dags/example_branch_datetime_operator.py for tasks to queue
[2021-09-27 03:49:18,471] {logging_mixin.py:109} INFO - [2021-09-27 03:49:18,471] {dagbag.py:496} INFO - Filling up the DagBag from /home/airflow/.local/lib/python3.8/site-packages/airflow/example_dags/example_branch_datetime_operator.py
[2021-09-27 03:49:18,481] {processor.py:623} INFO - DAG(s) dict_keys(['example_branch_datetime_operator_2']) retrieved from /home/airflow/.local/lib/python3.8/site-packages/airflow/example_dags/example_branch_datetime_operator.py
[2021-09-27 03:49:18,496] {logging_mixin.py:109} INFO - [2021-09-27 03:49:18,496] {dag.py:1833} INFO - Sync 1 DAGs
[2021-09-27 03:49:18,508] {logging_mixin.py:109} INFO - [2021-09-27 03:49:18,508] {dag.py:2306} INFO - Setting next_dagrun for example_branch_datetime_operator_2 to 2021-09-25 00:00:00+00:00
[2021-09-27 03:49:18,517] {processor.py:170} INFO - Processing /home/airflow/.local/lib/python3.8/site-packages/airflow/example_dags/example_branch_datetime_operator.py took 0.049 seconds
[2021-09-27 03:49:49,023] {processor.py:162} INFO - Started process (PID=96) to work on /home/airflow/.local/lib/python3.8/site-packages/airflow/example_dags/example_branch_datetime_operator.py
[2021-09-27 03:49:49,024] {processor.py:613} INFO - Processing file /home/airflow/.local/lib/python3.8/site-packages/airflow/example_dags/example_branch_datetime_operator.py for tasks to queue
[2021-09-27 03:49:49,025] {logging_mixin.py:109} INFO - [2021-09-27 03:49:49,025] {dagbag.py:496} INFO - Filling up the DagBag from /home/airflow/.local/lib/python3.8/site-packages/airflow/example_dags/example_branch_datetime_operator.py
[2021-09-27 03:49:49,034] {processor.py:623} INFO - DAG(s) dict_keys(['example_branch_datetime_operator_2']) retrieved from /home/airflow/.local/lib/python3.8/site-packages/airflow/example_dags/example_branch_datetime_operator.py
[2021-09-27 03:49:49,048] {logging_mixin.py:109} INFO - [2021-09-27 03:49:49,048] {dag.py:1833} INFO - Sync 1 DAGs
[2021-09-27 03:49:49,061] {logging_mixin.py:109} INFO - [2021-09-27 03:49:49,060] {dag.py:2306} INFO - Setting next_dagrun for example_branch_datetime_operator_2 to 2021-09-25 00:00:00+00:00
[2021-09-27 03:49:49,069] {processor.py:170} INFO - Processing /home/airflow/.local/lib/python3.8/site-packages/airflow/example_dags/example_branch_datetime_operator.py took 0.048 seconds
[2021-09-27 03:50:19,307] {processor.py:162} INFO - Started process (PID=149) to work on /home/airflow/.local/lib/python3.8/site-packages/airflow/example_dags/example_branch_datetime_operator.py
[2021-09-27 03:50:19,308] {processor.py:613} INFO - Processing file /home/airflow/.local/lib/python3.8/site-packages/airflow/example_dags/example_branch_datetime_operator.py for tasks to queue
[2021-09-27 03:50:19,308] {logging_mixin.py:109} INFO - [2021-09-27 03:50:19,308] {dagbag.py:496} INFO - Filling up the DagBag from /home/airflow/.local/lib/python3.8/site-packages/airflow/example_dags/example_branch_datetime_operator.py
[2021-09-27 03:50:19,316] {processor.py:623} INFO - DAG(s) dict_keys(['example_branch_datetime_operator_2']) retrieved from /home/airflow/.local/lib/python3.8/site-packages/airflow/example_dags/example_branch_datetime_operator.py
[2021-09-27 03:50:19,330] {logging_mixin.py:109} INFO - [2021-09-27 03:50:19,330] {dag.py:1833} INFO - Sync 1 DAGs
[2021-09-27 03:50:19,340] {logging_mixin.py:109} INFO - [2021-09-27 03:50:19,340] {dag.py:2306} INFO - Setting next_dagrun for example_branch_datetime_operator_2 to 2021-09-25 00:00:00+00:00
[2021-09-27 03:50:19,348] {processor.py:170} INFO - Processing /home/airflow/.local/lib/python3.8/site-packages/airflow/example_dags/example_branch_datetime_operator.py took 0.044 seconds
[2021-09-27 03:50:49,684] {processor.py:162} INFO - Started process (PID=202) to work on /home/airflow/.local/lib/python3.8/site-packages/airflow/example_dags/example_branch_datetime_operator.py
[2021-09-27 03:50:49,685] {processor.py:613} INFO - Processing file /home/airflow/.local/lib/python3.8/site-packages/airflow/example_dags/example_branch_datetime_operator.py for tasks to queue
[2021-09-27 03:50:49,685] {logging_mixin.py:109} INFO - [2021-09-27 03:50:49,685] {dagbag.py:496} INFO - Filling up the DagBag from /home/airflow/.local/lib/python3.8/site-packages/airflow/example_dags/example_branch_datetime_operator.py
[2021-09-27 03:50:49,695] {processor.py:623} INFO - DAG(s) dict_keys(['example_branch_datetime_operator_2']) retrieved from /home/airflow/.local/lib/python3.8/site-packages/airflow/example_dags/example_branch_datetime_operator.py
[2021-09-27 03:50:49,731] {logging_mixin.py:109} INFO - [2021-09-27 03:50:49,730] {dag.py:1833} INFO - Sync 1 DAGs
[2021-09-27 03:50:49,757] {logging_mixin.py:109} INFO - [2021-09-27 03:50:49,757] {dag.py:2306} INFO - Setting next_dagrun for example_branch_datetime_operator_2 to 2021-09-25 00:00:00+00:00
[2021-09-27 03:50:49,773] {processor.py:170} INFO - Processing /home/airflow/.local/lib/python3.8/site-packages/airflow/example_dags/example_branch_datetime_operator.py took 0.092 seconds
[2021-09-27 03:51:20,093] {processor.py:162} INFO - Started process (PID=248) to work on /home/airflow/.local/lib/python3.8/site-packages/airflow/example_dags/example_branch_datetime_operator.py
[2021-09-27 03:51:20,094] {processor.py:613} INFO - Processing file /home/airflow/.local/lib/python3.8/site-packages/airflow/example_dags/example_branch_datetime_operator.py for tasks to queue
[2021-09-27 03:51:20,095] {logging_mixin.py:109} INFO - [2021-09-27 03:51:20,095] {dagbag.py:496} INFO - Filling up the DagBag from /home/airflow/.local/lib/python3.8/site-packages/airflow/example_dags/example_branch_datetime_operator.py
[2021-09-27 03:51:20,102] {processor.py:623} INFO - DAG(s) dict_keys(['example_branch_datetime_operator_2']) retrieved from /home/airflow/.local/lib/python3.8/site-packages/airflow/example_dags/example_branch_datetime_operator.py
[2021-09-27 03:51:20,115] {logging_mixin.py:109} INFO - [2021-09-27 03:51:20,115] {dag.py:1833} INFO - Sync 1 DAGs
[2021-09-27 03:51:20,126] {logging_mixin.py:109} INFO - [2021-09-27 03:51:20,126] {dag.py:2306} INFO - Setting next_dagrun for example_branch_datetime_operator_2 to 2021-09-25 00:00:00+00:00
[2021-09-27 03:51:20,134] {processor.py:170} INFO - Processing /home/airflow/.local/lib/python3.8/site-packages/airflow/example_dags/example_branch_datetime_operator.py took 0.044 seconds
[2021-09-27 03:51:50,538] {processor.py:162} INFO - Started process (PID=301) to work on /home/airflow/.local/lib/python3.8/site-packages/airflow/example_dags/example_branch_datetime_operator.py
[2021-09-27 03:51:50,539] {processor.py:613} INFO - Processing file /home/airflow/.local/lib/python3.8/site-packages/airflow/example_dags/example_branch_datetime_operator.py for tasks to queue
[2021-09-27 03:51:50,539] {logging_mixin.py:109} INFO - [2021-09-27 03:51:50,539] {dagbag.py:496} INFO - Filling up the DagBag from /home/airflow/.local/lib/python3.8/site-packages/airflow/example_dags/example_branch_datetime_operator.py
[2021-09-27 03:51:50,549] {processor.py:623} INFO - DAG(s) dict_keys(['example_branch_datetime_operator_2']) retrieved from /home/airflow/.local/lib/python3.8/site-packages/airflow/example_dags/example_branch_datetime_operator.py
[2021-09-27 03:51:50,567] {logging_mixin.py:109} INFO - [2021-09-27 03:51:50,567] {dag.py:1833} INFO - Sync 1 DAGs
[2021-09-27 03:51:50,581] {logging_mixin.py:109} INFO - [2021-09-27 03:51:50,581] {dag.py:2306} INFO - Setting next_dagrun for example_branch_datetime_operator_2 to 2021-09-25 00:00:00+00:00
[2021-09-27 03:51:50,589] {processor.py:170} INFO - Processing /home/airflow/.local/lib/python3.8/site-packages/airflow/example_dags/example_branch_datetime_operator.py took 0.053 seconds
[2021-09-27 03:52:20,823] {processor.py:162} INFO - Started process (PID=355) to work on /home/airflow/.local/lib/python3.8/site-packages/airflow/example_dags/example_branch_datetime_operator.py
[2021-09-27 03:52:20,824] {processor.py:613} INFO - Processing file /home/airflow/.local/lib/python3.8/site-packages/airflow/example_dags/example_branch_datetime_operator.py for tasks to queue
[2021-09-27 03:52:20,825] {logging_mixin.py:109} INFO - [2021-09-27 03:52:20,825] {dagbag.py:496} INFO - Filling up the DagBag from /home/airflow/.local/lib/python3.8/site-packages/airflow/example_dags/example_branch_datetime_operator.py
[2021-09-27 03:52:20,833] {processor.py:623} INFO - DAG(s) dict_keys(['example_branch_datetime_operator_2']) retrieved from /home/airflow/.local/lib/python3.8/site-packages/airflow/example_dags/example_branch_datetime_operator.py
[2021-09-27 03:52:20,847] {logging_mixin.py:109} INFO - [2021-09-27 03:52:20,847] {dag.py:1833} INFO - Sync 1 DAGs
[2021-09-27 03:52:20,859] {logging_mixin.py:109} INFO - [2021-09-27 03:52:20,859] {dag.py:2306} INFO - Setting next_dagrun for example_branch_datetime_operator_2 to 2021-09-25 00:00:00+00:00
[2021-09-27 03:52:20,869] {processor.py:170} INFO - Processing /home/airflow/.local/lib/python3.8/site-packages/airflow/example_dags/example_branch_datetime_operator.py took 0.047 seconds
[2021-09-27 03:52:51,084] {processor.py:162} INFO - Started process (PID=408) to work on /home/airflow/.local/lib/python3.8/site-packages/airflow/example_dags/example_branch_datetime_operator.py
[2021-09-27 03:52:51,085] {processor.py:613} INFO - Processing file /home/airflow/.local/lib/python3.8/site-packages/airflow/example_dags/example_branch_datetime_operator.py for tasks to queue
[2021-09-27 03:52:51,085] {logging_mixin.py:109} INFO - [2021-09-27 03:52:51,085] {dagbag.py:496} INFO - Filling up the DagBag from /home/airflow/.local/lib/python3.8/site-packages/airflow/example_dags/example_branch_datetime_operator.py
[2021-09-27 03:52:51,095] {processor.py:623} INFO - DAG(s) dict_keys(['example_branch_datetime_operator_2']) retrieved from /home/airflow/.local/lib/python3.8/site-packages/airflow/example_dags/example_branch_datetime_operator.py
[2021-09-27 03:52:51,112] {logging_mixin.py:109} INFO - [2021-09-27 03:52:51,112] {dag.py:1833} INFO - Sync 1 DAGs
[2021-09-27 03:52:51,126] {logging_mixin.py:109} INFO - [2021-09-27 03:52:51,125] {dag.py:2306} INFO - Setting next_dagrun for example_branch_datetime_operator_2 to 2021-09-25 00:00:00+00:00
[2021-09-27 03:52:51,134] {processor.py:170} INFO - Processing /home/airflow/.local/lib/python3.8/site-packages/airflow/example_dags/example_branch_datetime_operator.py took 0.053 seconds
[2021-09-27 03:53:21,434] {processor.py:162} INFO - Started process (PID=455) to work on /home/airflow/.local/lib/python3.8/site-packages/airflow/example_dags/example_branch_datetime_operator.py
[2021-09-27 03:53:21,435] {processor.py:613} INFO - Processing file /home/airflow/.local/lib/python3.8/site-packages/airflow/example_dags/example_branch_datetime_operator.py for tasks to queue
[2021-09-27 03:53:21,435] {logging_mixin.py:109} INFO - [2021-09-27 03:53:21,435] {dagbag.py:496} INFO - Filling up the DagBag from /home/airflow/.local/lib/python3.8/site-packages/airflow/example_dags/example_branch_datetime_operator.py
[2021-09-27 03:53:21,443] {processor.py:623} INFO - DAG(s) dict_keys(['example_branch_datetime_operator_2']) retrieved from /home/airflow/.local/lib/python3.8/site-packages/airflow/example_dags/example_branch_datetime_operator.py
[2021-09-27 03:53:21,455] {logging_mixin.py:109} INFO - [2021-09-27 03:53:21,455] {dag.py:1833} INFO - Sync 1 DAGs
[2021-09-27 03:53:21,466] {logging_mixin.py:109} INFO - [2021-09-27 03:53:21,466] {dag.py:2306} INFO - Setting next_dagrun for example_branch_datetime_operator_2 to 2021-09-25 00:00:00+00:00
[2021-09-27 03:53:21,474] {processor.py:170} INFO - Processing /home/airflow/.local/lib/python3.8/site-packages/airflow/example_dags/example_branch_datetime_operator.py took 0.042 seconds
[2021-09-27 03:53:51,792] {processor.py:162} INFO - Started process (PID=508) to work on /home/airflow/.local/lib/python3.8/site-packages/airflow/example_dags/example_branch_datetime_operator.py
[2021-09-27 03:53:51,792] {processor.py:613} INFO - Processing file /home/airflow/.local/lib/python3.8/site-packages/airflow/example_dags/example_branch_datetime_operator.py for tasks to queue
[2021-09-27 03:53:51,793] {logging_mixin.py:109} INFO - [2021-09-27 03:53:51,793] {dagbag.py:496} INFO - Filling up the DagBag from /home/airflow/.local/lib/python3.8/site-packages/airflow/example_dags/example_branch_datetime_operator.py
[2021-09-27 03:53:51,800] {processor.py:623} INFO - DAG(s) dict_keys(['example_branch_datetime_operator_2']) retrieved from /home/airflow/.local/lib/python3.8/site-packages/airflow/example_dags/example_branch_datetime_operator.py
[2021-09-27 03:53:51,814] {logging_mixin.py:109} INFO - [2021-09-27 03:53:51,814] {dag.py:1833} INFO - Sync 1 DAGs
[2021-09-27 03:53:51,825] {logging_mixin.py:109} INFO - [2021-09-27 03:53:51,825] {dag.py:2306} INFO - Setting next_dagrun for example_branch_datetime_operator_2 to 2021-09-25 00:00:00+00:00
[2021-09-27 03:53:51,832] {processor.py:170} INFO - Processing /home/airflow/.local/lib/python3.8/site-packages/airflow/example_dags/example_branch_datetime_operator.py took 0.043 seconds
[2021-09-27 03:54:22,130] {processor.py:162} INFO - Started process (PID=561) to work on /home/airflow/.local/lib/python3.8/site-packages/airflow/example_dags/example_branch_datetime_operator.py
[2021-09-27 03:54:22,130] {processor.py:613} INFO - Processing file /home/airflow/.local/lib/python3.8/site-packages/airflow/example_dags/example_branch_datetime_operator.py for tasks to queue
[2021-09-27 03:54:22,131] {logging_mixin.py:109} INFO - [2021-09-27 03:54:22,131] {dagbag.py:496} INFO - Filling up the DagBag from /home/airflow/.local/lib/python3.8/site-packages/airflow/example_dags/example_branch_datetime_operator.py
[2021-09-27 03:54:22,138] {processor.py:623} INFO - DAG(s) dict_keys(['example_branch_datetime_operator_2']) retrieved from /home/airflow/.local/lib/python3.8/site-packages/airflow/example_dags/example_branch_datetime_operator.py
[2021-09-27 03:54:22,154] {logging_mixin.py:109} INFO - [2021-09-27 03:54:22,154] {dag.py:1833} INFO - Sync 1 DAGs
[2021-09-27 03:54:22,165] {logging_mixin.py:109} INFO - [2021-09-27 03:54:22,165] {dag.py:2306} INFO - Setting next_dagrun for example_branch_datetime_operator_2 to 2021-09-25 00:00:00+00:00
[2021-09-27 03:54:22,172] {processor.py:170} INFO - Processing /home/airflow/.local/lib/python3.8/site-packages/airflow/example_dags/example_branch_datetime_operator.py took 0.045 seconds
[2021-09-27 03:54:52,713] {processor.py:162} INFO - Started process (PID=614) to work on /home/airflow/.local/lib/python3.8/site-packages/airflow/example_dags/example_branch_datetime_operator.py
[2021-09-27 03:54:52,714] {processor.py:613} INFO - Processing file /home/airflow/.local/lib/python3.8/site-packages/airflow/example_dags/example_branch_datetime_operator.py for tasks to queue
[2021-09-27 03:54:52,714] {logging_mixin.py:109} INFO - [2021-09-27 03:54:52,714] {dagbag.py:496} INFO - Filling up the DagBag from /home/airflow/.local/lib/python3.8/site-packages/airflow/example_dags/example_branch_datetime_operator.py
[2021-09-27 03:54:52,722] {processor.py:623} INFO - DAG(s) dict_keys(['example_branch_datetime_operator_2']) retrieved from /home/airflow/.local/lib/python3.8/site-packages/airflow/example_dags/example_branch_datetime_operator.py
[2021-09-27 03:54:52,736] {logging_mixin.py:109} INFO - [2021-09-27 03:54:52,736] {dag.py:1833} INFO - Sync 1 DAGs
[2021-09-27 03:54:52,748] {logging_mixin.py:109} INFO - [2021-09-27 03:54:52,748] {dag.py:2306} INFO - Setting next_dagrun for example_branch_datetime_operator_2 to 2021-09-25 00:00:00+00:00
[2021-09-27 03:54:52,756] {processor.py:170} INFO - Processing /home/airflow/.local/lib/python3.8/site-packages/airflow/example_dags/example_branch_datetime_operator.py took 0.045 seconds
[2021-09-27 03:55:23,080] {processor.py:162} INFO - Started process (PID=660) to work on /home/airflow/.local/lib/python3.8/site-packages/airflow/example_dags/example_branch_datetime_operator.py
[2021-09-27 03:55:23,081] {processor.py:613} INFO - Processing file /home/airflow/.local/lib/python3.8/site-packages/airflow/example_dags/example_branch_datetime_operator.py for tasks to queue
[2021-09-27 03:55:23,081] {logging_mixin.py:109} INFO - [2021-09-27 03:55:23,081] {dagbag.py:496} INFO - Filling up the DagBag from /home/airflow/.local/lib/python3.8/site-packages/airflow/example_dags/example_branch_datetime_operator.py
[2021-09-27 03:55:23,089] {processor.py:623} INFO - DAG(s) dict_keys(['example_branch_datetime_operator_2']) retrieved from /home/airflow/.local/lib/python3.8/site-packages/airflow/example_dags/example_branch_datetime_operator.py
[2021-09-27 03:55:23,103] {logging_mixin.py:109} INFO - [2021-09-27 03:55:23,103] {dag.py:1833} INFO - Sync 1 DAGs
[2021-09-27 03:55:23,114] {logging_mixin.py:109} INFO - [2021-09-27 03:55:23,114] {dag.py:2306} INFO - Setting next_dagrun for example_branch_datetime_operator_2 to 2021-09-25 00:00:00+00:00
[2021-09-27 03:55:23,123] {processor.py:170} INFO - Processing /home/airflow/.local/lib/python3.8/site-packages/airflow/example_dags/example_branch_datetime_operator.py took 0.045 seconds
[2021-09-27 03:55:53,451] {processor.py:162} INFO - Started process (PID=713) to work on /home/airflow/.local/lib/python3.8/site-packages/airflow/example_dags/example_branch_datetime_operator.py
[2021-09-27 03:55:53,452] {processor.py:613} INFO - Processing file /home/airflow/.local/lib/python3.8/site-packages/airflow/example_dags/example_branch_datetime_operator.py for tasks to queue
[2021-09-27 03:55:53,452] {logging_mixin.py:109} INFO - [2021-09-27 03:55:53,452] {dagbag.py:496} INFO - Filling up the DagBag from /home/airflow/.local/lib/python3.8/site-packages/airflow/example_dags/example_branch_datetime_operator.py
[2021-09-27 03:55:53,460] {processor.py:623} INFO - DAG(s) dict_keys(['example_branch_datetime_operator_2']) retrieved from /home/airflow/.local/lib/python3.8/site-packages/airflow/example_dags/example_branch_datetime_operator.py
[2021-09-27 03:55:53,474] {logging_mixin.py:109} INFO - [2021-09-27 03:55:53,473] {dag.py:1833} INFO - Sync 1 DAGs
[2021-09-27 03:55:53,485] {logging_mixin.py:109} INFO - [2021-09-27 03:55:53,485] {dag.py:2306} INFO - Setting next_dagrun for example_branch_datetime_operator_2 to 2021-09-25 00:00:00+00:00
[2021-09-27 03:55:53,493] {processor.py:170} INFO - Processing /home/airflow/.local/lib/python3.8/site-packages/airflow/example_dags/example_branch_datetime_operator.py took 0.044 seconds
[2021-09-27 03:56:23,826] {processor.py:162} INFO - Started process (PID=766) to work on /home/airflow/.local/lib/python3.8/site-packages/airflow/example_dags/example_branch_datetime_operator.py
[2021-09-27 03:56:23,827] {processor.py:613} INFO - Processing file /home/airflow/.local/lib/python3.8/site-packages/airflow/example_dags/example_branch_datetime_operator.py for tasks to queue
[2021-09-27 03:56:23,828] {logging_mixin.py:109} INFO - [2021-09-27 03:56:23,828] {dagbag.py:496} INFO - Filling up the DagBag from /home/airflow/.local/lib/python3.8/site-packages/airflow/example_dags/example_branch_datetime_operator.py
[2021-09-27 03:56:23,838] {processor.py:623} INFO - DAG(s) dict_keys(['example_branch_datetime_operator_2']) retrieved from /home/airflow/.local/lib/python3.8/site-packages/airflow/example_dags/example_branch_datetime_operator.py
[2021-09-27 03:56:23,855] {logging_mixin.py:109} INFO - [2021-09-27 03:56:23,854] {dag.py:1833} INFO - Sync 1 DAGs
[2021-09-27 03:56:23,868] {logging_mixin.py:109} INFO - [2021-09-27 03:56:23,868] {dag.py:2306} INFO - Setting next_dagrun for example_branch_datetime_operator_2 to 2021-09-25 00:00:00+00:00
[2021-09-27 03:56:23,877] {processor.py:170} INFO - Processing /home/airflow/.local/lib/python3.8/site-packages/airflow/example_dags/example_branch_datetime_operator.py took 0.054 seconds
[2021-09-27 03:56:54,024] {processor.py:162} INFO - Started process (PID=819) to work on /home/airflow/.local/lib/python3.8/site-packages/airflow/example_dags/example_branch_datetime_operator.py
[2021-09-27 03:56:54,025] {processor.py:613} INFO - Processing file /home/airflow/.local/lib/python3.8/site-packages/airflow/example_dags/example_branch_datetime_operator.py for tasks to queue
[2021-09-27 03:56:54,026] {logging_mixin.py:109} INFO - [2021-09-27 03:56:54,025] {dagbag.py:496} INFO - Filling up the DagBag from /home/airflow/.local/lib/python3.8/site-packages/airflow/example_dags/example_branch_datetime_operator.py
[2021-09-27 03:56:54,034] {processor.py:623} INFO - DAG(s) dict_keys(['example_branch_datetime_operator_2']) retrieved from /home/airflow/.local/lib/python3.8/site-packages/airflow/example_dags/example_branch_datetime_operator.py
[2021-09-27 03:56:54,048] {logging_mixin.py:109} INFO - [2021-09-27 03:56:54,048] {dag.py:1833} INFO - Sync 1 DAGs
[2021-09-27 03:56:54,062] {logging_mixin.py:109} INFO - [2021-09-27 03:56:54,061] {dag.py:2306} INFO - Setting next_dagrun for example_branch_datetime_operator_2 to 2021-09-25 00:00:00+00:00
[2021-09-27 03:56:54,071] {processor.py:170} INFO - Processing /home/airflow/.local/lib/python3.8/site-packages/airflow/example_dags/example_branch_datetime_operator.py took 0.048 seconds
[2021-09-27 03:57:24,329] {processor.py:162} INFO - Started process (PID=864) to work on /home/airflow/.local/lib/python3.8/site-packages/airflow/example_dags/example_branch_datetime_operator.py
[2021-09-27 03:57:24,329] {processor.py:613} INFO - Processing file /home/airflow/.local/lib/python3.8/site-packages/airflow/example_dags/example_branch_datetime_operator.py for tasks to queue
[2021-09-27 03:57:24,330] {logging_mixin.py:109} INFO - [2021-09-27 03:57:24,330] {dagbag.py:496} INFO - Filling up the DagBag from /home/airflow/.local/lib/python3.8/site-packages/airflow/example_dags/example_branch_datetime_operator.py
[2021-09-27 03:57:24,339] {processor.py:623} INFO - DAG(s) dict_keys(['example_branch_datetime_operator_2']) retrieved from /home/airflow/.local/lib/python3.8/site-packages/airflow/example_dags/example_branch_datetime_operator.py
[2021-09-27 03:57:24,354] {logging_mixin.py:109} INFO - [2021-09-27 03:57:24,354] {dag.py:1833} INFO - Sync 1 DAGs
[2021-09-27 03:57:24,369] {logging_mixin.py:109} INFO - [2021-09-27 03:57:24,369] {dag.py:2306} INFO - Setting next_dagrun for example_branch_datetime_operator_2 to 2021-09-25 00:00:00+00:00
[2021-09-27 03:57:24,378] {processor.py:170} INFO - Processing /home/airflow/.local/lib/python3.8/site-packages/airflow/example_dags/example_branch_datetime_operator.py took 0.052 seconds
[2021-09-27 03:57:54,621] {processor.py:162} INFO - Started process (PID=917) to work on /home/airflow/.local/lib/python3.8/site-packages/airflow/example_dags/example_branch_datetime_operator.py
[2021-09-27 03:57:54,622] {processor.py:613} INFO - Processing file /home/airflow/.local/lib/python3.8/site-packages/airflow/example_dags/example_branch_datetime_operator.py for tasks to queue
[2021-09-27 03:57:54,622] {logging_mixin.py:109} INFO - [2021-09-27 03:57:54,622] {dagbag.py:496} INFO - Filling up the DagBag from /home/airflow/.local/lib/python3.8/site-packages/airflow/example_dags/example_branch_datetime_operator.py
[2021-09-27 03:57:54,631] {processor.py:623} INFO - DAG(s) dict_keys(['example_branch_datetime_operator_2']) retrieved from /home/airflow/.local/lib/python3.8/site-packages/airflow/example_dags/example_branch_datetime_operator.py
[2021-09-27 03:57:54,647] {logging_mixin.py:109} INFO - [2021-09-27 03:57:54,647] {dag.py:1833} INFO - Sync 1 DAGs
[2021-09-27 03:57:54,660] {logging_mixin.py:109} INFO - [2021-09-27 03:57:54,660] {dag.py:2306} INFO - Setting next_dagrun for example_branch_datetime_operator_2 to 2021-09-25 00:00:00+00:00
[2021-09-27 03:57:54,668] {processor.py:170} INFO - Processing /home/airflow/.local/lib/python3.8/site-packages/airflow/example_dags/example_branch_datetime_operator.py took 0.049 seconds
[2021-09-27 03:58:25,011] {processor.py:162} INFO - Started process (PID=970) to work on /home/airflow/.local/lib/python3.8/site-packages/airflow/example_dags/example_branch_datetime_operator.py
[2021-09-27 03:58:25,012] {processor.py:613} INFO - Processing file /home/airflow/.local/lib/python3.8/site-packages/airflow/example_dags/example_branch_datetime_operator.py for tasks to queue
[2021-09-27 03:58:25,012] {logging_mixin.py:109} INFO - [2021-09-27 03:58:25,012] {dagbag.py:496} INFO - Filling up the DagBag from /home/airflow/.local/lib/python3.8/site-packages/airflow/example_dags/example_branch_datetime_operator.py
[2021-09-27 03:58:25,020] {processor.py:623} INFO - DAG(s) dict_keys(['example_branch_datetime_operator_2']) retrieved from /home/airflow/.local/lib/python3.8/site-packages/airflow/example_dags/example_branch_datetime_operator.py
[2021-09-27 03:58:25,032] {logging_mixin.py:109} INFO - [2021-09-27 03:58:25,032] {dag.py:1833} INFO - Sync 1 DAGs
[2021-09-27 03:58:25,042] {logging_mixin.py:109} INFO - [2021-09-27 03:58:25,042] {dag.py:2306} INFO - Setting next_dagrun for example_branch_datetime_operator_2 to 2021-09-25 00:00:00+00:00
[2021-09-27 03:58:25,050] {processor.py:170} INFO - Processing /home/airflow/.local/lib/python3.8/site-packages/airflow/example_dags/example_branch_datetime_operator.py took 0.041 seconds
