[2021-09-27 03:24:52,259] {processor.py:162} INFO - Started process (PID=35) to work on /home/airflow/.local/lib/python3.8/site-packages/airflow/example_dags/example_task_group.py
[2021-09-27 03:24:52,260] {processor.py:613} INFO - Processing file /home/airflow/.local/lib/python3.8/site-packages/airflow/example_dags/example_task_group.py for tasks to queue
[2021-09-27 03:24:52,260] {logging_mixin.py:109} INFO - [2021-09-27 03:24:52,260] {dagbag.py:496} INFO - Filling up the DagBag from /home/airflow/.local/lib/python3.8/site-packages/airflow/example_dags/example_task_group.py
[2021-09-27 03:24:52,271] {processor.py:623} INFO - DAG(s) dict_keys(['example_task_group']) retrieved from /home/airflow/.local/lib/python3.8/site-packages/airflow/example_dags/example_task_group.py
[2021-09-27 03:24:52,519] {logging_mixin.py:109} INFO - [2021-09-27 03:24:52,519] {dag.py:1833} INFO - Sync 1 DAGs
[2021-09-27 03:24:52,531] {logging_mixin.py:109} INFO - [2021-09-27 03:24:52,531] {dag.py:2306} INFO - Setting next_dagrun for example_task_group to 2021-09-25 00:00:00+00:00
[2021-09-27 03:24:52,542] {processor.py:170} INFO - Processing /home/airflow/.local/lib/python3.8/site-packages/airflow/example_dags/example_task_group.py took 0.285 seconds
[2021-09-27 03:25:22,711] {processor.py:162} INFO - Started process (PID=89) to work on /home/airflow/.local/lib/python3.8/site-packages/airflow/example_dags/example_task_group.py
[2021-09-27 03:25:22,712] {processor.py:613} INFO - Processing file /home/airflow/.local/lib/python3.8/site-packages/airflow/example_dags/example_task_group.py for tasks to queue
[2021-09-27 03:25:22,712] {logging_mixin.py:109} INFO - [2021-09-27 03:25:22,712] {dagbag.py:496} INFO - Filling up the DagBag from /home/airflow/.local/lib/python3.8/site-packages/airflow/example_dags/example_task_group.py
[2021-09-27 03:25:22,723] {processor.py:623} INFO - DAG(s) dict_keys(['example_task_group']) retrieved from /home/airflow/.local/lib/python3.8/site-packages/airflow/example_dags/example_task_group.py
[2021-09-27 03:25:22,741] {logging_mixin.py:109} INFO - [2021-09-27 03:25:22,741] {dag.py:1833} INFO - Sync 1 DAGs
[2021-09-27 03:25:22,753] {logging_mixin.py:109} INFO - [2021-09-27 03:25:22,753] {dag.py:2306} INFO - Setting next_dagrun for example_task_group to 2021-09-25 00:00:00+00:00
[2021-09-27 03:25:22,762] {processor.py:170} INFO - Processing /home/airflow/.local/lib/python3.8/site-packages/airflow/example_dags/example_task_group.py took 0.054 seconds
[2021-09-27 03:25:53,205] {processor.py:162} INFO - Started process (PID=142) to work on /home/airflow/.local/lib/python3.8/site-packages/airflow/example_dags/example_task_group.py
[2021-09-27 03:25:53,206] {processor.py:613} INFO - Processing file /home/airflow/.local/lib/python3.8/site-packages/airflow/example_dags/example_task_group.py for tasks to queue
[2021-09-27 03:25:53,219] {logging_mixin.py:109} INFO - [2021-09-27 03:25:53,219] {dagbag.py:496} INFO - Filling up the DagBag from /home/airflow/.local/lib/python3.8/site-packages/airflow/example_dags/example_task_group.py
[2021-09-27 03:25:53,266] {processor.py:623} INFO - DAG(s) dict_keys(['example_task_group']) retrieved from /home/airflow/.local/lib/python3.8/site-packages/airflow/example_dags/example_task_group.py
[2021-09-27 03:25:53,310] {logging_mixin.py:109} INFO - [2021-09-27 03:25:53,308] {dag.py:1833} INFO - Sync 1 DAGs
[2021-09-27 03:25:53,337] {logging_mixin.py:109} INFO - [2021-09-27 03:25:53,337] {dag.py:2306} INFO - Setting next_dagrun for example_task_group to 2021-09-25 00:00:00+00:00
[2021-09-27 03:25:53,359] {processor.py:170} INFO - Processing /home/airflow/.local/lib/python3.8/site-packages/airflow/example_dags/example_task_group.py took 0.168 seconds
[2021-09-27 03:26:24,214] {processor.py:162} INFO - Started process (PID=195) to work on /home/airflow/.local/lib/python3.8/site-packages/airflow/example_dags/example_task_group.py
[2021-09-27 03:26:24,215] {processor.py:613} INFO - Processing file /home/airflow/.local/lib/python3.8/site-packages/airflow/example_dags/example_task_group.py for tasks to queue
[2021-09-27 03:26:24,216] {logging_mixin.py:109} INFO - [2021-09-27 03:26:24,216] {dagbag.py:496} INFO - Filling up the DagBag from /home/airflow/.local/lib/python3.8/site-packages/airflow/example_dags/example_task_group.py
[2021-09-27 03:26:24,226] {processor.py:623} INFO - DAG(s) dict_keys(['example_task_group']) retrieved from /home/airflow/.local/lib/python3.8/site-packages/airflow/example_dags/example_task_group.py
[2021-09-27 03:26:24,242] {logging_mixin.py:109} INFO - [2021-09-27 03:26:24,242] {dag.py:1833} INFO - Sync 1 DAGs
[2021-09-27 03:26:24,253] {logging_mixin.py:109} INFO - [2021-09-27 03:26:24,253] {dag.py:2306} INFO - Setting next_dagrun for example_task_group to 2021-09-25 00:00:00+00:00
[2021-09-27 03:26:24,263] {processor.py:170} INFO - Processing /home/airflow/.local/lib/python3.8/site-packages/airflow/example_dags/example_task_group.py took 0.052 seconds
[2021-09-27 03:26:54,637] {processor.py:162} INFO - Started process (PID=241) to work on /home/airflow/.local/lib/python3.8/site-packages/airflow/example_dags/example_task_group.py
[2021-09-27 03:26:54,638] {processor.py:613} INFO - Processing file /home/airflow/.local/lib/python3.8/site-packages/airflow/example_dags/example_task_group.py for tasks to queue
[2021-09-27 03:26:54,638] {logging_mixin.py:109} INFO - [2021-09-27 03:26:54,638] {dagbag.py:496} INFO - Filling up the DagBag from /home/airflow/.local/lib/python3.8/site-packages/airflow/example_dags/example_task_group.py
[2021-09-27 03:26:54,646] {processor.py:623} INFO - DAG(s) dict_keys(['example_task_group']) retrieved from /home/airflow/.local/lib/python3.8/site-packages/airflow/example_dags/example_task_group.py
[2021-09-27 03:26:54,659] {logging_mixin.py:109} INFO - [2021-09-27 03:26:54,659] {dag.py:1833} INFO - Sync 1 DAGs
[2021-09-27 03:26:54,668] {logging_mixin.py:109} INFO - [2021-09-27 03:26:54,668] {dag.py:2306} INFO - Setting next_dagrun for example_task_group to 2021-09-25 00:00:00+00:00
[2021-09-27 03:26:54,676] {processor.py:170} INFO - Processing /home/airflow/.local/lib/python3.8/site-packages/airflow/example_dags/example_task_group.py took 0.041 seconds
[2021-09-27 03:27:24,787] {processor.py:162} INFO - Started process (PID=293) to work on /home/airflow/.local/lib/python3.8/site-packages/airflow/example_dags/example_task_group.py
[2021-09-27 03:27:24,788] {processor.py:613} INFO - Processing file /home/airflow/.local/lib/python3.8/site-packages/airflow/example_dags/example_task_group.py for tasks to queue
[2021-09-27 03:27:24,788] {logging_mixin.py:109} INFO - [2021-09-27 03:27:24,788] {dagbag.py:496} INFO - Filling up the DagBag from /home/airflow/.local/lib/python3.8/site-packages/airflow/example_dags/example_task_group.py
[2021-09-27 03:27:24,796] {processor.py:623} INFO - DAG(s) dict_keys(['example_task_group']) retrieved from /home/airflow/.local/lib/python3.8/site-packages/airflow/example_dags/example_task_group.py
[2021-09-27 03:27:24,813] {logging_mixin.py:109} INFO - [2021-09-27 03:27:24,813] {dag.py:1833} INFO - Sync 1 DAGs
[2021-09-27 03:27:24,824] {logging_mixin.py:109} INFO - [2021-09-27 03:27:24,824] {dag.py:2306} INFO - Setting next_dagrun for example_task_group to 2021-09-25 00:00:00+00:00
[2021-09-27 03:27:24,835] {processor.py:170} INFO - Processing /home/airflow/.local/lib/python3.8/site-packages/airflow/example_dags/example_task_group.py took 0.051 seconds
[2021-09-27 03:27:54,900] {processor.py:162} INFO - Started process (PID=346) to work on /home/airflow/.local/lib/python3.8/site-packages/airflow/example_dags/example_task_group.py
[2021-09-27 03:27:54,900] {processor.py:613} INFO - Processing file /home/airflow/.local/lib/python3.8/site-packages/airflow/example_dags/example_task_group.py for tasks to queue
[2021-09-27 03:27:54,901] {logging_mixin.py:109} INFO - [2021-09-27 03:27:54,901] {dagbag.py:496} INFO - Filling up the DagBag from /home/airflow/.local/lib/python3.8/site-packages/airflow/example_dags/example_task_group.py
[2021-09-27 03:27:54,909] {processor.py:623} INFO - DAG(s) dict_keys(['example_task_group']) retrieved from /home/airflow/.local/lib/python3.8/site-packages/airflow/example_dags/example_task_group.py
[2021-09-27 03:27:54,926] {logging_mixin.py:109} INFO - [2021-09-27 03:27:54,926] {dag.py:1833} INFO - Sync 1 DAGs
[2021-09-27 03:27:54,937] {logging_mixin.py:109} INFO - [2021-09-27 03:27:54,937] {dag.py:2306} INFO - Setting next_dagrun for example_task_group to 2021-09-25 00:00:00+00:00
[2021-09-27 03:27:54,954] {processor.py:170} INFO - Processing /home/airflow/.local/lib/python3.8/site-packages/airflow/example_dags/example_task_group.py took 0.056 seconds
[2021-09-27 03:28:25,322] {processor.py:162} INFO - Started process (PID=401) to work on /home/airflow/.local/lib/python3.8/site-packages/airflow/example_dags/example_task_group.py
[2021-09-27 03:28:25,322] {processor.py:613} INFO - Processing file /home/airflow/.local/lib/python3.8/site-packages/airflow/example_dags/example_task_group.py for tasks to queue
[2021-09-27 03:28:25,323] {logging_mixin.py:109} INFO - [2021-09-27 03:28:25,323] {dagbag.py:496} INFO - Filling up the DagBag from /home/airflow/.local/lib/python3.8/site-packages/airflow/example_dags/example_task_group.py
[2021-09-27 03:28:25,334] {processor.py:623} INFO - DAG(s) dict_keys(['example_task_group']) retrieved from /home/airflow/.local/lib/python3.8/site-packages/airflow/example_dags/example_task_group.py
[2021-09-27 03:28:25,354] {logging_mixin.py:109} INFO - [2021-09-27 03:28:25,354] {dag.py:1833} INFO - Sync 1 DAGs
[2021-09-27 03:28:25,366] {logging_mixin.py:109} INFO - [2021-09-27 03:28:25,366] {dag.py:2306} INFO - Setting next_dagrun for example_task_group to 2021-09-25 00:00:00+00:00
[2021-09-27 03:28:25,390] {processor.py:170} INFO - Processing /home/airflow/.local/lib/python3.8/site-packages/airflow/example_dags/example_task_group.py took 0.071 seconds
[2021-09-27 03:28:55,640] {processor.py:162} INFO - Started process (PID=447) to work on /home/airflow/.local/lib/python3.8/site-packages/airflow/example_dags/example_task_group.py
[2021-09-27 03:28:55,641] {processor.py:613} INFO - Processing file /home/airflow/.local/lib/python3.8/site-packages/airflow/example_dags/example_task_group.py for tasks to queue
[2021-09-27 03:28:55,642] {logging_mixin.py:109} INFO - [2021-09-27 03:28:55,642] {dagbag.py:496} INFO - Filling up the DagBag from /home/airflow/.local/lib/python3.8/site-packages/airflow/example_dags/example_task_group.py
[2021-09-27 03:28:55,650] {processor.py:623} INFO - DAG(s) dict_keys(['example_task_group']) retrieved from /home/airflow/.local/lib/python3.8/site-packages/airflow/example_dags/example_task_group.py
[2021-09-27 03:28:55,665] {logging_mixin.py:109} INFO - [2021-09-27 03:28:55,665] {dag.py:1833} INFO - Sync 1 DAGs
[2021-09-27 03:28:55,673] {logging_mixin.py:109} INFO - [2021-09-27 03:28:55,673] {dag.py:2306} INFO - Setting next_dagrun for example_task_group to 2021-09-25 00:00:00+00:00
[2021-09-27 03:28:55,680] {processor.py:170} INFO - Processing /home/airflow/.local/lib/python3.8/site-packages/airflow/example_dags/example_task_group.py took 0.043 seconds
[2021-09-27 03:29:25,908] {processor.py:162} INFO - Started process (PID=500) to work on /home/airflow/.local/lib/python3.8/site-packages/airflow/example_dags/example_task_group.py
[2021-09-27 03:29:25,909] {processor.py:613} INFO - Processing file /home/airflow/.local/lib/python3.8/site-packages/airflow/example_dags/example_task_group.py for tasks to queue
[2021-09-27 03:29:25,910] {logging_mixin.py:109} INFO - [2021-09-27 03:29:25,909] {dagbag.py:496} INFO - Filling up the DagBag from /home/airflow/.local/lib/python3.8/site-packages/airflow/example_dags/example_task_group.py
[2021-09-27 03:29:25,917] {processor.py:623} INFO - DAG(s) dict_keys(['example_task_group']) retrieved from /home/airflow/.local/lib/python3.8/site-packages/airflow/example_dags/example_task_group.py
[2021-09-27 03:29:25,932] {logging_mixin.py:109} INFO - [2021-09-27 03:29:25,932] {dag.py:1833} INFO - Sync 1 DAGs
[2021-09-27 03:29:25,941] {logging_mixin.py:109} INFO - [2021-09-27 03:29:25,941] {dag.py:2306} INFO - Setting next_dagrun for example_task_group to 2021-09-25 00:00:00+00:00
[2021-09-27 03:29:25,950] {processor.py:170} INFO - Processing /home/airflow/.local/lib/python3.8/site-packages/airflow/example_dags/example_task_group.py took 0.044 seconds
[2021-09-27 03:29:55,983] {processor.py:162} INFO - Started process (PID=553) to work on /home/airflow/.local/lib/python3.8/site-packages/airflow/example_dags/example_task_group.py
[2021-09-27 03:29:55,984] {processor.py:613} INFO - Processing file /home/airflow/.local/lib/python3.8/site-packages/airflow/example_dags/example_task_group.py for tasks to queue
[2021-09-27 03:29:55,985] {logging_mixin.py:109} INFO - [2021-09-27 03:29:55,985] {dagbag.py:496} INFO - Filling up the DagBag from /home/airflow/.local/lib/python3.8/site-packages/airflow/example_dags/example_task_group.py
[2021-09-27 03:29:55,993] {processor.py:623} INFO - DAG(s) dict_keys(['example_task_group']) retrieved from /home/airflow/.local/lib/python3.8/site-packages/airflow/example_dags/example_task_group.py
[2021-09-27 03:29:56,008] {logging_mixin.py:109} INFO - [2021-09-27 03:29:56,008] {dag.py:1833} INFO - Sync 1 DAGs
[2021-09-27 03:29:56,017] {logging_mixin.py:109} INFO - [2021-09-27 03:29:56,017] {dag.py:2306} INFO - Setting next_dagrun for example_task_group to 2021-09-25 00:00:00+00:00
[2021-09-27 03:29:56,032] {processor.py:170} INFO - Processing /home/airflow/.local/lib/python3.8/site-packages/airflow/example_dags/example_task_group.py took 0.051 seconds
[2021-09-27 03:30:26,191] {processor.py:162} INFO - Started process (PID=606) to work on /home/airflow/.local/lib/python3.8/site-packages/airflow/example_dags/example_task_group.py
[2021-09-27 03:30:26,192] {processor.py:613} INFO - Processing file /home/airflow/.local/lib/python3.8/site-packages/airflow/example_dags/example_task_group.py for tasks to queue
[2021-09-27 03:30:26,193] {logging_mixin.py:109} INFO - [2021-09-27 03:30:26,193] {dagbag.py:496} INFO - Filling up the DagBag from /home/airflow/.local/lib/python3.8/site-packages/airflow/example_dags/example_task_group.py
[2021-09-27 03:30:26,203] {processor.py:623} INFO - DAG(s) dict_keys(['example_task_group']) retrieved from /home/airflow/.local/lib/python3.8/site-packages/airflow/example_dags/example_task_group.py
[2021-09-27 03:30:26,220] {logging_mixin.py:109} INFO - [2021-09-27 03:30:26,220] {dag.py:1833} INFO - Sync 1 DAGs
[2021-09-27 03:30:26,232] {logging_mixin.py:109} INFO - [2021-09-27 03:30:26,232] {dag.py:2306} INFO - Setting next_dagrun for example_task_group to 2021-09-25 00:00:00+00:00
[2021-09-27 03:30:26,242] {processor.py:170} INFO - Processing /home/airflow/.local/lib/python3.8/site-packages/airflow/example_dags/example_task_group.py took 0.054 seconds
[2021-09-27 03:30:56,425] {processor.py:162} INFO - Started process (PID=652) to work on /home/airflow/.local/lib/python3.8/site-packages/airflow/example_dags/example_task_group.py
[2021-09-27 03:30:56,426] {processor.py:613} INFO - Processing file /home/airflow/.local/lib/python3.8/site-packages/airflow/example_dags/example_task_group.py for tasks to queue
[2021-09-27 03:30:56,426] {logging_mixin.py:109} INFO - [2021-09-27 03:30:56,426] {dagbag.py:496} INFO - Filling up the DagBag from /home/airflow/.local/lib/python3.8/site-packages/airflow/example_dags/example_task_group.py
[2021-09-27 03:30:56,434] {processor.py:623} INFO - DAG(s) dict_keys(['example_task_group']) retrieved from /home/airflow/.local/lib/python3.8/site-packages/airflow/example_dags/example_task_group.py
[2021-09-27 03:30:56,449] {logging_mixin.py:109} INFO - [2021-09-27 03:30:56,449] {dag.py:1833} INFO - Sync 1 DAGs
[2021-09-27 03:30:56,459] {logging_mixin.py:109} INFO - [2021-09-27 03:30:56,459] {dag.py:2306} INFO - Setting next_dagrun for example_task_group to 2021-09-25 00:00:00+00:00
[2021-09-27 03:30:56,467] {processor.py:170} INFO - Processing /home/airflow/.local/lib/python3.8/site-packages/airflow/example_dags/example_task_group.py took 0.045 seconds
[2021-09-27 03:31:26,646] {processor.py:162} INFO - Started process (PID=705) to work on /home/airflow/.local/lib/python3.8/site-packages/airflow/example_dags/example_task_group.py
[2021-09-27 03:31:26,647] {processor.py:613} INFO - Processing file /home/airflow/.local/lib/python3.8/site-packages/airflow/example_dags/example_task_group.py for tasks to queue
[2021-09-27 03:31:26,647] {logging_mixin.py:109} INFO - [2021-09-27 03:31:26,647] {dagbag.py:496} INFO - Filling up the DagBag from /home/airflow/.local/lib/python3.8/site-packages/airflow/example_dags/example_task_group.py
[2021-09-27 03:31:26,655] {processor.py:623} INFO - DAG(s) dict_keys(['example_task_group']) retrieved from /home/airflow/.local/lib/python3.8/site-packages/airflow/example_dags/example_task_group.py
[2021-09-27 03:31:26,670] {logging_mixin.py:109} INFO - [2021-09-27 03:31:26,669] {dag.py:1833} INFO - Sync 1 DAGs
[2021-09-27 03:31:26,678] {logging_mixin.py:109} INFO - [2021-09-27 03:31:26,678] {dag.py:2306} INFO - Setting next_dagrun for example_task_group to 2021-09-25 00:00:00+00:00
[2021-09-27 03:31:26,696] {processor.py:170} INFO - Processing /home/airflow/.local/lib/python3.8/site-packages/airflow/example_dags/example_task_group.py took 0.052 seconds
[2021-09-27 03:31:56,904] {processor.py:162} INFO - Started process (PID=758) to work on /home/airflow/.local/lib/python3.8/site-packages/airflow/example_dags/example_task_group.py
[2021-09-27 03:31:56,904] {processor.py:613} INFO - Processing file /home/airflow/.local/lib/python3.8/site-packages/airflow/example_dags/example_task_group.py for tasks to queue
[2021-09-27 03:31:56,905] {logging_mixin.py:109} INFO - [2021-09-27 03:31:56,905] {dagbag.py:496} INFO - Filling up the DagBag from /home/airflow/.local/lib/python3.8/site-packages/airflow/example_dags/example_task_group.py
[2021-09-27 03:31:56,913] {processor.py:623} INFO - DAG(s) dict_keys(['example_task_group']) retrieved from /home/airflow/.local/lib/python3.8/site-packages/airflow/example_dags/example_task_group.py
[2021-09-27 03:31:56,927] {logging_mixin.py:109} INFO - [2021-09-27 03:31:56,927] {dag.py:1833} INFO - Sync 1 DAGs
[2021-09-27 03:31:56,935] {logging_mixin.py:109} INFO - [2021-09-27 03:31:56,935] {dag.py:2306} INFO - Setting next_dagrun for example_task_group to 2021-09-25 00:00:00+00:00
[2021-09-27 03:31:56,944] {processor.py:170} INFO - Processing /home/airflow/.local/lib/python3.8/site-packages/airflow/example_dags/example_task_group.py took 0.043 seconds
[2021-09-27 03:32:27,156] {processor.py:162} INFO - Started process (PID=811) to work on /home/airflow/.local/lib/python3.8/site-packages/airflow/example_dags/example_task_group.py
[2021-09-27 03:32:27,157] {processor.py:613} INFO - Processing file /home/airflow/.local/lib/python3.8/site-packages/airflow/example_dags/example_task_group.py for tasks to queue
[2021-09-27 03:32:27,157] {logging_mixin.py:109} INFO - [2021-09-27 03:32:27,157] {dagbag.py:496} INFO - Filling up the DagBag from /home/airflow/.local/lib/python3.8/site-packages/airflow/example_dags/example_task_group.py
[2021-09-27 03:32:27,168] {processor.py:623} INFO - DAG(s) dict_keys(['example_task_group']) retrieved from /home/airflow/.local/lib/python3.8/site-packages/airflow/example_dags/example_task_group.py
[2021-09-27 03:32:27,185] {logging_mixin.py:109} INFO - [2021-09-27 03:32:27,185] {dag.py:1833} INFO - Sync 1 DAGs
[2021-09-27 03:32:27,195] {logging_mixin.py:109} INFO - [2021-09-27 03:32:27,195] {dag.py:2306} INFO - Setting next_dagrun for example_task_group to 2021-09-25 00:00:00+00:00
[2021-09-27 03:32:27,205] {processor.py:170} INFO - Processing /home/airflow/.local/lib/python3.8/site-packages/airflow/example_dags/example_task_group.py took 0.051 seconds
[2021-09-27 03:32:57,485] {processor.py:162} INFO - Started process (PID=857) to work on /home/airflow/.local/lib/python3.8/site-packages/airflow/example_dags/example_task_group.py
[2021-09-27 03:32:57,486] {processor.py:613} INFO - Processing file /home/airflow/.local/lib/python3.8/site-packages/airflow/example_dags/example_task_group.py for tasks to queue
[2021-09-27 03:32:57,486] {logging_mixin.py:109} INFO - [2021-09-27 03:32:57,486] {dagbag.py:496} INFO - Filling up the DagBag from /home/airflow/.local/lib/python3.8/site-packages/airflow/example_dags/example_task_group.py
[2021-09-27 03:32:57,494] {processor.py:623} INFO - DAG(s) dict_keys(['example_task_group']) retrieved from /home/airflow/.local/lib/python3.8/site-packages/airflow/example_dags/example_task_group.py
[2021-09-27 03:32:57,509] {logging_mixin.py:109} INFO - [2021-09-27 03:32:57,509] {dag.py:1833} INFO - Sync 1 DAGs
[2021-09-27 03:32:57,519] {logging_mixin.py:109} INFO - [2021-09-27 03:32:57,518] {dag.py:2306} INFO - Setting next_dagrun for example_task_group to 2021-09-25 00:00:00+00:00
[2021-09-27 03:32:57,527] {processor.py:170} INFO - Processing /home/airflow/.local/lib/python3.8/site-packages/airflow/example_dags/example_task_group.py took 0.045 seconds
[2021-09-27 03:33:27,598] {processor.py:162} INFO - Started process (PID=910) to work on /home/airflow/.local/lib/python3.8/site-packages/airflow/example_dags/example_task_group.py
[2021-09-27 03:33:27,599] {processor.py:613} INFO - Processing file /home/airflow/.local/lib/python3.8/site-packages/airflow/example_dags/example_task_group.py for tasks to queue
[2021-09-27 03:33:27,599] {logging_mixin.py:109} INFO - [2021-09-27 03:33:27,599] {dagbag.py:496} INFO - Filling up the DagBag from /home/airflow/.local/lib/python3.8/site-packages/airflow/example_dags/example_task_group.py
[2021-09-27 03:33:27,607] {processor.py:623} INFO - DAG(s) dict_keys(['example_task_group']) retrieved from /home/airflow/.local/lib/python3.8/site-packages/airflow/example_dags/example_task_group.py
[2021-09-27 03:33:27,622] {logging_mixin.py:109} INFO - [2021-09-27 03:33:27,622] {dag.py:1833} INFO - Sync 1 DAGs
[2021-09-27 03:33:27,631] {logging_mixin.py:109} INFO - [2021-09-27 03:33:27,631] {dag.py:2306} INFO - Setting next_dagrun for example_task_group to 2021-09-25 00:00:00+00:00
[2021-09-27 03:33:27,648] {processor.py:170} INFO - Processing /home/airflow/.local/lib/python3.8/site-packages/airflow/example_dags/example_task_group.py took 0.052 seconds
[2021-09-27 03:33:57,860] {processor.py:162} INFO - Started process (PID=963) to work on /home/airflow/.local/lib/python3.8/site-packages/airflow/example_dags/example_task_group.py
[2021-09-27 03:33:57,861] {processor.py:613} INFO - Processing file /home/airflow/.local/lib/python3.8/site-packages/airflow/example_dags/example_task_group.py for tasks to queue
[2021-09-27 03:33:57,861] {logging_mixin.py:109} INFO - [2021-09-27 03:33:57,861] {dagbag.py:496} INFO - Filling up the DagBag from /home/airflow/.local/lib/python3.8/site-packages/airflow/example_dags/example_task_group.py
[2021-09-27 03:33:57,871] {processor.py:623} INFO - DAG(s) dict_keys(['example_task_group']) retrieved from /home/airflow/.local/lib/python3.8/site-packages/airflow/example_dags/example_task_group.py
[2021-09-27 03:33:57,889] {logging_mixin.py:109} INFO - [2021-09-27 03:33:57,888] {dag.py:1833} INFO - Sync 1 DAGs
[2021-09-27 03:33:57,899] {logging_mixin.py:109} INFO - [2021-09-27 03:33:57,899] {dag.py:2306} INFO - Setting next_dagrun for example_task_group to 2021-09-25 00:00:00+00:00
[2021-09-27 03:33:57,909] {processor.py:170} INFO - Processing /home/airflow/.local/lib/python3.8/site-packages/airflow/example_dags/example_task_group.py took 0.051 seconds
[2021-09-27 03:34:28,122] {processor.py:162} INFO - Started process (PID=1009) to work on /home/airflow/.local/lib/python3.8/site-packages/airflow/example_dags/example_task_group.py
[2021-09-27 03:34:28,123] {processor.py:613} INFO - Processing file /home/airflow/.local/lib/python3.8/site-packages/airflow/example_dags/example_task_group.py for tasks to queue
[2021-09-27 03:34:28,123] {logging_mixin.py:109} INFO - [2021-09-27 03:34:28,123] {dagbag.py:496} INFO - Filling up the DagBag from /home/airflow/.local/lib/python3.8/site-packages/airflow/example_dags/example_task_group.py
[2021-09-27 03:34:28,132] {processor.py:623} INFO - DAG(s) dict_keys(['example_task_group']) retrieved from /home/airflow/.local/lib/python3.8/site-packages/airflow/example_dags/example_task_group.py
[2021-09-27 03:34:28,148] {logging_mixin.py:109} INFO - [2021-09-27 03:34:28,148] {dag.py:1833} INFO - Sync 1 DAGs
[2021-09-27 03:34:28,157] {logging_mixin.py:109} INFO - [2021-09-27 03:34:28,157] {dag.py:2306} INFO - Setting next_dagrun for example_task_group to 2021-09-25 00:00:00+00:00
[2021-09-27 03:34:28,167] {processor.py:170} INFO - Processing /home/airflow/.local/lib/python3.8/site-packages/airflow/example_dags/example_task_group.py took 0.047 seconds
[2021-09-27 03:34:58,540] {processor.py:162} INFO - Started process (PID=1062) to work on /home/airflow/.local/lib/python3.8/site-packages/airflow/example_dags/example_task_group.py
[2021-09-27 03:34:58,541] {processor.py:613} INFO - Processing file /home/airflow/.local/lib/python3.8/site-packages/airflow/example_dags/example_task_group.py for tasks to queue
[2021-09-27 03:34:58,541] {logging_mixin.py:109} INFO - [2021-09-27 03:34:58,541] {dagbag.py:496} INFO - Filling up the DagBag from /home/airflow/.local/lib/python3.8/site-packages/airflow/example_dags/example_task_group.py
[2021-09-27 03:34:58,551] {processor.py:623} INFO - DAG(s) dict_keys(['example_task_group']) retrieved from /home/airflow/.local/lib/python3.8/site-packages/airflow/example_dags/example_task_group.py
[2021-09-27 03:34:58,566] {logging_mixin.py:109} INFO - [2021-09-27 03:34:58,566] {dag.py:1833} INFO - Sync 1 DAGs
[2021-09-27 03:34:58,577] {logging_mixin.py:109} INFO - [2021-09-27 03:34:58,577] {dag.py:2306} INFO - Setting next_dagrun for example_task_group to 2021-09-25 00:00:00+00:00
[2021-09-27 03:34:58,585] {processor.py:170} INFO - Processing /home/airflow/.local/lib/python3.8/site-packages/airflow/example_dags/example_task_group.py took 0.048 seconds
[2021-09-27 03:35:28,863] {processor.py:162} INFO - Started process (PID=1116) to work on /home/airflow/.local/lib/python3.8/site-packages/airflow/example_dags/example_task_group.py
[2021-09-27 03:35:28,864] {processor.py:613} INFO - Processing file /home/airflow/.local/lib/python3.8/site-packages/airflow/example_dags/example_task_group.py for tasks to queue
[2021-09-27 03:35:28,864] {logging_mixin.py:109} INFO - [2021-09-27 03:35:28,864] {dagbag.py:496} INFO - Filling up the DagBag from /home/airflow/.local/lib/python3.8/site-packages/airflow/example_dags/example_task_group.py
[2021-09-27 03:35:28,873] {processor.py:623} INFO - DAG(s) dict_keys(['example_task_group']) retrieved from /home/airflow/.local/lib/python3.8/site-packages/airflow/example_dags/example_task_group.py
[2021-09-27 03:35:28,888] {logging_mixin.py:109} INFO - [2021-09-27 03:35:28,887] {dag.py:1833} INFO - Sync 1 DAGs
[2021-09-27 03:35:28,896] {logging_mixin.py:109} INFO - [2021-09-27 03:35:28,896] {dag.py:2306} INFO - Setting next_dagrun for example_task_group to 2021-09-25 00:00:00+00:00
[2021-09-27 03:35:28,913] {processor.py:170} INFO - Processing /home/airflow/.local/lib/python3.8/site-packages/airflow/example_dags/example_task_group.py took 0.052 seconds
[2021-09-27 03:35:59,157] {processor.py:162} INFO - Started process (PID=1169) to work on /home/airflow/.local/lib/python3.8/site-packages/airflow/example_dags/example_task_group.py
[2021-09-27 03:35:59,158] {processor.py:613} INFO - Processing file /home/airflow/.local/lib/python3.8/site-packages/airflow/example_dags/example_task_group.py for tasks to queue
[2021-09-27 03:35:59,158] {logging_mixin.py:109} INFO - [2021-09-27 03:35:59,158] {dagbag.py:496} INFO - Filling up the DagBag from /home/airflow/.local/lib/python3.8/site-packages/airflow/example_dags/example_task_group.py
[2021-09-27 03:35:59,166] {processor.py:623} INFO - DAG(s) dict_keys(['example_task_group']) retrieved from /home/airflow/.local/lib/python3.8/site-packages/airflow/example_dags/example_task_group.py
[2021-09-27 03:35:59,181] {logging_mixin.py:109} INFO - [2021-09-27 03:35:59,181] {dag.py:1833} INFO - Sync 1 DAGs
[2021-09-27 03:35:59,190] {logging_mixin.py:109} INFO - [2021-09-27 03:35:59,190] {dag.py:2306} INFO - Setting next_dagrun for example_task_group to 2021-09-25 00:00:00+00:00
[2021-09-27 03:35:59,205] {processor.py:170} INFO - Processing /home/airflow/.local/lib/python3.8/site-packages/airflow/example_dags/example_task_group.py took 0.051 seconds
[2021-09-27 03:36:29,466] {processor.py:162} INFO - Started process (PID=1216) to work on /home/airflow/.local/lib/python3.8/site-packages/airflow/example_dags/example_task_group.py
[2021-09-27 03:36:29,467] {processor.py:613} INFO - Processing file /home/airflow/.local/lib/python3.8/site-packages/airflow/example_dags/example_task_group.py for tasks to queue
[2021-09-27 03:36:29,467] {logging_mixin.py:109} INFO - [2021-09-27 03:36:29,467] {dagbag.py:496} INFO - Filling up the DagBag from /home/airflow/.local/lib/python3.8/site-packages/airflow/example_dags/example_task_group.py
[2021-09-27 03:36:29,476] {processor.py:623} INFO - DAG(s) dict_keys(['example_task_group']) retrieved from /home/airflow/.local/lib/python3.8/site-packages/airflow/example_dags/example_task_group.py
[2021-09-27 03:36:29,493] {logging_mixin.py:109} INFO - [2021-09-27 03:36:29,492] {dag.py:1833} INFO - Sync 1 DAGs
[2021-09-27 03:36:29,504] {logging_mixin.py:109} INFO - [2021-09-27 03:36:29,503] {dag.py:2306} INFO - Setting next_dagrun for example_task_group to 2021-09-25 00:00:00+00:00
[2021-09-27 03:36:29,514] {processor.py:170} INFO - Processing /home/airflow/.local/lib/python3.8/site-packages/airflow/example_dags/example_task_group.py took 0.051 seconds
[2021-09-27 03:36:59,706] {processor.py:162} INFO - Started process (PID=1269) to work on /home/airflow/.local/lib/python3.8/site-packages/airflow/example_dags/example_task_group.py
[2021-09-27 03:36:59,708] {processor.py:613} INFO - Processing file /home/airflow/.local/lib/python3.8/site-packages/airflow/example_dags/example_task_group.py for tasks to queue
[2021-09-27 03:36:59,708] {logging_mixin.py:109} INFO - [2021-09-27 03:36:59,708] {dagbag.py:496} INFO - Filling up the DagBag from /home/airflow/.local/lib/python3.8/site-packages/airflow/example_dags/example_task_group.py
[2021-09-27 03:36:59,717] {processor.py:623} INFO - DAG(s) dict_keys(['example_task_group']) retrieved from /home/airflow/.local/lib/python3.8/site-packages/airflow/example_dags/example_task_group.py
[2021-09-27 03:36:59,732] {logging_mixin.py:109} INFO - [2021-09-27 03:36:59,732] {dag.py:1833} INFO - Sync 1 DAGs
[2021-09-27 03:36:59,744] {logging_mixin.py:109} INFO - [2021-09-27 03:36:59,744] {dag.py:2306} INFO - Setting next_dagrun for example_task_group to 2021-09-25 00:00:00+00:00
[2021-09-27 03:36:59,753] {processor.py:170} INFO - Processing /home/airflow/.local/lib/python3.8/site-packages/airflow/example_dags/example_task_group.py took 0.050 seconds
[2021-09-27 03:37:29,967] {processor.py:162} INFO - Started process (PID=1322) to work on /home/airflow/.local/lib/python3.8/site-packages/airflow/example_dags/example_task_group.py
[2021-09-27 03:37:29,968] {processor.py:613} INFO - Processing file /home/airflow/.local/lib/python3.8/site-packages/airflow/example_dags/example_task_group.py for tasks to queue
[2021-09-27 03:37:29,968] {logging_mixin.py:109} INFO - [2021-09-27 03:37:29,968] {dagbag.py:496} INFO - Filling up the DagBag from /home/airflow/.local/lib/python3.8/site-packages/airflow/example_dags/example_task_group.py
[2021-09-27 03:37:29,976] {processor.py:623} INFO - DAG(s) dict_keys(['example_task_group']) retrieved from /home/airflow/.local/lib/python3.8/site-packages/airflow/example_dags/example_task_group.py
[2021-09-27 03:37:29,991] {logging_mixin.py:109} INFO - [2021-09-27 03:37:29,991] {dag.py:1833} INFO - Sync 1 DAGs
[2021-09-27 03:37:30,000] {logging_mixin.py:109} INFO - [2021-09-27 03:37:30,000] {dag.py:2306} INFO - Setting next_dagrun for example_task_group to 2021-09-25 00:00:00+00:00
[2021-09-27 03:37:30,009] {processor.py:170} INFO - Processing /home/airflow/.local/lib/python3.8/site-packages/airflow/example_dags/example_task_group.py took 0.044 seconds
[2021-09-27 03:38:00,250] {processor.py:162} INFO - Started process (PID=1376) to work on /home/airflow/.local/lib/python3.8/site-packages/airflow/example_dags/example_task_group.py
[2021-09-27 03:38:00,251] {processor.py:613} INFO - Processing file /home/airflow/.local/lib/python3.8/site-packages/airflow/example_dags/example_task_group.py for tasks to queue
[2021-09-27 03:38:00,251] {logging_mixin.py:109} INFO - [2021-09-27 03:38:00,251] {dagbag.py:496} INFO - Filling up the DagBag from /home/airflow/.local/lib/python3.8/site-packages/airflow/example_dags/example_task_group.py
[2021-09-27 03:38:00,261] {processor.py:623} INFO - DAG(s) dict_keys(['example_task_group']) retrieved from /home/airflow/.local/lib/python3.8/site-packages/airflow/example_dags/example_task_group.py
[2021-09-27 03:38:00,277] {logging_mixin.py:109} INFO - [2021-09-27 03:38:00,277] {dag.py:1833} INFO - Sync 1 DAGs
[2021-09-27 03:38:00,290] {logging_mixin.py:109} INFO - [2021-09-27 03:38:00,290] {dag.py:2306} INFO - Setting next_dagrun for example_task_group to 2021-09-25 00:00:00+00:00
[2021-09-27 03:38:00,310] {processor.py:170} INFO - Processing /home/airflow/.local/lib/python3.8/site-packages/airflow/example_dags/example_task_group.py took 0.062 seconds
[2021-09-27 03:38:30,715] {processor.py:162} INFO - Started process (PID=1422) to work on /home/airflow/.local/lib/python3.8/site-packages/airflow/example_dags/example_task_group.py
[2021-09-27 03:38:30,716] {processor.py:613} INFO - Processing file /home/airflow/.local/lib/python3.8/site-packages/airflow/example_dags/example_task_group.py for tasks to queue
[2021-09-27 03:38:30,717] {logging_mixin.py:109} INFO - [2021-09-27 03:38:30,717] {dagbag.py:496} INFO - Filling up the DagBag from /home/airflow/.local/lib/python3.8/site-packages/airflow/example_dags/example_task_group.py
[2021-09-27 03:38:30,729] {processor.py:623} INFO - DAG(s) dict_keys(['example_task_group']) retrieved from /home/airflow/.local/lib/python3.8/site-packages/airflow/example_dags/example_task_group.py
[2021-09-27 03:38:30,743] {logging_mixin.py:109} INFO - [2021-09-27 03:38:30,743] {dag.py:1833} INFO - Sync 1 DAGs
[2021-09-27 03:38:30,754] {logging_mixin.py:109} INFO - [2021-09-27 03:38:30,754] {dag.py:2306} INFO - Setting next_dagrun for example_task_group to 2021-09-25 00:00:00+00:00
[2021-09-27 03:38:30,769] {processor.py:170} INFO - Processing /home/airflow/.local/lib/python3.8/site-packages/airflow/example_dags/example_task_group.py took 0.057 seconds
[2021-09-27 03:39:01,088] {processor.py:162} INFO - Started process (PID=1475) to work on /home/airflow/.local/lib/python3.8/site-packages/airflow/example_dags/example_task_group.py
[2021-09-27 03:39:01,090] {processor.py:613} INFO - Processing file /home/airflow/.local/lib/python3.8/site-packages/airflow/example_dags/example_task_group.py for tasks to queue
[2021-09-27 03:39:01,091] {logging_mixin.py:109} INFO - [2021-09-27 03:39:01,090] {dagbag.py:496} INFO - Filling up the DagBag from /home/airflow/.local/lib/python3.8/site-packages/airflow/example_dags/example_task_group.py
[2021-09-27 03:39:01,102] {processor.py:623} INFO - DAG(s) dict_keys(['example_task_group']) retrieved from /home/airflow/.local/lib/python3.8/site-packages/airflow/example_dags/example_task_group.py
[2021-09-27 03:39:01,120] {logging_mixin.py:109} INFO - [2021-09-27 03:39:01,120] {dag.py:1833} INFO - Sync 1 DAGs
[2021-09-27 03:39:01,133] {logging_mixin.py:109} INFO - [2021-09-27 03:39:01,133] {dag.py:2306} INFO - Setting next_dagrun for example_task_group to 2021-09-25 00:00:00+00:00
[2021-09-27 03:39:01,144] {processor.py:170} INFO - Processing /home/airflow/.local/lib/python3.8/site-packages/airflow/example_dags/example_task_group.py took 0.058 seconds
[2021-09-27 03:39:31,394] {processor.py:162} INFO - Started process (PID=1529) to work on /home/airflow/.local/lib/python3.8/site-packages/airflow/example_dags/example_task_group.py
[2021-09-27 03:39:31,395] {processor.py:613} INFO - Processing file /home/airflow/.local/lib/python3.8/site-packages/airflow/example_dags/example_task_group.py for tasks to queue
[2021-09-27 03:39:31,396] {logging_mixin.py:109} INFO - [2021-09-27 03:39:31,396] {dagbag.py:496} INFO - Filling up the DagBag from /home/airflow/.local/lib/python3.8/site-packages/airflow/example_dags/example_task_group.py
[2021-09-27 03:39:31,404] {processor.py:623} INFO - DAG(s) dict_keys(['example_task_group']) retrieved from /home/airflow/.local/lib/python3.8/site-packages/airflow/example_dags/example_task_group.py
[2021-09-27 03:39:31,420] {logging_mixin.py:109} INFO - [2021-09-27 03:39:31,420] {dag.py:1833} INFO - Sync 1 DAGs
[2021-09-27 03:39:31,428] {logging_mixin.py:109} INFO - [2021-09-27 03:39:31,428] {dag.py:2306} INFO - Setting next_dagrun for example_task_group to 2021-09-25 00:00:00+00:00
[2021-09-27 03:39:31,438] {processor.py:170} INFO - Processing /home/airflow/.local/lib/python3.8/site-packages/airflow/example_dags/example_task_group.py took 0.046 seconds
[2021-09-27 03:40:01,487] {processor.py:162} INFO - Started process (PID=1575) to work on /home/airflow/.local/lib/python3.8/site-packages/airflow/example_dags/example_task_group.py
[2021-09-27 03:40:01,488] {processor.py:613} INFO - Processing file /home/airflow/.local/lib/python3.8/site-packages/airflow/example_dags/example_task_group.py for tasks to queue
[2021-09-27 03:40:01,488] {logging_mixin.py:109} INFO - [2021-09-27 03:40:01,488] {dagbag.py:496} INFO - Filling up the DagBag from /home/airflow/.local/lib/python3.8/site-packages/airflow/example_dags/example_task_group.py
[2021-09-27 03:40:01,496] {processor.py:623} INFO - DAG(s) dict_keys(['example_task_group']) retrieved from /home/airflow/.local/lib/python3.8/site-packages/airflow/example_dags/example_task_group.py
[2021-09-27 03:40:01,511] {logging_mixin.py:109} INFO - [2021-09-27 03:40:01,511] {dag.py:1833} INFO - Sync 1 DAGs
[2021-09-27 03:40:01,520] {logging_mixin.py:109} INFO - [2021-09-27 03:40:01,520] {dag.py:2306} INFO - Setting next_dagrun for example_task_group to 2021-09-25 00:00:00+00:00
[2021-09-27 03:40:01,538] {processor.py:170} INFO - Processing /home/airflow/.local/lib/python3.8/site-packages/airflow/example_dags/example_task_group.py took 0.053 seconds
[2021-09-27 03:40:31,888] {processor.py:162} INFO - Started process (PID=1629) to work on /home/airflow/.local/lib/python3.8/site-packages/airflow/example_dags/example_task_group.py
[2021-09-27 03:40:31,888] {processor.py:613} INFO - Processing file /home/airflow/.local/lib/python3.8/site-packages/airflow/example_dags/example_task_group.py for tasks to queue
[2021-09-27 03:40:31,889] {logging_mixin.py:109} INFO - [2021-09-27 03:40:31,889] {dagbag.py:496} INFO - Filling up the DagBag from /home/airflow/.local/lib/python3.8/site-packages/airflow/example_dags/example_task_group.py
[2021-09-27 03:40:31,897] {processor.py:623} INFO - DAG(s) dict_keys(['example_task_group']) retrieved from /home/airflow/.local/lib/python3.8/site-packages/airflow/example_dags/example_task_group.py
[2021-09-27 03:40:31,912] {logging_mixin.py:109} INFO - [2021-09-27 03:40:31,912] {dag.py:1833} INFO - Sync 1 DAGs
[2021-09-27 03:40:31,921] {logging_mixin.py:109} INFO - [2021-09-27 03:40:31,921] {dag.py:2306} INFO - Setting next_dagrun for example_task_group to 2021-09-25 00:00:00+00:00
[2021-09-27 03:40:31,930] {processor.py:170} INFO - Processing /home/airflow/.local/lib/python3.8/site-packages/airflow/example_dags/example_task_group.py took 0.045 seconds
[2021-09-27 03:41:01,990] {processor.py:162} INFO - Started process (PID=1682) to work on /home/airflow/.local/lib/python3.8/site-packages/airflow/example_dags/example_task_group.py
[2021-09-27 03:41:01,992] {processor.py:613} INFO - Processing file /home/airflow/.local/lib/python3.8/site-packages/airflow/example_dags/example_task_group.py for tasks to queue
[2021-09-27 03:41:01,993] {logging_mixin.py:109} INFO - [2021-09-27 03:41:01,992] {dagbag.py:496} INFO - Filling up the DagBag from /home/airflow/.local/lib/python3.8/site-packages/airflow/example_dags/example_task_group.py
[2021-09-27 03:41:02,001] {processor.py:623} INFO - DAG(s) dict_keys(['example_task_group']) retrieved from /home/airflow/.local/lib/python3.8/site-packages/airflow/example_dags/example_task_group.py
[2021-09-27 03:41:02,016] {logging_mixin.py:109} INFO - [2021-09-27 03:41:02,016] {dag.py:1833} INFO - Sync 1 DAGs
[2021-09-27 03:41:02,026] {logging_mixin.py:109} INFO - [2021-09-27 03:41:02,026] {dag.py:2306} INFO - Setting next_dagrun for example_task_group to 2021-09-25 00:00:00+00:00
[2021-09-27 03:41:02,044] {processor.py:170} INFO - Processing /home/airflow/.local/lib/python3.8/site-packages/airflow/example_dags/example_task_group.py took 0.056 seconds
[2021-09-27 03:41:32,392] {processor.py:162} INFO - Started process (PID=1736) to work on /home/airflow/.local/lib/python3.8/site-packages/airflow/example_dags/example_task_group.py
[2021-09-27 03:41:32,393] {processor.py:613} INFO - Processing file /home/airflow/.local/lib/python3.8/site-packages/airflow/example_dags/example_task_group.py for tasks to queue
[2021-09-27 03:41:32,393] {logging_mixin.py:109} INFO - [2021-09-27 03:41:32,393] {dagbag.py:496} INFO - Filling up the DagBag from /home/airflow/.local/lib/python3.8/site-packages/airflow/example_dags/example_task_group.py
[2021-09-27 03:41:32,402] {processor.py:623} INFO - DAG(s) dict_keys(['example_task_group']) retrieved from /home/airflow/.local/lib/python3.8/site-packages/airflow/example_dags/example_task_group.py
[2021-09-27 03:41:32,419] {logging_mixin.py:109} INFO - [2021-09-27 03:41:32,419] {dag.py:1833} INFO - Sync 1 DAGs
[2021-09-27 03:41:32,429] {logging_mixin.py:109} INFO - [2021-09-27 03:41:32,429] {dag.py:2306} INFO - Setting next_dagrun for example_task_group to 2021-09-25 00:00:00+00:00
[2021-09-27 03:41:32,438] {processor.py:170} INFO - Processing /home/airflow/.local/lib/python3.8/site-packages/airflow/example_dags/example_task_group.py took 0.049 seconds
[2021-09-27 03:42:02,741] {processor.py:162} INFO - Started process (PID=1782) to work on /home/airflow/.local/lib/python3.8/site-packages/airflow/example_dags/example_task_group.py
[2021-09-27 03:42:02,742] {processor.py:613} INFO - Processing file /home/airflow/.local/lib/python3.8/site-packages/airflow/example_dags/example_task_group.py for tasks to queue
[2021-09-27 03:42:02,742] {logging_mixin.py:109} INFO - [2021-09-27 03:42:02,742] {dagbag.py:496} INFO - Filling up the DagBag from /home/airflow/.local/lib/python3.8/site-packages/airflow/example_dags/example_task_group.py
[2021-09-27 03:42:02,751] {processor.py:623} INFO - DAG(s) dict_keys(['example_task_group']) retrieved from /home/airflow/.local/lib/python3.8/site-packages/airflow/example_dags/example_task_group.py
[2021-09-27 03:42:02,769] {logging_mixin.py:109} INFO - [2021-09-27 03:42:02,768] {dag.py:1833} INFO - Sync 1 DAGs
[2021-09-27 03:42:02,780] {logging_mixin.py:109} INFO - [2021-09-27 03:42:02,780] {dag.py:2306} INFO - Setting next_dagrun for example_task_group to 2021-09-25 00:00:00+00:00
[2021-09-27 03:42:02,790] {processor.py:170} INFO - Processing /home/airflow/.local/lib/python3.8/site-packages/airflow/example_dags/example_task_group.py took 0.051 seconds
[2021-09-27 03:42:32,999] {processor.py:162} INFO - Started process (PID=1836) to work on /home/airflow/.local/lib/python3.8/site-packages/airflow/example_dags/example_task_group.py
[2021-09-27 03:42:32,999] {processor.py:613} INFO - Processing file /home/airflow/.local/lib/python3.8/site-packages/airflow/example_dags/example_task_group.py for tasks to queue
[2021-09-27 03:42:33,000] {logging_mixin.py:109} INFO - [2021-09-27 03:42:33,000] {dagbag.py:496} INFO - Filling up the DagBag from /home/airflow/.local/lib/python3.8/site-packages/airflow/example_dags/example_task_group.py
[2021-09-27 03:42:33,008] {processor.py:623} INFO - DAG(s) dict_keys(['example_task_group']) retrieved from /home/airflow/.local/lib/python3.8/site-packages/airflow/example_dags/example_task_group.py
[2021-09-27 03:42:33,023] {logging_mixin.py:109} INFO - [2021-09-27 03:42:33,023] {dag.py:1833} INFO - Sync 1 DAGs
[2021-09-27 03:42:33,031] {logging_mixin.py:109} INFO - [2021-09-27 03:42:33,031] {dag.py:2306} INFO - Setting next_dagrun for example_task_group to 2021-09-25 00:00:00+00:00
[2021-09-27 03:42:33,039] {processor.py:170} INFO - Processing /home/airflow/.local/lib/python3.8/site-packages/airflow/example_dags/example_task_group.py took 0.043 seconds
[2021-09-27 03:43:03,262] {processor.py:162} INFO - Started process (PID=1890) to work on /home/airflow/.local/lib/python3.8/site-packages/airflow/example_dags/example_task_group.py
[2021-09-27 03:43:03,263] {processor.py:613} INFO - Processing file /home/airflow/.local/lib/python3.8/site-packages/airflow/example_dags/example_task_group.py for tasks to queue
[2021-09-27 03:43:03,264] {logging_mixin.py:109} INFO - [2021-09-27 03:43:03,264] {dagbag.py:496} INFO - Filling up the DagBag from /home/airflow/.local/lib/python3.8/site-packages/airflow/example_dags/example_task_group.py
[2021-09-27 03:43:03,272] {processor.py:623} INFO - DAG(s) dict_keys(['example_task_group']) retrieved from /home/airflow/.local/lib/python3.8/site-packages/airflow/example_dags/example_task_group.py
[2021-09-27 03:43:03,288] {logging_mixin.py:109} INFO - [2021-09-27 03:43:03,288] {dag.py:1833} INFO - Sync 1 DAGs
[2021-09-27 03:43:03,298] {logging_mixin.py:109} INFO - [2021-09-27 03:43:03,298] {dag.py:2306} INFO - Setting next_dagrun for example_task_group to 2021-09-25 00:00:00+00:00
[2021-09-27 03:43:03,307] {processor.py:170} INFO - Processing /home/airflow/.local/lib/python3.8/site-packages/airflow/example_dags/example_task_group.py took 0.047 seconds
[2021-09-27 03:43:33,494] {processor.py:162} INFO - Started process (PID=1943) to work on /home/airflow/.local/lib/python3.8/site-packages/airflow/example_dags/example_task_group.py
[2021-09-27 03:43:33,495] {processor.py:613} INFO - Processing file /home/airflow/.local/lib/python3.8/site-packages/airflow/example_dags/example_task_group.py for tasks to queue
[2021-09-27 03:43:33,496] {logging_mixin.py:109} INFO - [2021-09-27 03:43:33,496] {dagbag.py:496} INFO - Filling up the DagBag from /home/airflow/.local/lib/python3.8/site-packages/airflow/example_dags/example_task_group.py
[2021-09-27 03:43:33,504] {processor.py:623} INFO - DAG(s) dict_keys(['example_task_group']) retrieved from /home/airflow/.local/lib/python3.8/site-packages/airflow/example_dags/example_task_group.py
[2021-09-27 03:43:33,518] {logging_mixin.py:109} INFO - [2021-09-27 03:43:33,518] {dag.py:1833} INFO - Sync 1 DAGs
[2021-09-27 03:43:33,527] {logging_mixin.py:109} INFO - [2021-09-27 03:43:33,526] {dag.py:2306} INFO - Setting next_dagrun for example_task_group to 2021-09-25 00:00:00+00:00
[2021-09-27 03:43:33,535] {processor.py:170} INFO - Processing /home/airflow/.local/lib/python3.8/site-packages/airflow/example_dags/example_task_group.py took 0.043 seconds
[2021-09-27 03:44:03,822] {processor.py:162} INFO - Started process (PID=1989) to work on /home/airflow/.local/lib/python3.8/site-packages/airflow/example_dags/example_task_group.py
[2021-09-27 03:44:03,823] {processor.py:613} INFO - Processing file /home/airflow/.local/lib/python3.8/site-packages/airflow/example_dags/example_task_group.py for tasks to queue
[2021-09-27 03:44:03,823] {logging_mixin.py:109} INFO - [2021-09-27 03:44:03,823] {dagbag.py:496} INFO - Filling up the DagBag from /home/airflow/.local/lib/python3.8/site-packages/airflow/example_dags/example_task_group.py
[2021-09-27 03:44:03,831] {processor.py:623} INFO - DAG(s) dict_keys(['example_task_group']) retrieved from /home/airflow/.local/lib/python3.8/site-packages/airflow/example_dags/example_task_group.py
[2021-09-27 03:44:03,846] {logging_mixin.py:109} INFO - [2021-09-27 03:44:03,846] {dag.py:1833} INFO - Sync 1 DAGs
[2021-09-27 03:44:03,855] {logging_mixin.py:109} INFO - [2021-09-27 03:44:03,855] {dag.py:2306} INFO - Setting next_dagrun for example_task_group to 2021-09-25 00:00:00+00:00
[2021-09-27 03:44:03,863] {processor.py:170} INFO - Processing /home/airflow/.local/lib/python3.8/site-packages/airflow/example_dags/example_task_group.py took 0.044 seconds
[2021-09-27 03:44:34,219] {processor.py:162} INFO - Started process (PID=2042) to work on /home/airflow/.local/lib/python3.8/site-packages/airflow/example_dags/example_task_group.py
[2021-09-27 03:44:34,220] {processor.py:613} INFO - Processing file /home/airflow/.local/lib/python3.8/site-packages/airflow/example_dags/example_task_group.py for tasks to queue
[2021-09-27 03:44:34,220] {logging_mixin.py:109} INFO - [2021-09-27 03:44:34,220] {dagbag.py:496} INFO - Filling up the DagBag from /home/airflow/.local/lib/python3.8/site-packages/airflow/example_dags/example_task_group.py
[2021-09-27 03:44:34,229] {processor.py:623} INFO - DAG(s) dict_keys(['example_task_group']) retrieved from /home/airflow/.local/lib/python3.8/site-packages/airflow/example_dags/example_task_group.py
[2021-09-27 03:44:34,244] {logging_mixin.py:109} INFO - [2021-09-27 03:44:34,244] {dag.py:1833} INFO - Sync 1 DAGs
[2021-09-27 03:44:34,252] {logging_mixin.py:109} INFO - [2021-09-27 03:44:34,252] {dag.py:2306} INFO - Setting next_dagrun for example_task_group to 2021-09-25 00:00:00+00:00
[2021-09-27 03:44:34,261] {processor.py:170} INFO - Processing /home/airflow/.local/lib/python3.8/site-packages/airflow/example_dags/example_task_group.py took 0.044 seconds
[2021-09-27 03:45:04,528] {processor.py:162} INFO - Started process (PID=2095) to work on /home/airflow/.local/lib/python3.8/site-packages/airflow/example_dags/example_task_group.py
[2021-09-27 03:45:04,529] {processor.py:613} INFO - Processing file /home/airflow/.local/lib/python3.8/site-packages/airflow/example_dags/example_task_group.py for tasks to queue
[2021-09-27 03:45:04,529] {logging_mixin.py:109} INFO - [2021-09-27 03:45:04,529] {dagbag.py:496} INFO - Filling up the DagBag from /home/airflow/.local/lib/python3.8/site-packages/airflow/example_dags/example_task_group.py
[2021-09-27 03:45:04,538] {processor.py:623} INFO - DAG(s) dict_keys(['example_task_group']) retrieved from /home/airflow/.local/lib/python3.8/site-packages/airflow/example_dags/example_task_group.py
[2021-09-27 03:45:04,553] {logging_mixin.py:109} INFO - [2021-09-27 03:45:04,552] {dag.py:1833} INFO - Sync 1 DAGs
[2021-09-27 03:45:04,562] {logging_mixin.py:109} INFO - [2021-09-27 03:45:04,562] {dag.py:2306} INFO - Setting next_dagrun for example_task_group to 2021-09-25 00:00:00+00:00
[2021-09-27 03:45:04,571] {processor.py:170} INFO - Processing /home/airflow/.local/lib/python3.8/site-packages/airflow/example_dags/example_task_group.py took 0.045 seconds
[2021-09-27 03:45:34,917] {processor.py:162} INFO - Started process (PID=2148) to work on /home/airflow/.local/lib/python3.8/site-packages/airflow/example_dags/example_task_group.py
[2021-09-27 03:45:34,918] {processor.py:613} INFO - Processing file /home/airflow/.local/lib/python3.8/site-packages/airflow/example_dags/example_task_group.py for tasks to queue
[2021-09-27 03:45:34,919] {logging_mixin.py:109} INFO - [2021-09-27 03:45:34,919] {dagbag.py:496} INFO - Filling up the DagBag from /home/airflow/.local/lib/python3.8/site-packages/airflow/example_dags/example_task_group.py
[2021-09-27 03:45:34,927] {processor.py:623} INFO - DAG(s) dict_keys(['example_task_group']) retrieved from /home/airflow/.local/lib/python3.8/site-packages/airflow/example_dags/example_task_group.py
[2021-09-27 03:45:34,942] {logging_mixin.py:109} INFO - [2021-09-27 03:45:34,942] {dag.py:1833} INFO - Sync 1 DAGs
[2021-09-27 03:45:34,950] {logging_mixin.py:109} INFO - [2021-09-27 03:45:34,950] {dag.py:2306} INFO - Setting next_dagrun for example_task_group to 2021-09-25 00:00:00+00:00
[2021-09-27 03:45:34,959] {processor.py:170} INFO - Processing /home/airflow/.local/lib/python3.8/site-packages/airflow/example_dags/example_task_group.py took 0.044 seconds
[2021-09-27 03:46:05,077] {processor.py:162} INFO - Started process (PID=2194) to work on /home/airflow/.local/lib/python3.8/site-packages/airflow/example_dags/example_task_group.py
[2021-09-27 03:46:05,078] {processor.py:613} INFO - Processing file /home/airflow/.local/lib/python3.8/site-packages/airflow/example_dags/example_task_group.py for tasks to queue
[2021-09-27 03:46:05,078] {logging_mixin.py:109} INFO - [2021-09-27 03:46:05,078] {dagbag.py:496} INFO - Filling up the DagBag from /home/airflow/.local/lib/python3.8/site-packages/airflow/example_dags/example_task_group.py
[2021-09-27 03:46:05,088] {processor.py:623} INFO - DAG(s) dict_keys(['example_task_group']) retrieved from /home/airflow/.local/lib/python3.8/site-packages/airflow/example_dags/example_task_group.py
[2021-09-27 03:46:05,102] {logging_mixin.py:109} INFO - [2021-09-27 03:46:05,102] {dag.py:1833} INFO - Sync 1 DAGs
[2021-09-27 03:46:05,111] {logging_mixin.py:109} INFO - [2021-09-27 03:46:05,111] {dag.py:2306} INFO - Setting next_dagrun for example_task_group to 2021-09-25 00:00:00+00:00
[2021-09-27 03:46:05,127] {processor.py:170} INFO - Processing /home/airflow/.local/lib/python3.8/site-packages/airflow/example_dags/example_task_group.py took 0.052 seconds
[2021-09-27 03:46:35,290] {processor.py:162} INFO - Started process (PID=2247) to work on /home/airflow/.local/lib/python3.8/site-packages/airflow/example_dags/example_task_group.py
[2021-09-27 03:46:35,291] {processor.py:613} INFO - Processing file /home/airflow/.local/lib/python3.8/site-packages/airflow/example_dags/example_task_group.py for tasks to queue
[2021-09-27 03:46:35,291] {logging_mixin.py:109} INFO - [2021-09-27 03:46:35,291] {dagbag.py:496} INFO - Filling up the DagBag from /home/airflow/.local/lib/python3.8/site-packages/airflow/example_dags/example_task_group.py
[2021-09-27 03:46:35,299] {processor.py:623} INFO - DAG(s) dict_keys(['example_task_group']) retrieved from /home/airflow/.local/lib/python3.8/site-packages/airflow/example_dags/example_task_group.py
[2021-09-27 03:46:35,314] {logging_mixin.py:109} INFO - [2021-09-27 03:46:35,314] {dag.py:1833} INFO - Sync 1 DAGs
[2021-09-27 03:46:35,323] {logging_mixin.py:109} INFO - [2021-09-27 03:46:35,322] {dag.py:2306} INFO - Setting next_dagrun for example_task_group to 2021-09-25 00:00:00+00:00
[2021-09-27 03:46:35,333] {processor.py:170} INFO - Processing /home/airflow/.local/lib/python3.8/site-packages/airflow/example_dags/example_task_group.py took 0.045 seconds
[2021-09-27 03:47:05,761] {processor.py:162} INFO - Started process (PID=2300) to work on /home/airflow/.local/lib/python3.8/site-packages/airflow/example_dags/example_task_group.py
[2021-09-27 03:47:05,762] {processor.py:613} INFO - Processing file /home/airflow/.local/lib/python3.8/site-packages/airflow/example_dags/example_task_group.py for tasks to queue
[2021-09-27 03:47:05,762] {logging_mixin.py:109} INFO - [2021-09-27 03:47:05,762] {dagbag.py:496} INFO - Filling up the DagBag from /home/airflow/.local/lib/python3.8/site-packages/airflow/example_dags/example_task_group.py
[2021-09-27 03:47:05,770] {processor.py:623} INFO - DAG(s) dict_keys(['example_task_group']) retrieved from /home/airflow/.local/lib/python3.8/site-packages/airflow/example_dags/example_task_group.py
[2021-09-27 03:47:05,785] {logging_mixin.py:109} INFO - [2021-09-27 03:47:05,785] {dag.py:1833} INFO - Sync 1 DAGs
[2021-09-27 03:47:05,794] {logging_mixin.py:109} INFO - [2021-09-27 03:47:05,794] {dag.py:2306} INFO - Setting next_dagrun for example_task_group to 2021-09-25 00:00:00+00:00
[2021-09-27 03:47:05,809] {processor.py:170} INFO - Processing /home/airflow/.local/lib/python3.8/site-packages/airflow/example_dags/example_task_group.py took 0.051 seconds
[2021-09-27 03:47:36,019] {processor.py:162} INFO - Started process (PID=2353) to work on /home/airflow/.local/lib/python3.8/site-packages/airflow/example_dags/example_task_group.py
[2021-09-27 03:47:36,020] {processor.py:613} INFO - Processing file /home/airflow/.local/lib/python3.8/site-packages/airflow/example_dags/example_task_group.py for tasks to queue
[2021-09-27 03:47:36,020] {logging_mixin.py:109} INFO - [2021-09-27 03:47:36,020] {dagbag.py:496} INFO - Filling up the DagBag from /home/airflow/.local/lib/python3.8/site-packages/airflow/example_dags/example_task_group.py
[2021-09-27 03:47:36,028] {processor.py:623} INFO - DAG(s) dict_keys(['example_task_group']) retrieved from /home/airflow/.local/lib/python3.8/site-packages/airflow/example_dags/example_task_group.py
[2021-09-27 03:47:36,044] {logging_mixin.py:109} INFO - [2021-09-27 03:47:36,044] {dag.py:1833} INFO - Sync 1 DAGs
[2021-09-27 03:47:36,054] {logging_mixin.py:109} INFO - [2021-09-27 03:47:36,053] {dag.py:2306} INFO - Setting next_dagrun for example_task_group to 2021-09-25 00:00:00+00:00
[2021-09-27 03:47:36,070] {processor.py:170} INFO - Processing /home/airflow/.local/lib/python3.8/site-packages/airflow/example_dags/example_task_group.py took 0.053 seconds
[2021-09-27 03:49:17,816] {processor.py:162} INFO - Started process (PID=28) to work on /home/airflow/.local/lib/python3.8/site-packages/airflow/example_dags/example_task_group.py
[2021-09-27 03:49:17,817] {processor.py:613} INFO - Processing file /home/airflow/.local/lib/python3.8/site-packages/airflow/example_dags/example_task_group.py for tasks to queue
[2021-09-27 03:49:17,817] {logging_mixin.py:109} INFO - [2021-09-27 03:49:17,817] {dagbag.py:496} INFO - Filling up the DagBag from /home/airflow/.local/lib/python3.8/site-packages/airflow/example_dags/example_task_group.py
[2021-09-27 03:49:17,828] {processor.py:623} INFO - DAG(s) dict_keys(['example_task_group']) retrieved from /home/airflow/.local/lib/python3.8/site-packages/airflow/example_dags/example_task_group.py
[2021-09-27 03:49:17,846] {logging_mixin.py:109} INFO - [2021-09-27 03:49:17,846] {dag.py:1833} INFO - Sync 1 DAGs
[2021-09-27 03:49:17,859] {logging_mixin.py:109} INFO - [2021-09-27 03:49:17,859] {dag.py:2306} INFO - Setting next_dagrun for example_task_group to 2021-09-25 00:00:00+00:00
[2021-09-27 03:49:17,869] {processor.py:170} INFO - Processing /home/airflow/.local/lib/python3.8/site-packages/airflow/example_dags/example_task_group.py took 0.054 seconds
[2021-09-27 03:49:48,391] {processor.py:162} INFO - Started process (PID=81) to work on /home/airflow/.local/lib/python3.8/site-packages/airflow/example_dags/example_task_group.py
[2021-09-27 03:49:48,391] {processor.py:613} INFO - Processing file /home/airflow/.local/lib/python3.8/site-packages/airflow/example_dags/example_task_group.py for tasks to queue
[2021-09-27 03:49:48,392] {logging_mixin.py:109} INFO - [2021-09-27 03:49:48,392] {dagbag.py:496} INFO - Filling up the DagBag from /home/airflow/.local/lib/python3.8/site-packages/airflow/example_dags/example_task_group.py
[2021-09-27 03:49:48,400] {processor.py:623} INFO - DAG(s) dict_keys(['example_task_group']) retrieved from /home/airflow/.local/lib/python3.8/site-packages/airflow/example_dags/example_task_group.py
[2021-09-27 03:49:48,413] {logging_mixin.py:109} INFO - [2021-09-27 03:49:48,413] {dag.py:1833} INFO - Sync 1 DAGs
[2021-09-27 03:49:48,422] {logging_mixin.py:109} INFO - [2021-09-27 03:49:48,422] {dag.py:2306} INFO - Setting next_dagrun for example_task_group to 2021-09-25 00:00:00+00:00
[2021-09-27 03:49:48,430] {processor.py:170} INFO - Processing /home/airflow/.local/lib/python3.8/site-packages/airflow/example_dags/example_task_group.py took 0.041 seconds
[2021-09-27 03:50:18,631] {processor.py:162} INFO - Started process (PID=133) to work on /home/airflow/.local/lib/python3.8/site-packages/airflow/example_dags/example_task_group.py
[2021-09-27 03:50:18,632] {processor.py:613} INFO - Processing file /home/airflow/.local/lib/python3.8/site-packages/airflow/example_dags/example_task_group.py for tasks to queue
[2021-09-27 03:50:18,632] {logging_mixin.py:109} INFO - [2021-09-27 03:50:18,632] {dagbag.py:496} INFO - Filling up the DagBag from /home/airflow/.local/lib/python3.8/site-packages/airflow/example_dags/example_task_group.py
[2021-09-27 03:50:18,641] {processor.py:623} INFO - DAG(s) dict_keys(['example_task_group']) retrieved from /home/airflow/.local/lib/python3.8/site-packages/airflow/example_dags/example_task_group.py
[2021-09-27 03:50:18,654] {logging_mixin.py:109} INFO - [2021-09-27 03:50:18,654] {dag.py:1833} INFO - Sync 1 DAGs
[2021-09-27 03:50:18,664] {logging_mixin.py:109} INFO - [2021-09-27 03:50:18,664] {dag.py:2306} INFO - Setting next_dagrun for example_task_group to 2021-09-25 00:00:00+00:00
[2021-09-27 03:50:18,672] {processor.py:170} INFO - Processing /home/airflow/.local/lib/python3.8/site-packages/airflow/example_dags/example_task_group.py took 0.043 seconds
[2021-09-27 03:50:48,969] {processor.py:162} INFO - Started process (PID=184) to work on /home/airflow/.local/lib/python3.8/site-packages/airflow/example_dags/example_task_group.py
[2021-09-27 03:50:48,970] {processor.py:613} INFO - Processing file /home/airflow/.local/lib/python3.8/site-packages/airflow/example_dags/example_task_group.py for tasks to queue
[2021-09-27 03:50:48,970] {logging_mixin.py:109} INFO - [2021-09-27 03:50:48,970] {dagbag.py:496} INFO - Filling up the DagBag from /home/airflow/.local/lib/python3.8/site-packages/airflow/example_dags/example_task_group.py
[2021-09-27 03:50:48,980] {processor.py:623} INFO - DAG(s) dict_keys(['example_task_group']) retrieved from /home/airflow/.local/lib/python3.8/site-packages/airflow/example_dags/example_task_group.py
[2021-09-27 03:50:48,997] {logging_mixin.py:109} INFO - [2021-09-27 03:50:48,997] {dag.py:1833} INFO - Sync 1 DAGs
[2021-09-27 03:50:49,007] {logging_mixin.py:109} INFO - [2021-09-27 03:50:49,007] {dag.py:2306} INFO - Setting next_dagrun for example_task_group to 2021-09-25 00:00:00+00:00
[2021-09-27 03:50:49,016] {processor.py:170} INFO - Processing /home/airflow/.local/lib/python3.8/site-packages/airflow/example_dags/example_task_group.py took 0.049 seconds
[2021-09-27 03:51:19,448] {processor.py:162} INFO - Started process (PID=232) to work on /home/airflow/.local/lib/python3.8/site-packages/airflow/example_dags/example_task_group.py
[2021-09-27 03:51:19,449] {processor.py:613} INFO - Processing file /home/airflow/.local/lib/python3.8/site-packages/airflow/example_dags/example_task_group.py for tasks to queue
[2021-09-27 03:51:19,450] {logging_mixin.py:109} INFO - [2021-09-27 03:51:19,450] {dagbag.py:496} INFO - Filling up the DagBag from /home/airflow/.local/lib/python3.8/site-packages/airflow/example_dags/example_task_group.py
[2021-09-27 03:51:19,458] {processor.py:623} INFO - DAG(s) dict_keys(['example_task_group']) retrieved from /home/airflow/.local/lib/python3.8/site-packages/airflow/example_dags/example_task_group.py
[2021-09-27 03:51:19,473] {logging_mixin.py:109} INFO - [2021-09-27 03:51:19,473] {dag.py:1833} INFO - Sync 1 DAGs
[2021-09-27 03:51:19,481] {logging_mixin.py:109} INFO - [2021-09-27 03:51:19,481] {dag.py:2306} INFO - Setting next_dagrun for example_task_group to 2021-09-25 00:00:00+00:00
[2021-09-27 03:51:19,489] {processor.py:170} INFO - Processing /home/airflow/.local/lib/python3.8/site-packages/airflow/example_dags/example_task_group.py took 0.043 seconds
[2021-09-27 03:51:49,767] {processor.py:162} INFO - Started process (PID=285) to work on /home/airflow/.local/lib/python3.8/site-packages/airflow/example_dags/example_task_group.py
[2021-09-27 03:51:49,768] {processor.py:613} INFO - Processing file /home/airflow/.local/lib/python3.8/site-packages/airflow/example_dags/example_task_group.py for tasks to queue
[2021-09-27 03:51:49,768] {logging_mixin.py:109} INFO - [2021-09-27 03:51:49,768] {dagbag.py:496} INFO - Filling up the DagBag from /home/airflow/.local/lib/python3.8/site-packages/airflow/example_dags/example_task_group.py
[2021-09-27 03:51:49,777] {processor.py:623} INFO - DAG(s) dict_keys(['example_task_group']) retrieved from /home/airflow/.local/lib/python3.8/site-packages/airflow/example_dags/example_task_group.py
[2021-09-27 03:51:49,791] {logging_mixin.py:109} INFO - [2021-09-27 03:51:49,791] {dag.py:1833} INFO - Sync 1 DAGs
[2021-09-27 03:51:49,800] {logging_mixin.py:109} INFO - [2021-09-27 03:51:49,800] {dag.py:2306} INFO - Setting next_dagrun for example_task_group to 2021-09-25 00:00:00+00:00
[2021-09-27 03:51:49,813] {processor.py:170} INFO - Processing /home/airflow/.local/lib/python3.8/site-packages/airflow/example_dags/example_task_group.py took 0.048 seconds
[2021-09-27 03:52:20,165] {processor.py:162} INFO - Started process (PID=339) to work on /home/airflow/.local/lib/python3.8/site-packages/airflow/example_dags/example_task_group.py
[2021-09-27 03:52:20,166] {processor.py:613} INFO - Processing file /home/airflow/.local/lib/python3.8/site-packages/airflow/example_dags/example_task_group.py for tasks to queue
[2021-09-27 03:52:20,166] {logging_mixin.py:109} INFO - [2021-09-27 03:52:20,166] {dagbag.py:496} INFO - Filling up the DagBag from /home/airflow/.local/lib/python3.8/site-packages/airflow/example_dags/example_task_group.py
[2021-09-27 03:52:20,175] {processor.py:623} INFO - DAG(s) dict_keys(['example_task_group']) retrieved from /home/airflow/.local/lib/python3.8/site-packages/airflow/example_dags/example_task_group.py
[2021-09-27 03:52:20,189] {logging_mixin.py:109} INFO - [2021-09-27 03:52:20,189] {dag.py:1833} INFO - Sync 1 DAGs
[2021-09-27 03:52:20,199] {logging_mixin.py:109} INFO - [2021-09-27 03:52:20,199] {dag.py:2306} INFO - Setting next_dagrun for example_task_group to 2021-09-25 00:00:00+00:00
[2021-09-27 03:52:20,208] {processor.py:170} INFO - Processing /home/airflow/.local/lib/python3.8/site-packages/airflow/example_dags/example_task_group.py took 0.045 seconds
[2021-09-27 03:52:50,541] {processor.py:162} INFO - Started process (PID=392) to work on /home/airflow/.local/lib/python3.8/site-packages/airflow/example_dags/example_task_group.py
[2021-09-27 03:52:50,541] {processor.py:613} INFO - Processing file /home/airflow/.local/lib/python3.8/site-packages/airflow/example_dags/example_task_group.py for tasks to queue
[2021-09-27 03:52:50,542] {logging_mixin.py:109} INFO - [2021-09-27 03:52:50,542] {dagbag.py:496} INFO - Filling up the DagBag from /home/airflow/.local/lib/python3.8/site-packages/airflow/example_dags/example_task_group.py
[2021-09-27 03:52:50,550] {processor.py:623} INFO - DAG(s) dict_keys(['example_task_group']) retrieved from /home/airflow/.local/lib/python3.8/site-packages/airflow/example_dags/example_task_group.py
[2021-09-27 03:52:50,567] {logging_mixin.py:109} INFO - [2021-09-27 03:52:50,567] {dag.py:1833} INFO - Sync 1 DAGs
[2021-09-27 03:52:50,576] {logging_mixin.py:109} INFO - [2021-09-27 03:52:50,576] {dag.py:2306} INFO - Setting next_dagrun for example_task_group to 2021-09-25 00:00:00+00:00
[2021-09-27 03:52:50,585] {processor.py:170} INFO - Processing /home/airflow/.local/lib/python3.8/site-packages/airflow/example_dags/example_task_group.py took 0.047 seconds
[2021-09-27 03:53:20,768] {processor.py:162} INFO - Started process (PID=440) to work on /home/airflow/.local/lib/python3.8/site-packages/airflow/example_dags/example_task_group.py
[2021-09-27 03:53:20,768] {processor.py:613} INFO - Processing file /home/airflow/.local/lib/python3.8/site-packages/airflow/example_dags/example_task_group.py for tasks to queue
[2021-09-27 03:53:20,769] {logging_mixin.py:109} INFO - [2021-09-27 03:53:20,769] {dagbag.py:496} INFO - Filling up the DagBag from /home/airflow/.local/lib/python3.8/site-packages/airflow/example_dags/example_task_group.py
[2021-09-27 03:53:20,777] {processor.py:623} INFO - DAG(s) dict_keys(['example_task_group']) retrieved from /home/airflow/.local/lib/python3.8/site-packages/airflow/example_dags/example_task_group.py
[2021-09-27 03:53:20,792] {logging_mixin.py:109} INFO - [2021-09-27 03:53:20,791] {dag.py:1833} INFO - Sync 1 DAGs
[2021-09-27 03:53:20,800] {logging_mixin.py:109} INFO - [2021-09-27 03:53:20,800] {dag.py:2306} INFO - Setting next_dagrun for example_task_group to 2021-09-25 00:00:00+00:00
[2021-09-27 03:53:20,808] {processor.py:170} INFO - Processing /home/airflow/.local/lib/python3.8/site-packages/airflow/example_dags/example_task_group.py took 0.042 seconds
[2021-09-27 03:53:51,247] {processor.py:162} INFO - Started process (PID=493) to work on /home/airflow/.local/lib/python3.8/site-packages/airflow/example_dags/example_task_group.py
[2021-09-27 03:53:51,247] {processor.py:613} INFO - Processing file /home/airflow/.local/lib/python3.8/site-packages/airflow/example_dags/example_task_group.py for tasks to queue
[2021-09-27 03:53:51,248] {logging_mixin.py:109} INFO - [2021-09-27 03:53:51,248] {dagbag.py:496} INFO - Filling up the DagBag from /home/airflow/.local/lib/python3.8/site-packages/airflow/example_dags/example_task_group.py
[2021-09-27 03:53:51,256] {processor.py:623} INFO - DAG(s) dict_keys(['example_task_group']) retrieved from /home/airflow/.local/lib/python3.8/site-packages/airflow/example_dags/example_task_group.py
[2021-09-27 03:53:51,269] {logging_mixin.py:109} INFO - [2021-09-27 03:53:51,269] {dag.py:1833} INFO - Sync 1 DAGs
[2021-09-27 03:53:51,278] {logging_mixin.py:109} INFO - [2021-09-27 03:53:51,278] {dag.py:2306} INFO - Setting next_dagrun for example_task_group to 2021-09-25 00:00:00+00:00
[2021-09-27 03:53:51,286] {processor.py:170} INFO - Processing /home/airflow/.local/lib/python3.8/site-packages/airflow/example_dags/example_task_group.py took 0.041 seconds
[2021-09-27 03:54:21,507] {processor.py:162} INFO - Started process (PID=545) to work on /home/airflow/.local/lib/python3.8/site-packages/airflow/example_dags/example_task_group.py
[2021-09-27 03:54:21,508] {processor.py:613} INFO - Processing file /home/airflow/.local/lib/python3.8/site-packages/airflow/example_dags/example_task_group.py for tasks to queue
[2021-09-27 03:54:21,508] {logging_mixin.py:109} INFO - [2021-09-27 03:54:21,508] {dagbag.py:496} INFO - Filling up the DagBag from /home/airflow/.local/lib/python3.8/site-packages/airflow/example_dags/example_task_group.py
[2021-09-27 03:54:21,518] {processor.py:623} INFO - DAG(s) dict_keys(['example_task_group']) retrieved from /home/airflow/.local/lib/python3.8/site-packages/airflow/example_dags/example_task_group.py
[2021-09-27 03:54:21,535] {logging_mixin.py:109} INFO - [2021-09-27 03:54:21,535] {dag.py:1833} INFO - Sync 1 DAGs
[2021-09-27 03:54:21,545] {logging_mixin.py:109} INFO - [2021-09-27 03:54:21,545] {dag.py:2306} INFO - Setting next_dagrun for example_task_group to 2021-09-25 00:00:00+00:00
[2021-09-27 03:54:21,553] {processor.py:170} INFO - Processing /home/airflow/.local/lib/python3.8/site-packages/airflow/example_dags/example_task_group.py took 0.048 seconds
[2021-09-27 03:54:51,875] {processor.py:162} INFO - Started process (PID=598) to work on /home/airflow/.local/lib/python3.8/site-packages/airflow/example_dags/example_task_group.py
[2021-09-27 03:54:51,876] {processor.py:613} INFO - Processing file /home/airflow/.local/lib/python3.8/site-packages/airflow/example_dags/example_task_group.py for tasks to queue
[2021-09-27 03:54:51,876] {logging_mixin.py:109} INFO - [2021-09-27 03:54:51,876] {dagbag.py:496} INFO - Filling up the DagBag from /home/airflow/.local/lib/python3.8/site-packages/airflow/example_dags/example_task_group.py
[2021-09-27 03:54:51,885] {processor.py:623} INFO - DAG(s) dict_keys(['example_task_group']) retrieved from /home/airflow/.local/lib/python3.8/site-packages/airflow/example_dags/example_task_group.py
[2021-09-27 03:54:51,901] {logging_mixin.py:109} INFO - [2021-09-27 03:54:51,901] {dag.py:1833} INFO - Sync 1 DAGs
[2021-09-27 03:54:51,912] {logging_mixin.py:109} INFO - [2021-09-27 03:54:51,912] {dag.py:2306} INFO - Setting next_dagrun for example_task_group to 2021-09-25 00:00:00+00:00
[2021-09-27 03:54:51,920] {processor.py:170} INFO - Processing /home/airflow/.local/lib/python3.8/site-packages/airflow/example_dags/example_task_group.py took 0.047 seconds
[2021-09-27 03:55:22,321] {processor.py:162} INFO - Started process (PID=644) to work on /home/airflow/.local/lib/python3.8/site-packages/airflow/example_dags/example_task_group.py
[2021-09-27 03:55:22,322] {processor.py:613} INFO - Processing file /home/airflow/.local/lib/python3.8/site-packages/airflow/example_dags/example_task_group.py for tasks to queue
[2021-09-27 03:55:22,322] {logging_mixin.py:109} INFO - [2021-09-27 03:55:22,322] {dagbag.py:496} INFO - Filling up the DagBag from /home/airflow/.local/lib/python3.8/site-packages/airflow/example_dags/example_task_group.py
[2021-09-27 03:55:22,331] {processor.py:623} INFO - DAG(s) dict_keys(['example_task_group']) retrieved from /home/airflow/.local/lib/python3.8/site-packages/airflow/example_dags/example_task_group.py
[2021-09-27 03:55:22,345] {logging_mixin.py:109} INFO - [2021-09-27 03:55:22,345] {dag.py:1833} INFO - Sync 1 DAGs
[2021-09-27 03:55:22,354] {logging_mixin.py:109} INFO - [2021-09-27 03:55:22,354] {dag.py:2306} INFO - Setting next_dagrun for example_task_group to 2021-09-25 00:00:00+00:00
[2021-09-27 03:55:22,362] {processor.py:170} INFO - Processing /home/airflow/.local/lib/python3.8/site-packages/airflow/example_dags/example_task_group.py took 0.043 seconds
[2021-09-27 03:55:52,756] {processor.py:162} INFO - Started process (PID=697) to work on /home/airflow/.local/lib/python3.8/site-packages/airflow/example_dags/example_task_group.py
[2021-09-27 03:55:52,757] {processor.py:613} INFO - Processing file /home/airflow/.local/lib/python3.8/site-packages/airflow/example_dags/example_task_group.py for tasks to queue
[2021-09-27 03:55:52,757] {logging_mixin.py:109} INFO - [2021-09-27 03:55:52,757] {dagbag.py:496} INFO - Filling up the DagBag from /home/airflow/.local/lib/python3.8/site-packages/airflow/example_dags/example_task_group.py
[2021-09-27 03:55:52,767] {processor.py:623} INFO - DAG(s) dict_keys(['example_task_group']) retrieved from /home/airflow/.local/lib/python3.8/site-packages/airflow/example_dags/example_task_group.py
[2021-09-27 03:55:52,782] {logging_mixin.py:109} INFO - [2021-09-27 03:55:52,782] {dag.py:1833} INFO - Sync 1 DAGs
[2021-09-27 03:55:52,792] {logging_mixin.py:109} INFO - [2021-09-27 03:55:52,792] {dag.py:2306} INFO - Setting next_dagrun for example_task_group to 2021-09-25 00:00:00+00:00
[2021-09-27 03:55:52,801] {processor.py:170} INFO - Processing /home/airflow/.local/lib/python3.8/site-packages/airflow/example_dags/example_task_group.py took 0.047 seconds
[2021-09-27 03:56:23,140] {processor.py:162} INFO - Started process (PID=750) to work on /home/airflow/.local/lib/python3.8/site-packages/airflow/example_dags/example_task_group.py
[2021-09-27 03:56:23,141] {processor.py:613} INFO - Processing file /home/airflow/.local/lib/python3.8/site-packages/airflow/example_dags/example_task_group.py for tasks to queue
[2021-09-27 03:56:23,142] {logging_mixin.py:109} INFO - [2021-09-27 03:56:23,142] {dagbag.py:496} INFO - Filling up the DagBag from /home/airflow/.local/lib/python3.8/site-packages/airflow/example_dags/example_task_group.py
[2021-09-27 03:56:23,150] {processor.py:623} INFO - DAG(s) dict_keys(['example_task_group']) retrieved from /home/airflow/.local/lib/python3.8/site-packages/airflow/example_dags/example_task_group.py
[2021-09-27 03:56:23,164] {logging_mixin.py:109} INFO - [2021-09-27 03:56:23,163] {dag.py:1833} INFO - Sync 1 DAGs
[2021-09-27 03:56:23,173] {logging_mixin.py:109} INFO - [2021-09-27 03:56:23,173] {dag.py:2306} INFO - Setting next_dagrun for example_task_group to 2021-09-25 00:00:00+00:00
[2021-09-27 03:56:23,181] {processor.py:170} INFO - Processing /home/airflow/.local/lib/python3.8/site-packages/airflow/example_dags/example_task_group.py took 0.042 seconds
[2021-09-27 03:56:53,423] {processor.py:162} INFO - Started process (PID=803) to work on /home/airflow/.local/lib/python3.8/site-packages/airflow/example_dags/example_task_group.py
[2021-09-27 03:56:53,424] {processor.py:613} INFO - Processing file /home/airflow/.local/lib/python3.8/site-packages/airflow/example_dags/example_task_group.py for tasks to queue
[2021-09-27 03:56:53,424] {logging_mixin.py:109} INFO - [2021-09-27 03:56:53,424] {dagbag.py:496} INFO - Filling up the DagBag from /home/airflow/.local/lib/python3.8/site-packages/airflow/example_dags/example_task_group.py
[2021-09-27 03:56:53,433] {processor.py:623} INFO - DAG(s) dict_keys(['example_task_group']) retrieved from /home/airflow/.local/lib/python3.8/site-packages/airflow/example_dags/example_task_group.py
[2021-09-27 03:56:53,448] {logging_mixin.py:109} INFO - [2021-09-27 03:56:53,448] {dag.py:1833} INFO - Sync 1 DAGs
[2021-09-27 03:56:53,457] {logging_mixin.py:109} INFO - [2021-09-27 03:56:53,457] {dag.py:2306} INFO - Setting next_dagrun for example_task_group to 2021-09-25 00:00:00+00:00
[2021-09-27 03:56:53,464] {processor.py:170} INFO - Processing /home/airflow/.local/lib/python3.8/site-packages/airflow/example_dags/example_task_group.py took 0.043 seconds
[2021-09-27 03:57:23,795] {processor.py:162} INFO - Started process (PID=849) to work on /home/airflow/.local/lib/python3.8/site-packages/airflow/example_dags/example_task_group.py
[2021-09-27 03:57:23,796] {processor.py:613} INFO - Processing file /home/airflow/.local/lib/python3.8/site-packages/airflow/example_dags/example_task_group.py for tasks to queue
[2021-09-27 03:57:23,796] {logging_mixin.py:109} INFO - [2021-09-27 03:57:23,796] {dagbag.py:496} INFO - Filling up the DagBag from /home/airflow/.local/lib/python3.8/site-packages/airflow/example_dags/example_task_group.py
[2021-09-27 03:57:23,804] {processor.py:623} INFO - DAG(s) dict_keys(['example_task_group']) retrieved from /home/airflow/.local/lib/python3.8/site-packages/airflow/example_dags/example_task_group.py
[2021-09-27 03:57:23,819] {logging_mixin.py:109} INFO - [2021-09-27 03:57:23,819] {dag.py:1833} INFO - Sync 1 DAGs
[2021-09-27 03:57:23,828] {logging_mixin.py:109} INFO - [2021-09-27 03:57:23,828] {dag.py:2306} INFO - Setting next_dagrun for example_task_group to 2021-09-25 00:00:00+00:00
[2021-09-27 03:57:23,836] {processor.py:170} INFO - Processing /home/airflow/.local/lib/python3.8/site-packages/airflow/example_dags/example_task_group.py took 0.043 seconds
[2021-09-27 03:57:54,075] {processor.py:162} INFO - Started process (PID=902) to work on /home/airflow/.local/lib/python3.8/site-packages/airflow/example_dags/example_task_group.py
[2021-09-27 03:57:54,075] {processor.py:613} INFO - Processing file /home/airflow/.local/lib/python3.8/site-packages/airflow/example_dags/example_task_group.py for tasks to queue
[2021-09-27 03:57:54,076] {logging_mixin.py:109} INFO - [2021-09-27 03:57:54,076] {dagbag.py:496} INFO - Filling up the DagBag from /home/airflow/.local/lib/python3.8/site-packages/airflow/example_dags/example_task_group.py
[2021-09-27 03:57:54,085] {processor.py:623} INFO - DAG(s) dict_keys(['example_task_group']) retrieved from /home/airflow/.local/lib/python3.8/site-packages/airflow/example_dags/example_task_group.py
[2021-09-27 03:57:54,100] {logging_mixin.py:109} INFO - [2021-09-27 03:57:54,099] {dag.py:1833} INFO - Sync 1 DAGs
[2021-09-27 03:57:54,109] {logging_mixin.py:109} INFO - [2021-09-27 03:57:54,109] {dag.py:2306} INFO - Setting next_dagrun for example_task_group to 2021-09-25 00:00:00+00:00
[2021-09-27 03:57:54,117] {processor.py:170} INFO - Processing /home/airflow/.local/lib/python3.8/site-packages/airflow/example_dags/example_task_group.py took 0.045 seconds
[2021-09-27 03:58:24,392] {processor.py:162} INFO - Started process (PID=955) to work on /home/airflow/.local/lib/python3.8/site-packages/airflow/example_dags/example_task_group.py
[2021-09-27 03:58:24,393] {processor.py:613} INFO - Processing file /home/airflow/.local/lib/python3.8/site-packages/airflow/example_dags/example_task_group.py for tasks to queue
[2021-09-27 03:58:24,393] {logging_mixin.py:109} INFO - [2021-09-27 03:58:24,393] {dagbag.py:496} INFO - Filling up the DagBag from /home/airflow/.local/lib/python3.8/site-packages/airflow/example_dags/example_task_group.py
[2021-09-27 03:58:24,404] {processor.py:623} INFO - DAG(s) dict_keys(['example_task_group']) retrieved from /home/airflow/.local/lib/python3.8/site-packages/airflow/example_dags/example_task_group.py
[2021-09-27 03:58:24,419] {logging_mixin.py:109} INFO - [2021-09-27 03:58:24,419] {dag.py:1833} INFO - Sync 1 DAGs
[2021-09-27 03:58:24,429] {logging_mixin.py:109} INFO - [2021-09-27 03:58:24,429] {dag.py:2306} INFO - Setting next_dagrun for example_task_group to 2021-09-25 00:00:00+00:00
[2021-09-27 03:58:24,438] {processor.py:170} INFO - Processing /home/airflow/.local/lib/python3.8/site-packages/airflow/example_dags/example_task_group.py took 0.048 seconds
