[2021-09-27 03:24:55,401] {processor.py:162} INFO - Started process (PID=54) to work on /home/airflow/.local/lib/python3.8/site-packages/airflow/example_dags/example_python_operator.py
[2021-09-27 03:24:55,402] {processor.py:613} INFO - Processing file /home/airflow/.local/lib/python3.8/site-packages/airflow/example_dags/example_python_operator.py for tasks to queue
[2021-09-27 03:24:55,402] {logging_mixin.py:109} INFO - [2021-09-27 03:24:55,402] {dagbag.py:496} INFO - Filling up the DagBag from /home/airflow/.local/lib/python3.8/site-packages/airflow/example_dags/example_python_operator.py
[2021-09-27 03:24:55,412] {processor.py:623} INFO - DAG(s) dict_keys(['example_python_operator']) retrieved from /home/airflow/.local/lib/python3.8/site-packages/airflow/example_dags/example_python_operator.py
[2021-09-27 03:24:55,649] {logging_mixin.py:109} INFO - [2021-09-27 03:24:55,649] {dag.py:1833} INFO - Sync 1 DAGs
[2021-09-27 03:24:55,657] {logging_mixin.py:109} INFO - [2021-09-27 03:24:55,657] {dag.py:2306} INFO - Setting next_dagrun for example_python_operator to None
[2021-09-27 03:24:55,667] {processor.py:170} INFO - Processing /home/airflow/.local/lib/python3.8/site-packages/airflow/example_dags/example_python_operator.py took 0.268 seconds
[2021-09-27 03:25:26,137] {processor.py:162} INFO - Started process (PID=100) to work on /home/airflow/.local/lib/python3.8/site-packages/airflow/example_dags/example_python_operator.py
[2021-09-27 03:25:26,138] {processor.py:613} INFO - Processing file /home/airflow/.local/lib/python3.8/site-packages/airflow/example_dags/example_python_operator.py for tasks to queue
[2021-09-27 03:25:26,138] {logging_mixin.py:109} INFO - [2021-09-27 03:25:26,138] {dagbag.py:496} INFO - Filling up the DagBag from /home/airflow/.local/lib/python3.8/site-packages/airflow/example_dags/example_python_operator.py
[2021-09-27 03:25:26,146] {processor.py:623} INFO - DAG(s) dict_keys(['example_python_operator']) retrieved from /home/airflow/.local/lib/python3.8/site-packages/airflow/example_dags/example_python_operator.py
[2021-09-27 03:25:26,161] {logging_mixin.py:109} INFO - [2021-09-27 03:25:26,161] {dag.py:1833} INFO - Sync 1 DAGs
[2021-09-27 03:25:26,173] {logging_mixin.py:109} INFO - [2021-09-27 03:25:26,173] {dag.py:2306} INFO - Setting next_dagrun for example_python_operator to None
[2021-09-27 03:25:26,181] {processor.py:170} INFO - Processing /home/airflow/.local/lib/python3.8/site-packages/airflow/example_dags/example_python_operator.py took 0.047 seconds
[2021-09-27 03:25:56,868] {processor.py:162} INFO - Started process (PID=153) to work on /home/airflow/.local/lib/python3.8/site-packages/airflow/example_dags/example_python_operator.py
[2021-09-27 03:25:56,869] {processor.py:613} INFO - Processing file /home/airflow/.local/lib/python3.8/site-packages/airflow/example_dags/example_python_operator.py for tasks to queue
[2021-09-27 03:25:56,870] {logging_mixin.py:109} INFO - [2021-09-27 03:25:56,870] {dagbag.py:496} INFO - Filling up the DagBag from /home/airflow/.local/lib/python3.8/site-packages/airflow/example_dags/example_python_operator.py
[2021-09-27 03:25:56,903] {processor.py:623} INFO - DAG(s) dict_keys(['example_python_operator']) retrieved from /home/airflow/.local/lib/python3.8/site-packages/airflow/example_dags/example_python_operator.py
[2021-09-27 03:25:56,936] {logging_mixin.py:109} INFO - [2021-09-27 03:25:56,936] {dag.py:1833} INFO - Sync 1 DAGs
[2021-09-27 03:25:56,967] {logging_mixin.py:109} INFO - [2021-09-27 03:25:56,967] {dag.py:2306} INFO - Setting next_dagrun for example_python_operator to None
[2021-09-27 03:25:56,982] {processor.py:170} INFO - Processing /home/airflow/.local/lib/python3.8/site-packages/airflow/example_dags/example_python_operator.py took 0.117 seconds
[2021-09-27 03:26:27,745] {processor.py:162} INFO - Started process (PID=206) to work on /home/airflow/.local/lib/python3.8/site-packages/airflow/example_dags/example_python_operator.py
[2021-09-27 03:26:27,746] {processor.py:613} INFO - Processing file /home/airflow/.local/lib/python3.8/site-packages/airflow/example_dags/example_python_operator.py for tasks to queue
[2021-09-27 03:26:27,747] {logging_mixin.py:109} INFO - [2021-09-27 03:26:27,747] {dagbag.py:496} INFO - Filling up the DagBag from /home/airflow/.local/lib/python3.8/site-packages/airflow/example_dags/example_python_operator.py
[2021-09-27 03:26:27,754] {processor.py:623} INFO - DAG(s) dict_keys(['example_python_operator']) retrieved from /home/airflow/.local/lib/python3.8/site-packages/airflow/example_dags/example_python_operator.py
[2021-09-27 03:26:27,771] {logging_mixin.py:109} INFO - [2021-09-27 03:26:27,771] {dag.py:1833} INFO - Sync 1 DAGs
[2021-09-27 03:26:27,785] {logging_mixin.py:109} INFO - [2021-09-27 03:26:27,784] {dag.py:2306} INFO - Setting next_dagrun for example_python_operator to None
[2021-09-27 03:26:27,794] {processor.py:170} INFO - Processing /home/airflow/.local/lib/python3.8/site-packages/airflow/example_dags/example_python_operator.py took 0.052 seconds
[2021-09-27 03:26:57,916] {processor.py:162} INFO - Started process (PID=259) to work on /home/airflow/.local/lib/python3.8/site-packages/airflow/example_dags/example_python_operator.py
[2021-09-27 03:26:57,917] {processor.py:613} INFO - Processing file /home/airflow/.local/lib/python3.8/site-packages/airflow/example_dags/example_python_operator.py for tasks to queue
[2021-09-27 03:26:57,917] {logging_mixin.py:109} INFO - [2021-09-27 03:26:57,917] {dagbag.py:496} INFO - Filling up the DagBag from /home/airflow/.local/lib/python3.8/site-packages/airflow/example_dags/example_python_operator.py
[2021-09-27 03:26:57,925] {processor.py:623} INFO - DAG(s) dict_keys(['example_python_operator']) retrieved from /home/airflow/.local/lib/python3.8/site-packages/airflow/example_dags/example_python_operator.py
[2021-09-27 03:26:57,940] {logging_mixin.py:109} INFO - [2021-09-27 03:26:57,939] {dag.py:1833} INFO - Sync 1 DAGs
[2021-09-27 03:26:57,948] {logging_mixin.py:109} INFO - [2021-09-27 03:26:57,948] {dag.py:2306} INFO - Setting next_dagrun for example_python_operator to None
[2021-09-27 03:26:57,958] {processor.py:170} INFO - Processing /home/airflow/.local/lib/python3.8/site-packages/airflow/example_dags/example_python_operator.py took 0.044 seconds
[2021-09-27 03:27:28,113] {processor.py:162} INFO - Started process (PID=305) to work on /home/airflow/.local/lib/python3.8/site-packages/airflow/example_dags/example_python_operator.py
[2021-09-27 03:27:28,114] {processor.py:613} INFO - Processing file /home/airflow/.local/lib/python3.8/site-packages/airflow/example_dags/example_python_operator.py for tasks to queue
[2021-09-27 03:27:28,114] {logging_mixin.py:109} INFO - [2021-09-27 03:27:28,114] {dagbag.py:496} INFO - Filling up the DagBag from /home/airflow/.local/lib/python3.8/site-packages/airflow/example_dags/example_python_operator.py
[2021-09-27 03:27:28,122] {processor.py:623} INFO - DAG(s) dict_keys(['example_python_operator']) retrieved from /home/airflow/.local/lib/python3.8/site-packages/airflow/example_dags/example_python_operator.py
[2021-09-27 03:27:28,136] {logging_mixin.py:109} INFO - [2021-09-27 03:27:28,136] {dag.py:1833} INFO - Sync 1 DAGs
[2021-09-27 03:27:28,145] {logging_mixin.py:109} INFO - [2021-09-27 03:27:28,145] {dag.py:2306} INFO - Setting next_dagrun for example_python_operator to None
[2021-09-27 03:27:28,154] {processor.py:170} INFO - Processing /home/airflow/.local/lib/python3.8/site-packages/airflow/example_dags/example_python_operator.py took 0.043 seconds
[2021-09-27 03:27:58,320] {processor.py:162} INFO - Started process (PID=358) to work on /home/airflow/.local/lib/python3.8/site-packages/airflow/example_dags/example_python_operator.py
[2021-09-27 03:27:58,321] {processor.py:613} INFO - Processing file /home/airflow/.local/lib/python3.8/site-packages/airflow/example_dags/example_python_operator.py for tasks to queue
[2021-09-27 03:27:58,321] {logging_mixin.py:109} INFO - [2021-09-27 03:27:58,321] {dagbag.py:496} INFO - Filling up the DagBag from /home/airflow/.local/lib/python3.8/site-packages/airflow/example_dags/example_python_operator.py
[2021-09-27 03:27:58,329] {processor.py:623} INFO - DAG(s) dict_keys(['example_python_operator']) retrieved from /home/airflow/.local/lib/python3.8/site-packages/airflow/example_dags/example_python_operator.py
[2021-09-27 03:27:58,344] {logging_mixin.py:109} INFO - [2021-09-27 03:27:58,344] {dag.py:1833} INFO - Sync 1 DAGs
[2021-09-27 03:27:58,354] {logging_mixin.py:109} INFO - [2021-09-27 03:27:58,354] {dag.py:2306} INFO - Setting next_dagrun for example_python_operator to None
[2021-09-27 03:27:58,362] {processor.py:170} INFO - Processing /home/airflow/.local/lib/python3.8/site-packages/airflow/example_dags/example_python_operator.py took 0.045 seconds
[2021-09-27 03:28:28,944] {processor.py:162} INFO - Started process (PID=413) to work on /home/airflow/.local/lib/python3.8/site-packages/airflow/example_dags/example_python_operator.py
[2021-09-27 03:28:28,945] {processor.py:613} INFO - Processing file /home/airflow/.local/lib/python3.8/site-packages/airflow/example_dags/example_python_operator.py for tasks to queue
[2021-09-27 03:28:28,945] {logging_mixin.py:109} INFO - [2021-09-27 03:28:28,945] {dagbag.py:496} INFO - Filling up the DagBag from /home/airflow/.local/lib/python3.8/site-packages/airflow/example_dags/example_python_operator.py
[2021-09-27 03:28:28,953] {processor.py:623} INFO - DAG(s) dict_keys(['example_python_operator']) retrieved from /home/airflow/.local/lib/python3.8/site-packages/airflow/example_dags/example_python_operator.py
[2021-09-27 03:28:28,968] {logging_mixin.py:109} INFO - [2021-09-27 03:28:28,968] {dag.py:1833} INFO - Sync 1 DAGs
[2021-09-27 03:28:28,978] {logging_mixin.py:109} INFO - [2021-09-27 03:28:28,978] {dag.py:2306} INFO - Setting next_dagrun for example_python_operator to None
[2021-09-27 03:28:28,986] {processor.py:170} INFO - Processing /home/airflow/.local/lib/python3.8/site-packages/airflow/example_dags/example_python_operator.py took 0.043 seconds
[2021-09-27 03:28:59,115] {processor.py:162} INFO - Started process (PID=466) to work on /home/airflow/.local/lib/python3.8/site-packages/airflow/example_dags/example_python_operator.py
[2021-09-27 03:28:59,115] {processor.py:613} INFO - Processing file /home/airflow/.local/lib/python3.8/site-packages/airflow/example_dags/example_python_operator.py for tasks to queue
[2021-09-27 03:28:59,116] {logging_mixin.py:109} INFO - [2021-09-27 03:28:59,116] {dagbag.py:496} INFO - Filling up the DagBag from /home/airflow/.local/lib/python3.8/site-packages/airflow/example_dags/example_python_operator.py
[2021-09-27 03:28:59,125] {processor.py:623} INFO - DAG(s) dict_keys(['example_python_operator']) retrieved from /home/airflow/.local/lib/python3.8/site-packages/airflow/example_dags/example_python_operator.py
[2021-09-27 03:28:59,142] {logging_mixin.py:109} INFO - [2021-09-27 03:28:59,142] {dag.py:1833} INFO - Sync 1 DAGs
[2021-09-27 03:28:59,152] {logging_mixin.py:109} INFO - [2021-09-27 03:28:59,152] {dag.py:2306} INFO - Setting next_dagrun for example_python_operator to None
[2021-09-27 03:28:59,162] {processor.py:170} INFO - Processing /home/airflow/.local/lib/python3.8/site-packages/airflow/example_dags/example_python_operator.py took 0.050 seconds
[2021-09-27 03:29:29,324] {processor.py:162} INFO - Started process (PID=512) to work on /home/airflow/.local/lib/python3.8/site-packages/airflow/example_dags/example_python_operator.py
[2021-09-27 03:29:29,325] {processor.py:613} INFO - Processing file /home/airflow/.local/lib/python3.8/site-packages/airflow/example_dags/example_python_operator.py for tasks to queue
[2021-09-27 03:29:29,325] {logging_mixin.py:109} INFO - [2021-09-27 03:29:29,325] {dagbag.py:496} INFO - Filling up the DagBag from /home/airflow/.local/lib/python3.8/site-packages/airflow/example_dags/example_python_operator.py
[2021-09-27 03:29:29,334] {processor.py:623} INFO - DAG(s) dict_keys(['example_python_operator']) retrieved from /home/airflow/.local/lib/python3.8/site-packages/airflow/example_dags/example_python_operator.py
[2021-09-27 03:29:29,348] {logging_mixin.py:109} INFO - [2021-09-27 03:29:29,348] {dag.py:1833} INFO - Sync 1 DAGs
[2021-09-27 03:29:29,357] {logging_mixin.py:109} INFO - [2021-09-27 03:29:29,357] {dag.py:2306} INFO - Setting next_dagrun for example_python_operator to None
[2021-09-27 03:29:29,364] {processor.py:170} INFO - Processing /home/airflow/.local/lib/python3.8/site-packages/airflow/example_dags/example_python_operator.py took 0.042 seconds
[2021-09-27 03:29:59,467] {processor.py:162} INFO - Started process (PID=565) to work on /home/airflow/.local/lib/python3.8/site-packages/airflow/example_dags/example_python_operator.py
[2021-09-27 03:29:59,468] {processor.py:613} INFO - Processing file /home/airflow/.local/lib/python3.8/site-packages/airflow/example_dags/example_python_operator.py for tasks to queue
[2021-09-27 03:29:59,469] {logging_mixin.py:109} INFO - [2021-09-27 03:29:59,469] {dagbag.py:496} INFO - Filling up the DagBag from /home/airflow/.local/lib/python3.8/site-packages/airflow/example_dags/example_python_operator.py
[2021-09-27 03:29:59,476] {processor.py:623} INFO - DAG(s) dict_keys(['example_python_operator']) retrieved from /home/airflow/.local/lib/python3.8/site-packages/airflow/example_dags/example_python_operator.py
[2021-09-27 03:29:59,490] {logging_mixin.py:109} INFO - [2021-09-27 03:29:59,490] {dag.py:1833} INFO - Sync 1 DAGs
[2021-09-27 03:29:59,498] {logging_mixin.py:109} INFO - [2021-09-27 03:29:59,498] {dag.py:2306} INFO - Setting next_dagrun for example_python_operator to None
[2021-09-27 03:29:59,507] {processor.py:170} INFO - Processing /home/airflow/.local/lib/python3.8/site-packages/airflow/example_dags/example_python_operator.py took 0.042 seconds
[2021-09-27 03:30:29,583] {processor.py:162} INFO - Started process (PID=618) to work on /home/airflow/.local/lib/python3.8/site-packages/airflow/example_dags/example_python_operator.py
[2021-09-27 03:30:29,583] {processor.py:613} INFO - Processing file /home/airflow/.local/lib/python3.8/site-packages/airflow/example_dags/example_python_operator.py for tasks to queue
[2021-09-27 03:30:29,584] {logging_mixin.py:109} INFO - [2021-09-27 03:30:29,584] {dagbag.py:496} INFO - Filling up the DagBag from /home/airflow/.local/lib/python3.8/site-packages/airflow/example_dags/example_python_operator.py
[2021-09-27 03:30:29,591] {processor.py:623} INFO - DAG(s) dict_keys(['example_python_operator']) retrieved from /home/airflow/.local/lib/python3.8/site-packages/airflow/example_dags/example_python_operator.py
[2021-09-27 03:30:29,604] {logging_mixin.py:109} INFO - [2021-09-27 03:30:29,604] {dag.py:1833} INFO - Sync 1 DAGs
[2021-09-27 03:30:29,613] {logging_mixin.py:109} INFO - [2021-09-27 03:30:29,613] {dag.py:2306} INFO - Setting next_dagrun for example_python_operator to None
[2021-09-27 03:30:29,621] {processor.py:170} INFO - Processing /home/airflow/.local/lib/python3.8/site-packages/airflow/example_dags/example_python_operator.py took 0.041 seconds
[2021-09-27 03:30:59,719] {processor.py:162} INFO - Started process (PID=670) to work on /home/airflow/.local/lib/python3.8/site-packages/airflow/example_dags/example_python_operator.py
[2021-09-27 03:30:59,721] {processor.py:613} INFO - Processing file /home/airflow/.local/lib/python3.8/site-packages/airflow/example_dags/example_python_operator.py for tasks to queue
[2021-09-27 03:30:59,722] {logging_mixin.py:109} INFO - [2021-09-27 03:30:59,722] {dagbag.py:496} INFO - Filling up the DagBag from /home/airflow/.local/lib/python3.8/site-packages/airflow/example_dags/example_python_operator.py
[2021-09-27 03:30:59,731] {processor.py:623} INFO - DAG(s) dict_keys(['example_python_operator']) retrieved from /home/airflow/.local/lib/python3.8/site-packages/airflow/example_dags/example_python_operator.py
[2021-09-27 03:30:59,749] {logging_mixin.py:109} INFO - [2021-09-27 03:30:59,749] {dag.py:1833} INFO - Sync 1 DAGs
[2021-09-27 03:30:59,760] {logging_mixin.py:109} INFO - [2021-09-27 03:30:59,759] {dag.py:2306} INFO - Setting next_dagrun for example_python_operator to None
[2021-09-27 03:30:59,769] {processor.py:170} INFO - Processing /home/airflow/.local/lib/python3.8/site-packages/airflow/example_dags/example_python_operator.py took 0.052 seconds
[2021-09-27 03:31:29,976] {processor.py:162} INFO - Started process (PID=716) to work on /home/airflow/.local/lib/python3.8/site-packages/airflow/example_dags/example_python_operator.py
[2021-09-27 03:31:29,977] {processor.py:613} INFO - Processing file /home/airflow/.local/lib/python3.8/site-packages/airflow/example_dags/example_python_operator.py for tasks to queue
[2021-09-27 03:31:29,977] {logging_mixin.py:109} INFO - [2021-09-27 03:31:29,977] {dagbag.py:496} INFO - Filling up the DagBag from /home/airflow/.local/lib/python3.8/site-packages/airflow/example_dags/example_python_operator.py
[2021-09-27 03:31:29,985] {processor.py:623} INFO - DAG(s) dict_keys(['example_python_operator']) retrieved from /home/airflow/.local/lib/python3.8/site-packages/airflow/example_dags/example_python_operator.py
[2021-09-27 03:31:29,998] {logging_mixin.py:109} INFO - [2021-09-27 03:31:29,998] {dag.py:1833} INFO - Sync 1 DAGs
[2021-09-27 03:31:30,007] {logging_mixin.py:109} INFO - [2021-09-27 03:31:30,007] {dag.py:2306} INFO - Setting next_dagrun for example_python_operator to None
[2021-09-27 03:31:30,015] {processor.py:170} INFO - Processing /home/airflow/.local/lib/python3.8/site-packages/airflow/example_dags/example_python_operator.py took 0.042 seconds
[2021-09-27 03:32:00,211] {processor.py:162} INFO - Started process (PID=769) to work on /home/airflow/.local/lib/python3.8/site-packages/airflow/example_dags/example_python_operator.py
[2021-09-27 03:32:00,212] {processor.py:613} INFO - Processing file /home/airflow/.local/lib/python3.8/site-packages/airflow/example_dags/example_python_operator.py for tasks to queue
[2021-09-27 03:32:00,213] {logging_mixin.py:109} INFO - [2021-09-27 03:32:00,213] {dagbag.py:496} INFO - Filling up the DagBag from /home/airflow/.local/lib/python3.8/site-packages/airflow/example_dags/example_python_operator.py
[2021-09-27 03:32:00,222] {processor.py:623} INFO - DAG(s) dict_keys(['example_python_operator']) retrieved from /home/airflow/.local/lib/python3.8/site-packages/airflow/example_dags/example_python_operator.py
[2021-09-27 03:32:00,236] {logging_mixin.py:109} INFO - [2021-09-27 03:32:00,236] {dag.py:1833} INFO - Sync 1 DAGs
[2021-09-27 03:32:00,244] {logging_mixin.py:109} INFO - [2021-09-27 03:32:00,244] {dag.py:2306} INFO - Setting next_dagrun for example_python_operator to None
[2021-09-27 03:32:00,252] {processor.py:170} INFO - Processing /home/airflow/.local/lib/python3.8/site-packages/airflow/example_dags/example_python_operator.py took 0.043 seconds
[2021-09-27 03:32:30,524] {processor.py:162} INFO - Started process (PID=822) to work on /home/airflow/.local/lib/python3.8/site-packages/airflow/example_dags/example_python_operator.py
[2021-09-27 03:32:30,524] {processor.py:613} INFO - Processing file /home/airflow/.local/lib/python3.8/site-packages/airflow/example_dags/example_python_operator.py for tasks to queue
[2021-09-27 03:32:30,525] {logging_mixin.py:109} INFO - [2021-09-27 03:32:30,525] {dagbag.py:496} INFO - Filling up the DagBag from /home/airflow/.local/lib/python3.8/site-packages/airflow/example_dags/example_python_operator.py
[2021-09-27 03:32:30,534] {processor.py:623} INFO - DAG(s) dict_keys(['example_python_operator']) retrieved from /home/airflow/.local/lib/python3.8/site-packages/airflow/example_dags/example_python_operator.py
[2021-09-27 03:32:30,551] {logging_mixin.py:109} INFO - [2021-09-27 03:32:30,551] {dag.py:1833} INFO - Sync 1 DAGs
[2021-09-27 03:32:30,563] {logging_mixin.py:109} INFO - [2021-09-27 03:32:30,563] {dag.py:2306} INFO - Setting next_dagrun for example_python_operator to None
[2021-09-27 03:32:30,572] {processor.py:170} INFO - Processing /home/airflow/.local/lib/python3.8/site-packages/airflow/example_dags/example_python_operator.py took 0.051 seconds
[2021-09-27 03:33:00,835] {processor.py:162} INFO - Started process (PID=875) to work on /home/airflow/.local/lib/python3.8/site-packages/airflow/example_dags/example_python_operator.py
[2021-09-27 03:33:00,836] {processor.py:613} INFO - Processing file /home/airflow/.local/lib/python3.8/site-packages/airflow/example_dags/example_python_operator.py for tasks to queue
[2021-09-27 03:33:00,836] {logging_mixin.py:109} INFO - [2021-09-27 03:33:00,836] {dagbag.py:496} INFO - Filling up the DagBag from /home/airflow/.local/lib/python3.8/site-packages/airflow/example_dags/example_python_operator.py
[2021-09-27 03:33:00,844] {processor.py:623} INFO - DAG(s) dict_keys(['example_python_operator']) retrieved from /home/airflow/.local/lib/python3.8/site-packages/airflow/example_dags/example_python_operator.py
[2021-09-27 03:33:00,860] {logging_mixin.py:109} INFO - [2021-09-27 03:33:00,860] {dag.py:1833} INFO - Sync 1 DAGs
[2021-09-27 03:33:00,870] {logging_mixin.py:109} INFO - [2021-09-27 03:33:00,870] {dag.py:2306} INFO - Setting next_dagrun for example_python_operator to None
[2021-09-27 03:33:00,879] {processor.py:170} INFO - Processing /home/airflow/.local/lib/python3.8/site-packages/airflow/example_dags/example_python_operator.py took 0.046 seconds
[2021-09-27 03:33:30,917] {processor.py:162} INFO - Started process (PID=920) to work on /home/airflow/.local/lib/python3.8/site-packages/airflow/example_dags/example_python_operator.py
[2021-09-27 03:33:30,918] {processor.py:613} INFO - Processing file /home/airflow/.local/lib/python3.8/site-packages/airflow/example_dags/example_python_operator.py for tasks to queue
[2021-09-27 03:33:30,918] {logging_mixin.py:109} INFO - [2021-09-27 03:33:30,918] {dagbag.py:496} INFO - Filling up the DagBag from /home/airflow/.local/lib/python3.8/site-packages/airflow/example_dags/example_python_operator.py
[2021-09-27 03:33:30,927] {processor.py:623} INFO - DAG(s) dict_keys(['example_python_operator']) retrieved from /home/airflow/.local/lib/python3.8/site-packages/airflow/example_dags/example_python_operator.py
[2021-09-27 03:33:30,940] {logging_mixin.py:109} INFO - [2021-09-27 03:33:30,940] {dag.py:1833} INFO - Sync 1 DAGs
[2021-09-27 03:33:30,948] {logging_mixin.py:109} INFO - [2021-09-27 03:33:30,948] {dag.py:2306} INFO - Setting next_dagrun for example_python_operator to None
[2021-09-27 03:33:30,956] {processor.py:170} INFO - Processing /home/airflow/.local/lib/python3.8/site-packages/airflow/example_dags/example_python_operator.py took 0.042 seconds
[2021-09-27 03:34:01,102] {processor.py:162} INFO - Started process (PID=973) to work on /home/airflow/.local/lib/python3.8/site-packages/airflow/example_dags/example_python_operator.py
[2021-09-27 03:34:01,103] {processor.py:613} INFO - Processing file /home/airflow/.local/lib/python3.8/site-packages/airflow/example_dags/example_python_operator.py for tasks to queue
[2021-09-27 03:34:01,103] {logging_mixin.py:109} INFO - [2021-09-27 03:34:01,103] {dagbag.py:496} INFO - Filling up the DagBag from /home/airflow/.local/lib/python3.8/site-packages/airflow/example_dags/example_python_operator.py
[2021-09-27 03:34:01,111] {processor.py:623} INFO - DAG(s) dict_keys(['example_python_operator']) retrieved from /home/airflow/.local/lib/python3.8/site-packages/airflow/example_dags/example_python_operator.py
[2021-09-27 03:34:01,127] {logging_mixin.py:109} INFO - [2021-09-27 03:34:01,127] {dag.py:1833} INFO - Sync 1 DAGs
[2021-09-27 03:34:01,137] {logging_mixin.py:109} INFO - [2021-09-27 03:34:01,137] {dag.py:2306} INFO - Setting next_dagrun for example_python_operator to None
[2021-09-27 03:34:01,145] {processor.py:170} INFO - Processing /home/airflow/.local/lib/python3.8/site-packages/airflow/example_dags/example_python_operator.py took 0.045 seconds
[2021-09-27 03:34:31,347] {processor.py:162} INFO - Started process (PID=1026) to work on /home/airflow/.local/lib/python3.8/site-packages/airflow/example_dags/example_python_operator.py
[2021-09-27 03:34:31,348] {processor.py:613} INFO - Processing file /home/airflow/.local/lib/python3.8/site-packages/airflow/example_dags/example_python_operator.py for tasks to queue
[2021-09-27 03:34:31,348] {logging_mixin.py:109} INFO - [2021-09-27 03:34:31,348] {dagbag.py:496} INFO - Filling up the DagBag from /home/airflow/.local/lib/python3.8/site-packages/airflow/example_dags/example_python_operator.py
[2021-09-27 03:34:31,357] {processor.py:623} INFO - DAG(s) dict_keys(['example_python_operator']) retrieved from /home/airflow/.local/lib/python3.8/site-packages/airflow/example_dags/example_python_operator.py
[2021-09-27 03:34:31,371] {logging_mixin.py:109} INFO - [2021-09-27 03:34:31,371] {dag.py:1833} INFO - Sync 1 DAGs
[2021-09-27 03:34:31,380] {logging_mixin.py:109} INFO - [2021-09-27 03:34:31,380] {dag.py:2306} INFO - Setting next_dagrun for example_python_operator to None
[2021-09-27 03:34:31,388] {processor.py:170} INFO - Processing /home/airflow/.local/lib/python3.8/site-packages/airflow/example_dags/example_python_operator.py took 0.043 seconds
[2021-09-27 03:35:01,897] {processor.py:162} INFO - Started process (PID=1073) to work on /home/airflow/.local/lib/python3.8/site-packages/airflow/example_dags/example_python_operator.py
[2021-09-27 03:35:01,898] {processor.py:613} INFO - Processing file /home/airflow/.local/lib/python3.8/site-packages/airflow/example_dags/example_python_operator.py for tasks to queue
[2021-09-27 03:35:01,899] {logging_mixin.py:109} INFO - [2021-09-27 03:35:01,898] {dagbag.py:496} INFO - Filling up the DagBag from /home/airflow/.local/lib/python3.8/site-packages/airflow/example_dags/example_python_operator.py
[2021-09-27 03:35:01,907] {processor.py:623} INFO - DAG(s) dict_keys(['example_python_operator']) retrieved from /home/airflow/.local/lib/python3.8/site-packages/airflow/example_dags/example_python_operator.py
[2021-09-27 03:35:01,921] {logging_mixin.py:109} INFO - [2021-09-27 03:35:01,921] {dag.py:1833} INFO - Sync 1 DAGs
[2021-09-27 03:35:01,931] {logging_mixin.py:109} INFO - [2021-09-27 03:35:01,930] {dag.py:2306} INFO - Setting next_dagrun for example_python_operator to None
[2021-09-27 03:35:01,939] {processor.py:170} INFO - Processing /home/airflow/.local/lib/python3.8/site-packages/airflow/example_dags/example_python_operator.py took 0.044 seconds
[2021-09-27 03:35:32,238] {processor.py:162} INFO - Started process (PID=1127) to work on /home/airflow/.local/lib/python3.8/site-packages/airflow/example_dags/example_python_operator.py
[2021-09-27 03:35:32,239] {processor.py:613} INFO - Processing file /home/airflow/.local/lib/python3.8/site-packages/airflow/example_dags/example_python_operator.py for tasks to queue
[2021-09-27 03:35:32,240] {logging_mixin.py:109} INFO - [2021-09-27 03:35:32,240] {dagbag.py:496} INFO - Filling up the DagBag from /home/airflow/.local/lib/python3.8/site-packages/airflow/example_dags/example_python_operator.py
[2021-09-27 03:35:32,249] {processor.py:623} INFO - DAG(s) dict_keys(['example_python_operator']) retrieved from /home/airflow/.local/lib/python3.8/site-packages/airflow/example_dags/example_python_operator.py
[2021-09-27 03:35:32,267] {logging_mixin.py:109} INFO - [2021-09-27 03:35:32,267] {dag.py:1833} INFO - Sync 1 DAGs
[2021-09-27 03:35:32,279] {logging_mixin.py:109} INFO - [2021-09-27 03:35:32,279] {dag.py:2306} INFO - Setting next_dagrun for example_python_operator to None
[2021-09-27 03:35:32,288] {processor.py:170} INFO - Processing /home/airflow/.local/lib/python3.8/site-packages/airflow/example_dags/example_python_operator.py took 0.054 seconds
[2021-09-27 03:36:02,510] {processor.py:162} INFO - Started process (PID=1180) to work on /home/airflow/.local/lib/python3.8/site-packages/airflow/example_dags/example_python_operator.py
[2021-09-27 03:36:02,511] {processor.py:613} INFO - Processing file /home/airflow/.local/lib/python3.8/site-packages/airflow/example_dags/example_python_operator.py for tasks to queue
[2021-09-27 03:36:02,512] {logging_mixin.py:109} INFO - [2021-09-27 03:36:02,512] {dagbag.py:496} INFO - Filling up the DagBag from /home/airflow/.local/lib/python3.8/site-packages/airflow/example_dags/example_python_operator.py
[2021-09-27 03:36:02,522] {processor.py:623} INFO - DAG(s) dict_keys(['example_python_operator']) retrieved from /home/airflow/.local/lib/python3.8/site-packages/airflow/example_dags/example_python_operator.py
[2021-09-27 03:36:02,535] {logging_mixin.py:109} INFO - [2021-09-27 03:36:02,535] {dag.py:1833} INFO - Sync 1 DAGs
[2021-09-27 03:36:02,544] {logging_mixin.py:109} INFO - [2021-09-27 03:36:02,544] {dag.py:2306} INFO - Setting next_dagrun for example_python_operator to None
[2021-09-27 03:36:02,552] {processor.py:170} INFO - Processing /home/airflow/.local/lib/python3.8/site-packages/airflow/example_dags/example_python_operator.py took 0.044 seconds
[2021-09-27 03:36:32,801] {processor.py:162} INFO - Started process (PID=1233) to work on /home/airflow/.local/lib/python3.8/site-packages/airflow/example_dags/example_python_operator.py
[2021-09-27 03:36:32,802] {processor.py:613} INFO - Processing file /home/airflow/.local/lib/python3.8/site-packages/airflow/example_dags/example_python_operator.py for tasks to queue
[2021-09-27 03:36:32,803] {logging_mixin.py:109} INFO - [2021-09-27 03:36:32,803] {dagbag.py:496} INFO - Filling up the DagBag from /home/airflow/.local/lib/python3.8/site-packages/airflow/example_dags/example_python_operator.py
[2021-09-27 03:36:32,812] {processor.py:623} INFO - DAG(s) dict_keys(['example_python_operator']) retrieved from /home/airflow/.local/lib/python3.8/site-packages/airflow/example_dags/example_python_operator.py
[2021-09-27 03:36:32,827] {logging_mixin.py:109} INFO - [2021-09-27 03:36:32,826] {dag.py:1833} INFO - Sync 1 DAGs
[2021-09-27 03:36:32,836] {logging_mixin.py:109} INFO - [2021-09-27 03:36:32,836] {dag.py:2306} INFO - Setting next_dagrun for example_python_operator to None
[2021-09-27 03:36:32,845] {processor.py:170} INFO - Processing /home/airflow/.local/lib/python3.8/site-packages/airflow/example_dags/example_python_operator.py took 0.046 seconds
[2021-09-27 03:37:02,950] {processor.py:162} INFO - Started process (PID=1278) to work on /home/airflow/.local/lib/python3.8/site-packages/airflow/example_dags/example_python_operator.py
[2021-09-27 03:37:02,951] {processor.py:613} INFO - Processing file /home/airflow/.local/lib/python3.8/site-packages/airflow/example_dags/example_python_operator.py for tasks to queue
[2021-09-27 03:37:02,951] {logging_mixin.py:109} INFO - [2021-09-27 03:37:02,951] {dagbag.py:496} INFO - Filling up the DagBag from /home/airflow/.local/lib/python3.8/site-packages/airflow/example_dags/example_python_operator.py
[2021-09-27 03:37:02,960] {processor.py:623} INFO - DAG(s) dict_keys(['example_python_operator']) retrieved from /home/airflow/.local/lib/python3.8/site-packages/airflow/example_dags/example_python_operator.py
[2021-09-27 03:37:02,974] {logging_mixin.py:109} INFO - [2021-09-27 03:37:02,973] {dag.py:1833} INFO - Sync 1 DAGs
[2021-09-27 03:37:02,982] {logging_mixin.py:109} INFO - [2021-09-27 03:37:02,982] {dag.py:2306} INFO - Setting next_dagrun for example_python_operator to None
[2021-09-27 03:37:02,991] {processor.py:170} INFO - Processing /home/airflow/.local/lib/python3.8/site-packages/airflow/example_dags/example_python_operator.py took 0.044 seconds
[2021-09-27 03:37:33,229] {processor.py:162} INFO - Started process (PID=1331) to work on /home/airflow/.local/lib/python3.8/site-packages/airflow/example_dags/example_python_operator.py
[2021-09-27 03:37:33,230] {processor.py:613} INFO - Processing file /home/airflow/.local/lib/python3.8/site-packages/airflow/example_dags/example_python_operator.py for tasks to queue
[2021-09-27 03:37:33,230] {logging_mixin.py:109} INFO - [2021-09-27 03:37:33,230] {dagbag.py:496} INFO - Filling up the DagBag from /home/airflow/.local/lib/python3.8/site-packages/airflow/example_dags/example_python_operator.py
[2021-09-27 03:37:33,238] {processor.py:623} INFO - DAG(s) dict_keys(['example_python_operator']) retrieved from /home/airflow/.local/lib/python3.8/site-packages/airflow/example_dags/example_python_operator.py
[2021-09-27 03:37:33,255] {logging_mixin.py:109} INFO - [2021-09-27 03:37:33,255] {dag.py:1833} INFO - Sync 1 DAGs
[2021-09-27 03:37:33,264] {logging_mixin.py:109} INFO - [2021-09-27 03:37:33,264] {dag.py:2306} INFO - Setting next_dagrun for example_python_operator to None
[2021-09-27 03:37:33,272] {processor.py:170} INFO - Processing /home/airflow/.local/lib/python3.8/site-packages/airflow/example_dags/example_python_operator.py took 0.046 seconds
[2021-09-27 03:38:03,529] {processor.py:162} INFO - Started process (PID=1385) to work on /home/airflow/.local/lib/python3.8/site-packages/airflow/example_dags/example_python_operator.py
[2021-09-27 03:38:03,529] {processor.py:613} INFO - Processing file /home/airflow/.local/lib/python3.8/site-packages/airflow/example_dags/example_python_operator.py for tasks to queue
[2021-09-27 03:38:03,530] {logging_mixin.py:109} INFO - [2021-09-27 03:38:03,530] {dagbag.py:496} INFO - Filling up the DagBag from /home/airflow/.local/lib/python3.8/site-packages/airflow/example_dags/example_python_operator.py
[2021-09-27 03:38:03,538] {processor.py:623} INFO - DAG(s) dict_keys(['example_python_operator']) retrieved from /home/airflow/.local/lib/python3.8/site-packages/airflow/example_dags/example_python_operator.py
[2021-09-27 03:38:03,552] {logging_mixin.py:109} INFO - [2021-09-27 03:38:03,552] {dag.py:1833} INFO - Sync 1 DAGs
[2021-09-27 03:38:03,560] {logging_mixin.py:109} INFO - [2021-09-27 03:38:03,560] {dag.py:2306} INFO - Setting next_dagrun for example_python_operator to None
[2021-09-27 03:38:03,569] {processor.py:170} INFO - Processing /home/airflow/.local/lib/python3.8/site-packages/airflow/example_dags/example_python_operator.py took 0.043 seconds
[2021-09-27 03:38:34,063] {processor.py:162} INFO - Started process (PID=1439) to work on /home/airflow/.local/lib/python3.8/site-packages/airflow/example_dags/example_python_operator.py
[2021-09-27 03:38:34,064] {processor.py:613} INFO - Processing file /home/airflow/.local/lib/python3.8/site-packages/airflow/example_dags/example_python_operator.py for tasks to queue
[2021-09-27 03:38:34,065] {logging_mixin.py:109} INFO - [2021-09-27 03:38:34,065] {dagbag.py:496} INFO - Filling up the DagBag from /home/airflow/.local/lib/python3.8/site-packages/airflow/example_dags/example_python_operator.py
[2021-09-27 03:38:34,076] {processor.py:623} INFO - DAG(s) dict_keys(['example_python_operator']) retrieved from /home/airflow/.local/lib/python3.8/site-packages/airflow/example_dags/example_python_operator.py
[2021-09-27 03:38:34,095] {logging_mixin.py:109} INFO - [2021-09-27 03:38:34,095] {dag.py:1833} INFO - Sync 1 DAGs
[2021-09-27 03:38:34,106] {logging_mixin.py:109} INFO - [2021-09-27 03:38:34,105] {dag.py:2306} INFO - Setting next_dagrun for example_python_operator to None
[2021-09-27 03:38:34,116] {processor.py:170} INFO - Processing /home/airflow/.local/lib/python3.8/site-packages/airflow/example_dags/example_python_operator.py took 0.056 seconds
[2021-09-27 03:39:04,427] {processor.py:162} INFO - Started process (PID=1485) to work on /home/airflow/.local/lib/python3.8/site-packages/airflow/example_dags/example_python_operator.py
[2021-09-27 03:39:04,429] {processor.py:613} INFO - Processing file /home/airflow/.local/lib/python3.8/site-packages/airflow/example_dags/example_python_operator.py for tasks to queue
[2021-09-27 03:39:04,429] {logging_mixin.py:109} INFO - [2021-09-27 03:39:04,429] {dagbag.py:496} INFO - Filling up the DagBag from /home/airflow/.local/lib/python3.8/site-packages/airflow/example_dags/example_python_operator.py
[2021-09-27 03:39:04,437] {processor.py:623} INFO - DAG(s) dict_keys(['example_python_operator']) retrieved from /home/airflow/.local/lib/python3.8/site-packages/airflow/example_dags/example_python_operator.py
[2021-09-27 03:39:04,451] {logging_mixin.py:109} INFO - [2021-09-27 03:39:04,450] {dag.py:1833} INFO - Sync 1 DAGs
[2021-09-27 03:39:04,460] {logging_mixin.py:109} INFO - [2021-09-27 03:39:04,460] {dag.py:2306} INFO - Setting next_dagrun for example_python_operator to None
[2021-09-27 03:39:04,471] {processor.py:170} INFO - Processing /home/airflow/.local/lib/python3.8/site-packages/airflow/example_dags/example_python_operator.py took 0.047 seconds
[2021-09-27 03:39:34,676] {processor.py:162} INFO - Started process (PID=1539) to work on /home/airflow/.local/lib/python3.8/site-packages/airflow/example_dags/example_python_operator.py
[2021-09-27 03:39:34,676] {processor.py:613} INFO - Processing file /home/airflow/.local/lib/python3.8/site-packages/airflow/example_dags/example_python_operator.py for tasks to queue
[2021-09-27 03:39:34,677] {logging_mixin.py:109} INFO - [2021-09-27 03:39:34,677] {dagbag.py:496} INFO - Filling up the DagBag from /home/airflow/.local/lib/python3.8/site-packages/airflow/example_dags/example_python_operator.py
[2021-09-27 03:39:34,684] {processor.py:623} INFO - DAG(s) dict_keys(['example_python_operator']) retrieved from /home/airflow/.local/lib/python3.8/site-packages/airflow/example_dags/example_python_operator.py
[2021-09-27 03:39:34,697] {logging_mixin.py:109} INFO - [2021-09-27 03:39:34,697] {dag.py:1833} INFO - Sync 1 DAGs
[2021-09-27 03:39:34,706] {logging_mixin.py:109} INFO - [2021-09-27 03:39:34,706] {dag.py:2306} INFO - Setting next_dagrun for example_python_operator to None
[2021-09-27 03:39:34,715] {processor.py:170} INFO - Processing /home/airflow/.local/lib/python3.8/site-packages/airflow/example_dags/example_python_operator.py took 0.042 seconds
[2021-09-27 03:40:04,750] {processor.py:162} INFO - Started process (PID=1591) to work on /home/airflow/.local/lib/python3.8/site-packages/airflow/example_dags/example_python_operator.py
[2021-09-27 03:40:04,751] {processor.py:613} INFO - Processing file /home/airflow/.local/lib/python3.8/site-packages/airflow/example_dags/example_python_operator.py for tasks to queue
[2021-09-27 03:40:04,751] {logging_mixin.py:109} INFO - [2021-09-27 03:40:04,751] {dagbag.py:496} INFO - Filling up the DagBag from /home/airflow/.local/lib/python3.8/site-packages/airflow/example_dags/example_python_operator.py
[2021-09-27 03:40:04,758] {processor.py:623} INFO - DAG(s) dict_keys(['example_python_operator']) retrieved from /home/airflow/.local/lib/python3.8/site-packages/airflow/example_dags/example_python_operator.py
[2021-09-27 03:40:04,771] {logging_mixin.py:109} INFO - [2021-09-27 03:40:04,771] {dag.py:1833} INFO - Sync 1 DAGs
[2021-09-27 03:40:04,779] {logging_mixin.py:109} INFO - [2021-09-27 03:40:04,779] {dag.py:2306} INFO - Setting next_dagrun for example_python_operator to None
[2021-09-27 03:40:04,787] {processor.py:170} INFO - Processing /home/airflow/.local/lib/python3.8/site-packages/airflow/example_dags/example_python_operator.py took 0.039 seconds
[2021-09-27 03:40:35,176] {processor.py:162} INFO - Started process (PID=1646) to work on /home/airflow/.local/lib/python3.8/site-packages/airflow/example_dags/example_python_operator.py
[2021-09-27 03:40:35,177] {processor.py:613} INFO - Processing file /home/airflow/.local/lib/python3.8/site-packages/airflow/example_dags/example_python_operator.py for tasks to queue
[2021-09-27 03:40:35,178] {logging_mixin.py:109} INFO - [2021-09-27 03:40:35,178] {dagbag.py:496} INFO - Filling up the DagBag from /home/airflow/.local/lib/python3.8/site-packages/airflow/example_dags/example_python_operator.py
[2021-09-27 03:40:35,187] {processor.py:623} INFO - DAG(s) dict_keys(['example_python_operator']) retrieved from /home/airflow/.local/lib/python3.8/site-packages/airflow/example_dags/example_python_operator.py
[2021-09-27 03:40:35,203] {logging_mixin.py:109} INFO - [2021-09-27 03:40:35,202] {dag.py:1833} INFO - Sync 1 DAGs
[2021-09-27 03:40:35,211] {logging_mixin.py:109} INFO - [2021-09-27 03:40:35,211] {dag.py:2306} INFO - Setting next_dagrun for example_python_operator to None
[2021-09-27 03:40:35,219] {processor.py:170} INFO - Processing /home/airflow/.local/lib/python3.8/site-packages/airflow/example_dags/example_python_operator.py took 0.044 seconds
[2021-09-27 03:41:05,289] {processor.py:162} INFO - Started process (PID=1691) to work on /home/airflow/.local/lib/python3.8/site-packages/airflow/example_dags/example_python_operator.py
[2021-09-27 03:41:05,290] {processor.py:613} INFO - Processing file /home/airflow/.local/lib/python3.8/site-packages/airflow/example_dags/example_python_operator.py for tasks to queue
[2021-09-27 03:41:05,290] {logging_mixin.py:109} INFO - [2021-09-27 03:41:05,290] {dagbag.py:496} INFO - Filling up the DagBag from /home/airflow/.local/lib/python3.8/site-packages/airflow/example_dags/example_python_operator.py
[2021-09-27 03:41:05,299] {processor.py:623} INFO - DAG(s) dict_keys(['example_python_operator']) retrieved from /home/airflow/.local/lib/python3.8/site-packages/airflow/example_dags/example_python_operator.py
[2021-09-27 03:41:05,315] {logging_mixin.py:109} INFO - [2021-09-27 03:41:05,315] {dag.py:1833} INFO - Sync 1 DAGs
[2021-09-27 03:41:05,325] {logging_mixin.py:109} INFO - [2021-09-27 03:41:05,325] {dag.py:2306} INFO - Setting next_dagrun for example_python_operator to None
[2021-09-27 03:41:05,333] {processor.py:170} INFO - Processing /home/airflow/.local/lib/python3.8/site-packages/airflow/example_dags/example_python_operator.py took 0.046 seconds
[2021-09-27 03:41:35,619] {processor.py:162} INFO - Started process (PID=1745) to work on /home/airflow/.local/lib/python3.8/site-packages/airflow/example_dags/example_python_operator.py
[2021-09-27 03:41:35,620] {processor.py:613} INFO - Processing file /home/airflow/.local/lib/python3.8/site-packages/airflow/example_dags/example_python_operator.py for tasks to queue
[2021-09-27 03:41:35,620] {logging_mixin.py:109} INFO - [2021-09-27 03:41:35,620] {dagbag.py:496} INFO - Filling up the DagBag from /home/airflow/.local/lib/python3.8/site-packages/airflow/example_dags/example_python_operator.py
[2021-09-27 03:41:35,627] {processor.py:623} INFO - DAG(s) dict_keys(['example_python_operator']) retrieved from /home/airflow/.local/lib/python3.8/site-packages/airflow/example_dags/example_python_operator.py
[2021-09-27 03:41:35,639] {logging_mixin.py:109} INFO - [2021-09-27 03:41:35,639] {dag.py:1833} INFO - Sync 1 DAGs
[2021-09-27 03:41:35,648] {logging_mixin.py:109} INFO - [2021-09-27 03:41:35,648] {dag.py:2306} INFO - Setting next_dagrun for example_python_operator to None
[2021-09-27 03:41:35,655] {processor.py:170} INFO - Processing /home/airflow/.local/lib/python3.8/site-packages/airflow/example_dags/example_python_operator.py took 0.037 seconds
[2021-09-27 03:42:06,028] {processor.py:162} INFO - Started process (PID=1800) to work on /home/airflow/.local/lib/python3.8/site-packages/airflow/example_dags/example_python_operator.py
[2021-09-27 03:42:06,029] {processor.py:613} INFO - Processing file /home/airflow/.local/lib/python3.8/site-packages/airflow/example_dags/example_python_operator.py for tasks to queue
[2021-09-27 03:42:06,029] {logging_mixin.py:109} INFO - [2021-09-27 03:42:06,029] {dagbag.py:496} INFO - Filling up the DagBag from /home/airflow/.local/lib/python3.8/site-packages/airflow/example_dags/example_python_operator.py
[2021-09-27 03:42:06,038] {processor.py:623} INFO - DAG(s) dict_keys(['example_python_operator']) retrieved from /home/airflow/.local/lib/python3.8/site-packages/airflow/example_dags/example_python_operator.py
[2021-09-27 03:42:06,052] {logging_mixin.py:109} INFO - [2021-09-27 03:42:06,051] {dag.py:1833} INFO - Sync 1 DAGs
[2021-09-27 03:42:06,060] {logging_mixin.py:109} INFO - [2021-09-27 03:42:06,060] {dag.py:2306} INFO - Setting next_dagrun for example_python_operator to None
[2021-09-27 03:42:06,068] {processor.py:170} INFO - Processing /home/airflow/.local/lib/python3.8/site-packages/airflow/example_dags/example_python_operator.py took 0.042 seconds
[2021-09-27 03:42:36,317] {processor.py:162} INFO - Started process (PID=1854) to work on /home/airflow/.local/lib/python3.8/site-packages/airflow/example_dags/example_python_operator.py
[2021-09-27 03:42:36,318] {processor.py:613} INFO - Processing file /home/airflow/.local/lib/python3.8/site-packages/airflow/example_dags/example_python_operator.py for tasks to queue
[2021-09-27 03:42:36,318] {logging_mixin.py:109} INFO - [2021-09-27 03:42:36,318] {dagbag.py:496} INFO - Filling up the DagBag from /home/airflow/.local/lib/python3.8/site-packages/airflow/example_dags/example_python_operator.py
[2021-09-27 03:42:36,326] {processor.py:623} INFO - DAG(s) dict_keys(['example_python_operator']) retrieved from /home/airflow/.local/lib/python3.8/site-packages/airflow/example_dags/example_python_operator.py
[2021-09-27 03:42:36,341] {logging_mixin.py:109} INFO - [2021-09-27 03:42:36,341] {dag.py:1833} INFO - Sync 1 DAGs
[2021-09-27 03:42:36,351] {logging_mixin.py:109} INFO - [2021-09-27 03:42:36,351] {dag.py:2306} INFO - Setting next_dagrun for example_python_operator to None
[2021-09-27 03:42:36,360] {processor.py:170} INFO - Processing /home/airflow/.local/lib/python3.8/site-packages/airflow/example_dags/example_python_operator.py took 0.045 seconds
[2021-09-27 03:43:06,492] {processor.py:162} INFO - Started process (PID=1899) to work on /home/airflow/.local/lib/python3.8/site-packages/airflow/example_dags/example_python_operator.py
[2021-09-27 03:43:06,493] {processor.py:613} INFO - Processing file /home/airflow/.local/lib/python3.8/site-packages/airflow/example_dags/example_python_operator.py for tasks to queue
[2021-09-27 03:43:06,493] {logging_mixin.py:109} INFO - [2021-09-27 03:43:06,493] {dagbag.py:496} INFO - Filling up the DagBag from /home/airflow/.local/lib/python3.8/site-packages/airflow/example_dags/example_python_operator.py
[2021-09-27 03:43:06,501] {processor.py:623} INFO - DAG(s) dict_keys(['example_python_operator']) retrieved from /home/airflow/.local/lib/python3.8/site-packages/airflow/example_dags/example_python_operator.py
[2021-09-27 03:43:06,515] {logging_mixin.py:109} INFO - [2021-09-27 03:43:06,514] {dag.py:1833} INFO - Sync 1 DAGs
[2021-09-27 03:43:06,523] {logging_mixin.py:109} INFO - [2021-09-27 03:43:06,523] {dag.py:2306} INFO - Setting next_dagrun for example_python_operator to None
[2021-09-27 03:43:06,530] {processor.py:170} INFO - Processing /home/airflow/.local/lib/python3.8/site-packages/airflow/example_dags/example_python_operator.py took 0.040 seconds
[2021-09-27 03:43:36,736] {processor.py:162} INFO - Started process (PID=1952) to work on /home/airflow/.local/lib/python3.8/site-packages/airflow/example_dags/example_python_operator.py
[2021-09-27 03:43:36,737] {processor.py:613} INFO - Processing file /home/airflow/.local/lib/python3.8/site-packages/airflow/example_dags/example_python_operator.py for tasks to queue
[2021-09-27 03:43:36,738] {logging_mixin.py:109} INFO - [2021-09-27 03:43:36,738] {dagbag.py:496} INFO - Filling up the DagBag from /home/airflow/.local/lib/python3.8/site-packages/airflow/example_dags/example_python_operator.py
[2021-09-27 03:43:36,745] {processor.py:623} INFO - DAG(s) dict_keys(['example_python_operator']) retrieved from /home/airflow/.local/lib/python3.8/site-packages/airflow/example_dags/example_python_operator.py
[2021-09-27 03:43:36,757] {logging_mixin.py:109} INFO - [2021-09-27 03:43:36,757] {dag.py:1833} INFO - Sync 1 DAGs
[2021-09-27 03:43:36,765] {logging_mixin.py:109} INFO - [2021-09-27 03:43:36,765] {dag.py:2306} INFO - Setting next_dagrun for example_python_operator to None
[2021-09-27 03:43:36,772] {processor.py:170} INFO - Processing /home/airflow/.local/lib/python3.8/site-packages/airflow/example_dags/example_python_operator.py took 0.038 seconds
[2021-09-27 03:44:07,079] {processor.py:162} INFO - Started process (PID=2005) to work on /home/airflow/.local/lib/python3.8/site-packages/airflow/example_dags/example_python_operator.py
[2021-09-27 03:44:07,080] {processor.py:613} INFO - Processing file /home/airflow/.local/lib/python3.8/site-packages/airflow/example_dags/example_python_operator.py for tasks to queue
[2021-09-27 03:44:07,080] {logging_mixin.py:109} INFO - [2021-09-27 03:44:07,080] {dagbag.py:496} INFO - Filling up the DagBag from /home/airflow/.local/lib/python3.8/site-packages/airflow/example_dags/example_python_operator.py
[2021-09-27 03:44:07,088] {processor.py:623} INFO - DAG(s) dict_keys(['example_python_operator']) retrieved from /home/airflow/.local/lib/python3.8/site-packages/airflow/example_dags/example_python_operator.py
[2021-09-27 03:44:07,102] {logging_mixin.py:109} INFO - [2021-09-27 03:44:07,102] {dag.py:1833} INFO - Sync 1 DAGs
[2021-09-27 03:44:07,111] {logging_mixin.py:109} INFO - [2021-09-27 03:44:07,111] {dag.py:2306} INFO - Setting next_dagrun for example_python_operator to None
[2021-09-27 03:44:07,120] {processor.py:170} INFO - Processing /home/airflow/.local/lib/python3.8/site-packages/airflow/example_dags/example_python_operator.py took 0.043 seconds
[2021-09-27 03:44:37,441] {processor.py:162} INFO - Started process (PID=2051) to work on /home/airflow/.local/lib/python3.8/site-packages/airflow/example_dags/example_python_operator.py
[2021-09-27 03:44:37,442] {processor.py:613} INFO - Processing file /home/airflow/.local/lib/python3.8/site-packages/airflow/example_dags/example_python_operator.py for tasks to queue
[2021-09-27 03:44:37,442] {logging_mixin.py:109} INFO - [2021-09-27 03:44:37,442] {dagbag.py:496} INFO - Filling up the DagBag from /home/airflow/.local/lib/python3.8/site-packages/airflow/example_dags/example_python_operator.py
[2021-09-27 03:44:37,449] {processor.py:623} INFO - DAG(s) dict_keys(['example_python_operator']) retrieved from /home/airflow/.local/lib/python3.8/site-packages/airflow/example_dags/example_python_operator.py
[2021-09-27 03:44:37,462] {logging_mixin.py:109} INFO - [2021-09-27 03:44:37,461] {dag.py:1833} INFO - Sync 1 DAGs
[2021-09-27 03:44:37,472] {logging_mixin.py:109} INFO - [2021-09-27 03:44:37,472] {dag.py:2306} INFO - Setting next_dagrun for example_python_operator to None
[2021-09-27 03:44:37,479] {processor.py:170} INFO - Processing /home/airflow/.local/lib/python3.8/site-packages/airflow/example_dags/example_python_operator.py took 0.040 seconds
[2021-09-27 03:45:07,773] {processor.py:162} INFO - Started process (PID=2104) to work on /home/airflow/.local/lib/python3.8/site-packages/airflow/example_dags/example_python_operator.py
[2021-09-27 03:45:07,773] {processor.py:613} INFO - Processing file /home/airflow/.local/lib/python3.8/site-packages/airflow/example_dags/example_python_operator.py for tasks to queue
[2021-09-27 03:45:07,774] {logging_mixin.py:109} INFO - [2021-09-27 03:45:07,774] {dagbag.py:496} INFO - Filling up the DagBag from /home/airflow/.local/lib/python3.8/site-packages/airflow/example_dags/example_python_operator.py
[2021-09-27 03:45:07,781] {processor.py:623} INFO - DAG(s) dict_keys(['example_python_operator']) retrieved from /home/airflow/.local/lib/python3.8/site-packages/airflow/example_dags/example_python_operator.py
[2021-09-27 03:45:07,794] {logging_mixin.py:109} INFO - [2021-09-27 03:45:07,794] {dag.py:1833} INFO - Sync 1 DAGs
[2021-09-27 03:45:07,802] {logging_mixin.py:109} INFO - [2021-09-27 03:45:07,802] {dag.py:2306} INFO - Setting next_dagrun for example_python_operator to None
[2021-09-27 03:45:07,809] {processor.py:170} INFO - Processing /home/airflow/.local/lib/python3.8/site-packages/airflow/example_dags/example_python_operator.py took 0.038 seconds
[2021-09-27 03:45:38,210] {processor.py:162} INFO - Started process (PID=2158) to work on /home/airflow/.local/lib/python3.8/site-packages/airflow/example_dags/example_python_operator.py
[2021-09-27 03:45:38,212] {processor.py:613} INFO - Processing file /home/airflow/.local/lib/python3.8/site-packages/airflow/example_dags/example_python_operator.py for tasks to queue
[2021-09-27 03:45:38,213] {logging_mixin.py:109} INFO - [2021-09-27 03:45:38,213] {dagbag.py:496} INFO - Filling up the DagBag from /home/airflow/.local/lib/python3.8/site-packages/airflow/example_dags/example_python_operator.py
[2021-09-27 03:45:38,221] {processor.py:623} INFO - DAG(s) dict_keys(['example_python_operator']) retrieved from /home/airflow/.local/lib/python3.8/site-packages/airflow/example_dags/example_python_operator.py
[2021-09-27 03:45:38,234] {logging_mixin.py:109} INFO - [2021-09-27 03:45:38,234] {dag.py:1833} INFO - Sync 1 DAGs
[2021-09-27 03:45:38,243] {logging_mixin.py:109} INFO - [2021-09-27 03:45:38,243] {dag.py:2306} INFO - Setting next_dagrun for example_python_operator to None
[2021-09-27 03:45:38,251] {processor.py:170} INFO - Processing /home/airflow/.local/lib/python3.8/site-packages/airflow/example_dags/example_python_operator.py took 0.043 seconds
[2021-09-27 03:46:08,330] {processor.py:162} INFO - Started process (PID=2210) to work on /home/airflow/.local/lib/python3.8/site-packages/airflow/example_dags/example_python_operator.py
[2021-09-27 03:46:08,330] {processor.py:613} INFO - Processing file /home/airflow/.local/lib/python3.8/site-packages/airflow/example_dags/example_python_operator.py for tasks to queue
[2021-09-27 03:46:08,331] {logging_mixin.py:109} INFO - [2021-09-27 03:46:08,331] {dagbag.py:496} INFO - Filling up the DagBag from /home/airflow/.local/lib/python3.8/site-packages/airflow/example_dags/example_python_operator.py
[2021-09-27 03:46:08,338] {processor.py:623} INFO - DAG(s) dict_keys(['example_python_operator']) retrieved from /home/airflow/.local/lib/python3.8/site-packages/airflow/example_dags/example_python_operator.py
[2021-09-27 03:46:08,353] {logging_mixin.py:109} INFO - [2021-09-27 03:46:08,353] {dag.py:1833} INFO - Sync 1 DAGs
[2021-09-27 03:46:08,362] {logging_mixin.py:109} INFO - [2021-09-27 03:46:08,362] {dag.py:2306} INFO - Setting next_dagrun for example_python_operator to None
[2021-09-27 03:46:08,370] {processor.py:170} INFO - Processing /home/airflow/.local/lib/python3.8/site-packages/airflow/example_dags/example_python_operator.py took 0.042 seconds
[2021-09-27 03:46:38,536] {processor.py:162} INFO - Started process (PID=2263) to work on /home/airflow/.local/lib/python3.8/site-packages/airflow/example_dags/example_python_operator.py
[2021-09-27 03:46:38,537] {processor.py:613} INFO - Processing file /home/airflow/.local/lib/python3.8/site-packages/airflow/example_dags/example_python_operator.py for tasks to queue
[2021-09-27 03:46:38,537] {logging_mixin.py:109} INFO - [2021-09-27 03:46:38,537] {dagbag.py:496} INFO - Filling up the DagBag from /home/airflow/.local/lib/python3.8/site-packages/airflow/example_dags/example_python_operator.py
[2021-09-27 03:46:38,544] {processor.py:623} INFO - DAG(s) dict_keys(['example_python_operator']) retrieved from /home/airflow/.local/lib/python3.8/site-packages/airflow/example_dags/example_python_operator.py
[2021-09-27 03:46:38,557] {logging_mixin.py:109} INFO - [2021-09-27 03:46:38,557] {dag.py:1833} INFO - Sync 1 DAGs
[2021-09-27 03:46:38,566] {logging_mixin.py:109} INFO - [2021-09-27 03:46:38,566] {dag.py:2306} INFO - Setting next_dagrun for example_python_operator to None
[2021-09-27 03:46:38,574] {processor.py:170} INFO - Processing /home/airflow/.local/lib/python3.8/site-packages/airflow/example_dags/example_python_operator.py took 0.039 seconds
[2021-09-27 03:47:09,049] {processor.py:162} INFO - Started process (PID=2310) to work on /home/airflow/.local/lib/python3.8/site-packages/airflow/example_dags/example_python_operator.py
[2021-09-27 03:47:09,049] {processor.py:613} INFO - Processing file /home/airflow/.local/lib/python3.8/site-packages/airflow/example_dags/example_python_operator.py for tasks to queue
[2021-09-27 03:47:09,050] {logging_mixin.py:109} INFO - [2021-09-27 03:47:09,050] {dagbag.py:496} INFO - Filling up the DagBag from /home/airflow/.local/lib/python3.8/site-packages/airflow/example_dags/example_python_operator.py
[2021-09-27 03:47:09,057] {processor.py:623} INFO - DAG(s) dict_keys(['example_python_operator']) retrieved from /home/airflow/.local/lib/python3.8/site-packages/airflow/example_dags/example_python_operator.py
[2021-09-27 03:47:09,070] {logging_mixin.py:109} INFO - [2021-09-27 03:47:09,070] {dag.py:1833} INFO - Sync 1 DAGs
[2021-09-27 03:47:09,079] {logging_mixin.py:109} INFO - [2021-09-27 03:47:09,079] {dag.py:2306} INFO - Setting next_dagrun for example_python_operator to None
[2021-09-27 03:47:09,087] {processor.py:170} INFO - Processing /home/airflow/.local/lib/python3.8/site-packages/airflow/example_dags/example_python_operator.py took 0.041 seconds
[2021-09-27 03:47:39,308] {processor.py:162} INFO - Started process (PID=2363) to work on /home/airflow/.local/lib/python3.8/site-packages/airflow/example_dags/example_python_operator.py
[2021-09-27 03:47:39,308] {processor.py:613} INFO - Processing file /home/airflow/.local/lib/python3.8/site-packages/airflow/example_dags/example_python_operator.py for tasks to queue
[2021-09-27 03:47:39,309] {logging_mixin.py:109} INFO - [2021-09-27 03:47:39,309] {dagbag.py:496} INFO - Filling up the DagBag from /home/airflow/.local/lib/python3.8/site-packages/airflow/example_dags/example_python_operator.py
[2021-09-27 03:47:39,316] {processor.py:623} INFO - DAG(s) dict_keys(['example_python_operator']) retrieved from /home/airflow/.local/lib/python3.8/site-packages/airflow/example_dags/example_python_operator.py
[2021-09-27 03:47:39,331] {logging_mixin.py:109} INFO - [2021-09-27 03:47:39,331] {dag.py:1833} INFO - Sync 1 DAGs
[2021-09-27 03:47:39,341] {logging_mixin.py:109} INFO - [2021-09-27 03:47:39,341] {dag.py:2306} INFO - Setting next_dagrun for example_python_operator to None
[2021-09-27 03:47:39,349] {processor.py:170} INFO - Processing /home/airflow/.local/lib/python3.8/site-packages/airflow/example_dags/example_python_operator.py took 0.043 seconds
[2021-09-27 03:49:18,223] {processor.py:162} INFO - Started process (PID=38) to work on /home/airflow/.local/lib/python3.8/site-packages/airflow/example_dags/example_python_operator.py
[2021-09-27 03:49:18,224] {processor.py:613} INFO - Processing file /home/airflow/.local/lib/python3.8/site-packages/airflow/example_dags/example_python_operator.py for tasks to queue
[2021-09-27 03:49:18,225] {logging_mixin.py:109} INFO - [2021-09-27 03:49:18,225] {dagbag.py:496} INFO - Filling up the DagBag from /home/airflow/.local/lib/python3.8/site-packages/airflow/example_dags/example_python_operator.py
[2021-09-27 03:49:18,235] {processor.py:623} INFO - DAG(s) dict_keys(['example_python_operator']) retrieved from /home/airflow/.local/lib/python3.8/site-packages/airflow/example_dags/example_python_operator.py
[2021-09-27 03:49:18,252] {logging_mixin.py:109} INFO - [2021-09-27 03:49:18,251] {dag.py:1833} INFO - Sync 1 DAGs
[2021-09-27 03:49:18,263] {logging_mixin.py:109} INFO - [2021-09-27 03:49:18,263] {dag.py:2306} INFO - Setting next_dagrun for example_python_operator to None
[2021-09-27 03:49:18,273] {processor.py:170} INFO - Processing /home/airflow/.local/lib/python3.8/site-packages/airflow/example_dags/example_python_operator.py took 0.052 seconds
[2021-09-27 03:49:48,744] {processor.py:162} INFO - Started process (PID=91) to work on /home/airflow/.local/lib/python3.8/site-packages/airflow/example_dags/example_python_operator.py
[2021-09-27 03:49:48,745] {processor.py:613} INFO - Processing file /home/airflow/.local/lib/python3.8/site-packages/airflow/example_dags/example_python_operator.py for tasks to queue
[2021-09-27 03:49:48,746] {logging_mixin.py:109} INFO - [2021-09-27 03:49:48,746] {dagbag.py:496} INFO - Filling up the DagBag from /home/airflow/.local/lib/python3.8/site-packages/airflow/example_dags/example_python_operator.py
[2021-09-27 03:49:48,753] {processor.py:623} INFO - DAG(s) dict_keys(['example_python_operator']) retrieved from /home/airflow/.local/lib/python3.8/site-packages/airflow/example_dags/example_python_operator.py
[2021-09-27 03:49:48,767] {logging_mixin.py:109} INFO - [2021-09-27 03:49:48,767] {dag.py:1833} INFO - Sync 1 DAGs
[2021-09-27 03:49:48,777] {logging_mixin.py:109} INFO - [2021-09-27 03:49:48,777] {dag.py:2306} INFO - Setting next_dagrun for example_python_operator to None
[2021-09-27 03:49:48,785] {processor.py:170} INFO - Processing /home/airflow/.local/lib/python3.8/site-packages/airflow/example_dags/example_python_operator.py took 0.043 seconds
[2021-09-27 03:50:19,091] {processor.py:162} INFO - Started process (PID=144) to work on /home/airflow/.local/lib/python3.8/site-packages/airflow/example_dags/example_python_operator.py
[2021-09-27 03:50:19,092] {processor.py:613} INFO - Processing file /home/airflow/.local/lib/python3.8/site-packages/airflow/example_dags/example_python_operator.py for tasks to queue
[2021-09-27 03:50:19,093] {logging_mixin.py:109} INFO - [2021-09-27 03:50:19,093] {dagbag.py:496} INFO - Filling up the DagBag from /home/airflow/.local/lib/python3.8/site-packages/airflow/example_dags/example_python_operator.py
[2021-09-27 03:50:19,101] {processor.py:623} INFO - DAG(s) dict_keys(['example_python_operator']) retrieved from /home/airflow/.local/lib/python3.8/site-packages/airflow/example_dags/example_python_operator.py
[2021-09-27 03:50:19,115] {logging_mixin.py:109} INFO - [2021-09-27 03:50:19,115] {dag.py:1833} INFO - Sync 1 DAGs
[2021-09-27 03:50:19,125] {logging_mixin.py:109} INFO - [2021-09-27 03:50:19,125] {dag.py:2306} INFO - Setting next_dagrun for example_python_operator to None
[2021-09-27 03:50:19,133] {processor.py:170} INFO - Processing /home/airflow/.local/lib/python3.8/site-packages/airflow/example_dags/example_python_operator.py took 0.043 seconds
[2021-09-27 03:50:49,435] {processor.py:162} INFO - Started process (PID=197) to work on /home/airflow/.local/lib/python3.8/site-packages/airflow/example_dags/example_python_operator.py
[2021-09-27 03:50:49,436] {processor.py:613} INFO - Processing file /home/airflow/.local/lib/python3.8/site-packages/airflow/example_dags/example_python_operator.py for tasks to queue
[2021-09-27 03:50:49,437] {logging_mixin.py:109} INFO - [2021-09-27 03:50:49,437] {dagbag.py:496} INFO - Filling up the DagBag from /home/airflow/.local/lib/python3.8/site-packages/airflow/example_dags/example_python_operator.py
[2021-09-27 03:50:49,445] {processor.py:623} INFO - DAG(s) dict_keys(['example_python_operator']) retrieved from /home/airflow/.local/lib/python3.8/site-packages/airflow/example_dags/example_python_operator.py
[2021-09-27 03:50:49,463] {logging_mixin.py:109} INFO - [2021-09-27 03:50:49,463] {dag.py:1833} INFO - Sync 1 DAGs
[2021-09-27 03:50:49,476] {logging_mixin.py:109} INFO - [2021-09-27 03:50:49,476] {dag.py:2306} INFO - Setting next_dagrun for example_python_operator to None
[2021-09-27 03:50:49,486] {processor.py:170} INFO - Processing /home/airflow/.local/lib/python3.8/site-packages/airflow/example_dags/example_python_operator.py took 0.053 seconds
[2021-09-27 03:51:19,893] {processor.py:162} INFO - Started process (PID=243) to work on /home/airflow/.local/lib/python3.8/site-packages/airflow/example_dags/example_python_operator.py
[2021-09-27 03:51:19,894] {processor.py:613} INFO - Processing file /home/airflow/.local/lib/python3.8/site-packages/airflow/example_dags/example_python_operator.py for tasks to queue
[2021-09-27 03:51:19,894] {logging_mixin.py:109} INFO - [2021-09-27 03:51:19,894] {dagbag.py:496} INFO - Filling up the DagBag from /home/airflow/.local/lib/python3.8/site-packages/airflow/example_dags/example_python_operator.py
[2021-09-27 03:51:19,902] {processor.py:623} INFO - DAG(s) dict_keys(['example_python_operator']) retrieved from /home/airflow/.local/lib/python3.8/site-packages/airflow/example_dags/example_python_operator.py
[2021-09-27 03:51:19,917] {logging_mixin.py:109} INFO - [2021-09-27 03:51:19,917] {dag.py:1833} INFO - Sync 1 DAGs
[2021-09-27 03:51:19,927] {logging_mixin.py:109} INFO - [2021-09-27 03:51:19,927] {dag.py:2306} INFO - Setting next_dagrun for example_python_operator to None
[2021-09-27 03:51:19,935] {processor.py:170} INFO - Processing /home/airflow/.local/lib/python3.8/site-packages/airflow/example_dags/example_python_operator.py took 0.044 seconds
[2021-09-27 03:51:50,311] {processor.py:162} INFO - Started process (PID=296) to work on /home/airflow/.local/lib/python3.8/site-packages/airflow/example_dags/example_python_operator.py
[2021-09-27 03:51:50,312] {processor.py:613} INFO - Processing file /home/airflow/.local/lib/python3.8/site-packages/airflow/example_dags/example_python_operator.py for tasks to queue
[2021-09-27 03:51:50,312] {logging_mixin.py:109} INFO - [2021-09-27 03:51:50,312] {dagbag.py:496} INFO - Filling up the DagBag from /home/airflow/.local/lib/python3.8/site-packages/airflow/example_dags/example_python_operator.py
[2021-09-27 03:51:50,321] {processor.py:623} INFO - DAG(s) dict_keys(['example_python_operator']) retrieved from /home/airflow/.local/lib/python3.8/site-packages/airflow/example_dags/example_python_operator.py
[2021-09-27 03:51:50,336] {logging_mixin.py:109} INFO - [2021-09-27 03:51:50,336] {dag.py:1833} INFO - Sync 1 DAGs
[2021-09-27 03:51:50,348] {logging_mixin.py:109} INFO - [2021-09-27 03:51:50,348] {dag.py:2306} INFO - Setting next_dagrun for example_python_operator to None
[2021-09-27 03:51:50,357] {processor.py:170} INFO - Processing /home/airflow/.local/lib/python3.8/site-packages/airflow/example_dags/example_python_operator.py took 0.048 seconds
[2021-09-27 03:52:20,619] {processor.py:162} INFO - Started process (PID=350) to work on /home/airflow/.local/lib/python3.8/site-packages/airflow/example_dags/example_python_operator.py
[2021-09-27 03:52:20,620] {processor.py:613} INFO - Processing file /home/airflow/.local/lib/python3.8/site-packages/airflow/example_dags/example_python_operator.py for tasks to queue
[2021-09-27 03:52:20,620] {logging_mixin.py:109} INFO - [2021-09-27 03:52:20,620] {dagbag.py:496} INFO - Filling up the DagBag from /home/airflow/.local/lib/python3.8/site-packages/airflow/example_dags/example_python_operator.py
[2021-09-27 03:52:20,628] {processor.py:623} INFO - DAG(s) dict_keys(['example_python_operator']) retrieved from /home/airflow/.local/lib/python3.8/site-packages/airflow/example_dags/example_python_operator.py
[2021-09-27 03:52:20,643] {logging_mixin.py:109} INFO - [2021-09-27 03:52:20,643] {dag.py:1833} INFO - Sync 1 DAGs
[2021-09-27 03:52:20,652] {logging_mixin.py:109} INFO - [2021-09-27 03:52:20,652] {dag.py:2306} INFO - Setting next_dagrun for example_python_operator to None
[2021-09-27 03:52:20,660] {processor.py:170} INFO - Processing /home/airflow/.local/lib/python3.8/site-packages/airflow/example_dags/example_python_operator.py took 0.044 seconds
[2021-09-27 03:52:50,911] {processor.py:162} INFO - Started process (PID=403) to work on /home/airflow/.local/lib/python3.8/site-packages/airflow/example_dags/example_python_operator.py
[2021-09-27 03:52:50,912] {processor.py:613} INFO - Processing file /home/airflow/.local/lib/python3.8/site-packages/airflow/example_dags/example_python_operator.py for tasks to queue
[2021-09-27 03:52:50,912] {logging_mixin.py:109} INFO - [2021-09-27 03:52:50,912] {dagbag.py:496} INFO - Filling up the DagBag from /home/airflow/.local/lib/python3.8/site-packages/airflow/example_dags/example_python_operator.py
[2021-09-27 03:52:50,922] {processor.py:623} INFO - DAG(s) dict_keys(['example_python_operator']) retrieved from /home/airflow/.local/lib/python3.8/site-packages/airflow/example_dags/example_python_operator.py
[2021-09-27 03:52:50,937] {logging_mixin.py:109} INFO - [2021-09-27 03:52:50,937] {dag.py:1833} INFO - Sync 1 DAGs
[2021-09-27 03:52:50,947] {logging_mixin.py:109} INFO - [2021-09-27 03:52:50,947] {dag.py:2306} INFO - Setting next_dagrun for example_python_operator to None
[2021-09-27 03:52:50,955] {processor.py:170} INFO - Processing /home/airflow/.local/lib/python3.8/site-packages/airflow/example_dags/example_python_operator.py took 0.047 seconds
[2021-09-27 03:53:21,214] {processor.py:162} INFO - Started process (PID=450) to work on /home/airflow/.local/lib/python3.8/site-packages/airflow/example_dags/example_python_operator.py
[2021-09-27 03:53:21,215] {processor.py:613} INFO - Processing file /home/airflow/.local/lib/python3.8/site-packages/airflow/example_dags/example_python_operator.py for tasks to queue
[2021-09-27 03:53:21,215] {logging_mixin.py:109} INFO - [2021-09-27 03:53:21,215] {dagbag.py:496} INFO - Filling up the DagBag from /home/airflow/.local/lib/python3.8/site-packages/airflow/example_dags/example_python_operator.py
[2021-09-27 03:53:21,224] {processor.py:623} INFO - DAG(s) dict_keys(['example_python_operator']) retrieved from /home/airflow/.local/lib/python3.8/site-packages/airflow/example_dags/example_python_operator.py
[2021-09-27 03:53:21,237] {logging_mixin.py:109} INFO - [2021-09-27 03:53:21,237] {dag.py:1833} INFO - Sync 1 DAGs
[2021-09-27 03:53:21,247] {logging_mixin.py:109} INFO - [2021-09-27 03:53:21,246] {dag.py:2306} INFO - Setting next_dagrun for example_python_operator to None
[2021-09-27 03:53:21,256] {processor.py:170} INFO - Processing /home/airflow/.local/lib/python3.8/site-packages/airflow/example_dags/example_python_operator.py took 0.044 seconds
[2021-09-27 03:53:51,632] {processor.py:162} INFO - Started process (PID=503) to work on /home/airflow/.local/lib/python3.8/site-packages/airflow/example_dags/example_python_operator.py
[2021-09-27 03:53:51,633] {processor.py:613} INFO - Processing file /home/airflow/.local/lib/python3.8/site-packages/airflow/example_dags/example_python_operator.py for tasks to queue
[2021-09-27 03:53:51,633] {logging_mixin.py:109} INFO - [2021-09-27 03:53:51,633] {dagbag.py:496} INFO - Filling up the DagBag from /home/airflow/.local/lib/python3.8/site-packages/airflow/example_dags/example_python_operator.py
[2021-09-27 03:53:51,641] {processor.py:623} INFO - DAG(s) dict_keys(['example_python_operator']) retrieved from /home/airflow/.local/lib/python3.8/site-packages/airflow/example_dags/example_python_operator.py
[2021-09-27 03:53:51,655] {logging_mixin.py:109} INFO - [2021-09-27 03:53:51,655] {dag.py:1833} INFO - Sync 1 DAGs
[2021-09-27 03:53:51,665] {logging_mixin.py:109} INFO - [2021-09-27 03:53:51,665] {dag.py:2306} INFO - Setting next_dagrun for example_python_operator to None
[2021-09-27 03:53:51,673] {processor.py:170} INFO - Processing /home/airflow/.local/lib/python3.8/site-packages/airflow/example_dags/example_python_operator.py took 0.043 seconds
[2021-09-27 03:54:21,930] {processor.py:162} INFO - Started process (PID=556) to work on /home/airflow/.local/lib/python3.8/site-packages/airflow/example_dags/example_python_operator.py
[2021-09-27 03:54:21,931] {processor.py:613} INFO - Processing file /home/airflow/.local/lib/python3.8/site-packages/airflow/example_dags/example_python_operator.py for tasks to queue
[2021-09-27 03:54:21,931] {logging_mixin.py:109} INFO - [2021-09-27 03:54:21,931] {dagbag.py:496} INFO - Filling up the DagBag from /home/airflow/.local/lib/python3.8/site-packages/airflow/example_dags/example_python_operator.py
[2021-09-27 03:54:21,939] {processor.py:623} INFO - DAG(s) dict_keys(['example_python_operator']) retrieved from /home/airflow/.local/lib/python3.8/site-packages/airflow/example_dags/example_python_operator.py
[2021-09-27 03:54:21,954] {logging_mixin.py:109} INFO - [2021-09-27 03:54:21,953] {dag.py:1833} INFO - Sync 1 DAGs
[2021-09-27 03:54:21,962] {logging_mixin.py:109} INFO - [2021-09-27 03:54:21,962] {dag.py:2306} INFO - Setting next_dagrun for example_python_operator to None
[2021-09-27 03:54:21,969] {processor.py:170} INFO - Processing /home/airflow/.local/lib/python3.8/site-packages/airflow/example_dags/example_python_operator.py took 0.041 seconds
[2021-09-27 03:54:52,360] {processor.py:162} INFO - Started process (PID=608) to work on /home/airflow/.local/lib/python3.8/site-packages/airflow/example_dags/example_python_operator.py
[2021-09-27 03:54:52,360] {processor.py:613} INFO - Processing file /home/airflow/.local/lib/python3.8/site-packages/airflow/example_dags/example_python_operator.py for tasks to queue
[2021-09-27 03:54:52,361] {logging_mixin.py:109} INFO - [2021-09-27 03:54:52,361] {dagbag.py:496} INFO - Filling up the DagBag from /home/airflow/.local/lib/python3.8/site-packages/airflow/example_dags/example_python_operator.py
[2021-09-27 03:54:52,371] {processor.py:623} INFO - DAG(s) dict_keys(['example_python_operator']) retrieved from /home/airflow/.local/lib/python3.8/site-packages/airflow/example_dags/example_python_operator.py
[2021-09-27 03:54:52,386] {logging_mixin.py:109} INFO - [2021-09-27 03:54:52,386] {dag.py:1833} INFO - Sync 1 DAGs
[2021-09-27 03:54:52,397] {logging_mixin.py:109} INFO - [2021-09-27 03:54:52,397] {dag.py:2306} INFO - Setting next_dagrun for example_python_operator to None
[2021-09-27 03:54:52,406] {processor.py:170} INFO - Processing /home/airflow/.local/lib/python3.8/site-packages/airflow/example_dags/example_python_operator.py took 0.048 seconds
[2021-09-27 03:55:22,865] {processor.py:162} INFO - Started process (PID=655) to work on /home/airflow/.local/lib/python3.8/site-packages/airflow/example_dags/example_python_operator.py
[2021-09-27 03:55:22,866] {processor.py:613} INFO - Processing file /home/airflow/.local/lib/python3.8/site-packages/airflow/example_dags/example_python_operator.py for tasks to queue
[2021-09-27 03:55:22,866] {logging_mixin.py:109} INFO - [2021-09-27 03:55:22,866] {dagbag.py:496} INFO - Filling up the DagBag from /home/airflow/.local/lib/python3.8/site-packages/airflow/example_dags/example_python_operator.py
[2021-09-27 03:55:22,874] {processor.py:623} INFO - DAG(s) dict_keys(['example_python_operator']) retrieved from /home/airflow/.local/lib/python3.8/site-packages/airflow/example_dags/example_python_operator.py
[2021-09-27 03:55:22,888] {logging_mixin.py:109} INFO - [2021-09-27 03:55:22,888] {dag.py:1833} INFO - Sync 1 DAGs
[2021-09-27 03:55:22,897] {logging_mixin.py:109} INFO - [2021-09-27 03:55:22,897] {dag.py:2306} INFO - Setting next_dagrun for example_python_operator to None
[2021-09-27 03:55:22,905] {processor.py:170} INFO - Processing /home/airflow/.local/lib/python3.8/site-packages/airflow/example_dags/example_python_operator.py took 0.041 seconds
[2021-09-27 03:55:53,243] {processor.py:162} INFO - Started process (PID=708) to work on /home/airflow/.local/lib/python3.8/site-packages/airflow/example_dags/example_python_operator.py
[2021-09-27 03:55:53,244] {processor.py:613} INFO - Processing file /home/airflow/.local/lib/python3.8/site-packages/airflow/example_dags/example_python_operator.py for tasks to queue
[2021-09-27 03:55:53,244] {logging_mixin.py:109} INFO - [2021-09-27 03:55:53,244] {dagbag.py:496} INFO - Filling up the DagBag from /home/airflow/.local/lib/python3.8/site-packages/airflow/example_dags/example_python_operator.py
[2021-09-27 03:55:53,252] {processor.py:623} INFO - DAG(s) dict_keys(['example_python_operator']) retrieved from /home/airflow/.local/lib/python3.8/site-packages/airflow/example_dags/example_python_operator.py
[2021-09-27 03:55:53,268] {logging_mixin.py:109} INFO - [2021-09-27 03:55:53,267] {dag.py:1833} INFO - Sync 1 DAGs
[2021-09-27 03:55:53,278] {logging_mixin.py:109} INFO - [2021-09-27 03:55:53,278] {dag.py:2306} INFO - Setting next_dagrun for example_python_operator to None
[2021-09-27 03:55:53,286] {processor.py:170} INFO - Processing /home/airflow/.local/lib/python3.8/site-packages/airflow/example_dags/example_python_operator.py took 0.045 seconds
[2021-09-27 03:56:23,597] {processor.py:162} INFO - Started process (PID=761) to work on /home/airflow/.local/lib/python3.8/site-packages/airflow/example_dags/example_python_operator.py
[2021-09-27 03:56:23,598] {processor.py:613} INFO - Processing file /home/airflow/.local/lib/python3.8/site-packages/airflow/example_dags/example_python_operator.py for tasks to queue
[2021-09-27 03:56:23,599] {logging_mixin.py:109} INFO - [2021-09-27 03:56:23,598] {dagbag.py:496} INFO - Filling up the DagBag from /home/airflow/.local/lib/python3.8/site-packages/airflow/example_dags/example_python_operator.py
[2021-09-27 03:56:23,607] {processor.py:623} INFO - DAG(s) dict_keys(['example_python_operator']) retrieved from /home/airflow/.local/lib/python3.8/site-packages/airflow/example_dags/example_python_operator.py
[2021-09-27 03:56:23,623] {logging_mixin.py:109} INFO - [2021-09-27 03:56:23,623] {dag.py:1833} INFO - Sync 1 DAGs
[2021-09-27 03:56:23,633] {logging_mixin.py:109} INFO - [2021-09-27 03:56:23,633] {dag.py:2306} INFO - Setting next_dagrun for example_python_operator to None
[2021-09-27 03:56:23,642] {processor.py:170} INFO - Processing /home/airflow/.local/lib/python3.8/site-packages/airflow/example_dags/example_python_operator.py took 0.047 seconds
[2021-09-27 03:56:53,876] {processor.py:162} INFO - Started process (PID=814) to work on /home/airflow/.local/lib/python3.8/site-packages/airflow/example_dags/example_python_operator.py
[2021-09-27 03:56:53,877] {processor.py:613} INFO - Processing file /home/airflow/.local/lib/python3.8/site-packages/airflow/example_dags/example_python_operator.py for tasks to queue
[2021-09-27 03:56:53,877] {logging_mixin.py:109} INFO - [2021-09-27 03:56:53,877] {dagbag.py:496} INFO - Filling up the DagBag from /home/airflow/.local/lib/python3.8/site-packages/airflow/example_dags/example_python_operator.py
[2021-09-27 03:56:53,886] {processor.py:623} INFO - DAG(s) dict_keys(['example_python_operator']) retrieved from /home/airflow/.local/lib/python3.8/site-packages/airflow/example_dags/example_python_operator.py
[2021-09-27 03:56:53,900] {logging_mixin.py:109} INFO - [2021-09-27 03:56:53,900] {dag.py:1833} INFO - Sync 1 DAGs
[2021-09-27 03:56:53,909] {logging_mixin.py:109} INFO - [2021-09-27 03:56:53,909] {dag.py:2306} INFO - Setting next_dagrun for example_python_operator to None
[2021-09-27 03:56:53,917] {processor.py:170} INFO - Processing /home/airflow/.local/lib/python3.8/site-packages/airflow/example_dags/example_python_operator.py took 0.043 seconds
[2021-09-27 03:57:24,226] {processor.py:162} INFO - Started process (PID=860) to work on /home/airflow/.local/lib/python3.8/site-packages/airflow/example_dags/example_python_operator.py
[2021-09-27 03:57:24,227] {processor.py:613} INFO - Processing file /home/airflow/.local/lib/python3.8/site-packages/airflow/example_dags/example_python_operator.py for tasks to queue
[2021-09-27 03:57:24,227] {logging_mixin.py:109} INFO - [2021-09-27 03:57:24,227] {dagbag.py:496} INFO - Filling up the DagBag from /home/airflow/.local/lib/python3.8/site-packages/airflow/example_dags/example_python_operator.py
[2021-09-27 03:57:24,234] {processor.py:623} INFO - DAG(s) dict_keys(['example_python_operator']) retrieved from /home/airflow/.local/lib/python3.8/site-packages/airflow/example_dags/example_python_operator.py
[2021-09-27 03:57:24,248] {logging_mixin.py:109} INFO - [2021-09-27 03:57:24,248] {dag.py:1833} INFO - Sync 1 DAGs
[2021-09-27 03:57:24,258] {logging_mixin.py:109} INFO - [2021-09-27 03:57:24,257] {dag.py:2306} INFO - Setting next_dagrun for example_python_operator to None
[2021-09-27 03:57:24,265] {processor.py:170} INFO - Processing /home/airflow/.local/lib/python3.8/site-packages/airflow/example_dags/example_python_operator.py took 0.041 seconds
[2021-09-27 03:57:54,508] {processor.py:162} INFO - Started process (PID=913) to work on /home/airflow/.local/lib/python3.8/site-packages/airflow/example_dags/example_python_operator.py
[2021-09-27 03:57:54,508] {processor.py:613} INFO - Processing file /home/airflow/.local/lib/python3.8/site-packages/airflow/example_dags/example_python_operator.py for tasks to queue
[2021-09-27 03:57:54,509] {logging_mixin.py:109} INFO - [2021-09-27 03:57:54,509] {dagbag.py:496} INFO - Filling up the DagBag from /home/airflow/.local/lib/python3.8/site-packages/airflow/example_dags/example_python_operator.py
[2021-09-27 03:57:54,516] {processor.py:623} INFO - DAG(s) dict_keys(['example_python_operator']) retrieved from /home/airflow/.local/lib/python3.8/site-packages/airflow/example_dags/example_python_operator.py
[2021-09-27 03:57:54,529] {logging_mixin.py:109} INFO - [2021-09-27 03:57:54,529] {dag.py:1833} INFO - Sync 1 DAGs
[2021-09-27 03:57:54,538] {logging_mixin.py:109} INFO - [2021-09-27 03:57:54,538] {dag.py:2306} INFO - Setting next_dagrun for example_python_operator to None
[2021-09-27 03:57:54,547] {processor.py:170} INFO - Processing /home/airflow/.local/lib/python3.8/site-packages/airflow/example_dags/example_python_operator.py took 0.041 seconds
[2021-09-27 03:58:24,790] {processor.py:162} INFO - Started process (PID=966) to work on /home/airflow/.local/lib/python3.8/site-packages/airflow/example_dags/example_python_operator.py
[2021-09-27 03:58:24,791] {processor.py:613} INFO - Processing file /home/airflow/.local/lib/python3.8/site-packages/airflow/example_dags/example_python_operator.py for tasks to queue
[2021-09-27 03:58:24,791] {logging_mixin.py:109} INFO - [2021-09-27 03:58:24,791] {dagbag.py:496} INFO - Filling up the DagBag from /home/airflow/.local/lib/python3.8/site-packages/airflow/example_dags/example_python_operator.py
[2021-09-27 03:58:24,798] {processor.py:623} INFO - DAG(s) dict_keys(['example_python_operator']) retrieved from /home/airflow/.local/lib/python3.8/site-packages/airflow/example_dags/example_python_operator.py
[2021-09-27 03:58:24,813] {logging_mixin.py:109} INFO - [2021-09-27 03:58:24,813] {dag.py:1833} INFO - Sync 1 DAGs
[2021-09-27 03:58:24,824] {logging_mixin.py:109} INFO - [2021-09-27 03:58:24,823] {dag.py:2306} INFO - Setting next_dagrun for example_python_operator to None
[2021-09-27 03:58:24,832] {processor.py:170} INFO - Processing /home/airflow/.local/lib/python3.8/site-packages/airflow/example_dags/example_python_operator.py took 0.044 seconds
