[2021-09-27 03:24:56,783] {processor.py:162} INFO - Started process (PID=64) to work on /home/airflow/.local/lib/python3.8/site-packages/airflow/example_dags/example_trigger_target_dag.py
[2021-09-27 03:24:56,784] {processor.py:613} INFO - Processing file /home/airflow/.local/lib/python3.8/site-packages/airflow/example_dags/example_trigger_target_dag.py for tasks to queue
[2021-09-27 03:24:56,785] {logging_mixin.py:109} INFO - [2021-09-27 03:24:56,785] {dagbag.py:496} INFO - Filling up the DagBag from /home/airflow/.local/lib/python3.8/site-packages/airflow/example_dags/example_trigger_target_dag.py
[2021-09-27 03:24:56,797] {processor.py:623} INFO - DAG(s) dict_keys(['example_trigger_target_dag']) retrieved from /home/airflow/.local/lib/python3.8/site-packages/airflow/example_dags/example_trigger_target_dag.py
[2021-09-27 03:24:57,035] {logging_mixin.py:109} INFO - [2021-09-27 03:24:57,034] {dag.py:1833} INFO - Sync 1 DAGs
[2021-09-27 03:24:57,043] {logging_mixin.py:109} INFO - [2021-09-27 03:24:57,043] {dag.py:2306} INFO - Setting next_dagrun for example_trigger_target_dag to None
[2021-09-27 03:24:57,067] {processor.py:170} INFO - Processing /home/airflow/.local/lib/python3.8/site-packages/airflow/example_dags/example_trigger_target_dag.py took 0.286 seconds
[2021-09-27 03:25:27,627] {processor.py:162} INFO - Started process (PID=117) to work on /home/airflow/.local/lib/python3.8/site-packages/airflow/example_dags/example_trigger_target_dag.py
[2021-09-27 03:25:27,628] {processor.py:613} INFO - Processing file /home/airflow/.local/lib/python3.8/site-packages/airflow/example_dags/example_trigger_target_dag.py for tasks to queue
[2021-09-27 03:25:27,628] {logging_mixin.py:109} INFO - [2021-09-27 03:25:27,628] {dagbag.py:496} INFO - Filling up the DagBag from /home/airflow/.local/lib/python3.8/site-packages/airflow/example_dags/example_trigger_target_dag.py
[2021-09-27 03:25:27,638] {processor.py:623} INFO - DAG(s) dict_keys(['example_trigger_target_dag']) retrieved from /home/airflow/.local/lib/python3.8/site-packages/airflow/example_dags/example_trigger_target_dag.py
[2021-09-27 03:25:27,653] {logging_mixin.py:109} INFO - [2021-09-27 03:25:27,653] {dag.py:1833} INFO - Sync 1 DAGs
[2021-09-27 03:25:27,661] {logging_mixin.py:109} INFO - [2021-09-27 03:25:27,661] {dag.py:2306} INFO - Setting next_dagrun for example_trigger_target_dag to None
[2021-09-27 03:25:27,670] {processor.py:170} INFO - Processing /home/airflow/.local/lib/python3.8/site-packages/airflow/example_dags/example_trigger_target_dag.py took 0.045 seconds
[2021-09-27 03:25:58,819] {processor.py:162} INFO - Started process (PID=163) to work on /home/airflow/.local/lib/python3.8/site-packages/airflow/example_dags/example_trigger_target_dag.py
[2021-09-27 03:25:58,820] {processor.py:613} INFO - Processing file /home/airflow/.local/lib/python3.8/site-packages/airflow/example_dags/example_trigger_target_dag.py for tasks to queue
[2021-09-27 03:25:58,820] {logging_mixin.py:109} INFO - [2021-09-27 03:25:58,820] {dagbag.py:496} INFO - Filling up the DagBag from /home/airflow/.local/lib/python3.8/site-packages/airflow/example_dags/example_trigger_target_dag.py
[2021-09-27 03:25:58,837] {processor.py:623} INFO - DAG(s) dict_keys(['example_trigger_target_dag']) retrieved from /home/airflow/.local/lib/python3.8/site-packages/airflow/example_dags/example_trigger_target_dag.py
[2021-09-27 03:25:58,851] {logging_mixin.py:109} INFO - [2021-09-27 03:25:58,851] {dag.py:1833} INFO - Sync 1 DAGs
[2021-09-27 03:25:58,862] {logging_mixin.py:109} INFO - [2021-09-27 03:25:58,861] {dag.py:2306} INFO - Setting next_dagrun for example_trigger_target_dag to None
[2021-09-27 03:25:58,871] {processor.py:170} INFO - Processing /home/airflow/.local/lib/python3.8/site-packages/airflow/example_dags/example_trigger_target_dag.py took 0.055 seconds
[2021-09-27 03:26:29,245] {processor.py:162} INFO - Started process (PID=216) to work on /home/airflow/.local/lib/python3.8/site-packages/airflow/example_dags/example_trigger_target_dag.py
[2021-09-27 03:26:29,247] {processor.py:613} INFO - Processing file /home/airflow/.local/lib/python3.8/site-packages/airflow/example_dags/example_trigger_target_dag.py for tasks to queue
[2021-09-27 03:26:29,247] {logging_mixin.py:109} INFO - [2021-09-27 03:26:29,247] {dagbag.py:496} INFO - Filling up the DagBag from /home/airflow/.local/lib/python3.8/site-packages/airflow/example_dags/example_trigger_target_dag.py
[2021-09-27 03:26:29,262] {processor.py:623} INFO - DAG(s) dict_keys(['example_trigger_target_dag']) retrieved from /home/airflow/.local/lib/python3.8/site-packages/airflow/example_dags/example_trigger_target_dag.py
[2021-09-27 03:26:29,279] {logging_mixin.py:109} INFO - [2021-09-27 03:26:29,279] {dag.py:1833} INFO - Sync 1 DAGs
[2021-09-27 03:26:29,289] {logging_mixin.py:109} INFO - [2021-09-27 03:26:29,289] {dag.py:2306} INFO - Setting next_dagrun for example_trigger_target_dag to None
[2021-09-27 03:26:29,300] {processor.py:170} INFO - Processing /home/airflow/.local/lib/python3.8/site-packages/airflow/example_dags/example_trigger_target_dag.py took 0.058 seconds
[2021-09-27 03:26:59,325] {processor.py:162} INFO - Started process (PID=268) to work on /home/airflow/.local/lib/python3.8/site-packages/airflow/example_dags/example_trigger_target_dag.py
[2021-09-27 03:26:59,326] {processor.py:613} INFO - Processing file /home/airflow/.local/lib/python3.8/site-packages/airflow/example_dags/example_trigger_target_dag.py for tasks to queue
[2021-09-27 03:26:59,327] {logging_mixin.py:109} INFO - [2021-09-27 03:26:59,326] {dagbag.py:496} INFO - Filling up the DagBag from /home/airflow/.local/lib/python3.8/site-packages/airflow/example_dags/example_trigger_target_dag.py
[2021-09-27 03:26:59,335] {processor.py:623} INFO - DAG(s) dict_keys(['example_trigger_target_dag']) retrieved from /home/airflow/.local/lib/python3.8/site-packages/airflow/example_dags/example_trigger_target_dag.py
[2021-09-27 03:26:59,348] {logging_mixin.py:109} INFO - [2021-09-27 03:26:59,348] {dag.py:1833} INFO - Sync 1 DAGs
[2021-09-27 03:26:59,357] {logging_mixin.py:109} INFO - [2021-09-27 03:26:59,357] {dag.py:2306} INFO - Setting next_dagrun for example_trigger_target_dag to None
[2021-09-27 03:26:59,365] {processor.py:170} INFO - Processing /home/airflow/.local/lib/python3.8/site-packages/airflow/example_dags/example_trigger_target_dag.py took 0.042 seconds
[2021-09-27 03:27:29,497] {processor.py:162} INFO - Started process (PID=321) to work on /home/airflow/.local/lib/python3.8/site-packages/airflow/example_dags/example_trigger_target_dag.py
[2021-09-27 03:27:29,498] {processor.py:613} INFO - Processing file /home/airflow/.local/lib/python3.8/site-packages/airflow/example_dags/example_trigger_target_dag.py for tasks to queue
[2021-09-27 03:27:29,499] {logging_mixin.py:109} INFO - [2021-09-27 03:27:29,499] {dagbag.py:496} INFO - Filling up the DagBag from /home/airflow/.local/lib/python3.8/site-packages/airflow/example_dags/example_trigger_target_dag.py
[2021-09-27 03:27:29,507] {processor.py:623} INFO - DAG(s) dict_keys(['example_trigger_target_dag']) retrieved from /home/airflow/.local/lib/python3.8/site-packages/airflow/example_dags/example_trigger_target_dag.py
[2021-09-27 03:27:29,523] {logging_mixin.py:109} INFO - [2021-09-27 03:27:29,523] {dag.py:1833} INFO - Sync 1 DAGs
[2021-09-27 03:27:29,536] {logging_mixin.py:109} INFO - [2021-09-27 03:27:29,536] {dag.py:2306} INFO - Setting next_dagrun for example_trigger_target_dag to None
[2021-09-27 03:27:29,544] {processor.py:170} INFO - Processing /home/airflow/.local/lib/python3.8/site-packages/airflow/example_dags/example_trigger_target_dag.py took 0.049 seconds
[2021-09-27 03:27:59,833] {processor.py:162} INFO - Started process (PID=367) to work on /home/airflow/.local/lib/python3.8/site-packages/airflow/example_dags/example_trigger_target_dag.py
[2021-09-27 03:27:59,834] {processor.py:613} INFO - Processing file /home/airflow/.local/lib/python3.8/site-packages/airflow/example_dags/example_trigger_target_dag.py for tasks to queue
[2021-09-27 03:27:59,834] {logging_mixin.py:109} INFO - [2021-09-27 03:27:59,834] {dagbag.py:496} INFO - Filling up the DagBag from /home/airflow/.local/lib/python3.8/site-packages/airflow/example_dags/example_trigger_target_dag.py
[2021-09-27 03:27:59,842] {processor.py:623} INFO - DAG(s) dict_keys(['example_trigger_target_dag']) retrieved from /home/airflow/.local/lib/python3.8/site-packages/airflow/example_dags/example_trigger_target_dag.py
[2021-09-27 03:27:59,857] {logging_mixin.py:109} INFO - [2021-09-27 03:27:59,857] {dag.py:1833} INFO - Sync 1 DAGs
[2021-09-27 03:27:59,869] {logging_mixin.py:109} INFO - [2021-09-27 03:27:59,869] {dag.py:2306} INFO - Setting next_dagrun for example_trigger_target_dag to None
[2021-09-27 03:27:59,879] {processor.py:170} INFO - Processing /home/airflow/.local/lib/python3.8/site-packages/airflow/example_dags/example_trigger_target_dag.py took 0.048 seconds
[2021-09-27 03:28:30,224] {processor.py:162} INFO - Started process (PID=422) to work on /home/airflow/.local/lib/python3.8/site-packages/airflow/example_dags/example_trigger_target_dag.py
[2021-09-27 03:28:30,225] {processor.py:613} INFO - Processing file /home/airflow/.local/lib/python3.8/site-packages/airflow/example_dags/example_trigger_target_dag.py for tasks to queue
[2021-09-27 03:28:30,226] {logging_mixin.py:109} INFO - [2021-09-27 03:28:30,226] {dagbag.py:496} INFO - Filling up the DagBag from /home/airflow/.local/lib/python3.8/site-packages/airflow/example_dags/example_trigger_target_dag.py
[2021-09-27 03:28:30,235] {processor.py:623} INFO - DAG(s) dict_keys(['example_trigger_target_dag']) retrieved from /home/airflow/.local/lib/python3.8/site-packages/airflow/example_dags/example_trigger_target_dag.py
[2021-09-27 03:28:30,249] {logging_mixin.py:109} INFO - [2021-09-27 03:28:30,249] {dag.py:1833} INFO - Sync 1 DAGs
[2021-09-27 03:28:30,259] {logging_mixin.py:109} INFO - [2021-09-27 03:28:30,259] {dag.py:2306} INFO - Setting next_dagrun for example_trigger_target_dag to None
[2021-09-27 03:28:30,267] {processor.py:170} INFO - Processing /home/airflow/.local/lib/python3.8/site-packages/airflow/example_dags/example_trigger_target_dag.py took 0.045 seconds
[2021-09-27 03:29:00,355] {processor.py:162} INFO - Started process (PID=475) to work on /home/airflow/.local/lib/python3.8/site-packages/airflow/example_dags/example_trigger_target_dag.py
[2021-09-27 03:29:00,356] {processor.py:613} INFO - Processing file /home/airflow/.local/lib/python3.8/site-packages/airflow/example_dags/example_trigger_target_dag.py for tasks to queue
[2021-09-27 03:29:00,356] {logging_mixin.py:109} INFO - [2021-09-27 03:29:00,356] {dagbag.py:496} INFO - Filling up the DagBag from /home/airflow/.local/lib/python3.8/site-packages/airflow/example_dags/example_trigger_target_dag.py
[2021-09-27 03:29:00,365] {processor.py:623} INFO - DAG(s) dict_keys(['example_trigger_target_dag']) retrieved from /home/airflow/.local/lib/python3.8/site-packages/airflow/example_dags/example_trigger_target_dag.py
[2021-09-27 03:29:00,377] {logging_mixin.py:109} INFO - [2021-09-27 03:29:00,377] {dag.py:1833} INFO - Sync 1 DAGs
[2021-09-27 03:29:00,386] {logging_mixin.py:109} INFO - [2021-09-27 03:29:00,386] {dag.py:2306} INFO - Setting next_dagrun for example_trigger_target_dag to None
[2021-09-27 03:29:00,393] {processor.py:170} INFO - Processing /home/airflow/.local/lib/python3.8/site-packages/airflow/example_dags/example_trigger_target_dag.py took 0.041 seconds
[2021-09-27 03:29:30,496] {processor.py:162} INFO - Started process (PID=520) to work on /home/airflow/.local/lib/python3.8/site-packages/airflow/example_dags/example_trigger_target_dag.py
[2021-09-27 03:29:30,496] {processor.py:613} INFO - Processing file /home/airflow/.local/lib/python3.8/site-packages/airflow/example_dags/example_trigger_target_dag.py for tasks to queue
[2021-09-27 03:29:30,497] {logging_mixin.py:109} INFO - [2021-09-27 03:29:30,497] {dagbag.py:496} INFO - Filling up the DagBag from /home/airflow/.local/lib/python3.8/site-packages/airflow/example_dags/example_trigger_target_dag.py
[2021-09-27 03:29:30,505] {processor.py:623} INFO - DAG(s) dict_keys(['example_trigger_target_dag']) retrieved from /home/airflow/.local/lib/python3.8/site-packages/airflow/example_dags/example_trigger_target_dag.py
[2021-09-27 03:29:30,519] {logging_mixin.py:109} INFO - [2021-09-27 03:29:30,519] {dag.py:1833} INFO - Sync 1 DAGs
[2021-09-27 03:29:30,528] {logging_mixin.py:109} INFO - [2021-09-27 03:29:30,528] {dag.py:2306} INFO - Setting next_dagrun for example_trigger_target_dag to None
[2021-09-27 03:29:30,536] {processor.py:170} INFO - Processing /home/airflow/.local/lib/python3.8/site-packages/airflow/example_dags/example_trigger_target_dag.py took 0.043 seconds
[2021-09-27 03:30:00,700] {processor.py:162} INFO - Started process (PID=573) to work on /home/airflow/.local/lib/python3.8/site-packages/airflow/example_dags/example_trigger_target_dag.py
[2021-09-27 03:30:00,701] {processor.py:613} INFO - Processing file /home/airflow/.local/lib/python3.8/site-packages/airflow/example_dags/example_trigger_target_dag.py for tasks to queue
[2021-09-27 03:30:00,702] {logging_mixin.py:109} INFO - [2021-09-27 03:30:00,702] {dagbag.py:496} INFO - Filling up the DagBag from /home/airflow/.local/lib/python3.8/site-packages/airflow/example_dags/example_trigger_target_dag.py
[2021-09-27 03:30:00,709] {processor.py:623} INFO - DAG(s) dict_keys(['example_trigger_target_dag']) retrieved from /home/airflow/.local/lib/python3.8/site-packages/airflow/example_dags/example_trigger_target_dag.py
[2021-09-27 03:30:00,721] {logging_mixin.py:109} INFO - [2021-09-27 03:30:00,721] {dag.py:1833} INFO - Sync 1 DAGs
[2021-09-27 03:30:00,728] {logging_mixin.py:109} INFO - [2021-09-27 03:30:00,728] {dag.py:2306} INFO - Setting next_dagrun for example_trigger_target_dag to None
[2021-09-27 03:30:00,736] {processor.py:170} INFO - Processing /home/airflow/.local/lib/python3.8/site-packages/airflow/example_dags/example_trigger_target_dag.py took 0.038 seconds
[2021-09-27 03:30:30,946] {processor.py:162} INFO - Started process (PID=626) to work on /home/airflow/.local/lib/python3.8/site-packages/airflow/example_dags/example_trigger_target_dag.py
[2021-09-27 03:30:30,947] {processor.py:613} INFO - Processing file /home/airflow/.local/lib/python3.8/site-packages/airflow/example_dags/example_trigger_target_dag.py for tasks to queue
[2021-09-27 03:30:30,948] {logging_mixin.py:109} INFO - [2021-09-27 03:30:30,948] {dagbag.py:496} INFO - Filling up the DagBag from /home/airflow/.local/lib/python3.8/site-packages/airflow/example_dags/example_trigger_target_dag.py
[2021-09-27 03:30:30,956] {processor.py:623} INFO - DAG(s) dict_keys(['example_trigger_target_dag']) retrieved from /home/airflow/.local/lib/python3.8/site-packages/airflow/example_dags/example_trigger_target_dag.py
[2021-09-27 03:30:30,970] {logging_mixin.py:109} INFO - [2021-09-27 03:30:30,970] {dag.py:1833} INFO - Sync 1 DAGs
[2021-09-27 03:30:30,980] {logging_mixin.py:109} INFO - [2021-09-27 03:30:30,980] {dag.py:2306} INFO - Setting next_dagrun for example_trigger_target_dag to None
[2021-09-27 03:30:30,987] {processor.py:170} INFO - Processing /home/airflow/.local/lib/python3.8/site-packages/airflow/example_dags/example_trigger_target_dag.py took 0.044 seconds
[2021-09-27 03:31:01,067] {processor.py:162} INFO - Started process (PID=679) to work on /home/airflow/.local/lib/python3.8/site-packages/airflow/example_dags/example_trigger_target_dag.py
[2021-09-27 03:31:01,068] {processor.py:613} INFO - Processing file /home/airflow/.local/lib/python3.8/site-packages/airflow/example_dags/example_trigger_target_dag.py for tasks to queue
[2021-09-27 03:31:01,068] {logging_mixin.py:109} INFO - [2021-09-27 03:31:01,068] {dagbag.py:496} INFO - Filling up the DagBag from /home/airflow/.local/lib/python3.8/site-packages/airflow/example_dags/example_trigger_target_dag.py
[2021-09-27 03:31:01,076] {processor.py:623} INFO - DAG(s) dict_keys(['example_trigger_target_dag']) retrieved from /home/airflow/.local/lib/python3.8/site-packages/airflow/example_dags/example_trigger_target_dag.py
[2021-09-27 03:31:01,087] {logging_mixin.py:109} INFO - [2021-09-27 03:31:01,087] {dag.py:1833} INFO - Sync 1 DAGs
[2021-09-27 03:31:01,097] {logging_mixin.py:109} INFO - [2021-09-27 03:31:01,097] {dag.py:2306} INFO - Setting next_dagrun for example_trigger_target_dag to None
[2021-09-27 03:31:01,104] {processor.py:170} INFO - Processing /home/airflow/.local/lib/python3.8/site-packages/airflow/example_dags/example_trigger_target_dag.py took 0.039 seconds
[2021-09-27 03:31:31,223] {processor.py:162} INFO - Started process (PID=725) to work on /home/airflow/.local/lib/python3.8/site-packages/airflow/example_dags/example_trigger_target_dag.py
[2021-09-27 03:31:31,223] {processor.py:613} INFO - Processing file /home/airflow/.local/lib/python3.8/site-packages/airflow/example_dags/example_trigger_target_dag.py for tasks to queue
[2021-09-27 03:31:31,224] {logging_mixin.py:109} INFO - [2021-09-27 03:31:31,224] {dagbag.py:496} INFO - Filling up the DagBag from /home/airflow/.local/lib/python3.8/site-packages/airflow/example_dags/example_trigger_target_dag.py
[2021-09-27 03:31:31,232] {processor.py:623} INFO - DAG(s) dict_keys(['example_trigger_target_dag']) retrieved from /home/airflow/.local/lib/python3.8/site-packages/airflow/example_dags/example_trigger_target_dag.py
[2021-09-27 03:31:31,245] {logging_mixin.py:109} INFO - [2021-09-27 03:31:31,245] {dag.py:1833} INFO - Sync 1 DAGs
[2021-09-27 03:31:31,254] {logging_mixin.py:109} INFO - [2021-09-27 03:31:31,254] {dag.py:2306} INFO - Setting next_dagrun for example_trigger_target_dag to None
[2021-09-27 03:31:31,262] {processor.py:170} INFO - Processing /home/airflow/.local/lib/python3.8/site-packages/airflow/example_dags/example_trigger_target_dag.py took 0.041 seconds
[2021-09-27 03:32:01,506] {processor.py:162} INFO - Started process (PID=778) to work on /home/airflow/.local/lib/python3.8/site-packages/airflow/example_dags/example_trigger_target_dag.py
[2021-09-27 03:32:01,506] {processor.py:613} INFO - Processing file /home/airflow/.local/lib/python3.8/site-packages/airflow/example_dags/example_trigger_target_dag.py for tasks to queue
[2021-09-27 03:32:01,507] {logging_mixin.py:109} INFO - [2021-09-27 03:32:01,507] {dagbag.py:496} INFO - Filling up the DagBag from /home/airflow/.local/lib/python3.8/site-packages/airflow/example_dags/example_trigger_target_dag.py
[2021-09-27 03:32:01,514] {processor.py:623} INFO - DAG(s) dict_keys(['example_trigger_target_dag']) retrieved from /home/airflow/.local/lib/python3.8/site-packages/airflow/example_dags/example_trigger_target_dag.py
[2021-09-27 03:32:01,526] {logging_mixin.py:109} INFO - [2021-09-27 03:32:01,526] {dag.py:1833} INFO - Sync 1 DAGs
[2021-09-27 03:32:01,535] {logging_mixin.py:109} INFO - [2021-09-27 03:32:01,535] {dag.py:2306} INFO - Setting next_dagrun for example_trigger_target_dag to None
[2021-09-27 03:32:01,542] {processor.py:170} INFO - Processing /home/airflow/.local/lib/python3.8/site-packages/airflow/example_dags/example_trigger_target_dag.py took 0.038 seconds
[2021-09-27 03:32:31,927] {processor.py:162} INFO - Started process (PID=831) to work on /home/airflow/.local/lib/python3.8/site-packages/airflow/example_dags/example_trigger_target_dag.py
[2021-09-27 03:32:31,928] {processor.py:613} INFO - Processing file /home/airflow/.local/lib/python3.8/site-packages/airflow/example_dags/example_trigger_target_dag.py for tasks to queue
[2021-09-27 03:32:31,928] {logging_mixin.py:109} INFO - [2021-09-27 03:32:31,928] {dagbag.py:496} INFO - Filling up the DagBag from /home/airflow/.local/lib/python3.8/site-packages/airflow/example_dags/example_trigger_target_dag.py
[2021-09-27 03:32:31,936] {processor.py:623} INFO - DAG(s) dict_keys(['example_trigger_target_dag']) retrieved from /home/airflow/.local/lib/python3.8/site-packages/airflow/example_dags/example_trigger_target_dag.py
[2021-09-27 03:32:31,949] {logging_mixin.py:109} INFO - [2021-09-27 03:32:31,949] {dag.py:1833} INFO - Sync 1 DAGs
[2021-09-27 03:32:31,957] {logging_mixin.py:109} INFO - [2021-09-27 03:32:31,957] {dag.py:2306} INFO - Setting next_dagrun for example_trigger_target_dag to None
[2021-09-27 03:32:31,965] {processor.py:170} INFO - Processing /home/airflow/.local/lib/python3.8/site-packages/airflow/example_dags/example_trigger_target_dag.py took 0.041 seconds
[2021-09-27 03:33:02,209] {processor.py:162} INFO - Started process (PID=884) to work on /home/airflow/.local/lib/python3.8/site-packages/airflow/example_dags/example_trigger_target_dag.py
[2021-09-27 03:33:02,210] {processor.py:613} INFO - Processing file /home/airflow/.local/lib/python3.8/site-packages/airflow/example_dags/example_trigger_target_dag.py for tasks to queue
[2021-09-27 03:33:02,210] {logging_mixin.py:109} INFO - [2021-09-27 03:33:02,210] {dagbag.py:496} INFO - Filling up the DagBag from /home/airflow/.local/lib/python3.8/site-packages/airflow/example_dags/example_trigger_target_dag.py
[2021-09-27 03:33:02,218] {processor.py:623} INFO - DAG(s) dict_keys(['example_trigger_target_dag']) retrieved from /home/airflow/.local/lib/python3.8/site-packages/airflow/example_dags/example_trigger_target_dag.py
[2021-09-27 03:33:02,232] {logging_mixin.py:109} INFO - [2021-09-27 03:33:02,232] {dag.py:1833} INFO - Sync 1 DAGs
[2021-09-27 03:33:02,242] {logging_mixin.py:109} INFO - [2021-09-27 03:33:02,242] {dag.py:2306} INFO - Setting next_dagrun for example_trigger_target_dag to None
[2021-09-27 03:33:02,250] {processor.py:170} INFO - Processing /home/airflow/.local/lib/python3.8/site-packages/airflow/example_dags/example_trigger_target_dag.py took 0.042 seconds
[2021-09-27 03:33:32,405] {processor.py:162} INFO - Started process (PID=930) to work on /home/airflow/.local/lib/python3.8/site-packages/airflow/example_dags/example_trigger_target_dag.py
[2021-09-27 03:33:32,406] {processor.py:613} INFO - Processing file /home/airflow/.local/lib/python3.8/site-packages/airflow/example_dags/example_trigger_target_dag.py for tasks to queue
[2021-09-27 03:33:32,406] {logging_mixin.py:109} INFO - [2021-09-27 03:33:32,406] {dagbag.py:496} INFO - Filling up the DagBag from /home/airflow/.local/lib/python3.8/site-packages/airflow/example_dags/example_trigger_target_dag.py
[2021-09-27 03:33:32,414] {processor.py:623} INFO - DAG(s) dict_keys(['example_trigger_target_dag']) retrieved from /home/airflow/.local/lib/python3.8/site-packages/airflow/example_dags/example_trigger_target_dag.py
[2021-09-27 03:33:32,426] {logging_mixin.py:109} INFO - [2021-09-27 03:33:32,426] {dag.py:1833} INFO - Sync 1 DAGs
[2021-09-27 03:33:32,434] {logging_mixin.py:109} INFO - [2021-09-27 03:33:32,434] {dag.py:2306} INFO - Setting next_dagrun for example_trigger_target_dag to None
[2021-09-27 03:33:32,441] {processor.py:170} INFO - Processing /home/airflow/.local/lib/python3.8/site-packages/airflow/example_dags/example_trigger_target_dag.py took 0.038 seconds
[2021-09-27 03:34:02,590] {processor.py:162} INFO - Started process (PID=983) to work on /home/airflow/.local/lib/python3.8/site-packages/airflow/example_dags/example_trigger_target_dag.py
[2021-09-27 03:34:02,592] {processor.py:613} INFO - Processing file /home/airflow/.local/lib/python3.8/site-packages/airflow/example_dags/example_trigger_target_dag.py for tasks to queue
[2021-09-27 03:34:02,592] {logging_mixin.py:109} INFO - [2021-09-27 03:34:02,592] {dagbag.py:496} INFO - Filling up the DagBag from /home/airflow/.local/lib/python3.8/site-packages/airflow/example_dags/example_trigger_target_dag.py
[2021-09-27 03:34:02,602] {processor.py:623} INFO - DAG(s) dict_keys(['example_trigger_target_dag']) retrieved from /home/airflow/.local/lib/python3.8/site-packages/airflow/example_dags/example_trigger_target_dag.py
[2021-09-27 03:34:02,617] {logging_mixin.py:109} INFO - [2021-09-27 03:34:02,617] {dag.py:1833} INFO - Sync 1 DAGs
[2021-09-27 03:34:02,626] {logging_mixin.py:109} INFO - [2021-09-27 03:34:02,626] {dag.py:2306} INFO - Setting next_dagrun for example_trigger_target_dag to None
[2021-09-27 03:34:02,635] {processor.py:170} INFO - Processing /home/airflow/.local/lib/python3.8/site-packages/airflow/example_dags/example_trigger_target_dag.py took 0.047 seconds
[2021-09-27 03:34:32,852] {processor.py:162} INFO - Started process (PID=1036) to work on /home/airflow/.local/lib/python3.8/site-packages/airflow/example_dags/example_trigger_target_dag.py
[2021-09-27 03:34:32,853] {processor.py:613} INFO - Processing file /home/airflow/.local/lib/python3.8/site-packages/airflow/example_dags/example_trigger_target_dag.py for tasks to queue
[2021-09-27 03:34:32,854] {logging_mixin.py:109} INFO - [2021-09-27 03:34:32,853] {dagbag.py:496} INFO - Filling up the DagBag from /home/airflow/.local/lib/python3.8/site-packages/airflow/example_dags/example_trigger_target_dag.py
[2021-09-27 03:34:32,862] {processor.py:623} INFO - DAG(s) dict_keys(['example_trigger_target_dag']) retrieved from /home/airflow/.local/lib/python3.8/site-packages/airflow/example_dags/example_trigger_target_dag.py
[2021-09-27 03:34:32,877] {logging_mixin.py:109} INFO - [2021-09-27 03:34:32,877] {dag.py:1833} INFO - Sync 1 DAGs
[2021-09-27 03:34:32,886] {logging_mixin.py:109} INFO - [2021-09-27 03:34:32,886] {dag.py:2306} INFO - Setting next_dagrun for example_trigger_target_dag to None
[2021-09-27 03:34:32,895] {processor.py:170} INFO - Processing /home/airflow/.local/lib/python3.8/site-packages/airflow/example_dags/example_trigger_target_dag.py took 0.045 seconds
[2021-09-27 03:35:03,248] {processor.py:162} INFO - Started process (PID=1090) to work on /home/airflow/.local/lib/python3.8/site-packages/airflow/example_dags/example_trigger_target_dag.py
[2021-09-27 03:35:03,249] {processor.py:613} INFO - Processing file /home/airflow/.local/lib/python3.8/site-packages/airflow/example_dags/example_trigger_target_dag.py for tasks to queue
[2021-09-27 03:35:03,249] {logging_mixin.py:109} INFO - [2021-09-27 03:35:03,249] {dagbag.py:496} INFO - Filling up the DagBag from /home/airflow/.local/lib/python3.8/site-packages/airflow/example_dags/example_trigger_target_dag.py
[2021-09-27 03:35:03,259] {processor.py:623} INFO - DAG(s) dict_keys(['example_trigger_target_dag']) retrieved from /home/airflow/.local/lib/python3.8/site-packages/airflow/example_dags/example_trigger_target_dag.py
[2021-09-27 03:35:03,273] {logging_mixin.py:109} INFO - [2021-09-27 03:35:03,273] {dag.py:1833} INFO - Sync 1 DAGs
[2021-09-27 03:35:03,284] {logging_mixin.py:109} INFO - [2021-09-27 03:35:03,284] {dag.py:2306} INFO - Setting next_dagrun for example_trigger_target_dag to None
[2021-09-27 03:35:03,295] {processor.py:170} INFO - Processing /home/airflow/.local/lib/python3.8/site-packages/airflow/example_dags/example_trigger_target_dag.py took 0.048 seconds
[2021-09-27 03:35:33,592] {processor.py:162} INFO - Started process (PID=1136) to work on /home/airflow/.local/lib/python3.8/site-packages/airflow/example_dags/example_trigger_target_dag.py
[2021-09-27 03:35:33,592] {processor.py:613} INFO - Processing file /home/airflow/.local/lib/python3.8/site-packages/airflow/example_dags/example_trigger_target_dag.py for tasks to queue
[2021-09-27 03:35:33,593] {logging_mixin.py:109} INFO - [2021-09-27 03:35:33,593] {dagbag.py:496} INFO - Filling up the DagBag from /home/airflow/.local/lib/python3.8/site-packages/airflow/example_dags/example_trigger_target_dag.py
[2021-09-27 03:35:33,602] {processor.py:623} INFO - DAG(s) dict_keys(['example_trigger_target_dag']) retrieved from /home/airflow/.local/lib/python3.8/site-packages/airflow/example_dags/example_trigger_target_dag.py
[2021-09-27 03:35:33,615] {logging_mixin.py:109} INFO - [2021-09-27 03:35:33,615] {dag.py:1833} INFO - Sync 1 DAGs
[2021-09-27 03:35:33,625] {logging_mixin.py:109} INFO - [2021-09-27 03:35:33,625] {dag.py:2306} INFO - Setting next_dagrun for example_trigger_target_dag to None
[2021-09-27 03:35:33,633] {processor.py:170} INFO - Processing /home/airflow/.local/lib/python3.8/site-packages/airflow/example_dags/example_trigger_target_dag.py took 0.044 seconds
[2021-09-27 03:36:03,771] {processor.py:162} INFO - Started process (PID=1189) to work on /home/airflow/.local/lib/python3.8/site-packages/airflow/example_dags/example_trigger_target_dag.py
[2021-09-27 03:36:03,773] {processor.py:613} INFO - Processing file /home/airflow/.local/lib/python3.8/site-packages/airflow/example_dags/example_trigger_target_dag.py for tasks to queue
[2021-09-27 03:36:03,773] {logging_mixin.py:109} INFO - [2021-09-27 03:36:03,773] {dagbag.py:496} INFO - Filling up the DagBag from /home/airflow/.local/lib/python3.8/site-packages/airflow/example_dags/example_trigger_target_dag.py
[2021-09-27 03:36:03,781] {processor.py:623} INFO - DAG(s) dict_keys(['example_trigger_target_dag']) retrieved from /home/airflow/.local/lib/python3.8/site-packages/airflow/example_dags/example_trigger_target_dag.py
[2021-09-27 03:36:03,792] {logging_mixin.py:109} INFO - [2021-09-27 03:36:03,792] {dag.py:1833} INFO - Sync 1 DAGs
[2021-09-27 03:36:03,800] {logging_mixin.py:109} INFO - [2021-09-27 03:36:03,800] {dag.py:2306} INFO - Setting next_dagrun for example_trigger_target_dag to None
[2021-09-27 03:36:03,807] {processor.py:170} INFO - Processing /home/airflow/.local/lib/python3.8/site-packages/airflow/example_dags/example_trigger_target_dag.py took 0.037 seconds
[2021-09-27 03:36:34,163] {processor.py:162} INFO - Started process (PID=1242) to work on /home/airflow/.local/lib/python3.8/site-packages/airflow/example_dags/example_trigger_target_dag.py
[2021-09-27 03:36:34,164] {processor.py:613} INFO - Processing file /home/airflow/.local/lib/python3.8/site-packages/airflow/example_dags/example_trigger_target_dag.py for tasks to queue
[2021-09-27 03:36:34,165] {logging_mixin.py:109} INFO - [2021-09-27 03:36:34,165] {dagbag.py:496} INFO - Filling up the DagBag from /home/airflow/.local/lib/python3.8/site-packages/airflow/example_dags/example_trigger_target_dag.py
[2021-09-27 03:36:34,174] {processor.py:623} INFO - DAG(s) dict_keys(['example_trigger_target_dag']) retrieved from /home/airflow/.local/lib/python3.8/site-packages/airflow/example_dags/example_trigger_target_dag.py
[2021-09-27 03:36:34,188] {logging_mixin.py:109} INFO - [2021-09-27 03:36:34,188] {dag.py:1833} INFO - Sync 1 DAGs
[2021-09-27 03:36:34,199] {logging_mixin.py:109} INFO - [2021-09-27 03:36:34,199] {dag.py:2306} INFO - Setting next_dagrun for example_trigger_target_dag to None
[2021-09-27 03:36:34,208] {processor.py:170} INFO - Processing /home/airflow/.local/lib/python3.8/site-packages/airflow/example_dags/example_trigger_target_dag.py took 0.048 seconds
[2021-09-27 03:37:04,425] {processor.py:162} INFO - Started process (PID=1295) to work on /home/airflow/.local/lib/python3.8/site-packages/airflow/example_dags/example_trigger_target_dag.py
[2021-09-27 03:37:04,426] {processor.py:613} INFO - Processing file /home/airflow/.local/lib/python3.8/site-packages/airflow/example_dags/example_trigger_target_dag.py for tasks to queue
[2021-09-27 03:37:04,426] {logging_mixin.py:109} INFO - [2021-09-27 03:37:04,426] {dagbag.py:496} INFO - Filling up the DagBag from /home/airflow/.local/lib/python3.8/site-packages/airflow/example_dags/example_trigger_target_dag.py
[2021-09-27 03:37:04,434] {processor.py:623} INFO - DAG(s) dict_keys(['example_trigger_target_dag']) retrieved from /home/airflow/.local/lib/python3.8/site-packages/airflow/example_dags/example_trigger_target_dag.py
[2021-09-27 03:37:04,447] {logging_mixin.py:109} INFO - [2021-09-27 03:37:04,447] {dag.py:1833} INFO - Sync 1 DAGs
[2021-09-27 03:37:04,456] {logging_mixin.py:109} INFO - [2021-09-27 03:37:04,456] {dag.py:2306} INFO - Setting next_dagrun for example_trigger_target_dag to None
[2021-09-27 03:37:04,464] {processor.py:170} INFO - Processing /home/airflow/.local/lib/python3.8/site-packages/airflow/example_dags/example_trigger_target_dag.py took 0.041 seconds
[2021-09-27 03:37:34,796] {processor.py:162} INFO - Started process (PID=1341) to work on /home/airflow/.local/lib/python3.8/site-packages/airflow/example_dags/example_trigger_target_dag.py
[2021-09-27 03:37:34,797] {processor.py:613} INFO - Processing file /home/airflow/.local/lib/python3.8/site-packages/airflow/example_dags/example_trigger_target_dag.py for tasks to queue
[2021-09-27 03:37:34,798] {logging_mixin.py:109} INFO - [2021-09-27 03:37:34,798] {dagbag.py:496} INFO - Filling up the DagBag from /home/airflow/.local/lib/python3.8/site-packages/airflow/example_dags/example_trigger_target_dag.py
[2021-09-27 03:37:34,805] {processor.py:623} INFO - DAG(s) dict_keys(['example_trigger_target_dag']) retrieved from /home/airflow/.local/lib/python3.8/site-packages/airflow/example_dags/example_trigger_target_dag.py
[2021-09-27 03:37:34,819] {logging_mixin.py:109} INFO - [2021-09-27 03:37:34,819] {dag.py:1833} INFO - Sync 1 DAGs
[2021-09-27 03:37:34,828] {logging_mixin.py:109} INFO - [2021-09-27 03:37:34,828] {dag.py:2306} INFO - Setting next_dagrun for example_trigger_target_dag to None
[2021-09-27 03:37:34,837] {processor.py:170} INFO - Processing /home/airflow/.local/lib/python3.8/site-packages/airflow/example_dags/example_trigger_target_dag.py took 0.044 seconds
[2021-09-27 03:38:05,149] {processor.py:162} INFO - Started process (PID=1395) to work on /home/airflow/.local/lib/python3.8/site-packages/airflow/example_dags/example_trigger_target_dag.py
[2021-09-27 03:38:05,150] {processor.py:613} INFO - Processing file /home/airflow/.local/lib/python3.8/site-packages/airflow/example_dags/example_trigger_target_dag.py for tasks to queue
[2021-09-27 03:38:05,151] {logging_mixin.py:109} INFO - [2021-09-27 03:38:05,150] {dagbag.py:496} INFO - Filling up the DagBag from /home/airflow/.local/lib/python3.8/site-packages/airflow/example_dags/example_trigger_target_dag.py
[2021-09-27 03:38:05,160] {processor.py:623} INFO - DAG(s) dict_keys(['example_trigger_target_dag']) retrieved from /home/airflow/.local/lib/python3.8/site-packages/airflow/example_dags/example_trigger_target_dag.py
[2021-09-27 03:38:05,177] {logging_mixin.py:109} INFO - [2021-09-27 03:38:05,177] {dag.py:1833} INFO - Sync 1 DAGs
[2021-09-27 03:38:05,190] {logging_mixin.py:109} INFO - [2021-09-27 03:38:05,190] {dag.py:2306} INFO - Setting next_dagrun for example_trigger_target_dag to None
[2021-09-27 03:38:05,199] {processor.py:170} INFO - Processing /home/airflow/.local/lib/python3.8/site-packages/airflow/example_dags/example_trigger_target_dag.py took 0.053 seconds
[2021-09-27 03:38:35,507] {processor.py:162} INFO - Started process (PID=1448) to work on /home/airflow/.local/lib/python3.8/site-packages/airflow/example_dags/example_trigger_target_dag.py
[2021-09-27 03:38:35,508] {processor.py:613} INFO - Processing file /home/airflow/.local/lib/python3.8/site-packages/airflow/example_dags/example_trigger_target_dag.py for tasks to queue
[2021-09-27 03:38:35,508] {logging_mixin.py:109} INFO - [2021-09-27 03:38:35,508] {dagbag.py:496} INFO - Filling up the DagBag from /home/airflow/.local/lib/python3.8/site-packages/airflow/example_dags/example_trigger_target_dag.py
[2021-09-27 03:38:35,520] {processor.py:623} INFO - DAG(s) dict_keys(['example_trigger_target_dag']) retrieved from /home/airflow/.local/lib/python3.8/site-packages/airflow/example_dags/example_trigger_target_dag.py
[2021-09-27 03:38:35,533] {logging_mixin.py:109} INFO - [2021-09-27 03:38:35,533] {dag.py:1833} INFO - Sync 1 DAGs
[2021-09-27 03:38:35,543] {logging_mixin.py:109} INFO - [2021-09-27 03:38:35,543] {dag.py:2306} INFO - Setting next_dagrun for example_trigger_target_dag to None
[2021-09-27 03:38:35,552] {processor.py:170} INFO - Processing /home/airflow/.local/lib/python3.8/site-packages/airflow/example_dags/example_trigger_target_dag.py took 0.047 seconds
[2021-09-27 03:39:05,804] {processor.py:162} INFO - Started process (PID=1494) to work on /home/airflow/.local/lib/python3.8/site-packages/airflow/example_dags/example_trigger_target_dag.py
[2021-09-27 03:39:05,805] {processor.py:613} INFO - Processing file /home/airflow/.local/lib/python3.8/site-packages/airflow/example_dags/example_trigger_target_dag.py for tasks to queue
[2021-09-27 03:39:05,805] {logging_mixin.py:109} INFO - [2021-09-27 03:39:05,805] {dagbag.py:496} INFO - Filling up the DagBag from /home/airflow/.local/lib/python3.8/site-packages/airflow/example_dags/example_trigger_target_dag.py
[2021-09-27 03:39:05,816] {processor.py:623} INFO - DAG(s) dict_keys(['example_trigger_target_dag']) retrieved from /home/airflow/.local/lib/python3.8/site-packages/airflow/example_dags/example_trigger_target_dag.py
[2021-09-27 03:39:05,832] {logging_mixin.py:109} INFO - [2021-09-27 03:39:05,832] {dag.py:1833} INFO - Sync 1 DAGs
[2021-09-27 03:39:05,845] {logging_mixin.py:109} INFO - [2021-09-27 03:39:05,845] {dag.py:2306} INFO - Setting next_dagrun for example_trigger_target_dag to None
[2021-09-27 03:39:05,854] {processor.py:170} INFO - Processing /home/airflow/.local/lib/python3.8/site-packages/airflow/example_dags/example_trigger_target_dag.py took 0.053 seconds
[2021-09-27 03:39:35,970] {processor.py:162} INFO - Started process (PID=1548) to work on /home/airflow/.local/lib/python3.8/site-packages/airflow/example_dags/example_trigger_target_dag.py
[2021-09-27 03:39:35,970] {processor.py:613} INFO - Processing file /home/airflow/.local/lib/python3.8/site-packages/airflow/example_dags/example_trigger_target_dag.py for tasks to queue
[2021-09-27 03:39:35,971] {logging_mixin.py:109} INFO - [2021-09-27 03:39:35,971] {dagbag.py:496} INFO - Filling up the DagBag from /home/airflow/.local/lib/python3.8/site-packages/airflow/example_dags/example_trigger_target_dag.py
[2021-09-27 03:39:35,978] {processor.py:623} INFO - DAG(s) dict_keys(['example_trigger_target_dag']) retrieved from /home/airflow/.local/lib/python3.8/site-packages/airflow/example_dags/example_trigger_target_dag.py
[2021-09-27 03:39:35,993] {logging_mixin.py:109} INFO - [2021-09-27 03:39:35,993] {dag.py:1833} INFO - Sync 1 DAGs
[2021-09-27 03:39:36,003] {logging_mixin.py:109} INFO - [2021-09-27 03:39:36,003] {dag.py:2306} INFO - Setting next_dagrun for example_trigger_target_dag to None
[2021-09-27 03:39:36,012] {processor.py:170} INFO - Processing /home/airflow/.local/lib/python3.8/site-packages/airflow/example_dags/example_trigger_target_dag.py took 0.045 seconds
[2021-09-27 03:40:06,066] {processor.py:162} INFO - Started process (PID=1600) to work on /home/airflow/.local/lib/python3.8/site-packages/airflow/example_dags/example_trigger_target_dag.py
[2021-09-27 03:40:06,066] {processor.py:613} INFO - Processing file /home/airflow/.local/lib/python3.8/site-packages/airflow/example_dags/example_trigger_target_dag.py for tasks to queue
[2021-09-27 03:40:06,067] {logging_mixin.py:109} INFO - [2021-09-27 03:40:06,067] {dagbag.py:496} INFO - Filling up the DagBag from /home/airflow/.local/lib/python3.8/site-packages/airflow/example_dags/example_trigger_target_dag.py
[2021-09-27 03:40:06,076] {processor.py:623} INFO - DAG(s) dict_keys(['example_trigger_target_dag']) retrieved from /home/airflow/.local/lib/python3.8/site-packages/airflow/example_dags/example_trigger_target_dag.py
[2021-09-27 03:40:06,089] {logging_mixin.py:109} INFO - [2021-09-27 03:40:06,089] {dag.py:1833} INFO - Sync 1 DAGs
[2021-09-27 03:40:06,099] {logging_mixin.py:109} INFO - [2021-09-27 03:40:06,099] {dag.py:2306} INFO - Setting next_dagrun for example_trigger_target_dag to None
[2021-09-27 03:40:06,109] {processor.py:170} INFO - Processing /home/airflow/.local/lib/python3.8/site-packages/airflow/example_dags/example_trigger_target_dag.py took 0.045 seconds
[2021-09-27 03:40:36,435] {processor.py:162} INFO - Started process (PID=1654) to work on /home/airflow/.local/lib/python3.8/site-packages/airflow/example_dags/example_trigger_target_dag.py
[2021-09-27 03:40:36,436] {processor.py:613} INFO - Processing file /home/airflow/.local/lib/python3.8/site-packages/airflow/example_dags/example_trigger_target_dag.py for tasks to queue
[2021-09-27 03:40:36,437] {logging_mixin.py:109} INFO - [2021-09-27 03:40:36,437] {dagbag.py:496} INFO - Filling up the DagBag from /home/airflow/.local/lib/python3.8/site-packages/airflow/example_dags/example_trigger_target_dag.py
[2021-09-27 03:40:36,446] {processor.py:623} INFO - DAG(s) dict_keys(['example_trigger_target_dag']) retrieved from /home/airflow/.local/lib/python3.8/site-packages/airflow/example_dags/example_trigger_target_dag.py
[2021-09-27 03:40:36,459] {logging_mixin.py:109} INFO - [2021-09-27 03:40:36,459] {dag.py:1833} INFO - Sync 1 DAGs
[2021-09-27 03:40:36,470] {logging_mixin.py:109} INFO - [2021-09-27 03:40:36,470] {dag.py:2306} INFO - Setting next_dagrun for example_trigger_target_dag to None
[2021-09-27 03:40:36,478] {processor.py:170} INFO - Processing /home/airflow/.local/lib/python3.8/site-packages/airflow/example_dags/example_trigger_target_dag.py took 0.044 seconds
[2021-09-27 03:41:06,788] {processor.py:162} INFO - Started process (PID=1700) to work on /home/airflow/.local/lib/python3.8/site-packages/airflow/example_dags/example_trigger_target_dag.py
[2021-09-27 03:41:06,789] {processor.py:613} INFO - Processing file /home/airflow/.local/lib/python3.8/site-packages/airflow/example_dags/example_trigger_target_dag.py for tasks to queue
[2021-09-27 03:41:06,789] {logging_mixin.py:109} INFO - [2021-09-27 03:41:06,789] {dagbag.py:496} INFO - Filling up the DagBag from /home/airflow/.local/lib/python3.8/site-packages/airflow/example_dags/example_trigger_target_dag.py
[2021-09-27 03:41:06,798] {processor.py:623} INFO - DAG(s) dict_keys(['example_trigger_target_dag']) retrieved from /home/airflow/.local/lib/python3.8/site-packages/airflow/example_dags/example_trigger_target_dag.py
[2021-09-27 03:41:06,812] {logging_mixin.py:109} INFO - [2021-09-27 03:41:06,812] {dag.py:1833} INFO - Sync 1 DAGs
[2021-09-27 03:41:06,820] {logging_mixin.py:109} INFO - [2021-09-27 03:41:06,820] {dag.py:2306} INFO - Setting next_dagrun for example_trigger_target_dag to None
[2021-09-27 03:41:06,829] {processor.py:170} INFO - Processing /home/airflow/.local/lib/python3.8/site-packages/airflow/example_dags/example_trigger_target_dag.py took 0.043 seconds
[2021-09-27 03:41:37,080] {processor.py:162} INFO - Started process (PID=1754) to work on /home/airflow/.local/lib/python3.8/site-packages/airflow/example_dags/example_trigger_target_dag.py
[2021-09-27 03:41:37,080] {processor.py:613} INFO - Processing file /home/airflow/.local/lib/python3.8/site-packages/airflow/example_dags/example_trigger_target_dag.py for tasks to queue
[2021-09-27 03:41:37,081] {logging_mixin.py:109} INFO - [2021-09-27 03:41:37,081] {dagbag.py:496} INFO - Filling up the DagBag from /home/airflow/.local/lib/python3.8/site-packages/airflow/example_dags/example_trigger_target_dag.py
[2021-09-27 03:41:37,088] {processor.py:623} INFO - DAG(s) dict_keys(['example_trigger_target_dag']) retrieved from /home/airflow/.local/lib/python3.8/site-packages/airflow/example_dags/example_trigger_target_dag.py
[2021-09-27 03:41:37,101] {logging_mixin.py:109} INFO - [2021-09-27 03:41:37,101] {dag.py:1833} INFO - Sync 1 DAGs
[2021-09-27 03:41:37,110] {logging_mixin.py:109} INFO - [2021-09-27 03:41:37,110] {dag.py:2306} INFO - Setting next_dagrun for example_trigger_target_dag to None
[2021-09-27 03:41:37,117] {processor.py:170} INFO - Processing /home/airflow/.local/lib/python3.8/site-packages/airflow/example_dags/example_trigger_target_dag.py took 0.040 seconds
[2021-09-27 03:42:07,270] {processor.py:162} INFO - Started process (PID=1808) to work on /home/airflow/.local/lib/python3.8/site-packages/airflow/example_dags/example_trigger_target_dag.py
[2021-09-27 03:42:07,271] {processor.py:613} INFO - Processing file /home/airflow/.local/lib/python3.8/site-packages/airflow/example_dags/example_trigger_target_dag.py for tasks to queue
[2021-09-27 03:42:07,271] {logging_mixin.py:109} INFO - [2021-09-27 03:42:07,271] {dagbag.py:496} INFO - Filling up the DagBag from /home/airflow/.local/lib/python3.8/site-packages/airflow/example_dags/example_trigger_target_dag.py
[2021-09-27 03:42:07,280] {processor.py:623} INFO - DAG(s) dict_keys(['example_trigger_target_dag']) retrieved from /home/airflow/.local/lib/python3.8/site-packages/airflow/example_dags/example_trigger_target_dag.py
[2021-09-27 03:42:07,294] {logging_mixin.py:109} INFO - [2021-09-27 03:42:07,294] {dag.py:1833} INFO - Sync 1 DAGs
[2021-09-27 03:42:07,304] {logging_mixin.py:109} INFO - [2021-09-27 03:42:07,304] {dag.py:2306} INFO - Setting next_dagrun for example_trigger_target_dag to None
[2021-09-27 03:42:07,314] {processor.py:170} INFO - Processing /home/airflow/.local/lib/python3.8/site-packages/airflow/example_dags/example_trigger_target_dag.py took 0.045 seconds
[2021-09-27 03:42:37,588] {processor.py:162} INFO - Started process (PID=1862) to work on /home/airflow/.local/lib/python3.8/site-packages/airflow/example_dags/example_trigger_target_dag.py
[2021-09-27 03:42:37,589] {processor.py:613} INFO - Processing file /home/airflow/.local/lib/python3.8/site-packages/airflow/example_dags/example_trigger_target_dag.py for tasks to queue
[2021-09-27 03:42:37,589] {logging_mixin.py:109} INFO - [2021-09-27 03:42:37,589] {dagbag.py:496} INFO - Filling up the DagBag from /home/airflow/.local/lib/python3.8/site-packages/airflow/example_dags/example_trigger_target_dag.py
[2021-09-27 03:42:37,601] {processor.py:623} INFO - DAG(s) dict_keys(['example_trigger_target_dag']) retrieved from /home/airflow/.local/lib/python3.8/site-packages/airflow/example_dags/example_trigger_target_dag.py
[2021-09-27 03:42:37,618] {logging_mixin.py:109} INFO - [2021-09-27 03:42:37,618] {dag.py:1833} INFO - Sync 1 DAGs
[2021-09-27 03:42:37,628] {logging_mixin.py:109} INFO - [2021-09-27 03:42:37,628] {dag.py:2306} INFO - Setting next_dagrun for example_trigger_target_dag to None
[2021-09-27 03:42:37,636] {processor.py:170} INFO - Processing /home/airflow/.local/lib/python3.8/site-packages/airflow/example_dags/example_trigger_target_dag.py took 0.052 seconds
[2021-09-27 03:43:07,806] {processor.py:162} INFO - Started process (PID=1908) to work on /home/airflow/.local/lib/python3.8/site-packages/airflow/example_dags/example_trigger_target_dag.py
[2021-09-27 03:43:07,806] {processor.py:613} INFO - Processing file /home/airflow/.local/lib/python3.8/site-packages/airflow/example_dags/example_trigger_target_dag.py for tasks to queue
[2021-09-27 03:43:07,807] {logging_mixin.py:109} INFO - [2021-09-27 03:43:07,807] {dagbag.py:496} INFO - Filling up the DagBag from /home/airflow/.local/lib/python3.8/site-packages/airflow/example_dags/example_trigger_target_dag.py
[2021-09-27 03:43:07,816] {processor.py:623} INFO - DAG(s) dict_keys(['example_trigger_target_dag']) retrieved from /home/airflow/.local/lib/python3.8/site-packages/airflow/example_dags/example_trigger_target_dag.py
[2021-09-27 03:43:07,829] {logging_mixin.py:109} INFO - [2021-09-27 03:43:07,829] {dag.py:1833} INFO - Sync 1 DAGs
[2021-09-27 03:43:07,838] {logging_mixin.py:109} INFO - [2021-09-27 03:43:07,838] {dag.py:2306} INFO - Setting next_dagrun for example_trigger_target_dag to None
[2021-09-27 03:43:07,846] {processor.py:170} INFO - Processing /home/airflow/.local/lib/python3.8/site-packages/airflow/example_dags/example_trigger_target_dag.py took 0.042 seconds
[2021-09-27 03:43:38,162] {processor.py:162} INFO - Started process (PID=1961) to work on /home/airflow/.local/lib/python3.8/site-packages/airflow/example_dags/example_trigger_target_dag.py
[2021-09-27 03:43:38,163] {processor.py:613} INFO - Processing file /home/airflow/.local/lib/python3.8/site-packages/airflow/example_dags/example_trigger_target_dag.py for tasks to queue
[2021-09-27 03:43:38,163] {logging_mixin.py:109} INFO - [2021-09-27 03:43:38,163] {dagbag.py:496} INFO - Filling up the DagBag from /home/airflow/.local/lib/python3.8/site-packages/airflow/example_dags/example_trigger_target_dag.py
[2021-09-27 03:43:38,172] {processor.py:623} INFO - DAG(s) dict_keys(['example_trigger_target_dag']) retrieved from /home/airflow/.local/lib/python3.8/site-packages/airflow/example_dags/example_trigger_target_dag.py
[2021-09-27 03:43:38,185] {logging_mixin.py:109} INFO - [2021-09-27 03:43:38,185] {dag.py:1833} INFO - Sync 1 DAGs
[2021-09-27 03:43:38,195] {logging_mixin.py:109} INFO - [2021-09-27 03:43:38,195] {dag.py:2306} INFO - Setting next_dagrun for example_trigger_target_dag to None
[2021-09-27 03:43:38,203] {processor.py:170} INFO - Processing /home/airflow/.local/lib/python3.8/site-packages/airflow/example_dags/example_trigger_target_dag.py took 0.043 seconds
[2021-09-27 03:44:08,562] {processor.py:162} INFO - Started process (PID=2014) to work on /home/airflow/.local/lib/python3.8/site-packages/airflow/example_dags/example_trigger_target_dag.py
[2021-09-27 03:44:08,563] {processor.py:613} INFO - Processing file /home/airflow/.local/lib/python3.8/site-packages/airflow/example_dags/example_trigger_target_dag.py for tasks to queue
[2021-09-27 03:44:08,563] {logging_mixin.py:109} INFO - [2021-09-27 03:44:08,563] {dagbag.py:496} INFO - Filling up the DagBag from /home/airflow/.local/lib/python3.8/site-packages/airflow/example_dags/example_trigger_target_dag.py
[2021-09-27 03:44:08,572] {processor.py:623} INFO - DAG(s) dict_keys(['example_trigger_target_dag']) retrieved from /home/airflow/.local/lib/python3.8/site-packages/airflow/example_dags/example_trigger_target_dag.py
[2021-09-27 03:44:08,587] {logging_mixin.py:109} INFO - [2021-09-27 03:44:08,587] {dag.py:1833} INFO - Sync 1 DAGs
[2021-09-27 03:44:08,597] {logging_mixin.py:109} INFO - [2021-09-27 03:44:08,597] {dag.py:2306} INFO - Setting next_dagrun for example_trigger_target_dag to None
[2021-09-27 03:44:08,606] {processor.py:170} INFO - Processing /home/airflow/.local/lib/python3.8/site-packages/airflow/example_dags/example_trigger_target_dag.py took 0.046 seconds
[2021-09-27 03:44:38,919] {processor.py:162} INFO - Started process (PID=2067) to work on /home/airflow/.local/lib/python3.8/site-packages/airflow/example_dags/example_trigger_target_dag.py
[2021-09-27 03:44:38,920] {processor.py:613} INFO - Processing file /home/airflow/.local/lib/python3.8/site-packages/airflow/example_dags/example_trigger_target_dag.py for tasks to queue
[2021-09-27 03:44:38,920] {logging_mixin.py:109} INFO - [2021-09-27 03:44:38,920] {dagbag.py:496} INFO - Filling up the DagBag from /home/airflow/.local/lib/python3.8/site-packages/airflow/example_dags/example_trigger_target_dag.py
[2021-09-27 03:44:38,928] {processor.py:623} INFO - DAG(s) dict_keys(['example_trigger_target_dag']) retrieved from /home/airflow/.local/lib/python3.8/site-packages/airflow/example_dags/example_trigger_target_dag.py
[2021-09-27 03:44:38,939] {logging_mixin.py:109} INFO - [2021-09-27 03:44:38,939] {dag.py:1833} INFO - Sync 1 DAGs
[2021-09-27 03:44:38,947] {logging_mixin.py:109} INFO - [2021-09-27 03:44:38,947] {dag.py:2306} INFO - Setting next_dagrun for example_trigger_target_dag to None
[2021-09-27 03:44:38,955] {processor.py:170} INFO - Processing /home/airflow/.local/lib/python3.8/site-packages/airflow/example_dags/example_trigger_target_dag.py took 0.037 seconds
[2021-09-27 03:45:09,032] {processor.py:162} INFO - Started process (PID=2113) to work on /home/airflow/.local/lib/python3.8/site-packages/airflow/example_dags/example_trigger_target_dag.py
[2021-09-27 03:45:09,033] {processor.py:613} INFO - Processing file /home/airflow/.local/lib/python3.8/site-packages/airflow/example_dags/example_trigger_target_dag.py for tasks to queue
[2021-09-27 03:45:09,033] {logging_mixin.py:109} INFO - [2021-09-27 03:45:09,033] {dagbag.py:496} INFO - Filling up the DagBag from /home/airflow/.local/lib/python3.8/site-packages/airflow/example_dags/example_trigger_target_dag.py
[2021-09-27 03:45:09,042] {processor.py:623} INFO - DAG(s) dict_keys(['example_trigger_target_dag']) retrieved from /home/airflow/.local/lib/python3.8/site-packages/airflow/example_dags/example_trigger_target_dag.py
[2021-09-27 03:45:09,055] {logging_mixin.py:109} INFO - [2021-09-27 03:45:09,055] {dag.py:1833} INFO - Sync 1 DAGs
[2021-09-27 03:45:09,065] {logging_mixin.py:109} INFO - [2021-09-27 03:45:09,065] {dag.py:2306} INFO - Setting next_dagrun for example_trigger_target_dag to None
[2021-09-27 03:45:09,073] {processor.py:170} INFO - Processing /home/airflow/.local/lib/python3.8/site-packages/airflow/example_dags/example_trigger_target_dag.py took 0.042 seconds
[2021-09-27 03:45:39,449] {processor.py:162} INFO - Started process (PID=2166) to work on /home/airflow/.local/lib/python3.8/site-packages/airflow/example_dags/example_trigger_target_dag.py
[2021-09-27 03:45:39,450] {processor.py:613} INFO - Processing file /home/airflow/.local/lib/python3.8/site-packages/airflow/example_dags/example_trigger_target_dag.py for tasks to queue
[2021-09-27 03:45:39,451] {logging_mixin.py:109} INFO - [2021-09-27 03:45:39,451] {dagbag.py:496} INFO - Filling up the DagBag from /home/airflow/.local/lib/python3.8/site-packages/airflow/example_dags/example_trigger_target_dag.py
[2021-09-27 03:45:39,459] {processor.py:623} INFO - DAG(s) dict_keys(['example_trigger_target_dag']) retrieved from /home/airflow/.local/lib/python3.8/site-packages/airflow/example_dags/example_trigger_target_dag.py
[2021-09-27 03:45:39,473] {logging_mixin.py:109} INFO - [2021-09-27 03:45:39,473] {dag.py:1833} INFO - Sync 1 DAGs
[2021-09-27 03:45:39,481] {logging_mixin.py:109} INFO - [2021-09-27 03:45:39,481] {dag.py:2306} INFO - Setting next_dagrun for example_trigger_target_dag to None
[2021-09-27 03:45:39,489] {processor.py:170} INFO - Processing /home/airflow/.local/lib/python3.8/site-packages/airflow/example_dags/example_trigger_target_dag.py took 0.042 seconds
[2021-09-27 03:46:09,618] {processor.py:162} INFO - Started process (PID=2219) to work on /home/airflow/.local/lib/python3.8/site-packages/airflow/example_dags/example_trigger_target_dag.py
[2021-09-27 03:46:09,619] {processor.py:613} INFO - Processing file /home/airflow/.local/lib/python3.8/site-packages/airflow/example_dags/example_trigger_target_dag.py for tasks to queue
[2021-09-27 03:46:09,619] {logging_mixin.py:109} INFO - [2021-09-27 03:46:09,619] {dagbag.py:496} INFO - Filling up the DagBag from /home/airflow/.local/lib/python3.8/site-packages/airflow/example_dags/example_trigger_target_dag.py
[2021-09-27 03:46:09,627] {processor.py:623} INFO - DAG(s) dict_keys(['example_trigger_target_dag']) retrieved from /home/airflow/.local/lib/python3.8/site-packages/airflow/example_dags/example_trigger_target_dag.py
[2021-09-27 03:46:09,641] {logging_mixin.py:109} INFO - [2021-09-27 03:46:09,641] {dag.py:1833} INFO - Sync 1 DAGs
[2021-09-27 03:46:09,650] {logging_mixin.py:109} INFO - [2021-09-27 03:46:09,650] {dag.py:2306} INFO - Setting next_dagrun for example_trigger_target_dag to None
[2021-09-27 03:46:09,659] {processor.py:170} INFO - Processing /home/airflow/.local/lib/python3.8/site-packages/airflow/example_dags/example_trigger_target_dag.py took 0.043 seconds
[2021-09-27 03:46:39,865] {processor.py:162} INFO - Started process (PID=2272) to work on /home/airflow/.local/lib/python3.8/site-packages/airflow/example_dags/example_trigger_target_dag.py
[2021-09-27 03:46:39,866] {processor.py:613} INFO - Processing file /home/airflow/.local/lib/python3.8/site-packages/airflow/example_dags/example_trigger_target_dag.py for tasks to queue
[2021-09-27 03:46:39,866] {logging_mixin.py:109} INFO - [2021-09-27 03:46:39,866] {dagbag.py:496} INFO - Filling up the DagBag from /home/airflow/.local/lib/python3.8/site-packages/airflow/example_dags/example_trigger_target_dag.py
[2021-09-27 03:46:39,875] {processor.py:623} INFO - DAG(s) dict_keys(['example_trigger_target_dag']) retrieved from /home/airflow/.local/lib/python3.8/site-packages/airflow/example_dags/example_trigger_target_dag.py
[2021-09-27 03:46:39,888] {logging_mixin.py:109} INFO - [2021-09-27 03:46:39,888] {dag.py:1833} INFO - Sync 1 DAGs
[2021-09-27 03:46:39,897] {logging_mixin.py:109} INFO - [2021-09-27 03:46:39,897] {dag.py:2306} INFO - Setting next_dagrun for example_trigger_target_dag to None
[2021-09-27 03:46:39,904] {processor.py:170} INFO - Processing /home/airflow/.local/lib/python3.8/site-packages/airflow/example_dags/example_trigger_target_dag.py took 0.041 seconds
[2021-09-27 03:47:10,325] {processor.py:162} INFO - Started process (PID=2318) to work on /home/airflow/.local/lib/python3.8/site-packages/airflow/example_dags/example_trigger_target_dag.py
[2021-09-27 03:47:10,326] {processor.py:613} INFO - Processing file /home/airflow/.local/lib/python3.8/site-packages/airflow/example_dags/example_trigger_target_dag.py for tasks to queue
[2021-09-27 03:47:10,327] {logging_mixin.py:109} INFO - [2021-09-27 03:47:10,327] {dagbag.py:496} INFO - Filling up the DagBag from /home/airflow/.local/lib/python3.8/site-packages/airflow/example_dags/example_trigger_target_dag.py
[2021-09-27 03:47:10,334] {processor.py:623} INFO - DAG(s) dict_keys(['example_trigger_target_dag']) retrieved from /home/airflow/.local/lib/python3.8/site-packages/airflow/example_dags/example_trigger_target_dag.py
[2021-09-27 03:47:10,346] {logging_mixin.py:109} INFO - [2021-09-27 03:47:10,346] {dag.py:1833} INFO - Sync 1 DAGs
[2021-09-27 03:47:10,354] {logging_mixin.py:109} INFO - [2021-09-27 03:47:10,354] {dag.py:2306} INFO - Setting next_dagrun for example_trigger_target_dag to None
[2021-09-27 03:47:10,362] {processor.py:170} INFO - Processing /home/airflow/.local/lib/python3.8/site-packages/airflow/example_dags/example_trigger_target_dag.py took 0.038 seconds
[2021-09-27 03:47:40,485] {processor.py:162} INFO - Started process (PID=2371) to work on /home/airflow/.local/lib/python3.8/site-packages/airflow/example_dags/example_trigger_target_dag.py
[2021-09-27 03:47:40,485] {processor.py:613} INFO - Processing file /home/airflow/.local/lib/python3.8/site-packages/airflow/example_dags/example_trigger_target_dag.py for tasks to queue
[2021-09-27 03:47:40,486] {logging_mixin.py:109} INFO - [2021-09-27 03:47:40,486] {dagbag.py:496} INFO - Filling up the DagBag from /home/airflow/.local/lib/python3.8/site-packages/airflow/example_dags/example_trigger_target_dag.py
[2021-09-27 03:47:40,494] {processor.py:623} INFO - DAG(s) dict_keys(['example_trigger_target_dag']) retrieved from /home/airflow/.local/lib/python3.8/site-packages/airflow/example_dags/example_trigger_target_dag.py
[2021-09-27 03:47:40,509] {logging_mixin.py:109} INFO - [2021-09-27 03:47:40,509] {dag.py:1833} INFO - Sync 1 DAGs
[2021-09-27 03:47:40,518] {logging_mixin.py:109} INFO - [2021-09-27 03:47:40,518] {dag.py:2306} INFO - Setting next_dagrun for example_trigger_target_dag to None
[2021-09-27 03:47:40,525] {processor.py:170} INFO - Processing /home/airflow/.local/lib/python3.8/site-packages/airflow/example_dags/example_trigger_target_dag.py took 0.043 seconds
[2021-09-27 03:49:18,723] {processor.py:162} INFO - Started process (PID=48) to work on /home/airflow/.local/lib/python3.8/site-packages/airflow/example_dags/example_trigger_target_dag.py
[2021-09-27 03:49:18,724] {processor.py:613} INFO - Processing file /home/airflow/.local/lib/python3.8/site-packages/airflow/example_dags/example_trigger_target_dag.py for tasks to queue
[2021-09-27 03:49:18,725] {logging_mixin.py:109} INFO - [2021-09-27 03:49:18,724] {dagbag.py:496} INFO - Filling up the DagBag from /home/airflow/.local/lib/python3.8/site-packages/airflow/example_dags/example_trigger_target_dag.py
[2021-09-27 03:49:18,734] {processor.py:623} INFO - DAG(s) dict_keys(['example_trigger_target_dag']) retrieved from /home/airflow/.local/lib/python3.8/site-packages/airflow/example_dags/example_trigger_target_dag.py
[2021-09-27 03:49:18,750] {logging_mixin.py:109} INFO - [2021-09-27 03:49:18,750] {dag.py:1833} INFO - Sync 1 DAGs
[2021-09-27 03:49:18,760] {logging_mixin.py:109} INFO - [2021-09-27 03:49:18,760] {dag.py:2306} INFO - Setting next_dagrun for example_trigger_target_dag to None
[2021-09-27 03:49:18,768] {processor.py:170} INFO - Processing /home/airflow/.local/lib/python3.8/site-packages/airflow/example_dags/example_trigger_target_dag.py took 0.047 seconds
[2021-09-27 03:49:49,185] {processor.py:162} INFO - Started process (PID=101) to work on /home/airflow/.local/lib/python3.8/site-packages/airflow/example_dags/example_trigger_target_dag.py
[2021-09-27 03:49:49,186] {processor.py:613} INFO - Processing file /home/airflow/.local/lib/python3.8/site-packages/airflow/example_dags/example_trigger_target_dag.py for tasks to queue
[2021-09-27 03:49:49,187] {logging_mixin.py:109} INFO - [2021-09-27 03:49:49,187] {dagbag.py:496} INFO - Filling up the DagBag from /home/airflow/.local/lib/python3.8/site-packages/airflow/example_dags/example_trigger_target_dag.py
[2021-09-27 03:49:49,196] {processor.py:623} INFO - DAG(s) dict_keys(['example_trigger_target_dag']) retrieved from /home/airflow/.local/lib/python3.8/site-packages/airflow/example_dags/example_trigger_target_dag.py
[2021-09-27 03:49:49,211] {logging_mixin.py:109} INFO - [2021-09-27 03:49:49,211] {dag.py:1833} INFO - Sync 1 DAGs
[2021-09-27 03:49:49,220] {logging_mixin.py:109} INFO - [2021-09-27 03:49:49,220] {dag.py:2306} INFO - Setting next_dagrun for example_trigger_target_dag to None
[2021-09-27 03:49:49,230] {processor.py:170} INFO - Processing /home/airflow/.local/lib/python3.8/site-packages/airflow/example_dags/example_trigger_target_dag.py took 0.047 seconds
[2021-09-27 03:50:19,519] {processor.py:162} INFO - Started process (PID=154) to work on /home/airflow/.local/lib/python3.8/site-packages/airflow/example_dags/example_trigger_target_dag.py
[2021-09-27 03:50:19,520] {processor.py:613} INFO - Processing file /home/airflow/.local/lib/python3.8/site-packages/airflow/example_dags/example_trigger_target_dag.py for tasks to queue
[2021-09-27 03:50:19,520] {logging_mixin.py:109} INFO - [2021-09-27 03:50:19,520] {dagbag.py:496} INFO - Filling up the DagBag from /home/airflow/.local/lib/python3.8/site-packages/airflow/example_dags/example_trigger_target_dag.py
[2021-09-27 03:50:19,529] {processor.py:623} INFO - DAG(s) dict_keys(['example_trigger_target_dag']) retrieved from /home/airflow/.local/lib/python3.8/site-packages/airflow/example_dags/example_trigger_target_dag.py
[2021-09-27 03:50:19,545] {logging_mixin.py:109} INFO - [2021-09-27 03:50:19,545] {dag.py:1833} INFO - Sync 1 DAGs
[2021-09-27 03:50:19,554] {logging_mixin.py:109} INFO - [2021-09-27 03:50:19,554] {dag.py:2306} INFO - Setting next_dagrun for example_trigger_target_dag to None
[2021-09-27 03:50:19,563] {processor.py:170} INFO - Processing /home/airflow/.local/lib/python3.8/site-packages/airflow/example_dags/example_trigger_target_dag.py took 0.047 seconds
[2021-09-27 03:50:49,968] {processor.py:162} INFO - Started process (PID=207) to work on /home/airflow/.local/lib/python3.8/site-packages/airflow/example_dags/example_trigger_target_dag.py
[2021-09-27 03:50:49,969] {processor.py:613} INFO - Processing file /home/airflow/.local/lib/python3.8/site-packages/airflow/example_dags/example_trigger_target_dag.py for tasks to queue
[2021-09-27 03:50:49,970] {logging_mixin.py:109} INFO - [2021-09-27 03:50:49,970] {dagbag.py:496} INFO - Filling up the DagBag from /home/airflow/.local/lib/python3.8/site-packages/airflow/example_dags/example_trigger_target_dag.py
[2021-09-27 03:50:49,979] {processor.py:623} INFO - DAG(s) dict_keys(['example_trigger_target_dag']) retrieved from /home/airflow/.local/lib/python3.8/site-packages/airflow/example_dags/example_trigger_target_dag.py
[2021-09-27 03:50:49,992] {logging_mixin.py:109} INFO - [2021-09-27 03:50:49,992] {dag.py:1833} INFO - Sync 1 DAGs
[2021-09-27 03:50:50,002] {logging_mixin.py:109} INFO - [2021-09-27 03:50:50,002] {dag.py:2306} INFO - Setting next_dagrun for example_trigger_target_dag to None
[2021-09-27 03:50:50,010] {processor.py:170} INFO - Processing /home/airflow/.local/lib/python3.8/site-packages/airflow/example_dags/example_trigger_target_dag.py took 0.044 seconds
[2021-09-27 03:51:20,226] {processor.py:162} INFO - Started process (PID=252) to work on /home/airflow/.local/lib/python3.8/site-packages/airflow/example_dags/example_trigger_target_dag.py
[2021-09-27 03:51:20,227] {processor.py:613} INFO - Processing file /home/airflow/.local/lib/python3.8/site-packages/airflow/example_dags/example_trigger_target_dag.py for tasks to queue
[2021-09-27 03:51:20,228] {logging_mixin.py:109} INFO - [2021-09-27 03:51:20,228] {dagbag.py:496} INFO - Filling up the DagBag from /home/airflow/.local/lib/python3.8/site-packages/airflow/example_dags/example_trigger_target_dag.py
[2021-09-27 03:51:20,236] {processor.py:623} INFO - DAG(s) dict_keys(['example_trigger_target_dag']) retrieved from /home/airflow/.local/lib/python3.8/site-packages/airflow/example_dags/example_trigger_target_dag.py
[2021-09-27 03:51:20,250] {logging_mixin.py:109} INFO - [2021-09-27 03:51:20,250] {dag.py:1833} INFO - Sync 1 DAGs
[2021-09-27 03:51:20,259] {logging_mixin.py:109} INFO - [2021-09-27 03:51:20,259] {dag.py:2306} INFO - Setting next_dagrun for example_trigger_target_dag to None
[2021-09-27 03:51:20,267] {processor.py:170} INFO - Processing /home/airflow/.local/lib/python3.8/site-packages/airflow/example_dags/example_trigger_target_dag.py took 0.044 seconds
[2021-09-27 03:51:50,649] {processor.py:162} INFO - Started process (PID=305) to work on /home/airflow/.local/lib/python3.8/site-packages/airflow/example_dags/example_trigger_target_dag.py
[2021-09-27 03:51:50,650] {processor.py:613} INFO - Processing file /home/airflow/.local/lib/python3.8/site-packages/airflow/example_dags/example_trigger_target_dag.py for tasks to queue
[2021-09-27 03:51:50,651] {logging_mixin.py:109} INFO - [2021-09-27 03:51:50,651] {dagbag.py:496} INFO - Filling up the DagBag from /home/airflow/.local/lib/python3.8/site-packages/airflow/example_dags/example_trigger_target_dag.py
[2021-09-27 03:51:50,659] {processor.py:623} INFO - DAG(s) dict_keys(['example_trigger_target_dag']) retrieved from /home/airflow/.local/lib/python3.8/site-packages/airflow/example_dags/example_trigger_target_dag.py
[2021-09-27 03:51:50,674] {logging_mixin.py:109} INFO - [2021-09-27 03:51:50,674] {dag.py:1833} INFO - Sync 1 DAGs
[2021-09-27 03:51:50,686] {logging_mixin.py:109} INFO - [2021-09-27 03:51:50,686] {dag.py:2306} INFO - Setting next_dagrun for example_trigger_target_dag to None
[2021-09-27 03:51:50,695] {processor.py:170} INFO - Processing /home/airflow/.local/lib/python3.8/site-packages/airflow/example_dags/example_trigger_target_dag.py took 0.048 seconds
[2021-09-27 03:52:20,942] {processor.py:162} INFO - Started process (PID=359) to work on /home/airflow/.local/lib/python3.8/site-packages/airflow/example_dags/example_trigger_target_dag.py
[2021-09-27 03:52:20,943] {processor.py:613} INFO - Processing file /home/airflow/.local/lib/python3.8/site-packages/airflow/example_dags/example_trigger_target_dag.py for tasks to queue
[2021-09-27 03:52:20,943] {logging_mixin.py:109} INFO - [2021-09-27 03:52:20,943] {dagbag.py:496} INFO - Filling up the DagBag from /home/airflow/.local/lib/python3.8/site-packages/airflow/example_dags/example_trigger_target_dag.py
[2021-09-27 03:52:20,952] {processor.py:623} INFO - DAG(s) dict_keys(['example_trigger_target_dag']) retrieved from /home/airflow/.local/lib/python3.8/site-packages/airflow/example_dags/example_trigger_target_dag.py
[2021-09-27 03:52:20,966] {logging_mixin.py:109} INFO - [2021-09-27 03:52:20,966] {dag.py:1833} INFO - Sync 1 DAGs
[2021-09-27 03:52:20,976] {logging_mixin.py:109} INFO - [2021-09-27 03:52:20,976] {dag.py:2306} INFO - Setting next_dagrun for example_trigger_target_dag to None
[2021-09-27 03:52:20,984] {processor.py:170} INFO - Processing /home/airflow/.local/lib/python3.8/site-packages/airflow/example_dags/example_trigger_target_dag.py took 0.044 seconds
[2021-09-27 03:52:51,203] {processor.py:162} INFO - Started process (PID=412) to work on /home/airflow/.local/lib/python3.8/site-packages/airflow/example_dags/example_trigger_target_dag.py
[2021-09-27 03:52:51,204] {processor.py:613} INFO - Processing file /home/airflow/.local/lib/python3.8/site-packages/airflow/example_dags/example_trigger_target_dag.py for tasks to queue
[2021-09-27 03:52:51,204] {logging_mixin.py:109} INFO - [2021-09-27 03:52:51,204] {dagbag.py:496} INFO - Filling up the DagBag from /home/airflow/.local/lib/python3.8/site-packages/airflow/example_dags/example_trigger_target_dag.py
[2021-09-27 03:52:51,212] {processor.py:623} INFO - DAG(s) dict_keys(['example_trigger_target_dag']) retrieved from /home/airflow/.local/lib/python3.8/site-packages/airflow/example_dags/example_trigger_target_dag.py
[2021-09-27 03:52:51,228] {logging_mixin.py:109} INFO - [2021-09-27 03:52:51,228] {dag.py:1833} INFO - Sync 1 DAGs
[2021-09-27 03:52:51,239] {logging_mixin.py:109} INFO - [2021-09-27 03:52:51,239] {dag.py:2306} INFO - Setting next_dagrun for example_trigger_target_dag to None
[2021-09-27 03:52:51,248] {processor.py:170} INFO - Processing /home/airflow/.local/lib/python3.8/site-packages/airflow/example_dags/example_trigger_target_dag.py took 0.048 seconds
[2021-09-27 03:53:21,588] {processor.py:162} INFO - Started process (PID=459) to work on /home/airflow/.local/lib/python3.8/site-packages/airflow/example_dags/example_trigger_target_dag.py
[2021-09-27 03:53:21,589] {processor.py:613} INFO - Processing file /home/airflow/.local/lib/python3.8/site-packages/airflow/example_dags/example_trigger_target_dag.py for tasks to queue
[2021-09-27 03:53:21,590] {logging_mixin.py:109} INFO - [2021-09-27 03:53:21,589] {dagbag.py:496} INFO - Filling up the DagBag from /home/airflow/.local/lib/python3.8/site-packages/airflow/example_dags/example_trigger_target_dag.py
[2021-09-27 03:53:21,598] {processor.py:623} INFO - DAG(s) dict_keys(['example_trigger_target_dag']) retrieved from /home/airflow/.local/lib/python3.8/site-packages/airflow/example_dags/example_trigger_target_dag.py
[2021-09-27 03:53:21,613] {logging_mixin.py:109} INFO - [2021-09-27 03:53:21,612] {dag.py:1833} INFO - Sync 1 DAGs
[2021-09-27 03:53:21,622] {logging_mixin.py:109} INFO - [2021-09-27 03:53:21,621] {dag.py:2306} INFO - Setting next_dagrun for example_trigger_target_dag to None
[2021-09-27 03:53:21,630] {processor.py:170} INFO - Processing /home/airflow/.local/lib/python3.8/site-packages/airflow/example_dags/example_trigger_target_dag.py took 0.044 seconds
[2021-09-27 03:53:51,989] {processor.py:162} INFO - Started process (PID=512) to work on /home/airflow/.local/lib/python3.8/site-packages/airflow/example_dags/example_trigger_target_dag.py
[2021-09-27 03:53:51,990] {processor.py:613} INFO - Processing file /home/airflow/.local/lib/python3.8/site-packages/airflow/example_dags/example_trigger_target_dag.py for tasks to queue
[2021-09-27 03:53:51,990] {logging_mixin.py:109} INFO - [2021-09-27 03:53:51,990] {dagbag.py:496} INFO - Filling up the DagBag from /home/airflow/.local/lib/python3.8/site-packages/airflow/example_dags/example_trigger_target_dag.py
[2021-09-27 03:53:51,999] {processor.py:623} INFO - DAG(s) dict_keys(['example_trigger_target_dag']) retrieved from /home/airflow/.local/lib/python3.8/site-packages/airflow/example_dags/example_trigger_target_dag.py
[2021-09-27 03:53:52,013] {logging_mixin.py:109} INFO - [2021-09-27 03:53:52,012] {dag.py:1833} INFO - Sync 1 DAGs
[2021-09-27 03:53:52,021] {logging_mixin.py:109} INFO - [2021-09-27 03:53:52,021] {dag.py:2306} INFO - Setting next_dagrun for example_trigger_target_dag to None
[2021-09-27 03:53:52,029] {processor.py:170} INFO - Processing /home/airflow/.local/lib/python3.8/site-packages/airflow/example_dags/example_trigger_target_dag.py took 0.042 seconds
[2021-09-27 03:54:22,337] {processor.py:162} INFO - Started process (PID=565) to work on /home/airflow/.local/lib/python3.8/site-packages/airflow/example_dags/example_trigger_target_dag.py
[2021-09-27 03:54:22,337] {processor.py:613} INFO - Processing file /home/airflow/.local/lib/python3.8/site-packages/airflow/example_dags/example_trigger_target_dag.py for tasks to queue
[2021-09-27 03:54:22,338] {logging_mixin.py:109} INFO - [2021-09-27 03:54:22,338] {dagbag.py:496} INFO - Filling up the DagBag from /home/airflow/.local/lib/python3.8/site-packages/airflow/example_dags/example_trigger_target_dag.py
[2021-09-27 03:54:22,348] {processor.py:623} INFO - DAG(s) dict_keys(['example_trigger_target_dag']) retrieved from /home/airflow/.local/lib/python3.8/site-packages/airflow/example_dags/example_trigger_target_dag.py
[2021-09-27 03:54:22,362] {logging_mixin.py:109} INFO - [2021-09-27 03:54:22,362] {dag.py:1833} INFO - Sync 1 DAGs
[2021-09-27 03:54:22,373] {logging_mixin.py:109} INFO - [2021-09-27 03:54:22,373] {dag.py:2306} INFO - Setting next_dagrun for example_trigger_target_dag to None
[2021-09-27 03:54:22,381] {processor.py:170} INFO - Processing /home/airflow/.local/lib/python3.8/site-packages/airflow/example_dags/example_trigger_target_dag.py took 0.046 seconds
[2021-09-27 03:54:52,838] {processor.py:162} INFO - Started process (PID=619) to work on /home/airflow/.local/lib/python3.8/site-packages/airflow/example_dags/example_trigger_target_dag.py
[2021-09-27 03:54:52,839] {processor.py:613} INFO - Processing file /home/airflow/.local/lib/python3.8/site-packages/airflow/example_dags/example_trigger_target_dag.py for tasks to queue
[2021-09-27 03:54:52,840] {logging_mixin.py:109} INFO - [2021-09-27 03:54:52,839] {dagbag.py:496} INFO - Filling up the DagBag from /home/airflow/.local/lib/python3.8/site-packages/airflow/example_dags/example_trigger_target_dag.py
[2021-09-27 03:54:52,850] {processor.py:623} INFO - DAG(s) dict_keys(['example_trigger_target_dag']) retrieved from /home/airflow/.local/lib/python3.8/site-packages/airflow/example_dags/example_trigger_target_dag.py
[2021-09-27 03:54:52,863] {logging_mixin.py:109} INFO - [2021-09-27 03:54:52,863] {dag.py:1833} INFO - Sync 1 DAGs
[2021-09-27 03:54:52,874] {logging_mixin.py:109} INFO - [2021-09-27 03:54:52,874] {dag.py:2306} INFO - Setting next_dagrun for example_trigger_target_dag to None
[2021-09-27 03:54:52,883] {processor.py:170} INFO - Processing /home/airflow/.local/lib/python3.8/site-packages/airflow/example_dags/example_trigger_target_dag.py took 0.048 seconds
[2021-09-27 03:55:23,186] {processor.py:162} INFO - Started process (PID=664) to work on /home/airflow/.local/lib/python3.8/site-packages/airflow/example_dags/example_trigger_target_dag.py
[2021-09-27 03:55:23,186] {processor.py:613} INFO - Processing file /home/airflow/.local/lib/python3.8/site-packages/airflow/example_dags/example_trigger_target_dag.py for tasks to queue
[2021-09-27 03:55:23,187] {logging_mixin.py:109} INFO - [2021-09-27 03:55:23,187] {dagbag.py:496} INFO - Filling up the DagBag from /home/airflow/.local/lib/python3.8/site-packages/airflow/example_dags/example_trigger_target_dag.py
[2021-09-27 03:55:23,195] {processor.py:623} INFO - DAG(s) dict_keys(['example_trigger_target_dag']) retrieved from /home/airflow/.local/lib/python3.8/site-packages/airflow/example_dags/example_trigger_target_dag.py
[2021-09-27 03:55:23,210] {logging_mixin.py:109} INFO - [2021-09-27 03:55:23,209] {dag.py:1833} INFO - Sync 1 DAGs
[2021-09-27 03:55:23,220] {logging_mixin.py:109} INFO - [2021-09-27 03:55:23,220] {dag.py:2306} INFO - Setting next_dagrun for example_trigger_target_dag to None
[2021-09-27 03:55:23,227] {processor.py:170} INFO - Processing /home/airflow/.local/lib/python3.8/site-packages/airflow/example_dags/example_trigger_target_dag.py took 0.043 seconds
[2021-09-27 03:55:53,567] {processor.py:162} INFO - Started process (PID=717) to work on /home/airflow/.local/lib/python3.8/site-packages/airflow/example_dags/example_trigger_target_dag.py
[2021-09-27 03:55:53,568] {processor.py:613} INFO - Processing file /home/airflow/.local/lib/python3.8/site-packages/airflow/example_dags/example_trigger_target_dag.py for tasks to queue
[2021-09-27 03:55:53,568] {logging_mixin.py:109} INFO - [2021-09-27 03:55:53,568] {dagbag.py:496} INFO - Filling up the DagBag from /home/airflow/.local/lib/python3.8/site-packages/airflow/example_dags/example_trigger_target_dag.py
[2021-09-27 03:55:53,576] {processor.py:623} INFO - DAG(s) dict_keys(['example_trigger_target_dag']) retrieved from /home/airflow/.local/lib/python3.8/site-packages/airflow/example_dags/example_trigger_target_dag.py
[2021-09-27 03:55:53,589] {logging_mixin.py:109} INFO - [2021-09-27 03:55:53,589] {dag.py:1833} INFO - Sync 1 DAGs
[2021-09-27 03:55:53,598] {logging_mixin.py:109} INFO - [2021-09-27 03:55:53,598] {dag.py:2306} INFO - Setting next_dagrun for example_trigger_target_dag to None
[2021-09-27 03:55:53,605] {processor.py:170} INFO - Processing /home/airflow/.local/lib/python3.8/site-packages/airflow/example_dags/example_trigger_target_dag.py took 0.040 seconds
[2021-09-27 03:56:24,001] {processor.py:162} INFO - Started process (PID=771) to work on /home/airflow/.local/lib/python3.8/site-packages/airflow/example_dags/example_trigger_target_dag.py
[2021-09-27 03:56:24,002] {processor.py:613} INFO - Processing file /home/airflow/.local/lib/python3.8/site-packages/airflow/example_dags/example_trigger_target_dag.py for tasks to queue
[2021-09-27 03:56:24,002] {logging_mixin.py:109} INFO - [2021-09-27 03:56:24,002] {dagbag.py:496} INFO - Filling up the DagBag from /home/airflow/.local/lib/python3.8/site-packages/airflow/example_dags/example_trigger_target_dag.py
[2021-09-27 03:56:24,011] {processor.py:623} INFO - DAG(s) dict_keys(['example_trigger_target_dag']) retrieved from /home/airflow/.local/lib/python3.8/site-packages/airflow/example_dags/example_trigger_target_dag.py
[2021-09-27 03:56:24,023] {logging_mixin.py:109} INFO - [2021-09-27 03:56:24,023] {dag.py:1833} INFO - Sync 1 DAGs
[2021-09-27 03:56:24,032] {logging_mixin.py:109} INFO - [2021-09-27 03:56:24,032] {dag.py:2306} INFO - Setting next_dagrun for example_trigger_target_dag to None
[2021-09-27 03:56:24,040] {processor.py:170} INFO - Processing /home/airflow/.local/lib/python3.8/site-packages/airflow/example_dags/example_trigger_target_dag.py took 0.041 seconds
[2021-09-27 03:56:54,210] {processor.py:162} INFO - Started process (PID=823) to work on /home/airflow/.local/lib/python3.8/site-packages/airflow/example_dags/example_trigger_target_dag.py
[2021-09-27 03:56:54,211] {processor.py:613} INFO - Processing file /home/airflow/.local/lib/python3.8/site-packages/airflow/example_dags/example_trigger_target_dag.py for tasks to queue
[2021-09-27 03:56:54,211] {logging_mixin.py:109} INFO - [2021-09-27 03:56:54,211] {dagbag.py:496} INFO - Filling up the DagBag from /home/airflow/.local/lib/python3.8/site-packages/airflow/example_dags/example_trigger_target_dag.py
[2021-09-27 03:56:54,220] {processor.py:623} INFO - DAG(s) dict_keys(['example_trigger_target_dag']) retrieved from /home/airflow/.local/lib/python3.8/site-packages/airflow/example_dags/example_trigger_target_dag.py
[2021-09-27 03:56:54,234] {logging_mixin.py:109} INFO - [2021-09-27 03:56:54,234] {dag.py:1833} INFO - Sync 1 DAGs
[2021-09-27 03:56:54,244] {logging_mixin.py:109} INFO - [2021-09-27 03:56:54,244] {dag.py:2306} INFO - Setting next_dagrun for example_trigger_target_dag to None
[2021-09-27 03:56:54,252] {processor.py:170} INFO - Processing /home/airflow/.local/lib/python3.8/site-packages/airflow/example_dags/example_trigger_target_dag.py took 0.044 seconds
[2021-09-27 03:57:24,480] {processor.py:162} INFO - Started process (PID=869) to work on /home/airflow/.local/lib/python3.8/site-packages/airflow/example_dags/example_trigger_target_dag.py
[2021-09-27 03:57:24,480] {processor.py:613} INFO - Processing file /home/airflow/.local/lib/python3.8/site-packages/airflow/example_dags/example_trigger_target_dag.py for tasks to queue
[2021-09-27 03:57:24,481] {logging_mixin.py:109} INFO - [2021-09-27 03:57:24,481] {dagbag.py:496} INFO - Filling up the DagBag from /home/airflow/.local/lib/python3.8/site-packages/airflow/example_dags/example_trigger_target_dag.py
[2021-09-27 03:57:24,489] {processor.py:623} INFO - DAG(s) dict_keys(['example_trigger_target_dag']) retrieved from /home/airflow/.local/lib/python3.8/site-packages/airflow/example_dags/example_trigger_target_dag.py
[2021-09-27 03:57:24,502] {logging_mixin.py:109} INFO - [2021-09-27 03:57:24,502] {dag.py:1833} INFO - Sync 1 DAGs
[2021-09-27 03:57:24,511] {logging_mixin.py:109} INFO - [2021-09-27 03:57:24,511] {dag.py:2306} INFO - Setting next_dagrun for example_trigger_target_dag to None
[2021-09-27 03:57:24,519] {processor.py:170} INFO - Processing /home/airflow/.local/lib/python3.8/site-packages/airflow/example_dags/example_trigger_target_dag.py took 0.042 seconds
[2021-09-27 03:57:54,731] {processor.py:162} INFO - Started process (PID=921) to work on /home/airflow/.local/lib/python3.8/site-packages/airflow/example_dags/example_trigger_target_dag.py
[2021-09-27 03:57:54,732] {processor.py:613} INFO - Processing file /home/airflow/.local/lib/python3.8/site-packages/airflow/example_dags/example_trigger_target_dag.py for tasks to queue
[2021-09-27 03:57:54,732] {logging_mixin.py:109} INFO - [2021-09-27 03:57:54,732] {dagbag.py:496} INFO - Filling up the DagBag from /home/airflow/.local/lib/python3.8/site-packages/airflow/example_dags/example_trigger_target_dag.py
[2021-09-27 03:57:54,740] {processor.py:623} INFO - DAG(s) dict_keys(['example_trigger_target_dag']) retrieved from /home/airflow/.local/lib/python3.8/site-packages/airflow/example_dags/example_trigger_target_dag.py
[2021-09-27 03:57:54,754] {logging_mixin.py:109} INFO - [2021-09-27 03:57:54,754] {dag.py:1833} INFO - Sync 1 DAGs
[2021-09-27 03:57:54,763] {logging_mixin.py:109} INFO - [2021-09-27 03:57:54,763] {dag.py:2306} INFO - Setting next_dagrun for example_trigger_target_dag to None
[2021-09-27 03:57:54,771] {processor.py:170} INFO - Processing /home/airflow/.local/lib/python3.8/site-packages/airflow/example_dags/example_trigger_target_dag.py took 0.042 seconds
[2021-09-27 03:58:25,215] {processor.py:162} INFO - Started process (PID=975) to work on /home/airflow/.local/lib/python3.8/site-packages/airflow/example_dags/example_trigger_target_dag.py
[2021-09-27 03:58:25,215] {processor.py:613} INFO - Processing file /home/airflow/.local/lib/python3.8/site-packages/airflow/example_dags/example_trigger_target_dag.py for tasks to queue
[2021-09-27 03:58:25,216] {logging_mixin.py:109} INFO - [2021-09-27 03:58:25,216] {dagbag.py:496} INFO - Filling up the DagBag from /home/airflow/.local/lib/python3.8/site-packages/airflow/example_dags/example_trigger_target_dag.py
[2021-09-27 03:58:25,224] {processor.py:623} INFO - DAG(s) dict_keys(['example_trigger_target_dag']) retrieved from /home/airflow/.local/lib/python3.8/site-packages/airflow/example_dags/example_trigger_target_dag.py
[2021-09-27 03:58:25,237] {logging_mixin.py:109} INFO - [2021-09-27 03:58:25,237] {dag.py:1833} INFO - Sync 1 DAGs
[2021-09-27 03:58:25,246] {logging_mixin.py:109} INFO - [2021-09-27 03:58:25,246] {dag.py:2306} INFO - Setting next_dagrun for example_trigger_target_dag to None
[2021-09-27 03:58:25,254] {processor.py:170} INFO - Processing /home/airflow/.local/lib/python3.8/site-packages/airflow/example_dags/example_trigger_target_dag.py took 0.042 seconds
