[2021-09-27 03:24:55,679] {processor.py:162} INFO - Started process (PID=56) to work on /home/airflow/.local/lib/python3.8/site-packages/airflow/example_dags/example_branch_operator.py
[2021-09-27 03:24:55,680] {processor.py:613} INFO - Processing file /home/airflow/.local/lib/python3.8/site-packages/airflow/example_dags/example_branch_operator.py for tasks to queue
[2021-09-27 03:24:55,680] {logging_mixin.py:109} INFO - [2021-09-27 03:24:55,680] {dagbag.py:496} INFO - Filling up the DagBag from /home/airflow/.local/lib/python3.8/site-packages/airflow/example_dags/example_branch_operator.py
[2021-09-27 03:24:55,691] {processor.py:623} INFO - DAG(s) dict_keys(['example_branch_operator']) retrieved from /home/airflow/.local/lib/python3.8/site-packages/airflow/example_dags/example_branch_operator.py
[2021-09-27 03:24:55,918] {logging_mixin.py:109} INFO - [2021-09-27 03:24:55,918] {dag.py:1833} INFO - Sync 1 DAGs
[2021-09-27 03:24:55,931] {logging_mixin.py:109} INFO - [2021-09-27 03:24:55,931] {dag.py:2306} INFO - Setting next_dagrun for example_branch_operator to 2021-09-25 00:00:00+00:00
[2021-09-27 03:24:55,941] {processor.py:170} INFO - Processing /home/airflow/.local/lib/python3.8/site-packages/airflow/example_dags/example_branch_operator.py took 0.264 seconds
[2021-09-27 03:25:26,193] {processor.py:162} INFO - Started process (PID=102) to work on /home/airflow/.local/lib/python3.8/site-packages/airflow/example_dags/example_branch_operator.py
[2021-09-27 03:25:26,193] {processor.py:613} INFO - Processing file /home/airflow/.local/lib/python3.8/site-packages/airflow/example_dags/example_branch_operator.py for tasks to queue
[2021-09-27 03:25:26,194] {logging_mixin.py:109} INFO - [2021-09-27 03:25:26,194] {dagbag.py:496} INFO - Filling up the DagBag from /home/airflow/.local/lib/python3.8/site-packages/airflow/example_dags/example_branch_operator.py
[2021-09-27 03:25:26,206] {processor.py:623} INFO - DAG(s) dict_keys(['example_branch_operator']) retrieved from /home/airflow/.local/lib/python3.8/site-packages/airflow/example_dags/example_branch_operator.py
[2021-09-27 03:25:26,222] {logging_mixin.py:109} INFO - [2021-09-27 03:25:26,222] {dag.py:1833} INFO - Sync 1 DAGs
[2021-09-27 03:25:26,235] {logging_mixin.py:109} INFO - [2021-09-27 03:25:26,235] {dag.py:2306} INFO - Setting next_dagrun for example_branch_operator to 2021-09-25 00:00:00+00:00
[2021-09-27 03:25:26,243] {processor.py:170} INFO - Processing /home/airflow/.local/lib/python3.8/site-packages/airflow/example_dags/example_branch_operator.py took 0.053 seconds
[2021-09-27 03:25:57,001] {processor.py:162} INFO - Started process (PID=155) to work on /home/airflow/.local/lib/python3.8/site-packages/airflow/example_dags/example_branch_operator.py
[2021-09-27 03:25:57,003] {processor.py:613} INFO - Processing file /home/airflow/.local/lib/python3.8/site-packages/airflow/example_dags/example_branch_operator.py for tasks to queue
[2021-09-27 03:25:57,010] {logging_mixin.py:109} INFO - [2021-09-27 03:25:57,010] {dagbag.py:496} INFO - Filling up the DagBag from /home/airflow/.local/lib/python3.8/site-packages/airflow/example_dags/example_branch_operator.py
[2021-09-27 03:25:57,033] {processor.py:623} INFO - DAG(s) dict_keys(['example_branch_operator']) retrieved from /home/airflow/.local/lib/python3.8/site-packages/airflow/example_dags/example_branch_operator.py
[2021-09-27 03:25:57,061] {logging_mixin.py:109} INFO - [2021-09-27 03:25:57,061] {dag.py:1833} INFO - Sync 1 DAGs
[2021-09-27 03:25:57,085] {logging_mixin.py:109} INFO - [2021-09-27 03:25:57,085] {dag.py:2306} INFO - Setting next_dagrun for example_branch_operator to 2021-09-25 00:00:00+00:00
[2021-09-27 03:25:57,100] {processor.py:170} INFO - Processing /home/airflow/.local/lib/python3.8/site-packages/airflow/example_dags/example_branch_operator.py took 0.104 seconds
[2021-09-27 03:26:27,804] {processor.py:162} INFO - Started process (PID=208) to work on /home/airflow/.local/lib/python3.8/site-packages/airflow/example_dags/example_branch_operator.py
[2021-09-27 03:26:27,805] {processor.py:613} INFO - Processing file /home/airflow/.local/lib/python3.8/site-packages/airflow/example_dags/example_branch_operator.py for tasks to queue
[2021-09-27 03:26:27,805] {logging_mixin.py:109} INFO - [2021-09-27 03:26:27,805] {dagbag.py:496} INFO - Filling up the DagBag from /home/airflow/.local/lib/python3.8/site-packages/airflow/example_dags/example_branch_operator.py
[2021-09-27 03:26:27,817] {processor.py:623} INFO - DAG(s) dict_keys(['example_branch_operator']) retrieved from /home/airflow/.local/lib/python3.8/site-packages/airflow/example_dags/example_branch_operator.py
[2021-09-27 03:26:27,835] {logging_mixin.py:109} INFO - [2021-09-27 03:26:27,835] {dag.py:1833} INFO - Sync 1 DAGs
[2021-09-27 03:26:27,850] {logging_mixin.py:109} INFO - [2021-09-27 03:26:27,850] {dag.py:2306} INFO - Setting next_dagrun for example_branch_operator to 2021-09-25 00:00:00+00:00
[2021-09-27 03:26:27,862] {processor.py:170} INFO - Processing /home/airflow/.local/lib/python3.8/site-packages/airflow/example_dags/example_branch_operator.py took 0.060 seconds
[2021-09-27 03:26:57,962] {processor.py:162} INFO - Started process (PID=260) to work on /home/airflow/.local/lib/python3.8/site-packages/airflow/example_dags/example_branch_operator.py
[2021-09-27 03:26:57,963] {processor.py:613} INFO - Processing file /home/airflow/.local/lib/python3.8/site-packages/airflow/example_dags/example_branch_operator.py for tasks to queue
[2021-09-27 03:26:57,963] {logging_mixin.py:109} INFO - [2021-09-27 03:26:57,963] {dagbag.py:496} INFO - Filling up the DagBag from /home/airflow/.local/lib/python3.8/site-packages/airflow/example_dags/example_branch_operator.py
[2021-09-27 03:26:57,972] {processor.py:623} INFO - DAG(s) dict_keys(['example_branch_operator']) retrieved from /home/airflow/.local/lib/python3.8/site-packages/airflow/example_dags/example_branch_operator.py
[2021-09-27 03:26:57,986] {logging_mixin.py:109} INFO - [2021-09-27 03:26:57,986] {dag.py:1833} INFO - Sync 1 DAGs
[2021-09-27 03:26:57,997] {logging_mixin.py:109} INFO - [2021-09-27 03:26:57,997] {dag.py:2306} INFO - Setting next_dagrun for example_branch_operator to 2021-09-25 00:00:00+00:00
[2021-09-27 03:26:58,005] {processor.py:170} INFO - Processing /home/airflow/.local/lib/python3.8/site-packages/airflow/example_dags/example_branch_operator.py took 0.045 seconds
[2021-09-27 03:27:28,113] {processor.py:162} INFO - Started process (PID=306) to work on /home/airflow/.local/lib/python3.8/site-packages/airflow/example_dags/example_branch_operator.py
[2021-09-27 03:27:28,114] {processor.py:613} INFO - Processing file /home/airflow/.local/lib/python3.8/site-packages/airflow/example_dags/example_branch_operator.py for tasks to queue
[2021-09-27 03:27:28,114] {logging_mixin.py:109} INFO - [2021-09-27 03:27:28,114] {dagbag.py:496} INFO - Filling up the DagBag from /home/airflow/.local/lib/python3.8/site-packages/airflow/example_dags/example_branch_operator.py
[2021-09-27 03:27:28,123] {processor.py:623} INFO - DAG(s) dict_keys(['example_branch_operator']) retrieved from /home/airflow/.local/lib/python3.8/site-packages/airflow/example_dags/example_branch_operator.py
[2021-09-27 03:27:28,138] {logging_mixin.py:109} INFO - [2021-09-27 03:27:28,138] {dag.py:1833} INFO - Sync 1 DAGs
[2021-09-27 03:27:28,150] {logging_mixin.py:109} INFO - [2021-09-27 03:27:28,150] {dag.py:2306} INFO - Setting next_dagrun for example_branch_operator to 2021-09-25 00:00:00+00:00
[2021-09-27 03:27:28,159] {processor.py:170} INFO - Processing /home/airflow/.local/lib/python3.8/site-packages/airflow/example_dags/example_branch_operator.py took 0.048 seconds
[2021-09-27 03:27:58,365] {processor.py:162} INFO - Started process (PID=359) to work on /home/airflow/.local/lib/python3.8/site-packages/airflow/example_dags/example_branch_operator.py
[2021-09-27 03:27:58,366] {processor.py:613} INFO - Processing file /home/airflow/.local/lib/python3.8/site-packages/airflow/example_dags/example_branch_operator.py for tasks to queue
[2021-09-27 03:27:58,366] {logging_mixin.py:109} INFO - [2021-09-27 03:27:58,366] {dagbag.py:496} INFO - Filling up the DagBag from /home/airflow/.local/lib/python3.8/site-packages/airflow/example_dags/example_branch_operator.py
[2021-09-27 03:27:58,375] {processor.py:623} INFO - DAG(s) dict_keys(['example_branch_operator']) retrieved from /home/airflow/.local/lib/python3.8/site-packages/airflow/example_dags/example_branch_operator.py
[2021-09-27 03:27:58,390] {logging_mixin.py:109} INFO - [2021-09-27 03:27:58,390] {dag.py:1833} INFO - Sync 1 DAGs
[2021-09-27 03:27:58,403] {logging_mixin.py:109} INFO - [2021-09-27 03:27:58,403] {dag.py:2306} INFO - Setting next_dagrun for example_branch_operator to 2021-09-25 00:00:00+00:00
[2021-09-27 03:27:58,410] {processor.py:170} INFO - Processing /home/airflow/.local/lib/python3.8/site-packages/airflow/example_dags/example_branch_operator.py took 0.048 seconds
[2021-09-27 03:28:28,946] {processor.py:162} INFO - Started process (PID=414) to work on /home/airflow/.local/lib/python3.8/site-packages/airflow/example_dags/example_branch_operator.py
[2021-09-27 03:28:28,947] {processor.py:613} INFO - Processing file /home/airflow/.local/lib/python3.8/site-packages/airflow/example_dags/example_branch_operator.py for tasks to queue
[2021-09-27 03:28:28,947] {logging_mixin.py:109} INFO - [2021-09-27 03:28:28,947] {dagbag.py:496} INFO - Filling up the DagBag from /home/airflow/.local/lib/python3.8/site-packages/airflow/example_dags/example_branch_operator.py
[2021-09-27 03:28:28,956] {processor.py:623} INFO - DAG(s) dict_keys(['example_branch_operator']) retrieved from /home/airflow/.local/lib/python3.8/site-packages/airflow/example_dags/example_branch_operator.py
[2021-09-27 03:28:28,972] {logging_mixin.py:109} INFO - [2021-09-27 03:28:28,972] {dag.py:1833} INFO - Sync 1 DAGs
[2021-09-27 03:28:28,983] {logging_mixin.py:109} INFO - [2021-09-27 03:28:28,983] {dag.py:2306} INFO - Setting next_dagrun for example_branch_operator to 2021-09-25 00:00:00+00:00
[2021-09-27 03:28:28,991] {processor.py:170} INFO - Processing /home/airflow/.local/lib/python3.8/site-packages/airflow/example_dags/example_branch_operator.py took 0.047 seconds
[2021-09-27 03:28:59,116] {processor.py:162} INFO - Started process (PID=467) to work on /home/airflow/.local/lib/python3.8/site-packages/airflow/example_dags/example_branch_operator.py
[2021-09-27 03:28:59,117] {processor.py:613} INFO - Processing file /home/airflow/.local/lib/python3.8/site-packages/airflow/example_dags/example_branch_operator.py for tasks to queue
[2021-09-27 03:28:59,118] {logging_mixin.py:109} INFO - [2021-09-27 03:28:59,117] {dagbag.py:496} INFO - Filling up the DagBag from /home/airflow/.local/lib/python3.8/site-packages/airflow/example_dags/example_branch_operator.py
[2021-09-27 03:28:59,127] {processor.py:623} INFO - DAG(s) dict_keys(['example_branch_operator']) retrieved from /home/airflow/.local/lib/python3.8/site-packages/airflow/example_dags/example_branch_operator.py
[2021-09-27 03:28:59,144] {logging_mixin.py:109} INFO - [2021-09-27 03:28:59,144] {dag.py:1833} INFO - Sync 1 DAGs
[2021-09-27 03:28:59,156] {logging_mixin.py:109} INFO - [2021-09-27 03:28:59,156] {dag.py:2306} INFO - Setting next_dagrun for example_branch_operator to 2021-09-25 00:00:00+00:00
[2021-09-27 03:28:59,166] {processor.py:170} INFO - Processing /home/airflow/.local/lib/python3.8/site-packages/airflow/example_dags/example_branch_operator.py took 0.052 seconds
[2021-09-27 03:29:29,327] {processor.py:162} INFO - Started process (PID=513) to work on /home/airflow/.local/lib/python3.8/site-packages/airflow/example_dags/example_branch_operator.py
[2021-09-27 03:29:29,327] {processor.py:613} INFO - Processing file /home/airflow/.local/lib/python3.8/site-packages/airflow/example_dags/example_branch_operator.py for tasks to queue
[2021-09-27 03:29:29,328] {logging_mixin.py:109} INFO - [2021-09-27 03:29:29,328] {dagbag.py:496} INFO - Filling up the DagBag from /home/airflow/.local/lib/python3.8/site-packages/airflow/example_dags/example_branch_operator.py
[2021-09-27 03:29:29,336] {processor.py:623} INFO - DAG(s) dict_keys(['example_branch_operator']) retrieved from /home/airflow/.local/lib/python3.8/site-packages/airflow/example_dags/example_branch_operator.py
[2021-09-27 03:29:29,352] {logging_mixin.py:109} INFO - [2021-09-27 03:29:29,352] {dag.py:1833} INFO - Sync 1 DAGs
[2021-09-27 03:29:29,363] {logging_mixin.py:109} INFO - [2021-09-27 03:29:29,363] {dag.py:2306} INFO - Setting next_dagrun for example_branch_operator to 2021-09-25 00:00:00+00:00
[2021-09-27 03:29:29,372] {processor.py:170} INFO - Processing /home/airflow/.local/lib/python3.8/site-packages/airflow/example_dags/example_branch_operator.py took 0.047 seconds
[2021-09-27 03:29:59,489] {processor.py:162} INFO - Started process (PID=566) to work on /home/airflow/.local/lib/python3.8/site-packages/airflow/example_dags/example_branch_operator.py
[2021-09-27 03:29:59,490] {processor.py:613} INFO - Processing file /home/airflow/.local/lib/python3.8/site-packages/airflow/example_dags/example_branch_operator.py for tasks to queue
[2021-09-27 03:29:59,490] {logging_mixin.py:109} INFO - [2021-09-27 03:29:59,490] {dagbag.py:496} INFO - Filling up the DagBag from /home/airflow/.local/lib/python3.8/site-packages/airflow/example_dags/example_branch_operator.py
[2021-09-27 03:29:59,499] {processor.py:623} INFO - DAG(s) dict_keys(['example_branch_operator']) retrieved from /home/airflow/.local/lib/python3.8/site-packages/airflow/example_dags/example_branch_operator.py
[2021-09-27 03:29:59,514] {logging_mixin.py:109} INFO - [2021-09-27 03:29:59,514] {dag.py:1833} INFO - Sync 1 DAGs
[2021-09-27 03:29:59,526] {logging_mixin.py:109} INFO - [2021-09-27 03:29:59,525] {dag.py:2306} INFO - Setting next_dagrun for example_branch_operator to 2021-09-25 00:00:00+00:00
[2021-09-27 03:29:59,534] {processor.py:170} INFO - Processing /home/airflow/.local/lib/python3.8/site-packages/airflow/example_dags/example_branch_operator.py took 0.047 seconds
[2021-09-27 03:30:29,630] {processor.py:162} INFO - Started process (PID=619) to work on /home/airflow/.local/lib/python3.8/site-packages/airflow/example_dags/example_branch_operator.py
[2021-09-27 03:30:29,630] {processor.py:613} INFO - Processing file /home/airflow/.local/lib/python3.8/site-packages/airflow/example_dags/example_branch_operator.py for tasks to queue
[2021-09-27 03:30:29,631] {logging_mixin.py:109} INFO - [2021-09-27 03:30:29,631] {dagbag.py:496} INFO - Filling up the DagBag from /home/airflow/.local/lib/python3.8/site-packages/airflow/example_dags/example_branch_operator.py
[2021-09-27 03:30:29,639] {processor.py:623} INFO - DAG(s) dict_keys(['example_branch_operator']) retrieved from /home/airflow/.local/lib/python3.8/site-packages/airflow/example_dags/example_branch_operator.py
[2021-09-27 03:30:29,653] {logging_mixin.py:109} INFO - [2021-09-27 03:30:29,653] {dag.py:1833} INFO - Sync 1 DAGs
[2021-09-27 03:30:29,665] {logging_mixin.py:109} INFO - [2021-09-27 03:30:29,665] {dag.py:2306} INFO - Setting next_dagrun for example_branch_operator to 2021-09-25 00:00:00+00:00
[2021-09-27 03:30:29,674] {processor.py:170} INFO - Processing /home/airflow/.local/lib/python3.8/site-packages/airflow/example_dags/example_branch_operator.py took 0.047 seconds
[2021-09-27 03:30:59,773] {processor.py:162} INFO - Started process (PID=671) to work on /home/airflow/.local/lib/python3.8/site-packages/airflow/example_dags/example_branch_operator.py
[2021-09-27 03:30:59,775] {processor.py:613} INFO - Processing file /home/airflow/.local/lib/python3.8/site-packages/airflow/example_dags/example_branch_operator.py for tasks to queue
[2021-09-27 03:30:59,775] {logging_mixin.py:109} INFO - [2021-09-27 03:30:59,775] {dagbag.py:496} INFO - Filling up the DagBag from /home/airflow/.local/lib/python3.8/site-packages/airflow/example_dags/example_branch_operator.py
[2021-09-27 03:30:59,784] {processor.py:623} INFO - DAG(s) dict_keys(['example_branch_operator']) retrieved from /home/airflow/.local/lib/python3.8/site-packages/airflow/example_dags/example_branch_operator.py
[2021-09-27 03:30:59,803] {logging_mixin.py:109} INFO - [2021-09-27 03:30:59,802] {dag.py:1833} INFO - Sync 1 DAGs
[2021-09-27 03:30:59,816] {logging_mixin.py:109} INFO - [2021-09-27 03:30:59,816] {dag.py:2306} INFO - Setting next_dagrun for example_branch_operator to 2021-09-25 00:00:00+00:00
[2021-09-27 03:30:59,826] {processor.py:170} INFO - Processing /home/airflow/.local/lib/python3.8/site-packages/airflow/example_dags/example_branch_operator.py took 0.057 seconds
[2021-09-27 03:31:30,024] {processor.py:162} INFO - Started process (PID=717) to work on /home/airflow/.local/lib/python3.8/site-packages/airflow/example_dags/example_branch_operator.py
[2021-09-27 03:31:30,025] {processor.py:613} INFO - Processing file /home/airflow/.local/lib/python3.8/site-packages/airflow/example_dags/example_branch_operator.py for tasks to queue
[2021-09-27 03:31:30,026] {logging_mixin.py:109} INFO - [2021-09-27 03:31:30,025] {dagbag.py:496} INFO - Filling up the DagBag from /home/airflow/.local/lib/python3.8/site-packages/airflow/example_dags/example_branch_operator.py
[2021-09-27 03:31:30,035] {processor.py:623} INFO - DAG(s) dict_keys(['example_branch_operator']) retrieved from /home/airflow/.local/lib/python3.8/site-packages/airflow/example_dags/example_branch_operator.py
[2021-09-27 03:31:30,050] {logging_mixin.py:109} INFO - [2021-09-27 03:31:30,050] {dag.py:1833} INFO - Sync 1 DAGs
[2021-09-27 03:31:30,062] {logging_mixin.py:109} INFO - [2021-09-27 03:31:30,062] {dag.py:2306} INFO - Setting next_dagrun for example_branch_operator to 2021-09-25 00:00:00+00:00
[2021-09-27 03:31:30,070] {processor.py:170} INFO - Processing /home/airflow/.local/lib/python3.8/site-packages/airflow/example_dags/example_branch_operator.py took 0.048 seconds
[2021-09-27 03:32:00,261] {processor.py:162} INFO - Started process (PID=770) to work on /home/airflow/.local/lib/python3.8/site-packages/airflow/example_dags/example_branch_operator.py
[2021-09-27 03:32:00,262] {processor.py:613} INFO - Processing file /home/airflow/.local/lib/python3.8/site-packages/airflow/example_dags/example_branch_operator.py for tasks to queue
[2021-09-27 03:32:00,262] {logging_mixin.py:109} INFO - [2021-09-27 03:32:00,262] {dagbag.py:496} INFO - Filling up the DagBag from /home/airflow/.local/lib/python3.8/site-packages/airflow/example_dags/example_branch_operator.py
[2021-09-27 03:32:00,272] {processor.py:623} INFO - DAG(s) dict_keys(['example_branch_operator']) retrieved from /home/airflow/.local/lib/python3.8/site-packages/airflow/example_dags/example_branch_operator.py
[2021-09-27 03:32:00,287] {logging_mixin.py:109} INFO - [2021-09-27 03:32:00,287] {dag.py:1833} INFO - Sync 1 DAGs
[2021-09-27 03:32:00,301] {logging_mixin.py:109} INFO - [2021-09-27 03:32:00,301] {dag.py:2306} INFO - Setting next_dagrun for example_branch_operator to 2021-09-25 00:00:00+00:00
[2021-09-27 03:32:00,310] {processor.py:170} INFO - Processing /home/airflow/.local/lib/python3.8/site-packages/airflow/example_dags/example_branch_operator.py took 0.051 seconds
[2021-09-27 03:32:30,584] {processor.py:162} INFO - Started process (PID=823) to work on /home/airflow/.local/lib/python3.8/site-packages/airflow/example_dags/example_branch_operator.py
[2021-09-27 03:32:30,585] {processor.py:613} INFO - Processing file /home/airflow/.local/lib/python3.8/site-packages/airflow/example_dags/example_branch_operator.py for tasks to queue
[2021-09-27 03:32:30,586] {logging_mixin.py:109} INFO - [2021-09-27 03:32:30,586] {dagbag.py:496} INFO - Filling up the DagBag from /home/airflow/.local/lib/python3.8/site-packages/airflow/example_dags/example_branch_operator.py
[2021-09-27 03:32:30,597] {processor.py:623} INFO - DAG(s) dict_keys(['example_branch_operator']) retrieved from /home/airflow/.local/lib/python3.8/site-packages/airflow/example_dags/example_branch_operator.py
[2021-09-27 03:32:30,616] {logging_mixin.py:109} INFO - [2021-09-27 03:32:30,616] {dag.py:1833} INFO - Sync 1 DAGs
[2021-09-27 03:32:30,632] {logging_mixin.py:109} INFO - [2021-09-27 03:32:30,632] {dag.py:2306} INFO - Setting next_dagrun for example_branch_operator to 2021-09-25 00:00:00+00:00
[2021-09-27 03:32:30,640] {processor.py:170} INFO - Processing /home/airflow/.local/lib/python3.8/site-packages/airflow/example_dags/example_branch_operator.py took 0.058 seconds
[2021-09-27 03:33:00,889] {processor.py:162} INFO - Started process (PID=876) to work on /home/airflow/.local/lib/python3.8/site-packages/airflow/example_dags/example_branch_operator.py
[2021-09-27 03:33:00,890] {processor.py:613} INFO - Processing file /home/airflow/.local/lib/python3.8/site-packages/airflow/example_dags/example_branch_operator.py for tasks to queue
[2021-09-27 03:33:00,890] {logging_mixin.py:109} INFO - [2021-09-27 03:33:00,890] {dagbag.py:496} INFO - Filling up the DagBag from /home/airflow/.local/lib/python3.8/site-packages/airflow/example_dags/example_branch_operator.py
[2021-09-27 03:33:00,903] {processor.py:623} INFO - DAG(s) dict_keys(['example_branch_operator']) retrieved from /home/airflow/.local/lib/python3.8/site-packages/airflow/example_dags/example_branch_operator.py
[2021-09-27 03:33:00,920] {logging_mixin.py:109} INFO - [2021-09-27 03:33:00,920] {dag.py:1833} INFO - Sync 1 DAGs
[2021-09-27 03:33:00,935] {logging_mixin.py:109} INFO - [2021-09-27 03:33:00,935] {dag.py:2306} INFO - Setting next_dagrun for example_branch_operator to 2021-09-25 00:00:00+00:00
[2021-09-27 03:33:00,944] {processor.py:170} INFO - Processing /home/airflow/.local/lib/python3.8/site-packages/airflow/example_dags/example_branch_operator.py took 0.058 seconds
[2021-09-27 03:33:30,967] {processor.py:162} INFO - Started process (PID=922) to work on /home/airflow/.local/lib/python3.8/site-packages/airflow/example_dags/example_branch_operator.py
[2021-09-27 03:33:30,967] {processor.py:613} INFO - Processing file /home/airflow/.local/lib/python3.8/site-packages/airflow/example_dags/example_branch_operator.py for tasks to queue
[2021-09-27 03:33:30,968] {logging_mixin.py:109} INFO - [2021-09-27 03:33:30,968] {dagbag.py:496} INFO - Filling up the DagBag from /home/airflow/.local/lib/python3.8/site-packages/airflow/example_dags/example_branch_operator.py
[2021-09-27 03:33:30,976] {processor.py:623} INFO - DAG(s) dict_keys(['example_branch_operator']) retrieved from /home/airflow/.local/lib/python3.8/site-packages/airflow/example_dags/example_branch_operator.py
[2021-09-27 03:33:30,992] {logging_mixin.py:109} INFO - [2021-09-27 03:33:30,992] {dag.py:1833} INFO - Sync 1 DAGs
[2021-09-27 03:33:31,002] {logging_mixin.py:109} INFO - [2021-09-27 03:33:31,002] {dag.py:2306} INFO - Setting next_dagrun for example_branch_operator to 2021-09-25 00:00:00+00:00
[2021-09-27 03:33:31,010] {processor.py:170} INFO - Processing /home/airflow/.local/lib/python3.8/site-packages/airflow/example_dags/example_branch_operator.py took 0.046 seconds
[2021-09-27 03:34:01,148] {processor.py:162} INFO - Started process (PID=974) to work on /home/airflow/.local/lib/python3.8/site-packages/airflow/example_dags/example_branch_operator.py
[2021-09-27 03:34:01,150] {processor.py:613} INFO - Processing file /home/airflow/.local/lib/python3.8/site-packages/airflow/example_dags/example_branch_operator.py for tasks to queue
[2021-09-27 03:34:01,150] {logging_mixin.py:109} INFO - [2021-09-27 03:34:01,150] {dagbag.py:496} INFO - Filling up the DagBag from /home/airflow/.local/lib/python3.8/site-packages/airflow/example_dags/example_branch_operator.py
[2021-09-27 03:34:01,158] {processor.py:623} INFO - DAG(s) dict_keys(['example_branch_operator']) retrieved from /home/airflow/.local/lib/python3.8/site-packages/airflow/example_dags/example_branch_operator.py
[2021-09-27 03:34:01,171] {logging_mixin.py:109} INFO - [2021-09-27 03:34:01,171] {dag.py:1833} INFO - Sync 1 DAGs
[2021-09-27 03:34:01,182] {logging_mixin.py:109} INFO - [2021-09-27 03:34:01,182] {dag.py:2306} INFO - Setting next_dagrun for example_branch_operator to 2021-09-25 00:00:00+00:00
[2021-09-27 03:34:01,189] {processor.py:170} INFO - Processing /home/airflow/.local/lib/python3.8/site-packages/airflow/example_dags/example_branch_operator.py took 0.044 seconds
[2021-09-27 03:34:31,391] {processor.py:162} INFO - Started process (PID=1027) to work on /home/airflow/.local/lib/python3.8/site-packages/airflow/example_dags/example_branch_operator.py
[2021-09-27 03:34:31,392] {processor.py:613} INFO - Processing file /home/airflow/.local/lib/python3.8/site-packages/airflow/example_dags/example_branch_operator.py for tasks to queue
[2021-09-27 03:34:31,392] {logging_mixin.py:109} INFO - [2021-09-27 03:34:31,392] {dagbag.py:496} INFO - Filling up the DagBag from /home/airflow/.local/lib/python3.8/site-packages/airflow/example_dags/example_branch_operator.py
[2021-09-27 03:34:31,400] {processor.py:623} INFO - DAG(s) dict_keys(['example_branch_operator']) retrieved from /home/airflow/.local/lib/python3.8/site-packages/airflow/example_dags/example_branch_operator.py
[2021-09-27 03:34:31,413] {logging_mixin.py:109} INFO - [2021-09-27 03:34:31,413] {dag.py:1833} INFO - Sync 1 DAGs
[2021-09-27 03:34:31,423] {logging_mixin.py:109} INFO - [2021-09-27 03:34:31,423] {dag.py:2306} INFO - Setting next_dagrun for example_branch_operator to 2021-09-25 00:00:00+00:00
[2021-09-27 03:34:31,430] {processor.py:170} INFO - Processing /home/airflow/.local/lib/python3.8/site-packages/airflow/example_dags/example_branch_operator.py took 0.042 seconds
[2021-09-27 03:35:01,950] {processor.py:162} INFO - Started process (PID=1074) to work on /home/airflow/.local/lib/python3.8/site-packages/airflow/example_dags/example_branch_operator.py
[2021-09-27 03:35:01,951] {processor.py:613} INFO - Processing file /home/airflow/.local/lib/python3.8/site-packages/airflow/example_dags/example_branch_operator.py for tasks to queue
[2021-09-27 03:35:01,951] {logging_mixin.py:109} INFO - [2021-09-27 03:35:01,951] {dagbag.py:496} INFO - Filling up the DagBag from /home/airflow/.local/lib/python3.8/site-packages/airflow/example_dags/example_branch_operator.py
[2021-09-27 03:35:01,961] {processor.py:623} INFO - DAG(s) dict_keys(['example_branch_operator']) retrieved from /home/airflow/.local/lib/python3.8/site-packages/airflow/example_dags/example_branch_operator.py
[2021-09-27 03:35:01,976] {logging_mixin.py:109} INFO - [2021-09-27 03:35:01,976] {dag.py:1833} INFO - Sync 1 DAGs
[2021-09-27 03:35:01,987] {logging_mixin.py:109} INFO - [2021-09-27 03:35:01,987] {dag.py:2306} INFO - Setting next_dagrun for example_branch_operator to 2021-09-25 00:00:00+00:00
[2021-09-27 03:35:01,997] {processor.py:170} INFO - Processing /home/airflow/.local/lib/python3.8/site-packages/airflow/example_dags/example_branch_operator.py took 0.050 seconds
[2021-09-27 03:35:32,300] {processor.py:162} INFO - Started process (PID=1128) to work on /home/airflow/.local/lib/python3.8/site-packages/airflow/example_dags/example_branch_operator.py
[2021-09-27 03:35:32,301] {processor.py:613} INFO - Processing file /home/airflow/.local/lib/python3.8/site-packages/airflow/example_dags/example_branch_operator.py for tasks to queue
[2021-09-27 03:35:32,302] {logging_mixin.py:109} INFO - [2021-09-27 03:35:32,302] {dagbag.py:496} INFO - Filling up the DagBag from /home/airflow/.local/lib/python3.8/site-packages/airflow/example_dags/example_branch_operator.py
[2021-09-27 03:35:32,314] {processor.py:623} INFO - DAG(s) dict_keys(['example_branch_operator']) retrieved from /home/airflow/.local/lib/python3.8/site-packages/airflow/example_dags/example_branch_operator.py
[2021-09-27 03:35:32,332] {logging_mixin.py:109} INFO - [2021-09-27 03:35:32,332] {dag.py:1833} INFO - Sync 1 DAGs
[2021-09-27 03:35:32,346] {logging_mixin.py:109} INFO - [2021-09-27 03:35:32,346] {dag.py:2306} INFO - Setting next_dagrun for example_branch_operator to 2021-09-25 00:00:00+00:00
[2021-09-27 03:35:32,356] {processor.py:170} INFO - Processing /home/airflow/.local/lib/python3.8/site-packages/airflow/example_dags/example_branch_operator.py took 0.057 seconds
[2021-09-27 03:36:02,562] {processor.py:162} INFO - Started process (PID=1181) to work on /home/airflow/.local/lib/python3.8/site-packages/airflow/example_dags/example_branch_operator.py
[2021-09-27 03:36:02,564] {processor.py:613} INFO - Processing file /home/airflow/.local/lib/python3.8/site-packages/airflow/example_dags/example_branch_operator.py for tasks to queue
[2021-09-27 03:36:02,564] {logging_mixin.py:109} INFO - [2021-09-27 03:36:02,564] {dagbag.py:496} INFO - Filling up the DagBag from /home/airflow/.local/lib/python3.8/site-packages/airflow/example_dags/example_branch_operator.py
[2021-09-27 03:36:02,573] {processor.py:623} INFO - DAG(s) dict_keys(['example_branch_operator']) retrieved from /home/airflow/.local/lib/python3.8/site-packages/airflow/example_dags/example_branch_operator.py
[2021-09-27 03:36:02,587] {logging_mixin.py:109} INFO - [2021-09-27 03:36:02,587] {dag.py:1833} INFO - Sync 1 DAGs
[2021-09-27 03:36:02,598] {logging_mixin.py:109} INFO - [2021-09-27 03:36:02,598] {dag.py:2306} INFO - Setting next_dagrun for example_branch_operator to 2021-09-25 00:00:00+00:00
[2021-09-27 03:36:02,607] {processor.py:170} INFO - Processing /home/airflow/.local/lib/python3.8/site-packages/airflow/example_dags/example_branch_operator.py took 0.047 seconds
[2021-09-27 03:36:32,854] {processor.py:162} INFO - Started process (PID=1234) to work on /home/airflow/.local/lib/python3.8/site-packages/airflow/example_dags/example_branch_operator.py
[2021-09-27 03:36:32,854] {processor.py:613} INFO - Processing file /home/airflow/.local/lib/python3.8/site-packages/airflow/example_dags/example_branch_operator.py for tasks to queue
[2021-09-27 03:36:32,855] {logging_mixin.py:109} INFO - [2021-09-27 03:36:32,855] {dagbag.py:496} INFO - Filling up the DagBag from /home/airflow/.local/lib/python3.8/site-packages/airflow/example_dags/example_branch_operator.py
[2021-09-27 03:36:32,865] {processor.py:623} INFO - DAG(s) dict_keys(['example_branch_operator']) retrieved from /home/airflow/.local/lib/python3.8/site-packages/airflow/example_dags/example_branch_operator.py
[2021-09-27 03:36:32,880] {logging_mixin.py:109} INFO - [2021-09-27 03:36:32,880] {dag.py:1833} INFO - Sync 1 DAGs
[2021-09-27 03:36:32,890] {logging_mixin.py:109} INFO - [2021-09-27 03:36:32,890] {dag.py:2306} INFO - Setting next_dagrun for example_branch_operator to 2021-09-25 00:00:00+00:00
[2021-09-27 03:36:32,900] {processor.py:170} INFO - Processing /home/airflow/.local/lib/python3.8/site-packages/airflow/example_dags/example_branch_operator.py took 0.048 seconds
[2021-09-27 03:37:03,006] {processor.py:162} INFO - Started process (PID=1280) to work on /home/airflow/.local/lib/python3.8/site-packages/airflow/example_dags/example_branch_operator.py
[2021-09-27 03:37:03,007] {processor.py:613} INFO - Processing file /home/airflow/.local/lib/python3.8/site-packages/airflow/example_dags/example_branch_operator.py for tasks to queue
[2021-09-27 03:37:03,007] {logging_mixin.py:109} INFO - [2021-09-27 03:37:03,007] {dagbag.py:496} INFO - Filling up the DagBag from /home/airflow/.local/lib/python3.8/site-packages/airflow/example_dags/example_branch_operator.py
[2021-09-27 03:37:03,019] {processor.py:623} INFO - DAG(s) dict_keys(['example_branch_operator']) retrieved from /home/airflow/.local/lib/python3.8/site-packages/airflow/example_dags/example_branch_operator.py
[2021-09-27 03:37:03,036] {logging_mixin.py:109} INFO - [2021-09-27 03:37:03,036] {dag.py:1833} INFO - Sync 1 DAGs
[2021-09-27 03:37:03,049] {logging_mixin.py:109} INFO - [2021-09-27 03:37:03,049] {dag.py:2306} INFO - Setting next_dagrun for example_branch_operator to 2021-09-25 00:00:00+00:00
[2021-09-27 03:37:03,058] {processor.py:170} INFO - Processing /home/airflow/.local/lib/python3.8/site-packages/airflow/example_dags/example_branch_operator.py took 0.056 seconds
[2021-09-27 03:37:33,281] {processor.py:162} INFO - Started process (PID=1332) to work on /home/airflow/.local/lib/python3.8/site-packages/airflow/example_dags/example_branch_operator.py
[2021-09-27 03:37:33,281] {processor.py:613} INFO - Processing file /home/airflow/.local/lib/python3.8/site-packages/airflow/example_dags/example_branch_operator.py for tasks to queue
[2021-09-27 03:37:33,282] {logging_mixin.py:109} INFO - [2021-09-27 03:37:33,282] {dagbag.py:496} INFO - Filling up the DagBag from /home/airflow/.local/lib/python3.8/site-packages/airflow/example_dags/example_branch_operator.py
[2021-09-27 03:37:33,292] {processor.py:623} INFO - DAG(s) dict_keys(['example_branch_operator']) retrieved from /home/airflow/.local/lib/python3.8/site-packages/airflow/example_dags/example_branch_operator.py
[2021-09-27 03:37:33,308] {logging_mixin.py:109} INFO - [2021-09-27 03:37:33,308] {dag.py:1833} INFO - Sync 1 DAGs
[2021-09-27 03:37:33,320] {logging_mixin.py:109} INFO - [2021-09-27 03:37:33,320] {dag.py:2306} INFO - Setting next_dagrun for example_branch_operator to 2021-09-25 00:00:00+00:00
[2021-09-27 03:37:33,330] {processor.py:170} INFO - Processing /home/airflow/.local/lib/python3.8/site-packages/airflow/example_dags/example_branch_operator.py took 0.052 seconds
[2021-09-27 03:38:03,578] {processor.py:162} INFO - Started process (PID=1386) to work on /home/airflow/.local/lib/python3.8/site-packages/airflow/example_dags/example_branch_operator.py
[2021-09-27 03:38:03,578] {processor.py:613} INFO - Processing file /home/airflow/.local/lib/python3.8/site-packages/airflow/example_dags/example_branch_operator.py for tasks to queue
[2021-09-27 03:38:03,579] {logging_mixin.py:109} INFO - [2021-09-27 03:38:03,579] {dagbag.py:496} INFO - Filling up the DagBag from /home/airflow/.local/lib/python3.8/site-packages/airflow/example_dags/example_branch_operator.py
[2021-09-27 03:38:03,589] {processor.py:623} INFO - DAG(s) dict_keys(['example_branch_operator']) retrieved from /home/airflow/.local/lib/python3.8/site-packages/airflow/example_dags/example_branch_operator.py
[2021-09-27 03:38:03,607] {logging_mixin.py:109} INFO - [2021-09-27 03:38:03,607] {dag.py:1833} INFO - Sync 1 DAGs
[2021-09-27 03:38:03,622] {logging_mixin.py:109} INFO - [2021-09-27 03:38:03,622] {dag.py:2306} INFO - Setting next_dagrun for example_branch_operator to 2021-09-25 00:00:00+00:00
[2021-09-27 03:38:03,634] {processor.py:170} INFO - Processing /home/airflow/.local/lib/python3.8/site-packages/airflow/example_dags/example_branch_operator.py took 0.059 seconds
[2021-09-27 03:38:34,127] {processor.py:162} INFO - Started process (PID=1440) to work on /home/airflow/.local/lib/python3.8/site-packages/airflow/example_dags/example_branch_operator.py
[2021-09-27 03:38:34,128] {processor.py:613} INFO - Processing file /home/airflow/.local/lib/python3.8/site-packages/airflow/example_dags/example_branch_operator.py for tasks to queue
[2021-09-27 03:38:34,128] {logging_mixin.py:109} INFO - [2021-09-27 03:38:34,128] {dagbag.py:496} INFO - Filling up the DagBag from /home/airflow/.local/lib/python3.8/site-packages/airflow/example_dags/example_branch_operator.py
[2021-09-27 03:38:34,137] {processor.py:623} INFO - DAG(s) dict_keys(['example_branch_operator']) retrieved from /home/airflow/.local/lib/python3.8/site-packages/airflow/example_dags/example_branch_operator.py
[2021-09-27 03:38:34,171] {logging_mixin.py:109} INFO - [2021-09-27 03:38:34,170] {dag.py:1833} INFO - Sync 1 DAGs
[2021-09-27 03:38:34,189] {logging_mixin.py:109} INFO - [2021-09-27 03:38:34,189] {dag.py:2306} INFO - Setting next_dagrun for example_branch_operator to 2021-09-25 00:00:00+00:00
[2021-09-27 03:38:34,199] {processor.py:170} INFO - Processing /home/airflow/.local/lib/python3.8/site-packages/airflow/example_dags/example_branch_operator.py took 0.074 seconds
[2021-09-27 03:39:04,482] {processor.py:162} INFO - Started process (PID=1486) to work on /home/airflow/.local/lib/python3.8/site-packages/airflow/example_dags/example_branch_operator.py
[2021-09-27 03:39:04,483] {processor.py:613} INFO - Processing file /home/airflow/.local/lib/python3.8/site-packages/airflow/example_dags/example_branch_operator.py for tasks to queue
[2021-09-27 03:39:04,484] {logging_mixin.py:109} INFO - [2021-09-27 03:39:04,484] {dagbag.py:496} INFO - Filling up the DagBag from /home/airflow/.local/lib/python3.8/site-packages/airflow/example_dags/example_branch_operator.py
[2021-09-27 03:39:04,496] {processor.py:623} INFO - DAG(s) dict_keys(['example_branch_operator']) retrieved from /home/airflow/.local/lib/python3.8/site-packages/airflow/example_dags/example_branch_operator.py
[2021-09-27 03:39:04,513] {logging_mixin.py:109} INFO - [2021-09-27 03:39:04,513] {dag.py:1833} INFO - Sync 1 DAGs
[2021-09-27 03:39:04,526] {logging_mixin.py:109} INFO - [2021-09-27 03:39:04,526] {dag.py:2306} INFO - Setting next_dagrun for example_branch_operator to 2021-09-25 00:00:00+00:00
[2021-09-27 03:39:04,536] {processor.py:170} INFO - Processing /home/airflow/.local/lib/python3.8/site-packages/airflow/example_dags/example_branch_operator.py took 0.057 seconds
[2021-09-27 03:39:34,724] {processor.py:162} INFO - Started process (PID=1540) to work on /home/airflow/.local/lib/python3.8/site-packages/airflow/example_dags/example_branch_operator.py
[2021-09-27 03:39:34,725] {processor.py:613} INFO - Processing file /home/airflow/.local/lib/python3.8/site-packages/airflow/example_dags/example_branch_operator.py for tasks to queue
[2021-09-27 03:39:34,725] {logging_mixin.py:109} INFO - [2021-09-27 03:39:34,725] {dagbag.py:496} INFO - Filling up the DagBag from /home/airflow/.local/lib/python3.8/site-packages/airflow/example_dags/example_branch_operator.py
[2021-09-27 03:39:34,733] {processor.py:623} INFO - DAG(s) dict_keys(['example_branch_operator']) retrieved from /home/airflow/.local/lib/python3.8/site-packages/airflow/example_dags/example_branch_operator.py
[2021-09-27 03:39:34,747] {logging_mixin.py:109} INFO - [2021-09-27 03:39:34,747] {dag.py:1833} INFO - Sync 1 DAGs
[2021-09-27 03:39:34,759] {logging_mixin.py:109} INFO - [2021-09-27 03:39:34,759] {dag.py:2306} INFO - Setting next_dagrun for example_branch_operator to 2021-09-25 00:00:00+00:00
[2021-09-27 03:39:34,767] {processor.py:170} INFO - Processing /home/airflow/.local/lib/python3.8/site-packages/airflow/example_dags/example_branch_operator.py took 0.045 seconds
[2021-09-27 03:40:04,797] {processor.py:162} INFO - Started process (PID=1592) to work on /home/airflow/.local/lib/python3.8/site-packages/airflow/example_dags/example_branch_operator.py
[2021-09-27 03:40:04,798] {processor.py:613} INFO - Processing file /home/airflow/.local/lib/python3.8/site-packages/airflow/example_dags/example_branch_operator.py for tasks to queue
[2021-09-27 03:40:04,798] {logging_mixin.py:109} INFO - [2021-09-27 03:40:04,798] {dagbag.py:496} INFO - Filling up the DagBag from /home/airflow/.local/lib/python3.8/site-packages/airflow/example_dags/example_branch_operator.py
[2021-09-27 03:40:04,806] {processor.py:623} INFO - DAG(s) dict_keys(['example_branch_operator']) retrieved from /home/airflow/.local/lib/python3.8/site-packages/airflow/example_dags/example_branch_operator.py
[2021-09-27 03:40:04,820] {logging_mixin.py:109} INFO - [2021-09-27 03:40:04,820] {dag.py:1833} INFO - Sync 1 DAGs
[2021-09-27 03:40:04,830] {logging_mixin.py:109} INFO - [2021-09-27 03:40:04,830] {dag.py:2306} INFO - Setting next_dagrun for example_branch_operator to 2021-09-25 00:00:00+00:00
[2021-09-27 03:40:04,838] {processor.py:170} INFO - Processing /home/airflow/.local/lib/python3.8/site-packages/airflow/example_dags/example_branch_operator.py took 0.043 seconds
[2021-09-27 03:40:35,227] {processor.py:162} INFO - Started process (PID=1647) to work on /home/airflow/.local/lib/python3.8/site-packages/airflow/example_dags/example_branch_operator.py
[2021-09-27 03:40:35,229] {processor.py:613} INFO - Processing file /home/airflow/.local/lib/python3.8/site-packages/airflow/example_dags/example_branch_operator.py for tasks to queue
[2021-09-27 03:40:35,229] {logging_mixin.py:109} INFO - [2021-09-27 03:40:35,229] {dagbag.py:496} INFO - Filling up the DagBag from /home/airflow/.local/lib/python3.8/site-packages/airflow/example_dags/example_branch_operator.py
[2021-09-27 03:40:35,238] {processor.py:623} INFO - DAG(s) dict_keys(['example_branch_operator']) retrieved from /home/airflow/.local/lib/python3.8/site-packages/airflow/example_dags/example_branch_operator.py
[2021-09-27 03:40:35,255] {logging_mixin.py:109} INFO - [2021-09-27 03:40:35,255] {dag.py:1833} INFO - Sync 1 DAGs
[2021-09-27 03:40:35,266] {logging_mixin.py:109} INFO - [2021-09-27 03:40:35,266] {dag.py:2306} INFO - Setting next_dagrun for example_branch_operator to 2021-09-25 00:00:00+00:00
[2021-09-27 03:40:35,276] {processor.py:170} INFO - Processing /home/airflow/.local/lib/python3.8/site-packages/airflow/example_dags/example_branch_operator.py took 0.050 seconds
[2021-09-27 03:41:05,346] {processor.py:162} INFO - Started process (PID=1693) to work on /home/airflow/.local/lib/python3.8/site-packages/airflow/example_dags/example_branch_operator.py
[2021-09-27 03:41:05,346] {processor.py:613} INFO - Processing file /home/airflow/.local/lib/python3.8/site-packages/airflow/example_dags/example_branch_operator.py for tasks to queue
[2021-09-27 03:41:05,347] {logging_mixin.py:109} INFO - [2021-09-27 03:41:05,347] {dagbag.py:496} INFO - Filling up the DagBag from /home/airflow/.local/lib/python3.8/site-packages/airflow/example_dags/example_branch_operator.py
[2021-09-27 03:41:05,355] {processor.py:623} INFO - DAG(s) dict_keys(['example_branch_operator']) retrieved from /home/airflow/.local/lib/python3.8/site-packages/airflow/example_dags/example_branch_operator.py
[2021-09-27 03:41:05,375] {logging_mixin.py:109} INFO - [2021-09-27 03:41:05,375] {dag.py:1833} INFO - Sync 1 DAGs
[2021-09-27 03:41:05,388] {logging_mixin.py:109} INFO - [2021-09-27 03:41:05,388] {dag.py:2306} INFO - Setting next_dagrun for example_branch_operator to 2021-09-25 00:00:00+00:00
[2021-09-27 03:41:05,451] {processor.py:170} INFO - Processing /home/airflow/.local/lib/python3.8/site-packages/airflow/example_dags/example_branch_operator.py took 0.108 seconds
[2021-09-27 03:41:35,663] {processor.py:162} INFO - Started process (PID=1746) to work on /home/airflow/.local/lib/python3.8/site-packages/airflow/example_dags/example_branch_operator.py
[2021-09-27 03:41:35,664] {processor.py:613} INFO - Processing file /home/airflow/.local/lib/python3.8/site-packages/airflow/example_dags/example_branch_operator.py for tasks to queue
[2021-09-27 03:41:35,664] {logging_mixin.py:109} INFO - [2021-09-27 03:41:35,664] {dagbag.py:496} INFO - Filling up the DagBag from /home/airflow/.local/lib/python3.8/site-packages/airflow/example_dags/example_branch_operator.py
[2021-09-27 03:41:35,672] {processor.py:623} INFO - DAG(s) dict_keys(['example_branch_operator']) retrieved from /home/airflow/.local/lib/python3.8/site-packages/airflow/example_dags/example_branch_operator.py
[2021-09-27 03:41:35,688] {logging_mixin.py:109} INFO - [2021-09-27 03:41:35,688] {dag.py:1833} INFO - Sync 1 DAGs
[2021-09-27 03:41:35,699] {logging_mixin.py:109} INFO - [2021-09-27 03:41:35,699] {dag.py:2306} INFO - Setting next_dagrun for example_branch_operator to 2021-09-25 00:00:00+00:00
[2021-09-27 03:41:35,710] {processor.py:170} INFO - Processing /home/airflow/.local/lib/python3.8/site-packages/airflow/example_dags/example_branch_operator.py took 0.049 seconds
[2021-09-27 03:42:06,077] {processor.py:162} INFO - Started process (PID=1801) to work on /home/airflow/.local/lib/python3.8/site-packages/airflow/example_dags/example_branch_operator.py
[2021-09-27 03:42:06,077] {processor.py:613} INFO - Processing file /home/airflow/.local/lib/python3.8/site-packages/airflow/example_dags/example_branch_operator.py for tasks to queue
[2021-09-27 03:42:06,078] {logging_mixin.py:109} INFO - [2021-09-27 03:42:06,078] {dagbag.py:496} INFO - Filling up the DagBag from /home/airflow/.local/lib/python3.8/site-packages/airflow/example_dags/example_branch_operator.py
[2021-09-27 03:42:06,086] {processor.py:623} INFO - DAG(s) dict_keys(['example_branch_operator']) retrieved from /home/airflow/.local/lib/python3.8/site-packages/airflow/example_dags/example_branch_operator.py
[2021-09-27 03:42:06,101] {logging_mixin.py:109} INFO - [2021-09-27 03:42:06,101] {dag.py:1833} INFO - Sync 1 DAGs
[2021-09-27 03:42:06,113] {logging_mixin.py:109} INFO - [2021-09-27 03:42:06,113] {dag.py:2306} INFO - Setting next_dagrun for example_branch_operator to 2021-09-25 00:00:00+00:00
[2021-09-27 03:42:06,121] {processor.py:170} INFO - Processing /home/airflow/.local/lib/python3.8/site-packages/airflow/example_dags/example_branch_operator.py took 0.047 seconds
[2021-09-27 03:42:36,370] {processor.py:162} INFO - Started process (PID=1855) to work on /home/airflow/.local/lib/python3.8/site-packages/airflow/example_dags/example_branch_operator.py
[2021-09-27 03:42:36,371] {processor.py:613} INFO - Processing file /home/airflow/.local/lib/python3.8/site-packages/airflow/example_dags/example_branch_operator.py for tasks to queue
[2021-09-27 03:42:36,372] {logging_mixin.py:109} INFO - [2021-09-27 03:42:36,372] {dagbag.py:496} INFO - Filling up the DagBag from /home/airflow/.local/lib/python3.8/site-packages/airflow/example_dags/example_branch_operator.py
[2021-09-27 03:42:36,383] {processor.py:623} INFO - DAG(s) dict_keys(['example_branch_operator']) retrieved from /home/airflow/.local/lib/python3.8/site-packages/airflow/example_dags/example_branch_operator.py
[2021-09-27 03:42:36,398] {logging_mixin.py:109} INFO - [2021-09-27 03:42:36,398] {dag.py:1833} INFO - Sync 1 DAGs
[2021-09-27 03:42:36,409] {logging_mixin.py:109} INFO - [2021-09-27 03:42:36,409] {dag.py:2306} INFO - Setting next_dagrun for example_branch_operator to 2021-09-25 00:00:00+00:00
[2021-09-27 03:42:36,419] {processor.py:170} INFO - Processing /home/airflow/.local/lib/python3.8/site-packages/airflow/example_dags/example_branch_operator.py took 0.051 seconds
[2021-09-27 03:43:06,538] {processor.py:162} INFO - Started process (PID=1900) to work on /home/airflow/.local/lib/python3.8/site-packages/airflow/example_dags/example_branch_operator.py
[2021-09-27 03:43:06,539] {processor.py:613} INFO - Processing file /home/airflow/.local/lib/python3.8/site-packages/airflow/example_dags/example_branch_operator.py for tasks to queue
[2021-09-27 03:43:06,539] {logging_mixin.py:109} INFO - [2021-09-27 03:43:06,539] {dagbag.py:496} INFO - Filling up the DagBag from /home/airflow/.local/lib/python3.8/site-packages/airflow/example_dags/example_branch_operator.py
[2021-09-27 03:43:06,548] {processor.py:623} INFO - DAG(s) dict_keys(['example_branch_operator']) retrieved from /home/airflow/.local/lib/python3.8/site-packages/airflow/example_dags/example_branch_operator.py
[2021-09-27 03:43:06,562] {logging_mixin.py:109} INFO - [2021-09-27 03:43:06,562] {dag.py:1833} INFO - Sync 1 DAGs
[2021-09-27 03:43:06,572] {logging_mixin.py:109} INFO - [2021-09-27 03:43:06,572] {dag.py:2306} INFO - Setting next_dagrun for example_branch_operator to 2021-09-25 00:00:00+00:00
[2021-09-27 03:43:06,579] {processor.py:170} INFO - Processing /home/airflow/.local/lib/python3.8/site-packages/airflow/example_dags/example_branch_operator.py took 0.043 seconds
[2021-09-27 03:43:36,780] {processor.py:162} INFO - Started process (PID=1953) to work on /home/airflow/.local/lib/python3.8/site-packages/airflow/example_dags/example_branch_operator.py
[2021-09-27 03:43:36,781] {processor.py:613} INFO - Processing file /home/airflow/.local/lib/python3.8/site-packages/airflow/example_dags/example_branch_operator.py for tasks to queue
[2021-09-27 03:43:36,781] {logging_mixin.py:109} INFO - [2021-09-27 03:43:36,781] {dagbag.py:496} INFO - Filling up the DagBag from /home/airflow/.local/lib/python3.8/site-packages/airflow/example_dags/example_branch_operator.py
[2021-09-27 03:43:36,790] {processor.py:623} INFO - DAG(s) dict_keys(['example_branch_operator']) retrieved from /home/airflow/.local/lib/python3.8/site-packages/airflow/example_dags/example_branch_operator.py
[2021-09-27 03:43:36,806] {logging_mixin.py:109} INFO - [2021-09-27 03:43:36,805] {dag.py:1833} INFO - Sync 1 DAGs
[2021-09-27 03:43:36,816] {logging_mixin.py:109} INFO - [2021-09-27 03:43:36,816] {dag.py:2306} INFO - Setting next_dagrun for example_branch_operator to 2021-09-25 00:00:00+00:00
[2021-09-27 03:43:36,826] {processor.py:170} INFO - Processing /home/airflow/.local/lib/python3.8/site-packages/airflow/example_dags/example_branch_operator.py took 0.048 seconds
[2021-09-27 03:44:07,130] {processor.py:162} INFO - Started process (PID=2006) to work on /home/airflow/.local/lib/python3.8/site-packages/airflow/example_dags/example_branch_operator.py
[2021-09-27 03:44:07,130] {processor.py:613} INFO - Processing file /home/airflow/.local/lib/python3.8/site-packages/airflow/example_dags/example_branch_operator.py for tasks to queue
[2021-09-27 03:44:07,131] {logging_mixin.py:109} INFO - [2021-09-27 03:44:07,131] {dagbag.py:496} INFO - Filling up the DagBag from /home/airflow/.local/lib/python3.8/site-packages/airflow/example_dags/example_branch_operator.py
[2021-09-27 03:44:07,140] {processor.py:623} INFO - DAG(s) dict_keys(['example_branch_operator']) retrieved from /home/airflow/.local/lib/python3.8/site-packages/airflow/example_dags/example_branch_operator.py
[2021-09-27 03:44:07,157] {logging_mixin.py:109} INFO - [2021-09-27 03:44:07,157] {dag.py:1833} INFO - Sync 1 DAGs
[2021-09-27 03:44:07,168] {logging_mixin.py:109} INFO - [2021-09-27 03:44:07,168] {dag.py:2306} INFO - Setting next_dagrun for example_branch_operator to 2021-09-25 00:00:00+00:00
[2021-09-27 03:44:07,177] {processor.py:170} INFO - Processing /home/airflow/.local/lib/python3.8/site-packages/airflow/example_dags/example_branch_operator.py took 0.050 seconds
[2021-09-27 03:44:37,488] {processor.py:162} INFO - Started process (PID=2052) to work on /home/airflow/.local/lib/python3.8/site-packages/airflow/example_dags/example_branch_operator.py
[2021-09-27 03:44:37,489] {processor.py:613} INFO - Processing file /home/airflow/.local/lib/python3.8/site-packages/airflow/example_dags/example_branch_operator.py for tasks to queue
[2021-09-27 03:44:37,489] {logging_mixin.py:109} INFO - [2021-09-27 03:44:37,489] {dagbag.py:496} INFO - Filling up the DagBag from /home/airflow/.local/lib/python3.8/site-packages/airflow/example_dags/example_branch_operator.py
[2021-09-27 03:44:37,499] {processor.py:623} INFO - DAG(s) dict_keys(['example_branch_operator']) retrieved from /home/airflow/.local/lib/python3.8/site-packages/airflow/example_dags/example_branch_operator.py
[2021-09-27 03:44:37,516] {logging_mixin.py:109} INFO - [2021-09-27 03:44:37,515] {dag.py:1833} INFO - Sync 1 DAGs
[2021-09-27 03:44:37,526] {logging_mixin.py:109} INFO - [2021-09-27 03:44:37,526] {dag.py:2306} INFO - Setting next_dagrun for example_branch_operator to 2021-09-25 00:00:00+00:00
[2021-09-27 03:44:37,537] {processor.py:170} INFO - Processing /home/airflow/.local/lib/python3.8/site-packages/airflow/example_dags/example_branch_operator.py took 0.051 seconds
[2021-09-27 03:45:07,817] {processor.py:162} INFO - Started process (PID=2105) to work on /home/airflow/.local/lib/python3.8/site-packages/airflow/example_dags/example_branch_operator.py
[2021-09-27 03:45:07,817] {processor.py:613} INFO - Processing file /home/airflow/.local/lib/python3.8/site-packages/airflow/example_dags/example_branch_operator.py for tasks to queue
[2021-09-27 03:45:07,818] {logging_mixin.py:109} INFO - [2021-09-27 03:45:07,818] {dagbag.py:496} INFO - Filling up the DagBag from /home/airflow/.local/lib/python3.8/site-packages/airflow/example_dags/example_branch_operator.py
[2021-09-27 03:45:07,827] {processor.py:623} INFO - DAG(s) dict_keys(['example_branch_operator']) retrieved from /home/airflow/.local/lib/python3.8/site-packages/airflow/example_dags/example_branch_operator.py
[2021-09-27 03:45:07,842] {logging_mixin.py:109} INFO - [2021-09-27 03:45:07,842] {dag.py:1833} INFO - Sync 1 DAGs
[2021-09-27 03:45:07,852] {logging_mixin.py:109} INFO - [2021-09-27 03:45:07,852] {dag.py:2306} INFO - Setting next_dagrun for example_branch_operator to 2021-09-25 00:00:00+00:00
[2021-09-27 03:45:07,862] {processor.py:170} INFO - Processing /home/airflow/.local/lib/python3.8/site-packages/airflow/example_dags/example_branch_operator.py took 0.047 seconds
[2021-09-27 03:45:38,260] {processor.py:162} INFO - Started process (PID=2159) to work on /home/airflow/.local/lib/python3.8/site-packages/airflow/example_dags/example_branch_operator.py
[2021-09-27 03:45:38,262] {processor.py:613} INFO - Processing file /home/airflow/.local/lib/python3.8/site-packages/airflow/example_dags/example_branch_operator.py for tasks to queue
[2021-09-27 03:45:38,263] {logging_mixin.py:109} INFO - [2021-09-27 03:45:38,262] {dagbag.py:496} INFO - Filling up the DagBag from /home/airflow/.local/lib/python3.8/site-packages/airflow/example_dags/example_branch_operator.py
[2021-09-27 03:45:38,271] {processor.py:623} INFO - DAG(s) dict_keys(['example_branch_operator']) retrieved from /home/airflow/.local/lib/python3.8/site-packages/airflow/example_dags/example_branch_operator.py
[2021-09-27 03:45:38,284] {logging_mixin.py:109} INFO - [2021-09-27 03:45:38,284] {dag.py:1833} INFO - Sync 1 DAGs
[2021-09-27 03:45:38,295] {logging_mixin.py:109} INFO - [2021-09-27 03:45:38,295] {dag.py:2306} INFO - Setting next_dagrun for example_branch_operator to 2021-09-25 00:00:00+00:00
[2021-09-27 03:45:38,303] {processor.py:170} INFO - Processing /home/airflow/.local/lib/python3.8/site-packages/airflow/example_dags/example_branch_operator.py took 0.045 seconds
[2021-09-27 03:46:08,378] {processor.py:162} INFO - Started process (PID=2212) to work on /home/airflow/.local/lib/python3.8/site-packages/airflow/example_dags/example_branch_operator.py
[2021-09-27 03:46:08,379] {processor.py:613} INFO - Processing file /home/airflow/.local/lib/python3.8/site-packages/airflow/example_dags/example_branch_operator.py for tasks to queue
[2021-09-27 03:46:08,379] {logging_mixin.py:109} INFO - [2021-09-27 03:46:08,379] {dagbag.py:496} INFO - Filling up the DagBag from /home/airflow/.local/lib/python3.8/site-packages/airflow/example_dags/example_branch_operator.py
[2021-09-27 03:46:08,387] {processor.py:623} INFO - DAG(s) dict_keys(['example_branch_operator']) retrieved from /home/airflow/.local/lib/python3.8/site-packages/airflow/example_dags/example_branch_operator.py
[2021-09-27 03:46:08,401] {logging_mixin.py:109} INFO - [2021-09-27 03:46:08,401] {dag.py:1833} INFO - Sync 1 DAGs
[2021-09-27 03:46:08,412] {logging_mixin.py:109} INFO - [2021-09-27 03:46:08,412] {dag.py:2306} INFO - Setting next_dagrun for example_branch_operator to 2021-09-25 00:00:00+00:00
[2021-09-27 03:46:08,421] {processor.py:170} INFO - Processing /home/airflow/.local/lib/python3.8/site-packages/airflow/example_dags/example_branch_operator.py took 0.045 seconds
[2021-09-27 03:46:38,582] {processor.py:162} INFO - Started process (PID=2264) to work on /home/airflow/.local/lib/python3.8/site-packages/airflow/example_dags/example_branch_operator.py
[2021-09-27 03:46:38,583] {processor.py:613} INFO - Processing file /home/airflow/.local/lib/python3.8/site-packages/airflow/example_dags/example_branch_operator.py for tasks to queue
[2021-09-27 03:46:38,583] {logging_mixin.py:109} INFO - [2021-09-27 03:46:38,583] {dagbag.py:496} INFO - Filling up the DagBag from /home/airflow/.local/lib/python3.8/site-packages/airflow/example_dags/example_branch_operator.py
[2021-09-27 03:46:38,591] {processor.py:623} INFO - DAG(s) dict_keys(['example_branch_operator']) retrieved from /home/airflow/.local/lib/python3.8/site-packages/airflow/example_dags/example_branch_operator.py
[2021-09-27 03:46:38,606] {logging_mixin.py:109} INFO - [2021-09-27 03:46:38,606] {dag.py:1833} INFO - Sync 1 DAGs
[2021-09-27 03:46:38,617] {logging_mixin.py:109} INFO - [2021-09-27 03:46:38,617] {dag.py:2306} INFO - Setting next_dagrun for example_branch_operator to 2021-09-25 00:00:00+00:00
[2021-09-27 03:46:38,626] {processor.py:170} INFO - Processing /home/airflow/.local/lib/python3.8/site-packages/airflow/example_dags/example_branch_operator.py took 0.046 seconds
[2021-09-27 03:47:09,095] {processor.py:162} INFO - Started process (PID=2311) to work on /home/airflow/.local/lib/python3.8/site-packages/airflow/example_dags/example_branch_operator.py
[2021-09-27 03:47:09,096] {processor.py:613} INFO - Processing file /home/airflow/.local/lib/python3.8/site-packages/airflow/example_dags/example_branch_operator.py for tasks to queue
[2021-09-27 03:47:09,097] {logging_mixin.py:109} INFO - [2021-09-27 03:47:09,096] {dagbag.py:496} INFO - Filling up the DagBag from /home/airflow/.local/lib/python3.8/site-packages/airflow/example_dags/example_branch_operator.py
[2021-09-27 03:47:09,105] {processor.py:623} INFO - DAG(s) dict_keys(['example_branch_operator']) retrieved from /home/airflow/.local/lib/python3.8/site-packages/airflow/example_dags/example_branch_operator.py
[2021-09-27 03:47:09,118] {logging_mixin.py:109} INFO - [2021-09-27 03:47:09,118] {dag.py:1833} INFO - Sync 1 DAGs
[2021-09-27 03:47:09,129] {logging_mixin.py:109} INFO - [2021-09-27 03:47:09,128] {dag.py:2306} INFO - Setting next_dagrun for example_branch_operator to 2021-09-25 00:00:00+00:00
[2021-09-27 03:47:09,136] {processor.py:170} INFO - Processing /home/airflow/.local/lib/python3.8/site-packages/airflow/example_dags/example_branch_operator.py took 0.043 seconds
[2021-09-27 03:47:39,308] {processor.py:162} INFO - Started process (PID=2364) to work on /home/airflow/.local/lib/python3.8/site-packages/airflow/example_dags/example_branch_operator.py
[2021-09-27 03:47:39,308] {processor.py:613} INFO - Processing file /home/airflow/.local/lib/python3.8/site-packages/airflow/example_dags/example_branch_operator.py for tasks to queue
[2021-09-27 03:47:39,309] {logging_mixin.py:109} INFO - [2021-09-27 03:47:39,309] {dagbag.py:496} INFO - Filling up the DagBag from /home/airflow/.local/lib/python3.8/site-packages/airflow/example_dags/example_branch_operator.py
[2021-09-27 03:47:39,318] {processor.py:623} INFO - DAG(s) dict_keys(['example_branch_operator']) retrieved from /home/airflow/.local/lib/python3.8/site-packages/airflow/example_dags/example_branch_operator.py
[2021-09-27 03:47:39,334] {logging_mixin.py:109} INFO - [2021-09-27 03:47:39,334] {dag.py:1833} INFO - Sync 1 DAGs
[2021-09-27 03:47:39,345] {logging_mixin.py:109} INFO - [2021-09-27 03:47:39,345] {dag.py:2306} INFO - Setting next_dagrun for example_branch_operator to 2021-09-25 00:00:00+00:00
[2021-09-27 03:47:39,353] {processor.py:170} INFO - Processing /home/airflow/.local/lib/python3.8/site-packages/airflow/example_dags/example_branch_operator.py took 0.047 seconds
[2021-09-27 03:49:18,284] {processor.py:162} INFO - Started process (PID=40) to work on /home/airflow/.local/lib/python3.8/site-packages/airflow/example_dags/example_branch_operator.py
[2021-09-27 03:49:18,285] {processor.py:613} INFO - Processing file /home/airflow/.local/lib/python3.8/site-packages/airflow/example_dags/example_branch_operator.py for tasks to queue
[2021-09-27 03:49:18,286] {logging_mixin.py:109} INFO - [2021-09-27 03:49:18,286] {dagbag.py:496} INFO - Filling up the DagBag from /home/airflow/.local/lib/python3.8/site-packages/airflow/example_dags/example_branch_operator.py
[2021-09-27 03:49:18,298] {processor.py:623} INFO - DAG(s) dict_keys(['example_branch_operator']) retrieved from /home/airflow/.local/lib/python3.8/site-packages/airflow/example_dags/example_branch_operator.py
[2021-09-27 03:49:18,315] {logging_mixin.py:109} INFO - [2021-09-27 03:49:18,315] {dag.py:1833} INFO - Sync 1 DAGs
[2021-09-27 03:49:18,327] {logging_mixin.py:109} INFO - [2021-09-27 03:49:18,327] {dag.py:2306} INFO - Setting next_dagrun for example_branch_operator to 2021-09-25 00:00:00+00:00
[2021-09-27 03:49:18,335] {processor.py:170} INFO - Processing /home/airflow/.local/lib/python3.8/site-packages/airflow/example_dags/example_branch_operator.py took 0.054 seconds
[2021-09-27 03:49:48,888] {processor.py:162} INFO - Started process (PID=93) to work on /home/airflow/.local/lib/python3.8/site-packages/airflow/example_dags/example_branch_operator.py
[2021-09-27 03:49:48,889] {processor.py:613} INFO - Processing file /home/airflow/.local/lib/python3.8/site-packages/airflow/example_dags/example_branch_operator.py for tasks to queue
[2021-09-27 03:49:48,890] {logging_mixin.py:109} INFO - [2021-09-27 03:49:48,890] {dagbag.py:496} INFO - Filling up the DagBag from /home/airflow/.local/lib/python3.8/site-packages/airflow/example_dags/example_branch_operator.py
[2021-09-27 03:49:48,900] {processor.py:623} INFO - DAG(s) dict_keys(['example_branch_operator']) retrieved from /home/airflow/.local/lib/python3.8/site-packages/airflow/example_dags/example_branch_operator.py
[2021-09-27 03:49:48,915] {logging_mixin.py:109} INFO - [2021-09-27 03:49:48,915] {dag.py:1833} INFO - Sync 1 DAGs
[2021-09-27 03:49:48,927] {logging_mixin.py:109} INFO - [2021-09-27 03:49:48,927] {dag.py:2306} INFO - Setting next_dagrun for example_branch_operator to 2021-09-25 00:00:00+00:00
[2021-09-27 03:49:48,935] {processor.py:170} INFO - Processing /home/airflow/.local/lib/python3.8/site-packages/airflow/example_dags/example_branch_operator.py took 0.049 seconds
[2021-09-27 03:50:19,143] {processor.py:162} INFO - Started process (PID=146) to work on /home/airflow/.local/lib/python3.8/site-packages/airflow/example_dags/example_branch_operator.py
[2021-09-27 03:50:19,143] {processor.py:613} INFO - Processing file /home/airflow/.local/lib/python3.8/site-packages/airflow/example_dags/example_branch_operator.py for tasks to queue
[2021-09-27 03:50:19,144] {logging_mixin.py:109} INFO - [2021-09-27 03:50:19,144] {dagbag.py:496} INFO - Filling up the DagBag from /home/airflow/.local/lib/python3.8/site-packages/airflow/example_dags/example_branch_operator.py
[2021-09-27 03:50:19,153] {processor.py:623} INFO - DAG(s) dict_keys(['example_branch_operator']) retrieved from /home/airflow/.local/lib/python3.8/site-packages/airflow/example_dags/example_branch_operator.py
[2021-09-27 03:50:19,168] {logging_mixin.py:109} INFO - [2021-09-27 03:50:19,168] {dag.py:1833} INFO - Sync 1 DAGs
[2021-09-27 03:50:19,179] {logging_mixin.py:109} INFO - [2021-09-27 03:50:19,179] {dag.py:2306} INFO - Setting next_dagrun for example_branch_operator to 2021-09-25 00:00:00+00:00
[2021-09-27 03:50:19,188] {processor.py:170} INFO - Processing /home/airflow/.local/lib/python3.8/site-packages/airflow/example_dags/example_branch_operator.py took 0.047 seconds
[2021-09-27 03:50:49,497] {processor.py:162} INFO - Started process (PID=198) to work on /home/airflow/.local/lib/python3.8/site-packages/airflow/example_dags/example_branch_operator.py
[2021-09-27 03:50:49,498] {processor.py:613} INFO - Processing file /home/airflow/.local/lib/python3.8/site-packages/airflow/example_dags/example_branch_operator.py for tasks to queue
[2021-09-27 03:50:49,499] {logging_mixin.py:109} INFO - [2021-09-27 03:50:49,499] {dagbag.py:496} INFO - Filling up the DagBag from /home/airflow/.local/lib/python3.8/site-packages/airflow/example_dags/example_branch_operator.py
[2021-09-27 03:50:49,508] {processor.py:623} INFO - DAG(s) dict_keys(['example_branch_operator']) retrieved from /home/airflow/.local/lib/python3.8/site-packages/airflow/example_dags/example_branch_operator.py
[2021-09-27 03:50:49,524] {logging_mixin.py:109} INFO - [2021-09-27 03:50:49,524] {dag.py:1833} INFO - Sync 1 DAGs
[2021-09-27 03:50:49,537] {logging_mixin.py:109} INFO - [2021-09-27 03:50:49,536] {dag.py:2306} INFO - Setting next_dagrun for example_branch_operator to 2021-09-25 00:00:00+00:00
[2021-09-27 03:50:49,546] {processor.py:170} INFO - Processing /home/airflow/.local/lib/python3.8/site-packages/airflow/example_dags/example_branch_operator.py took 0.051 seconds
[2021-09-27 03:51:19,933] {processor.py:162} INFO - Started process (PID=244) to work on /home/airflow/.local/lib/python3.8/site-packages/airflow/example_dags/example_branch_operator.py
[2021-09-27 03:51:19,935] {processor.py:613} INFO - Processing file /home/airflow/.local/lib/python3.8/site-packages/airflow/example_dags/example_branch_operator.py for tasks to queue
[2021-09-27 03:51:19,935] {logging_mixin.py:109} INFO - [2021-09-27 03:51:19,935] {dagbag.py:496} INFO - Filling up the DagBag from /home/airflow/.local/lib/python3.8/site-packages/airflow/example_dags/example_branch_operator.py
[2021-09-27 03:51:19,944] {processor.py:623} INFO - DAG(s) dict_keys(['example_branch_operator']) retrieved from /home/airflow/.local/lib/python3.8/site-packages/airflow/example_dags/example_branch_operator.py
[2021-09-27 03:51:19,959] {logging_mixin.py:109} INFO - [2021-09-27 03:51:19,959] {dag.py:1833} INFO - Sync 1 DAGs
[2021-09-27 03:51:19,970] {logging_mixin.py:109} INFO - [2021-09-27 03:51:19,970] {dag.py:2306} INFO - Setting next_dagrun for example_branch_operator to 2021-09-25 00:00:00+00:00
[2021-09-27 03:51:19,978] {processor.py:170} INFO - Processing /home/airflow/.local/lib/python3.8/site-packages/airflow/example_dags/example_branch_operator.py took 0.047 seconds
[2021-09-27 03:51:50,366] {processor.py:162} INFO - Started process (PID=298) to work on /home/airflow/.local/lib/python3.8/site-packages/airflow/example_dags/example_branch_operator.py
[2021-09-27 03:51:50,366] {processor.py:613} INFO - Processing file /home/airflow/.local/lib/python3.8/site-packages/airflow/example_dags/example_branch_operator.py for tasks to queue
[2021-09-27 03:51:50,367] {logging_mixin.py:109} INFO - [2021-09-27 03:51:50,367] {dagbag.py:496} INFO - Filling up the DagBag from /home/airflow/.local/lib/python3.8/site-packages/airflow/example_dags/example_branch_operator.py
[2021-09-27 03:51:50,376] {processor.py:623} INFO - DAG(s) dict_keys(['example_branch_operator']) retrieved from /home/airflow/.local/lib/python3.8/site-packages/airflow/example_dags/example_branch_operator.py
[2021-09-27 03:51:50,390] {logging_mixin.py:109} INFO - [2021-09-27 03:51:50,390] {dag.py:1833} INFO - Sync 1 DAGs
[2021-09-27 03:51:50,401] {logging_mixin.py:109} INFO - [2021-09-27 03:51:50,401] {dag.py:2306} INFO - Setting next_dagrun for example_branch_operator to 2021-09-25 00:00:00+00:00
[2021-09-27 03:51:50,410] {processor.py:170} INFO - Processing /home/airflow/.local/lib/python3.8/site-packages/airflow/example_dags/example_branch_operator.py took 0.046 seconds
[2021-09-27 03:52:20,671] {processor.py:162} INFO - Started process (PID=352) to work on /home/airflow/.local/lib/python3.8/site-packages/airflow/example_dags/example_branch_operator.py
[2021-09-27 03:52:20,672] {processor.py:613} INFO - Processing file /home/airflow/.local/lib/python3.8/site-packages/airflow/example_dags/example_branch_operator.py for tasks to queue
[2021-09-27 03:52:20,672] {logging_mixin.py:109} INFO - [2021-09-27 03:52:20,672] {dagbag.py:496} INFO - Filling up the DagBag from /home/airflow/.local/lib/python3.8/site-packages/airflow/example_dags/example_branch_operator.py
[2021-09-27 03:52:20,681] {processor.py:623} INFO - DAG(s) dict_keys(['example_branch_operator']) retrieved from /home/airflow/.local/lib/python3.8/site-packages/airflow/example_dags/example_branch_operator.py
[2021-09-27 03:52:20,695] {logging_mixin.py:109} INFO - [2021-09-27 03:52:20,695] {dag.py:1833} INFO - Sync 1 DAGs
[2021-09-27 03:52:20,706] {logging_mixin.py:109} INFO - [2021-09-27 03:52:20,705] {dag.py:2306} INFO - Setting next_dagrun for example_branch_operator to 2021-09-25 00:00:00+00:00
[2021-09-27 03:52:20,713] {processor.py:170} INFO - Processing /home/airflow/.local/lib/python3.8/site-packages/airflow/example_dags/example_branch_operator.py took 0.044 seconds
[2021-09-27 03:52:50,964] {processor.py:162} INFO - Started process (PID=404) to work on /home/airflow/.local/lib/python3.8/site-packages/airflow/example_dags/example_branch_operator.py
[2021-09-27 03:52:50,965] {processor.py:613} INFO - Processing file /home/airflow/.local/lib/python3.8/site-packages/airflow/example_dags/example_branch_operator.py for tasks to queue
[2021-09-27 03:52:50,965] {logging_mixin.py:109} INFO - [2021-09-27 03:52:50,965] {dagbag.py:496} INFO - Filling up the DagBag from /home/airflow/.local/lib/python3.8/site-packages/airflow/example_dags/example_branch_operator.py
[2021-09-27 03:52:50,975] {processor.py:623} INFO - DAG(s) dict_keys(['example_branch_operator']) retrieved from /home/airflow/.local/lib/python3.8/site-packages/airflow/example_dags/example_branch_operator.py
[2021-09-27 03:52:50,990] {logging_mixin.py:109} INFO - [2021-09-27 03:52:50,990] {dag.py:1833} INFO - Sync 1 DAGs
[2021-09-27 03:52:51,003] {logging_mixin.py:109} INFO - [2021-09-27 03:52:51,003] {dag.py:2306} INFO - Setting next_dagrun for example_branch_operator to 2021-09-25 00:00:00+00:00
[2021-09-27 03:52:51,013] {processor.py:170} INFO - Processing /home/airflow/.local/lib/python3.8/site-packages/airflow/example_dags/example_branch_operator.py took 0.051 seconds
[2021-09-27 03:53:21,267] {processor.py:162} INFO - Started process (PID=451) to work on /home/airflow/.local/lib/python3.8/site-packages/airflow/example_dags/example_branch_operator.py
[2021-09-27 03:53:21,268] {processor.py:613} INFO - Processing file /home/airflow/.local/lib/python3.8/site-packages/airflow/example_dags/example_branch_operator.py for tasks to queue
[2021-09-27 03:53:21,268] {logging_mixin.py:109} INFO - [2021-09-27 03:53:21,268] {dagbag.py:496} INFO - Filling up the DagBag from /home/airflow/.local/lib/python3.8/site-packages/airflow/example_dags/example_branch_operator.py
[2021-09-27 03:53:21,278] {processor.py:623} INFO - DAG(s) dict_keys(['example_branch_operator']) retrieved from /home/airflow/.local/lib/python3.8/site-packages/airflow/example_dags/example_branch_operator.py
[2021-09-27 03:53:21,293] {logging_mixin.py:109} INFO - [2021-09-27 03:53:21,293] {dag.py:1833} INFO - Sync 1 DAGs
[2021-09-27 03:53:21,306] {logging_mixin.py:109} INFO - [2021-09-27 03:53:21,306] {dag.py:2306} INFO - Setting next_dagrun for example_branch_operator to 2021-09-25 00:00:00+00:00
[2021-09-27 03:53:21,315] {processor.py:170} INFO - Processing /home/airflow/.local/lib/python3.8/site-packages/airflow/example_dags/example_branch_operator.py took 0.050 seconds
[2021-09-27 03:53:51,685] {processor.py:162} INFO - Started process (PID=504) to work on /home/airflow/.local/lib/python3.8/site-packages/airflow/example_dags/example_branch_operator.py
[2021-09-27 03:53:51,685] {processor.py:613} INFO - Processing file /home/airflow/.local/lib/python3.8/site-packages/airflow/example_dags/example_branch_operator.py for tasks to queue
[2021-09-27 03:53:51,686] {logging_mixin.py:109} INFO - [2021-09-27 03:53:51,685] {dagbag.py:496} INFO - Filling up the DagBag from /home/airflow/.local/lib/python3.8/site-packages/airflow/example_dags/example_branch_operator.py
[2021-09-27 03:53:51,694] {processor.py:623} INFO - DAG(s) dict_keys(['example_branch_operator']) retrieved from /home/airflow/.local/lib/python3.8/site-packages/airflow/example_dags/example_branch_operator.py
[2021-09-27 03:53:51,708] {logging_mixin.py:109} INFO - [2021-09-27 03:53:51,708] {dag.py:1833} INFO - Sync 1 DAGs
[2021-09-27 03:53:51,719] {logging_mixin.py:109} INFO - [2021-09-27 03:53:51,719] {dag.py:2306} INFO - Setting next_dagrun for example_branch_operator to 2021-09-25 00:00:00+00:00
[2021-09-27 03:53:51,730] {processor.py:170} INFO - Processing /home/airflow/.local/lib/python3.8/site-packages/airflow/example_dags/example_branch_operator.py took 0.047 seconds
[2021-09-27 03:54:21,978] {processor.py:162} INFO - Started process (PID=557) to work on /home/airflow/.local/lib/python3.8/site-packages/airflow/example_dags/example_branch_operator.py
[2021-09-27 03:54:21,978] {processor.py:613} INFO - Processing file /home/airflow/.local/lib/python3.8/site-packages/airflow/example_dags/example_branch_operator.py for tasks to queue
[2021-09-27 03:54:21,979] {logging_mixin.py:109} INFO - [2021-09-27 03:54:21,979] {dagbag.py:496} INFO - Filling up the DagBag from /home/airflow/.local/lib/python3.8/site-packages/airflow/example_dags/example_branch_operator.py
[2021-09-27 03:54:21,987] {processor.py:623} INFO - DAG(s) dict_keys(['example_branch_operator']) retrieved from /home/airflow/.local/lib/python3.8/site-packages/airflow/example_dags/example_branch_operator.py
[2021-09-27 03:54:22,002] {logging_mixin.py:109} INFO - [2021-09-27 03:54:22,002] {dag.py:1833} INFO - Sync 1 DAGs
[2021-09-27 03:54:22,014] {logging_mixin.py:109} INFO - [2021-09-27 03:54:22,014] {dag.py:2306} INFO - Setting next_dagrun for example_branch_operator to 2021-09-25 00:00:00+00:00
[2021-09-27 03:54:22,023] {processor.py:170} INFO - Processing /home/airflow/.local/lib/python3.8/site-packages/airflow/example_dags/example_branch_operator.py took 0.047 seconds
[2021-09-27 03:54:52,604] {processor.py:162} INFO - Started process (PID=611) to work on /home/airflow/.local/lib/python3.8/site-packages/airflow/example_dags/example_branch_operator.py
[2021-09-27 03:54:52,605] {processor.py:613} INFO - Processing file /home/airflow/.local/lib/python3.8/site-packages/airflow/example_dags/example_branch_operator.py for tasks to queue
[2021-09-27 03:54:52,606] {logging_mixin.py:109} INFO - [2021-09-27 03:54:52,606] {dagbag.py:496} INFO - Filling up the DagBag from /home/airflow/.local/lib/python3.8/site-packages/airflow/example_dags/example_branch_operator.py
[2021-09-27 03:54:52,618] {processor.py:623} INFO - DAG(s) dict_keys(['example_branch_operator']) retrieved from /home/airflow/.local/lib/python3.8/site-packages/airflow/example_dags/example_branch_operator.py
[2021-09-27 03:54:52,634] {logging_mixin.py:109} INFO - [2021-09-27 03:54:52,634] {dag.py:1833} INFO - Sync 1 DAGs
[2021-09-27 03:54:52,649] {logging_mixin.py:109} INFO - [2021-09-27 03:54:52,648] {dag.py:2306} INFO - Setting next_dagrun for example_branch_operator to 2021-09-25 00:00:00+00:00
[2021-09-27 03:54:52,659] {processor.py:170} INFO - Processing /home/airflow/.local/lib/python3.8/site-packages/airflow/example_dags/example_branch_operator.py took 0.058 seconds
[2021-09-27 03:55:22,914] {processor.py:162} INFO - Started process (PID=657) to work on /home/airflow/.local/lib/python3.8/site-packages/airflow/example_dags/example_branch_operator.py
[2021-09-27 03:55:22,915] {processor.py:613} INFO - Processing file /home/airflow/.local/lib/python3.8/site-packages/airflow/example_dags/example_branch_operator.py for tasks to queue
[2021-09-27 03:55:22,915] {logging_mixin.py:109} INFO - [2021-09-27 03:55:22,915] {dagbag.py:496} INFO - Filling up the DagBag from /home/airflow/.local/lib/python3.8/site-packages/airflow/example_dags/example_branch_operator.py
[2021-09-27 03:55:22,924] {processor.py:623} INFO - DAG(s) dict_keys(['example_branch_operator']) retrieved from /home/airflow/.local/lib/python3.8/site-packages/airflow/example_dags/example_branch_operator.py
[2021-09-27 03:55:22,938] {logging_mixin.py:109} INFO - [2021-09-27 03:55:22,937] {dag.py:1833} INFO - Sync 1 DAGs
[2021-09-27 03:55:22,948] {logging_mixin.py:109} INFO - [2021-09-27 03:55:22,948] {dag.py:2306} INFO - Setting next_dagrun for example_branch_operator to 2021-09-25 00:00:00+00:00
[2021-09-27 03:55:22,956] {processor.py:170} INFO - Processing /home/airflow/.local/lib/python3.8/site-packages/airflow/example_dags/example_branch_operator.py took 0.044 seconds
[2021-09-27 03:55:53,296] {processor.py:162} INFO - Started process (PID=710) to work on /home/airflow/.local/lib/python3.8/site-packages/airflow/example_dags/example_branch_operator.py
[2021-09-27 03:55:53,296] {processor.py:613} INFO - Processing file /home/airflow/.local/lib/python3.8/site-packages/airflow/example_dags/example_branch_operator.py for tasks to queue
[2021-09-27 03:55:53,297] {logging_mixin.py:109} INFO - [2021-09-27 03:55:53,297] {dagbag.py:496} INFO - Filling up the DagBag from /home/airflow/.local/lib/python3.8/site-packages/airflow/example_dags/example_branch_operator.py
[2021-09-27 03:55:53,305] {processor.py:623} INFO - DAG(s) dict_keys(['example_branch_operator']) retrieved from /home/airflow/.local/lib/python3.8/site-packages/airflow/example_dags/example_branch_operator.py
[2021-09-27 03:55:53,319] {logging_mixin.py:109} INFO - [2021-09-27 03:55:53,319] {dag.py:1833} INFO - Sync 1 DAGs
[2021-09-27 03:55:53,330] {logging_mixin.py:109} INFO - [2021-09-27 03:55:53,330] {dag.py:2306} INFO - Setting next_dagrun for example_branch_operator to 2021-09-25 00:00:00+00:00
[2021-09-27 03:55:53,338] {processor.py:170} INFO - Processing /home/airflow/.local/lib/python3.8/site-packages/airflow/example_dags/example_branch_operator.py took 0.044 seconds
[2021-09-27 03:56:23,651] {processor.py:162} INFO - Started process (PID=763) to work on /home/airflow/.local/lib/python3.8/site-packages/airflow/example_dags/example_branch_operator.py
[2021-09-27 03:56:23,653] {processor.py:613} INFO - Processing file /home/airflow/.local/lib/python3.8/site-packages/airflow/example_dags/example_branch_operator.py for tasks to queue
[2021-09-27 03:56:23,654] {logging_mixin.py:109} INFO - [2021-09-27 03:56:23,653] {dagbag.py:496} INFO - Filling up the DagBag from /home/airflow/.local/lib/python3.8/site-packages/airflow/example_dags/example_branch_operator.py
[2021-09-27 03:56:23,663] {processor.py:623} INFO - DAG(s) dict_keys(['example_branch_operator']) retrieved from /home/airflow/.local/lib/python3.8/site-packages/airflow/example_dags/example_branch_operator.py
[2021-09-27 03:56:23,678] {logging_mixin.py:109} INFO - [2021-09-27 03:56:23,678] {dag.py:1833} INFO - Sync 1 DAGs
[2021-09-27 03:56:23,689] {logging_mixin.py:109} INFO - [2021-09-27 03:56:23,689] {dag.py:2306} INFO - Setting next_dagrun for example_branch_operator to 2021-09-25 00:00:00+00:00
[2021-09-27 03:56:23,698] {processor.py:170} INFO - Processing /home/airflow/.local/lib/python3.8/site-packages/airflow/example_dags/example_branch_operator.py took 0.048 seconds
[2021-09-27 03:56:53,922] {processor.py:162} INFO - Started process (PID=815) to work on /home/airflow/.local/lib/python3.8/site-packages/airflow/example_dags/example_branch_operator.py
[2021-09-27 03:56:53,922] {processor.py:613} INFO - Processing file /home/airflow/.local/lib/python3.8/site-packages/airflow/example_dags/example_branch_operator.py for tasks to queue
[2021-09-27 03:56:53,923] {logging_mixin.py:109} INFO - [2021-09-27 03:56:53,923] {dagbag.py:496} INFO - Filling up the DagBag from /home/airflow/.local/lib/python3.8/site-packages/airflow/example_dags/example_branch_operator.py
[2021-09-27 03:56:53,932] {processor.py:623} INFO - DAG(s) dict_keys(['example_branch_operator']) retrieved from /home/airflow/.local/lib/python3.8/site-packages/airflow/example_dags/example_branch_operator.py
[2021-09-27 03:56:53,946] {logging_mixin.py:109} INFO - [2021-09-27 03:56:53,946] {dag.py:1833} INFO - Sync 1 DAGs
[2021-09-27 03:56:53,957] {logging_mixin.py:109} INFO - [2021-09-27 03:56:53,957] {dag.py:2306} INFO - Setting next_dagrun for example_branch_operator to 2021-09-25 00:00:00+00:00
[2021-09-27 03:56:53,965] {processor.py:170} INFO - Processing /home/airflow/.local/lib/python3.8/site-packages/airflow/example_dags/example_branch_operator.py took 0.045 seconds
[2021-09-27 03:57:24,253] {processor.py:162} INFO - Started process (PID=861) to work on /home/airflow/.local/lib/python3.8/site-packages/airflow/example_dags/example_branch_operator.py
[2021-09-27 03:57:24,254] {processor.py:613} INFO - Processing file /home/airflow/.local/lib/python3.8/site-packages/airflow/example_dags/example_branch_operator.py for tasks to queue
[2021-09-27 03:57:24,254] {logging_mixin.py:109} INFO - [2021-09-27 03:57:24,254] {dagbag.py:496} INFO - Filling up the DagBag from /home/airflow/.local/lib/python3.8/site-packages/airflow/example_dags/example_branch_operator.py
[2021-09-27 03:57:24,264] {processor.py:623} INFO - DAG(s) dict_keys(['example_branch_operator']) retrieved from /home/airflow/.local/lib/python3.8/site-packages/airflow/example_dags/example_branch_operator.py
[2021-09-27 03:57:24,279] {logging_mixin.py:109} INFO - [2021-09-27 03:57:24,279] {dag.py:1833} INFO - Sync 1 DAGs
[2021-09-27 03:57:24,291] {logging_mixin.py:109} INFO - [2021-09-27 03:57:24,291] {dag.py:2306} INFO - Setting next_dagrun for example_branch_operator to 2021-09-25 00:00:00+00:00
[2021-09-27 03:57:24,299] {processor.py:170} INFO - Processing /home/airflow/.local/lib/python3.8/site-packages/airflow/example_dags/example_branch_operator.py took 0.047 seconds
[2021-09-27 03:57:54,556] {processor.py:162} INFO - Started process (PID=914) to work on /home/airflow/.local/lib/python3.8/site-packages/airflow/example_dags/example_branch_operator.py
[2021-09-27 03:57:54,557] {processor.py:613} INFO - Processing file /home/airflow/.local/lib/python3.8/site-packages/airflow/example_dags/example_branch_operator.py for tasks to queue
[2021-09-27 03:57:54,557] {logging_mixin.py:109} INFO - [2021-09-27 03:57:54,557] {dagbag.py:496} INFO - Filling up the DagBag from /home/airflow/.local/lib/python3.8/site-packages/airflow/example_dags/example_branch_operator.py
[2021-09-27 03:57:54,566] {processor.py:623} INFO - DAG(s) dict_keys(['example_branch_operator']) retrieved from /home/airflow/.local/lib/python3.8/site-packages/airflow/example_dags/example_branch_operator.py
[2021-09-27 03:57:54,582] {logging_mixin.py:109} INFO - [2021-09-27 03:57:54,582] {dag.py:1833} INFO - Sync 1 DAGs
[2021-09-27 03:57:54,594] {logging_mixin.py:109} INFO - [2021-09-27 03:57:54,594] {dag.py:2306} INFO - Setting next_dagrun for example_branch_operator to 2021-09-25 00:00:00+00:00
[2021-09-27 03:57:54,602] {processor.py:170} INFO - Processing /home/airflow/.local/lib/python3.8/site-packages/airflow/example_dags/example_branch_operator.py took 0.048 seconds
[2021-09-27 03:58:24,841] {processor.py:162} INFO - Started process (PID=967) to work on /home/airflow/.local/lib/python3.8/site-packages/airflow/example_dags/example_branch_operator.py
[2021-09-27 03:58:24,842] {processor.py:613} INFO - Processing file /home/airflow/.local/lib/python3.8/site-packages/airflow/example_dags/example_branch_operator.py for tasks to queue
[2021-09-27 03:58:24,842] {logging_mixin.py:109} INFO - [2021-09-27 03:58:24,842] {dagbag.py:496} INFO - Filling up the DagBag from /home/airflow/.local/lib/python3.8/site-packages/airflow/example_dags/example_branch_operator.py
[2021-09-27 03:58:24,852] {processor.py:623} INFO - DAG(s) dict_keys(['example_branch_operator']) retrieved from /home/airflow/.local/lib/python3.8/site-packages/airflow/example_dags/example_branch_operator.py
[2021-09-27 03:58:24,871] {logging_mixin.py:109} INFO - [2021-09-27 03:58:24,870] {dag.py:1833} INFO - Sync 1 DAGs
[2021-09-27 03:58:24,884] {logging_mixin.py:109} INFO - [2021-09-27 03:58:24,884] {dag.py:2306} INFO - Setting next_dagrun for example_branch_operator to 2021-09-25 00:00:00+00:00
[2021-09-27 03:58:24,894] {processor.py:170} INFO - Processing /home/airflow/.local/lib/python3.8/site-packages/airflow/example_dags/example_branch_operator.py took 0.055 seconds
