[2021-09-27 03:24:51,449] {processor.py:162} INFO - Started process (PID=33) to work on /home/airflow/.local/lib/python3.8/site-packages/airflow/example_dags/example_branch_labels.py
[2021-09-27 03:24:51,450] {processor.py:613} INFO - Processing file /home/airflow/.local/lib/python3.8/site-packages/airflow/example_dags/example_branch_labels.py for tasks to queue
[2021-09-27 03:24:51,450] {logging_mixin.py:109} INFO - [2021-09-27 03:24:51,450] {dagbag.py:496} INFO - Filling up the DagBag from /home/airflow/.local/lib/python3.8/site-packages/airflow/example_dags/example_branch_labels.py
[2021-09-27 03:24:51,463] {processor.py:623} INFO - DAG(s) dict_keys(['example_branch_labels']) retrieved from /home/airflow/.local/lib/python3.8/site-packages/airflow/example_dags/example_branch_labels.py
[2021-09-27 03:24:51,838] {logging_mixin.py:109} INFO - [2021-09-27 03:24:51,837] {dag.py:1833} INFO - Sync 1 DAGs
[2021-09-27 03:24:51,851] {logging_mixin.py:109} INFO - [2021-09-27 03:24:51,851] {dag.py:2306} INFO - Setting next_dagrun for example_branch_labels to 2021-09-25 00:00:00+00:00
[2021-09-27 03:24:51,863] {processor.py:170} INFO - Processing /home/airflow/.local/lib/python3.8/site-packages/airflow/example_dags/example_branch_labels.py took 0.417 seconds
[2021-09-27 03:25:22,477] {processor.py:162} INFO - Started process (PID=87) to work on /home/airflow/.local/lib/python3.8/site-packages/airflow/example_dags/example_branch_labels.py
[2021-09-27 03:25:22,478] {processor.py:613} INFO - Processing file /home/airflow/.local/lib/python3.8/site-packages/airflow/example_dags/example_branch_labels.py for tasks to queue
[2021-09-27 03:25:22,478] {logging_mixin.py:109} INFO - [2021-09-27 03:25:22,478] {dagbag.py:496} INFO - Filling up the DagBag from /home/airflow/.local/lib/python3.8/site-packages/airflow/example_dags/example_branch_labels.py
[2021-09-27 03:25:22,487] {processor.py:623} INFO - DAG(s) dict_keys(['example_branch_labels']) retrieved from /home/airflow/.local/lib/python3.8/site-packages/airflow/example_dags/example_branch_labels.py
[2021-09-27 03:25:22,504] {logging_mixin.py:109} INFO - [2021-09-27 03:25:22,504] {dag.py:1833} INFO - Sync 1 DAGs
[2021-09-27 03:25:22,515] {logging_mixin.py:109} INFO - [2021-09-27 03:25:22,515] {dag.py:2306} INFO - Setting next_dagrun for example_branch_labels to 2021-09-25 00:00:00+00:00
[2021-09-27 03:25:22,523] {processor.py:170} INFO - Processing /home/airflow/.local/lib/python3.8/site-packages/airflow/example_dags/example_branch_labels.py took 0.049 seconds
[2021-09-27 03:25:53,053] {processor.py:162} INFO - Started process (PID=140) to work on /home/airflow/.local/lib/python3.8/site-packages/airflow/example_dags/example_branch_labels.py
[2021-09-27 03:25:53,054] {processor.py:613} INFO - Processing file /home/airflow/.local/lib/python3.8/site-packages/airflow/example_dags/example_branch_labels.py for tasks to queue
[2021-09-27 03:25:53,055] {logging_mixin.py:109} INFO - [2021-09-27 03:25:53,055] {dagbag.py:496} INFO - Filling up the DagBag from /home/airflow/.local/lib/python3.8/site-packages/airflow/example_dags/example_branch_labels.py
[2021-09-27 03:25:53,074] {processor.py:623} INFO - DAG(s) dict_keys(['example_branch_labels']) retrieved from /home/airflow/.local/lib/python3.8/site-packages/airflow/example_dags/example_branch_labels.py
[2021-09-27 03:25:53,111] {logging_mixin.py:109} INFO - [2021-09-27 03:25:53,111] {dag.py:1833} INFO - Sync 1 DAGs
[2021-09-27 03:25:53,152] {logging_mixin.py:109} INFO - [2021-09-27 03:25:53,151] {dag.py:2306} INFO - Setting next_dagrun for example_branch_labels to 2021-09-25 00:00:00+00:00
[2021-09-27 03:25:53,165] {processor.py:170} INFO - Processing /home/airflow/.local/lib/python3.8/site-packages/airflow/example_dags/example_branch_labels.py took 0.115 seconds
[2021-09-27 03:26:24,153] {processor.py:162} INFO - Started process (PID=193) to work on /home/airflow/.local/lib/python3.8/site-packages/airflow/example_dags/example_branch_labels.py
[2021-09-27 03:26:24,155] {processor.py:613} INFO - Processing file /home/airflow/.local/lib/python3.8/site-packages/airflow/example_dags/example_branch_labels.py for tasks to queue
[2021-09-27 03:26:24,156] {logging_mixin.py:109} INFO - [2021-09-27 03:26:24,156] {dagbag.py:496} INFO - Filling up the DagBag from /home/airflow/.local/lib/python3.8/site-packages/airflow/example_dags/example_branch_labels.py
[2021-09-27 03:26:24,164] {processor.py:623} INFO - DAG(s) dict_keys(['example_branch_labels']) retrieved from /home/airflow/.local/lib/python3.8/site-packages/airflow/example_dags/example_branch_labels.py
[2021-09-27 03:26:24,182] {logging_mixin.py:109} INFO - [2021-09-27 03:26:24,181] {dag.py:1833} INFO - Sync 1 DAGs
[2021-09-27 03:26:24,193] {logging_mixin.py:109} INFO - [2021-09-27 03:26:24,193] {dag.py:2306} INFO - Setting next_dagrun for example_branch_labels to 2021-09-25 00:00:00+00:00
[2021-09-27 03:26:24,203] {processor.py:170} INFO - Processing /home/airflow/.local/lib/python3.8/site-packages/airflow/example_dags/example_branch_labels.py took 0.052 seconds
[2021-09-27 03:26:54,585] {processor.py:162} INFO - Started process (PID=239) to work on /home/airflow/.local/lib/python3.8/site-packages/airflow/example_dags/example_branch_labels.py
[2021-09-27 03:26:54,586] {processor.py:613} INFO - Processing file /home/airflow/.local/lib/python3.8/site-packages/airflow/example_dags/example_branch_labels.py for tasks to queue
[2021-09-27 03:26:54,586] {logging_mixin.py:109} INFO - [2021-09-27 03:26:54,586] {dagbag.py:496} INFO - Filling up the DagBag from /home/airflow/.local/lib/python3.8/site-packages/airflow/example_dags/example_branch_labels.py
[2021-09-27 03:26:54,594] {processor.py:623} INFO - DAG(s) dict_keys(['example_branch_labels']) retrieved from /home/airflow/.local/lib/python3.8/site-packages/airflow/example_dags/example_branch_labels.py
[2021-09-27 03:26:54,609] {logging_mixin.py:109} INFO - [2021-09-27 03:26:54,609] {dag.py:1833} INFO - Sync 1 DAGs
[2021-09-27 03:26:54,620] {logging_mixin.py:109} INFO - [2021-09-27 03:26:54,620] {dag.py:2306} INFO - Setting next_dagrun for example_branch_labels to 2021-09-25 00:00:00+00:00
[2021-09-27 03:26:54,628] {processor.py:170} INFO - Processing /home/airflow/.local/lib/python3.8/site-packages/airflow/example_dags/example_branch_labels.py took 0.045 seconds
[2021-09-27 03:27:24,784] {processor.py:162} INFO - Started process (PID=292) to work on /home/airflow/.local/lib/python3.8/site-packages/airflow/example_dags/example_branch_labels.py
[2021-09-27 03:27:24,785] {processor.py:613} INFO - Processing file /home/airflow/.local/lib/python3.8/site-packages/airflow/example_dags/example_branch_labels.py for tasks to queue
[2021-09-27 03:27:24,786] {logging_mixin.py:109} INFO - [2021-09-27 03:27:24,786] {dagbag.py:496} INFO - Filling up the DagBag from /home/airflow/.local/lib/python3.8/site-packages/airflow/example_dags/example_branch_labels.py
[2021-09-27 03:27:24,793] {processor.py:623} INFO - DAG(s) dict_keys(['example_branch_labels']) retrieved from /home/airflow/.local/lib/python3.8/site-packages/airflow/example_dags/example_branch_labels.py
[2021-09-27 03:27:24,809] {logging_mixin.py:109} INFO - [2021-09-27 03:27:24,809] {dag.py:1833} INFO - Sync 1 DAGs
[2021-09-27 03:27:24,822] {logging_mixin.py:109} INFO - [2021-09-27 03:27:24,822] {dag.py:2306} INFO - Setting next_dagrun for example_branch_labels to 2021-09-25 00:00:00+00:00
[2021-09-27 03:27:24,834] {processor.py:170} INFO - Processing /home/airflow/.local/lib/python3.8/site-packages/airflow/example_dags/example_branch_labels.py took 0.051 seconds
[2021-09-27 03:27:54,899] {processor.py:162} INFO - Started process (PID=345) to work on /home/airflow/.local/lib/python3.8/site-packages/airflow/example_dags/example_branch_labels.py
[2021-09-27 03:27:54,899] {processor.py:613} INFO - Processing file /home/airflow/.local/lib/python3.8/site-packages/airflow/example_dags/example_branch_labels.py for tasks to queue
[2021-09-27 03:27:54,900] {logging_mixin.py:109} INFO - [2021-09-27 03:27:54,900] {dagbag.py:496} INFO - Filling up the DagBag from /home/airflow/.local/lib/python3.8/site-packages/airflow/example_dags/example_branch_labels.py
[2021-09-27 03:27:54,907] {processor.py:623} INFO - DAG(s) dict_keys(['example_branch_labels']) retrieved from /home/airflow/.local/lib/python3.8/site-packages/airflow/example_dags/example_branch_labels.py
[2021-09-27 03:27:54,924] {logging_mixin.py:109} INFO - [2021-09-27 03:27:54,923] {dag.py:1833} INFO - Sync 1 DAGs
[2021-09-27 03:27:54,937] {logging_mixin.py:109} INFO - [2021-09-27 03:27:54,937] {dag.py:2306} INFO - Setting next_dagrun for example_branch_labels to 2021-09-25 00:00:00+00:00
[2021-09-27 03:27:54,952] {processor.py:170} INFO - Processing /home/airflow/.local/lib/python3.8/site-packages/airflow/example_dags/example_branch_labels.py took 0.056 seconds
[2021-09-27 03:28:25,319] {processor.py:162} INFO - Started process (PID=400) to work on /home/airflow/.local/lib/python3.8/site-packages/airflow/example_dags/example_branch_labels.py
[2021-09-27 03:28:25,320] {processor.py:613} INFO - Processing file /home/airflow/.local/lib/python3.8/site-packages/airflow/example_dags/example_branch_labels.py for tasks to queue
[2021-09-27 03:28:25,320] {logging_mixin.py:109} INFO - [2021-09-27 03:28:25,320] {dagbag.py:496} INFO - Filling up the DagBag from /home/airflow/.local/lib/python3.8/site-packages/airflow/example_dags/example_branch_labels.py
[2021-09-27 03:28:25,329] {processor.py:623} INFO - DAG(s) dict_keys(['example_branch_labels']) retrieved from /home/airflow/.local/lib/python3.8/site-packages/airflow/example_dags/example_branch_labels.py
[2021-09-27 03:28:25,346] {logging_mixin.py:109} INFO - [2021-09-27 03:28:25,346] {dag.py:1833} INFO - Sync 1 DAGs
[2021-09-27 03:28:25,366] {logging_mixin.py:109} INFO - [2021-09-27 03:28:25,366] {dag.py:2306} INFO - Setting next_dagrun for example_branch_labels to 2021-09-25 00:00:00+00:00
[2021-09-27 03:28:25,404] {processor.py:170} INFO - Processing /home/airflow/.local/lib/python3.8/site-packages/airflow/example_dags/example_branch_labels.py took 0.087 seconds
[2021-09-27 03:28:55,638] {processor.py:162} INFO - Started process (PID=446) to work on /home/airflow/.local/lib/python3.8/site-packages/airflow/example_dags/example_branch_labels.py
[2021-09-27 03:28:55,639] {processor.py:613} INFO - Processing file /home/airflow/.local/lib/python3.8/site-packages/airflow/example_dags/example_branch_labels.py for tasks to queue
[2021-09-27 03:28:55,640] {logging_mixin.py:109} INFO - [2021-09-27 03:28:55,639] {dagbag.py:496} INFO - Filling up the DagBag from /home/airflow/.local/lib/python3.8/site-packages/airflow/example_dags/example_branch_labels.py
[2021-09-27 03:28:55,647] {processor.py:623} INFO - DAG(s) dict_keys(['example_branch_labels']) retrieved from /home/airflow/.local/lib/python3.8/site-packages/airflow/example_dags/example_branch_labels.py
[2021-09-27 03:28:55,661] {logging_mixin.py:109} INFO - [2021-09-27 03:28:55,661] {dag.py:1833} INFO - Sync 1 DAGs
[2021-09-27 03:28:55,673] {logging_mixin.py:109} INFO - [2021-09-27 03:28:55,673] {dag.py:2306} INFO - Setting next_dagrun for example_branch_labels to 2021-09-25 00:00:00+00:00
[2021-09-27 03:28:55,680] {processor.py:170} INFO - Processing /home/airflow/.local/lib/python3.8/site-packages/airflow/example_dags/example_branch_labels.py took 0.043 seconds
[2021-09-27 03:29:25,906] {processor.py:162} INFO - Started process (PID=499) to work on /home/airflow/.local/lib/python3.8/site-packages/airflow/example_dags/example_branch_labels.py
[2021-09-27 03:29:25,906] {processor.py:613} INFO - Processing file /home/airflow/.local/lib/python3.8/site-packages/airflow/example_dags/example_branch_labels.py for tasks to queue
[2021-09-27 03:29:25,907] {logging_mixin.py:109} INFO - [2021-09-27 03:29:25,907] {dagbag.py:496} INFO - Filling up the DagBag from /home/airflow/.local/lib/python3.8/site-packages/airflow/example_dags/example_branch_labels.py
[2021-09-27 03:29:25,914] {processor.py:623} INFO - DAG(s) dict_keys(['example_branch_labels']) retrieved from /home/airflow/.local/lib/python3.8/site-packages/airflow/example_dags/example_branch_labels.py
[2021-09-27 03:29:25,929] {logging_mixin.py:109} INFO - [2021-09-27 03:29:25,929] {dag.py:1833} INFO - Sync 1 DAGs
[2021-09-27 03:29:25,940] {logging_mixin.py:109} INFO - [2021-09-27 03:29:25,940] {dag.py:2306} INFO - Setting next_dagrun for example_branch_labels to 2021-09-25 00:00:00+00:00
[2021-09-27 03:29:25,947] {processor.py:170} INFO - Processing /home/airflow/.local/lib/python3.8/site-packages/airflow/example_dags/example_branch_labels.py took 0.043 seconds
[2021-09-27 03:29:55,981] {processor.py:162} INFO - Started process (PID=552) to work on /home/airflow/.local/lib/python3.8/site-packages/airflow/example_dags/example_branch_labels.py
[2021-09-27 03:29:55,982] {processor.py:613} INFO - Processing file /home/airflow/.local/lib/python3.8/site-packages/airflow/example_dags/example_branch_labels.py for tasks to queue
[2021-09-27 03:29:55,983] {logging_mixin.py:109} INFO - [2021-09-27 03:29:55,982] {dagbag.py:496} INFO - Filling up the DagBag from /home/airflow/.local/lib/python3.8/site-packages/airflow/example_dags/example_branch_labels.py
[2021-09-27 03:29:55,990] {processor.py:623} INFO - DAG(s) dict_keys(['example_branch_labels']) retrieved from /home/airflow/.local/lib/python3.8/site-packages/airflow/example_dags/example_branch_labels.py
[2021-09-27 03:29:56,004] {logging_mixin.py:109} INFO - [2021-09-27 03:29:56,004] {dag.py:1833} INFO - Sync 1 DAGs
[2021-09-27 03:29:56,015] {logging_mixin.py:109} INFO - [2021-09-27 03:29:56,015] {dag.py:2306} INFO - Setting next_dagrun for example_branch_labels to 2021-09-25 00:00:00+00:00
[2021-09-27 03:29:56,031] {processor.py:170} INFO - Processing /home/airflow/.local/lib/python3.8/site-packages/airflow/example_dags/example_branch_labels.py took 0.051 seconds
[2021-09-27 03:30:26,189] {processor.py:162} INFO - Started process (PID=605) to work on /home/airflow/.local/lib/python3.8/site-packages/airflow/example_dags/example_branch_labels.py
[2021-09-27 03:30:26,189] {processor.py:613} INFO - Processing file /home/airflow/.local/lib/python3.8/site-packages/airflow/example_dags/example_branch_labels.py for tasks to queue
[2021-09-27 03:30:26,190] {logging_mixin.py:109} INFO - [2021-09-27 03:30:26,190] {dagbag.py:496} INFO - Filling up the DagBag from /home/airflow/.local/lib/python3.8/site-packages/airflow/example_dags/example_branch_labels.py
[2021-09-27 03:30:26,199] {processor.py:623} INFO - DAG(s) dict_keys(['example_branch_labels']) retrieved from /home/airflow/.local/lib/python3.8/site-packages/airflow/example_dags/example_branch_labels.py
[2021-09-27 03:30:26,215] {logging_mixin.py:109} INFO - [2021-09-27 03:30:26,215] {dag.py:1833} INFO - Sync 1 DAGs
[2021-09-27 03:30:26,228] {logging_mixin.py:109} INFO - [2021-09-27 03:30:26,228] {dag.py:2306} INFO - Setting next_dagrun for example_branch_labels to 2021-09-25 00:00:00+00:00
[2021-09-27 03:30:26,236] {processor.py:170} INFO - Processing /home/airflow/.local/lib/python3.8/site-packages/airflow/example_dags/example_branch_labels.py took 0.049 seconds
[2021-09-27 03:30:56,426] {processor.py:162} INFO - Started process (PID=651) to work on /home/airflow/.local/lib/python3.8/site-packages/airflow/example_dags/example_branch_labels.py
[2021-09-27 03:30:56,428] {processor.py:613} INFO - Processing file /home/airflow/.local/lib/python3.8/site-packages/airflow/example_dags/example_branch_labels.py for tasks to queue
[2021-09-27 03:30:56,428] {logging_mixin.py:109} INFO - [2021-09-27 03:30:56,428] {dagbag.py:496} INFO - Filling up the DagBag from /home/airflow/.local/lib/python3.8/site-packages/airflow/example_dags/example_branch_labels.py
[2021-09-27 03:30:56,434] {processor.py:623} INFO - DAG(s) dict_keys(['example_branch_labels']) retrieved from /home/airflow/.local/lib/python3.8/site-packages/airflow/example_dags/example_branch_labels.py
[2021-09-27 03:30:56,449] {logging_mixin.py:109} INFO - [2021-09-27 03:30:56,449] {dag.py:1833} INFO - Sync 1 DAGs
[2021-09-27 03:30:56,462] {logging_mixin.py:109} INFO - [2021-09-27 03:30:56,461] {dag.py:2306} INFO - Setting next_dagrun for example_branch_labels to 2021-09-25 00:00:00+00:00
[2021-09-27 03:30:56,469] {processor.py:170} INFO - Processing /home/airflow/.local/lib/python3.8/site-packages/airflow/example_dags/example_branch_labels.py took 0.045 seconds
[2021-09-27 03:31:26,644] {processor.py:162} INFO - Started process (PID=704) to work on /home/airflow/.local/lib/python3.8/site-packages/airflow/example_dags/example_branch_labels.py
[2021-09-27 03:31:26,645] {processor.py:613} INFO - Processing file /home/airflow/.local/lib/python3.8/site-packages/airflow/example_dags/example_branch_labels.py for tasks to queue
[2021-09-27 03:31:26,646] {logging_mixin.py:109} INFO - [2021-09-27 03:31:26,645] {dagbag.py:496} INFO - Filling up the DagBag from /home/airflow/.local/lib/python3.8/site-packages/airflow/example_dags/example_branch_labels.py
[2021-09-27 03:31:26,652] {processor.py:623} INFO - DAG(s) dict_keys(['example_branch_labels']) retrieved from /home/airflow/.local/lib/python3.8/site-packages/airflow/example_dags/example_branch_labels.py
[2021-09-27 03:31:26,667] {logging_mixin.py:109} INFO - [2021-09-27 03:31:26,667] {dag.py:1833} INFO - Sync 1 DAGs
[2021-09-27 03:31:26,678] {logging_mixin.py:109} INFO - [2021-09-27 03:31:26,678] {dag.py:2306} INFO - Setting next_dagrun for example_branch_labels to 2021-09-25 00:00:00+00:00
[2021-09-27 03:31:26,694] {processor.py:170} INFO - Processing /home/airflow/.local/lib/python3.8/site-packages/airflow/example_dags/example_branch_labels.py took 0.052 seconds
[2021-09-27 03:31:56,901] {processor.py:162} INFO - Started process (PID=757) to work on /home/airflow/.local/lib/python3.8/site-packages/airflow/example_dags/example_branch_labels.py
[2021-09-27 03:31:56,902] {processor.py:613} INFO - Processing file /home/airflow/.local/lib/python3.8/site-packages/airflow/example_dags/example_branch_labels.py for tasks to queue
[2021-09-27 03:31:56,903] {logging_mixin.py:109} INFO - [2021-09-27 03:31:56,903] {dagbag.py:496} INFO - Filling up the DagBag from /home/airflow/.local/lib/python3.8/site-packages/airflow/example_dags/example_branch_labels.py
[2021-09-27 03:31:56,910] {processor.py:623} INFO - DAG(s) dict_keys(['example_branch_labels']) retrieved from /home/airflow/.local/lib/python3.8/site-packages/airflow/example_dags/example_branch_labels.py
[2021-09-27 03:31:56,924] {logging_mixin.py:109} INFO - [2021-09-27 03:31:56,923] {dag.py:1833} INFO - Sync 1 DAGs
[2021-09-27 03:31:56,935] {logging_mixin.py:109} INFO - [2021-09-27 03:31:56,935] {dag.py:2306} INFO - Setting next_dagrun for example_branch_labels to 2021-09-25 00:00:00+00:00
[2021-09-27 03:31:56,942] {processor.py:170} INFO - Processing /home/airflow/.local/lib/python3.8/site-packages/airflow/example_dags/example_branch_labels.py took 0.043 seconds
[2021-09-27 03:32:27,154] {processor.py:162} INFO - Started process (PID=810) to work on /home/airflow/.local/lib/python3.8/site-packages/airflow/example_dags/example_branch_labels.py
[2021-09-27 03:32:27,155] {processor.py:613} INFO - Processing file /home/airflow/.local/lib/python3.8/site-packages/airflow/example_dags/example_branch_labels.py for tasks to queue
[2021-09-27 03:32:27,155] {logging_mixin.py:109} INFO - [2021-09-27 03:32:27,155] {dagbag.py:496} INFO - Filling up the DagBag from /home/airflow/.local/lib/python3.8/site-packages/airflow/example_dags/example_branch_labels.py
[2021-09-27 03:32:27,163] {processor.py:623} INFO - DAG(s) dict_keys(['example_branch_labels']) retrieved from /home/airflow/.local/lib/python3.8/site-packages/airflow/example_dags/example_branch_labels.py
[2021-09-27 03:32:27,180] {logging_mixin.py:109} INFO - [2021-09-27 03:32:27,180] {dag.py:1833} INFO - Sync 1 DAGs
[2021-09-27 03:32:27,194] {logging_mixin.py:109} INFO - [2021-09-27 03:32:27,194] {dag.py:2306} INFO - Setting next_dagrun for example_branch_labels to 2021-09-25 00:00:00+00:00
[2021-09-27 03:32:27,202] {processor.py:170} INFO - Processing /home/airflow/.local/lib/python3.8/site-packages/airflow/example_dags/example_branch_labels.py took 0.050 seconds
[2021-09-27 03:32:57,483] {processor.py:162} INFO - Started process (PID=856) to work on /home/airflow/.local/lib/python3.8/site-packages/airflow/example_dags/example_branch_labels.py
[2021-09-27 03:32:57,484] {processor.py:613} INFO - Processing file /home/airflow/.local/lib/python3.8/site-packages/airflow/example_dags/example_branch_labels.py for tasks to queue
[2021-09-27 03:32:57,484] {logging_mixin.py:109} INFO - [2021-09-27 03:32:57,484] {dagbag.py:496} INFO - Filling up the DagBag from /home/airflow/.local/lib/python3.8/site-packages/airflow/example_dags/example_branch_labels.py
[2021-09-27 03:32:57,491] {processor.py:623} INFO - DAG(s) dict_keys(['example_branch_labels']) retrieved from /home/airflow/.local/lib/python3.8/site-packages/airflow/example_dags/example_branch_labels.py
[2021-09-27 03:32:57,506] {logging_mixin.py:109} INFO - [2021-09-27 03:32:57,505] {dag.py:1833} INFO - Sync 1 DAGs
[2021-09-27 03:32:57,517] {logging_mixin.py:109} INFO - [2021-09-27 03:32:57,517] {dag.py:2306} INFO - Setting next_dagrun for example_branch_labels to 2021-09-25 00:00:00+00:00
[2021-09-27 03:32:57,524] {processor.py:170} INFO - Processing /home/airflow/.local/lib/python3.8/site-packages/airflow/example_dags/example_branch_labels.py took 0.043 seconds
[2021-09-27 03:33:27,596] {processor.py:162} INFO - Started process (PID=909) to work on /home/airflow/.local/lib/python3.8/site-packages/airflow/example_dags/example_branch_labels.py
[2021-09-27 03:33:27,596] {processor.py:613} INFO - Processing file /home/airflow/.local/lib/python3.8/site-packages/airflow/example_dags/example_branch_labels.py for tasks to queue
[2021-09-27 03:33:27,597] {logging_mixin.py:109} INFO - [2021-09-27 03:33:27,597] {dagbag.py:496} INFO - Filling up the DagBag from /home/airflow/.local/lib/python3.8/site-packages/airflow/example_dags/example_branch_labels.py
[2021-09-27 03:33:27,604] {processor.py:623} INFO - DAG(s) dict_keys(['example_branch_labels']) retrieved from /home/airflow/.local/lib/python3.8/site-packages/airflow/example_dags/example_branch_labels.py
[2021-09-27 03:33:27,619] {logging_mixin.py:109} INFO - [2021-09-27 03:33:27,619] {dag.py:1833} INFO - Sync 1 DAGs
[2021-09-27 03:33:27,630] {logging_mixin.py:109} INFO - [2021-09-27 03:33:27,630] {dag.py:2306} INFO - Setting next_dagrun for example_branch_labels to 2021-09-25 00:00:00+00:00
[2021-09-27 03:33:27,647] {processor.py:170} INFO - Processing /home/airflow/.local/lib/python3.8/site-packages/airflow/example_dags/example_branch_labels.py took 0.053 seconds
[2021-09-27 03:33:57,858] {processor.py:162} INFO - Started process (PID=962) to work on /home/airflow/.local/lib/python3.8/site-packages/airflow/example_dags/example_branch_labels.py
[2021-09-27 03:33:57,859] {processor.py:613} INFO - Processing file /home/airflow/.local/lib/python3.8/site-packages/airflow/example_dags/example_branch_labels.py for tasks to queue
[2021-09-27 03:33:57,859] {logging_mixin.py:109} INFO - [2021-09-27 03:33:57,859] {dagbag.py:496} INFO - Filling up the DagBag from /home/airflow/.local/lib/python3.8/site-packages/airflow/example_dags/example_branch_labels.py
[2021-09-27 03:33:57,866] {processor.py:623} INFO - DAG(s) dict_keys(['example_branch_labels']) retrieved from /home/airflow/.local/lib/python3.8/site-packages/airflow/example_dags/example_branch_labels.py
[2021-09-27 03:33:57,883] {logging_mixin.py:109} INFO - [2021-09-27 03:33:57,883] {dag.py:1833} INFO - Sync 1 DAGs
[2021-09-27 03:33:57,895] {logging_mixin.py:109} INFO - [2021-09-27 03:33:57,895] {dag.py:2306} INFO - Setting next_dagrun for example_branch_labels to 2021-09-25 00:00:00+00:00
[2021-09-27 03:33:57,904] {processor.py:170} INFO - Processing /home/airflow/.local/lib/python3.8/site-packages/airflow/example_dags/example_branch_labels.py took 0.048 seconds
[2021-09-27 03:34:28,120] {processor.py:162} INFO - Started process (PID=1008) to work on /home/airflow/.local/lib/python3.8/site-packages/airflow/example_dags/example_branch_labels.py
[2021-09-27 03:34:28,120] {processor.py:613} INFO - Processing file /home/airflow/.local/lib/python3.8/site-packages/airflow/example_dags/example_branch_labels.py for tasks to queue
[2021-09-27 03:34:28,121] {logging_mixin.py:109} INFO - [2021-09-27 03:34:28,121] {dagbag.py:496} INFO - Filling up the DagBag from /home/airflow/.local/lib/python3.8/site-packages/airflow/example_dags/example_branch_labels.py
[2021-09-27 03:34:28,129] {processor.py:623} INFO - DAG(s) dict_keys(['example_branch_labels']) retrieved from /home/airflow/.local/lib/python3.8/site-packages/airflow/example_dags/example_branch_labels.py
[2021-09-27 03:34:28,144] {logging_mixin.py:109} INFO - [2021-09-27 03:34:28,144] {dag.py:1833} INFO - Sync 1 DAGs
[2021-09-27 03:34:28,156] {logging_mixin.py:109} INFO - [2021-09-27 03:34:28,156] {dag.py:2306} INFO - Setting next_dagrun for example_branch_labels to 2021-09-25 00:00:00+00:00
[2021-09-27 03:34:28,164] {processor.py:170} INFO - Processing /home/airflow/.local/lib/python3.8/site-packages/airflow/example_dags/example_branch_labels.py took 0.046 seconds
[2021-09-27 03:34:58,537] {processor.py:162} INFO - Started process (PID=1061) to work on /home/airflow/.local/lib/python3.8/site-packages/airflow/example_dags/example_branch_labels.py
[2021-09-27 03:34:58,538] {processor.py:613} INFO - Processing file /home/airflow/.local/lib/python3.8/site-packages/airflow/example_dags/example_branch_labels.py for tasks to queue
[2021-09-27 03:34:58,539] {logging_mixin.py:109} INFO - [2021-09-27 03:34:58,539] {dagbag.py:496} INFO - Filling up the DagBag from /home/airflow/.local/lib/python3.8/site-packages/airflow/example_dags/example_branch_labels.py
[2021-09-27 03:34:58,547] {processor.py:623} INFO - DAG(s) dict_keys(['example_branch_labels']) retrieved from /home/airflow/.local/lib/python3.8/site-packages/airflow/example_dags/example_branch_labels.py
[2021-09-27 03:34:58,563] {logging_mixin.py:109} INFO - [2021-09-27 03:34:58,562] {dag.py:1833} INFO - Sync 1 DAGs
[2021-09-27 03:34:58,576] {logging_mixin.py:109} INFO - [2021-09-27 03:34:58,576] {dag.py:2306} INFO - Setting next_dagrun for example_branch_labels to 2021-09-25 00:00:00+00:00
[2021-09-27 03:34:58,583] {processor.py:170} INFO - Processing /home/airflow/.local/lib/python3.8/site-packages/airflow/example_dags/example_branch_labels.py took 0.047 seconds
[2021-09-27 03:35:28,860] {processor.py:162} INFO - Started process (PID=1115) to work on /home/airflow/.local/lib/python3.8/site-packages/airflow/example_dags/example_branch_labels.py
[2021-09-27 03:35:28,861] {processor.py:613} INFO - Processing file /home/airflow/.local/lib/python3.8/site-packages/airflow/example_dags/example_branch_labels.py for tasks to queue
[2021-09-27 03:35:28,862] {logging_mixin.py:109} INFO - [2021-09-27 03:35:28,862] {dagbag.py:496} INFO - Filling up the DagBag from /home/airflow/.local/lib/python3.8/site-packages/airflow/example_dags/example_branch_labels.py
[2021-09-27 03:35:28,869] {processor.py:623} INFO - DAG(s) dict_keys(['example_branch_labels']) retrieved from /home/airflow/.local/lib/python3.8/site-packages/airflow/example_dags/example_branch_labels.py
[2021-09-27 03:35:28,885] {logging_mixin.py:109} INFO - [2021-09-27 03:35:28,885] {dag.py:1833} INFO - Sync 1 DAGs
[2021-09-27 03:35:28,895] {logging_mixin.py:109} INFO - [2021-09-27 03:35:28,895] {dag.py:2306} INFO - Setting next_dagrun for example_branch_labels to 2021-09-25 00:00:00+00:00
[2021-09-27 03:35:28,911] {processor.py:170} INFO - Processing /home/airflow/.local/lib/python3.8/site-packages/airflow/example_dags/example_branch_labels.py took 0.053 seconds
[2021-09-27 03:35:59,154] {processor.py:162} INFO - Started process (PID=1168) to work on /home/airflow/.local/lib/python3.8/site-packages/airflow/example_dags/example_branch_labels.py
[2021-09-27 03:35:59,155] {processor.py:613} INFO - Processing file /home/airflow/.local/lib/python3.8/site-packages/airflow/example_dags/example_branch_labels.py for tasks to queue
[2021-09-27 03:35:59,156] {logging_mixin.py:109} INFO - [2021-09-27 03:35:59,156] {dagbag.py:496} INFO - Filling up the DagBag from /home/airflow/.local/lib/python3.8/site-packages/airflow/example_dags/example_branch_labels.py
[2021-09-27 03:35:59,163] {processor.py:623} INFO - DAG(s) dict_keys(['example_branch_labels']) retrieved from /home/airflow/.local/lib/python3.8/site-packages/airflow/example_dags/example_branch_labels.py
[2021-09-27 03:35:59,177] {logging_mixin.py:109} INFO - [2021-09-27 03:35:59,177] {dag.py:1833} INFO - Sync 1 DAGs
[2021-09-27 03:35:59,188] {logging_mixin.py:109} INFO - [2021-09-27 03:35:59,188] {dag.py:2306} INFO - Setting next_dagrun for example_branch_labels to 2021-09-25 00:00:00+00:00
[2021-09-27 03:35:59,203] {processor.py:170} INFO - Processing /home/airflow/.local/lib/python3.8/site-packages/airflow/example_dags/example_branch_labels.py took 0.051 seconds
[2021-09-27 03:36:29,464] {processor.py:162} INFO - Started process (PID=1215) to work on /home/airflow/.local/lib/python3.8/site-packages/airflow/example_dags/example_branch_labels.py
[2021-09-27 03:36:29,465] {processor.py:613} INFO - Processing file /home/airflow/.local/lib/python3.8/site-packages/airflow/example_dags/example_branch_labels.py for tasks to queue
[2021-09-27 03:36:29,465] {logging_mixin.py:109} INFO - [2021-09-27 03:36:29,465] {dagbag.py:496} INFO - Filling up the DagBag from /home/airflow/.local/lib/python3.8/site-packages/airflow/example_dags/example_branch_labels.py
[2021-09-27 03:36:29,472] {processor.py:623} INFO - DAG(s) dict_keys(['example_branch_labels']) retrieved from /home/airflow/.local/lib/python3.8/site-packages/airflow/example_dags/example_branch_labels.py
[2021-09-27 03:36:29,488] {logging_mixin.py:109} INFO - [2021-09-27 03:36:29,488] {dag.py:1833} INFO - Sync 1 DAGs
[2021-09-27 03:36:29,501] {logging_mixin.py:109} INFO - [2021-09-27 03:36:29,501] {dag.py:2306} INFO - Setting next_dagrun for example_branch_labels to 2021-09-25 00:00:00+00:00
[2021-09-27 03:36:29,509] {processor.py:170} INFO - Processing /home/airflow/.local/lib/python3.8/site-packages/airflow/example_dags/example_branch_labels.py took 0.049 seconds
[2021-09-27 03:36:59,703] {processor.py:162} INFO - Started process (PID=1268) to work on /home/airflow/.local/lib/python3.8/site-packages/airflow/example_dags/example_branch_labels.py
[2021-09-27 03:36:59,704] {processor.py:613} INFO - Processing file /home/airflow/.local/lib/python3.8/site-packages/airflow/example_dags/example_branch_labels.py for tasks to queue
[2021-09-27 03:36:59,705] {logging_mixin.py:109} INFO - [2021-09-27 03:36:59,705] {dagbag.py:496} INFO - Filling up the DagBag from /home/airflow/.local/lib/python3.8/site-packages/airflow/example_dags/example_branch_labels.py
[2021-09-27 03:36:59,713] {processor.py:623} INFO - DAG(s) dict_keys(['example_branch_labels']) retrieved from /home/airflow/.local/lib/python3.8/site-packages/airflow/example_dags/example_branch_labels.py
[2021-09-27 03:36:59,727] {logging_mixin.py:109} INFO - [2021-09-27 03:36:59,727] {dag.py:1833} INFO - Sync 1 DAGs
[2021-09-27 03:36:59,739] {logging_mixin.py:109} INFO - [2021-09-27 03:36:59,739] {dag.py:2306} INFO - Setting next_dagrun for example_branch_labels to 2021-09-25 00:00:00+00:00
[2021-09-27 03:36:59,747] {processor.py:170} INFO - Processing /home/airflow/.local/lib/python3.8/site-packages/airflow/example_dags/example_branch_labels.py took 0.046 seconds
[2021-09-27 03:37:29,965] {processor.py:162} INFO - Started process (PID=1321) to work on /home/airflow/.local/lib/python3.8/site-packages/airflow/example_dags/example_branch_labels.py
[2021-09-27 03:37:29,966] {processor.py:613} INFO - Processing file /home/airflow/.local/lib/python3.8/site-packages/airflow/example_dags/example_branch_labels.py for tasks to queue
[2021-09-27 03:37:29,967] {logging_mixin.py:109} INFO - [2021-09-27 03:37:29,967] {dagbag.py:496} INFO - Filling up the DagBag from /home/airflow/.local/lib/python3.8/site-packages/airflow/example_dags/example_branch_labels.py
[2021-09-27 03:37:29,973] {processor.py:623} INFO - DAG(s) dict_keys(['example_branch_labels']) retrieved from /home/airflow/.local/lib/python3.8/site-packages/airflow/example_dags/example_branch_labels.py
[2021-09-27 03:37:29,988] {logging_mixin.py:109} INFO - [2021-09-27 03:37:29,988] {dag.py:1833} INFO - Sync 1 DAGs
[2021-09-27 03:37:29,999] {logging_mixin.py:109} INFO - [2021-09-27 03:37:29,999] {dag.py:2306} INFO - Setting next_dagrun for example_branch_labels to 2021-09-25 00:00:00+00:00
[2021-09-27 03:37:30,006] {processor.py:170} INFO - Processing /home/airflow/.local/lib/python3.8/site-packages/airflow/example_dags/example_branch_labels.py took 0.043 seconds
[2021-09-27 03:38:00,247] {processor.py:162} INFO - Started process (PID=1375) to work on /home/airflow/.local/lib/python3.8/site-packages/airflow/example_dags/example_branch_labels.py
[2021-09-27 03:38:00,248] {processor.py:613} INFO - Processing file /home/airflow/.local/lib/python3.8/site-packages/airflow/example_dags/example_branch_labels.py for tasks to queue
[2021-09-27 03:38:00,249] {logging_mixin.py:109} INFO - [2021-09-27 03:38:00,249] {dagbag.py:496} INFO - Filling up the DagBag from /home/airflow/.local/lib/python3.8/site-packages/airflow/example_dags/example_branch_labels.py
[2021-09-27 03:38:00,259] {processor.py:623} INFO - DAG(s) dict_keys(['example_branch_labels']) retrieved from /home/airflow/.local/lib/python3.8/site-packages/airflow/example_dags/example_branch_labels.py
[2021-09-27 03:38:00,276] {logging_mixin.py:109} INFO - [2021-09-27 03:38:00,276] {dag.py:1833} INFO - Sync 1 DAGs
[2021-09-27 03:38:00,292] {logging_mixin.py:109} INFO - [2021-09-27 03:38:00,292] {dag.py:2306} INFO - Setting next_dagrun for example_branch_labels to 2021-09-25 00:00:00+00:00
[2021-09-27 03:38:00,308] {processor.py:170} INFO - Processing /home/airflow/.local/lib/python3.8/site-packages/airflow/example_dags/example_branch_labels.py took 0.063 seconds
[2021-09-27 03:38:30,712] {processor.py:162} INFO - Started process (PID=1421) to work on /home/airflow/.local/lib/python3.8/site-packages/airflow/example_dags/example_branch_labels.py
[2021-09-27 03:38:30,713] {processor.py:613} INFO - Processing file /home/airflow/.local/lib/python3.8/site-packages/airflow/example_dags/example_branch_labels.py for tasks to queue
[2021-09-27 03:38:30,714] {logging_mixin.py:109} INFO - [2021-09-27 03:38:30,714] {dagbag.py:496} INFO - Filling up the DagBag from /home/airflow/.local/lib/python3.8/site-packages/airflow/example_dags/example_branch_labels.py
[2021-09-27 03:38:30,725] {processor.py:623} INFO - DAG(s) dict_keys(['example_branch_labels']) retrieved from /home/airflow/.local/lib/python3.8/site-packages/airflow/example_dags/example_branch_labels.py
[2021-09-27 03:38:30,740] {logging_mixin.py:109} INFO - [2021-09-27 03:38:30,740] {dag.py:1833} INFO - Sync 1 DAGs
[2021-09-27 03:38:30,752] {logging_mixin.py:109} INFO - [2021-09-27 03:38:30,752] {dag.py:2306} INFO - Setting next_dagrun for example_branch_labels to 2021-09-25 00:00:00+00:00
[2021-09-27 03:38:30,767] {processor.py:170} INFO - Processing /home/airflow/.local/lib/python3.8/site-packages/airflow/example_dags/example_branch_labels.py took 0.057 seconds
[2021-09-27 03:39:01,086] {processor.py:162} INFO - Started process (PID=1474) to work on /home/airflow/.local/lib/python3.8/site-packages/airflow/example_dags/example_branch_labels.py
[2021-09-27 03:39:01,087] {processor.py:613} INFO - Processing file /home/airflow/.local/lib/python3.8/site-packages/airflow/example_dags/example_branch_labels.py for tasks to queue
[2021-09-27 03:39:01,088] {logging_mixin.py:109} INFO - [2021-09-27 03:39:01,088] {dagbag.py:496} INFO - Filling up the DagBag from /home/airflow/.local/lib/python3.8/site-packages/airflow/example_dags/example_branch_labels.py
[2021-09-27 03:39:01,099] {processor.py:623} INFO - DAG(s) dict_keys(['example_branch_labels']) retrieved from /home/airflow/.local/lib/python3.8/site-packages/airflow/example_dags/example_branch_labels.py
[2021-09-27 03:39:01,116] {logging_mixin.py:109} INFO - [2021-09-27 03:39:01,116] {dag.py:1833} INFO - Sync 1 DAGs
[2021-09-27 03:39:01,130] {logging_mixin.py:109} INFO - [2021-09-27 03:39:01,130] {dag.py:2306} INFO - Setting next_dagrun for example_branch_labels to 2021-09-25 00:00:00+00:00
[2021-09-27 03:39:01,139] {processor.py:170} INFO - Processing /home/airflow/.local/lib/python3.8/site-packages/airflow/example_dags/example_branch_labels.py took 0.054 seconds
[2021-09-27 03:39:31,395] {processor.py:162} INFO - Started process (PID=1528) to work on /home/airflow/.local/lib/python3.8/site-packages/airflow/example_dags/example_branch_labels.py
[2021-09-27 03:39:31,396] {processor.py:613} INFO - Processing file /home/airflow/.local/lib/python3.8/site-packages/airflow/example_dags/example_branch_labels.py for tasks to queue
[2021-09-27 03:39:31,396] {logging_mixin.py:109} INFO - [2021-09-27 03:39:31,396] {dagbag.py:496} INFO - Filling up the DagBag from /home/airflow/.local/lib/python3.8/site-packages/airflow/example_dags/example_branch_labels.py
[2021-09-27 03:39:31,403] {processor.py:623} INFO - DAG(s) dict_keys(['example_branch_labels']) retrieved from /home/airflow/.local/lib/python3.8/site-packages/airflow/example_dags/example_branch_labels.py
[2021-09-27 03:39:31,418] {logging_mixin.py:109} INFO - [2021-09-27 03:39:31,418] {dag.py:1833} INFO - Sync 1 DAGs
[2021-09-27 03:39:31,430] {logging_mixin.py:109} INFO - [2021-09-27 03:39:31,430] {dag.py:2306} INFO - Setting next_dagrun for example_branch_labels to 2021-09-25 00:00:00+00:00
[2021-09-27 03:39:31,437] {processor.py:170} INFO - Processing /home/airflow/.local/lib/python3.8/site-packages/airflow/example_dags/example_branch_labels.py took 0.044 seconds
[2021-09-27 03:40:01,485] {processor.py:162} INFO - Started process (PID=1574) to work on /home/airflow/.local/lib/python3.8/site-packages/airflow/example_dags/example_branch_labels.py
[2021-09-27 03:40:01,485] {processor.py:613} INFO - Processing file /home/airflow/.local/lib/python3.8/site-packages/airflow/example_dags/example_branch_labels.py for tasks to queue
[2021-09-27 03:40:01,486] {logging_mixin.py:109} INFO - [2021-09-27 03:40:01,486] {dagbag.py:496} INFO - Filling up the DagBag from /home/airflow/.local/lib/python3.8/site-packages/airflow/example_dags/example_branch_labels.py
[2021-09-27 03:40:01,493] {processor.py:623} INFO - DAG(s) dict_keys(['example_branch_labels']) retrieved from /home/airflow/.local/lib/python3.8/site-packages/airflow/example_dags/example_branch_labels.py
[2021-09-27 03:40:01,507] {logging_mixin.py:109} INFO - [2021-09-27 03:40:01,507] {dag.py:1833} INFO - Sync 1 DAGs
[2021-09-27 03:40:01,519] {logging_mixin.py:109} INFO - [2021-09-27 03:40:01,519] {dag.py:2306} INFO - Setting next_dagrun for example_branch_labels to 2021-09-25 00:00:00+00:00
[2021-09-27 03:40:01,535] {processor.py:170} INFO - Processing /home/airflow/.local/lib/python3.8/site-packages/airflow/example_dags/example_branch_labels.py took 0.053 seconds
[2021-09-27 03:40:31,885] {processor.py:162} INFO - Started process (PID=1628) to work on /home/airflow/.local/lib/python3.8/site-packages/airflow/example_dags/example_branch_labels.py
[2021-09-27 03:40:31,886] {processor.py:613} INFO - Processing file /home/airflow/.local/lib/python3.8/site-packages/airflow/example_dags/example_branch_labels.py for tasks to queue
[2021-09-27 03:40:31,887] {logging_mixin.py:109} INFO - [2021-09-27 03:40:31,886] {dagbag.py:496} INFO - Filling up the DagBag from /home/airflow/.local/lib/python3.8/site-packages/airflow/example_dags/example_branch_labels.py
[2021-09-27 03:40:31,893] {processor.py:623} INFO - DAG(s) dict_keys(['example_branch_labels']) retrieved from /home/airflow/.local/lib/python3.8/site-packages/airflow/example_dags/example_branch_labels.py
[2021-09-27 03:40:31,908] {logging_mixin.py:109} INFO - [2021-09-27 03:40:31,908] {dag.py:1833} INFO - Sync 1 DAGs
[2021-09-27 03:40:31,920] {logging_mixin.py:109} INFO - [2021-09-27 03:40:31,920] {dag.py:2306} INFO - Setting next_dagrun for example_branch_labels to 2021-09-25 00:00:00+00:00
[2021-09-27 03:40:31,928] {processor.py:170} INFO - Processing /home/airflow/.local/lib/python3.8/site-packages/airflow/example_dags/example_branch_labels.py took 0.045 seconds
[2021-09-27 03:41:01,988] {processor.py:162} INFO - Started process (PID=1681) to work on /home/airflow/.local/lib/python3.8/site-packages/airflow/example_dags/example_branch_labels.py
[2021-09-27 03:41:01,989] {processor.py:613} INFO - Processing file /home/airflow/.local/lib/python3.8/site-packages/airflow/example_dags/example_branch_labels.py for tasks to queue
[2021-09-27 03:41:01,990] {logging_mixin.py:109} INFO - [2021-09-27 03:41:01,990] {dagbag.py:496} INFO - Filling up the DagBag from /home/airflow/.local/lib/python3.8/site-packages/airflow/example_dags/example_branch_labels.py
[2021-09-27 03:41:01,998] {processor.py:623} INFO - DAG(s) dict_keys(['example_branch_labels']) retrieved from /home/airflow/.local/lib/python3.8/site-packages/airflow/example_dags/example_branch_labels.py
[2021-09-27 03:41:02,013] {logging_mixin.py:109} INFO - [2021-09-27 03:41:02,013] {dag.py:1833} INFO - Sync 1 DAGs
[2021-09-27 03:41:02,025] {logging_mixin.py:109} INFO - [2021-09-27 03:41:02,025] {dag.py:2306} INFO - Setting next_dagrun for example_branch_labels to 2021-09-25 00:00:00+00:00
[2021-09-27 03:41:02,040] {processor.py:170} INFO - Processing /home/airflow/.local/lib/python3.8/site-packages/airflow/example_dags/example_branch_labels.py took 0.054 seconds
[2021-09-27 03:41:32,390] {processor.py:162} INFO - Started process (PID=1735) to work on /home/airflow/.local/lib/python3.8/site-packages/airflow/example_dags/example_branch_labels.py
[2021-09-27 03:41:32,390] {processor.py:613} INFO - Processing file /home/airflow/.local/lib/python3.8/site-packages/airflow/example_dags/example_branch_labels.py for tasks to queue
[2021-09-27 03:41:32,391] {logging_mixin.py:109} INFO - [2021-09-27 03:41:32,391] {dagbag.py:496} INFO - Filling up the DagBag from /home/airflow/.local/lib/python3.8/site-packages/airflow/example_dags/example_branch_labels.py
[2021-09-27 03:41:32,400] {processor.py:623} INFO - DAG(s) dict_keys(['example_branch_labels']) retrieved from /home/airflow/.local/lib/python3.8/site-packages/airflow/example_dags/example_branch_labels.py
[2021-09-27 03:41:32,416] {logging_mixin.py:109} INFO - [2021-09-27 03:41:32,416] {dag.py:1833} INFO - Sync 1 DAGs
[2021-09-27 03:41:32,429] {logging_mixin.py:109} INFO - [2021-09-27 03:41:32,429] {dag.py:2306} INFO - Setting next_dagrun for example_branch_labels to 2021-09-25 00:00:00+00:00
[2021-09-27 03:41:32,436] {processor.py:170} INFO - Processing /home/airflow/.local/lib/python3.8/site-packages/airflow/example_dags/example_branch_labels.py took 0.049 seconds
[2021-09-27 03:42:02,738] {processor.py:162} INFO - Started process (PID=1781) to work on /home/airflow/.local/lib/python3.8/site-packages/airflow/example_dags/example_branch_labels.py
[2021-09-27 03:42:02,739] {processor.py:613} INFO - Processing file /home/airflow/.local/lib/python3.8/site-packages/airflow/example_dags/example_branch_labels.py for tasks to queue
[2021-09-27 03:42:02,740] {logging_mixin.py:109} INFO - [2021-09-27 03:42:02,740] {dagbag.py:496} INFO - Filling up the DagBag from /home/airflow/.local/lib/python3.8/site-packages/airflow/example_dags/example_branch_labels.py
[2021-09-27 03:42:02,747] {processor.py:623} INFO - DAG(s) dict_keys(['example_branch_labels']) retrieved from /home/airflow/.local/lib/python3.8/site-packages/airflow/example_dags/example_branch_labels.py
[2021-09-27 03:42:02,765] {logging_mixin.py:109} INFO - [2021-09-27 03:42:02,765] {dag.py:1833} INFO - Sync 1 DAGs
[2021-09-27 03:42:02,779] {logging_mixin.py:109} INFO - [2021-09-27 03:42:02,779] {dag.py:2306} INFO - Setting next_dagrun for example_branch_labels to 2021-09-25 00:00:00+00:00
[2021-09-27 03:42:02,788] {processor.py:170} INFO - Processing /home/airflow/.local/lib/python3.8/site-packages/airflow/example_dags/example_branch_labels.py took 0.051 seconds
[2021-09-27 03:42:32,996] {processor.py:162} INFO - Started process (PID=1835) to work on /home/airflow/.local/lib/python3.8/site-packages/airflow/example_dags/example_branch_labels.py
[2021-09-27 03:42:32,997] {processor.py:613} INFO - Processing file /home/airflow/.local/lib/python3.8/site-packages/airflow/example_dags/example_branch_labels.py for tasks to queue
[2021-09-27 03:42:32,998] {logging_mixin.py:109} INFO - [2021-09-27 03:42:32,998] {dagbag.py:496} INFO - Filling up the DagBag from /home/airflow/.local/lib/python3.8/site-packages/airflow/example_dags/example_branch_labels.py
[2021-09-27 03:42:33,005] {processor.py:623} INFO - DAG(s) dict_keys(['example_branch_labels']) retrieved from /home/airflow/.local/lib/python3.8/site-packages/airflow/example_dags/example_branch_labels.py
[2021-09-27 03:42:33,019] {logging_mixin.py:109} INFO - [2021-09-27 03:42:33,019] {dag.py:1833} INFO - Sync 1 DAGs
[2021-09-27 03:42:33,030] {logging_mixin.py:109} INFO - [2021-09-27 03:42:33,030] {dag.py:2306} INFO - Setting next_dagrun for example_branch_labels to 2021-09-25 00:00:00+00:00
[2021-09-27 03:42:33,037] {processor.py:170} INFO - Processing /home/airflow/.local/lib/python3.8/site-packages/airflow/example_dags/example_branch_labels.py took 0.043 seconds
[2021-09-27 03:43:03,260] {processor.py:162} INFO - Started process (PID=1889) to work on /home/airflow/.local/lib/python3.8/site-packages/airflow/example_dags/example_branch_labels.py
[2021-09-27 03:43:03,261] {processor.py:613} INFO - Processing file /home/airflow/.local/lib/python3.8/site-packages/airflow/example_dags/example_branch_labels.py for tasks to queue
[2021-09-27 03:43:03,261] {logging_mixin.py:109} INFO - [2021-09-27 03:43:03,261] {dagbag.py:496} INFO - Filling up the DagBag from /home/airflow/.local/lib/python3.8/site-packages/airflow/example_dags/example_branch_labels.py
[2021-09-27 03:43:03,269] {processor.py:623} INFO - DAG(s) dict_keys(['example_branch_labels']) retrieved from /home/airflow/.local/lib/python3.8/site-packages/airflow/example_dags/example_branch_labels.py
[2021-09-27 03:43:03,284] {logging_mixin.py:109} INFO - [2021-09-27 03:43:03,284] {dag.py:1833} INFO - Sync 1 DAGs
[2021-09-27 03:43:03,296] {logging_mixin.py:109} INFO - [2021-09-27 03:43:03,296] {dag.py:2306} INFO - Setting next_dagrun for example_branch_labels to 2021-09-25 00:00:00+00:00
[2021-09-27 03:43:03,303] {processor.py:170} INFO - Processing /home/airflow/.local/lib/python3.8/site-packages/airflow/example_dags/example_branch_labels.py took 0.046 seconds
[2021-09-27 03:43:33,495] {processor.py:162} INFO - Started process (PID=1942) to work on /home/airflow/.local/lib/python3.8/site-packages/airflow/example_dags/example_branch_labels.py
[2021-09-27 03:43:33,496] {processor.py:613} INFO - Processing file /home/airflow/.local/lib/python3.8/site-packages/airflow/example_dags/example_branch_labels.py for tasks to queue
[2021-09-27 03:43:33,496] {logging_mixin.py:109} INFO - [2021-09-27 03:43:33,496] {dagbag.py:496} INFO - Filling up the DagBag from /home/airflow/.local/lib/python3.8/site-packages/airflow/example_dags/example_branch_labels.py
[2021-09-27 03:43:33,503] {processor.py:623} INFO - DAG(s) dict_keys(['example_branch_labels']) retrieved from /home/airflow/.local/lib/python3.8/site-packages/airflow/example_dags/example_branch_labels.py
[2021-09-27 03:43:33,517] {logging_mixin.py:109} INFO - [2021-09-27 03:43:33,517] {dag.py:1833} INFO - Sync 1 DAGs
[2021-09-27 03:43:33,529] {logging_mixin.py:109} INFO - [2021-09-27 03:43:33,529] {dag.py:2306} INFO - Setting next_dagrun for example_branch_labels to 2021-09-25 00:00:00+00:00
[2021-09-27 03:43:33,536] {processor.py:170} INFO - Processing /home/airflow/.local/lib/python3.8/site-packages/airflow/example_dags/example_branch_labels.py took 0.043 seconds
[2021-09-27 03:44:03,820] {processor.py:162} INFO - Started process (PID=1988) to work on /home/airflow/.local/lib/python3.8/site-packages/airflow/example_dags/example_branch_labels.py
[2021-09-27 03:44:03,821] {processor.py:613} INFO - Processing file /home/airflow/.local/lib/python3.8/site-packages/airflow/example_dags/example_branch_labels.py for tasks to queue
[2021-09-27 03:44:03,821] {logging_mixin.py:109} INFO - [2021-09-27 03:44:03,821] {dagbag.py:496} INFO - Filling up the DagBag from /home/airflow/.local/lib/python3.8/site-packages/airflow/example_dags/example_branch_labels.py
[2021-09-27 03:44:03,828] {processor.py:623} INFO - DAG(s) dict_keys(['example_branch_labels']) retrieved from /home/airflow/.local/lib/python3.8/site-packages/airflow/example_dags/example_branch_labels.py
[2021-09-27 03:44:03,843] {logging_mixin.py:109} INFO - [2021-09-27 03:44:03,842] {dag.py:1833} INFO - Sync 1 DAGs
[2021-09-27 03:44:03,854] {logging_mixin.py:109} INFO - [2021-09-27 03:44:03,854] {dag.py:2306} INFO - Setting next_dagrun for example_branch_labels to 2021-09-25 00:00:00+00:00
[2021-09-27 03:44:03,861] {processor.py:170} INFO - Processing /home/airflow/.local/lib/python3.8/site-packages/airflow/example_dags/example_branch_labels.py took 0.043 seconds
[2021-09-27 03:44:34,217] {processor.py:162} INFO - Started process (PID=2041) to work on /home/airflow/.local/lib/python3.8/site-packages/airflow/example_dags/example_branch_labels.py
[2021-09-27 03:44:34,218] {processor.py:613} INFO - Processing file /home/airflow/.local/lib/python3.8/site-packages/airflow/example_dags/example_branch_labels.py for tasks to queue
[2021-09-27 03:44:34,219] {logging_mixin.py:109} INFO - [2021-09-27 03:44:34,218] {dagbag.py:496} INFO - Filling up the DagBag from /home/airflow/.local/lib/python3.8/site-packages/airflow/example_dags/example_branch_labels.py
[2021-09-27 03:44:34,226] {processor.py:623} INFO - DAG(s) dict_keys(['example_branch_labels']) retrieved from /home/airflow/.local/lib/python3.8/site-packages/airflow/example_dags/example_branch_labels.py
[2021-09-27 03:44:34,240] {logging_mixin.py:109} INFO - [2021-09-27 03:44:34,240] {dag.py:1833} INFO - Sync 1 DAGs
[2021-09-27 03:44:34,251] {logging_mixin.py:109} INFO - [2021-09-27 03:44:34,251] {dag.py:2306} INFO - Setting next_dagrun for example_branch_labels to 2021-09-25 00:00:00+00:00
[2021-09-27 03:44:34,258] {processor.py:170} INFO - Processing /home/airflow/.local/lib/python3.8/site-packages/airflow/example_dags/example_branch_labels.py took 0.042 seconds
[2021-09-27 03:45:04,525] {processor.py:162} INFO - Started process (PID=2094) to work on /home/airflow/.local/lib/python3.8/site-packages/airflow/example_dags/example_branch_labels.py
[2021-09-27 03:45:04,526] {processor.py:613} INFO - Processing file /home/airflow/.local/lib/python3.8/site-packages/airflow/example_dags/example_branch_labels.py for tasks to queue
[2021-09-27 03:45:04,526] {logging_mixin.py:109} INFO - [2021-09-27 03:45:04,526] {dagbag.py:496} INFO - Filling up the DagBag from /home/airflow/.local/lib/python3.8/site-packages/airflow/example_dags/example_branch_labels.py
[2021-09-27 03:45:04,534] {processor.py:623} INFO - DAG(s) dict_keys(['example_branch_labels']) retrieved from /home/airflow/.local/lib/python3.8/site-packages/airflow/example_dags/example_branch_labels.py
[2021-09-27 03:45:04,548] {logging_mixin.py:109} INFO - [2021-09-27 03:45:04,548] {dag.py:1833} INFO - Sync 1 DAGs
[2021-09-27 03:45:04,559] {logging_mixin.py:109} INFO - [2021-09-27 03:45:04,559] {dag.py:2306} INFO - Setting next_dagrun for example_branch_labels to 2021-09-25 00:00:00+00:00
[2021-09-27 03:45:04,566] {processor.py:170} INFO - Processing /home/airflow/.local/lib/python3.8/site-packages/airflow/example_dags/example_branch_labels.py took 0.043 seconds
[2021-09-27 03:45:34,915] {processor.py:162} INFO - Started process (PID=2147) to work on /home/airflow/.local/lib/python3.8/site-packages/airflow/example_dags/example_branch_labels.py
[2021-09-27 03:45:34,916] {processor.py:613} INFO - Processing file /home/airflow/.local/lib/python3.8/site-packages/airflow/example_dags/example_branch_labels.py for tasks to queue
[2021-09-27 03:45:34,916] {logging_mixin.py:109} INFO - [2021-09-27 03:45:34,916] {dagbag.py:496} INFO - Filling up the DagBag from /home/airflow/.local/lib/python3.8/site-packages/airflow/example_dags/example_branch_labels.py
[2021-09-27 03:45:34,924] {processor.py:623} INFO - DAG(s) dict_keys(['example_branch_labels']) retrieved from /home/airflow/.local/lib/python3.8/site-packages/airflow/example_dags/example_branch_labels.py
[2021-09-27 03:45:34,939] {logging_mixin.py:109} INFO - [2021-09-27 03:45:34,939] {dag.py:1833} INFO - Sync 1 DAGs
[2021-09-27 03:45:34,950] {logging_mixin.py:109} INFO - [2021-09-27 03:45:34,950] {dag.py:2306} INFO - Setting next_dagrun for example_branch_labels to 2021-09-25 00:00:00+00:00
[2021-09-27 03:45:34,957] {processor.py:170} INFO - Processing /home/airflow/.local/lib/python3.8/site-packages/airflow/example_dags/example_branch_labels.py took 0.044 seconds
[2021-09-27 03:46:05,075] {processor.py:162} INFO - Started process (PID=2193) to work on /home/airflow/.local/lib/python3.8/site-packages/airflow/example_dags/example_branch_labels.py
[2021-09-27 03:46:05,076] {processor.py:613} INFO - Processing file /home/airflow/.local/lib/python3.8/site-packages/airflow/example_dags/example_branch_labels.py for tasks to queue
[2021-09-27 03:46:05,076] {logging_mixin.py:109} INFO - [2021-09-27 03:46:05,076] {dagbag.py:496} INFO - Filling up the DagBag from /home/airflow/.local/lib/python3.8/site-packages/airflow/example_dags/example_branch_labels.py
[2021-09-27 03:46:05,085] {processor.py:623} INFO - DAG(s) dict_keys(['example_branch_labels']) retrieved from /home/airflow/.local/lib/python3.8/site-packages/airflow/example_dags/example_branch_labels.py
[2021-09-27 03:46:05,099] {logging_mixin.py:109} INFO - [2021-09-27 03:46:05,099] {dag.py:1833} INFO - Sync 1 DAGs
[2021-09-27 03:46:05,110] {logging_mixin.py:109} INFO - [2021-09-27 03:46:05,110] {dag.py:2306} INFO - Setting next_dagrun for example_branch_labels to 2021-09-25 00:00:00+00:00
[2021-09-27 03:46:05,125] {processor.py:170} INFO - Processing /home/airflow/.local/lib/python3.8/site-packages/airflow/example_dags/example_branch_labels.py took 0.052 seconds
[2021-09-27 03:46:35,288] {processor.py:162} INFO - Started process (PID=2246) to work on /home/airflow/.local/lib/python3.8/site-packages/airflow/example_dags/example_branch_labels.py
[2021-09-27 03:46:35,289] {processor.py:613} INFO - Processing file /home/airflow/.local/lib/python3.8/site-packages/airflow/example_dags/example_branch_labels.py for tasks to queue
[2021-09-27 03:46:35,289] {logging_mixin.py:109} INFO - [2021-09-27 03:46:35,289] {dagbag.py:496} INFO - Filling up the DagBag from /home/airflow/.local/lib/python3.8/site-packages/airflow/example_dags/example_branch_labels.py
[2021-09-27 03:46:35,296] {processor.py:623} INFO - DAG(s) dict_keys(['example_branch_labels']) retrieved from /home/airflow/.local/lib/python3.8/site-packages/airflow/example_dags/example_branch_labels.py
[2021-09-27 03:46:35,311] {logging_mixin.py:109} INFO - [2021-09-27 03:46:35,311] {dag.py:1833} INFO - Sync 1 DAGs
[2021-09-27 03:46:35,322] {logging_mixin.py:109} INFO - [2021-09-27 03:46:35,322] {dag.py:2306} INFO - Setting next_dagrun for example_branch_labels to 2021-09-25 00:00:00+00:00
[2021-09-27 03:46:35,331] {processor.py:170} INFO - Processing /home/airflow/.local/lib/python3.8/site-packages/airflow/example_dags/example_branch_labels.py took 0.045 seconds
[2021-09-27 03:47:05,759] {processor.py:162} INFO - Started process (PID=2299) to work on /home/airflow/.local/lib/python3.8/site-packages/airflow/example_dags/example_branch_labels.py
[2021-09-27 03:47:05,760] {processor.py:613} INFO - Processing file /home/airflow/.local/lib/python3.8/site-packages/airflow/example_dags/example_branch_labels.py for tasks to queue
[2021-09-27 03:47:05,760] {logging_mixin.py:109} INFO - [2021-09-27 03:47:05,760] {dagbag.py:496} INFO - Filling up the DagBag from /home/airflow/.local/lib/python3.8/site-packages/airflow/example_dags/example_branch_labels.py
[2021-09-27 03:47:05,767] {processor.py:623} INFO - DAG(s) dict_keys(['example_branch_labels']) retrieved from /home/airflow/.local/lib/python3.8/site-packages/airflow/example_dags/example_branch_labels.py
[2021-09-27 03:47:05,782] {logging_mixin.py:109} INFO - [2021-09-27 03:47:05,782] {dag.py:1833} INFO - Sync 1 DAGs
[2021-09-27 03:47:05,792] {logging_mixin.py:109} INFO - [2021-09-27 03:47:05,792] {dag.py:2306} INFO - Setting next_dagrun for example_branch_labels to 2021-09-25 00:00:00+00:00
[2021-09-27 03:47:05,807] {processor.py:170} INFO - Processing /home/airflow/.local/lib/python3.8/site-packages/airflow/example_dags/example_branch_labels.py took 0.050 seconds
[2021-09-27 03:47:36,017] {processor.py:162} INFO - Started process (PID=2352) to work on /home/airflow/.local/lib/python3.8/site-packages/airflow/example_dags/example_branch_labels.py
[2021-09-27 03:47:36,018] {processor.py:613} INFO - Processing file /home/airflow/.local/lib/python3.8/site-packages/airflow/example_dags/example_branch_labels.py for tasks to queue
[2021-09-27 03:47:36,018] {logging_mixin.py:109} INFO - [2021-09-27 03:47:36,018] {dagbag.py:496} INFO - Filling up the DagBag from /home/airflow/.local/lib/python3.8/site-packages/airflow/example_dags/example_branch_labels.py
[2021-09-27 03:47:36,025] {processor.py:623} INFO - DAG(s) dict_keys(['example_branch_labels']) retrieved from /home/airflow/.local/lib/python3.8/site-packages/airflow/example_dags/example_branch_labels.py
[2021-09-27 03:47:36,040] {logging_mixin.py:109} INFO - [2021-09-27 03:47:36,040] {dag.py:1833} INFO - Sync 1 DAGs
[2021-09-27 03:47:36,052] {logging_mixin.py:109} INFO - [2021-09-27 03:47:36,052] {dag.py:2306} INFO - Setting next_dagrun for example_branch_labels to 2021-09-25 00:00:00+00:00
[2021-09-27 03:47:36,068] {processor.py:170} INFO - Processing /home/airflow/.local/lib/python3.8/site-packages/airflow/example_dags/example_branch_labels.py took 0.053 seconds
[2021-09-27 03:49:17,262] {processor.py:162} INFO - Started process (PID=26) to work on /home/airflow/.local/lib/python3.8/site-packages/airflow/example_dags/example_branch_labels.py
[2021-09-27 03:49:17,262] {processor.py:613} INFO - Processing file /home/airflow/.local/lib/python3.8/site-packages/airflow/example_dags/example_branch_labels.py for tasks to queue
[2021-09-27 03:49:17,263] {logging_mixin.py:109} INFO - [2021-09-27 03:49:17,263] {dagbag.py:496} INFO - Filling up the DagBag from /home/airflow/.local/lib/python3.8/site-packages/airflow/example_dags/example_branch_labels.py
[2021-09-27 03:49:17,271] {processor.py:623} INFO - DAG(s) dict_keys(['example_branch_labels']) retrieved from /home/airflow/.local/lib/python3.8/site-packages/airflow/example_dags/example_branch_labels.py
[2021-09-27 03:49:17,286] {logging_mixin.py:109} INFO - [2021-09-27 03:49:17,286] {dag.py:1833} INFO - Sync 1 DAGs
[2021-09-27 03:49:17,298] {logging_mixin.py:109} INFO - [2021-09-27 03:49:17,298] {dag.py:2306} INFO - Setting next_dagrun for example_branch_labels to 2021-09-25 00:00:00+00:00
[2021-09-27 03:49:17,305] {processor.py:170} INFO - Processing /home/airflow/.local/lib/python3.8/site-packages/airflow/example_dags/example_branch_labels.py took 0.046 seconds
[2021-09-27 03:49:48,339] {processor.py:162} INFO - Started process (PID=79) to work on /home/airflow/.local/lib/python3.8/site-packages/airflow/example_dags/example_branch_labels.py
[2021-09-27 03:49:48,340] {processor.py:613} INFO - Processing file /home/airflow/.local/lib/python3.8/site-packages/airflow/example_dags/example_branch_labels.py for tasks to queue
[2021-09-27 03:49:48,341] {logging_mixin.py:109} INFO - [2021-09-27 03:49:48,341] {dagbag.py:496} INFO - Filling up the DagBag from /home/airflow/.local/lib/python3.8/site-packages/airflow/example_dags/example_branch_labels.py
[2021-09-27 03:49:48,349] {processor.py:623} INFO - DAG(s) dict_keys(['example_branch_labels']) retrieved from /home/airflow/.local/lib/python3.8/site-packages/airflow/example_dags/example_branch_labels.py
[2021-09-27 03:49:48,364] {logging_mixin.py:109} INFO - [2021-09-27 03:49:48,364] {dag.py:1833} INFO - Sync 1 DAGs
[2021-09-27 03:49:48,376] {logging_mixin.py:109} INFO - [2021-09-27 03:49:48,376] {dag.py:2306} INFO - Setting next_dagrun for example_branch_labels to 2021-09-25 00:00:00+00:00
[2021-09-27 03:49:48,382] {processor.py:170} INFO - Processing /home/airflow/.local/lib/python3.8/site-packages/airflow/example_dags/example_branch_labels.py took 0.045 seconds
[2021-09-27 03:50:18,585] {processor.py:162} INFO - Started process (PID=132) to work on /home/airflow/.local/lib/python3.8/site-packages/airflow/example_dags/example_branch_labels.py
[2021-09-27 03:50:18,586] {processor.py:613} INFO - Processing file /home/airflow/.local/lib/python3.8/site-packages/airflow/example_dags/example_branch_labels.py for tasks to queue
[2021-09-27 03:50:18,587] {logging_mixin.py:109} INFO - [2021-09-27 03:50:18,586] {dagbag.py:496} INFO - Filling up the DagBag from /home/airflow/.local/lib/python3.8/site-packages/airflow/example_dags/example_branch_labels.py
[2021-09-27 03:50:18,595] {processor.py:623} INFO - DAG(s) dict_keys(['example_branch_labels']) retrieved from /home/airflow/.local/lib/python3.8/site-packages/airflow/example_dags/example_branch_labels.py
[2021-09-27 03:50:18,612] {logging_mixin.py:109} INFO - [2021-09-27 03:50:18,611] {dag.py:1833} INFO - Sync 1 DAGs
[2021-09-27 03:50:18,624] {logging_mixin.py:109} INFO - [2021-09-27 03:50:18,623] {dag.py:2306} INFO - Setting next_dagrun for example_branch_labels to 2021-09-25 00:00:00+00:00
[2021-09-27 03:50:18,630] {processor.py:170} INFO - Processing /home/airflow/.local/lib/python3.8/site-packages/airflow/example_dags/example_branch_labels.py took 0.047 seconds
[2021-09-27 03:50:48,917] {processor.py:162} INFO - Started process (PID=178) to work on /home/airflow/.local/lib/python3.8/site-packages/airflow/example_dags/example_branch_labels.py
[2021-09-27 03:50:48,918] {processor.py:613} INFO - Processing file /home/airflow/.local/lib/python3.8/site-packages/airflow/example_dags/example_branch_labels.py for tasks to queue
[2021-09-27 03:50:48,918] {logging_mixin.py:109} INFO - [2021-09-27 03:50:48,918] {dagbag.py:496} INFO - Filling up the DagBag from /home/airflow/.local/lib/python3.8/site-packages/airflow/example_dags/example_branch_labels.py
[2021-09-27 03:50:48,928] {processor.py:623} INFO - DAG(s) dict_keys(['example_branch_labels']) retrieved from /home/airflow/.local/lib/python3.8/site-packages/airflow/example_dags/example_branch_labels.py
[2021-09-27 03:50:48,943] {logging_mixin.py:109} INFO - [2021-09-27 03:50:48,942] {dag.py:1833} INFO - Sync 1 DAGs
[2021-09-27 03:50:48,957] {logging_mixin.py:109} INFO - [2021-09-27 03:50:48,957] {dag.py:2306} INFO - Setting next_dagrun for example_branch_labels to 2021-09-25 00:00:00+00:00
[2021-09-27 03:50:48,966] {processor.py:170} INFO - Processing /home/airflow/.local/lib/python3.8/site-packages/airflow/example_dags/example_branch_labels.py took 0.052 seconds
[2021-09-27 03:51:19,402] {processor.py:162} INFO - Started process (PID=231) to work on /home/airflow/.local/lib/python3.8/site-packages/airflow/example_dags/example_branch_labels.py
[2021-09-27 03:51:19,403] {processor.py:613} INFO - Processing file /home/airflow/.local/lib/python3.8/site-packages/airflow/example_dags/example_branch_labels.py for tasks to queue
[2021-09-27 03:51:19,403] {logging_mixin.py:109} INFO - [2021-09-27 03:51:19,403] {dagbag.py:496} INFO - Filling up the DagBag from /home/airflow/.local/lib/python3.8/site-packages/airflow/example_dags/example_branch_labels.py
[2021-09-27 03:51:19,411] {processor.py:623} INFO - DAG(s) dict_keys(['example_branch_labels']) retrieved from /home/airflow/.local/lib/python3.8/site-packages/airflow/example_dags/example_branch_labels.py
[2021-09-27 03:51:19,426] {logging_mixin.py:109} INFO - [2021-09-27 03:51:19,426] {dag.py:1833} INFO - Sync 1 DAGs
[2021-09-27 03:51:19,438] {logging_mixin.py:109} INFO - [2021-09-27 03:51:19,438] {dag.py:2306} INFO - Setting next_dagrun for example_branch_labels to 2021-09-25 00:00:00+00:00
[2021-09-27 03:51:19,445] {processor.py:170} INFO - Processing /home/airflow/.local/lib/python3.8/site-packages/airflow/example_dags/example_branch_labels.py took 0.046 seconds
[2021-09-27 03:51:49,763] {processor.py:162} INFO - Started process (PID=284) to work on /home/airflow/.local/lib/python3.8/site-packages/airflow/example_dags/example_branch_labels.py
[2021-09-27 03:51:49,763] {processor.py:613} INFO - Processing file /home/airflow/.local/lib/python3.8/site-packages/airflow/example_dags/example_branch_labels.py for tasks to queue
[2021-09-27 03:51:49,764] {logging_mixin.py:109} INFO - [2021-09-27 03:51:49,764] {dagbag.py:496} INFO - Filling up the DagBag from /home/airflow/.local/lib/python3.8/site-packages/airflow/example_dags/example_branch_labels.py
[2021-09-27 03:51:49,771] {processor.py:623} INFO - DAG(s) dict_keys(['example_branch_labels']) retrieved from /home/airflow/.local/lib/python3.8/site-packages/airflow/example_dags/example_branch_labels.py
[2021-09-27 03:51:49,786] {logging_mixin.py:109} INFO - [2021-09-27 03:51:49,786] {dag.py:1833} INFO - Sync 1 DAGs
[2021-09-27 03:51:49,797] {logging_mixin.py:109} INFO - [2021-09-27 03:51:49,797] {dag.py:2306} INFO - Setting next_dagrun for example_branch_labels to 2021-09-25 00:00:00+00:00
[2021-09-27 03:51:49,804] {processor.py:170} INFO - Processing /home/airflow/.local/lib/python3.8/site-packages/airflow/example_dags/example_branch_labels.py took 0.043 seconds
[2021-09-27 03:52:20,162] {processor.py:162} INFO - Started process (PID=338) to work on /home/airflow/.local/lib/python3.8/site-packages/airflow/example_dags/example_branch_labels.py
[2021-09-27 03:52:20,163] {processor.py:613} INFO - Processing file /home/airflow/.local/lib/python3.8/site-packages/airflow/example_dags/example_branch_labels.py for tasks to queue
[2021-09-27 03:52:20,163] {logging_mixin.py:109} INFO - [2021-09-27 03:52:20,163] {dagbag.py:496} INFO - Filling up the DagBag from /home/airflow/.local/lib/python3.8/site-packages/airflow/example_dags/example_branch_labels.py
[2021-09-27 03:52:20,170] {processor.py:623} INFO - DAG(s) dict_keys(['example_branch_labels']) retrieved from /home/airflow/.local/lib/python3.8/site-packages/airflow/example_dags/example_branch_labels.py
[2021-09-27 03:52:20,185] {logging_mixin.py:109} INFO - [2021-09-27 03:52:20,185] {dag.py:1833} INFO - Sync 1 DAGs
[2021-09-27 03:52:20,196] {logging_mixin.py:109} INFO - [2021-09-27 03:52:20,196] {dag.py:2306} INFO - Setting next_dagrun for example_branch_labels to 2021-09-25 00:00:00+00:00
[2021-09-27 03:52:20,203] {processor.py:170} INFO - Processing /home/airflow/.local/lib/python3.8/site-packages/airflow/example_dags/example_branch_labels.py took 0.043 seconds
[2021-09-27 03:52:50,495] {processor.py:162} INFO - Started process (PID=391) to work on /home/airflow/.local/lib/python3.8/site-packages/airflow/example_dags/example_branch_labels.py
[2021-09-27 03:52:50,495] {processor.py:613} INFO - Processing file /home/airflow/.local/lib/python3.8/site-packages/airflow/example_dags/example_branch_labels.py for tasks to queue
[2021-09-27 03:52:50,496] {logging_mixin.py:109} INFO - [2021-09-27 03:52:50,496] {dagbag.py:496} INFO - Filling up the DagBag from /home/airflow/.local/lib/python3.8/site-packages/airflow/example_dags/example_branch_labels.py
[2021-09-27 03:52:50,502] {processor.py:623} INFO - DAG(s) dict_keys(['example_branch_labels']) retrieved from /home/airflow/.local/lib/python3.8/site-packages/airflow/example_dags/example_branch_labels.py
[2021-09-27 03:52:50,515] {logging_mixin.py:109} INFO - [2021-09-27 03:52:50,515] {dag.py:1833} INFO - Sync 1 DAGs
[2021-09-27 03:52:50,525] {logging_mixin.py:109} INFO - [2021-09-27 03:52:50,525] {dag.py:2306} INFO - Setting next_dagrun for example_branch_labels to 2021-09-25 00:00:00+00:00
[2021-09-27 03:52:50,532] {processor.py:170} INFO - Processing /home/airflow/.local/lib/python3.8/site-packages/airflow/example_dags/example_branch_labels.py took 0.039 seconds
[2021-09-27 03:53:20,722] {processor.py:162} INFO - Started process (PID=438) to work on /home/airflow/.local/lib/python3.8/site-packages/airflow/example_dags/example_branch_labels.py
[2021-09-27 03:53:20,722] {processor.py:613} INFO - Processing file /home/airflow/.local/lib/python3.8/site-packages/airflow/example_dags/example_branch_labels.py for tasks to queue
[2021-09-27 03:53:20,723] {logging_mixin.py:109} INFO - [2021-09-27 03:53:20,723] {dagbag.py:496} INFO - Filling up the DagBag from /home/airflow/.local/lib/python3.8/site-packages/airflow/example_dags/example_branch_labels.py
[2021-09-27 03:53:20,730] {processor.py:623} INFO - DAG(s) dict_keys(['example_branch_labels']) retrieved from /home/airflow/.local/lib/python3.8/site-packages/airflow/example_dags/example_branch_labels.py
[2021-09-27 03:53:20,742] {logging_mixin.py:109} INFO - [2021-09-27 03:53:20,741] {dag.py:1833} INFO - Sync 1 DAGs
[2021-09-27 03:53:20,751] {logging_mixin.py:109} INFO - [2021-09-27 03:53:20,751] {dag.py:2306} INFO - Setting next_dagrun for example_branch_labels to 2021-09-25 00:00:00+00:00
[2021-09-27 03:53:20,758] {processor.py:170} INFO - Processing /home/airflow/.local/lib/python3.8/site-packages/airflow/example_dags/example_branch_labels.py took 0.038 seconds
[2021-09-27 03:53:51,198] {processor.py:162} INFO - Started process (PID=491) to work on /home/airflow/.local/lib/python3.8/site-packages/airflow/example_dags/example_branch_labels.py
[2021-09-27 03:53:51,199] {processor.py:613} INFO - Processing file /home/airflow/.local/lib/python3.8/site-packages/airflow/example_dags/example_branch_labels.py for tasks to queue
[2021-09-27 03:53:51,199] {logging_mixin.py:109} INFO - [2021-09-27 03:53:51,199] {dagbag.py:496} INFO - Filling up the DagBag from /home/airflow/.local/lib/python3.8/site-packages/airflow/example_dags/example_branch_labels.py
[2021-09-27 03:53:51,206] {processor.py:623} INFO - DAG(s) dict_keys(['example_branch_labels']) retrieved from /home/airflow/.local/lib/python3.8/site-packages/airflow/example_dags/example_branch_labels.py
[2021-09-27 03:53:51,221] {logging_mixin.py:109} INFO - [2021-09-27 03:53:51,221] {dag.py:1833} INFO - Sync 1 DAGs
[2021-09-27 03:53:51,231] {logging_mixin.py:109} INFO - [2021-09-27 03:53:51,231] {dag.py:2306} INFO - Setting next_dagrun for example_branch_labels to 2021-09-25 00:00:00+00:00
[2021-09-27 03:53:51,238] {processor.py:170} INFO - Processing /home/airflow/.local/lib/python3.8/site-packages/airflow/example_dags/example_branch_labels.py took 0.042 seconds
[2021-09-27 03:54:21,504] {processor.py:162} INFO - Started process (PID=544) to work on /home/airflow/.local/lib/python3.8/site-packages/airflow/example_dags/example_branch_labels.py
[2021-09-27 03:54:21,504] {processor.py:613} INFO - Processing file /home/airflow/.local/lib/python3.8/site-packages/airflow/example_dags/example_branch_labels.py for tasks to queue
[2021-09-27 03:54:21,505] {logging_mixin.py:109} INFO - [2021-09-27 03:54:21,505] {dagbag.py:496} INFO - Filling up the DagBag from /home/airflow/.local/lib/python3.8/site-packages/airflow/example_dags/example_branch_labels.py
[2021-09-27 03:54:21,512] {processor.py:623} INFO - DAG(s) dict_keys(['example_branch_labels']) retrieved from /home/airflow/.local/lib/python3.8/site-packages/airflow/example_dags/example_branch_labels.py
[2021-09-27 03:54:21,528] {logging_mixin.py:109} INFO - [2021-09-27 03:54:21,528] {dag.py:1833} INFO - Sync 1 DAGs
[2021-09-27 03:54:21,541] {logging_mixin.py:109} INFO - [2021-09-27 03:54:21,541] {dag.py:2306} INFO - Setting next_dagrun for example_branch_labels to 2021-09-25 00:00:00+00:00
[2021-09-27 03:54:21,548] {processor.py:170} INFO - Processing /home/airflow/.local/lib/python3.8/site-packages/airflow/example_dags/example_branch_labels.py took 0.047 seconds
[2021-09-27 03:54:51,870] {processor.py:162} INFO - Started process (PID=597) to work on /home/airflow/.local/lib/python3.8/site-packages/airflow/example_dags/example_branch_labels.py
[2021-09-27 03:54:51,871] {processor.py:613} INFO - Processing file /home/airflow/.local/lib/python3.8/site-packages/airflow/example_dags/example_branch_labels.py for tasks to queue
[2021-09-27 03:54:51,871] {logging_mixin.py:109} INFO - [2021-09-27 03:54:51,871] {dagbag.py:496} INFO - Filling up the DagBag from /home/airflow/.local/lib/python3.8/site-packages/airflow/example_dags/example_branch_labels.py
[2021-09-27 03:54:51,879] {processor.py:623} INFO - DAG(s) dict_keys(['example_branch_labels']) retrieved from /home/airflow/.local/lib/python3.8/site-packages/airflow/example_dags/example_branch_labels.py
[2021-09-27 03:54:51,894] {logging_mixin.py:109} INFO - [2021-09-27 03:54:51,894] {dag.py:1833} INFO - Sync 1 DAGs
[2021-09-27 03:54:51,908] {logging_mixin.py:109} INFO - [2021-09-27 03:54:51,908] {dag.py:2306} INFO - Setting next_dagrun for example_branch_labels to 2021-09-25 00:00:00+00:00
[2021-09-27 03:54:51,916] {processor.py:170} INFO - Processing /home/airflow/.local/lib/python3.8/site-packages/airflow/example_dags/example_branch_labels.py took 0.048 seconds
[2021-09-27 03:55:22,277] {processor.py:162} INFO - Started process (PID=643) to work on /home/airflow/.local/lib/python3.8/site-packages/airflow/example_dags/example_branch_labels.py
[2021-09-27 03:55:22,278] {processor.py:613} INFO - Processing file /home/airflow/.local/lib/python3.8/site-packages/airflow/example_dags/example_branch_labels.py for tasks to queue
[2021-09-27 03:55:22,278] {logging_mixin.py:109} INFO - [2021-09-27 03:55:22,278] {dagbag.py:496} INFO - Filling up the DagBag from /home/airflow/.local/lib/python3.8/site-packages/airflow/example_dags/example_branch_labels.py
[2021-09-27 03:55:22,286] {processor.py:623} INFO - DAG(s) dict_keys(['example_branch_labels']) retrieved from /home/airflow/.local/lib/python3.8/site-packages/airflow/example_dags/example_branch_labels.py
[2021-09-27 03:55:22,301] {logging_mixin.py:109} INFO - [2021-09-27 03:55:22,301] {dag.py:1833} INFO - Sync 1 DAGs
[2021-09-27 03:55:22,312] {logging_mixin.py:109} INFO - [2021-09-27 03:55:22,312] {dag.py:2306} INFO - Setting next_dagrun for example_branch_labels to 2021-09-25 00:00:00+00:00
[2021-09-27 03:55:22,319] {processor.py:170} INFO - Processing /home/airflow/.local/lib/python3.8/site-packages/airflow/example_dags/example_branch_labels.py took 0.044 seconds
[2021-09-27 03:55:52,703] {processor.py:162} INFO - Started process (PID=696) to work on /home/airflow/.local/lib/python3.8/site-packages/airflow/example_dags/example_branch_labels.py
[2021-09-27 03:55:52,704] {processor.py:613} INFO - Processing file /home/airflow/.local/lib/python3.8/site-packages/airflow/example_dags/example_branch_labels.py for tasks to queue
[2021-09-27 03:55:52,704] {logging_mixin.py:109} INFO - [2021-09-27 03:55:52,704] {dagbag.py:496} INFO - Filling up the DagBag from /home/airflow/.local/lib/python3.8/site-packages/airflow/example_dags/example_branch_labels.py
[2021-09-27 03:55:52,714] {processor.py:623} INFO - DAG(s) dict_keys(['example_branch_labels']) retrieved from /home/airflow/.local/lib/python3.8/site-packages/airflow/example_dags/example_branch_labels.py
[2021-09-27 03:55:52,730] {logging_mixin.py:109} INFO - [2021-09-27 03:55:52,730] {dag.py:1833} INFO - Sync 1 DAGs
[2021-09-27 03:55:52,743] {logging_mixin.py:109} INFO - [2021-09-27 03:55:52,743] {dag.py:2306} INFO - Setting next_dagrun for example_branch_labels to 2021-09-25 00:00:00+00:00
[2021-09-27 03:55:52,751] {processor.py:170} INFO - Processing /home/airflow/.local/lib/python3.8/site-packages/airflow/example_dags/example_branch_labels.py took 0.050 seconds
[2021-09-27 03:56:23,098] {processor.py:162} INFO - Started process (PID=749) to work on /home/airflow/.local/lib/python3.8/site-packages/airflow/example_dags/example_branch_labels.py
[2021-09-27 03:56:23,099] {processor.py:613} INFO - Processing file /home/airflow/.local/lib/python3.8/site-packages/airflow/example_dags/example_branch_labels.py for tasks to queue
[2021-09-27 03:56:23,100] {logging_mixin.py:109} INFO - [2021-09-27 03:56:23,100] {dagbag.py:496} INFO - Filling up the DagBag from /home/airflow/.local/lib/python3.8/site-packages/airflow/example_dags/example_branch_labels.py
[2021-09-27 03:56:23,107] {processor.py:623} INFO - DAG(s) dict_keys(['example_branch_labels']) retrieved from /home/airflow/.local/lib/python3.8/site-packages/airflow/example_dags/example_branch_labels.py
[2021-09-27 03:56:23,122] {logging_mixin.py:109} INFO - [2021-09-27 03:56:23,121] {dag.py:1833} INFO - Sync 1 DAGs
[2021-09-27 03:56:23,133] {logging_mixin.py:109} INFO - [2021-09-27 03:56:23,133] {dag.py:2306} INFO - Setting next_dagrun for example_branch_labels to 2021-09-25 00:00:00+00:00
[2021-09-27 03:56:23,141] {processor.py:170} INFO - Processing /home/airflow/.local/lib/python3.8/site-packages/airflow/example_dags/example_branch_labels.py took 0.045 seconds
[2021-09-27 03:56:53,381] {processor.py:162} INFO - Started process (PID=802) to work on /home/airflow/.local/lib/python3.8/site-packages/airflow/example_dags/example_branch_labels.py
[2021-09-27 03:56:53,381] {processor.py:613} INFO - Processing file /home/airflow/.local/lib/python3.8/site-packages/airflow/example_dags/example_branch_labels.py for tasks to queue
[2021-09-27 03:56:53,382] {logging_mixin.py:109} INFO - [2021-09-27 03:56:53,382] {dagbag.py:496} INFO - Filling up the DagBag from /home/airflow/.local/lib/python3.8/site-packages/airflow/example_dags/example_branch_labels.py
[2021-09-27 03:56:53,390] {processor.py:623} INFO - DAG(s) dict_keys(['example_branch_labels']) retrieved from /home/airflow/.local/lib/python3.8/site-packages/airflow/example_dags/example_branch_labels.py
[2021-09-27 03:56:53,403] {logging_mixin.py:109} INFO - [2021-09-27 03:56:53,403] {dag.py:1833} INFO - Sync 1 DAGs
[2021-09-27 03:56:53,413] {logging_mixin.py:109} INFO - [2021-09-27 03:56:53,413] {dag.py:2306} INFO - Setting next_dagrun for example_branch_labels to 2021-09-25 00:00:00+00:00
[2021-09-27 03:56:53,421] {processor.py:170} INFO - Processing /home/airflow/.local/lib/python3.8/site-packages/airflow/example_dags/example_branch_labels.py took 0.042 seconds
[2021-09-27 03:57:23,750] {processor.py:162} INFO - Started process (PID=848) to work on /home/airflow/.local/lib/python3.8/site-packages/airflow/example_dags/example_branch_labels.py
[2021-09-27 03:57:23,751] {processor.py:613} INFO - Processing file /home/airflow/.local/lib/python3.8/site-packages/airflow/example_dags/example_branch_labels.py for tasks to queue
[2021-09-27 03:57:23,751] {logging_mixin.py:109} INFO - [2021-09-27 03:57:23,751] {dagbag.py:496} INFO - Filling up the DagBag from /home/airflow/.local/lib/python3.8/site-packages/airflow/example_dags/example_branch_labels.py
[2021-09-27 03:57:23,758] {processor.py:623} INFO - DAG(s) dict_keys(['example_branch_labels']) retrieved from /home/airflow/.local/lib/python3.8/site-packages/airflow/example_dags/example_branch_labels.py
[2021-09-27 03:57:23,772] {logging_mixin.py:109} INFO - [2021-09-27 03:57:23,772] {dag.py:1833} INFO - Sync 1 DAGs
[2021-09-27 03:57:23,784] {logging_mixin.py:109} INFO - [2021-09-27 03:57:23,784] {dag.py:2306} INFO - Setting next_dagrun for example_branch_labels to 2021-09-25 00:00:00+00:00
[2021-09-27 03:57:23,791] {processor.py:170} INFO - Processing /home/airflow/.local/lib/python3.8/site-packages/airflow/example_dags/example_branch_labels.py took 0.043 seconds
[2021-09-27 03:57:54,033] {processor.py:162} INFO - Started process (PID=901) to work on /home/airflow/.local/lib/python3.8/site-packages/airflow/example_dags/example_branch_labels.py
[2021-09-27 03:57:54,034] {processor.py:613} INFO - Processing file /home/airflow/.local/lib/python3.8/site-packages/airflow/example_dags/example_branch_labels.py for tasks to queue
[2021-09-27 03:57:54,034] {logging_mixin.py:109} INFO - [2021-09-27 03:57:54,034] {dagbag.py:496} INFO - Filling up the DagBag from /home/airflow/.local/lib/python3.8/site-packages/airflow/example_dags/example_branch_labels.py
[2021-09-27 03:57:54,042] {processor.py:623} INFO - DAG(s) dict_keys(['example_branch_labels']) retrieved from /home/airflow/.local/lib/python3.8/site-packages/airflow/example_dags/example_branch_labels.py
[2021-09-27 03:57:54,056] {logging_mixin.py:109} INFO - [2021-09-27 03:57:54,056] {dag.py:1833} INFO - Sync 1 DAGs
[2021-09-27 03:57:54,067] {logging_mixin.py:109} INFO - [2021-09-27 03:57:54,067] {dag.py:2306} INFO - Setting next_dagrun for example_branch_labels to 2021-09-25 00:00:00+00:00
[2021-09-27 03:57:54,075] {processor.py:170} INFO - Processing /home/airflow/.local/lib/python3.8/site-packages/airflow/example_dags/example_branch_labels.py took 0.043 seconds
[2021-09-27 03:58:24,345] {processor.py:162} INFO - Started process (PID=954) to work on /home/airflow/.local/lib/python3.8/site-packages/airflow/example_dags/example_branch_labels.py
[2021-09-27 03:58:24,345] {processor.py:613} INFO - Processing file /home/airflow/.local/lib/python3.8/site-packages/airflow/example_dags/example_branch_labels.py for tasks to queue
[2021-09-27 03:58:24,346] {logging_mixin.py:109} INFO - [2021-09-27 03:58:24,346] {dagbag.py:496} INFO - Filling up the DagBag from /home/airflow/.local/lib/python3.8/site-packages/airflow/example_dags/example_branch_labels.py
[2021-09-27 03:58:24,354] {processor.py:623} INFO - DAG(s) dict_keys(['example_branch_labels']) retrieved from /home/airflow/.local/lib/python3.8/site-packages/airflow/example_dags/example_branch_labels.py
[2021-09-27 03:58:24,368] {logging_mixin.py:109} INFO - [2021-09-27 03:58:24,368] {dag.py:1833} INFO - Sync 1 DAGs
[2021-09-27 03:58:24,380] {logging_mixin.py:109} INFO - [2021-09-27 03:58:24,380] {dag.py:2306} INFO - Setting next_dagrun for example_branch_labels to 2021-09-25 00:00:00+00:00
[2021-09-27 03:58:24,389] {processor.py:170} INFO - Processing /home/airflow/.local/lib/python3.8/site-packages/airflow/example_dags/example_branch_labels.py took 0.046 seconds
