[2021-09-27 03:24:52,906] {processor.py:162} INFO - Started process (PID=46) to work on /home/airflow/.local/lib/python3.8/site-packages/airflow/example_dags/example_kubernetes_executor_config.py
[2021-09-27 03:24:52,907] {processor.py:613} INFO - Processing file /home/airflow/.local/lib/python3.8/site-packages/airflow/example_dags/example_kubernetes_executor_config.py for tasks to queue
[2021-09-27 03:24:52,908] {logging_mixin.py:109} INFO - [2021-09-27 03:24:52,908] {dagbag.py:496} INFO - Filling up the DagBag from /home/airflow/.local/lib/python3.8/site-packages/airflow/example_dags/example_kubernetes_executor_config.py
[2021-09-27 03:24:52,921] {processor.py:623} INFO - DAG(s) dict_keys(['example_kubernetes_executor_config']) retrieved from /home/airflow/.local/lib/python3.8/site-packages/airflow/example_dags/example_kubernetes_executor_config.py
[2021-09-27 03:24:53,254] {logging_mixin.py:109} INFO - [2021-09-27 03:24:53,254] {dag.py:1833} INFO - Sync 1 DAGs
[2021-09-27 03:24:53,264] {logging_mixin.py:109} INFO - [2021-09-27 03:24:53,264] {dag.py:2306} INFO - Setting next_dagrun for example_kubernetes_executor_config to None
[2021-09-27 03:24:53,276] {processor.py:170} INFO - Processing /home/airflow/.local/lib/python3.8/site-packages/airflow/example_dags/example_kubernetes_executor_config.py took 0.376 seconds
[2021-09-27 03:25:23,716] {processor.py:162} INFO - Started process (PID=91) to work on /home/airflow/.local/lib/python3.8/site-packages/airflow/example_dags/example_kubernetes_executor_config.py
[2021-09-27 03:25:23,717] {processor.py:613} INFO - Processing file /home/airflow/.local/lib/python3.8/site-packages/airflow/example_dags/example_kubernetes_executor_config.py for tasks to queue
[2021-09-27 03:25:23,718] {logging_mixin.py:109} INFO - [2021-09-27 03:25:23,718] {dagbag.py:496} INFO - Filling up the DagBag from /home/airflow/.local/lib/python3.8/site-packages/airflow/example_dags/example_kubernetes_executor_config.py
[2021-09-27 03:25:23,727] {processor.py:623} INFO - DAG(s) dict_keys(['example_kubernetes_executor_config']) retrieved from /home/airflow/.local/lib/python3.8/site-packages/airflow/example_dags/example_kubernetes_executor_config.py
[2021-09-27 03:25:23,745] {logging_mixin.py:109} INFO - [2021-09-27 03:25:23,745] {dag.py:1833} INFO - Sync 1 DAGs
[2021-09-27 03:25:23,757] {logging_mixin.py:109} INFO - [2021-09-27 03:25:23,757] {dag.py:2306} INFO - Setting next_dagrun for example_kubernetes_executor_config to None
[2021-09-27 03:25:23,764] {processor.py:170} INFO - Processing /home/airflow/.local/lib/python3.8/site-packages/airflow/example_dags/example_kubernetes_executor_config.py took 0.050 seconds
[2021-09-27 03:25:54,378] {processor.py:162} INFO - Started process (PID=144) to work on /home/airflow/.local/lib/python3.8/site-packages/airflow/example_dags/example_kubernetes_executor_config.py
[2021-09-27 03:25:54,379] {processor.py:613} INFO - Processing file /home/airflow/.local/lib/python3.8/site-packages/airflow/example_dags/example_kubernetes_executor_config.py for tasks to queue
[2021-09-27 03:25:54,380] {logging_mixin.py:109} INFO - [2021-09-27 03:25:54,380] {dagbag.py:496} INFO - Filling up the DagBag from /home/airflow/.local/lib/python3.8/site-packages/airflow/example_dags/example_kubernetes_executor_config.py
[2021-09-27 03:25:54,403] {processor.py:623} INFO - DAG(s) dict_keys(['example_kubernetes_executor_config']) retrieved from /home/airflow/.local/lib/python3.8/site-packages/airflow/example_dags/example_kubernetes_executor_config.py
[2021-09-27 03:25:54,439] {logging_mixin.py:109} INFO - [2021-09-27 03:25:54,439] {dag.py:1833} INFO - Sync 1 DAGs
[2021-09-27 03:25:54,486] {logging_mixin.py:109} INFO - [2021-09-27 03:25:54,486] {dag.py:2306} INFO - Setting next_dagrun for example_kubernetes_executor_config to None
[2021-09-27 03:25:54,503] {processor.py:170} INFO - Processing /home/airflow/.local/lib/python3.8/site-packages/airflow/example_dags/example_kubernetes_executor_config.py took 0.129 seconds
[2021-09-27 03:26:25,280] {processor.py:162} INFO - Started process (PID=197) to work on /home/airflow/.local/lib/python3.8/site-packages/airflow/example_dags/example_kubernetes_executor_config.py
[2021-09-27 03:26:25,281] {processor.py:613} INFO - Processing file /home/airflow/.local/lib/python3.8/site-packages/airflow/example_dags/example_kubernetes_executor_config.py for tasks to queue
[2021-09-27 03:26:25,281] {logging_mixin.py:109} INFO - [2021-09-27 03:26:25,281] {dagbag.py:496} INFO - Filling up the DagBag from /home/airflow/.local/lib/python3.8/site-packages/airflow/example_dags/example_kubernetes_executor_config.py
[2021-09-27 03:26:25,290] {processor.py:623} INFO - DAG(s) dict_keys(['example_kubernetes_executor_config']) retrieved from /home/airflow/.local/lib/python3.8/site-packages/airflow/example_dags/example_kubernetes_executor_config.py
[2021-09-27 03:26:25,308] {logging_mixin.py:109} INFO - [2021-09-27 03:26:25,308] {dag.py:1833} INFO - Sync 1 DAGs
[2021-09-27 03:26:25,319] {logging_mixin.py:109} INFO - [2021-09-27 03:26:25,319] {dag.py:2306} INFO - Setting next_dagrun for example_kubernetes_executor_config to None
[2021-09-27 03:26:25,329] {processor.py:170} INFO - Processing /home/airflow/.local/lib/python3.8/site-packages/airflow/example_dags/example_kubernetes_executor_config.py took 0.052 seconds
[2021-09-27 03:26:55,689] {processor.py:162} INFO - Started process (PID=243) to work on /home/airflow/.local/lib/python3.8/site-packages/airflow/example_dags/example_kubernetes_executor_config.py
[2021-09-27 03:26:55,690] {processor.py:613} INFO - Processing file /home/airflow/.local/lib/python3.8/site-packages/airflow/example_dags/example_kubernetes_executor_config.py for tasks to queue
[2021-09-27 03:26:55,690] {logging_mixin.py:109} INFO - [2021-09-27 03:26:55,690] {dagbag.py:496} INFO - Filling up the DagBag from /home/airflow/.local/lib/python3.8/site-packages/airflow/example_dags/example_kubernetes_executor_config.py
[2021-09-27 03:26:55,698] {processor.py:623} INFO - DAG(s) dict_keys(['example_kubernetes_executor_config']) retrieved from /home/airflow/.local/lib/python3.8/site-packages/airflow/example_dags/example_kubernetes_executor_config.py
[2021-09-27 03:26:55,715] {logging_mixin.py:109} INFO - [2021-09-27 03:26:55,715] {dag.py:1833} INFO - Sync 1 DAGs
[2021-09-27 03:26:55,724] {logging_mixin.py:109} INFO - [2021-09-27 03:26:55,724] {dag.py:2306} INFO - Setting next_dagrun for example_kubernetes_executor_config to None
[2021-09-27 03:26:55,732] {processor.py:170} INFO - Processing /home/airflow/.local/lib/python3.8/site-packages/airflow/example_dags/example_kubernetes_executor_config.py took 0.045 seconds
[2021-09-27 03:27:25,851] {processor.py:162} INFO - Started process (PID=296) to work on /home/airflow/.local/lib/python3.8/site-packages/airflow/example_dags/example_kubernetes_executor_config.py
[2021-09-27 03:27:25,851] {processor.py:613} INFO - Processing file /home/airflow/.local/lib/python3.8/site-packages/airflow/example_dags/example_kubernetes_executor_config.py for tasks to queue
[2021-09-27 03:27:25,852] {logging_mixin.py:109} INFO - [2021-09-27 03:27:25,852] {dagbag.py:496} INFO - Filling up the DagBag from /home/airflow/.local/lib/python3.8/site-packages/airflow/example_dags/example_kubernetes_executor_config.py
[2021-09-27 03:27:25,860] {processor.py:623} INFO - DAG(s) dict_keys(['example_kubernetes_executor_config']) retrieved from /home/airflow/.local/lib/python3.8/site-packages/airflow/example_dags/example_kubernetes_executor_config.py
[2021-09-27 03:27:25,877] {logging_mixin.py:109} INFO - [2021-09-27 03:27:25,877] {dag.py:1833} INFO - Sync 1 DAGs
[2021-09-27 03:27:25,887] {logging_mixin.py:109} INFO - [2021-09-27 03:27:25,886] {dag.py:2306} INFO - Setting next_dagrun for example_kubernetes_executor_config to None
[2021-09-27 03:27:25,894] {processor.py:170} INFO - Processing /home/airflow/.local/lib/python3.8/site-packages/airflow/example_dags/example_kubernetes_executor_config.py took 0.048 seconds
[2021-09-27 03:27:56,034] {processor.py:162} INFO - Started process (PID=349) to work on /home/airflow/.local/lib/python3.8/site-packages/airflow/example_dags/example_kubernetes_executor_config.py
[2021-09-27 03:27:56,035] {processor.py:613} INFO - Processing file /home/airflow/.local/lib/python3.8/site-packages/airflow/example_dags/example_kubernetes_executor_config.py for tasks to queue
[2021-09-27 03:27:56,035] {logging_mixin.py:109} INFO - [2021-09-27 03:27:56,035] {dagbag.py:496} INFO - Filling up the DagBag from /home/airflow/.local/lib/python3.8/site-packages/airflow/example_dags/example_kubernetes_executor_config.py
[2021-09-27 03:27:56,043] {processor.py:623} INFO - DAG(s) dict_keys(['example_kubernetes_executor_config']) retrieved from /home/airflow/.local/lib/python3.8/site-packages/airflow/example_dags/example_kubernetes_executor_config.py
[2021-09-27 03:27:56,060] {logging_mixin.py:109} INFO - [2021-09-27 03:27:56,060] {dag.py:1833} INFO - Sync 1 DAGs
[2021-09-27 03:27:56,070] {logging_mixin.py:109} INFO - [2021-09-27 03:27:56,069] {dag.py:2306} INFO - Setting next_dagrun for example_kubernetes_executor_config to None
[2021-09-27 03:27:56,080] {processor.py:170} INFO - Processing /home/airflow/.local/lib/python3.8/site-packages/airflow/example_dags/example_kubernetes_executor_config.py took 0.048 seconds
[2021-09-27 03:28:26,464] {processor.py:162} INFO - Started process (PID=404) to work on /home/airflow/.local/lib/python3.8/site-packages/airflow/example_dags/example_kubernetes_executor_config.py
[2021-09-27 03:28:26,464] {processor.py:613} INFO - Processing file /home/airflow/.local/lib/python3.8/site-packages/airflow/example_dags/example_kubernetes_executor_config.py for tasks to queue
[2021-09-27 03:28:26,465] {logging_mixin.py:109} INFO - [2021-09-27 03:28:26,465] {dagbag.py:496} INFO - Filling up the DagBag from /home/airflow/.local/lib/python3.8/site-packages/airflow/example_dags/example_kubernetes_executor_config.py
[2021-09-27 03:28:26,473] {processor.py:623} INFO - DAG(s) dict_keys(['example_kubernetes_executor_config']) retrieved from /home/airflow/.local/lib/python3.8/site-packages/airflow/example_dags/example_kubernetes_executor_config.py
[2021-09-27 03:28:26,488] {logging_mixin.py:109} INFO - [2021-09-27 03:28:26,488] {dag.py:1833} INFO - Sync 1 DAGs
[2021-09-27 03:28:26,498] {logging_mixin.py:109} INFO - [2021-09-27 03:28:26,498] {dag.py:2306} INFO - Setting next_dagrun for example_kubernetes_executor_config to None
[2021-09-27 03:28:26,506] {processor.py:170} INFO - Processing /home/airflow/.local/lib/python3.8/site-packages/airflow/example_dags/example_kubernetes_executor_config.py took 0.045 seconds
[2021-09-27 03:28:56,773] {processor.py:162} INFO - Started process (PID=450) to work on /home/airflow/.local/lib/python3.8/site-packages/airflow/example_dags/example_kubernetes_executor_config.py
[2021-09-27 03:28:56,774] {processor.py:613} INFO - Processing file /home/airflow/.local/lib/python3.8/site-packages/airflow/example_dags/example_kubernetes_executor_config.py for tasks to queue
[2021-09-27 03:28:56,774] {logging_mixin.py:109} INFO - [2021-09-27 03:28:56,774] {dagbag.py:496} INFO - Filling up the DagBag from /home/airflow/.local/lib/python3.8/site-packages/airflow/example_dags/example_kubernetes_executor_config.py
[2021-09-27 03:28:56,783] {processor.py:623} INFO - DAG(s) dict_keys(['example_kubernetes_executor_config']) retrieved from /home/airflow/.local/lib/python3.8/site-packages/airflow/example_dags/example_kubernetes_executor_config.py
[2021-09-27 03:28:56,799] {logging_mixin.py:109} INFO - [2021-09-27 03:28:56,799] {dag.py:1833} INFO - Sync 1 DAGs
[2021-09-27 03:28:56,810] {logging_mixin.py:109} INFO - [2021-09-27 03:28:56,810] {dag.py:2306} INFO - Setting next_dagrun for example_kubernetes_executor_config to None
[2021-09-27 03:28:56,818] {processor.py:170} INFO - Processing /home/airflow/.local/lib/python3.8/site-packages/airflow/example_dags/example_kubernetes_executor_config.py took 0.047 seconds
[2021-09-27 03:29:27,016] {processor.py:162} INFO - Started process (PID=503) to work on /home/airflow/.local/lib/python3.8/site-packages/airflow/example_dags/example_kubernetes_executor_config.py
[2021-09-27 03:29:27,017] {processor.py:613} INFO - Processing file /home/airflow/.local/lib/python3.8/site-packages/airflow/example_dags/example_kubernetes_executor_config.py for tasks to queue
[2021-09-27 03:29:27,018] {logging_mixin.py:109} INFO - [2021-09-27 03:29:27,018] {dagbag.py:496} INFO - Filling up the DagBag from /home/airflow/.local/lib/python3.8/site-packages/airflow/example_dags/example_kubernetes_executor_config.py
[2021-09-27 03:29:27,026] {processor.py:623} INFO - DAG(s) dict_keys(['example_kubernetes_executor_config']) retrieved from /home/airflow/.local/lib/python3.8/site-packages/airflow/example_dags/example_kubernetes_executor_config.py
[2021-09-27 03:29:27,040] {logging_mixin.py:109} INFO - [2021-09-27 03:29:27,040] {dag.py:1833} INFO - Sync 1 DAGs
[2021-09-27 03:29:27,049] {logging_mixin.py:109} INFO - [2021-09-27 03:29:27,049] {dag.py:2306} INFO - Setting next_dagrun for example_kubernetes_executor_config to None
[2021-09-27 03:29:27,058] {processor.py:170} INFO - Processing /home/airflow/.local/lib/python3.8/site-packages/airflow/example_dags/example_kubernetes_executor_config.py took 0.044 seconds
[2021-09-27 03:29:57,096] {processor.py:162} INFO - Started process (PID=555) to work on /home/airflow/.local/lib/python3.8/site-packages/airflow/example_dags/example_kubernetes_executor_config.py
[2021-09-27 03:29:57,098] {processor.py:613} INFO - Processing file /home/airflow/.local/lib/python3.8/site-packages/airflow/example_dags/example_kubernetes_executor_config.py for tasks to queue
[2021-09-27 03:29:57,098] {logging_mixin.py:109} INFO - [2021-09-27 03:29:57,098] {dagbag.py:496} INFO - Filling up the DagBag from /home/airflow/.local/lib/python3.8/site-packages/airflow/example_dags/example_kubernetes_executor_config.py
[2021-09-27 03:29:57,109] {processor.py:623} INFO - DAG(s) dict_keys(['example_kubernetes_executor_config']) retrieved from /home/airflow/.local/lib/python3.8/site-packages/airflow/example_dags/example_kubernetes_executor_config.py
[2021-09-27 03:29:57,123] {logging_mixin.py:109} INFO - [2021-09-27 03:29:57,122] {dag.py:1833} INFO - Sync 1 DAGs
[2021-09-27 03:29:57,132] {logging_mixin.py:109} INFO - [2021-09-27 03:29:57,132] {dag.py:2306} INFO - Setting next_dagrun for example_kubernetes_executor_config to None
[2021-09-27 03:29:57,140] {processor.py:170} INFO - Processing /home/airflow/.local/lib/python3.8/site-packages/airflow/example_dags/example_kubernetes_executor_config.py took 0.047 seconds
[2021-09-27 03:30:27,252] {processor.py:162} INFO - Started process (PID=608) to work on /home/airflow/.local/lib/python3.8/site-packages/airflow/example_dags/example_kubernetes_executor_config.py
[2021-09-27 03:30:27,253] {processor.py:613} INFO - Processing file /home/airflow/.local/lib/python3.8/site-packages/airflow/example_dags/example_kubernetes_executor_config.py for tasks to queue
[2021-09-27 03:30:27,253] {logging_mixin.py:109} INFO - [2021-09-27 03:30:27,253] {dagbag.py:496} INFO - Filling up the DagBag from /home/airflow/.local/lib/python3.8/site-packages/airflow/example_dags/example_kubernetes_executor_config.py
[2021-09-27 03:30:27,263] {processor.py:623} INFO - DAG(s) dict_keys(['example_kubernetes_executor_config']) retrieved from /home/airflow/.local/lib/python3.8/site-packages/airflow/example_dags/example_kubernetes_executor_config.py
[2021-09-27 03:30:27,281] {logging_mixin.py:109} INFO - [2021-09-27 03:30:27,281] {dag.py:1833} INFO - Sync 1 DAGs
[2021-09-27 03:30:27,290] {logging_mixin.py:109} INFO - [2021-09-27 03:30:27,290] {dag.py:2306} INFO - Setting next_dagrun for example_kubernetes_executor_config to None
[2021-09-27 03:30:27,301] {processor.py:170} INFO - Processing /home/airflow/.local/lib/python3.8/site-packages/airflow/example_dags/example_kubernetes_executor_config.py took 0.052 seconds
[2021-09-27 03:30:57,482] {processor.py:162} INFO - Started process (PID=654) to work on /home/airflow/.local/lib/python3.8/site-packages/airflow/example_dags/example_kubernetes_executor_config.py
[2021-09-27 03:30:57,483] {processor.py:613} INFO - Processing file /home/airflow/.local/lib/python3.8/site-packages/airflow/example_dags/example_kubernetes_executor_config.py for tasks to queue
[2021-09-27 03:30:57,483] {logging_mixin.py:109} INFO - [2021-09-27 03:30:57,483] {dagbag.py:496} INFO - Filling up the DagBag from /home/airflow/.local/lib/python3.8/site-packages/airflow/example_dags/example_kubernetes_executor_config.py
[2021-09-27 03:30:57,491] {processor.py:623} INFO - DAG(s) dict_keys(['example_kubernetes_executor_config']) retrieved from /home/airflow/.local/lib/python3.8/site-packages/airflow/example_dags/example_kubernetes_executor_config.py
[2021-09-27 03:30:57,508] {logging_mixin.py:109} INFO - [2021-09-27 03:30:57,508] {dag.py:1833} INFO - Sync 1 DAGs
[2021-09-27 03:30:57,517] {logging_mixin.py:109} INFO - [2021-09-27 03:30:57,517] {dag.py:2306} INFO - Setting next_dagrun for example_kubernetes_executor_config to None
[2021-09-27 03:30:57,526] {processor.py:170} INFO - Processing /home/airflow/.local/lib/python3.8/site-packages/airflow/example_dags/example_kubernetes_executor_config.py took 0.047 seconds
[2021-09-27 03:31:27,710] {processor.py:162} INFO - Started process (PID=707) to work on /home/airflow/.local/lib/python3.8/site-packages/airflow/example_dags/example_kubernetes_executor_config.py
[2021-09-27 03:31:27,711] {processor.py:613} INFO - Processing file /home/airflow/.local/lib/python3.8/site-packages/airflow/example_dags/example_kubernetes_executor_config.py for tasks to queue
[2021-09-27 03:31:27,711] {logging_mixin.py:109} INFO - [2021-09-27 03:31:27,711] {dagbag.py:496} INFO - Filling up the DagBag from /home/airflow/.local/lib/python3.8/site-packages/airflow/example_dags/example_kubernetes_executor_config.py
[2021-09-27 03:31:27,719] {processor.py:623} INFO - DAG(s) dict_keys(['example_kubernetes_executor_config']) retrieved from /home/airflow/.local/lib/python3.8/site-packages/airflow/example_dags/example_kubernetes_executor_config.py
[2021-09-27 03:31:27,735] {logging_mixin.py:109} INFO - [2021-09-27 03:31:27,735] {dag.py:1833} INFO - Sync 1 DAGs
[2021-09-27 03:31:27,744] {logging_mixin.py:109} INFO - [2021-09-27 03:31:27,744] {dag.py:2306} INFO - Setting next_dagrun for example_kubernetes_executor_config to None
[2021-09-27 03:31:27,752] {processor.py:170} INFO - Processing /home/airflow/.local/lib/python3.8/site-packages/airflow/example_dags/example_kubernetes_executor_config.py took 0.044 seconds
[2021-09-27 03:31:57,955] {processor.py:162} INFO - Started process (PID=760) to work on /home/airflow/.local/lib/python3.8/site-packages/airflow/example_dags/example_kubernetes_executor_config.py
[2021-09-27 03:31:57,955] {processor.py:613} INFO - Processing file /home/airflow/.local/lib/python3.8/site-packages/airflow/example_dags/example_kubernetes_executor_config.py for tasks to queue
[2021-09-27 03:31:57,956] {logging_mixin.py:109} INFO - [2021-09-27 03:31:57,955] {dagbag.py:496} INFO - Filling up the DagBag from /home/airflow/.local/lib/python3.8/site-packages/airflow/example_dags/example_kubernetes_executor_config.py
[2021-09-27 03:31:57,963] {processor.py:623} INFO - DAG(s) dict_keys(['example_kubernetes_executor_config']) retrieved from /home/airflow/.local/lib/python3.8/site-packages/airflow/example_dags/example_kubernetes_executor_config.py
[2021-09-27 03:31:57,979] {logging_mixin.py:109} INFO - [2021-09-27 03:31:57,979] {dag.py:1833} INFO - Sync 1 DAGs
[2021-09-27 03:31:57,988] {logging_mixin.py:109} INFO - [2021-09-27 03:31:57,988] {dag.py:2306} INFO - Setting next_dagrun for example_kubernetes_executor_config to None
[2021-09-27 03:31:57,996] {processor.py:170} INFO - Processing /home/airflow/.local/lib/python3.8/site-packages/airflow/example_dags/example_kubernetes_executor_config.py took 0.044 seconds
[2021-09-27 03:32:28,217] {processor.py:162} INFO - Started process (PID=813) to work on /home/airflow/.local/lib/python3.8/site-packages/airflow/example_dags/example_kubernetes_executor_config.py
[2021-09-27 03:32:28,218] {processor.py:613} INFO - Processing file /home/airflow/.local/lib/python3.8/site-packages/airflow/example_dags/example_kubernetes_executor_config.py for tasks to queue
[2021-09-27 03:32:28,218] {logging_mixin.py:109} INFO - [2021-09-27 03:32:28,218] {dagbag.py:496} INFO - Filling up the DagBag from /home/airflow/.local/lib/python3.8/site-packages/airflow/example_dags/example_kubernetes_executor_config.py
[2021-09-27 03:32:28,226] {processor.py:623} INFO - DAG(s) dict_keys(['example_kubernetes_executor_config']) retrieved from /home/airflow/.local/lib/python3.8/site-packages/airflow/example_dags/example_kubernetes_executor_config.py
[2021-09-27 03:32:28,243] {logging_mixin.py:109} INFO - [2021-09-27 03:32:28,243] {dag.py:1833} INFO - Sync 1 DAGs
[2021-09-27 03:32:28,252] {logging_mixin.py:109} INFO - [2021-09-27 03:32:28,252] {dag.py:2306} INFO - Setting next_dagrun for example_kubernetes_executor_config to None
[2021-09-27 03:32:28,261] {processor.py:170} INFO - Processing /home/airflow/.local/lib/python3.8/site-packages/airflow/example_dags/example_kubernetes_executor_config.py took 0.046 seconds
[2021-09-27 03:32:58,538] {processor.py:162} INFO - Started process (PID=859) to work on /home/airflow/.local/lib/python3.8/site-packages/airflow/example_dags/example_kubernetes_executor_config.py
[2021-09-27 03:32:58,538] {processor.py:613} INFO - Processing file /home/airflow/.local/lib/python3.8/site-packages/airflow/example_dags/example_kubernetes_executor_config.py for tasks to queue
[2021-09-27 03:32:58,539] {logging_mixin.py:109} INFO - [2021-09-27 03:32:58,539] {dagbag.py:496} INFO - Filling up the DagBag from /home/airflow/.local/lib/python3.8/site-packages/airflow/example_dags/example_kubernetes_executor_config.py
[2021-09-27 03:32:58,547] {processor.py:623} INFO - DAG(s) dict_keys(['example_kubernetes_executor_config']) retrieved from /home/airflow/.local/lib/python3.8/site-packages/airflow/example_dags/example_kubernetes_executor_config.py
[2021-09-27 03:32:58,563] {logging_mixin.py:109} INFO - [2021-09-27 03:32:58,562] {dag.py:1833} INFO - Sync 1 DAGs
[2021-09-27 03:32:58,572] {logging_mixin.py:109} INFO - [2021-09-27 03:32:58,572] {dag.py:2306} INFO - Setting next_dagrun for example_kubernetes_executor_config to None
[2021-09-27 03:32:58,580] {processor.py:170} INFO - Processing /home/airflow/.local/lib/python3.8/site-packages/airflow/example_dags/example_kubernetes_executor_config.py took 0.044 seconds
[2021-09-27 03:33:28,644] {processor.py:162} INFO - Started process (PID=912) to work on /home/airflow/.local/lib/python3.8/site-packages/airflow/example_dags/example_kubernetes_executor_config.py
[2021-09-27 03:33:28,645] {processor.py:613} INFO - Processing file /home/airflow/.local/lib/python3.8/site-packages/airflow/example_dags/example_kubernetes_executor_config.py for tasks to queue
[2021-09-27 03:33:28,645] {logging_mixin.py:109} INFO - [2021-09-27 03:33:28,645] {dagbag.py:496} INFO - Filling up the DagBag from /home/airflow/.local/lib/python3.8/site-packages/airflow/example_dags/example_kubernetes_executor_config.py
[2021-09-27 03:33:28,655] {processor.py:623} INFO - DAG(s) dict_keys(['example_kubernetes_executor_config']) retrieved from /home/airflow/.local/lib/python3.8/site-packages/airflow/example_dags/example_kubernetes_executor_config.py
[2021-09-27 03:33:28,672] {logging_mixin.py:109} INFO - [2021-09-27 03:33:28,672] {dag.py:1833} INFO - Sync 1 DAGs
[2021-09-27 03:33:28,682] {logging_mixin.py:109} INFO - [2021-09-27 03:33:28,682] {dag.py:2306} INFO - Setting next_dagrun for example_kubernetes_executor_config to None
[2021-09-27 03:33:28,692] {processor.py:170} INFO - Processing /home/airflow/.local/lib/python3.8/site-packages/airflow/example_dags/example_kubernetes_executor_config.py took 0.050 seconds
[2021-09-27 03:33:58,919] {processor.py:162} INFO - Started process (PID=965) to work on /home/airflow/.local/lib/python3.8/site-packages/airflow/example_dags/example_kubernetes_executor_config.py
[2021-09-27 03:33:58,920] {processor.py:613} INFO - Processing file /home/airflow/.local/lib/python3.8/site-packages/airflow/example_dags/example_kubernetes_executor_config.py for tasks to queue
[2021-09-27 03:33:58,921] {logging_mixin.py:109} INFO - [2021-09-27 03:33:58,920] {dagbag.py:496} INFO - Filling up the DagBag from /home/airflow/.local/lib/python3.8/site-packages/airflow/example_dags/example_kubernetes_executor_config.py
[2021-09-27 03:33:58,929] {processor.py:623} INFO - DAG(s) dict_keys(['example_kubernetes_executor_config']) retrieved from /home/airflow/.local/lib/python3.8/site-packages/airflow/example_dags/example_kubernetes_executor_config.py
[2021-09-27 03:33:58,949] {logging_mixin.py:109} INFO - [2021-09-27 03:33:58,948] {dag.py:1833} INFO - Sync 1 DAGs
[2021-09-27 03:33:58,958] {logging_mixin.py:109} INFO - [2021-09-27 03:33:58,957] {dag.py:2306} INFO - Setting next_dagrun for example_kubernetes_executor_config to None
[2021-09-27 03:33:58,966] {processor.py:170} INFO - Processing /home/airflow/.local/lib/python3.8/site-packages/airflow/example_dags/example_kubernetes_executor_config.py took 0.049 seconds
[2021-09-27 03:34:29,178] {processor.py:162} INFO - Started process (PID=1017) to work on /home/airflow/.local/lib/python3.8/site-packages/airflow/example_dags/example_kubernetes_executor_config.py
[2021-09-27 03:34:29,179] {processor.py:613} INFO - Processing file /home/airflow/.local/lib/python3.8/site-packages/airflow/example_dags/example_kubernetes_executor_config.py for tasks to queue
[2021-09-27 03:34:29,179] {logging_mixin.py:109} INFO - [2021-09-27 03:34:29,179] {dagbag.py:496} INFO - Filling up the DagBag from /home/airflow/.local/lib/python3.8/site-packages/airflow/example_dags/example_kubernetes_executor_config.py
[2021-09-27 03:34:29,187] {processor.py:623} INFO - DAG(s) dict_keys(['example_kubernetes_executor_config']) retrieved from /home/airflow/.local/lib/python3.8/site-packages/airflow/example_dags/example_kubernetes_executor_config.py
[2021-09-27 03:34:29,202] {logging_mixin.py:109} INFO - [2021-09-27 03:34:29,202] {dag.py:1833} INFO - Sync 1 DAGs
[2021-09-27 03:34:29,213] {logging_mixin.py:109} INFO - [2021-09-27 03:34:29,213] {dag.py:2306} INFO - Setting next_dagrun for example_kubernetes_executor_config to None
[2021-09-27 03:34:29,223] {processor.py:170} INFO - Processing /home/airflow/.local/lib/python3.8/site-packages/airflow/example_dags/example_kubernetes_executor_config.py took 0.047 seconds
[2021-09-27 03:34:59,598] {processor.py:162} INFO - Started process (PID=1064) to work on /home/airflow/.local/lib/python3.8/site-packages/airflow/example_dags/example_kubernetes_executor_config.py
[2021-09-27 03:34:59,599] {processor.py:613} INFO - Processing file /home/airflow/.local/lib/python3.8/site-packages/airflow/example_dags/example_kubernetes_executor_config.py for tasks to queue
[2021-09-27 03:34:59,599] {logging_mixin.py:109} INFO - [2021-09-27 03:34:59,599] {dagbag.py:496} INFO - Filling up the DagBag from /home/airflow/.local/lib/python3.8/site-packages/airflow/example_dags/example_kubernetes_executor_config.py
[2021-09-27 03:34:59,608] {processor.py:623} INFO - DAG(s) dict_keys(['example_kubernetes_executor_config']) retrieved from /home/airflow/.local/lib/python3.8/site-packages/airflow/example_dags/example_kubernetes_executor_config.py
[2021-09-27 03:34:59,624] {logging_mixin.py:109} INFO - [2021-09-27 03:34:59,624] {dag.py:1833} INFO - Sync 1 DAGs
[2021-09-27 03:34:59,634] {logging_mixin.py:109} INFO - [2021-09-27 03:34:59,633] {dag.py:2306} INFO - Setting next_dagrun for example_kubernetes_executor_config to None
[2021-09-27 03:34:59,642] {processor.py:170} INFO - Processing /home/airflow/.local/lib/python3.8/site-packages/airflow/example_dags/example_kubernetes_executor_config.py took 0.046 seconds
[2021-09-27 03:35:29,926] {processor.py:162} INFO - Started process (PID=1118) to work on /home/airflow/.local/lib/python3.8/site-packages/airflow/example_dags/example_kubernetes_executor_config.py
[2021-09-27 03:35:29,926] {processor.py:613} INFO - Processing file /home/airflow/.local/lib/python3.8/site-packages/airflow/example_dags/example_kubernetes_executor_config.py for tasks to queue
[2021-09-27 03:35:29,926] {logging_mixin.py:109} INFO - [2021-09-27 03:35:29,926] {dagbag.py:496} INFO - Filling up the DagBag from /home/airflow/.local/lib/python3.8/site-packages/airflow/example_dags/example_kubernetes_executor_config.py
[2021-09-27 03:35:29,936] {processor.py:623} INFO - DAG(s) dict_keys(['example_kubernetes_executor_config']) retrieved from /home/airflow/.local/lib/python3.8/site-packages/airflow/example_dags/example_kubernetes_executor_config.py
[2021-09-27 03:35:29,953] {logging_mixin.py:109} INFO - [2021-09-27 03:35:29,953] {dag.py:1833} INFO - Sync 1 DAGs
[2021-09-27 03:35:29,964] {logging_mixin.py:109} INFO - [2021-09-27 03:35:29,964] {dag.py:2306} INFO - Setting next_dagrun for example_kubernetes_executor_config to None
[2021-09-27 03:35:29,982] {processor.py:170} INFO - Processing /home/airflow/.local/lib/python3.8/site-packages/airflow/example_dags/example_kubernetes_executor_config.py took 0.059 seconds
[2021-09-27 03:36:00,217] {processor.py:162} INFO - Started process (PID=1171) to work on /home/airflow/.local/lib/python3.8/site-packages/airflow/example_dags/example_kubernetes_executor_config.py
[2021-09-27 03:36:00,218] {processor.py:613} INFO - Processing file /home/airflow/.local/lib/python3.8/site-packages/airflow/example_dags/example_kubernetes_executor_config.py for tasks to queue
[2021-09-27 03:36:00,218] {logging_mixin.py:109} INFO - [2021-09-27 03:36:00,218] {dagbag.py:496} INFO - Filling up the DagBag from /home/airflow/.local/lib/python3.8/site-packages/airflow/example_dags/example_kubernetes_executor_config.py
[2021-09-27 03:36:00,225] {processor.py:623} INFO - DAG(s) dict_keys(['example_kubernetes_executor_config']) retrieved from /home/airflow/.local/lib/python3.8/site-packages/airflow/example_dags/example_kubernetes_executor_config.py
[2021-09-27 03:36:00,241] {logging_mixin.py:109} INFO - [2021-09-27 03:36:00,241] {dag.py:1833} INFO - Sync 1 DAGs
[2021-09-27 03:36:00,250] {logging_mixin.py:109} INFO - [2021-09-27 03:36:00,250] {dag.py:2306} INFO - Setting next_dagrun for example_kubernetes_executor_config to None
[2021-09-27 03:36:00,268] {processor.py:170} INFO - Processing /home/airflow/.local/lib/python3.8/site-packages/airflow/example_dags/example_kubernetes_executor_config.py took 0.054 seconds
[2021-09-27 03:36:30,531] {processor.py:162} INFO - Started process (PID=1225) to work on /home/airflow/.local/lib/python3.8/site-packages/airflow/example_dags/example_kubernetes_executor_config.py
[2021-09-27 03:36:30,532] {processor.py:613} INFO - Processing file /home/airflow/.local/lib/python3.8/site-packages/airflow/example_dags/example_kubernetes_executor_config.py for tasks to queue
[2021-09-27 03:36:30,532] {logging_mixin.py:109} INFO - [2021-09-27 03:36:30,532] {dagbag.py:496} INFO - Filling up the DagBag from /home/airflow/.local/lib/python3.8/site-packages/airflow/example_dags/example_kubernetes_executor_config.py
[2021-09-27 03:36:30,541] {processor.py:623} INFO - DAG(s) dict_keys(['example_kubernetes_executor_config']) retrieved from /home/airflow/.local/lib/python3.8/site-packages/airflow/example_dags/example_kubernetes_executor_config.py
[2021-09-27 03:36:30,561] {logging_mixin.py:109} INFO - [2021-09-27 03:36:30,561] {dag.py:1833} INFO - Sync 1 DAGs
[2021-09-27 03:36:30,574] {logging_mixin.py:109} INFO - [2021-09-27 03:36:30,574] {dag.py:2306} INFO - Setting next_dagrun for example_kubernetes_executor_config to None
[2021-09-27 03:36:30,583] {processor.py:170} INFO - Processing /home/airflow/.local/lib/python3.8/site-packages/airflow/example_dags/example_kubernetes_executor_config.py took 0.056 seconds
[2021-09-27 03:37:00,766] {processor.py:162} INFO - Started process (PID=1271) to work on /home/airflow/.local/lib/python3.8/site-packages/airflow/example_dags/example_kubernetes_executor_config.py
[2021-09-27 03:37:00,766] {processor.py:613} INFO - Processing file /home/airflow/.local/lib/python3.8/site-packages/airflow/example_dags/example_kubernetes_executor_config.py for tasks to queue
[2021-09-27 03:37:00,767] {logging_mixin.py:109} INFO - [2021-09-27 03:37:00,767] {dagbag.py:496} INFO - Filling up the DagBag from /home/airflow/.local/lib/python3.8/site-packages/airflow/example_dags/example_kubernetes_executor_config.py
[2021-09-27 03:37:00,775] {processor.py:623} INFO - DAG(s) dict_keys(['example_kubernetes_executor_config']) retrieved from /home/airflow/.local/lib/python3.8/site-packages/airflow/example_dags/example_kubernetes_executor_config.py
[2021-09-27 03:37:00,791] {logging_mixin.py:109} INFO - [2021-09-27 03:37:00,791] {dag.py:1833} INFO - Sync 1 DAGs
[2021-09-27 03:37:00,803] {logging_mixin.py:109} INFO - [2021-09-27 03:37:00,803] {dag.py:2306} INFO - Setting next_dagrun for example_kubernetes_executor_config to None
[2021-09-27 03:37:00,813] {processor.py:170} INFO - Processing /home/airflow/.local/lib/python3.8/site-packages/airflow/example_dags/example_kubernetes_executor_config.py took 0.050 seconds
[2021-09-27 03:37:31,029] {processor.py:162} INFO - Started process (PID=1324) to work on /home/airflow/.local/lib/python3.8/site-packages/airflow/example_dags/example_kubernetes_executor_config.py
[2021-09-27 03:37:31,029] {processor.py:613} INFO - Processing file /home/airflow/.local/lib/python3.8/site-packages/airflow/example_dags/example_kubernetes_executor_config.py for tasks to queue
[2021-09-27 03:37:31,030] {logging_mixin.py:109} INFO - [2021-09-27 03:37:31,030] {dagbag.py:496} INFO - Filling up the DagBag from /home/airflow/.local/lib/python3.8/site-packages/airflow/example_dags/example_kubernetes_executor_config.py
[2021-09-27 03:37:31,039] {processor.py:623} INFO - DAG(s) dict_keys(['example_kubernetes_executor_config']) retrieved from /home/airflow/.local/lib/python3.8/site-packages/airflow/example_dags/example_kubernetes_executor_config.py
[2021-09-27 03:37:31,059] {logging_mixin.py:109} INFO - [2021-09-27 03:37:31,059] {dag.py:1833} INFO - Sync 1 DAGs
[2021-09-27 03:37:31,072] {logging_mixin.py:109} INFO - [2021-09-27 03:37:31,071] {dag.py:2306} INFO - Setting next_dagrun for example_kubernetes_executor_config to None
[2021-09-27 03:37:31,081] {processor.py:170} INFO - Processing /home/airflow/.local/lib/python3.8/site-packages/airflow/example_dags/example_kubernetes_executor_config.py took 0.056 seconds
[2021-09-27 03:38:01,328] {processor.py:162} INFO - Started process (PID=1378) to work on /home/airflow/.local/lib/python3.8/site-packages/airflow/example_dags/example_kubernetes_executor_config.py
[2021-09-27 03:38:01,329] {processor.py:613} INFO - Processing file /home/airflow/.local/lib/python3.8/site-packages/airflow/example_dags/example_kubernetes_executor_config.py for tasks to queue
[2021-09-27 03:38:01,329] {logging_mixin.py:109} INFO - [2021-09-27 03:38:01,329] {dagbag.py:496} INFO - Filling up the DagBag from /home/airflow/.local/lib/python3.8/site-packages/airflow/example_dags/example_kubernetes_executor_config.py
[2021-09-27 03:38:01,339] {processor.py:623} INFO - DAG(s) dict_keys(['example_kubernetes_executor_config']) retrieved from /home/airflow/.local/lib/python3.8/site-packages/airflow/example_dags/example_kubernetes_executor_config.py
[2021-09-27 03:38:01,359] {logging_mixin.py:109} INFO - [2021-09-27 03:38:01,359] {dag.py:1833} INFO - Sync 1 DAGs
[2021-09-27 03:38:01,370] {logging_mixin.py:109} INFO - [2021-09-27 03:38:01,370] {dag.py:2306} INFO - Setting next_dagrun for example_kubernetes_executor_config to None
[2021-09-27 03:38:01,379] {processor.py:170} INFO - Processing /home/airflow/.local/lib/python3.8/site-packages/airflow/example_dags/example_kubernetes_executor_config.py took 0.053 seconds
[2021-09-27 03:38:31,786] {processor.py:162} INFO - Started process (PID=1424) to work on /home/airflow/.local/lib/python3.8/site-packages/airflow/example_dags/example_kubernetes_executor_config.py
[2021-09-27 03:38:31,787] {processor.py:613} INFO - Processing file /home/airflow/.local/lib/python3.8/site-packages/airflow/example_dags/example_kubernetes_executor_config.py for tasks to queue
[2021-09-27 03:38:31,788] {logging_mixin.py:109} INFO - [2021-09-27 03:38:31,788] {dagbag.py:496} INFO - Filling up the DagBag from /home/airflow/.local/lib/python3.8/site-packages/airflow/example_dags/example_kubernetes_executor_config.py
[2021-09-27 03:38:31,797] {processor.py:623} INFO - DAG(s) dict_keys(['example_kubernetes_executor_config']) retrieved from /home/airflow/.local/lib/python3.8/site-packages/airflow/example_dags/example_kubernetes_executor_config.py
[2021-09-27 03:38:31,812] {logging_mixin.py:109} INFO - [2021-09-27 03:38:31,812] {dag.py:1833} INFO - Sync 1 DAGs
[2021-09-27 03:38:31,823] {logging_mixin.py:109} INFO - [2021-09-27 03:38:31,823] {dag.py:2306} INFO - Setting next_dagrun for example_kubernetes_executor_config to None
[2021-09-27 03:38:31,831] {processor.py:170} INFO - Processing /home/airflow/.local/lib/python3.8/site-packages/airflow/example_dags/example_kubernetes_executor_config.py took 0.048 seconds
[2021-09-27 03:39:02,162] {processor.py:162} INFO - Started process (PID=1477) to work on /home/airflow/.local/lib/python3.8/site-packages/airflow/example_dags/example_kubernetes_executor_config.py
[2021-09-27 03:39:02,164] {processor.py:613} INFO - Processing file /home/airflow/.local/lib/python3.8/site-packages/airflow/example_dags/example_kubernetes_executor_config.py for tasks to queue
[2021-09-27 03:39:02,164] {logging_mixin.py:109} INFO - [2021-09-27 03:39:02,164] {dagbag.py:496} INFO - Filling up the DagBag from /home/airflow/.local/lib/python3.8/site-packages/airflow/example_dags/example_kubernetes_executor_config.py
[2021-09-27 03:39:02,172] {processor.py:623} INFO - DAG(s) dict_keys(['example_kubernetes_executor_config']) retrieved from /home/airflow/.local/lib/python3.8/site-packages/airflow/example_dags/example_kubernetes_executor_config.py
[2021-09-27 03:39:02,192] {logging_mixin.py:109} INFO - [2021-09-27 03:39:02,191] {dag.py:1833} INFO - Sync 1 DAGs
[2021-09-27 03:39:02,205] {logging_mixin.py:109} INFO - [2021-09-27 03:39:02,205] {dag.py:2306} INFO - Setting next_dagrun for example_kubernetes_executor_config to None
[2021-09-27 03:39:02,220] {processor.py:170} INFO - Processing /home/airflow/.local/lib/python3.8/site-packages/airflow/example_dags/example_kubernetes_executor_config.py took 0.061 seconds
[2021-09-27 03:39:32,456] {processor.py:162} INFO - Started process (PID=1531) to work on /home/airflow/.local/lib/python3.8/site-packages/airflow/example_dags/example_kubernetes_executor_config.py
[2021-09-27 03:39:32,456] {processor.py:613} INFO - Processing file /home/airflow/.local/lib/python3.8/site-packages/airflow/example_dags/example_kubernetes_executor_config.py for tasks to queue
[2021-09-27 03:39:32,457] {logging_mixin.py:109} INFO - [2021-09-27 03:39:32,457] {dagbag.py:496} INFO - Filling up the DagBag from /home/airflow/.local/lib/python3.8/site-packages/airflow/example_dags/example_kubernetes_executor_config.py
[2021-09-27 03:39:32,465] {processor.py:623} INFO - DAG(s) dict_keys(['example_kubernetes_executor_config']) retrieved from /home/airflow/.local/lib/python3.8/site-packages/airflow/example_dags/example_kubernetes_executor_config.py
[2021-09-27 03:39:32,484] {logging_mixin.py:109} INFO - [2021-09-27 03:39:32,484] {dag.py:1833} INFO - Sync 1 DAGs
[2021-09-27 03:39:32,498] {logging_mixin.py:109} INFO - [2021-09-27 03:39:32,498] {dag.py:2306} INFO - Setting next_dagrun for example_kubernetes_executor_config to None
[2021-09-27 03:39:32,507] {processor.py:170} INFO - Processing /home/airflow/.local/lib/python3.8/site-packages/airflow/example_dags/example_kubernetes_executor_config.py took 0.053 seconds
[2021-09-27 03:40:02,550] {processor.py:162} INFO - Started process (PID=1584) to work on /home/airflow/.local/lib/python3.8/site-packages/airflow/example_dags/example_kubernetes_executor_config.py
[2021-09-27 03:40:02,550] {processor.py:613} INFO - Processing file /home/airflow/.local/lib/python3.8/site-packages/airflow/example_dags/example_kubernetes_executor_config.py for tasks to queue
[2021-09-27 03:40:02,551] {logging_mixin.py:109} INFO - [2021-09-27 03:40:02,551] {dagbag.py:496} INFO - Filling up the DagBag from /home/airflow/.local/lib/python3.8/site-packages/airflow/example_dags/example_kubernetes_executor_config.py
[2021-09-27 03:40:02,558] {processor.py:623} INFO - DAG(s) dict_keys(['example_kubernetes_executor_config']) retrieved from /home/airflow/.local/lib/python3.8/site-packages/airflow/example_dags/example_kubernetes_executor_config.py
[2021-09-27 03:40:02,574] {logging_mixin.py:109} INFO - [2021-09-27 03:40:02,574] {dag.py:1833} INFO - Sync 1 DAGs
[2021-09-27 03:40:02,583] {logging_mixin.py:109} INFO - [2021-09-27 03:40:02,583] {dag.py:2306} INFO - Setting next_dagrun for example_kubernetes_executor_config to None
[2021-09-27 03:40:02,592] {processor.py:170} INFO - Processing /home/airflow/.local/lib/python3.8/site-packages/airflow/example_dags/example_kubernetes_executor_config.py took 0.044 seconds
[2021-09-27 03:40:32,942] {processor.py:162} INFO - Started process (PID=1631) to work on /home/airflow/.local/lib/python3.8/site-packages/airflow/example_dags/example_kubernetes_executor_config.py
[2021-09-27 03:40:32,942] {processor.py:613} INFO - Processing file /home/airflow/.local/lib/python3.8/site-packages/airflow/example_dags/example_kubernetes_executor_config.py for tasks to queue
[2021-09-27 03:40:32,943] {logging_mixin.py:109} INFO - [2021-09-27 03:40:32,943] {dagbag.py:496} INFO - Filling up the DagBag from /home/airflow/.local/lib/python3.8/site-packages/airflow/example_dags/example_kubernetes_executor_config.py
[2021-09-27 03:40:32,951] {processor.py:623} INFO - DAG(s) dict_keys(['example_kubernetes_executor_config']) retrieved from /home/airflow/.local/lib/python3.8/site-packages/airflow/example_dags/example_kubernetes_executor_config.py
[2021-09-27 03:40:32,968] {logging_mixin.py:109} INFO - [2021-09-27 03:40:32,968] {dag.py:1833} INFO - Sync 1 DAGs
[2021-09-27 03:40:32,979] {logging_mixin.py:109} INFO - [2021-09-27 03:40:32,979] {dag.py:2306} INFO - Setting next_dagrun for example_kubernetes_executor_config to None
[2021-09-27 03:40:32,988] {processor.py:170} INFO - Processing /home/airflow/.local/lib/python3.8/site-packages/airflow/example_dags/example_kubernetes_executor_config.py took 0.049 seconds
[2021-09-27 03:41:03,054] {processor.py:162} INFO - Started process (PID=1684) to work on /home/airflow/.local/lib/python3.8/site-packages/airflow/example_dags/example_kubernetes_executor_config.py
[2021-09-27 03:41:03,055] {processor.py:613} INFO - Processing file /home/airflow/.local/lib/python3.8/site-packages/airflow/example_dags/example_kubernetes_executor_config.py for tasks to queue
[2021-09-27 03:41:03,056] {logging_mixin.py:109} INFO - [2021-09-27 03:41:03,056] {dagbag.py:496} INFO - Filling up the DagBag from /home/airflow/.local/lib/python3.8/site-packages/airflow/example_dags/example_kubernetes_executor_config.py
[2021-09-27 03:41:03,067] {processor.py:623} INFO - DAG(s) dict_keys(['example_kubernetes_executor_config']) retrieved from /home/airflow/.local/lib/python3.8/site-packages/airflow/example_dags/example_kubernetes_executor_config.py
[2021-09-27 03:41:03,085] {logging_mixin.py:109} INFO - [2021-09-27 03:41:03,085] {dag.py:1833} INFO - Sync 1 DAGs
[2021-09-27 03:41:03,096] {logging_mixin.py:109} INFO - [2021-09-27 03:41:03,096] {dag.py:2306} INFO - Setting next_dagrun for example_kubernetes_executor_config to None
[2021-09-27 03:41:03,113] {processor.py:170} INFO - Processing /home/airflow/.local/lib/python3.8/site-packages/airflow/example_dags/example_kubernetes_executor_config.py took 0.061 seconds
[2021-09-27 03:41:33,451] {processor.py:162} INFO - Started process (PID=1738) to work on /home/airflow/.local/lib/python3.8/site-packages/airflow/example_dags/example_kubernetes_executor_config.py
[2021-09-27 03:41:33,451] {processor.py:613} INFO - Processing file /home/airflow/.local/lib/python3.8/site-packages/airflow/example_dags/example_kubernetes_executor_config.py for tasks to queue
[2021-09-27 03:41:33,452] {logging_mixin.py:109} INFO - [2021-09-27 03:41:33,452] {dagbag.py:496} INFO - Filling up the DagBag from /home/airflow/.local/lib/python3.8/site-packages/airflow/example_dags/example_kubernetes_executor_config.py
[2021-09-27 03:41:33,459] {processor.py:623} INFO - DAG(s) dict_keys(['example_kubernetes_executor_config']) retrieved from /home/airflow/.local/lib/python3.8/site-packages/airflow/example_dags/example_kubernetes_executor_config.py
[2021-09-27 03:41:33,476] {logging_mixin.py:109} INFO - [2021-09-27 03:41:33,476] {dag.py:1833} INFO - Sync 1 DAGs
[2021-09-27 03:41:33,485] {logging_mixin.py:109} INFO - [2021-09-27 03:41:33,485] {dag.py:2306} INFO - Setting next_dagrun for example_kubernetes_executor_config to None
[2021-09-27 03:41:33,494] {processor.py:170} INFO - Processing /home/airflow/.local/lib/python3.8/site-packages/airflow/example_dags/example_kubernetes_executor_config.py took 0.046 seconds
[2021-09-27 03:42:03,802] {processor.py:162} INFO - Started process (PID=1792) to work on /home/airflow/.local/lib/python3.8/site-packages/airflow/example_dags/example_kubernetes_executor_config.py
[2021-09-27 03:42:03,803] {processor.py:613} INFO - Processing file /home/airflow/.local/lib/python3.8/site-packages/airflow/example_dags/example_kubernetes_executor_config.py for tasks to queue
[2021-09-27 03:42:03,803] {logging_mixin.py:109} INFO - [2021-09-27 03:42:03,803] {dagbag.py:496} INFO - Filling up the DagBag from /home/airflow/.local/lib/python3.8/site-packages/airflow/example_dags/example_kubernetes_executor_config.py
[2021-09-27 03:42:03,814] {processor.py:623} INFO - DAG(s) dict_keys(['example_kubernetes_executor_config']) retrieved from /home/airflow/.local/lib/python3.8/site-packages/airflow/example_dags/example_kubernetes_executor_config.py
[2021-09-27 03:42:03,829] {logging_mixin.py:109} INFO - [2021-09-27 03:42:03,829] {dag.py:1833} INFO - Sync 1 DAGs
[2021-09-27 03:42:03,838] {logging_mixin.py:109} INFO - [2021-09-27 03:42:03,838] {dag.py:2306} INFO - Setting next_dagrun for example_kubernetes_executor_config to None
[2021-09-27 03:42:03,846] {processor.py:170} INFO - Processing /home/airflow/.local/lib/python3.8/site-packages/airflow/example_dags/example_kubernetes_executor_config.py took 0.046 seconds
[2021-09-27 03:42:34,051] {processor.py:162} INFO - Started process (PID=1838) to work on /home/airflow/.local/lib/python3.8/site-packages/airflow/example_dags/example_kubernetes_executor_config.py
[2021-09-27 03:42:34,052] {processor.py:613} INFO - Processing file /home/airflow/.local/lib/python3.8/site-packages/airflow/example_dags/example_kubernetes_executor_config.py for tasks to queue
[2021-09-27 03:42:34,052] {logging_mixin.py:109} INFO - [2021-09-27 03:42:34,052] {dagbag.py:496} INFO - Filling up the DagBag from /home/airflow/.local/lib/python3.8/site-packages/airflow/example_dags/example_kubernetes_executor_config.py
[2021-09-27 03:42:34,060] {processor.py:623} INFO - DAG(s) dict_keys(['example_kubernetes_executor_config']) retrieved from /home/airflow/.local/lib/python3.8/site-packages/airflow/example_dags/example_kubernetes_executor_config.py
[2021-09-27 03:42:34,077] {logging_mixin.py:109} INFO - [2021-09-27 03:42:34,077] {dag.py:1833} INFO - Sync 1 DAGs
[2021-09-27 03:42:34,086] {logging_mixin.py:109} INFO - [2021-09-27 03:42:34,086] {dag.py:2306} INFO - Setting next_dagrun for example_kubernetes_executor_config to None
[2021-09-27 03:42:34,093] {processor.py:170} INFO - Processing /home/airflow/.local/lib/python3.8/site-packages/airflow/example_dags/example_kubernetes_executor_config.py took 0.045 seconds
[2021-09-27 03:43:04,317] {processor.py:162} INFO - Started process (PID=1892) to work on /home/airflow/.local/lib/python3.8/site-packages/airflow/example_dags/example_kubernetes_executor_config.py
[2021-09-27 03:43:04,318] {processor.py:613} INFO - Processing file /home/airflow/.local/lib/python3.8/site-packages/airflow/example_dags/example_kubernetes_executor_config.py for tasks to queue
[2021-09-27 03:43:04,319] {logging_mixin.py:109} INFO - [2021-09-27 03:43:04,318] {dagbag.py:496} INFO - Filling up the DagBag from /home/airflow/.local/lib/python3.8/site-packages/airflow/example_dags/example_kubernetes_executor_config.py
[2021-09-27 03:43:04,327] {processor.py:623} INFO - DAG(s) dict_keys(['example_kubernetes_executor_config']) retrieved from /home/airflow/.local/lib/python3.8/site-packages/airflow/example_dags/example_kubernetes_executor_config.py
[2021-09-27 03:43:04,342] {logging_mixin.py:109} INFO - [2021-09-27 03:43:04,342] {dag.py:1833} INFO - Sync 1 DAGs
[2021-09-27 03:43:04,352] {logging_mixin.py:109} INFO - [2021-09-27 03:43:04,352] {dag.py:2306} INFO - Setting next_dagrun for example_kubernetes_executor_config to None
[2021-09-27 03:43:04,361] {processor.py:170} INFO - Processing /home/airflow/.local/lib/python3.8/site-packages/airflow/example_dags/example_kubernetes_executor_config.py took 0.046 seconds
[2021-09-27 03:43:34,549] {processor.py:162} INFO - Started process (PID=1945) to work on /home/airflow/.local/lib/python3.8/site-packages/airflow/example_dags/example_kubernetes_executor_config.py
[2021-09-27 03:43:34,550] {processor.py:613} INFO - Processing file /home/airflow/.local/lib/python3.8/site-packages/airflow/example_dags/example_kubernetes_executor_config.py for tasks to queue
[2021-09-27 03:43:34,550] {logging_mixin.py:109} INFO - [2021-09-27 03:43:34,550] {dagbag.py:496} INFO - Filling up the DagBag from /home/airflow/.local/lib/python3.8/site-packages/airflow/example_dags/example_kubernetes_executor_config.py
[2021-09-27 03:43:34,560] {processor.py:623} INFO - DAG(s) dict_keys(['example_kubernetes_executor_config']) retrieved from /home/airflow/.local/lib/python3.8/site-packages/airflow/example_dags/example_kubernetes_executor_config.py
[2021-09-27 03:43:34,577] {logging_mixin.py:109} INFO - [2021-09-27 03:43:34,577] {dag.py:1833} INFO - Sync 1 DAGs
[2021-09-27 03:43:34,589] {logging_mixin.py:109} INFO - [2021-09-27 03:43:34,589] {dag.py:2306} INFO - Setting next_dagrun for example_kubernetes_executor_config to None
[2021-09-27 03:43:34,598] {processor.py:170} INFO - Processing /home/airflow/.local/lib/python3.8/site-packages/airflow/example_dags/example_kubernetes_executor_config.py took 0.051 seconds
[2021-09-27 03:44:04,874] {processor.py:162} INFO - Started process (PID=1998) to work on /home/airflow/.local/lib/python3.8/site-packages/airflow/example_dags/example_kubernetes_executor_config.py
[2021-09-27 03:44:04,876] {processor.py:613} INFO - Processing file /home/airflow/.local/lib/python3.8/site-packages/airflow/example_dags/example_kubernetes_executor_config.py for tasks to queue
[2021-09-27 03:44:04,876] {logging_mixin.py:109} INFO - [2021-09-27 03:44:04,876] {dagbag.py:496} INFO - Filling up the DagBag from /home/airflow/.local/lib/python3.8/site-packages/airflow/example_dags/example_kubernetes_executor_config.py
[2021-09-27 03:44:04,885] {processor.py:623} INFO - DAG(s) dict_keys(['example_kubernetes_executor_config']) retrieved from /home/airflow/.local/lib/python3.8/site-packages/airflow/example_dags/example_kubernetes_executor_config.py
[2021-09-27 03:44:04,902] {logging_mixin.py:109} INFO - [2021-09-27 03:44:04,902] {dag.py:1833} INFO - Sync 1 DAGs
[2021-09-27 03:44:04,914] {logging_mixin.py:109} INFO - [2021-09-27 03:44:04,914] {dag.py:2306} INFO - Setting next_dagrun for example_kubernetes_executor_config to None
[2021-09-27 03:44:04,931] {processor.py:170} INFO - Processing /home/airflow/.local/lib/python3.8/site-packages/airflow/example_dags/example_kubernetes_executor_config.py took 0.058 seconds
[2021-09-27 03:44:35,271] {processor.py:162} INFO - Started process (PID=2044) to work on /home/airflow/.local/lib/python3.8/site-packages/airflow/example_dags/example_kubernetes_executor_config.py
[2021-09-27 03:44:35,272] {processor.py:613} INFO - Processing file /home/airflow/.local/lib/python3.8/site-packages/airflow/example_dags/example_kubernetes_executor_config.py for tasks to queue
[2021-09-27 03:44:35,272] {logging_mixin.py:109} INFO - [2021-09-27 03:44:35,272] {dagbag.py:496} INFO - Filling up the DagBag from /home/airflow/.local/lib/python3.8/site-packages/airflow/example_dags/example_kubernetes_executor_config.py
[2021-09-27 03:44:35,280] {processor.py:623} INFO - DAG(s) dict_keys(['example_kubernetes_executor_config']) retrieved from /home/airflow/.local/lib/python3.8/site-packages/airflow/example_dags/example_kubernetes_executor_config.py
[2021-09-27 03:44:35,296] {logging_mixin.py:109} INFO - [2021-09-27 03:44:35,296] {dag.py:1833} INFO - Sync 1 DAGs
[2021-09-27 03:44:35,305] {logging_mixin.py:109} INFO - [2021-09-27 03:44:35,305] {dag.py:2306} INFO - Setting next_dagrun for example_kubernetes_executor_config to None
[2021-09-27 03:44:35,315] {processor.py:170} INFO - Processing /home/airflow/.local/lib/python3.8/site-packages/airflow/example_dags/example_kubernetes_executor_config.py took 0.047 seconds
[2021-09-27 03:45:05,580] {processor.py:162} INFO - Started process (PID=2097) to work on /home/airflow/.local/lib/python3.8/site-packages/airflow/example_dags/example_kubernetes_executor_config.py
[2021-09-27 03:45:05,581] {processor.py:613} INFO - Processing file /home/airflow/.local/lib/python3.8/site-packages/airflow/example_dags/example_kubernetes_executor_config.py for tasks to queue
[2021-09-27 03:45:05,581] {logging_mixin.py:109} INFO - [2021-09-27 03:45:05,581] {dagbag.py:496} INFO - Filling up the DagBag from /home/airflow/.local/lib/python3.8/site-packages/airflow/example_dags/example_kubernetes_executor_config.py
[2021-09-27 03:45:05,590] {processor.py:623} INFO - DAG(s) dict_keys(['example_kubernetes_executor_config']) retrieved from /home/airflow/.local/lib/python3.8/site-packages/airflow/example_dags/example_kubernetes_executor_config.py
[2021-09-27 03:45:05,608] {logging_mixin.py:109} INFO - [2021-09-27 03:45:05,608] {dag.py:1833} INFO - Sync 1 DAGs
[2021-09-27 03:45:05,617] {logging_mixin.py:109} INFO - [2021-09-27 03:45:05,617] {dag.py:2306} INFO - Setting next_dagrun for example_kubernetes_executor_config to None
[2021-09-27 03:45:05,634] {processor.py:170} INFO - Processing /home/airflow/.local/lib/python3.8/site-packages/airflow/example_dags/example_kubernetes_executor_config.py took 0.055 seconds
[2021-09-27 03:45:35,971] {processor.py:162} INFO - Started process (PID=2150) to work on /home/airflow/.local/lib/python3.8/site-packages/airflow/example_dags/example_kubernetes_executor_config.py
[2021-09-27 03:45:35,972] {processor.py:613} INFO - Processing file /home/airflow/.local/lib/python3.8/site-packages/airflow/example_dags/example_kubernetes_executor_config.py for tasks to queue
[2021-09-27 03:45:35,973] {logging_mixin.py:109} INFO - [2021-09-27 03:45:35,973] {dagbag.py:496} INFO - Filling up the DagBag from /home/airflow/.local/lib/python3.8/site-packages/airflow/example_dags/example_kubernetes_executor_config.py
[2021-09-27 03:45:35,980] {processor.py:623} INFO - DAG(s) dict_keys(['example_kubernetes_executor_config']) retrieved from /home/airflow/.local/lib/python3.8/site-packages/airflow/example_dags/example_kubernetes_executor_config.py
[2021-09-27 03:45:35,996] {logging_mixin.py:109} INFO - [2021-09-27 03:45:35,996] {dag.py:1833} INFO - Sync 1 DAGs
[2021-09-27 03:45:36,005] {logging_mixin.py:109} INFO - [2021-09-27 03:45:36,005] {dag.py:2306} INFO - Setting next_dagrun for example_kubernetes_executor_config to None
[2021-09-27 03:45:36,021] {processor.py:170} INFO - Processing /home/airflow/.local/lib/python3.8/site-packages/airflow/example_dags/example_kubernetes_executor_config.py took 0.053 seconds
[2021-09-27 03:46:06,142] {processor.py:162} INFO - Started process (PID=2203) to work on /home/airflow/.local/lib/python3.8/site-packages/airflow/example_dags/example_kubernetes_executor_config.py
[2021-09-27 03:46:06,142] {processor.py:613} INFO - Processing file /home/airflow/.local/lib/python3.8/site-packages/airflow/example_dags/example_kubernetes_executor_config.py for tasks to queue
[2021-09-27 03:46:06,143] {logging_mixin.py:109} INFO - [2021-09-27 03:46:06,143] {dagbag.py:496} INFO - Filling up the DagBag from /home/airflow/.local/lib/python3.8/site-packages/airflow/example_dags/example_kubernetes_executor_config.py
[2021-09-27 03:46:06,154] {processor.py:623} INFO - DAG(s) dict_keys(['example_kubernetes_executor_config']) retrieved from /home/airflow/.local/lib/python3.8/site-packages/airflow/example_dags/example_kubernetes_executor_config.py
[2021-09-27 03:46:06,173] {logging_mixin.py:109} INFO - [2021-09-27 03:46:06,173] {dag.py:1833} INFO - Sync 1 DAGs
[2021-09-27 03:46:06,185] {logging_mixin.py:109} INFO - [2021-09-27 03:46:06,185] {dag.py:2306} INFO - Setting next_dagrun for example_kubernetes_executor_config to None
[2021-09-27 03:46:06,203] {processor.py:170} INFO - Processing /home/airflow/.local/lib/python3.8/site-packages/airflow/example_dags/example_kubernetes_executor_config.py took 0.064 seconds
[2021-09-27 03:46:36,346] {processor.py:162} INFO - Started process (PID=2249) to work on /home/airflow/.local/lib/python3.8/site-packages/airflow/example_dags/example_kubernetes_executor_config.py
[2021-09-27 03:46:36,346] {processor.py:613} INFO - Processing file /home/airflow/.local/lib/python3.8/site-packages/airflow/example_dags/example_kubernetes_executor_config.py for tasks to queue
[2021-09-27 03:46:36,347] {logging_mixin.py:109} INFO - [2021-09-27 03:46:36,347] {dagbag.py:496} INFO - Filling up the DagBag from /home/airflow/.local/lib/python3.8/site-packages/airflow/example_dags/example_kubernetes_executor_config.py
[2021-09-27 03:46:36,354] {processor.py:623} INFO - DAG(s) dict_keys(['example_kubernetes_executor_config']) retrieved from /home/airflow/.local/lib/python3.8/site-packages/airflow/example_dags/example_kubernetes_executor_config.py
[2021-09-27 03:46:36,370] {logging_mixin.py:109} INFO - [2021-09-27 03:46:36,370] {dag.py:1833} INFO - Sync 1 DAGs
[2021-09-27 03:46:36,379] {logging_mixin.py:109} INFO - [2021-09-27 03:46:36,379] {dag.py:2306} INFO - Setting next_dagrun for example_kubernetes_executor_config to None
[2021-09-27 03:46:36,386] {processor.py:170} INFO - Processing /home/airflow/.local/lib/python3.8/site-packages/airflow/example_dags/example_kubernetes_executor_config.py took 0.043 seconds
[2021-09-27 03:47:06,822] {processor.py:162} INFO - Started process (PID=2302) to work on /home/airflow/.local/lib/python3.8/site-packages/airflow/example_dags/example_kubernetes_executor_config.py
[2021-09-27 03:47:06,822] {processor.py:613} INFO - Processing file /home/airflow/.local/lib/python3.8/site-packages/airflow/example_dags/example_kubernetes_executor_config.py for tasks to queue
[2021-09-27 03:47:06,823] {logging_mixin.py:109} INFO - [2021-09-27 03:47:06,823] {dagbag.py:496} INFO - Filling up the DagBag from /home/airflow/.local/lib/python3.8/site-packages/airflow/example_dags/example_kubernetes_executor_config.py
[2021-09-27 03:47:06,830] {processor.py:623} INFO - DAG(s) dict_keys(['example_kubernetes_executor_config']) retrieved from /home/airflow/.local/lib/python3.8/site-packages/airflow/example_dags/example_kubernetes_executor_config.py
[2021-09-27 03:47:06,846] {logging_mixin.py:109} INFO - [2021-09-27 03:47:06,846] {dag.py:1833} INFO - Sync 1 DAGs
[2021-09-27 03:47:06,855] {logging_mixin.py:109} INFO - [2021-09-27 03:47:06,855] {dag.py:2306} INFO - Setting next_dagrun for example_kubernetes_executor_config to None
[2021-09-27 03:47:06,872] {processor.py:170} INFO - Processing /home/airflow/.local/lib/python3.8/site-packages/airflow/example_dags/example_kubernetes_executor_config.py took 0.053 seconds
[2021-09-27 03:47:37,084] {processor.py:162} INFO - Started process (PID=2355) to work on /home/airflow/.local/lib/python3.8/site-packages/airflow/example_dags/example_kubernetes_executor_config.py
[2021-09-27 03:47:37,084] {processor.py:613} INFO - Processing file /home/airflow/.local/lib/python3.8/site-packages/airflow/example_dags/example_kubernetes_executor_config.py for tasks to queue
[2021-09-27 03:47:37,085] {logging_mixin.py:109} INFO - [2021-09-27 03:47:37,085] {dagbag.py:496} INFO - Filling up the DagBag from /home/airflow/.local/lib/python3.8/site-packages/airflow/example_dags/example_kubernetes_executor_config.py
[2021-09-27 03:47:37,092] {processor.py:623} INFO - DAG(s) dict_keys(['example_kubernetes_executor_config']) retrieved from /home/airflow/.local/lib/python3.8/site-packages/airflow/example_dags/example_kubernetes_executor_config.py
[2021-09-27 03:47:37,109] {logging_mixin.py:109} INFO - [2021-09-27 03:47:37,109] {dag.py:1833} INFO - Sync 1 DAGs
[2021-09-27 03:47:37,118] {logging_mixin.py:109} INFO - [2021-09-27 03:47:37,118] {dag.py:2306} INFO - Setting next_dagrun for example_kubernetes_executor_config to None
[2021-09-27 03:47:37,135] {processor.py:170} INFO - Processing /home/airflow/.local/lib/python3.8/site-packages/airflow/example_dags/example_kubernetes_executor_config.py took 0.054 seconds
[2021-09-27 03:49:17,881] {processor.py:162} INFO - Started process (PID=30) to work on /home/airflow/.local/lib/python3.8/site-packages/airflow/example_dags/example_kubernetes_executor_config.py
[2021-09-27 03:49:17,882] {processor.py:613} INFO - Processing file /home/airflow/.local/lib/python3.8/site-packages/airflow/example_dags/example_kubernetes_executor_config.py for tasks to queue
[2021-09-27 03:49:17,882] {logging_mixin.py:109} INFO - [2021-09-27 03:49:17,882] {dagbag.py:496} INFO - Filling up the DagBag from /home/airflow/.local/lib/python3.8/site-packages/airflow/example_dags/example_kubernetes_executor_config.py
[2021-09-27 03:49:17,893] {processor.py:623} INFO - DAG(s) dict_keys(['example_kubernetes_executor_config']) retrieved from /home/airflow/.local/lib/python3.8/site-packages/airflow/example_dags/example_kubernetes_executor_config.py
[2021-09-27 03:49:17,910] {logging_mixin.py:109} INFO - [2021-09-27 03:49:17,910] {dag.py:1833} INFO - Sync 1 DAGs
[2021-09-27 03:49:17,919] {logging_mixin.py:109} INFO - [2021-09-27 03:49:17,919] {dag.py:2306} INFO - Setting next_dagrun for example_kubernetes_executor_config to None
[2021-09-27 03:49:17,928] {processor.py:170} INFO - Processing /home/airflow/.local/lib/python3.8/site-packages/airflow/example_dags/example_kubernetes_executor_config.py took 0.049 seconds
[2021-09-27 03:49:48,496] {processor.py:162} INFO - Started process (PID=83) to work on /home/airflow/.local/lib/python3.8/site-packages/airflow/example_dags/example_kubernetes_executor_config.py
[2021-09-27 03:49:48,497] {processor.py:613} INFO - Processing file /home/airflow/.local/lib/python3.8/site-packages/airflow/example_dags/example_kubernetes_executor_config.py for tasks to queue
[2021-09-27 03:49:48,497] {logging_mixin.py:109} INFO - [2021-09-27 03:49:48,497] {dagbag.py:496} INFO - Filling up the DagBag from /home/airflow/.local/lib/python3.8/site-packages/airflow/example_dags/example_kubernetes_executor_config.py
[2021-09-27 03:49:48,505] {processor.py:623} INFO - DAG(s) dict_keys(['example_kubernetes_executor_config']) retrieved from /home/airflow/.local/lib/python3.8/site-packages/airflow/example_dags/example_kubernetes_executor_config.py
[2021-09-27 03:49:48,520] {logging_mixin.py:109} INFO - [2021-09-27 03:49:48,520] {dag.py:1833} INFO - Sync 1 DAGs
[2021-09-27 03:49:48,529] {logging_mixin.py:109} INFO - [2021-09-27 03:49:48,529] {dag.py:2306} INFO - Setting next_dagrun for example_kubernetes_executor_config to None
[2021-09-27 03:49:48,537] {processor.py:170} INFO - Processing /home/airflow/.local/lib/python3.8/site-packages/airflow/example_dags/example_kubernetes_executor_config.py took 0.043 seconds
[2021-09-27 03:50:18,738] {processor.py:162} INFO - Started process (PID=136) to work on /home/airflow/.local/lib/python3.8/site-packages/airflow/example_dags/example_kubernetes_executor_config.py
[2021-09-27 03:50:18,739] {processor.py:613} INFO - Processing file /home/airflow/.local/lib/python3.8/site-packages/airflow/example_dags/example_kubernetes_executor_config.py for tasks to queue
[2021-09-27 03:50:18,740] {logging_mixin.py:109} INFO - [2021-09-27 03:50:18,739] {dagbag.py:496} INFO - Filling up the DagBag from /home/airflow/.local/lib/python3.8/site-packages/airflow/example_dags/example_kubernetes_executor_config.py
[2021-09-27 03:50:18,749] {processor.py:623} INFO - DAG(s) dict_keys(['example_kubernetes_executor_config']) retrieved from /home/airflow/.local/lib/python3.8/site-packages/airflow/example_dags/example_kubernetes_executor_config.py
[2021-09-27 03:50:18,766] {logging_mixin.py:109} INFO - [2021-09-27 03:50:18,765] {dag.py:1833} INFO - Sync 1 DAGs
[2021-09-27 03:50:18,775] {logging_mixin.py:109} INFO - [2021-09-27 03:50:18,775] {dag.py:2306} INFO - Setting next_dagrun for example_kubernetes_executor_config to None
[2021-09-27 03:50:18,784] {processor.py:170} INFO - Processing /home/airflow/.local/lib/python3.8/site-packages/airflow/example_dags/example_kubernetes_executor_config.py took 0.048 seconds
[2021-09-27 03:50:49,043] {processor.py:162} INFO - Started process (PID=188) to work on /home/airflow/.local/lib/python3.8/site-packages/airflow/example_dags/example_kubernetes_executor_config.py
[2021-09-27 03:50:49,044] {processor.py:613} INFO - Processing file /home/airflow/.local/lib/python3.8/site-packages/airflow/example_dags/example_kubernetes_executor_config.py for tasks to queue
[2021-09-27 03:50:49,045] {logging_mixin.py:109} INFO - [2021-09-27 03:50:49,045] {dagbag.py:496} INFO - Filling up the DagBag from /home/airflow/.local/lib/python3.8/site-packages/airflow/example_dags/example_kubernetes_executor_config.py
[2021-09-27 03:50:49,057] {processor.py:623} INFO - DAG(s) dict_keys(['example_kubernetes_executor_config']) retrieved from /home/airflow/.local/lib/python3.8/site-packages/airflow/example_dags/example_kubernetes_executor_config.py
[2021-09-27 03:50:49,073] {logging_mixin.py:109} INFO - [2021-09-27 03:50:49,073] {dag.py:1833} INFO - Sync 1 DAGs
[2021-09-27 03:50:49,084] {logging_mixin.py:109} INFO - [2021-09-27 03:50:49,083] {dag.py:2306} INFO - Setting next_dagrun for example_kubernetes_executor_config to None
[2021-09-27 03:50:49,092] {processor.py:170} INFO - Processing /home/airflow/.local/lib/python3.8/site-packages/airflow/example_dags/example_kubernetes_executor_config.py took 0.051 seconds
[2021-09-27 03:51:19,498] {processor.py:162} INFO - Started process (PID=234) to work on /home/airflow/.local/lib/python3.8/site-packages/airflow/example_dags/example_kubernetes_executor_config.py
[2021-09-27 03:51:19,499] {processor.py:613} INFO - Processing file /home/airflow/.local/lib/python3.8/site-packages/airflow/example_dags/example_kubernetes_executor_config.py for tasks to queue
[2021-09-27 03:51:19,500] {logging_mixin.py:109} INFO - [2021-09-27 03:51:19,500] {dagbag.py:496} INFO - Filling up the DagBag from /home/airflow/.local/lib/python3.8/site-packages/airflow/example_dags/example_kubernetes_executor_config.py
[2021-09-27 03:51:19,508] {processor.py:623} INFO - DAG(s) dict_keys(['example_kubernetes_executor_config']) retrieved from /home/airflow/.local/lib/python3.8/site-packages/airflow/example_dags/example_kubernetes_executor_config.py
[2021-09-27 03:51:19,525] {logging_mixin.py:109} INFO - [2021-09-27 03:51:19,525] {dag.py:1833} INFO - Sync 1 DAGs
[2021-09-27 03:51:19,535] {logging_mixin.py:109} INFO - [2021-09-27 03:51:19,535] {dag.py:2306} INFO - Setting next_dagrun for example_kubernetes_executor_config to None
[2021-09-27 03:51:19,544] {processor.py:170} INFO - Processing /home/airflow/.local/lib/python3.8/site-packages/airflow/example_dags/example_kubernetes_executor_config.py took 0.048 seconds
[2021-09-27 03:51:49,822] {processor.py:162} INFO - Started process (PID=287) to work on /home/airflow/.local/lib/python3.8/site-packages/airflow/example_dags/example_kubernetes_executor_config.py
[2021-09-27 03:51:49,822] {processor.py:613} INFO - Processing file /home/airflow/.local/lib/python3.8/site-packages/airflow/example_dags/example_kubernetes_executor_config.py for tasks to queue
[2021-09-27 03:51:49,823] {logging_mixin.py:109} INFO - [2021-09-27 03:51:49,823] {dagbag.py:496} INFO - Filling up the DagBag from /home/airflow/.local/lib/python3.8/site-packages/airflow/example_dags/example_kubernetes_executor_config.py
[2021-09-27 03:51:49,832] {processor.py:623} INFO - DAG(s) dict_keys(['example_kubernetes_executor_config']) retrieved from /home/airflow/.local/lib/python3.8/site-packages/airflow/example_dags/example_kubernetes_executor_config.py
[2021-09-27 03:51:49,846] {logging_mixin.py:109} INFO - [2021-09-27 03:51:49,846] {dag.py:1833} INFO - Sync 1 DAGs
[2021-09-27 03:51:49,855] {logging_mixin.py:109} INFO - [2021-09-27 03:51:49,855] {dag.py:2306} INFO - Setting next_dagrun for example_kubernetes_executor_config to None
[2021-09-27 03:51:49,863] {processor.py:170} INFO - Processing /home/airflow/.local/lib/python3.8/site-packages/airflow/example_dags/example_kubernetes_executor_config.py took 0.043 seconds
[2021-09-27 03:52:20,217] {processor.py:162} INFO - Started process (PID=341) to work on /home/airflow/.local/lib/python3.8/site-packages/airflow/example_dags/example_kubernetes_executor_config.py
[2021-09-27 03:52:20,218] {processor.py:613} INFO - Processing file /home/airflow/.local/lib/python3.8/site-packages/airflow/example_dags/example_kubernetes_executor_config.py for tasks to queue
[2021-09-27 03:52:20,218] {logging_mixin.py:109} INFO - [2021-09-27 03:52:20,218] {dagbag.py:496} INFO - Filling up the DagBag from /home/airflow/.local/lib/python3.8/site-packages/airflow/example_dags/example_kubernetes_executor_config.py
[2021-09-27 03:52:20,226] {processor.py:623} INFO - DAG(s) dict_keys(['example_kubernetes_executor_config']) retrieved from /home/airflow/.local/lib/python3.8/site-packages/airflow/example_dags/example_kubernetes_executor_config.py
[2021-09-27 03:52:20,241] {logging_mixin.py:109} INFO - [2021-09-27 03:52:20,241] {dag.py:1833} INFO - Sync 1 DAGs
[2021-09-27 03:52:20,250] {logging_mixin.py:109} INFO - [2021-09-27 03:52:20,250] {dag.py:2306} INFO - Setting next_dagrun for example_kubernetes_executor_config to None
[2021-09-27 03:52:20,258] {processor.py:170} INFO - Processing /home/airflow/.local/lib/python3.8/site-packages/airflow/example_dags/example_kubernetes_executor_config.py took 0.043 seconds
[2021-09-27 03:52:50,595] {processor.py:162} INFO - Started process (PID=394) to work on /home/airflow/.local/lib/python3.8/site-packages/airflow/example_dags/example_kubernetes_executor_config.py
[2021-09-27 03:52:50,596] {processor.py:613} INFO - Processing file /home/airflow/.local/lib/python3.8/site-packages/airflow/example_dags/example_kubernetes_executor_config.py for tasks to queue
[2021-09-27 03:52:50,597] {logging_mixin.py:109} INFO - [2021-09-27 03:52:50,596] {dagbag.py:496} INFO - Filling up the DagBag from /home/airflow/.local/lib/python3.8/site-packages/airflow/example_dags/example_kubernetes_executor_config.py
[2021-09-27 03:52:50,608] {processor.py:623} INFO - DAG(s) dict_keys(['example_kubernetes_executor_config']) retrieved from /home/airflow/.local/lib/python3.8/site-packages/airflow/example_dags/example_kubernetes_executor_config.py
[2021-09-27 03:52:50,625] {logging_mixin.py:109} INFO - [2021-09-27 03:52:50,625] {dag.py:1833} INFO - Sync 1 DAGs
[2021-09-27 03:52:50,634] {logging_mixin.py:109} INFO - [2021-09-27 03:52:50,634] {dag.py:2306} INFO - Setting next_dagrun for example_kubernetes_executor_config to None
[2021-09-27 03:52:50,642] {processor.py:170} INFO - Processing /home/airflow/.local/lib/python3.8/site-packages/airflow/example_dags/example_kubernetes_executor_config.py took 0.049 seconds
[2021-09-27 03:53:20,875] {processor.py:162} INFO - Started process (PID=442) to work on /home/airflow/.local/lib/python3.8/site-packages/airflow/example_dags/example_kubernetes_executor_config.py
[2021-09-27 03:53:20,876] {processor.py:613} INFO - Processing file /home/airflow/.local/lib/python3.8/site-packages/airflow/example_dags/example_kubernetes_executor_config.py for tasks to queue
[2021-09-27 03:53:20,876] {logging_mixin.py:109} INFO - [2021-09-27 03:53:20,876] {dagbag.py:496} INFO - Filling up the DagBag from /home/airflow/.local/lib/python3.8/site-packages/airflow/example_dags/example_kubernetes_executor_config.py
[2021-09-27 03:53:20,884] {processor.py:623} INFO - DAG(s) dict_keys(['example_kubernetes_executor_config']) retrieved from /home/airflow/.local/lib/python3.8/site-packages/airflow/example_dags/example_kubernetes_executor_config.py
[2021-09-27 03:53:20,899] {logging_mixin.py:109} INFO - [2021-09-27 03:53:20,899] {dag.py:1833} INFO - Sync 1 DAGs
[2021-09-27 03:53:20,908] {logging_mixin.py:109} INFO - [2021-09-27 03:53:20,908] {dag.py:2306} INFO - Setting next_dagrun for example_kubernetes_executor_config to None
[2021-09-27 03:53:20,918] {processor.py:170} INFO - Processing /home/airflow/.local/lib/python3.8/site-packages/airflow/example_dags/example_kubernetes_executor_config.py took 0.045 seconds
[2021-09-27 03:53:51,350] {processor.py:162} INFO - Started process (PID=495) to work on /home/airflow/.local/lib/python3.8/site-packages/airflow/example_dags/example_kubernetes_executor_config.py
[2021-09-27 03:53:51,351] {processor.py:613} INFO - Processing file /home/airflow/.local/lib/python3.8/site-packages/airflow/example_dags/example_kubernetes_executor_config.py for tasks to queue
[2021-09-27 03:53:51,351] {logging_mixin.py:109} INFO - [2021-09-27 03:53:51,351] {dagbag.py:496} INFO - Filling up the DagBag from /home/airflow/.local/lib/python3.8/site-packages/airflow/example_dags/example_kubernetes_executor_config.py
[2021-09-27 03:53:51,359] {processor.py:623} INFO - DAG(s) dict_keys(['example_kubernetes_executor_config']) retrieved from /home/airflow/.local/lib/python3.8/site-packages/airflow/example_dags/example_kubernetes_executor_config.py
[2021-09-27 03:53:51,373] {logging_mixin.py:109} INFO - [2021-09-27 03:53:51,373] {dag.py:1833} INFO - Sync 1 DAGs
[2021-09-27 03:53:51,382] {logging_mixin.py:109} INFO - [2021-09-27 03:53:51,382] {dag.py:2306} INFO - Setting next_dagrun for example_kubernetes_executor_config to None
[2021-09-27 03:53:51,390] {processor.py:170} INFO - Processing /home/airflow/.local/lib/python3.8/site-packages/airflow/example_dags/example_kubernetes_executor_config.py took 0.042 seconds
[2021-09-27 03:54:21,620] {processor.py:162} INFO - Started process (PID=548) to work on /home/airflow/.local/lib/python3.8/site-packages/airflow/example_dags/example_kubernetes_executor_config.py
[2021-09-27 03:54:21,621] {processor.py:613} INFO - Processing file /home/airflow/.local/lib/python3.8/site-packages/airflow/example_dags/example_kubernetes_executor_config.py for tasks to queue
[2021-09-27 03:54:21,621] {logging_mixin.py:109} INFO - [2021-09-27 03:54:21,621] {dagbag.py:496} INFO - Filling up the DagBag from /home/airflow/.local/lib/python3.8/site-packages/airflow/example_dags/example_kubernetes_executor_config.py
[2021-09-27 03:54:21,631] {processor.py:623} INFO - DAG(s) dict_keys(['example_kubernetes_executor_config']) retrieved from /home/airflow/.local/lib/python3.8/site-packages/airflow/example_dags/example_kubernetes_executor_config.py
[2021-09-27 03:54:21,647] {logging_mixin.py:109} INFO - [2021-09-27 03:54:21,646] {dag.py:1833} INFO - Sync 1 DAGs
[2021-09-27 03:54:21,656] {logging_mixin.py:109} INFO - [2021-09-27 03:54:21,656] {dag.py:2306} INFO - Setting next_dagrun for example_kubernetes_executor_config to None
[2021-09-27 03:54:21,664] {processor.py:170} INFO - Processing /home/airflow/.local/lib/python3.8/site-packages/airflow/example_dags/example_kubernetes_executor_config.py took 0.047 seconds
[2021-09-27 03:54:51,930] {processor.py:162} INFO - Started process (PID=600) to work on /home/airflow/.local/lib/python3.8/site-packages/airflow/example_dags/example_kubernetes_executor_config.py
[2021-09-27 03:54:51,931] {processor.py:613} INFO - Processing file /home/airflow/.local/lib/python3.8/site-packages/airflow/example_dags/example_kubernetes_executor_config.py for tasks to queue
[2021-09-27 03:54:51,931] {logging_mixin.py:109} INFO - [2021-09-27 03:54:51,931] {dagbag.py:496} INFO - Filling up the DagBag from /home/airflow/.local/lib/python3.8/site-packages/airflow/example_dags/example_kubernetes_executor_config.py
[2021-09-27 03:54:51,939] {processor.py:623} INFO - DAG(s) dict_keys(['example_kubernetes_executor_config']) retrieved from /home/airflow/.local/lib/python3.8/site-packages/airflow/example_dags/example_kubernetes_executor_config.py
[2021-09-27 03:54:51,955] {logging_mixin.py:109} INFO - [2021-09-27 03:54:51,955] {dag.py:1833} INFO - Sync 1 DAGs
[2021-09-27 03:54:51,965] {logging_mixin.py:109} INFO - [2021-09-27 03:54:51,965] {dag.py:2306} INFO - Setting next_dagrun for example_kubernetes_executor_config to None
[2021-09-27 03:54:51,974] {processor.py:170} INFO - Processing /home/airflow/.local/lib/python3.8/site-packages/airflow/example_dags/example_kubernetes_executor_config.py took 0.046 seconds
[2021-09-27 03:55:22,371] {processor.py:162} INFO - Started process (PID=646) to work on /home/airflow/.local/lib/python3.8/site-packages/airflow/example_dags/example_kubernetes_executor_config.py
[2021-09-27 03:55:22,372] {processor.py:613} INFO - Processing file /home/airflow/.local/lib/python3.8/site-packages/airflow/example_dags/example_kubernetes_executor_config.py for tasks to queue
[2021-09-27 03:55:22,372] {logging_mixin.py:109} INFO - [2021-09-27 03:55:22,372] {dagbag.py:496} INFO - Filling up the DagBag from /home/airflow/.local/lib/python3.8/site-packages/airflow/example_dags/example_kubernetes_executor_config.py
[2021-09-27 03:55:22,381] {processor.py:623} INFO - DAG(s) dict_keys(['example_kubernetes_executor_config']) retrieved from /home/airflow/.local/lib/python3.8/site-packages/airflow/example_dags/example_kubernetes_executor_config.py
[2021-09-27 03:55:22,396] {logging_mixin.py:109} INFO - [2021-09-27 03:55:22,396] {dag.py:1833} INFO - Sync 1 DAGs
[2021-09-27 03:55:22,406] {logging_mixin.py:109} INFO - [2021-09-27 03:55:22,405] {dag.py:2306} INFO - Setting next_dagrun for example_kubernetes_executor_config to None
[2021-09-27 03:55:22,413] {processor.py:170} INFO - Processing /home/airflow/.local/lib/python3.8/site-packages/airflow/example_dags/example_kubernetes_executor_config.py took 0.044 seconds
[2021-09-27 03:55:52,811] {processor.py:162} INFO - Started process (PID=699) to work on /home/airflow/.local/lib/python3.8/site-packages/airflow/example_dags/example_kubernetes_executor_config.py
[2021-09-27 03:55:52,812] {processor.py:613} INFO - Processing file /home/airflow/.local/lib/python3.8/site-packages/airflow/example_dags/example_kubernetes_executor_config.py for tasks to queue
[2021-09-27 03:55:52,812] {logging_mixin.py:109} INFO - [2021-09-27 03:55:52,812] {dagbag.py:496} INFO - Filling up the DagBag from /home/airflow/.local/lib/python3.8/site-packages/airflow/example_dags/example_kubernetes_executor_config.py
[2021-09-27 03:55:52,822] {processor.py:623} INFO - DAG(s) dict_keys(['example_kubernetes_executor_config']) retrieved from /home/airflow/.local/lib/python3.8/site-packages/airflow/example_dags/example_kubernetes_executor_config.py
[2021-09-27 03:55:52,842] {logging_mixin.py:109} INFO - [2021-09-27 03:55:52,842] {dag.py:1833} INFO - Sync 1 DAGs
[2021-09-27 03:55:52,852] {logging_mixin.py:109} INFO - [2021-09-27 03:55:52,852] {dag.py:2306} INFO - Setting next_dagrun for example_kubernetes_executor_config to None
[2021-09-27 03:55:52,860] {processor.py:170} INFO - Processing /home/airflow/.local/lib/python3.8/site-packages/airflow/example_dags/example_kubernetes_executor_config.py took 0.051 seconds
[2021-09-27 03:56:23,189] {processor.py:162} INFO - Started process (PID=752) to work on /home/airflow/.local/lib/python3.8/site-packages/airflow/example_dags/example_kubernetes_executor_config.py
[2021-09-27 03:56:23,190] {processor.py:613} INFO - Processing file /home/airflow/.local/lib/python3.8/site-packages/airflow/example_dags/example_kubernetes_executor_config.py for tasks to queue
[2021-09-27 03:56:23,191] {logging_mixin.py:109} INFO - [2021-09-27 03:56:23,191] {dagbag.py:496} INFO - Filling up the DagBag from /home/airflow/.local/lib/python3.8/site-packages/airflow/example_dags/example_kubernetes_executor_config.py
[2021-09-27 03:56:23,199] {processor.py:623} INFO - DAG(s) dict_keys(['example_kubernetes_executor_config']) retrieved from /home/airflow/.local/lib/python3.8/site-packages/airflow/example_dags/example_kubernetes_executor_config.py
[2021-09-27 03:56:23,214] {logging_mixin.py:109} INFO - [2021-09-27 03:56:23,214] {dag.py:1833} INFO - Sync 1 DAGs
[2021-09-27 03:56:23,224] {logging_mixin.py:109} INFO - [2021-09-27 03:56:23,224] {dag.py:2306} INFO - Setting next_dagrun for example_kubernetes_executor_config to None
[2021-09-27 03:56:23,232] {processor.py:170} INFO - Processing /home/airflow/.local/lib/python3.8/site-packages/airflow/example_dags/example_kubernetes_executor_config.py took 0.045 seconds
[2021-09-27 03:56:53,473] {processor.py:162} INFO - Started process (PID=805) to work on /home/airflow/.local/lib/python3.8/site-packages/airflow/example_dags/example_kubernetes_executor_config.py
[2021-09-27 03:56:53,474] {processor.py:613} INFO - Processing file /home/airflow/.local/lib/python3.8/site-packages/airflow/example_dags/example_kubernetes_executor_config.py for tasks to queue
[2021-09-27 03:56:53,474] {logging_mixin.py:109} INFO - [2021-09-27 03:56:53,474] {dagbag.py:496} INFO - Filling up the DagBag from /home/airflow/.local/lib/python3.8/site-packages/airflow/example_dags/example_kubernetes_executor_config.py
[2021-09-27 03:56:53,484] {processor.py:623} INFO - DAG(s) dict_keys(['example_kubernetes_executor_config']) retrieved from /home/airflow/.local/lib/python3.8/site-packages/airflow/example_dags/example_kubernetes_executor_config.py
[2021-09-27 03:56:53,500] {logging_mixin.py:109} INFO - [2021-09-27 03:56:53,500] {dag.py:1833} INFO - Sync 1 DAGs
[2021-09-27 03:56:53,511] {logging_mixin.py:109} INFO - [2021-09-27 03:56:53,511] {dag.py:2306} INFO - Setting next_dagrun for example_kubernetes_executor_config to None
[2021-09-27 03:56:53,519] {processor.py:170} INFO - Processing /home/airflow/.local/lib/python3.8/site-packages/airflow/example_dags/example_kubernetes_executor_config.py took 0.048 seconds
[2021-09-27 03:57:23,845] {processor.py:162} INFO - Started process (PID=851) to work on /home/airflow/.local/lib/python3.8/site-packages/airflow/example_dags/example_kubernetes_executor_config.py
[2021-09-27 03:57:23,846] {processor.py:613} INFO - Processing file /home/airflow/.local/lib/python3.8/site-packages/airflow/example_dags/example_kubernetes_executor_config.py for tasks to queue
[2021-09-27 03:57:23,846] {logging_mixin.py:109} INFO - [2021-09-27 03:57:23,846] {dagbag.py:496} INFO - Filling up the DagBag from /home/airflow/.local/lib/python3.8/site-packages/airflow/example_dags/example_kubernetes_executor_config.py
[2021-09-27 03:57:23,855] {processor.py:623} INFO - DAG(s) dict_keys(['example_kubernetes_executor_config']) retrieved from /home/airflow/.local/lib/python3.8/site-packages/airflow/example_dags/example_kubernetes_executor_config.py
[2021-09-27 03:57:23,870] {logging_mixin.py:109} INFO - [2021-09-27 03:57:23,870] {dag.py:1833} INFO - Sync 1 DAGs
[2021-09-27 03:57:23,879] {logging_mixin.py:109} INFO - [2021-09-27 03:57:23,879] {dag.py:2306} INFO - Setting next_dagrun for example_kubernetes_executor_config to None
[2021-09-27 03:57:23,887] {processor.py:170} INFO - Processing /home/airflow/.local/lib/python3.8/site-packages/airflow/example_dags/example_kubernetes_executor_config.py took 0.044 seconds
[2021-09-27 03:57:54,126] {processor.py:162} INFO - Started process (PID=904) to work on /home/airflow/.local/lib/python3.8/site-packages/airflow/example_dags/example_kubernetes_executor_config.py
[2021-09-27 03:57:54,126] {processor.py:613} INFO - Processing file /home/airflow/.local/lib/python3.8/site-packages/airflow/example_dags/example_kubernetes_executor_config.py for tasks to queue
[2021-09-27 03:57:54,127] {logging_mixin.py:109} INFO - [2021-09-27 03:57:54,127] {dagbag.py:496} INFO - Filling up the DagBag from /home/airflow/.local/lib/python3.8/site-packages/airflow/example_dags/example_kubernetes_executor_config.py
[2021-09-27 03:57:54,135] {processor.py:623} INFO - DAG(s) dict_keys(['example_kubernetes_executor_config']) retrieved from /home/airflow/.local/lib/python3.8/site-packages/airflow/example_dags/example_kubernetes_executor_config.py
[2021-09-27 03:57:54,153] {logging_mixin.py:109} INFO - [2021-09-27 03:57:54,152] {dag.py:1833} INFO - Sync 1 DAGs
[2021-09-27 03:57:54,162] {logging_mixin.py:109} INFO - [2021-09-27 03:57:54,162] {dag.py:2306} INFO - Setting next_dagrun for example_kubernetes_executor_config to None
[2021-09-27 03:57:54,170] {processor.py:170} INFO - Processing /home/airflow/.local/lib/python3.8/site-packages/airflow/example_dags/example_kubernetes_executor_config.py took 0.046 seconds
[2021-09-27 03:58:24,449] {processor.py:162} INFO - Started process (PID=957) to work on /home/airflow/.local/lib/python3.8/site-packages/airflow/example_dags/example_kubernetes_executor_config.py
[2021-09-27 03:58:24,449] {processor.py:613} INFO - Processing file /home/airflow/.local/lib/python3.8/site-packages/airflow/example_dags/example_kubernetes_executor_config.py for tasks to queue
[2021-09-27 03:58:24,450] {logging_mixin.py:109} INFO - [2021-09-27 03:58:24,450] {dagbag.py:496} INFO - Filling up the DagBag from /home/airflow/.local/lib/python3.8/site-packages/airflow/example_dags/example_kubernetes_executor_config.py
[2021-09-27 03:58:24,461] {processor.py:623} INFO - DAG(s) dict_keys(['example_kubernetes_executor_config']) retrieved from /home/airflow/.local/lib/python3.8/site-packages/airflow/example_dags/example_kubernetes_executor_config.py
[2021-09-27 03:58:24,478] {logging_mixin.py:109} INFO - [2021-09-27 03:58:24,478] {dag.py:1833} INFO - Sync 1 DAGs
[2021-09-27 03:58:24,488] {logging_mixin.py:109} INFO - [2021-09-27 03:58:24,488] {dag.py:2306} INFO - Setting next_dagrun for example_kubernetes_executor_config to None
[2021-09-27 03:58:24,496] {processor.py:170} INFO - Processing /home/airflow/.local/lib/python3.8/site-packages/airflow/example_dags/example_kubernetes_executor_config.py took 0.050 seconds
