[2021-09-27 03:24:50,328] {processor.py:162} INFO - Started process (PID=23) to work on /home/airflow/.local/lib/python3.8/site-packages/airflow/example_dags/example_short_circuit_operator.py
[2021-09-27 03:24:50,328] {processor.py:613} INFO - Processing file /home/airflow/.local/lib/python3.8/site-packages/airflow/example_dags/example_short_circuit_operator.py for tasks to queue
[2021-09-27 03:24:50,329] {logging_mixin.py:109} INFO - [2021-09-27 03:24:50,329] {dagbag.py:496} INFO - Filling up the DagBag from /home/airflow/.local/lib/python3.8/site-packages/airflow/example_dags/example_short_circuit_operator.py
[2021-09-27 03:24:50,344] {processor.py:623} INFO - DAG(s) dict_keys(['example_short_circuit_operator']) retrieved from /home/airflow/.local/lib/python3.8/site-packages/airflow/example_dags/example_short_circuit_operator.py
[2021-09-27 03:24:50,712] {logging_mixin.py:109} INFO - [2021-09-27 03:24:50,711] {dag.py:1833} INFO - Sync 1 DAGs
[2021-09-27 03:24:50,723] {logging_mixin.py:109} INFO - [2021-09-27 03:24:50,723] {dag.py:2306} INFO - Setting next_dagrun for example_short_circuit_operator to 2021-09-25 00:00:00+00:00
[2021-09-27 03:24:50,734] {processor.py:170} INFO - Processing /home/airflow/.local/lib/python3.8/site-packages/airflow/example_dags/example_short_circuit_operator.py took 0.410 seconds
[2021-09-27 03:25:21,420] {processor.py:162} INFO - Started process (PID=84) to work on /home/airflow/.local/lib/python3.8/site-packages/airflow/example_dags/example_short_circuit_operator.py
[2021-09-27 03:25:21,420] {processor.py:613} INFO - Processing file /home/airflow/.local/lib/python3.8/site-packages/airflow/example_dags/example_short_circuit_operator.py for tasks to queue
[2021-09-27 03:25:21,421] {logging_mixin.py:109} INFO - [2021-09-27 03:25:21,421] {dagbag.py:496} INFO - Filling up the DagBag from /home/airflow/.local/lib/python3.8/site-packages/airflow/example_dags/example_short_circuit_operator.py
[2021-09-27 03:25:21,429] {processor.py:623} INFO - DAG(s) dict_keys(['example_short_circuit_operator']) retrieved from /home/airflow/.local/lib/python3.8/site-packages/airflow/example_dags/example_short_circuit_operator.py
[2021-09-27 03:25:21,444] {logging_mixin.py:109} INFO - [2021-09-27 03:25:21,444] {dag.py:1833} INFO - Sync 1 DAGs
[2021-09-27 03:25:21,455] {logging_mixin.py:109} INFO - [2021-09-27 03:25:21,454] {dag.py:2306} INFO - Setting next_dagrun for example_short_circuit_operator to 2021-09-25 00:00:00+00:00
[2021-09-27 03:25:21,463] {processor.py:170} INFO - Processing /home/airflow/.local/lib/python3.8/site-packages/airflow/example_dags/example_short_circuit_operator.py took 0.045 seconds
[2021-09-27 03:25:51,881] {processor.py:162} INFO - Started process (PID=137) to work on /home/airflow/.local/lib/python3.8/site-packages/airflow/example_dags/example_short_circuit_operator.py
[2021-09-27 03:25:51,882] {processor.py:613} INFO - Processing file /home/airflow/.local/lib/python3.8/site-packages/airflow/example_dags/example_short_circuit_operator.py for tasks to queue
[2021-09-27 03:25:51,882] {logging_mixin.py:109} INFO - [2021-09-27 03:25:51,882] {dagbag.py:496} INFO - Filling up the DagBag from /home/airflow/.local/lib/python3.8/site-packages/airflow/example_dags/example_short_circuit_operator.py
[2021-09-27 03:25:51,902] {processor.py:623} INFO - DAG(s) dict_keys(['example_short_circuit_operator']) retrieved from /home/airflow/.local/lib/python3.8/site-packages/airflow/example_dags/example_short_circuit_operator.py
[2021-09-27 03:25:51,938] {logging_mixin.py:109} INFO - [2021-09-27 03:25:51,938] {dag.py:1833} INFO - Sync 1 DAGs
[2021-09-27 03:25:51,959] {logging_mixin.py:109} INFO - [2021-09-27 03:25:51,958] {dag.py:2306} INFO - Setting next_dagrun for example_short_circuit_operator to 2021-09-25 00:00:00+00:00
[2021-09-27 03:25:51,971] {processor.py:170} INFO - Processing /home/airflow/.local/lib/python3.8/site-packages/airflow/example_dags/example_short_circuit_operator.py took 0.094 seconds
[2021-09-27 03:26:22,097] {processor.py:162} INFO - Started process (PID=183) to work on /home/airflow/.local/lib/python3.8/site-packages/airflow/example_dags/example_short_circuit_operator.py
[2021-09-27 03:26:22,099] {processor.py:613} INFO - Processing file /home/airflow/.local/lib/python3.8/site-packages/airflow/example_dags/example_short_circuit_operator.py for tasks to queue
[2021-09-27 03:26:22,099] {logging_mixin.py:109} INFO - [2021-09-27 03:26:22,099] {dagbag.py:496} INFO - Filling up the DagBag from /home/airflow/.local/lib/python3.8/site-packages/airflow/example_dags/example_short_circuit_operator.py
[2021-09-27 03:26:22,106] {processor.py:623} INFO - DAG(s) dict_keys(['example_short_circuit_operator']) retrieved from /home/airflow/.local/lib/python3.8/site-packages/airflow/example_dags/example_short_circuit_operator.py
[2021-09-27 03:26:22,121] {logging_mixin.py:109} INFO - [2021-09-27 03:26:22,121] {dag.py:1833} INFO - Sync 1 DAGs
[2021-09-27 03:26:22,130] {logging_mixin.py:109} INFO - [2021-09-27 03:26:22,130] {dag.py:2306} INFO - Setting next_dagrun for example_short_circuit_operator to 2021-09-25 00:00:00+00:00
[2021-09-27 03:26:22,140] {processor.py:170} INFO - Processing /home/airflow/.local/lib/python3.8/site-packages/airflow/example_dags/example_short_circuit_operator.py took 0.044 seconds
[2021-09-27 03:26:52,521] {processor.py:162} INFO - Started process (PID=236) to work on /home/airflow/.local/lib/python3.8/site-packages/airflow/example_dags/example_short_circuit_operator.py
[2021-09-27 03:26:52,522] {processor.py:613} INFO - Processing file /home/airflow/.local/lib/python3.8/site-packages/airflow/example_dags/example_short_circuit_operator.py for tasks to queue
[2021-09-27 03:26:52,522] {logging_mixin.py:109} INFO - [2021-09-27 03:26:52,522] {dagbag.py:496} INFO - Filling up the DagBag from /home/airflow/.local/lib/python3.8/site-packages/airflow/example_dags/example_short_circuit_operator.py
[2021-09-27 03:26:52,533] {processor.py:623} INFO - DAG(s) dict_keys(['example_short_circuit_operator']) retrieved from /home/airflow/.local/lib/python3.8/site-packages/airflow/example_dags/example_short_circuit_operator.py
[2021-09-27 03:26:52,549] {logging_mixin.py:109} INFO - [2021-09-27 03:26:52,548] {dag.py:1833} INFO - Sync 1 DAGs
[2021-09-27 03:26:52,560] {logging_mixin.py:109} INFO - [2021-09-27 03:26:52,560] {dag.py:2306} INFO - Setting next_dagrun for example_short_circuit_operator to 2021-09-25 00:00:00+00:00
[2021-09-27 03:26:52,571] {processor.py:170} INFO - Processing /home/airflow/.local/lib/python3.8/site-packages/airflow/example_dags/example_short_circuit_operator.py took 0.052 seconds
[2021-09-27 03:27:22,724] {processor.py:162} INFO - Started process (PID=289) to work on /home/airflow/.local/lib/python3.8/site-packages/airflow/example_dags/example_short_circuit_operator.py
[2021-09-27 03:27:22,725] {processor.py:613} INFO - Processing file /home/airflow/.local/lib/python3.8/site-packages/airflow/example_dags/example_short_circuit_operator.py for tasks to queue
[2021-09-27 03:27:22,725] {logging_mixin.py:109} INFO - [2021-09-27 03:27:22,725] {dagbag.py:496} INFO - Filling up the DagBag from /home/airflow/.local/lib/python3.8/site-packages/airflow/example_dags/example_short_circuit_operator.py
[2021-09-27 03:27:22,733] {processor.py:623} INFO - DAG(s) dict_keys(['example_short_circuit_operator']) retrieved from /home/airflow/.local/lib/python3.8/site-packages/airflow/example_dags/example_short_circuit_operator.py
[2021-09-27 03:27:22,748] {logging_mixin.py:109} INFO - [2021-09-27 03:27:22,748] {dag.py:1833} INFO - Sync 1 DAGs
[2021-09-27 03:27:22,757] {logging_mixin.py:109} INFO - [2021-09-27 03:27:22,757] {dag.py:2306} INFO - Setting next_dagrun for example_short_circuit_operator to 2021-09-25 00:00:00+00:00
[2021-09-27 03:27:22,767] {processor.py:170} INFO - Processing /home/airflow/.local/lib/python3.8/site-packages/airflow/example_dags/example_short_circuit_operator.py took 0.045 seconds
[2021-09-27 03:27:52,832] {processor.py:162} INFO - Started process (PID=342) to work on /home/airflow/.local/lib/python3.8/site-packages/airflow/example_dags/example_short_circuit_operator.py
[2021-09-27 03:27:52,832] {processor.py:613} INFO - Processing file /home/airflow/.local/lib/python3.8/site-packages/airflow/example_dags/example_short_circuit_operator.py for tasks to queue
[2021-09-27 03:27:52,833] {logging_mixin.py:109} INFO - [2021-09-27 03:27:52,833] {dagbag.py:496} INFO - Filling up the DagBag from /home/airflow/.local/lib/python3.8/site-packages/airflow/example_dags/example_short_circuit_operator.py
[2021-09-27 03:27:52,840] {processor.py:623} INFO - DAG(s) dict_keys(['example_short_circuit_operator']) retrieved from /home/airflow/.local/lib/python3.8/site-packages/airflow/example_dags/example_short_circuit_operator.py
[2021-09-27 03:27:52,854] {logging_mixin.py:109} INFO - [2021-09-27 03:27:52,854] {dag.py:1833} INFO - Sync 1 DAGs
[2021-09-27 03:27:52,863] {logging_mixin.py:109} INFO - [2021-09-27 03:27:52,863] {dag.py:2306} INFO - Setting next_dagrun for example_short_circuit_operator to 2021-09-25 00:00:00+00:00
[2021-09-27 03:27:52,882] {processor.py:170} INFO - Processing /home/airflow/.local/lib/python3.8/site-packages/airflow/example_dags/example_short_circuit_operator.py took 0.052 seconds
[2021-09-27 03:28:23,253] {processor.py:162} INFO - Started process (PID=388) to work on /home/airflow/.local/lib/python3.8/site-packages/airflow/example_dags/example_short_circuit_operator.py
[2021-09-27 03:28:23,253] {processor.py:613} INFO - Processing file /home/airflow/.local/lib/python3.8/site-packages/airflow/example_dags/example_short_circuit_operator.py for tasks to queue
[2021-09-27 03:28:23,254] {logging_mixin.py:109} INFO - [2021-09-27 03:28:23,254] {dagbag.py:496} INFO - Filling up the DagBag from /home/airflow/.local/lib/python3.8/site-packages/airflow/example_dags/example_short_circuit_operator.py
[2021-09-27 03:28:23,264] {processor.py:623} INFO - DAG(s) dict_keys(['example_short_circuit_operator']) retrieved from /home/airflow/.local/lib/python3.8/site-packages/airflow/example_dags/example_short_circuit_operator.py
[2021-09-27 03:28:23,280] {logging_mixin.py:109} INFO - [2021-09-27 03:28:23,280] {dag.py:1833} INFO - Sync 1 DAGs
[2021-09-27 03:28:23,290] {logging_mixin.py:109} INFO - [2021-09-27 03:28:23,290] {dag.py:2306} INFO - Setting next_dagrun for example_short_circuit_operator to 2021-09-25 00:00:00+00:00
[2021-09-27 03:28:23,300] {processor.py:170} INFO - Processing /home/airflow/.local/lib/python3.8/site-packages/airflow/example_dags/example_short_circuit_operator.py took 0.049 seconds
[2021-09-27 03:28:53,580] {processor.py:162} INFO - Started process (PID=443) to work on /home/airflow/.local/lib/python3.8/site-packages/airflow/example_dags/example_short_circuit_operator.py
[2021-09-27 03:28:53,581] {processor.py:613} INFO - Processing file /home/airflow/.local/lib/python3.8/site-packages/airflow/example_dags/example_short_circuit_operator.py for tasks to queue
[2021-09-27 03:28:53,581] {logging_mixin.py:109} INFO - [2021-09-27 03:28:53,581] {dagbag.py:496} INFO - Filling up the DagBag from /home/airflow/.local/lib/python3.8/site-packages/airflow/example_dags/example_short_circuit_operator.py
[2021-09-27 03:28:53,589] {processor.py:623} INFO - DAG(s) dict_keys(['example_short_circuit_operator']) retrieved from /home/airflow/.local/lib/python3.8/site-packages/airflow/example_dags/example_short_circuit_operator.py
[2021-09-27 03:28:53,604] {logging_mixin.py:109} INFO - [2021-09-27 03:28:53,604] {dag.py:1833} INFO - Sync 1 DAGs
[2021-09-27 03:28:53,613] {logging_mixin.py:109} INFO - [2021-09-27 03:28:53,613] {dag.py:2306} INFO - Setting next_dagrun for example_short_circuit_operator to 2021-09-25 00:00:00+00:00
[2021-09-27 03:28:53,621] {processor.py:170} INFO - Processing /home/airflow/.local/lib/python3.8/site-packages/airflow/example_dags/example_short_circuit_operator.py took 0.043 seconds
[2021-09-27 03:29:23,848] {processor.py:162} INFO - Started process (PID=496) to work on /home/airflow/.local/lib/python3.8/site-packages/airflow/example_dags/example_short_circuit_operator.py
[2021-09-27 03:29:23,849] {processor.py:613} INFO - Processing file /home/airflow/.local/lib/python3.8/site-packages/airflow/example_dags/example_short_circuit_operator.py for tasks to queue
[2021-09-27 03:29:23,849] {logging_mixin.py:109} INFO - [2021-09-27 03:29:23,849] {dagbag.py:496} INFO - Filling up the DagBag from /home/airflow/.local/lib/python3.8/site-packages/airflow/example_dags/example_short_circuit_operator.py
[2021-09-27 03:29:23,857] {processor.py:623} INFO - DAG(s) dict_keys(['example_short_circuit_operator']) retrieved from /home/airflow/.local/lib/python3.8/site-packages/airflow/example_dags/example_short_circuit_operator.py
[2021-09-27 03:29:23,872] {logging_mixin.py:109} INFO - [2021-09-27 03:29:23,872] {dag.py:1833} INFO - Sync 1 DAGs
[2021-09-27 03:29:23,881] {logging_mixin.py:109} INFO - [2021-09-27 03:29:23,881] {dag.py:2306} INFO - Setting next_dagrun for example_short_circuit_operator to 2021-09-25 00:00:00+00:00
[2021-09-27 03:29:23,889] {processor.py:170} INFO - Processing /home/airflow/.local/lib/python3.8/site-packages/airflow/example_dags/example_short_circuit_operator.py took 0.043 seconds
[2021-09-27 03:29:53,915] {processor.py:162} INFO - Started process (PID=549) to work on /home/airflow/.local/lib/python3.8/site-packages/airflow/example_dags/example_short_circuit_operator.py
[2021-09-27 03:29:53,916] {processor.py:613} INFO - Processing file /home/airflow/.local/lib/python3.8/site-packages/airflow/example_dags/example_short_circuit_operator.py for tasks to queue
[2021-09-27 03:29:53,917] {logging_mixin.py:109} INFO - [2021-09-27 03:29:53,917] {dagbag.py:496} INFO - Filling up the DagBag from /home/airflow/.local/lib/python3.8/site-packages/airflow/example_dags/example_short_circuit_operator.py
[2021-09-27 03:29:53,925] {processor.py:623} INFO - DAG(s) dict_keys(['example_short_circuit_operator']) retrieved from /home/airflow/.local/lib/python3.8/site-packages/airflow/example_dags/example_short_circuit_operator.py
[2021-09-27 03:29:53,940] {logging_mixin.py:109} INFO - [2021-09-27 03:29:53,940] {dag.py:1833} INFO - Sync 1 DAGs
[2021-09-27 03:29:53,949] {logging_mixin.py:109} INFO - [2021-09-27 03:29:53,949] {dag.py:2306} INFO - Setting next_dagrun for example_short_circuit_operator to 2021-09-25 00:00:00+00:00
[2021-09-27 03:29:53,968] {processor.py:170} INFO - Processing /home/airflow/.local/lib/python3.8/site-packages/airflow/example_dags/example_short_circuit_operator.py took 0.055 seconds
[2021-09-27 03:30:24,123] {processor.py:162} INFO - Started process (PID=595) to work on /home/airflow/.local/lib/python3.8/site-packages/airflow/example_dags/example_short_circuit_operator.py
[2021-09-27 03:30:24,124] {processor.py:613} INFO - Processing file /home/airflow/.local/lib/python3.8/site-packages/airflow/example_dags/example_short_circuit_operator.py for tasks to queue
[2021-09-27 03:30:24,125] {logging_mixin.py:109} INFO - [2021-09-27 03:30:24,124] {dagbag.py:496} INFO - Filling up the DagBag from /home/airflow/.local/lib/python3.8/site-packages/airflow/example_dags/example_short_circuit_operator.py
[2021-09-27 03:30:24,133] {processor.py:623} INFO - DAG(s) dict_keys(['example_short_circuit_operator']) retrieved from /home/airflow/.local/lib/python3.8/site-packages/airflow/example_dags/example_short_circuit_operator.py
[2021-09-27 03:30:24,147] {logging_mixin.py:109} INFO - [2021-09-27 03:30:24,147] {dag.py:1833} INFO - Sync 1 DAGs
[2021-09-27 03:30:24,156] {logging_mixin.py:109} INFO - [2021-09-27 03:30:24,156] {dag.py:2306} INFO - Setting next_dagrun for example_short_circuit_operator to 2021-09-25 00:00:00+00:00
[2021-09-27 03:30:24,172] {processor.py:170} INFO - Processing /home/airflow/.local/lib/python3.8/site-packages/airflow/example_dags/example_short_circuit_operator.py took 0.051 seconds
[2021-09-27 03:30:54,364] {processor.py:162} INFO - Started process (PID=648) to work on /home/airflow/.local/lib/python3.8/site-packages/airflow/example_dags/example_short_circuit_operator.py
[2021-09-27 03:30:54,365] {processor.py:613} INFO - Processing file /home/airflow/.local/lib/python3.8/site-packages/airflow/example_dags/example_short_circuit_operator.py for tasks to queue
[2021-09-27 03:30:54,366] {logging_mixin.py:109} INFO - [2021-09-27 03:30:54,366] {dagbag.py:496} INFO - Filling up the DagBag from /home/airflow/.local/lib/python3.8/site-packages/airflow/example_dags/example_short_circuit_operator.py
[2021-09-27 03:30:54,374] {processor.py:623} INFO - DAG(s) dict_keys(['example_short_circuit_operator']) retrieved from /home/airflow/.local/lib/python3.8/site-packages/airflow/example_dags/example_short_circuit_operator.py
[2021-09-27 03:30:54,390] {logging_mixin.py:109} INFO - [2021-09-27 03:30:54,390] {dag.py:1833} INFO - Sync 1 DAGs
[2021-09-27 03:30:54,399] {logging_mixin.py:109} INFO - [2021-09-27 03:30:54,399] {dag.py:2306} INFO - Setting next_dagrun for example_short_circuit_operator to 2021-09-25 00:00:00+00:00
[2021-09-27 03:30:54,408] {processor.py:170} INFO - Processing /home/airflow/.local/lib/python3.8/site-packages/airflow/example_dags/example_short_circuit_operator.py took 0.046 seconds
[2021-09-27 03:31:24,572] {processor.py:162} INFO - Started process (PID=701) to work on /home/airflow/.local/lib/python3.8/site-packages/airflow/example_dags/example_short_circuit_operator.py
[2021-09-27 03:31:24,572] {processor.py:613} INFO - Processing file /home/airflow/.local/lib/python3.8/site-packages/airflow/example_dags/example_short_circuit_operator.py for tasks to queue
[2021-09-27 03:31:24,573] {logging_mixin.py:109} INFO - [2021-09-27 03:31:24,573] {dagbag.py:496} INFO - Filling up the DagBag from /home/airflow/.local/lib/python3.8/site-packages/airflow/example_dags/example_short_circuit_operator.py
[2021-09-27 03:31:24,580] {processor.py:623} INFO - DAG(s) dict_keys(['example_short_circuit_operator']) retrieved from /home/airflow/.local/lib/python3.8/site-packages/airflow/example_dags/example_short_circuit_operator.py
[2021-09-27 03:31:24,595] {logging_mixin.py:109} INFO - [2021-09-27 03:31:24,595] {dag.py:1833} INFO - Sync 1 DAGs
[2021-09-27 03:31:24,605] {logging_mixin.py:109} INFO - [2021-09-27 03:31:24,605] {dag.py:2306} INFO - Setting next_dagrun for example_short_circuit_operator to 2021-09-25 00:00:00+00:00
[2021-09-27 03:31:24,623] {processor.py:170} INFO - Processing /home/airflow/.local/lib/python3.8/site-packages/airflow/example_dags/example_short_circuit_operator.py took 0.053 seconds
[2021-09-27 03:31:54,827] {processor.py:162} INFO - Started process (PID=754) to work on /home/airflow/.local/lib/python3.8/site-packages/airflow/example_dags/example_short_circuit_operator.py
[2021-09-27 03:31:54,828] {processor.py:613} INFO - Processing file /home/airflow/.local/lib/python3.8/site-packages/airflow/example_dags/example_short_circuit_operator.py for tasks to queue
[2021-09-27 03:31:54,828] {logging_mixin.py:109} INFO - [2021-09-27 03:31:54,828] {dagbag.py:496} INFO - Filling up the DagBag from /home/airflow/.local/lib/python3.8/site-packages/airflow/example_dags/example_short_circuit_operator.py
[2021-09-27 03:31:54,836] {processor.py:623} INFO - DAG(s) dict_keys(['example_short_circuit_operator']) retrieved from /home/airflow/.local/lib/python3.8/site-packages/airflow/example_dags/example_short_circuit_operator.py
[2021-09-27 03:31:54,852] {logging_mixin.py:109} INFO - [2021-09-27 03:31:54,852] {dag.py:1833} INFO - Sync 1 DAGs
[2021-09-27 03:31:54,863] {logging_mixin.py:109} INFO - [2021-09-27 03:31:54,863] {dag.py:2306} INFO - Setting next_dagrun for example_short_circuit_operator to 2021-09-25 00:00:00+00:00
[2021-09-27 03:31:54,881] {processor.py:170} INFO - Processing /home/airflow/.local/lib/python3.8/site-packages/airflow/example_dags/example_short_circuit_operator.py took 0.055 seconds
[2021-09-27 03:32:25,074] {processor.py:162} INFO - Started process (PID=800) to work on /home/airflow/.local/lib/python3.8/site-packages/airflow/example_dags/example_short_circuit_operator.py
[2021-09-27 03:32:25,075] {processor.py:613} INFO - Processing file /home/airflow/.local/lib/python3.8/site-packages/airflow/example_dags/example_short_circuit_operator.py for tasks to queue
[2021-09-27 03:32:25,075] {logging_mixin.py:109} INFO - [2021-09-27 03:32:25,075] {dagbag.py:496} INFO - Filling up the DagBag from /home/airflow/.local/lib/python3.8/site-packages/airflow/example_dags/example_short_circuit_operator.py
[2021-09-27 03:32:25,088] {processor.py:623} INFO - DAG(s) dict_keys(['example_short_circuit_operator']) retrieved from /home/airflow/.local/lib/python3.8/site-packages/airflow/example_dags/example_short_circuit_operator.py
[2021-09-27 03:32:25,107] {logging_mixin.py:109} INFO - [2021-09-27 03:32:25,107] {dag.py:1833} INFO - Sync 1 DAGs
[2021-09-27 03:32:25,120] {logging_mixin.py:109} INFO - [2021-09-27 03:32:25,120] {dag.py:2306} INFO - Setting next_dagrun for example_short_circuit_operator to 2021-09-25 00:00:00+00:00
[2021-09-27 03:32:25,134] {processor.py:170} INFO - Processing /home/airflow/.local/lib/python3.8/site-packages/airflow/example_dags/example_short_circuit_operator.py took 0.063 seconds
[2021-09-27 03:32:55,416] {processor.py:162} INFO - Started process (PID=853) to work on /home/airflow/.local/lib/python3.8/site-packages/airflow/example_dags/example_short_circuit_operator.py
[2021-09-27 03:32:55,417] {processor.py:613} INFO - Processing file /home/airflow/.local/lib/python3.8/site-packages/airflow/example_dags/example_short_circuit_operator.py for tasks to queue
[2021-09-27 03:32:55,418] {logging_mixin.py:109} INFO - [2021-09-27 03:32:55,418] {dagbag.py:496} INFO - Filling up the DagBag from /home/airflow/.local/lib/python3.8/site-packages/airflow/example_dags/example_short_circuit_operator.py
[2021-09-27 03:32:55,428] {processor.py:623} INFO - DAG(s) dict_keys(['example_short_circuit_operator']) retrieved from /home/airflow/.local/lib/python3.8/site-packages/airflow/example_dags/example_short_circuit_operator.py
[2021-09-27 03:32:55,443] {logging_mixin.py:109} INFO - [2021-09-27 03:32:55,443] {dag.py:1833} INFO - Sync 1 DAGs
[2021-09-27 03:32:55,452] {logging_mixin.py:109} INFO - [2021-09-27 03:32:55,452] {dag.py:2306} INFO - Setting next_dagrun for example_short_circuit_operator to 2021-09-25 00:00:00+00:00
[2021-09-27 03:32:55,462] {processor.py:170} INFO - Processing /home/airflow/.local/lib/python3.8/site-packages/airflow/example_dags/example_short_circuit_operator.py took 0.048 seconds
[2021-09-27 03:33:25,529] {processor.py:162} INFO - Started process (PID=906) to work on /home/airflow/.local/lib/python3.8/site-packages/airflow/example_dags/example_short_circuit_operator.py
[2021-09-27 03:33:25,530] {processor.py:613} INFO - Processing file /home/airflow/.local/lib/python3.8/site-packages/airflow/example_dags/example_short_circuit_operator.py for tasks to queue
[2021-09-27 03:33:25,531] {logging_mixin.py:109} INFO - [2021-09-27 03:33:25,531] {dagbag.py:496} INFO - Filling up the DagBag from /home/airflow/.local/lib/python3.8/site-packages/airflow/example_dags/example_short_circuit_operator.py
[2021-09-27 03:33:25,539] {processor.py:623} INFO - DAG(s) dict_keys(['example_short_circuit_operator']) retrieved from /home/airflow/.local/lib/python3.8/site-packages/airflow/example_dags/example_short_circuit_operator.py
[2021-09-27 03:33:25,553] {logging_mixin.py:109} INFO - [2021-09-27 03:33:25,553] {dag.py:1833} INFO - Sync 1 DAGs
[2021-09-27 03:33:25,563] {logging_mixin.py:109} INFO - [2021-09-27 03:33:25,563] {dag.py:2306} INFO - Setting next_dagrun for example_short_circuit_operator to 2021-09-25 00:00:00+00:00
[2021-09-27 03:33:25,581] {processor.py:170} INFO - Processing /home/airflow/.local/lib/python3.8/site-packages/airflow/example_dags/example_short_circuit_operator.py took 0.053 seconds
[2021-09-27 03:33:55,779] {processor.py:162} INFO - Started process (PID=958) to work on /home/airflow/.local/lib/python3.8/site-packages/airflow/example_dags/example_short_circuit_operator.py
[2021-09-27 03:33:55,780] {processor.py:613} INFO - Processing file /home/airflow/.local/lib/python3.8/site-packages/airflow/example_dags/example_short_circuit_operator.py for tasks to queue
[2021-09-27 03:33:55,781] {logging_mixin.py:109} INFO - [2021-09-27 03:33:55,781] {dagbag.py:496} INFO - Filling up the DagBag from /home/airflow/.local/lib/python3.8/site-packages/airflow/example_dags/example_short_circuit_operator.py
[2021-09-27 03:33:55,791] {processor.py:623} INFO - DAG(s) dict_keys(['example_short_circuit_operator']) retrieved from /home/airflow/.local/lib/python3.8/site-packages/airflow/example_dags/example_short_circuit_operator.py
[2021-09-27 03:33:55,809] {logging_mixin.py:109} INFO - [2021-09-27 03:33:55,809] {dag.py:1833} INFO - Sync 1 DAGs
[2021-09-27 03:33:55,821] {logging_mixin.py:109} INFO - [2021-09-27 03:33:55,821] {dag.py:2306} INFO - Setting next_dagrun for example_short_circuit_operator to 2021-09-25 00:00:00+00:00
[2021-09-27 03:33:55,839] {processor.py:170} INFO - Processing /home/airflow/.local/lib/python3.8/site-packages/airflow/example_dags/example_short_circuit_operator.py took 0.061 seconds
[2021-09-27 03:34:26,054] {processor.py:162} INFO - Started process (PID=1005) to work on /home/airflow/.local/lib/python3.8/site-packages/airflow/example_dags/example_short_circuit_operator.py
[2021-09-27 03:34:26,055] {processor.py:613} INFO - Processing file /home/airflow/.local/lib/python3.8/site-packages/airflow/example_dags/example_short_circuit_operator.py for tasks to queue
[2021-09-27 03:34:26,056] {logging_mixin.py:109} INFO - [2021-09-27 03:34:26,056] {dagbag.py:496} INFO - Filling up the DagBag from /home/airflow/.local/lib/python3.8/site-packages/airflow/example_dags/example_short_circuit_operator.py
[2021-09-27 03:34:26,063] {processor.py:623} INFO - DAG(s) dict_keys(['example_short_circuit_operator']) retrieved from /home/airflow/.local/lib/python3.8/site-packages/airflow/example_dags/example_short_circuit_operator.py
[2021-09-27 03:34:26,078] {logging_mixin.py:109} INFO - [2021-09-27 03:34:26,078] {dag.py:1833} INFO - Sync 1 DAGs
[2021-09-27 03:34:26,087] {logging_mixin.py:109} INFO - [2021-09-27 03:34:26,087] {dag.py:2306} INFO - Setting next_dagrun for example_short_circuit_operator to 2021-09-25 00:00:00+00:00
[2021-09-27 03:34:26,102] {processor.py:170} INFO - Processing /home/airflow/.local/lib/python3.8/site-packages/airflow/example_dags/example_short_circuit_operator.py took 0.050 seconds
[2021-09-27 03:34:56,469] {processor.py:162} INFO - Started process (PID=1058) to work on /home/airflow/.local/lib/python3.8/site-packages/airflow/example_dags/example_short_circuit_operator.py
[2021-09-27 03:34:56,469] {processor.py:613} INFO - Processing file /home/airflow/.local/lib/python3.8/site-packages/airflow/example_dags/example_short_circuit_operator.py for tasks to queue
[2021-09-27 03:34:56,470] {logging_mixin.py:109} INFO - [2021-09-27 03:34:56,470] {dagbag.py:496} INFO - Filling up the DagBag from /home/airflow/.local/lib/python3.8/site-packages/airflow/example_dags/example_short_circuit_operator.py
[2021-09-27 03:34:56,479] {processor.py:623} INFO - DAG(s) dict_keys(['example_short_circuit_operator']) retrieved from /home/airflow/.local/lib/python3.8/site-packages/airflow/example_dags/example_short_circuit_operator.py
[2021-09-27 03:34:56,496] {logging_mixin.py:109} INFO - [2021-09-27 03:34:56,496] {dag.py:1833} INFO - Sync 1 DAGs
[2021-09-27 03:34:56,506] {logging_mixin.py:109} INFO - [2021-09-27 03:34:56,506] {dag.py:2306} INFO - Setting next_dagrun for example_short_circuit_operator to 2021-09-25 00:00:00+00:00
[2021-09-27 03:34:56,517] {processor.py:170} INFO - Processing /home/airflow/.local/lib/python3.8/site-packages/airflow/example_dags/example_short_circuit_operator.py took 0.051 seconds
[2021-09-27 03:35:26,789] {processor.py:162} INFO - Started process (PID=1112) to work on /home/airflow/.local/lib/python3.8/site-packages/airflow/example_dags/example_short_circuit_operator.py
[2021-09-27 03:35:26,790] {processor.py:613} INFO - Processing file /home/airflow/.local/lib/python3.8/site-packages/airflow/example_dags/example_short_circuit_operator.py for tasks to queue
[2021-09-27 03:35:26,790] {logging_mixin.py:109} INFO - [2021-09-27 03:35:26,790] {dagbag.py:496} INFO - Filling up the DagBag from /home/airflow/.local/lib/python3.8/site-packages/airflow/example_dags/example_short_circuit_operator.py
[2021-09-27 03:35:26,798] {processor.py:623} INFO - DAG(s) dict_keys(['example_short_circuit_operator']) retrieved from /home/airflow/.local/lib/python3.8/site-packages/airflow/example_dags/example_short_circuit_operator.py
[2021-09-27 03:35:26,813] {logging_mixin.py:109} INFO - [2021-09-27 03:35:26,813] {dag.py:1833} INFO - Sync 1 DAGs
[2021-09-27 03:35:26,823] {logging_mixin.py:109} INFO - [2021-09-27 03:35:26,823] {dag.py:2306} INFO - Setting next_dagrun for example_short_circuit_operator to 2021-09-25 00:00:00+00:00
[2021-09-27 03:35:26,839] {processor.py:170} INFO - Processing /home/airflow/.local/lib/python3.8/site-packages/airflow/example_dags/example_short_circuit_operator.py took 0.053 seconds
[2021-09-27 03:35:57,089] {processor.py:162} INFO - Started process (PID=1158) to work on /home/airflow/.local/lib/python3.8/site-packages/airflow/example_dags/example_short_circuit_operator.py
[2021-09-27 03:35:57,091] {processor.py:613} INFO - Processing file /home/airflow/.local/lib/python3.8/site-packages/airflow/example_dags/example_short_circuit_operator.py for tasks to queue
[2021-09-27 03:35:57,091] {logging_mixin.py:109} INFO - [2021-09-27 03:35:57,091] {dagbag.py:496} INFO - Filling up the DagBag from /home/airflow/.local/lib/python3.8/site-packages/airflow/example_dags/example_short_circuit_operator.py
[2021-09-27 03:35:57,102] {processor.py:623} INFO - DAG(s) dict_keys(['example_short_circuit_operator']) retrieved from /home/airflow/.local/lib/python3.8/site-packages/airflow/example_dags/example_short_circuit_operator.py
[2021-09-27 03:35:57,118] {logging_mixin.py:109} INFO - [2021-09-27 03:35:57,118] {dag.py:1833} INFO - Sync 1 DAGs
[2021-09-27 03:35:57,127] {logging_mixin.py:109} INFO - [2021-09-27 03:35:57,127] {dag.py:2306} INFO - Setting next_dagrun for example_short_circuit_operator to 2021-09-25 00:00:00+00:00
[2021-09-27 03:35:57,135] {processor.py:170} INFO - Processing /home/airflow/.local/lib/python3.8/site-packages/airflow/example_dags/example_short_circuit_operator.py took 0.049 seconds
[2021-09-27 03:36:27,396] {processor.py:162} INFO - Started process (PID=1212) to work on /home/airflow/.local/lib/python3.8/site-packages/airflow/example_dags/example_short_circuit_operator.py
[2021-09-27 03:36:27,397] {processor.py:613} INFO - Processing file /home/airflow/.local/lib/python3.8/site-packages/airflow/example_dags/example_short_circuit_operator.py for tasks to queue
[2021-09-27 03:36:27,398] {logging_mixin.py:109} INFO - [2021-09-27 03:36:27,398] {dagbag.py:496} INFO - Filling up the DagBag from /home/airflow/.local/lib/python3.8/site-packages/airflow/example_dags/example_short_circuit_operator.py
[2021-09-27 03:36:27,408] {processor.py:623} INFO - DAG(s) dict_keys(['example_short_circuit_operator']) retrieved from /home/airflow/.local/lib/python3.8/site-packages/airflow/example_dags/example_short_circuit_operator.py
[2021-09-27 03:36:27,425] {logging_mixin.py:109} INFO - [2021-09-27 03:36:27,425] {dag.py:1833} INFO - Sync 1 DAGs
[2021-09-27 03:36:27,438] {logging_mixin.py:109} INFO - [2021-09-27 03:36:27,437] {dag.py:2306} INFO - Setting next_dagrun for example_short_circuit_operator to 2021-09-25 00:00:00+00:00
[2021-09-27 03:36:27,448] {processor.py:170} INFO - Processing /home/airflow/.local/lib/python3.8/site-packages/airflow/example_dags/example_short_circuit_operator.py took 0.055 seconds
[2021-09-27 03:36:57,633] {processor.py:162} INFO - Started process (PID=1265) to work on /home/airflow/.local/lib/python3.8/site-packages/airflow/example_dags/example_short_circuit_operator.py
[2021-09-27 03:36:57,634] {processor.py:613} INFO - Processing file /home/airflow/.local/lib/python3.8/site-packages/airflow/example_dags/example_short_circuit_operator.py for tasks to queue
[2021-09-27 03:36:57,635] {logging_mixin.py:109} INFO - [2021-09-27 03:36:57,634] {dagbag.py:496} INFO - Filling up the DagBag from /home/airflow/.local/lib/python3.8/site-packages/airflow/example_dags/example_short_circuit_operator.py
[2021-09-27 03:36:57,644] {processor.py:623} INFO - DAG(s) dict_keys(['example_short_circuit_operator']) retrieved from /home/airflow/.local/lib/python3.8/site-packages/airflow/example_dags/example_short_circuit_operator.py
[2021-09-27 03:36:57,660] {logging_mixin.py:109} INFO - [2021-09-27 03:36:57,659] {dag.py:1833} INFO - Sync 1 DAGs
[2021-09-27 03:36:57,668] {logging_mixin.py:109} INFO - [2021-09-27 03:36:57,668] {dag.py:2306} INFO - Setting next_dagrun for example_short_circuit_operator to 2021-09-25 00:00:00+00:00
[2021-09-27 03:36:57,686] {processor.py:170} INFO - Processing /home/airflow/.local/lib/python3.8/site-packages/airflow/example_dags/example_short_circuit_operator.py took 0.055 seconds
[2021-09-27 03:37:27,884] {processor.py:162} INFO - Started process (PID=1318) to work on /home/airflow/.local/lib/python3.8/site-packages/airflow/example_dags/example_short_circuit_operator.py
[2021-09-27 03:37:27,885] {processor.py:613} INFO - Processing file /home/airflow/.local/lib/python3.8/site-packages/airflow/example_dags/example_short_circuit_operator.py for tasks to queue
[2021-09-27 03:37:27,885] {logging_mixin.py:109} INFO - [2021-09-27 03:37:27,885] {dagbag.py:496} INFO - Filling up the DagBag from /home/airflow/.local/lib/python3.8/site-packages/airflow/example_dags/example_short_circuit_operator.py
[2021-09-27 03:37:27,896] {processor.py:623} INFO - DAG(s) dict_keys(['example_short_circuit_operator']) retrieved from /home/airflow/.local/lib/python3.8/site-packages/airflow/example_dags/example_short_circuit_operator.py
[2021-09-27 03:37:27,915] {logging_mixin.py:109} INFO - [2021-09-27 03:37:27,914] {dag.py:1833} INFO - Sync 1 DAGs
[2021-09-27 03:37:27,931] {logging_mixin.py:109} INFO - [2021-09-27 03:37:27,930] {dag.py:2306} INFO - Setting next_dagrun for example_short_circuit_operator to 2021-09-25 00:00:00+00:00
[2021-09-27 03:37:27,950] {processor.py:170} INFO - Processing /home/airflow/.local/lib/python3.8/site-packages/airflow/example_dags/example_short_circuit_operator.py took 0.069 seconds
[2021-09-27 03:37:58,172] {processor.py:162} INFO - Started process (PID=1365) to work on /home/airflow/.local/lib/python3.8/site-packages/airflow/example_dags/example_short_circuit_operator.py
[2021-09-27 03:37:58,173] {processor.py:613} INFO - Processing file /home/airflow/.local/lib/python3.8/site-packages/airflow/example_dags/example_short_circuit_operator.py for tasks to queue
[2021-09-27 03:37:58,173] {logging_mixin.py:109} INFO - [2021-09-27 03:37:58,173] {dagbag.py:496} INFO - Filling up the DagBag from /home/airflow/.local/lib/python3.8/site-packages/airflow/example_dags/example_short_circuit_operator.py
[2021-09-27 03:37:58,182] {processor.py:623} INFO - DAG(s) dict_keys(['example_short_circuit_operator']) retrieved from /home/airflow/.local/lib/python3.8/site-packages/airflow/example_dags/example_short_circuit_operator.py
[2021-09-27 03:37:58,200] {logging_mixin.py:109} INFO - [2021-09-27 03:37:58,199] {dag.py:1833} INFO - Sync 1 DAGs
[2021-09-27 03:37:58,211] {logging_mixin.py:109} INFO - [2021-09-27 03:37:58,211] {dag.py:2306} INFO - Setting next_dagrun for example_short_circuit_operator to 2021-09-25 00:00:00+00:00
[2021-09-27 03:37:58,229] {processor.py:170} INFO - Processing /home/airflow/.local/lib/python3.8/site-packages/airflow/example_dags/example_short_circuit_operator.py took 0.059 seconds
[2021-09-27 03:38:28,656] {processor.py:162} INFO - Started process (PID=1418) to work on /home/airflow/.local/lib/python3.8/site-packages/airflow/example_dags/example_short_circuit_operator.py
[2021-09-27 03:38:28,657] {processor.py:613} INFO - Processing file /home/airflow/.local/lib/python3.8/site-packages/airflow/example_dags/example_short_circuit_operator.py for tasks to queue
[2021-09-27 03:38:28,657] {logging_mixin.py:109} INFO - [2021-09-27 03:38:28,657] {dagbag.py:496} INFO - Filling up the DagBag from /home/airflow/.local/lib/python3.8/site-packages/airflow/example_dags/example_short_circuit_operator.py
[2021-09-27 03:38:28,665] {processor.py:623} INFO - DAG(s) dict_keys(['example_short_circuit_operator']) retrieved from /home/airflow/.local/lib/python3.8/site-packages/airflow/example_dags/example_short_circuit_operator.py
[2021-09-27 03:38:28,680] {logging_mixin.py:109} INFO - [2021-09-27 03:38:28,679] {dag.py:1833} INFO - Sync 1 DAGs
[2021-09-27 03:38:28,689] {logging_mixin.py:109} INFO - [2021-09-27 03:38:28,689] {dag.py:2306} INFO - Setting next_dagrun for example_short_circuit_operator to 2021-09-25 00:00:00+00:00
[2021-09-27 03:38:28,699] {processor.py:170} INFO - Processing /home/airflow/.local/lib/python3.8/site-packages/airflow/example_dags/example_short_circuit_operator.py took 0.045 seconds
[2021-09-27 03:38:59,017] {processor.py:162} INFO - Started process (PID=1471) to work on /home/airflow/.local/lib/python3.8/site-packages/airflow/example_dags/example_short_circuit_operator.py
[2021-09-27 03:38:59,019] {processor.py:613} INFO - Processing file /home/airflow/.local/lib/python3.8/site-packages/airflow/example_dags/example_short_circuit_operator.py for tasks to queue
[2021-09-27 03:38:59,019] {logging_mixin.py:109} INFO - [2021-09-27 03:38:59,019] {dagbag.py:496} INFO - Filling up the DagBag from /home/airflow/.local/lib/python3.8/site-packages/airflow/example_dags/example_short_circuit_operator.py
[2021-09-27 03:38:59,027] {processor.py:623} INFO - DAG(s) dict_keys(['example_short_circuit_operator']) retrieved from /home/airflow/.local/lib/python3.8/site-packages/airflow/example_dags/example_short_circuit_operator.py
[2021-09-27 03:38:59,042] {logging_mixin.py:109} INFO - [2021-09-27 03:38:59,042] {dag.py:1833} INFO - Sync 1 DAGs
[2021-09-27 03:38:59,052] {logging_mixin.py:109} INFO - [2021-09-27 03:38:59,052] {dag.py:2306} INFO - Setting next_dagrun for example_short_circuit_operator to 2021-09-25 00:00:00+00:00
[2021-09-27 03:38:59,071] {processor.py:170} INFO - Processing /home/airflow/.local/lib/python3.8/site-packages/airflow/example_dags/example_short_circuit_operator.py took 0.056 seconds
[2021-09-27 03:39:29,329] {processor.py:162} INFO - Started process (PID=1525) to work on /home/airflow/.local/lib/python3.8/site-packages/airflow/example_dags/example_short_circuit_operator.py
[2021-09-27 03:39:29,330] {processor.py:613} INFO - Processing file /home/airflow/.local/lib/python3.8/site-packages/airflow/example_dags/example_short_circuit_operator.py for tasks to queue
[2021-09-27 03:39:29,330] {logging_mixin.py:109} INFO - [2021-09-27 03:39:29,330] {dagbag.py:496} INFO - Filling up the DagBag from /home/airflow/.local/lib/python3.8/site-packages/airflow/example_dags/example_short_circuit_operator.py
[2021-09-27 03:39:29,341] {processor.py:623} INFO - DAG(s) dict_keys(['example_short_circuit_operator']) retrieved from /home/airflow/.local/lib/python3.8/site-packages/airflow/example_dags/example_short_circuit_operator.py
[2021-09-27 03:39:29,356] {logging_mixin.py:109} INFO - [2021-09-27 03:39:29,356] {dag.py:1833} INFO - Sync 1 DAGs
[2021-09-27 03:39:29,366] {logging_mixin.py:109} INFO - [2021-09-27 03:39:29,366] {dag.py:2306} INFO - Setting next_dagrun for example_short_circuit_operator to 2021-09-25 00:00:00+00:00
[2021-09-27 03:39:29,377] {processor.py:170} INFO - Processing /home/airflow/.local/lib/python3.8/site-packages/airflow/example_dags/example_short_circuit_operator.py took 0.050 seconds
[2021-09-27 03:39:59,419] {processor.py:162} INFO - Started process (PID=1571) to work on /home/airflow/.local/lib/python3.8/site-packages/airflow/example_dags/example_short_circuit_operator.py
[2021-09-27 03:39:59,419] {processor.py:613} INFO - Processing file /home/airflow/.local/lib/python3.8/site-packages/airflow/example_dags/example_short_circuit_operator.py for tasks to queue
[2021-09-27 03:39:59,420] {logging_mixin.py:109} INFO - [2021-09-27 03:39:59,420] {dagbag.py:496} INFO - Filling up the DagBag from /home/airflow/.local/lib/python3.8/site-packages/airflow/example_dags/example_short_circuit_operator.py
[2021-09-27 03:39:59,428] {processor.py:623} INFO - DAG(s) dict_keys(['example_short_circuit_operator']) retrieved from /home/airflow/.local/lib/python3.8/site-packages/airflow/example_dags/example_short_circuit_operator.py
[2021-09-27 03:39:59,442] {logging_mixin.py:109} INFO - [2021-09-27 03:39:59,442] {dag.py:1833} INFO - Sync 1 DAGs
[2021-09-27 03:39:59,452] {logging_mixin.py:109} INFO - [2021-09-27 03:39:59,452] {dag.py:2306} INFO - Setting next_dagrun for example_short_circuit_operator to 2021-09-25 00:00:00+00:00
[2021-09-27 03:39:59,469] {processor.py:170} INFO - Processing /home/airflow/.local/lib/python3.8/site-packages/airflow/example_dags/example_short_circuit_operator.py took 0.053 seconds
[2021-09-27 03:40:29,813] {processor.py:162} INFO - Started process (PID=1625) to work on /home/airflow/.local/lib/python3.8/site-packages/airflow/example_dags/example_short_circuit_operator.py
[2021-09-27 03:40:29,814] {processor.py:613} INFO - Processing file /home/airflow/.local/lib/python3.8/site-packages/airflow/example_dags/example_short_circuit_operator.py for tasks to queue
[2021-09-27 03:40:29,814] {logging_mixin.py:109} INFO - [2021-09-27 03:40:29,814] {dagbag.py:496} INFO - Filling up the DagBag from /home/airflow/.local/lib/python3.8/site-packages/airflow/example_dags/example_short_circuit_operator.py
[2021-09-27 03:40:29,822] {processor.py:623} INFO - DAG(s) dict_keys(['example_short_circuit_operator']) retrieved from /home/airflow/.local/lib/python3.8/site-packages/airflow/example_dags/example_short_circuit_operator.py
[2021-09-27 03:40:29,838] {logging_mixin.py:109} INFO - [2021-09-27 03:40:29,838] {dag.py:1833} INFO - Sync 1 DAGs
[2021-09-27 03:40:29,851] {logging_mixin.py:109} INFO - [2021-09-27 03:40:29,850] {dag.py:2306} INFO - Setting next_dagrun for example_short_circuit_operator to 2021-09-25 00:00:00+00:00
[2021-09-27 03:40:29,867] {processor.py:170} INFO - Processing /home/airflow/.local/lib/python3.8/site-packages/airflow/example_dags/example_short_circuit_operator.py took 0.057 seconds
[2021-09-27 03:40:59,922] {processor.py:162} INFO - Started process (PID=1678) to work on /home/airflow/.local/lib/python3.8/site-packages/airflow/example_dags/example_short_circuit_operator.py
[2021-09-27 03:40:59,923] {processor.py:613} INFO - Processing file /home/airflow/.local/lib/python3.8/site-packages/airflow/example_dags/example_short_circuit_operator.py for tasks to queue
[2021-09-27 03:40:59,924] {logging_mixin.py:109} INFO - [2021-09-27 03:40:59,924] {dagbag.py:496} INFO - Filling up the DagBag from /home/airflow/.local/lib/python3.8/site-packages/airflow/example_dags/example_short_circuit_operator.py
[2021-09-27 03:40:59,932] {processor.py:623} INFO - DAG(s) dict_keys(['example_short_circuit_operator']) retrieved from /home/airflow/.local/lib/python3.8/site-packages/airflow/example_dags/example_short_circuit_operator.py
[2021-09-27 03:40:59,948] {logging_mixin.py:109} INFO - [2021-09-27 03:40:59,948] {dag.py:1833} INFO - Sync 1 DAGs
[2021-09-27 03:40:59,957] {logging_mixin.py:109} INFO - [2021-09-27 03:40:59,957] {dag.py:2306} INFO - Setting next_dagrun for example_short_circuit_operator to 2021-09-25 00:00:00+00:00
[2021-09-27 03:40:59,975] {processor.py:170} INFO - Processing /home/airflow/.local/lib/python3.8/site-packages/airflow/example_dags/example_short_circuit_operator.py took 0.055 seconds
[2021-09-27 03:41:30,318] {processor.py:162} INFO - Started process (PID=1732) to work on /home/airflow/.local/lib/python3.8/site-packages/airflow/example_dags/example_short_circuit_operator.py
[2021-09-27 03:41:30,319] {processor.py:613} INFO - Processing file /home/airflow/.local/lib/python3.8/site-packages/airflow/example_dags/example_short_circuit_operator.py for tasks to queue
[2021-09-27 03:41:30,320] {logging_mixin.py:109} INFO - [2021-09-27 03:41:30,320] {dagbag.py:496} INFO - Filling up the DagBag from /home/airflow/.local/lib/python3.8/site-packages/airflow/example_dags/example_short_circuit_operator.py
[2021-09-27 03:41:30,330] {processor.py:623} INFO - DAG(s) dict_keys(['example_short_circuit_operator']) retrieved from /home/airflow/.local/lib/python3.8/site-packages/airflow/example_dags/example_short_circuit_operator.py
[2021-09-27 03:41:30,348] {logging_mixin.py:109} INFO - [2021-09-27 03:41:30,348] {dag.py:1833} INFO - Sync 1 DAGs
[2021-09-27 03:41:30,360] {logging_mixin.py:109} INFO - [2021-09-27 03:41:30,360] {dag.py:2306} INFO - Setting next_dagrun for example_short_circuit_operator to 2021-09-25 00:00:00+00:00
[2021-09-27 03:41:30,373] {processor.py:170} INFO - Processing /home/airflow/.local/lib/python3.8/site-packages/airflow/example_dags/example_short_circuit_operator.py took 0.057 seconds
[2021-09-27 03:42:00,670] {processor.py:162} INFO - Started process (PID=1778) to work on /home/airflow/.local/lib/python3.8/site-packages/airflow/example_dags/example_short_circuit_operator.py
[2021-09-27 03:42:00,671] {processor.py:613} INFO - Processing file /home/airflow/.local/lib/python3.8/site-packages/airflow/example_dags/example_short_circuit_operator.py for tasks to queue
[2021-09-27 03:42:00,672] {logging_mixin.py:109} INFO - [2021-09-27 03:42:00,672] {dagbag.py:496} INFO - Filling up the DagBag from /home/airflow/.local/lib/python3.8/site-packages/airflow/example_dags/example_short_circuit_operator.py
[2021-09-27 03:42:00,680] {processor.py:623} INFO - DAG(s) dict_keys(['example_short_circuit_operator']) retrieved from /home/airflow/.local/lib/python3.8/site-packages/airflow/example_dags/example_short_circuit_operator.py
[2021-09-27 03:42:00,695] {logging_mixin.py:109} INFO - [2021-09-27 03:42:00,695] {dag.py:1833} INFO - Sync 1 DAGs
[2021-09-27 03:42:00,705] {logging_mixin.py:109} INFO - [2021-09-27 03:42:00,705] {dag.py:2306} INFO - Setting next_dagrun for example_short_circuit_operator to 2021-09-25 00:00:00+00:00
[2021-09-27 03:42:00,723] {processor.py:170} INFO - Processing /home/airflow/.local/lib/python3.8/site-packages/airflow/example_dags/example_short_circuit_operator.py took 0.055 seconds
[2021-09-27 03:42:30,935] {processor.py:162} INFO - Started process (PID=1832) to work on /home/airflow/.local/lib/python3.8/site-packages/airflow/example_dags/example_short_circuit_operator.py
[2021-09-27 03:42:30,936] {processor.py:613} INFO - Processing file /home/airflow/.local/lib/python3.8/site-packages/airflow/example_dags/example_short_circuit_operator.py for tasks to queue
[2021-09-27 03:42:30,936] {logging_mixin.py:109} INFO - [2021-09-27 03:42:30,936] {dagbag.py:496} INFO - Filling up the DagBag from /home/airflow/.local/lib/python3.8/site-packages/airflow/example_dags/example_short_circuit_operator.py
[2021-09-27 03:42:30,944] {processor.py:623} INFO - DAG(s) dict_keys(['example_short_circuit_operator']) retrieved from /home/airflow/.local/lib/python3.8/site-packages/airflow/example_dags/example_short_circuit_operator.py
[2021-09-27 03:42:30,959] {logging_mixin.py:109} INFO - [2021-09-27 03:42:30,959] {dag.py:1833} INFO - Sync 1 DAGs
[2021-09-27 03:42:30,970] {logging_mixin.py:109} INFO - [2021-09-27 03:42:30,970] {dag.py:2306} INFO - Setting next_dagrun for example_short_circuit_operator to 2021-09-25 00:00:00+00:00
[2021-09-27 03:42:30,978] {processor.py:170} INFO - Processing /home/airflow/.local/lib/python3.8/site-packages/airflow/example_dags/example_short_circuit_operator.py took 0.045 seconds
[2021-09-27 03:43:01,199] {processor.py:162} INFO - Started process (PID=1886) to work on /home/airflow/.local/lib/python3.8/site-packages/airflow/example_dags/example_short_circuit_operator.py
[2021-09-27 03:43:01,200] {processor.py:613} INFO - Processing file /home/airflow/.local/lib/python3.8/site-packages/airflow/example_dags/example_short_circuit_operator.py for tasks to queue
[2021-09-27 03:43:01,201] {logging_mixin.py:109} INFO - [2021-09-27 03:43:01,201] {dagbag.py:496} INFO - Filling up the DagBag from /home/airflow/.local/lib/python3.8/site-packages/airflow/example_dags/example_short_circuit_operator.py
[2021-09-27 03:43:01,210] {processor.py:623} INFO - DAG(s) dict_keys(['example_short_circuit_operator']) retrieved from /home/airflow/.local/lib/python3.8/site-packages/airflow/example_dags/example_short_circuit_operator.py
[2021-09-27 03:43:01,225] {logging_mixin.py:109} INFO - [2021-09-27 03:43:01,225] {dag.py:1833} INFO - Sync 1 DAGs
[2021-09-27 03:43:01,234] {logging_mixin.py:109} INFO - [2021-09-27 03:43:01,234] {dag.py:2306} INFO - Setting next_dagrun for example_short_circuit_operator to 2021-09-25 00:00:00+00:00
[2021-09-27 03:43:01,243] {processor.py:170} INFO - Processing /home/airflow/.local/lib/python3.8/site-packages/airflow/example_dags/example_short_circuit_operator.py took 0.045 seconds
[2021-09-27 03:43:31,431] {processor.py:162} INFO - Started process (PID=1932) to work on /home/airflow/.local/lib/python3.8/site-packages/airflow/example_dags/example_short_circuit_operator.py
[2021-09-27 03:43:31,432] {processor.py:613} INFO - Processing file /home/airflow/.local/lib/python3.8/site-packages/airflow/example_dags/example_short_circuit_operator.py for tasks to queue
[2021-09-27 03:43:31,432] {logging_mixin.py:109} INFO - [2021-09-27 03:43:31,432] {dagbag.py:496} INFO - Filling up the DagBag from /home/airflow/.local/lib/python3.8/site-packages/airflow/example_dags/example_short_circuit_operator.py
[2021-09-27 03:43:31,443] {processor.py:623} INFO - DAG(s) dict_keys(['example_short_circuit_operator']) retrieved from /home/airflow/.local/lib/python3.8/site-packages/airflow/example_dags/example_short_circuit_operator.py
[2021-09-27 03:43:31,459] {logging_mixin.py:109} INFO - [2021-09-27 03:43:31,459] {dag.py:1833} INFO - Sync 1 DAGs
[2021-09-27 03:43:31,468] {logging_mixin.py:109} INFO - [2021-09-27 03:43:31,468] {dag.py:2306} INFO - Setting next_dagrun for example_short_circuit_operator to 2021-09-25 00:00:00+00:00
[2021-09-27 03:43:31,478] {processor.py:170} INFO - Processing /home/airflow/.local/lib/python3.8/site-packages/airflow/example_dags/example_short_circuit_operator.py took 0.049 seconds
[2021-09-27 03:44:01,761] {processor.py:162} INFO - Started process (PID=1985) to work on /home/airflow/.local/lib/python3.8/site-packages/airflow/example_dags/example_short_circuit_operator.py
[2021-09-27 03:44:01,762] {processor.py:613} INFO - Processing file /home/airflow/.local/lib/python3.8/site-packages/airflow/example_dags/example_short_circuit_operator.py for tasks to queue
[2021-09-27 03:44:01,762] {logging_mixin.py:109} INFO - [2021-09-27 03:44:01,762] {dagbag.py:496} INFO - Filling up the DagBag from /home/airflow/.local/lib/python3.8/site-packages/airflow/example_dags/example_short_circuit_operator.py
[2021-09-27 03:44:01,770] {processor.py:623} INFO - DAG(s) dict_keys(['example_short_circuit_operator']) retrieved from /home/airflow/.local/lib/python3.8/site-packages/airflow/example_dags/example_short_circuit_operator.py
[2021-09-27 03:44:01,784] {logging_mixin.py:109} INFO - [2021-09-27 03:44:01,784] {dag.py:1833} INFO - Sync 1 DAGs
[2021-09-27 03:44:01,793] {logging_mixin.py:109} INFO - [2021-09-27 03:44:01,792] {dag.py:2306} INFO - Setting next_dagrun for example_short_circuit_operator to 2021-09-25 00:00:00+00:00
[2021-09-27 03:44:01,804] {processor.py:170} INFO - Processing /home/airflow/.local/lib/python3.8/site-packages/airflow/example_dags/example_short_circuit_operator.py took 0.045 seconds
[2021-09-27 03:44:32,195] {processor.py:162} INFO - Started process (PID=2038) to work on /home/airflow/.local/lib/python3.8/site-packages/airflow/example_dags/example_short_circuit_operator.py
[2021-09-27 03:44:32,196] {processor.py:613} INFO - Processing file /home/airflow/.local/lib/python3.8/site-packages/airflow/example_dags/example_short_circuit_operator.py for tasks to queue
[2021-09-27 03:44:32,197] {logging_mixin.py:109} INFO - [2021-09-27 03:44:32,197] {dagbag.py:496} INFO - Filling up the DagBag from /home/airflow/.local/lib/python3.8/site-packages/airflow/example_dags/example_short_circuit_operator.py
[2021-09-27 03:44:32,210] {processor.py:623} INFO - DAG(s) dict_keys(['example_short_circuit_operator']) retrieved from /home/airflow/.local/lib/python3.8/site-packages/airflow/example_dags/example_short_circuit_operator.py
[2021-09-27 03:44:32,231] {logging_mixin.py:109} INFO - [2021-09-27 03:44:32,231] {dag.py:1833} INFO - Sync 1 DAGs
[2021-09-27 03:44:32,248] {logging_mixin.py:109} INFO - [2021-09-27 03:44:32,248] {dag.py:2306} INFO - Setting next_dagrun for example_short_circuit_operator to 2021-09-25 00:00:00+00:00
[2021-09-27 03:44:32,261] {processor.py:170} INFO - Processing /home/airflow/.local/lib/python3.8/site-packages/airflow/example_dags/example_short_circuit_operator.py took 0.069 seconds
[2021-09-27 03:45:02,460] {processor.py:162} INFO - Started process (PID=2091) to work on /home/airflow/.local/lib/python3.8/site-packages/airflow/example_dags/example_short_circuit_operator.py
[2021-09-27 03:45:02,461] {processor.py:613} INFO - Processing file /home/airflow/.local/lib/python3.8/site-packages/airflow/example_dags/example_short_circuit_operator.py for tasks to queue
[2021-09-27 03:45:02,462] {logging_mixin.py:109} INFO - [2021-09-27 03:45:02,462] {dagbag.py:496} INFO - Filling up the DagBag from /home/airflow/.local/lib/python3.8/site-packages/airflow/example_dags/example_short_circuit_operator.py
[2021-09-27 03:45:02,470] {processor.py:623} INFO - DAG(s) dict_keys(['example_short_circuit_operator']) retrieved from /home/airflow/.local/lib/python3.8/site-packages/airflow/example_dags/example_short_circuit_operator.py
[2021-09-27 03:45:02,485] {logging_mixin.py:109} INFO - [2021-09-27 03:45:02,485] {dag.py:1833} INFO - Sync 1 DAGs
[2021-09-27 03:45:02,494] {logging_mixin.py:109} INFO - [2021-09-27 03:45:02,494] {dag.py:2306} INFO - Setting next_dagrun for example_short_circuit_operator to 2021-09-25 00:00:00+00:00
[2021-09-27 03:45:02,510] {processor.py:170} INFO - Processing /home/airflow/.local/lib/python3.8/site-packages/airflow/example_dags/example_short_circuit_operator.py took 0.052 seconds
[2021-09-27 03:45:32,845] {processor.py:162} INFO - Started process (PID=2144) to work on /home/airflow/.local/lib/python3.8/site-packages/airflow/example_dags/example_short_circuit_operator.py
[2021-09-27 03:45:32,846] {processor.py:613} INFO - Processing file /home/airflow/.local/lib/python3.8/site-packages/airflow/example_dags/example_short_circuit_operator.py for tasks to queue
[2021-09-27 03:45:32,846] {logging_mixin.py:109} INFO - [2021-09-27 03:45:32,846] {dagbag.py:496} INFO - Filling up the DagBag from /home/airflow/.local/lib/python3.8/site-packages/airflow/example_dags/example_short_circuit_operator.py
[2021-09-27 03:45:32,856] {processor.py:623} INFO - DAG(s) dict_keys(['example_short_circuit_operator']) retrieved from /home/airflow/.local/lib/python3.8/site-packages/airflow/example_dags/example_short_circuit_operator.py
[2021-09-27 03:45:32,871] {logging_mixin.py:109} INFO - [2021-09-27 03:45:32,871] {dag.py:1833} INFO - Sync 1 DAGs
[2021-09-27 03:45:32,881] {logging_mixin.py:109} INFO - [2021-09-27 03:45:32,881] {dag.py:2306} INFO - Setting next_dagrun for example_short_circuit_operator to 2021-09-25 00:00:00+00:00
[2021-09-27 03:45:32,897] {processor.py:170} INFO - Processing /home/airflow/.local/lib/python3.8/site-packages/airflow/example_dags/example_short_circuit_operator.py took 0.054 seconds
[2021-09-27 03:46:03,058] {processor.py:162} INFO - Started process (PID=2190) to work on /home/airflow/.local/lib/python3.8/site-packages/airflow/example_dags/example_short_circuit_operator.py
[2021-09-27 03:46:03,059] {processor.py:613} INFO - Processing file /home/airflow/.local/lib/python3.8/site-packages/airflow/example_dags/example_short_circuit_operator.py for tasks to queue
[2021-09-27 03:46:03,060] {logging_mixin.py:109} INFO - [2021-09-27 03:46:03,060] {dagbag.py:496} INFO - Filling up the DagBag from /home/airflow/.local/lib/python3.8/site-packages/airflow/example_dags/example_short_circuit_operator.py
[2021-09-27 03:46:03,069] {processor.py:623} INFO - DAG(s) dict_keys(['example_short_circuit_operator']) retrieved from /home/airflow/.local/lib/python3.8/site-packages/airflow/example_dags/example_short_circuit_operator.py
[2021-09-27 03:46:03,086] {logging_mixin.py:109} INFO - [2021-09-27 03:46:03,086] {dag.py:1833} INFO - Sync 1 DAGs
[2021-09-27 03:46:03,096] {logging_mixin.py:109} INFO - [2021-09-27 03:46:03,096] {dag.py:2306} INFO - Setting next_dagrun for example_short_circuit_operator to 2021-09-25 00:00:00+00:00
[2021-09-27 03:46:03,115] {processor.py:170} INFO - Processing /home/airflow/.local/lib/python3.8/site-packages/airflow/example_dags/example_short_circuit_operator.py took 0.059 seconds
[2021-09-27 03:46:33,220] {processor.py:162} INFO - Started process (PID=2243) to work on /home/airflow/.local/lib/python3.8/site-packages/airflow/example_dags/example_short_circuit_operator.py
[2021-09-27 03:46:33,221] {processor.py:613} INFO - Processing file /home/airflow/.local/lib/python3.8/site-packages/airflow/example_dags/example_short_circuit_operator.py for tasks to queue
[2021-09-27 03:46:33,221] {logging_mixin.py:109} INFO - [2021-09-27 03:46:33,221] {dagbag.py:496} INFO - Filling up the DagBag from /home/airflow/.local/lib/python3.8/site-packages/airflow/example_dags/example_short_circuit_operator.py
[2021-09-27 03:46:33,230] {processor.py:623} INFO - DAG(s) dict_keys(['example_short_circuit_operator']) retrieved from /home/airflow/.local/lib/python3.8/site-packages/airflow/example_dags/example_short_circuit_operator.py
[2021-09-27 03:46:33,245] {logging_mixin.py:109} INFO - [2021-09-27 03:46:33,245] {dag.py:1833} INFO - Sync 1 DAGs
[2021-09-27 03:46:33,262] {logging_mixin.py:109} INFO - [2021-09-27 03:46:33,262] {dag.py:2306} INFO - Setting next_dagrun for example_short_circuit_operator to 2021-09-25 00:00:00+00:00
[2021-09-27 03:46:33,271] {processor.py:170} INFO - Processing /home/airflow/.local/lib/python3.8/site-packages/airflow/example_dags/example_short_circuit_operator.py took 0.054 seconds
[2021-09-27 03:47:03,697] {processor.py:162} INFO - Started process (PID=2296) to work on /home/airflow/.local/lib/python3.8/site-packages/airflow/example_dags/example_short_circuit_operator.py
[2021-09-27 03:47:03,698] {processor.py:613} INFO - Processing file /home/airflow/.local/lib/python3.8/site-packages/airflow/example_dags/example_short_circuit_operator.py for tasks to queue
[2021-09-27 03:47:03,698] {logging_mixin.py:109} INFO - [2021-09-27 03:47:03,698] {dagbag.py:496} INFO - Filling up the DagBag from /home/airflow/.local/lib/python3.8/site-packages/airflow/example_dags/example_short_circuit_operator.py
[2021-09-27 03:47:03,706] {processor.py:623} INFO - DAG(s) dict_keys(['example_short_circuit_operator']) retrieved from /home/airflow/.local/lib/python3.8/site-packages/airflow/example_dags/example_short_circuit_operator.py
[2021-09-27 03:47:03,721] {logging_mixin.py:109} INFO - [2021-09-27 03:47:03,721] {dag.py:1833} INFO - Sync 1 DAGs
[2021-09-27 03:47:03,730] {logging_mixin.py:109} INFO - [2021-09-27 03:47:03,730] {dag.py:2306} INFO - Setting next_dagrun for example_short_circuit_operator to 2021-09-25 00:00:00+00:00
[2021-09-27 03:47:03,746] {processor.py:170} INFO - Processing /home/airflow/.local/lib/python3.8/site-packages/airflow/example_dags/example_short_circuit_operator.py took 0.051 seconds
[2021-09-27 03:47:33,940] {processor.py:162} INFO - Started process (PID=2349) to work on /home/airflow/.local/lib/python3.8/site-packages/airflow/example_dags/example_short_circuit_operator.py
[2021-09-27 03:47:33,941] {processor.py:613} INFO - Processing file /home/airflow/.local/lib/python3.8/site-packages/airflow/example_dags/example_short_circuit_operator.py for tasks to queue
[2021-09-27 03:47:33,941] {logging_mixin.py:109} INFO - [2021-09-27 03:47:33,941] {dagbag.py:496} INFO - Filling up the DagBag from /home/airflow/.local/lib/python3.8/site-packages/airflow/example_dags/example_short_circuit_operator.py
[2021-09-27 03:47:33,952] {processor.py:623} INFO - DAG(s) dict_keys(['example_short_circuit_operator']) retrieved from /home/airflow/.local/lib/python3.8/site-packages/airflow/example_dags/example_short_circuit_operator.py
[2021-09-27 03:47:33,967] {logging_mixin.py:109} INFO - [2021-09-27 03:47:33,967] {dag.py:1833} INFO - Sync 1 DAGs
[2021-09-27 03:47:33,979] {logging_mixin.py:109} INFO - [2021-09-27 03:47:33,979] {dag.py:2306} INFO - Setting next_dagrun for example_short_circuit_operator to 2021-09-25 00:00:00+00:00
[2021-09-27 03:47:33,997] {processor.py:170} INFO - Processing /home/airflow/.local/lib/python3.8/site-packages/airflow/example_dags/example_short_circuit_operator.py took 0.059 seconds
[2021-09-27 03:49:17,194] {processor.py:162} INFO - Started process (PID=23) to work on /home/airflow/.local/lib/python3.8/site-packages/airflow/example_dags/example_short_circuit_operator.py
[2021-09-27 03:49:17,195] {processor.py:613} INFO - Processing file /home/airflow/.local/lib/python3.8/site-packages/airflow/example_dags/example_short_circuit_operator.py for tasks to queue
[2021-09-27 03:49:17,195] {logging_mixin.py:109} INFO - [2021-09-27 03:49:17,195] {dagbag.py:496} INFO - Filling up the DagBag from /home/airflow/.local/lib/python3.8/site-packages/airflow/example_dags/example_short_circuit_operator.py
[2021-09-27 03:49:17,207] {processor.py:623} INFO - DAG(s) dict_keys(['example_short_circuit_operator']) retrieved from /home/airflow/.local/lib/python3.8/site-packages/airflow/example_dags/example_short_circuit_operator.py
[2021-09-27 03:49:17,223] {logging_mixin.py:109} INFO - [2021-09-27 03:49:17,223] {dag.py:1833} INFO - Sync 1 DAGs
[2021-09-27 03:49:17,234] {logging_mixin.py:109} INFO - [2021-09-27 03:49:17,234] {dag.py:2306} INFO - Setting next_dagrun for example_short_circuit_operator to 2021-09-25 00:00:00+00:00
[2021-09-27 03:49:17,243] {processor.py:170} INFO - Processing /home/airflow/.local/lib/python3.8/site-packages/airflow/example_dags/example_short_circuit_operator.py took 0.052 seconds
[2021-09-27 03:49:48,245] {processor.py:162} INFO - Started process (PID=76) to work on /home/airflow/.local/lib/python3.8/site-packages/airflow/example_dags/example_short_circuit_operator.py
[2021-09-27 03:49:48,245] {processor.py:613} INFO - Processing file /home/airflow/.local/lib/python3.8/site-packages/airflow/example_dags/example_short_circuit_operator.py for tasks to queue
[2021-09-27 03:49:48,246] {logging_mixin.py:109} INFO - [2021-09-27 03:49:48,246] {dagbag.py:496} INFO - Filling up the DagBag from /home/airflow/.local/lib/python3.8/site-packages/airflow/example_dags/example_short_circuit_operator.py
[2021-09-27 03:49:48,254] {processor.py:623} INFO - DAG(s) dict_keys(['example_short_circuit_operator']) retrieved from /home/airflow/.local/lib/python3.8/site-packages/airflow/example_dags/example_short_circuit_operator.py
[2021-09-27 03:49:48,265] {logging_mixin.py:109} INFO - [2021-09-27 03:49:48,265] {dag.py:1833} INFO - Sync 1 DAGs
[2021-09-27 03:49:48,274] {logging_mixin.py:109} INFO - [2021-09-27 03:49:48,274] {dag.py:2306} INFO - Setting next_dagrun for example_short_circuit_operator to 2021-09-25 00:00:00+00:00
[2021-09-27 03:49:48,282] {processor.py:170} INFO - Processing /home/airflow/.local/lib/python3.8/site-packages/airflow/example_dags/example_short_circuit_operator.py took 0.039 seconds
[2021-09-27 03:50:18,522] {processor.py:162} INFO - Started process (PID=129) to work on /home/airflow/.local/lib/python3.8/site-packages/airflow/example_dags/example_short_circuit_operator.py
[2021-09-27 03:50:18,522] {processor.py:613} INFO - Processing file /home/airflow/.local/lib/python3.8/site-packages/airflow/example_dags/example_short_circuit_operator.py for tasks to queue
[2021-09-27 03:50:18,523] {logging_mixin.py:109} INFO - [2021-09-27 03:50:18,523] {dagbag.py:496} INFO - Filling up the DagBag from /home/airflow/.local/lib/python3.8/site-packages/airflow/example_dags/example_short_circuit_operator.py
[2021-09-27 03:50:18,531] {processor.py:623} INFO - DAG(s) dict_keys(['example_short_circuit_operator']) retrieved from /home/airflow/.local/lib/python3.8/site-packages/airflow/example_dags/example_short_circuit_operator.py
[2021-09-27 03:50:18,549] {logging_mixin.py:109} INFO - [2021-09-27 03:50:18,549] {dag.py:1833} INFO - Sync 1 DAGs
[2021-09-27 03:50:18,561] {logging_mixin.py:109} INFO - [2021-09-27 03:50:18,561] {dag.py:2306} INFO - Setting next_dagrun for example_short_circuit_operator to 2021-09-25 00:00:00+00:00
[2021-09-27 03:50:18,570] {processor.py:170} INFO - Processing /home/airflow/.local/lib/python3.8/site-packages/airflow/example_dags/example_short_circuit_operator.py took 0.051 seconds
[2021-09-27 03:50:48,840] {processor.py:162} INFO - Started process (PID=175) to work on /home/airflow/.local/lib/python3.8/site-packages/airflow/example_dags/example_short_circuit_operator.py
[2021-09-27 03:50:48,841] {processor.py:613} INFO - Processing file /home/airflow/.local/lib/python3.8/site-packages/airflow/example_dags/example_short_circuit_operator.py for tasks to queue
[2021-09-27 03:50:48,842] {logging_mixin.py:109} INFO - [2021-09-27 03:50:48,842] {dagbag.py:496} INFO - Filling up the DagBag from /home/airflow/.local/lib/python3.8/site-packages/airflow/example_dags/example_short_circuit_operator.py
[2021-09-27 03:50:48,852] {processor.py:623} INFO - DAG(s) dict_keys(['example_short_circuit_operator']) retrieved from /home/airflow/.local/lib/python3.8/site-packages/airflow/example_dags/example_short_circuit_operator.py
[2021-09-27 03:50:48,871] {logging_mixin.py:109} INFO - [2021-09-27 03:50:48,871] {dag.py:1833} INFO - Sync 1 DAGs
[2021-09-27 03:50:48,885] {logging_mixin.py:109} INFO - [2021-09-27 03:50:48,885] {dag.py:2306} INFO - Setting next_dagrun for example_short_circuit_operator to 2021-09-25 00:00:00+00:00
[2021-09-27 03:50:48,894] {processor.py:170} INFO - Processing /home/airflow/.local/lib/python3.8/site-packages/airflow/example_dags/example_short_circuit_operator.py took 0.055 seconds
[2021-09-27 03:51:19,340] {processor.py:162} INFO - Started process (PID=228) to work on /home/airflow/.local/lib/python3.8/site-packages/airflow/example_dags/example_short_circuit_operator.py
[2021-09-27 03:51:19,341] {processor.py:613} INFO - Processing file /home/airflow/.local/lib/python3.8/site-packages/airflow/example_dags/example_short_circuit_operator.py for tasks to queue
[2021-09-27 03:51:19,342] {logging_mixin.py:109} INFO - [2021-09-27 03:51:19,342] {dagbag.py:496} INFO - Filling up the DagBag from /home/airflow/.local/lib/python3.8/site-packages/airflow/example_dags/example_short_circuit_operator.py
[2021-09-27 03:51:19,351] {processor.py:623} INFO - DAG(s) dict_keys(['example_short_circuit_operator']) retrieved from /home/airflow/.local/lib/python3.8/site-packages/airflow/example_dags/example_short_circuit_operator.py
[2021-09-27 03:51:19,366] {logging_mixin.py:109} INFO - [2021-09-27 03:51:19,366] {dag.py:1833} INFO - Sync 1 DAGs
[2021-09-27 03:51:19,377] {logging_mixin.py:109} INFO - [2021-09-27 03:51:19,377] {dag.py:2306} INFO - Setting next_dagrun for example_short_circuit_operator to 2021-09-25 00:00:00+00:00
[2021-09-27 03:51:19,386] {processor.py:170} INFO - Processing /home/airflow/.local/lib/python3.8/site-packages/airflow/example_dags/example_short_circuit_operator.py took 0.047 seconds
[2021-09-27 03:51:49,669] {processor.py:162} INFO - Started process (PID=281) to work on /home/airflow/.local/lib/python3.8/site-packages/airflow/example_dags/example_short_circuit_operator.py
[2021-09-27 03:51:49,670] {processor.py:613} INFO - Processing file /home/airflow/.local/lib/python3.8/site-packages/airflow/example_dags/example_short_circuit_operator.py for tasks to queue
[2021-09-27 03:51:49,671] {logging_mixin.py:109} INFO - [2021-09-27 03:51:49,671] {dagbag.py:496} INFO - Filling up the DagBag from /home/airflow/.local/lib/python3.8/site-packages/airflow/example_dags/example_short_circuit_operator.py
[2021-09-27 03:51:49,678] {processor.py:623} INFO - DAG(s) dict_keys(['example_short_circuit_operator']) retrieved from /home/airflow/.local/lib/python3.8/site-packages/airflow/example_dags/example_short_circuit_operator.py
[2021-09-27 03:51:49,691] {logging_mixin.py:109} INFO - [2021-09-27 03:51:49,690] {dag.py:1833} INFO - Sync 1 DAGs
[2021-09-27 03:51:49,700] {logging_mixin.py:109} INFO - [2021-09-27 03:51:49,699] {dag.py:2306} INFO - Setting next_dagrun for example_short_circuit_operator to 2021-09-25 00:00:00+00:00
[2021-09-27 03:51:49,707] {processor.py:170} INFO - Processing /home/airflow/.local/lib/python3.8/site-packages/airflow/example_dags/example_short_circuit_operator.py took 0.039 seconds
[2021-09-27 03:52:20,066] {processor.py:162} INFO - Started process (PID=335) to work on /home/airflow/.local/lib/python3.8/site-packages/airflow/example_dags/example_short_circuit_operator.py
[2021-09-27 03:52:20,067] {processor.py:613} INFO - Processing file /home/airflow/.local/lib/python3.8/site-packages/airflow/example_dags/example_short_circuit_operator.py for tasks to queue
[2021-09-27 03:52:20,067] {logging_mixin.py:109} INFO - [2021-09-27 03:52:20,067] {dagbag.py:496} INFO - Filling up the DagBag from /home/airflow/.local/lib/python3.8/site-packages/airflow/example_dags/example_short_circuit_operator.py
[2021-09-27 03:52:20,075] {processor.py:623} INFO - DAG(s) dict_keys(['example_short_circuit_operator']) retrieved from /home/airflow/.local/lib/python3.8/site-packages/airflow/example_dags/example_short_circuit_operator.py
[2021-09-27 03:52:20,087] {logging_mixin.py:109} INFO - [2021-09-27 03:52:20,087] {dag.py:1833} INFO - Sync 1 DAGs
[2021-09-27 03:52:20,096] {logging_mixin.py:109} INFO - [2021-09-27 03:52:20,096] {dag.py:2306} INFO - Setting next_dagrun for example_short_circuit_operator to 2021-09-25 00:00:00+00:00
[2021-09-27 03:52:20,103] {processor.py:170} INFO - Processing /home/airflow/.local/lib/python3.8/site-packages/airflow/example_dags/example_short_circuit_operator.py took 0.039 seconds
[2021-09-27 03:52:50,395] {processor.py:162} INFO - Started process (PID=388) to work on /home/airflow/.local/lib/python3.8/site-packages/airflow/example_dags/example_short_circuit_operator.py
[2021-09-27 03:52:50,396] {processor.py:613} INFO - Processing file /home/airflow/.local/lib/python3.8/site-packages/airflow/example_dags/example_short_circuit_operator.py for tasks to queue
[2021-09-27 03:52:50,396] {logging_mixin.py:109} INFO - [2021-09-27 03:52:50,396] {dagbag.py:496} INFO - Filling up the DagBag from /home/airflow/.local/lib/python3.8/site-packages/airflow/example_dags/example_short_circuit_operator.py
[2021-09-27 03:52:50,404] {processor.py:623} INFO - DAG(s) dict_keys(['example_short_circuit_operator']) retrieved from /home/airflow/.local/lib/python3.8/site-packages/airflow/example_dags/example_short_circuit_operator.py
[2021-09-27 03:52:50,418] {logging_mixin.py:109} INFO - [2021-09-27 03:52:50,418] {dag.py:1833} INFO - Sync 1 DAGs
[2021-09-27 03:52:50,427] {logging_mixin.py:109} INFO - [2021-09-27 03:52:50,427] {dag.py:2306} INFO - Setting next_dagrun for example_short_circuit_operator to 2021-09-25 00:00:00+00:00
[2021-09-27 03:52:50,435] {processor.py:170} INFO - Processing /home/airflow/.local/lib/python3.8/site-packages/airflow/example_dags/example_short_circuit_operator.py took 0.042 seconds
[2021-09-27 03:53:20,629] {processor.py:162} INFO - Started process (PID=435) to work on /home/airflow/.local/lib/python3.8/site-packages/airflow/example_dags/example_short_circuit_operator.py
[2021-09-27 03:53:20,630] {processor.py:613} INFO - Processing file /home/airflow/.local/lib/python3.8/site-packages/airflow/example_dags/example_short_circuit_operator.py for tasks to queue
[2021-09-27 03:53:20,630] {logging_mixin.py:109} INFO - [2021-09-27 03:53:20,630] {dagbag.py:496} INFO - Filling up the DagBag from /home/airflow/.local/lib/python3.8/site-packages/airflow/example_dags/example_short_circuit_operator.py
[2021-09-27 03:53:20,638] {processor.py:623} INFO - DAG(s) dict_keys(['example_short_circuit_operator']) retrieved from /home/airflow/.local/lib/python3.8/site-packages/airflow/example_dags/example_short_circuit_operator.py
[2021-09-27 03:53:20,650] {logging_mixin.py:109} INFO - [2021-09-27 03:53:20,649] {dag.py:1833} INFO - Sync 1 DAGs
[2021-09-27 03:53:20,658] {logging_mixin.py:109} INFO - [2021-09-27 03:53:20,658] {dag.py:2306} INFO - Setting next_dagrun for example_short_circuit_operator to 2021-09-25 00:00:00+00:00
[2021-09-27 03:53:20,665] {processor.py:170} INFO - Processing /home/airflow/.local/lib/python3.8/site-packages/airflow/example_dags/example_short_circuit_operator.py took 0.038 seconds
[2021-09-27 03:53:51,103] {processor.py:162} INFO - Started process (PID=488) to work on /home/airflow/.local/lib/python3.8/site-packages/airflow/example_dags/example_short_circuit_operator.py
[2021-09-27 03:53:51,103] {processor.py:613} INFO - Processing file /home/airflow/.local/lib/python3.8/site-packages/airflow/example_dags/example_short_circuit_operator.py for tasks to queue
[2021-09-27 03:53:51,104] {logging_mixin.py:109} INFO - [2021-09-27 03:53:51,104] {dagbag.py:496} INFO - Filling up the DagBag from /home/airflow/.local/lib/python3.8/site-packages/airflow/example_dags/example_short_circuit_operator.py
[2021-09-27 03:53:51,112] {processor.py:623} INFO - DAG(s) dict_keys(['example_short_circuit_operator']) retrieved from /home/airflow/.local/lib/python3.8/site-packages/airflow/example_dags/example_short_circuit_operator.py
[2021-09-27 03:53:51,124] {logging_mixin.py:109} INFO - [2021-09-27 03:53:51,124] {dag.py:1833} INFO - Sync 1 DAGs
[2021-09-27 03:53:51,133] {logging_mixin.py:109} INFO - [2021-09-27 03:53:51,133] {dag.py:2306} INFO - Setting next_dagrun for example_short_circuit_operator to 2021-09-25 00:00:00+00:00
[2021-09-27 03:53:51,140] {processor.py:170} INFO - Processing /home/airflow/.local/lib/python3.8/site-packages/airflow/example_dags/example_short_circuit_operator.py took 0.039 seconds
[2021-09-27 03:54:21,407] {processor.py:162} INFO - Started process (PID=541) to work on /home/airflow/.local/lib/python3.8/site-packages/airflow/example_dags/example_short_circuit_operator.py
[2021-09-27 03:54:21,407] {processor.py:613} INFO - Processing file /home/airflow/.local/lib/python3.8/site-packages/airflow/example_dags/example_short_circuit_operator.py for tasks to queue
[2021-09-27 03:54:21,408] {logging_mixin.py:109} INFO - [2021-09-27 03:54:21,408] {dagbag.py:496} INFO - Filling up the DagBag from /home/airflow/.local/lib/python3.8/site-packages/airflow/example_dags/example_short_circuit_operator.py
[2021-09-27 03:54:21,415] {processor.py:623} INFO - DAG(s) dict_keys(['example_short_circuit_operator']) retrieved from /home/airflow/.local/lib/python3.8/site-packages/airflow/example_dags/example_short_circuit_operator.py
[2021-09-27 03:54:21,428] {logging_mixin.py:109} INFO - [2021-09-27 03:54:21,428] {dag.py:1833} INFO - Sync 1 DAGs
[2021-09-27 03:54:21,436] {logging_mixin.py:109} INFO - [2021-09-27 03:54:21,436] {dag.py:2306} INFO - Setting next_dagrun for example_short_circuit_operator to 2021-09-25 00:00:00+00:00
[2021-09-27 03:54:21,444] {processor.py:170} INFO - Processing /home/airflow/.local/lib/python3.8/site-packages/airflow/example_dags/example_short_circuit_operator.py took 0.040 seconds
[2021-09-27 03:54:51,769] {processor.py:162} INFO - Started process (PID=594) to work on /home/airflow/.local/lib/python3.8/site-packages/airflow/example_dags/example_short_circuit_operator.py
[2021-09-27 03:54:51,770] {processor.py:613} INFO - Processing file /home/airflow/.local/lib/python3.8/site-packages/airflow/example_dags/example_short_circuit_operator.py for tasks to queue
[2021-09-27 03:54:51,770] {logging_mixin.py:109} INFO - [2021-09-27 03:54:51,770] {dagbag.py:496} INFO - Filling up the DagBag from /home/airflow/.local/lib/python3.8/site-packages/airflow/example_dags/example_short_circuit_operator.py
[2021-09-27 03:54:51,778] {processor.py:623} INFO - DAG(s) dict_keys(['example_short_circuit_operator']) retrieved from /home/airflow/.local/lib/python3.8/site-packages/airflow/example_dags/example_short_circuit_operator.py
[2021-09-27 03:54:51,792] {logging_mixin.py:109} INFO - [2021-09-27 03:54:51,792] {dag.py:1833} INFO - Sync 1 DAGs
[2021-09-27 03:54:51,801] {logging_mixin.py:109} INFO - [2021-09-27 03:54:51,801] {dag.py:2306} INFO - Setting next_dagrun for example_short_circuit_operator to 2021-09-25 00:00:00+00:00
[2021-09-27 03:54:51,810] {processor.py:170} INFO - Processing /home/airflow/.local/lib/python3.8/site-packages/airflow/example_dags/example_short_circuit_operator.py took 0.042 seconds
[2021-09-27 03:55:22,218] {processor.py:162} INFO - Started process (PID=640) to work on /home/airflow/.local/lib/python3.8/site-packages/airflow/example_dags/example_short_circuit_operator.py
[2021-09-27 03:55:22,219] {processor.py:613} INFO - Processing file /home/airflow/.local/lib/python3.8/site-packages/airflow/example_dags/example_short_circuit_operator.py for tasks to queue
[2021-09-27 03:55:22,220] {logging_mixin.py:109} INFO - [2021-09-27 03:55:22,219] {dagbag.py:496} INFO - Filling up the DagBag from /home/airflow/.local/lib/python3.8/site-packages/airflow/example_dags/example_short_circuit_operator.py
[2021-09-27 03:55:22,228] {processor.py:623} INFO - DAG(s) dict_keys(['example_short_circuit_operator']) retrieved from /home/airflow/.local/lib/python3.8/site-packages/airflow/example_dags/example_short_circuit_operator.py
[2021-09-27 03:55:22,243] {logging_mixin.py:109} INFO - [2021-09-27 03:55:22,243] {dag.py:1833} INFO - Sync 1 DAGs
[2021-09-27 03:55:22,253] {logging_mixin.py:109} INFO - [2021-09-27 03:55:22,253] {dag.py:2306} INFO - Setting next_dagrun for example_short_circuit_operator to 2021-09-25 00:00:00+00:00
[2021-09-27 03:55:22,262] {processor.py:170} INFO - Processing /home/airflow/.local/lib/python3.8/site-packages/airflow/example_dags/example_short_circuit_operator.py took 0.045 seconds
[2021-09-27 03:55:52,630] {processor.py:162} INFO - Started process (PID=693) to work on /home/airflow/.local/lib/python3.8/site-packages/airflow/example_dags/example_short_circuit_operator.py
[2021-09-27 03:55:52,631] {processor.py:613} INFO - Processing file /home/airflow/.local/lib/python3.8/site-packages/airflow/example_dags/example_short_circuit_operator.py for tasks to queue
[2021-09-27 03:55:52,631] {logging_mixin.py:109} INFO - [2021-09-27 03:55:52,631] {dagbag.py:496} INFO - Filling up the DagBag from /home/airflow/.local/lib/python3.8/site-packages/airflow/example_dags/example_short_circuit_operator.py
[2021-09-27 03:55:52,641] {processor.py:623} INFO - DAG(s) dict_keys(['example_short_circuit_operator']) retrieved from /home/airflow/.local/lib/python3.8/site-packages/airflow/example_dags/example_short_circuit_operator.py
[2021-09-27 03:55:52,662] {logging_mixin.py:109} INFO - [2021-09-27 03:55:52,662] {dag.py:1833} INFO - Sync 1 DAGs
[2021-09-27 03:55:52,672] {logging_mixin.py:109} INFO - [2021-09-27 03:55:52,672] {dag.py:2306} INFO - Setting next_dagrun for example_short_circuit_operator to 2021-09-25 00:00:00+00:00
[2021-09-27 03:55:52,682] {processor.py:170} INFO - Processing /home/airflow/.local/lib/python3.8/site-packages/airflow/example_dags/example_short_circuit_operator.py took 0.056 seconds
[2021-09-27 03:56:23,034] {processor.py:162} INFO - Started process (PID=746) to work on /home/airflow/.local/lib/python3.8/site-packages/airflow/example_dags/example_short_circuit_operator.py
[2021-09-27 03:56:23,036] {processor.py:613} INFO - Processing file /home/airflow/.local/lib/python3.8/site-packages/airflow/example_dags/example_short_circuit_operator.py for tasks to queue
[2021-09-27 03:56:23,038] {logging_mixin.py:109} INFO - [2021-09-27 03:56:23,037] {dagbag.py:496} INFO - Filling up the DagBag from /home/airflow/.local/lib/python3.8/site-packages/airflow/example_dags/example_short_circuit_operator.py
[2021-09-27 03:56:23,046] {processor.py:623} INFO - DAG(s) dict_keys(['example_short_circuit_operator']) retrieved from /home/airflow/.local/lib/python3.8/site-packages/airflow/example_dags/example_short_circuit_operator.py
[2021-09-27 03:56:23,061] {logging_mixin.py:109} INFO - [2021-09-27 03:56:23,061] {dag.py:1833} INFO - Sync 1 DAGs
[2021-09-27 03:56:23,071] {logging_mixin.py:109} INFO - [2021-09-27 03:56:23,071] {dag.py:2306} INFO - Setting next_dagrun for example_short_circuit_operator to 2021-09-25 00:00:00+00:00
[2021-09-27 03:56:23,079] {processor.py:170} INFO - Processing /home/airflow/.local/lib/python3.8/site-packages/airflow/example_dags/example_short_circuit_operator.py took 0.048 seconds
[2021-09-27 03:56:53,321] {processor.py:162} INFO - Started process (PID=799) to work on /home/airflow/.local/lib/python3.8/site-packages/airflow/example_dags/example_short_circuit_operator.py
[2021-09-27 03:56:53,322] {processor.py:613} INFO - Processing file /home/airflow/.local/lib/python3.8/site-packages/airflow/example_dags/example_short_circuit_operator.py for tasks to queue
[2021-09-27 03:56:53,322] {logging_mixin.py:109} INFO - [2021-09-27 03:56:53,322] {dagbag.py:496} INFO - Filling up the DagBag from /home/airflow/.local/lib/python3.8/site-packages/airflow/example_dags/example_short_circuit_operator.py
[2021-09-27 03:56:53,332] {processor.py:623} INFO - DAG(s) dict_keys(['example_short_circuit_operator']) retrieved from /home/airflow/.local/lib/python3.8/site-packages/airflow/example_dags/example_short_circuit_operator.py
[2021-09-27 03:56:53,347] {logging_mixin.py:109} INFO - [2021-09-27 03:56:53,347] {dag.py:1833} INFO - Sync 1 DAGs
[2021-09-27 03:56:53,357] {logging_mixin.py:109} INFO - [2021-09-27 03:56:53,357] {dag.py:2306} INFO - Setting next_dagrun for example_short_circuit_operator to 2021-09-25 00:00:00+00:00
[2021-09-27 03:56:53,365] {processor.py:170} INFO - Processing /home/airflow/.local/lib/python3.8/site-packages/airflow/example_dags/example_short_circuit_operator.py took 0.047 seconds
[2021-09-27 03:57:23,686] {processor.py:162} INFO - Started process (PID=845) to work on /home/airflow/.local/lib/python3.8/site-packages/airflow/example_dags/example_short_circuit_operator.py
[2021-09-27 03:57:23,686] {processor.py:613} INFO - Processing file /home/airflow/.local/lib/python3.8/site-packages/airflow/example_dags/example_short_circuit_operator.py for tasks to queue
[2021-09-27 03:57:23,687] {logging_mixin.py:109} INFO - [2021-09-27 03:57:23,687] {dagbag.py:496} INFO - Filling up the DagBag from /home/airflow/.local/lib/python3.8/site-packages/airflow/example_dags/example_short_circuit_operator.py
[2021-09-27 03:57:23,695] {processor.py:623} INFO - DAG(s) dict_keys(['example_short_circuit_operator']) retrieved from /home/airflow/.local/lib/python3.8/site-packages/airflow/example_dags/example_short_circuit_operator.py
[2021-09-27 03:57:23,713] {logging_mixin.py:109} INFO - [2021-09-27 03:57:23,713] {dag.py:1833} INFO - Sync 1 DAGs
[2021-09-27 03:57:23,726] {logging_mixin.py:109} INFO - [2021-09-27 03:57:23,726] {dag.py:2306} INFO - Setting next_dagrun for example_short_circuit_operator to 2021-09-25 00:00:00+00:00
[2021-09-27 03:57:23,735] {processor.py:170} INFO - Processing /home/airflow/.local/lib/python3.8/site-packages/airflow/example_dags/example_short_circuit_operator.py took 0.054 seconds
[2021-09-27 03:57:53,973] {processor.py:162} INFO - Started process (PID=898) to work on /home/airflow/.local/lib/python3.8/site-packages/airflow/example_dags/example_short_circuit_operator.py
[2021-09-27 03:57:53,974] {processor.py:613} INFO - Processing file /home/airflow/.local/lib/python3.8/site-packages/airflow/example_dags/example_short_circuit_operator.py for tasks to queue
[2021-09-27 03:57:53,975] {logging_mixin.py:109} INFO - [2021-09-27 03:57:53,975] {dagbag.py:496} INFO - Filling up the DagBag from /home/airflow/.local/lib/python3.8/site-packages/airflow/example_dags/example_short_circuit_operator.py
[2021-09-27 03:57:53,983] {processor.py:623} INFO - DAG(s) dict_keys(['example_short_circuit_operator']) retrieved from /home/airflow/.local/lib/python3.8/site-packages/airflow/example_dags/example_short_circuit_operator.py
[2021-09-27 03:57:53,997] {logging_mixin.py:109} INFO - [2021-09-27 03:57:53,997] {dag.py:1833} INFO - Sync 1 DAGs
[2021-09-27 03:57:54,007] {logging_mixin.py:109} INFO - [2021-09-27 03:57:54,007] {dag.py:2306} INFO - Setting next_dagrun for example_short_circuit_operator to 2021-09-25 00:00:00+00:00
[2021-09-27 03:57:54,015] {processor.py:170} INFO - Processing /home/airflow/.local/lib/python3.8/site-packages/airflow/example_dags/example_short_circuit_operator.py took 0.044 seconds
[2021-09-27 03:58:24,272] {processor.py:162} INFO - Started process (PID=951) to work on /home/airflow/.local/lib/python3.8/site-packages/airflow/example_dags/example_short_circuit_operator.py
[2021-09-27 03:58:24,273] {processor.py:613} INFO - Processing file /home/airflow/.local/lib/python3.8/site-packages/airflow/example_dags/example_short_circuit_operator.py for tasks to queue
[2021-09-27 03:58:24,274] {logging_mixin.py:109} INFO - [2021-09-27 03:58:24,274] {dagbag.py:496} INFO - Filling up the DagBag from /home/airflow/.local/lib/python3.8/site-packages/airflow/example_dags/example_short_circuit_operator.py
[2021-09-27 03:58:24,284] {processor.py:623} INFO - DAG(s) dict_keys(['example_short_circuit_operator']) retrieved from /home/airflow/.local/lib/python3.8/site-packages/airflow/example_dags/example_short_circuit_operator.py
[2021-09-27 03:58:24,304] {logging_mixin.py:109} INFO - [2021-09-27 03:58:24,304] {dag.py:1833} INFO - Sync 1 DAGs
[2021-09-27 03:58:24,317] {logging_mixin.py:109} INFO - [2021-09-27 03:58:24,317] {dag.py:2306} INFO - Setting next_dagrun for example_short_circuit_operator to 2021-09-25 00:00:00+00:00
[2021-09-27 03:58:24,327] {processor.py:170} INFO - Processing /home/airflow/.local/lib/python3.8/site-packages/airflow/example_dags/example_short_circuit_operator.py took 0.060 seconds
