[2021-09-27 03:24:55,717] {processor.py:162} INFO - Started process (PID=57) to work on /home/airflow/.local/lib/python3.8/site-packages/airflow/example_dags/example_nested_branch_dag.py
[2021-09-27 03:24:55,718] {processor.py:613} INFO - Processing file /home/airflow/.local/lib/python3.8/site-packages/airflow/example_dags/example_nested_branch_dag.py for tasks to queue
[2021-09-27 03:24:55,719] {logging_mixin.py:109} INFO - [2021-09-27 03:24:55,719] {dagbag.py:496} INFO - Filling up the DagBag from /home/airflow/.local/lib/python3.8/site-packages/airflow/example_dags/example_nested_branch_dag.py
[2021-09-27 03:24:55,732] {processor.py:623} INFO - DAG(s) dict_keys(['example_nested_branch_dag']) retrieved from /home/airflow/.local/lib/python3.8/site-packages/airflow/example_dags/example_nested_branch_dag.py
[2021-09-27 03:24:55,950] {logging_mixin.py:109} INFO - [2021-09-27 03:24:55,950] {dag.py:1833} INFO - Sync 1 DAGs
[2021-09-27 03:24:55,963] {logging_mixin.py:109} INFO - [2021-09-27 03:24:55,963] {dag.py:2306} INFO - Setting next_dagrun for example_nested_branch_dag to 2021-09-25 00:00:00+00:00
[2021-09-27 03:24:55,974] {processor.py:170} INFO - Processing /home/airflow/.local/lib/python3.8/site-packages/airflow/example_dags/example_nested_branch_dag.py took 0.259 seconds
[2021-09-27 03:25:26,254] {processor.py:162} INFO - Started process (PID=109) to work on /home/airflow/.local/lib/python3.8/site-packages/airflow/example_dags/example_nested_branch_dag.py
[2021-09-27 03:25:26,255] {processor.py:613} INFO - Processing file /home/airflow/.local/lib/python3.8/site-packages/airflow/example_dags/example_nested_branch_dag.py for tasks to queue
[2021-09-27 03:25:26,255] {logging_mixin.py:109} INFO - [2021-09-27 03:25:26,255] {dagbag.py:496} INFO - Filling up the DagBag from /home/airflow/.local/lib/python3.8/site-packages/airflow/example_dags/example_nested_branch_dag.py
[2021-09-27 03:25:26,267] {processor.py:623} INFO - DAG(s) dict_keys(['example_nested_branch_dag']) retrieved from /home/airflow/.local/lib/python3.8/site-packages/airflow/example_dags/example_nested_branch_dag.py
[2021-09-27 03:25:26,281] {logging_mixin.py:109} INFO - [2021-09-27 03:25:26,281] {dag.py:1833} INFO - Sync 1 DAGs
[2021-09-27 03:25:26,293] {logging_mixin.py:109} INFO - [2021-09-27 03:25:26,293] {dag.py:2306} INFO - Setting next_dagrun for example_nested_branch_dag to 2021-09-25 00:00:00+00:00
[2021-09-27 03:25:26,302] {processor.py:170} INFO - Processing /home/airflow/.local/lib/python3.8/site-packages/airflow/example_dags/example_nested_branch_dag.py took 0.051 seconds
[2021-09-27 03:25:57,118] {processor.py:162} INFO - Started process (PID=156) to work on /home/airflow/.local/lib/python3.8/site-packages/airflow/example_dags/example_nested_branch_dag.py
[2021-09-27 03:25:57,119] {processor.py:613} INFO - Processing file /home/airflow/.local/lib/python3.8/site-packages/airflow/example_dags/example_nested_branch_dag.py for tasks to queue
[2021-09-27 03:25:57,120] {logging_mixin.py:109} INFO - [2021-09-27 03:25:57,120] {dagbag.py:496} INFO - Filling up the DagBag from /home/airflow/.local/lib/python3.8/site-packages/airflow/example_dags/example_nested_branch_dag.py
[2021-09-27 03:25:57,139] {processor.py:623} INFO - DAG(s) dict_keys(['example_nested_branch_dag']) retrieved from /home/airflow/.local/lib/python3.8/site-packages/airflow/example_dags/example_nested_branch_dag.py
[2021-09-27 03:25:57,179] {logging_mixin.py:109} INFO - [2021-09-27 03:25:57,179] {dag.py:1833} INFO - Sync 1 DAGs
[2021-09-27 03:25:57,206] {logging_mixin.py:109} INFO - [2021-09-27 03:25:57,205] {dag.py:2306} INFO - Setting next_dagrun for example_nested_branch_dag to 2021-09-25 00:00:00+00:00
[2021-09-27 03:25:57,224] {processor.py:170} INFO - Processing /home/airflow/.local/lib/python3.8/site-packages/airflow/example_dags/example_nested_branch_dag.py took 0.111 seconds
[2021-09-27 03:26:27,871] {processor.py:162} INFO - Started process (PID=209) to work on /home/airflow/.local/lib/python3.8/site-packages/airflow/example_dags/example_nested_branch_dag.py
[2021-09-27 03:26:27,873] {processor.py:613} INFO - Processing file /home/airflow/.local/lib/python3.8/site-packages/airflow/example_dags/example_nested_branch_dag.py for tasks to queue
[2021-09-27 03:26:27,874] {logging_mixin.py:109} INFO - [2021-09-27 03:26:27,874] {dagbag.py:496} INFO - Filling up the DagBag from /home/airflow/.local/lib/python3.8/site-packages/airflow/example_dags/example_nested_branch_dag.py
[2021-09-27 03:26:27,885] {processor.py:623} INFO - DAG(s) dict_keys(['example_nested_branch_dag']) retrieved from /home/airflow/.local/lib/python3.8/site-packages/airflow/example_dags/example_nested_branch_dag.py
[2021-09-27 03:26:27,902] {logging_mixin.py:109} INFO - [2021-09-27 03:26:27,902] {dag.py:1833} INFO - Sync 1 DAGs
[2021-09-27 03:26:27,916] {logging_mixin.py:109} INFO - [2021-09-27 03:26:27,916] {dag.py:2306} INFO - Setting next_dagrun for example_nested_branch_dag to 2021-09-25 00:00:00+00:00
[2021-09-27 03:26:27,926] {processor.py:170} INFO - Processing /home/airflow/.local/lib/python3.8/site-packages/airflow/example_dags/example_nested_branch_dag.py took 0.057 seconds
[2021-09-27 03:26:57,967] {processor.py:162} INFO - Started process (PID=261) to work on /home/airflow/.local/lib/python3.8/site-packages/airflow/example_dags/example_nested_branch_dag.py
[2021-09-27 03:26:57,967] {processor.py:613} INFO - Processing file /home/airflow/.local/lib/python3.8/site-packages/airflow/example_dags/example_nested_branch_dag.py for tasks to queue
[2021-09-27 03:26:57,968] {logging_mixin.py:109} INFO - [2021-09-27 03:26:57,968] {dagbag.py:496} INFO - Filling up the DagBag from /home/airflow/.local/lib/python3.8/site-packages/airflow/example_dags/example_nested_branch_dag.py
[2021-09-27 03:26:57,977] {processor.py:623} INFO - DAG(s) dict_keys(['example_nested_branch_dag']) retrieved from /home/airflow/.local/lib/python3.8/site-packages/airflow/example_dags/example_nested_branch_dag.py
[2021-09-27 03:26:57,990] {logging_mixin.py:109} INFO - [2021-09-27 03:26:57,990] {dag.py:1833} INFO - Sync 1 DAGs
[2021-09-27 03:26:58,000] {logging_mixin.py:109} INFO - [2021-09-27 03:26:58,000] {dag.py:2306} INFO - Setting next_dagrun for example_nested_branch_dag to 2021-09-25 00:00:00+00:00
[2021-09-27 03:26:58,009] {processor.py:170} INFO - Processing /home/airflow/.local/lib/python3.8/site-packages/airflow/example_dags/example_nested_branch_dag.py took 0.044 seconds
[2021-09-27 03:27:28,164] {processor.py:162} INFO - Started process (PID=307) to work on /home/airflow/.local/lib/python3.8/site-packages/airflow/example_dags/example_nested_branch_dag.py
[2021-09-27 03:27:28,165] {processor.py:613} INFO - Processing file /home/airflow/.local/lib/python3.8/site-packages/airflow/example_dags/example_nested_branch_dag.py for tasks to queue
[2021-09-27 03:27:28,166] {logging_mixin.py:109} INFO - [2021-09-27 03:27:28,166] {dagbag.py:496} INFO - Filling up the DagBag from /home/airflow/.local/lib/python3.8/site-packages/airflow/example_dags/example_nested_branch_dag.py
[2021-09-27 03:27:28,175] {processor.py:623} INFO - DAG(s) dict_keys(['example_nested_branch_dag']) retrieved from /home/airflow/.local/lib/python3.8/site-packages/airflow/example_dags/example_nested_branch_dag.py
[2021-09-27 03:27:28,189] {logging_mixin.py:109} INFO - [2021-09-27 03:27:28,189] {dag.py:1833} INFO - Sync 1 DAGs
[2021-09-27 03:27:28,200] {logging_mixin.py:109} INFO - [2021-09-27 03:27:28,200] {dag.py:2306} INFO - Setting next_dagrun for example_nested_branch_dag to 2021-09-25 00:00:00+00:00
[2021-09-27 03:27:28,208] {processor.py:170} INFO - Processing /home/airflow/.local/lib/python3.8/site-packages/airflow/example_dags/example_nested_branch_dag.py took 0.046 seconds
[2021-09-27 03:27:58,372] {processor.py:162} INFO - Started process (PID=360) to work on /home/airflow/.local/lib/python3.8/site-packages/airflow/example_dags/example_nested_branch_dag.py
[2021-09-27 03:27:58,373] {processor.py:613} INFO - Processing file /home/airflow/.local/lib/python3.8/site-packages/airflow/example_dags/example_nested_branch_dag.py for tasks to queue
[2021-09-27 03:27:58,374] {logging_mixin.py:109} INFO - [2021-09-27 03:27:58,374] {dagbag.py:496} INFO - Filling up the DagBag from /home/airflow/.local/lib/python3.8/site-packages/airflow/example_dags/example_nested_branch_dag.py
[2021-09-27 03:27:58,384] {processor.py:623} INFO - DAG(s) dict_keys(['example_nested_branch_dag']) retrieved from /home/airflow/.local/lib/python3.8/site-packages/airflow/example_dags/example_nested_branch_dag.py
[2021-09-27 03:27:58,399] {logging_mixin.py:109} INFO - [2021-09-27 03:27:58,399] {dag.py:1833} INFO - Sync 1 DAGs
[2021-09-27 03:27:58,410] {logging_mixin.py:109} INFO - [2021-09-27 03:27:58,410] {dag.py:2306} INFO - Setting next_dagrun for example_nested_branch_dag to 2021-09-25 00:00:00+00:00
[2021-09-27 03:27:58,419] {processor.py:170} INFO - Processing /home/airflow/.local/lib/python3.8/site-packages/airflow/example_dags/example_nested_branch_dag.py took 0.048 seconds
[2021-09-27 03:28:28,996] {processor.py:162} INFO - Started process (PID=415) to work on /home/airflow/.local/lib/python3.8/site-packages/airflow/example_dags/example_nested_branch_dag.py
[2021-09-27 03:28:28,997] {processor.py:613} INFO - Processing file /home/airflow/.local/lib/python3.8/site-packages/airflow/example_dags/example_nested_branch_dag.py for tasks to queue
[2021-09-27 03:28:28,997] {logging_mixin.py:109} INFO - [2021-09-27 03:28:28,997] {dagbag.py:496} INFO - Filling up the DagBag from /home/airflow/.local/lib/python3.8/site-packages/airflow/example_dags/example_nested_branch_dag.py
[2021-09-27 03:28:29,005] {processor.py:623} INFO - DAG(s) dict_keys(['example_nested_branch_dag']) retrieved from /home/airflow/.local/lib/python3.8/site-packages/airflow/example_dags/example_nested_branch_dag.py
[2021-09-27 03:28:29,020] {logging_mixin.py:109} INFO - [2021-09-27 03:28:29,020] {dag.py:1833} INFO - Sync 1 DAGs
[2021-09-27 03:28:29,031] {logging_mixin.py:109} INFO - [2021-09-27 03:28:29,031] {dag.py:2306} INFO - Setting next_dagrun for example_nested_branch_dag to 2021-09-25 00:00:00+00:00
[2021-09-27 03:28:29,039] {processor.py:170} INFO - Processing /home/airflow/.local/lib/python3.8/site-packages/airflow/example_dags/example_nested_branch_dag.py took 0.046 seconds
[2021-09-27 03:28:59,174] {processor.py:162} INFO - Started process (PID=468) to work on /home/airflow/.local/lib/python3.8/site-packages/airflow/example_dags/example_nested_branch_dag.py
[2021-09-27 03:28:59,175] {processor.py:613} INFO - Processing file /home/airflow/.local/lib/python3.8/site-packages/airflow/example_dags/example_nested_branch_dag.py for tasks to queue
[2021-09-27 03:28:59,176] {logging_mixin.py:109} INFO - [2021-09-27 03:28:59,176] {dagbag.py:496} INFO - Filling up the DagBag from /home/airflow/.local/lib/python3.8/site-packages/airflow/example_dags/example_nested_branch_dag.py
[2021-09-27 03:28:59,188] {processor.py:623} INFO - DAG(s) dict_keys(['example_nested_branch_dag']) retrieved from /home/airflow/.local/lib/python3.8/site-packages/airflow/example_dags/example_nested_branch_dag.py
[2021-09-27 03:28:59,204] {logging_mixin.py:109} INFO - [2021-09-27 03:28:59,203] {dag.py:1833} INFO - Sync 1 DAGs
[2021-09-27 03:28:59,216] {logging_mixin.py:109} INFO - [2021-09-27 03:28:59,216] {dag.py:2306} INFO - Setting next_dagrun for example_nested_branch_dag to 2021-09-25 00:00:00+00:00
[2021-09-27 03:28:59,224] {processor.py:170} INFO - Processing /home/airflow/.local/lib/python3.8/site-packages/airflow/example_dags/example_nested_branch_dag.py took 0.053 seconds
[2021-09-27 03:29:29,375] {processor.py:162} INFO - Started process (PID=514) to work on /home/airflow/.local/lib/python3.8/site-packages/airflow/example_dags/example_nested_branch_dag.py
[2021-09-27 03:29:29,376] {processor.py:613} INFO - Processing file /home/airflow/.local/lib/python3.8/site-packages/airflow/example_dags/example_nested_branch_dag.py for tasks to queue
[2021-09-27 03:29:29,376] {logging_mixin.py:109} INFO - [2021-09-27 03:29:29,376] {dagbag.py:496} INFO - Filling up the DagBag from /home/airflow/.local/lib/python3.8/site-packages/airflow/example_dags/example_nested_branch_dag.py
[2021-09-27 03:29:29,384] {processor.py:623} INFO - DAG(s) dict_keys(['example_nested_branch_dag']) retrieved from /home/airflow/.local/lib/python3.8/site-packages/airflow/example_dags/example_nested_branch_dag.py
[2021-09-27 03:29:29,399] {logging_mixin.py:109} INFO - [2021-09-27 03:29:29,399] {dag.py:1833} INFO - Sync 1 DAGs
[2021-09-27 03:29:29,411] {logging_mixin.py:109} INFO - [2021-09-27 03:29:29,411] {dag.py:2306} INFO - Setting next_dagrun for example_nested_branch_dag to 2021-09-25 00:00:00+00:00
[2021-09-27 03:29:29,419] {processor.py:170} INFO - Processing /home/airflow/.local/lib/python3.8/site-packages/airflow/example_dags/example_nested_branch_dag.py took 0.046 seconds
[2021-09-27 03:29:59,516] {processor.py:162} INFO - Started process (PID=567) to work on /home/airflow/.local/lib/python3.8/site-packages/airflow/example_dags/example_nested_branch_dag.py
[2021-09-27 03:29:59,517] {processor.py:613} INFO - Processing file /home/airflow/.local/lib/python3.8/site-packages/airflow/example_dags/example_nested_branch_dag.py for tasks to queue
[2021-09-27 03:29:59,517] {logging_mixin.py:109} INFO - [2021-09-27 03:29:59,517] {dagbag.py:496} INFO - Filling up the DagBag from /home/airflow/.local/lib/python3.8/site-packages/airflow/example_dags/example_nested_branch_dag.py
[2021-09-27 03:29:59,527] {processor.py:623} INFO - DAG(s) dict_keys(['example_nested_branch_dag']) retrieved from /home/airflow/.local/lib/python3.8/site-packages/airflow/example_dags/example_nested_branch_dag.py
[2021-09-27 03:29:59,541] {logging_mixin.py:109} INFO - [2021-09-27 03:29:59,541] {dag.py:1833} INFO - Sync 1 DAGs
[2021-09-27 03:29:59,552] {logging_mixin.py:109} INFO - [2021-09-27 03:29:59,552] {dag.py:2306} INFO - Setting next_dagrun for example_nested_branch_dag to 2021-09-25 00:00:00+00:00
[2021-09-27 03:29:59,560] {processor.py:170} INFO - Processing /home/airflow/.local/lib/python3.8/site-packages/airflow/example_dags/example_nested_branch_dag.py took 0.046 seconds
[2021-09-27 03:30:29,684] {processor.py:162} INFO - Started process (PID=620) to work on /home/airflow/.local/lib/python3.8/site-packages/airflow/example_dags/example_nested_branch_dag.py
[2021-09-27 03:30:29,685] {processor.py:613} INFO - Processing file /home/airflow/.local/lib/python3.8/site-packages/airflow/example_dags/example_nested_branch_dag.py for tasks to queue
[2021-09-27 03:30:29,685] {logging_mixin.py:109} INFO - [2021-09-27 03:30:29,685] {dagbag.py:496} INFO - Filling up the DagBag from /home/airflow/.local/lib/python3.8/site-packages/airflow/example_dags/example_nested_branch_dag.py
[2021-09-27 03:30:29,693] {processor.py:623} INFO - DAG(s) dict_keys(['example_nested_branch_dag']) retrieved from /home/airflow/.local/lib/python3.8/site-packages/airflow/example_dags/example_nested_branch_dag.py
[2021-09-27 03:30:29,708] {logging_mixin.py:109} INFO - [2021-09-27 03:30:29,707] {dag.py:1833} INFO - Sync 1 DAGs
[2021-09-27 03:30:29,718] {logging_mixin.py:109} INFO - [2021-09-27 03:30:29,718] {dag.py:2306} INFO - Setting next_dagrun for example_nested_branch_dag to 2021-09-25 00:00:00+00:00
[2021-09-27 03:30:29,726] {processor.py:170} INFO - Processing /home/airflow/.local/lib/python3.8/site-packages/airflow/example_dags/example_nested_branch_dag.py took 0.045 seconds
[2021-09-27 03:30:59,781] {processor.py:162} INFO - Started process (PID=672) to work on /home/airflow/.local/lib/python3.8/site-packages/airflow/example_dags/example_nested_branch_dag.py
[2021-09-27 03:30:59,782] {processor.py:613} INFO - Processing file /home/airflow/.local/lib/python3.8/site-packages/airflow/example_dags/example_nested_branch_dag.py for tasks to queue
[2021-09-27 03:30:59,783] {logging_mixin.py:109} INFO - [2021-09-27 03:30:59,783] {dagbag.py:496} INFO - Filling up the DagBag from /home/airflow/.local/lib/python3.8/site-packages/airflow/example_dags/example_nested_branch_dag.py
[2021-09-27 03:30:59,792] {processor.py:623} INFO - DAG(s) dict_keys(['example_nested_branch_dag']) retrieved from /home/airflow/.local/lib/python3.8/site-packages/airflow/example_dags/example_nested_branch_dag.py
[2021-09-27 03:30:59,810] {logging_mixin.py:109} INFO - [2021-09-27 03:30:59,809] {dag.py:1833} INFO - Sync 1 DAGs
[2021-09-27 03:30:59,822] {logging_mixin.py:109} INFO - [2021-09-27 03:30:59,822] {dag.py:2306} INFO - Setting next_dagrun for example_nested_branch_dag to 2021-09-25 00:00:00+00:00
[2021-09-27 03:30:59,831] {processor.py:170} INFO - Processing /home/airflow/.local/lib/python3.8/site-packages/airflow/example_dags/example_nested_branch_dag.py took 0.052 seconds
[2021-09-27 03:31:30,057] {processor.py:162} INFO - Started process (PID=718) to work on /home/airflow/.local/lib/python3.8/site-packages/airflow/example_dags/example_nested_branch_dag.py
[2021-09-27 03:31:30,057] {processor.py:613} INFO - Processing file /home/airflow/.local/lib/python3.8/site-packages/airflow/example_dags/example_nested_branch_dag.py for tasks to queue
[2021-09-27 03:31:30,058] {logging_mixin.py:109} INFO - [2021-09-27 03:31:30,058] {dagbag.py:496} INFO - Filling up the DagBag from /home/airflow/.local/lib/python3.8/site-packages/airflow/example_dags/example_nested_branch_dag.py
[2021-09-27 03:31:30,066] {processor.py:623} INFO - DAG(s) dict_keys(['example_nested_branch_dag']) retrieved from /home/airflow/.local/lib/python3.8/site-packages/airflow/example_dags/example_nested_branch_dag.py
[2021-09-27 03:31:30,081] {logging_mixin.py:109} INFO - [2021-09-27 03:31:30,081] {dag.py:1833} INFO - Sync 1 DAGs
[2021-09-27 03:31:30,093] {logging_mixin.py:109} INFO - [2021-09-27 03:31:30,093] {dag.py:2306} INFO - Setting next_dagrun for example_nested_branch_dag to 2021-09-25 00:00:00+00:00
[2021-09-27 03:31:30,101] {processor.py:170} INFO - Processing /home/airflow/.local/lib/python3.8/site-packages/airflow/example_dags/example_nested_branch_dag.py took 0.046 seconds
[2021-09-27 03:32:00,294] {processor.py:162} INFO - Started process (PID=771) to work on /home/airflow/.local/lib/python3.8/site-packages/airflow/example_dags/example_nested_branch_dag.py
[2021-09-27 03:32:00,294] {processor.py:613} INFO - Processing file /home/airflow/.local/lib/python3.8/site-packages/airflow/example_dags/example_nested_branch_dag.py for tasks to queue
[2021-09-27 03:32:00,295] {logging_mixin.py:109} INFO - [2021-09-27 03:32:00,295] {dagbag.py:496} INFO - Filling up the DagBag from /home/airflow/.local/lib/python3.8/site-packages/airflow/example_dags/example_nested_branch_dag.py
[2021-09-27 03:32:00,304] {processor.py:623} INFO - DAG(s) dict_keys(['example_nested_branch_dag']) retrieved from /home/airflow/.local/lib/python3.8/site-packages/airflow/example_dags/example_nested_branch_dag.py
[2021-09-27 03:32:00,320] {logging_mixin.py:109} INFO - [2021-09-27 03:32:00,319] {dag.py:1833} INFO - Sync 1 DAGs
[2021-09-27 03:32:00,332] {logging_mixin.py:109} INFO - [2021-09-27 03:32:00,332] {dag.py:2306} INFO - Setting next_dagrun for example_nested_branch_dag to 2021-09-25 00:00:00+00:00
[2021-09-27 03:32:00,340] {processor.py:170} INFO - Processing /home/airflow/.local/lib/python3.8/site-packages/airflow/example_dags/example_nested_branch_dag.py took 0.049 seconds
[2021-09-27 03:32:30,652] {processor.py:162} INFO - Started process (PID=825) to work on /home/airflow/.local/lib/python3.8/site-packages/airflow/example_dags/example_nested_branch_dag.py
[2021-09-27 03:32:30,653] {processor.py:613} INFO - Processing file /home/airflow/.local/lib/python3.8/site-packages/airflow/example_dags/example_nested_branch_dag.py for tasks to queue
[2021-09-27 03:32:30,653] {logging_mixin.py:109} INFO - [2021-09-27 03:32:30,653] {dagbag.py:496} INFO - Filling up the DagBag from /home/airflow/.local/lib/python3.8/site-packages/airflow/example_dags/example_nested_branch_dag.py
[2021-09-27 03:32:30,664] {processor.py:623} INFO - DAG(s) dict_keys(['example_nested_branch_dag']) retrieved from /home/airflow/.local/lib/python3.8/site-packages/airflow/example_dags/example_nested_branch_dag.py
[2021-09-27 03:32:30,679] {logging_mixin.py:109} INFO - [2021-09-27 03:32:30,679] {dag.py:1833} INFO - Sync 1 DAGs
[2021-09-27 03:32:30,691] {logging_mixin.py:109} INFO - [2021-09-27 03:32:30,691] {dag.py:2306} INFO - Setting next_dagrun for example_nested_branch_dag to 2021-09-25 00:00:00+00:00
[2021-09-27 03:32:30,701] {processor.py:170} INFO - Processing /home/airflow/.local/lib/python3.8/site-packages/airflow/example_dags/example_nested_branch_dag.py took 0.051 seconds
[2021-09-27 03:33:00,956] {processor.py:162} INFO - Started process (PID=878) to work on /home/airflow/.local/lib/python3.8/site-packages/airflow/example_dags/example_nested_branch_dag.py
[2021-09-27 03:33:00,957] {processor.py:613} INFO - Processing file /home/airflow/.local/lib/python3.8/site-packages/airflow/example_dags/example_nested_branch_dag.py for tasks to queue
[2021-09-27 03:33:00,959] {logging_mixin.py:109} INFO - [2021-09-27 03:33:00,958] {dagbag.py:496} INFO - Filling up the DagBag from /home/airflow/.local/lib/python3.8/site-packages/airflow/example_dags/example_nested_branch_dag.py
[2021-09-27 03:33:00,980] {processor.py:623} INFO - DAG(s) dict_keys(['example_nested_branch_dag']) retrieved from /home/airflow/.local/lib/python3.8/site-packages/airflow/example_dags/example_nested_branch_dag.py
[2021-09-27 03:33:00,997] {logging_mixin.py:109} INFO - [2021-09-27 03:33:00,997] {dag.py:1833} INFO - Sync 1 DAGs
[2021-09-27 03:33:01,011] {logging_mixin.py:109} INFO - [2021-09-27 03:33:01,011] {dag.py:2306} INFO - Setting next_dagrun for example_nested_branch_dag to 2021-09-25 00:00:00+00:00
[2021-09-27 03:33:01,021] {processor.py:170} INFO - Processing /home/airflow/.local/lib/python3.8/site-packages/airflow/example_dags/example_nested_branch_dag.py took 0.068 seconds
[2021-09-27 03:33:31,189] {processor.py:162} INFO - Started process (PID=923) to work on /home/airflow/.local/lib/python3.8/site-packages/airflow/example_dags/example_nested_branch_dag.py
[2021-09-27 03:33:31,190] {processor.py:613} INFO - Processing file /home/airflow/.local/lib/python3.8/site-packages/airflow/example_dags/example_nested_branch_dag.py for tasks to queue
[2021-09-27 03:33:31,190] {logging_mixin.py:109} INFO - [2021-09-27 03:33:31,190] {dagbag.py:496} INFO - Filling up the DagBag from /home/airflow/.local/lib/python3.8/site-packages/airflow/example_dags/example_nested_branch_dag.py
[2021-09-27 03:33:31,198] {processor.py:623} INFO - DAG(s) dict_keys(['example_nested_branch_dag']) retrieved from /home/airflow/.local/lib/python3.8/site-packages/airflow/example_dags/example_nested_branch_dag.py
[2021-09-27 03:33:31,213] {logging_mixin.py:109} INFO - [2021-09-27 03:33:31,213] {dag.py:1833} INFO - Sync 1 DAGs
[2021-09-27 03:33:31,225] {logging_mixin.py:109} INFO - [2021-09-27 03:33:31,225] {dag.py:2306} INFO - Setting next_dagrun for example_nested_branch_dag to 2021-09-25 00:00:00+00:00
[2021-09-27 03:33:31,233] {processor.py:170} INFO - Processing /home/airflow/.local/lib/python3.8/site-packages/airflow/example_dags/example_nested_branch_dag.py took 0.047 seconds
[2021-09-27 03:34:01,415] {processor.py:162} INFO - Started process (PID=976) to work on /home/airflow/.local/lib/python3.8/site-packages/airflow/example_dags/example_nested_branch_dag.py
[2021-09-27 03:34:01,416] {processor.py:613} INFO - Processing file /home/airflow/.local/lib/python3.8/site-packages/airflow/example_dags/example_nested_branch_dag.py for tasks to queue
[2021-09-27 03:34:01,417] {logging_mixin.py:109} INFO - [2021-09-27 03:34:01,417] {dagbag.py:496} INFO - Filling up the DagBag from /home/airflow/.local/lib/python3.8/site-packages/airflow/example_dags/example_nested_branch_dag.py
[2021-09-27 03:34:01,425] {processor.py:623} INFO - DAG(s) dict_keys(['example_nested_branch_dag']) retrieved from /home/airflow/.local/lib/python3.8/site-packages/airflow/example_dags/example_nested_branch_dag.py
[2021-09-27 03:34:01,440] {logging_mixin.py:109} INFO - [2021-09-27 03:34:01,440] {dag.py:1833} INFO - Sync 1 DAGs
[2021-09-27 03:34:01,452] {logging_mixin.py:109} INFO - [2021-09-27 03:34:01,452] {dag.py:2306} INFO - Setting next_dagrun for example_nested_branch_dag to 2021-09-25 00:00:00+00:00
[2021-09-27 03:34:01,460] {processor.py:170} INFO - Processing /home/airflow/.local/lib/python3.8/site-packages/airflow/example_dags/example_nested_branch_dag.py took 0.047 seconds
[2021-09-27 03:34:31,630] {processor.py:162} INFO - Started process (PID=1029) to work on /home/airflow/.local/lib/python3.8/site-packages/airflow/example_dags/example_nested_branch_dag.py
[2021-09-27 03:34:31,630] {processor.py:613} INFO - Processing file /home/airflow/.local/lib/python3.8/site-packages/airflow/example_dags/example_nested_branch_dag.py for tasks to queue
[2021-09-27 03:34:31,631] {logging_mixin.py:109} INFO - [2021-09-27 03:34:31,631] {dagbag.py:496} INFO - Filling up the DagBag from /home/airflow/.local/lib/python3.8/site-packages/airflow/example_dags/example_nested_branch_dag.py
[2021-09-27 03:34:31,639] {processor.py:623} INFO - DAG(s) dict_keys(['example_nested_branch_dag']) retrieved from /home/airflow/.local/lib/python3.8/site-packages/airflow/example_dags/example_nested_branch_dag.py
[2021-09-27 03:34:31,654] {logging_mixin.py:109} INFO - [2021-09-27 03:34:31,654] {dag.py:1833} INFO - Sync 1 DAGs
[2021-09-27 03:34:31,665] {logging_mixin.py:109} INFO - [2021-09-27 03:34:31,665] {dag.py:2306} INFO - Setting next_dagrun for example_nested_branch_dag to 2021-09-25 00:00:00+00:00
[2021-09-27 03:34:31,673] {processor.py:170} INFO - Processing /home/airflow/.local/lib/python3.8/site-packages/airflow/example_dags/example_nested_branch_dag.py took 0.046 seconds
[2021-09-27 03:35:01,975] {processor.py:162} INFO - Started process (PID=1075) to work on /home/airflow/.local/lib/python3.8/site-packages/airflow/example_dags/example_nested_branch_dag.py
[2021-09-27 03:35:01,976] {processor.py:613} INFO - Processing file /home/airflow/.local/lib/python3.8/site-packages/airflow/example_dags/example_nested_branch_dag.py for tasks to queue
[2021-09-27 03:35:01,976] {logging_mixin.py:109} INFO - [2021-09-27 03:35:01,976] {dagbag.py:496} INFO - Filling up the DagBag from /home/airflow/.local/lib/python3.8/site-packages/airflow/example_dags/example_nested_branch_dag.py
[2021-09-27 03:35:01,985] {processor.py:623} INFO - DAG(s) dict_keys(['example_nested_branch_dag']) retrieved from /home/airflow/.local/lib/python3.8/site-packages/airflow/example_dags/example_nested_branch_dag.py
[2021-09-27 03:35:02,001] {logging_mixin.py:109} INFO - [2021-09-27 03:35:02,000] {dag.py:1833} INFO - Sync 1 DAGs
[2021-09-27 03:35:02,016] {logging_mixin.py:109} INFO - [2021-09-27 03:35:02,016] {dag.py:2306} INFO - Setting next_dagrun for example_nested_branch_dag to 2021-09-25 00:00:00+00:00
[2021-09-27 03:35:02,026] {processor.py:170} INFO - Processing /home/airflow/.local/lib/python3.8/site-packages/airflow/example_dags/example_nested_branch_dag.py took 0.053 seconds
[2021-09-27 03:35:32,333] {processor.py:162} INFO - Started process (PID=1129) to work on /home/airflow/.local/lib/python3.8/site-packages/airflow/example_dags/example_nested_branch_dag.py
[2021-09-27 03:35:32,334] {processor.py:613} INFO - Processing file /home/airflow/.local/lib/python3.8/site-packages/airflow/example_dags/example_nested_branch_dag.py for tasks to queue
[2021-09-27 03:35:32,335] {logging_mixin.py:109} INFO - [2021-09-27 03:35:32,335] {dagbag.py:496} INFO - Filling up the DagBag from /home/airflow/.local/lib/python3.8/site-packages/airflow/example_dags/example_nested_branch_dag.py
[2021-09-27 03:35:32,346] {processor.py:623} INFO - DAG(s) dict_keys(['example_nested_branch_dag']) retrieved from /home/airflow/.local/lib/python3.8/site-packages/airflow/example_dags/example_nested_branch_dag.py
[2021-09-27 03:35:32,363] {logging_mixin.py:109} INFO - [2021-09-27 03:35:32,363] {dag.py:1833} INFO - Sync 1 DAGs
[2021-09-27 03:35:32,376] {logging_mixin.py:109} INFO - [2021-09-27 03:35:32,376] {dag.py:2306} INFO - Setting next_dagrun for example_nested_branch_dag to 2021-09-25 00:00:00+00:00
[2021-09-27 03:35:32,384] {processor.py:170} INFO - Processing /home/airflow/.local/lib/python3.8/site-packages/airflow/example_dags/example_nested_branch_dag.py took 0.053 seconds
[2021-09-27 03:36:02,587] {processor.py:162} INFO - Started process (PID=1182) to work on /home/airflow/.local/lib/python3.8/site-packages/airflow/example_dags/example_nested_branch_dag.py
[2021-09-27 03:36:02,588] {processor.py:613} INFO - Processing file /home/airflow/.local/lib/python3.8/site-packages/airflow/example_dags/example_nested_branch_dag.py for tasks to queue
[2021-09-27 03:36:02,588] {logging_mixin.py:109} INFO - [2021-09-27 03:36:02,588] {dagbag.py:496} INFO - Filling up the DagBag from /home/airflow/.local/lib/python3.8/site-packages/airflow/example_dags/example_nested_branch_dag.py
[2021-09-27 03:36:02,597] {processor.py:623} INFO - DAG(s) dict_keys(['example_nested_branch_dag']) retrieved from /home/airflow/.local/lib/python3.8/site-packages/airflow/example_dags/example_nested_branch_dag.py
[2021-09-27 03:36:02,612] {logging_mixin.py:109} INFO - [2021-09-27 03:36:02,612] {dag.py:1833} INFO - Sync 1 DAGs
[2021-09-27 03:36:02,623] {logging_mixin.py:109} INFO - [2021-09-27 03:36:02,623] {dag.py:2306} INFO - Setting next_dagrun for example_nested_branch_dag to 2021-09-25 00:00:00+00:00
[2021-09-27 03:36:02,631] {processor.py:170} INFO - Processing /home/airflow/.local/lib/python3.8/site-packages/airflow/example_dags/example_nested_branch_dag.py took 0.046 seconds
[2021-09-27 03:36:32,911] {processor.py:162} INFO - Started process (PID=1235) to work on /home/airflow/.local/lib/python3.8/site-packages/airflow/example_dags/example_nested_branch_dag.py
[2021-09-27 03:36:32,912] {processor.py:613} INFO - Processing file /home/airflow/.local/lib/python3.8/site-packages/airflow/example_dags/example_nested_branch_dag.py for tasks to queue
[2021-09-27 03:36:32,913] {logging_mixin.py:109} INFO - [2021-09-27 03:36:32,912] {dagbag.py:496} INFO - Filling up the DagBag from /home/airflow/.local/lib/python3.8/site-packages/airflow/example_dags/example_nested_branch_dag.py
[2021-09-27 03:36:32,921] {processor.py:623} INFO - DAG(s) dict_keys(['example_nested_branch_dag']) retrieved from /home/airflow/.local/lib/python3.8/site-packages/airflow/example_dags/example_nested_branch_dag.py
[2021-09-27 03:36:32,935] {logging_mixin.py:109} INFO - [2021-09-27 03:36:32,935] {dag.py:1833} INFO - Sync 1 DAGs
[2021-09-27 03:36:32,949] {logging_mixin.py:109} INFO - [2021-09-27 03:36:32,949] {dag.py:2306} INFO - Setting next_dagrun for example_nested_branch_dag to 2021-09-25 00:00:00+00:00
[2021-09-27 03:36:32,957] {processor.py:170} INFO - Processing /home/airflow/.local/lib/python3.8/site-packages/airflow/example_dags/example_nested_branch_dag.py took 0.049 seconds
[2021-09-27 03:37:03,068] {processor.py:162} INFO - Started process (PID=1281) to work on /home/airflow/.local/lib/python3.8/site-packages/airflow/example_dags/example_nested_branch_dag.py
[2021-09-27 03:37:03,069] {processor.py:613} INFO - Processing file /home/airflow/.local/lib/python3.8/site-packages/airflow/example_dags/example_nested_branch_dag.py for tasks to queue
[2021-09-27 03:37:03,070] {logging_mixin.py:109} INFO - [2021-09-27 03:37:03,070] {dagbag.py:496} INFO - Filling up the DagBag from /home/airflow/.local/lib/python3.8/site-packages/airflow/example_dags/example_nested_branch_dag.py
[2021-09-27 03:37:03,079] {processor.py:623} INFO - DAG(s) dict_keys(['example_nested_branch_dag']) retrieved from /home/airflow/.local/lib/python3.8/site-packages/airflow/example_dags/example_nested_branch_dag.py
[2021-09-27 03:37:03,095] {logging_mixin.py:109} INFO - [2021-09-27 03:37:03,095] {dag.py:1833} INFO - Sync 1 DAGs
[2021-09-27 03:37:03,108] {logging_mixin.py:109} INFO - [2021-09-27 03:37:03,107] {dag.py:2306} INFO - Setting next_dagrun for example_nested_branch_dag to 2021-09-25 00:00:00+00:00
[2021-09-27 03:37:03,116] {processor.py:170} INFO - Processing /home/airflow/.local/lib/python3.8/site-packages/airflow/example_dags/example_nested_branch_dag.py took 0.050 seconds
[2021-09-27 03:37:33,283] {processor.py:162} INFO - Started process (PID=1333) to work on /home/airflow/.local/lib/python3.8/site-packages/airflow/example_dags/example_nested_branch_dag.py
[2021-09-27 03:37:33,284] {processor.py:613} INFO - Processing file /home/airflow/.local/lib/python3.8/site-packages/airflow/example_dags/example_nested_branch_dag.py for tasks to queue
[2021-09-27 03:37:33,284] {logging_mixin.py:109} INFO - [2021-09-27 03:37:33,284] {dagbag.py:496} INFO - Filling up the DagBag from /home/airflow/.local/lib/python3.8/site-packages/airflow/example_dags/example_nested_branch_dag.py
[2021-09-27 03:37:33,294] {processor.py:623} INFO - DAG(s) dict_keys(['example_nested_branch_dag']) retrieved from /home/airflow/.local/lib/python3.8/site-packages/airflow/example_dags/example_nested_branch_dag.py
[2021-09-27 03:37:33,309] {logging_mixin.py:109} INFO - [2021-09-27 03:37:33,309] {dag.py:1833} INFO - Sync 1 DAGs
[2021-09-27 03:37:33,320] {logging_mixin.py:109} INFO - [2021-09-27 03:37:33,320] {dag.py:2306} INFO - Setting next_dagrun for example_nested_branch_dag to 2021-09-25 00:00:00+00:00
[2021-09-27 03:37:33,329] {processor.py:170} INFO - Processing /home/airflow/.local/lib/python3.8/site-packages/airflow/example_dags/example_nested_branch_dag.py took 0.049 seconds
[2021-09-27 03:38:03,580] {processor.py:162} INFO - Started process (PID=1387) to work on /home/airflow/.local/lib/python3.8/site-packages/airflow/example_dags/example_nested_branch_dag.py
[2021-09-27 03:38:03,581] {processor.py:613} INFO - Processing file /home/airflow/.local/lib/python3.8/site-packages/airflow/example_dags/example_nested_branch_dag.py for tasks to queue
[2021-09-27 03:38:03,582] {logging_mixin.py:109} INFO - [2021-09-27 03:38:03,581] {dagbag.py:496} INFO - Filling up the DagBag from /home/airflow/.local/lib/python3.8/site-packages/airflow/example_dags/example_nested_branch_dag.py
[2021-09-27 03:38:03,591] {processor.py:623} INFO - DAG(s) dict_keys(['example_nested_branch_dag']) retrieved from /home/airflow/.local/lib/python3.8/site-packages/airflow/example_dags/example_nested_branch_dag.py
[2021-09-27 03:38:03,608] {logging_mixin.py:109} INFO - [2021-09-27 03:38:03,608] {dag.py:1833} INFO - Sync 1 DAGs
[2021-09-27 03:38:03,622] {logging_mixin.py:109} INFO - [2021-09-27 03:38:03,622] {dag.py:2306} INFO - Setting next_dagrun for example_nested_branch_dag to 2021-09-25 00:00:00+00:00
[2021-09-27 03:38:03,633] {processor.py:170} INFO - Processing /home/airflow/.local/lib/python3.8/site-packages/airflow/example_dags/example_nested_branch_dag.py took 0.056 seconds
[2021-09-27 03:38:34,215] {processor.py:162} INFO - Started process (PID=1441) to work on /home/airflow/.local/lib/python3.8/site-packages/airflow/example_dags/example_nested_branch_dag.py
[2021-09-27 03:38:34,216] {processor.py:613} INFO - Processing file /home/airflow/.local/lib/python3.8/site-packages/airflow/example_dags/example_nested_branch_dag.py for tasks to queue
[2021-09-27 03:38:34,217] {logging_mixin.py:109} INFO - [2021-09-27 03:38:34,216] {dagbag.py:496} INFO - Filling up the DagBag from /home/airflow/.local/lib/python3.8/site-packages/airflow/example_dags/example_nested_branch_dag.py
[2021-09-27 03:38:34,228] {processor.py:623} INFO - DAG(s) dict_keys(['example_nested_branch_dag']) retrieved from /home/airflow/.local/lib/python3.8/site-packages/airflow/example_dags/example_nested_branch_dag.py
[2021-09-27 03:38:34,243] {logging_mixin.py:109} INFO - [2021-09-27 03:38:34,243] {dag.py:1833} INFO - Sync 1 DAGs
[2021-09-27 03:38:34,258] {logging_mixin.py:109} INFO - [2021-09-27 03:38:34,258] {dag.py:2306} INFO - Setting next_dagrun for example_nested_branch_dag to 2021-09-25 00:00:00+00:00
[2021-09-27 03:38:34,267] {processor.py:170} INFO - Processing /home/airflow/.local/lib/python3.8/site-packages/airflow/example_dags/example_nested_branch_dag.py took 0.055 seconds
[2021-09-27 03:39:04,547] {processor.py:162} INFO - Started process (PID=1487) to work on /home/airflow/.local/lib/python3.8/site-packages/airflow/example_dags/example_nested_branch_dag.py
[2021-09-27 03:39:04,548] {processor.py:613} INFO - Processing file /home/airflow/.local/lib/python3.8/site-packages/airflow/example_dags/example_nested_branch_dag.py for tasks to queue
[2021-09-27 03:39:04,548] {logging_mixin.py:109} INFO - [2021-09-27 03:39:04,548] {dagbag.py:496} INFO - Filling up the DagBag from /home/airflow/.local/lib/python3.8/site-packages/airflow/example_dags/example_nested_branch_dag.py
[2021-09-27 03:39:04,557] {processor.py:623} INFO - DAG(s) dict_keys(['example_nested_branch_dag']) retrieved from /home/airflow/.local/lib/python3.8/site-packages/airflow/example_dags/example_nested_branch_dag.py
[2021-09-27 03:39:04,572] {logging_mixin.py:109} INFO - [2021-09-27 03:39:04,572] {dag.py:1833} INFO - Sync 1 DAGs
[2021-09-27 03:39:04,586] {logging_mixin.py:109} INFO - [2021-09-27 03:39:04,586] {dag.py:2306} INFO - Setting next_dagrun for example_nested_branch_dag to 2021-09-25 00:00:00+00:00
[2021-09-27 03:39:04,594] {processor.py:170} INFO - Processing /home/airflow/.local/lib/python3.8/site-packages/airflow/example_dags/example_nested_branch_dag.py took 0.049 seconds
[2021-09-27 03:39:34,778] {processor.py:162} INFO - Started process (PID=1541) to work on /home/airflow/.local/lib/python3.8/site-packages/airflow/example_dags/example_nested_branch_dag.py
[2021-09-27 03:39:34,779] {processor.py:613} INFO - Processing file /home/airflow/.local/lib/python3.8/site-packages/airflow/example_dags/example_nested_branch_dag.py for tasks to queue
[2021-09-27 03:39:34,779] {logging_mixin.py:109} INFO - [2021-09-27 03:39:34,779] {dagbag.py:496} INFO - Filling up the DagBag from /home/airflow/.local/lib/python3.8/site-packages/airflow/example_dags/example_nested_branch_dag.py
[2021-09-27 03:39:34,788] {processor.py:623} INFO - DAG(s) dict_keys(['example_nested_branch_dag']) retrieved from /home/airflow/.local/lib/python3.8/site-packages/airflow/example_dags/example_nested_branch_dag.py
[2021-09-27 03:39:34,804] {logging_mixin.py:109} INFO - [2021-09-27 03:39:34,804] {dag.py:1833} INFO - Sync 1 DAGs
[2021-09-27 03:39:34,816] {logging_mixin.py:109} INFO - [2021-09-27 03:39:34,816] {dag.py:2306} INFO - Setting next_dagrun for example_nested_branch_dag to 2021-09-25 00:00:00+00:00
[2021-09-27 03:39:34,824] {processor.py:170} INFO - Processing /home/airflow/.local/lib/python3.8/site-packages/airflow/example_dags/example_nested_branch_dag.py took 0.049 seconds
[2021-09-27 03:40:04,850] {processor.py:162} INFO - Started process (PID=1594) to work on /home/airflow/.local/lib/python3.8/site-packages/airflow/example_dags/example_nested_branch_dag.py
[2021-09-27 03:40:04,851] {processor.py:613} INFO - Processing file /home/airflow/.local/lib/python3.8/site-packages/airflow/example_dags/example_nested_branch_dag.py for tasks to queue
[2021-09-27 03:40:04,851] {logging_mixin.py:109} INFO - [2021-09-27 03:40:04,851] {dagbag.py:496} INFO - Filling up the DagBag from /home/airflow/.local/lib/python3.8/site-packages/airflow/example_dags/example_nested_branch_dag.py
[2021-09-27 03:40:04,859] {processor.py:623} INFO - DAG(s) dict_keys(['example_nested_branch_dag']) retrieved from /home/airflow/.local/lib/python3.8/site-packages/airflow/example_dags/example_nested_branch_dag.py
[2021-09-27 03:40:04,873] {logging_mixin.py:109} INFO - [2021-09-27 03:40:04,873] {dag.py:1833} INFO - Sync 1 DAGs
[2021-09-27 03:40:04,884] {logging_mixin.py:109} INFO - [2021-09-27 03:40:04,884] {dag.py:2306} INFO - Setting next_dagrun for example_nested_branch_dag to 2021-09-25 00:00:00+00:00
[2021-09-27 03:40:04,892] {processor.py:170} INFO - Processing /home/airflow/.local/lib/python3.8/site-packages/airflow/example_dags/example_nested_branch_dag.py took 0.045 seconds
[2021-09-27 03:40:35,287] {processor.py:162} INFO - Started process (PID=1648) to work on /home/airflow/.local/lib/python3.8/site-packages/airflow/example_dags/example_nested_branch_dag.py
[2021-09-27 03:40:35,288] {processor.py:613} INFO - Processing file /home/airflow/.local/lib/python3.8/site-packages/airflow/example_dags/example_nested_branch_dag.py for tasks to queue
[2021-09-27 03:40:35,289] {logging_mixin.py:109} INFO - [2021-09-27 03:40:35,289] {dagbag.py:496} INFO - Filling up the DagBag from /home/airflow/.local/lib/python3.8/site-packages/airflow/example_dags/example_nested_branch_dag.py
[2021-09-27 03:40:35,298] {processor.py:623} INFO - DAG(s) dict_keys(['example_nested_branch_dag']) retrieved from /home/airflow/.local/lib/python3.8/site-packages/airflow/example_dags/example_nested_branch_dag.py
[2021-09-27 03:40:35,313] {logging_mixin.py:109} INFO - [2021-09-27 03:40:35,313] {dag.py:1833} INFO - Sync 1 DAGs
[2021-09-27 03:40:35,325] {logging_mixin.py:109} INFO - [2021-09-27 03:40:35,325] {dag.py:2306} INFO - Setting next_dagrun for example_nested_branch_dag to 2021-09-25 00:00:00+00:00
[2021-09-27 03:40:35,334] {processor.py:170} INFO - Processing /home/airflow/.local/lib/python3.8/site-packages/airflow/example_dags/example_nested_branch_dag.py took 0.049 seconds
[2021-09-27 03:41:05,479] {processor.py:162} INFO - Started process (PID=1694) to work on /home/airflow/.local/lib/python3.8/site-packages/airflow/example_dags/example_nested_branch_dag.py
[2021-09-27 03:41:05,480] {processor.py:613} INFO - Processing file /home/airflow/.local/lib/python3.8/site-packages/airflow/example_dags/example_nested_branch_dag.py for tasks to queue
[2021-09-27 03:41:05,482] {logging_mixin.py:109} INFO - [2021-09-27 03:41:05,481] {dagbag.py:496} INFO - Filling up the DagBag from /home/airflow/.local/lib/python3.8/site-packages/airflow/example_dags/example_nested_branch_dag.py
[2021-09-27 03:41:05,498] {processor.py:623} INFO - DAG(s) dict_keys(['example_nested_branch_dag']) retrieved from /home/airflow/.local/lib/python3.8/site-packages/airflow/example_dags/example_nested_branch_dag.py
[2021-09-27 03:41:05,519] {logging_mixin.py:109} INFO - [2021-09-27 03:41:05,518] {dag.py:1833} INFO - Sync 1 DAGs
[2021-09-27 03:41:05,534] {logging_mixin.py:109} INFO - [2021-09-27 03:41:05,534] {dag.py:2306} INFO - Setting next_dagrun for example_nested_branch_dag to 2021-09-25 00:00:00+00:00
[2021-09-27 03:41:05,545] {processor.py:170} INFO - Processing /home/airflow/.local/lib/python3.8/site-packages/airflow/example_dags/example_nested_branch_dag.py took 0.071 seconds
[2021-09-27 03:41:35,665] {processor.py:162} INFO - Started process (PID=1747) to work on /home/airflow/.local/lib/python3.8/site-packages/airflow/example_dags/example_nested_branch_dag.py
[2021-09-27 03:41:35,665] {processor.py:613} INFO - Processing file /home/airflow/.local/lib/python3.8/site-packages/airflow/example_dags/example_nested_branch_dag.py for tasks to queue
[2021-09-27 03:41:35,666] {logging_mixin.py:109} INFO - [2021-09-27 03:41:35,666] {dagbag.py:496} INFO - Filling up the DagBag from /home/airflow/.local/lib/python3.8/site-packages/airflow/example_dags/example_nested_branch_dag.py
[2021-09-27 03:41:35,674] {processor.py:623} INFO - DAG(s) dict_keys(['example_nested_branch_dag']) retrieved from /home/airflow/.local/lib/python3.8/site-packages/airflow/example_dags/example_nested_branch_dag.py
[2021-09-27 03:41:35,689] {logging_mixin.py:109} INFO - [2021-09-27 03:41:35,689] {dag.py:1833} INFO - Sync 1 DAGs
[2021-09-27 03:41:35,699] {logging_mixin.py:109} INFO - [2021-09-27 03:41:35,699] {dag.py:2306} INFO - Setting next_dagrun for example_nested_branch_dag to 2021-09-25 00:00:00+00:00
[2021-09-27 03:41:35,708] {processor.py:170} INFO - Processing /home/airflow/.local/lib/python3.8/site-packages/airflow/example_dags/example_nested_branch_dag.py took 0.045 seconds
[2021-09-27 03:42:06,132] {processor.py:162} INFO - Started process (PID=1802) to work on /home/airflow/.local/lib/python3.8/site-packages/airflow/example_dags/example_nested_branch_dag.py
[2021-09-27 03:42:06,133] {processor.py:613} INFO - Processing file /home/airflow/.local/lib/python3.8/site-packages/airflow/example_dags/example_nested_branch_dag.py for tasks to queue
[2021-09-27 03:42:06,134] {logging_mixin.py:109} INFO - [2021-09-27 03:42:06,134] {dagbag.py:496} INFO - Filling up the DagBag from /home/airflow/.local/lib/python3.8/site-packages/airflow/example_dags/example_nested_branch_dag.py
[2021-09-27 03:42:06,143] {processor.py:623} INFO - DAG(s) dict_keys(['example_nested_branch_dag']) retrieved from /home/airflow/.local/lib/python3.8/site-packages/airflow/example_dags/example_nested_branch_dag.py
[2021-09-27 03:42:06,158] {logging_mixin.py:109} INFO - [2021-09-27 03:42:06,158] {dag.py:1833} INFO - Sync 1 DAGs
[2021-09-27 03:42:06,169] {logging_mixin.py:109} INFO - [2021-09-27 03:42:06,169] {dag.py:2306} INFO - Setting next_dagrun for example_nested_branch_dag to 2021-09-25 00:00:00+00:00
[2021-09-27 03:42:06,177] {processor.py:170} INFO - Processing /home/airflow/.local/lib/python3.8/site-packages/airflow/example_dags/example_nested_branch_dag.py took 0.047 seconds
[2021-09-27 03:42:36,430] {processor.py:162} INFO - Started process (PID=1856) to work on /home/airflow/.local/lib/python3.8/site-packages/airflow/example_dags/example_nested_branch_dag.py
[2021-09-27 03:42:36,431] {processor.py:613} INFO - Processing file /home/airflow/.local/lib/python3.8/site-packages/airflow/example_dags/example_nested_branch_dag.py for tasks to queue
[2021-09-27 03:42:36,431] {logging_mixin.py:109} INFO - [2021-09-27 03:42:36,431] {dagbag.py:496} INFO - Filling up the DagBag from /home/airflow/.local/lib/python3.8/site-packages/airflow/example_dags/example_nested_branch_dag.py
[2021-09-27 03:42:36,444] {processor.py:623} INFO - DAG(s) dict_keys(['example_nested_branch_dag']) retrieved from /home/airflow/.local/lib/python3.8/site-packages/airflow/example_dags/example_nested_branch_dag.py
[2021-09-27 03:42:36,458] {logging_mixin.py:109} INFO - [2021-09-27 03:42:36,458] {dag.py:1833} INFO - Sync 1 DAGs
[2021-09-27 03:42:36,473] {logging_mixin.py:109} INFO - [2021-09-27 03:42:36,473] {dag.py:2306} INFO - Setting next_dagrun for example_nested_branch_dag to 2021-09-25 00:00:00+00:00
[2021-09-27 03:42:36,486] {processor.py:170} INFO - Processing /home/airflow/.local/lib/python3.8/site-packages/airflow/example_dags/example_nested_branch_dag.py took 0.059 seconds
[2021-09-27 03:43:06,589] {processor.py:162} INFO - Started process (PID=1902) to work on /home/airflow/.local/lib/python3.8/site-packages/airflow/example_dags/example_nested_branch_dag.py
[2021-09-27 03:43:06,590] {processor.py:613} INFO - Processing file /home/airflow/.local/lib/python3.8/site-packages/airflow/example_dags/example_nested_branch_dag.py for tasks to queue
[2021-09-27 03:43:06,591] {logging_mixin.py:109} INFO - [2021-09-27 03:43:06,590] {dagbag.py:496} INFO - Filling up the DagBag from /home/airflow/.local/lib/python3.8/site-packages/airflow/example_dags/example_nested_branch_dag.py
[2021-09-27 03:43:06,600] {processor.py:623} INFO - DAG(s) dict_keys(['example_nested_branch_dag']) retrieved from /home/airflow/.local/lib/python3.8/site-packages/airflow/example_dags/example_nested_branch_dag.py
[2021-09-27 03:43:06,614] {logging_mixin.py:109} INFO - [2021-09-27 03:43:06,614] {dag.py:1833} INFO - Sync 1 DAGs
[2021-09-27 03:43:06,624] {logging_mixin.py:109} INFO - [2021-09-27 03:43:06,624] {dag.py:2306} INFO - Setting next_dagrun for example_nested_branch_dag to 2021-09-25 00:00:00+00:00
[2021-09-27 03:43:06,632] {processor.py:170} INFO - Processing /home/airflow/.local/lib/python3.8/site-packages/airflow/example_dags/example_nested_branch_dag.py took 0.044 seconds
[2021-09-27 03:43:36,782] {processor.py:162} INFO - Started process (PID=1954) to work on /home/airflow/.local/lib/python3.8/site-packages/airflow/example_dags/example_nested_branch_dag.py
[2021-09-27 03:43:36,783] {processor.py:613} INFO - Processing file /home/airflow/.local/lib/python3.8/site-packages/airflow/example_dags/example_nested_branch_dag.py for tasks to queue
[2021-09-27 03:43:36,783] {logging_mixin.py:109} INFO - [2021-09-27 03:43:36,783] {dagbag.py:496} INFO - Filling up the DagBag from /home/airflow/.local/lib/python3.8/site-packages/airflow/example_dags/example_nested_branch_dag.py
[2021-09-27 03:43:36,791] {processor.py:623} INFO - DAG(s) dict_keys(['example_nested_branch_dag']) retrieved from /home/airflow/.local/lib/python3.8/site-packages/airflow/example_dags/example_nested_branch_dag.py
[2021-09-27 03:43:36,806] {logging_mixin.py:109} INFO - [2021-09-27 03:43:36,806] {dag.py:1833} INFO - Sync 1 DAGs
[2021-09-27 03:43:36,816] {logging_mixin.py:109} INFO - [2021-09-27 03:43:36,816] {dag.py:2306} INFO - Setting next_dagrun for example_nested_branch_dag to 2021-09-25 00:00:00+00:00
[2021-09-27 03:43:36,825] {processor.py:170} INFO - Processing /home/airflow/.local/lib/python3.8/site-packages/airflow/example_dags/example_nested_branch_dag.py took 0.045 seconds
[2021-09-27 03:44:07,132] {processor.py:162} INFO - Started process (PID=2007) to work on /home/airflow/.local/lib/python3.8/site-packages/airflow/example_dags/example_nested_branch_dag.py
[2021-09-27 03:44:07,132] {processor.py:613} INFO - Processing file /home/airflow/.local/lib/python3.8/site-packages/airflow/example_dags/example_nested_branch_dag.py for tasks to queue
[2021-09-27 03:44:07,133] {logging_mixin.py:109} INFO - [2021-09-27 03:44:07,133] {dagbag.py:496} INFO - Filling up the DagBag from /home/airflow/.local/lib/python3.8/site-packages/airflow/example_dags/example_nested_branch_dag.py
[2021-09-27 03:44:07,142] {processor.py:623} INFO - DAG(s) dict_keys(['example_nested_branch_dag']) retrieved from /home/airflow/.local/lib/python3.8/site-packages/airflow/example_dags/example_nested_branch_dag.py
[2021-09-27 03:44:07,158] {logging_mixin.py:109} INFO - [2021-09-27 03:44:07,158] {dag.py:1833} INFO - Sync 1 DAGs
[2021-09-27 03:44:07,170] {logging_mixin.py:109} INFO - [2021-09-27 03:44:07,170] {dag.py:2306} INFO - Setting next_dagrun for example_nested_branch_dag to 2021-09-25 00:00:00+00:00
[2021-09-27 03:44:07,179] {processor.py:170} INFO - Processing /home/airflow/.local/lib/python3.8/site-packages/airflow/example_dags/example_nested_branch_dag.py took 0.049 seconds
[2021-09-27 03:44:37,490] {processor.py:162} INFO - Started process (PID=2053) to work on /home/airflow/.local/lib/python3.8/site-packages/airflow/example_dags/example_nested_branch_dag.py
[2021-09-27 03:44:37,490] {processor.py:613} INFO - Processing file /home/airflow/.local/lib/python3.8/site-packages/airflow/example_dags/example_nested_branch_dag.py for tasks to queue
[2021-09-27 03:44:37,491] {logging_mixin.py:109} INFO - [2021-09-27 03:44:37,491] {dagbag.py:496} INFO - Filling up the DagBag from /home/airflow/.local/lib/python3.8/site-packages/airflow/example_dags/example_nested_branch_dag.py
[2021-09-27 03:44:37,500] {processor.py:623} INFO - DAG(s) dict_keys(['example_nested_branch_dag']) retrieved from /home/airflow/.local/lib/python3.8/site-packages/airflow/example_dags/example_nested_branch_dag.py
[2021-09-27 03:44:37,515] {logging_mixin.py:109} INFO - [2021-09-27 03:44:37,515] {dag.py:1833} INFO - Sync 1 DAGs
[2021-09-27 03:44:37,526] {logging_mixin.py:109} INFO - [2021-09-27 03:44:37,526] {dag.py:2306} INFO - Setting next_dagrun for example_nested_branch_dag to 2021-09-25 00:00:00+00:00
[2021-09-27 03:44:37,535] {processor.py:170} INFO - Processing /home/airflow/.local/lib/python3.8/site-packages/airflow/example_dags/example_nested_branch_dag.py took 0.048 seconds
[2021-09-27 03:45:07,819] {processor.py:162} INFO - Started process (PID=2106) to work on /home/airflow/.local/lib/python3.8/site-packages/airflow/example_dags/example_nested_branch_dag.py
[2021-09-27 03:45:07,819] {processor.py:613} INFO - Processing file /home/airflow/.local/lib/python3.8/site-packages/airflow/example_dags/example_nested_branch_dag.py for tasks to queue
[2021-09-27 03:45:07,820] {logging_mixin.py:109} INFO - [2021-09-27 03:45:07,820] {dagbag.py:496} INFO - Filling up the DagBag from /home/airflow/.local/lib/python3.8/site-packages/airflow/example_dags/example_nested_branch_dag.py
[2021-09-27 03:45:07,828] {processor.py:623} INFO - DAG(s) dict_keys(['example_nested_branch_dag']) retrieved from /home/airflow/.local/lib/python3.8/site-packages/airflow/example_dags/example_nested_branch_dag.py
[2021-09-27 03:45:07,843] {logging_mixin.py:109} INFO - [2021-09-27 03:45:07,842] {dag.py:1833} INFO - Sync 1 DAGs
[2021-09-27 03:45:07,853] {logging_mixin.py:109} INFO - [2021-09-27 03:45:07,853] {dag.py:2306} INFO - Setting next_dagrun for example_nested_branch_dag to 2021-09-25 00:00:00+00:00
[2021-09-27 03:45:07,861] {processor.py:170} INFO - Processing /home/airflow/.local/lib/python3.8/site-packages/airflow/example_dags/example_nested_branch_dag.py took 0.044 seconds
[2021-09-27 03:45:38,313] {processor.py:162} INFO - Started process (PID=2160) to work on /home/airflow/.local/lib/python3.8/site-packages/airflow/example_dags/example_nested_branch_dag.py
[2021-09-27 03:45:38,315] {processor.py:613} INFO - Processing file /home/airflow/.local/lib/python3.8/site-packages/airflow/example_dags/example_nested_branch_dag.py for tasks to queue
[2021-09-27 03:45:38,316] {logging_mixin.py:109} INFO - [2021-09-27 03:45:38,316] {dagbag.py:496} INFO - Filling up the DagBag from /home/airflow/.local/lib/python3.8/site-packages/airflow/example_dags/example_nested_branch_dag.py
[2021-09-27 03:45:38,324] {processor.py:623} INFO - DAG(s) dict_keys(['example_nested_branch_dag']) retrieved from /home/airflow/.local/lib/python3.8/site-packages/airflow/example_dags/example_nested_branch_dag.py
[2021-09-27 03:45:38,338] {logging_mixin.py:109} INFO - [2021-09-27 03:45:38,338] {dag.py:1833} INFO - Sync 1 DAGs
[2021-09-27 03:45:38,350] {logging_mixin.py:109} INFO - [2021-09-27 03:45:38,349] {dag.py:2306} INFO - Setting next_dagrun for example_nested_branch_dag to 2021-09-25 00:00:00+00:00
[2021-09-27 03:45:38,357] {processor.py:170} INFO - Processing /home/airflow/.local/lib/python3.8/site-packages/airflow/example_dags/example_nested_branch_dag.py took 0.045 seconds
[2021-09-27 03:46:08,430] {processor.py:162} INFO - Started process (PID=2213) to work on /home/airflow/.local/lib/python3.8/site-packages/airflow/example_dags/example_nested_branch_dag.py
[2021-09-27 03:46:08,431] {processor.py:613} INFO - Processing file /home/airflow/.local/lib/python3.8/site-packages/airflow/example_dags/example_nested_branch_dag.py for tasks to queue
[2021-09-27 03:46:08,432] {logging_mixin.py:109} INFO - [2021-09-27 03:46:08,432] {dagbag.py:496} INFO - Filling up the DagBag from /home/airflow/.local/lib/python3.8/site-packages/airflow/example_dags/example_nested_branch_dag.py
[2021-09-27 03:46:08,441] {processor.py:623} INFO - DAG(s) dict_keys(['example_nested_branch_dag']) retrieved from /home/airflow/.local/lib/python3.8/site-packages/airflow/example_dags/example_nested_branch_dag.py
[2021-09-27 03:46:08,454] {logging_mixin.py:109} INFO - [2021-09-27 03:46:08,454] {dag.py:1833} INFO - Sync 1 DAGs
[2021-09-27 03:46:08,465] {logging_mixin.py:109} INFO - [2021-09-27 03:46:08,465] {dag.py:2306} INFO - Setting next_dagrun for example_nested_branch_dag to 2021-09-25 00:00:00+00:00
[2021-09-27 03:46:08,474] {processor.py:170} INFO - Processing /home/airflow/.local/lib/python3.8/site-packages/airflow/example_dags/example_nested_branch_dag.py took 0.046 seconds
[2021-09-27 03:46:38,638] {processor.py:162} INFO - Started process (PID=2266) to work on /home/airflow/.local/lib/python3.8/site-packages/airflow/example_dags/example_nested_branch_dag.py
[2021-09-27 03:46:38,638] {processor.py:613} INFO - Processing file /home/airflow/.local/lib/python3.8/site-packages/airflow/example_dags/example_nested_branch_dag.py for tasks to queue
[2021-09-27 03:46:38,639] {logging_mixin.py:109} INFO - [2021-09-27 03:46:38,639] {dagbag.py:496} INFO - Filling up the DagBag from /home/airflow/.local/lib/python3.8/site-packages/airflow/example_dags/example_nested_branch_dag.py
[2021-09-27 03:46:38,647] {processor.py:623} INFO - DAG(s) dict_keys(['example_nested_branch_dag']) retrieved from /home/airflow/.local/lib/python3.8/site-packages/airflow/example_dags/example_nested_branch_dag.py
[2021-09-27 03:46:38,664] {logging_mixin.py:109} INFO - [2021-09-27 03:46:38,664] {dag.py:1833} INFO - Sync 1 DAGs
[2021-09-27 03:46:38,676] {logging_mixin.py:109} INFO - [2021-09-27 03:46:38,676] {dag.py:2306} INFO - Setting next_dagrun for example_nested_branch_dag to 2021-09-25 00:00:00+00:00
[2021-09-27 03:46:38,684] {processor.py:170} INFO - Processing /home/airflow/.local/lib/python3.8/site-packages/airflow/example_dags/example_nested_branch_dag.py took 0.049 seconds
[2021-09-27 03:47:09,146] {processor.py:162} INFO - Started process (PID=2312) to work on /home/airflow/.local/lib/python3.8/site-packages/airflow/example_dags/example_nested_branch_dag.py
[2021-09-27 03:47:09,147] {processor.py:613} INFO - Processing file /home/airflow/.local/lib/python3.8/site-packages/airflow/example_dags/example_nested_branch_dag.py for tasks to queue
[2021-09-27 03:47:09,147] {logging_mixin.py:109} INFO - [2021-09-27 03:47:09,147] {dagbag.py:496} INFO - Filling up the DagBag from /home/airflow/.local/lib/python3.8/site-packages/airflow/example_dags/example_nested_branch_dag.py
[2021-09-27 03:47:09,155] {processor.py:623} INFO - DAG(s) dict_keys(['example_nested_branch_dag']) retrieved from /home/airflow/.local/lib/python3.8/site-packages/airflow/example_dags/example_nested_branch_dag.py
[2021-09-27 03:47:09,170] {logging_mixin.py:109} INFO - [2021-09-27 03:47:09,170] {dag.py:1833} INFO - Sync 1 DAGs
[2021-09-27 03:47:09,180] {logging_mixin.py:109} INFO - [2021-09-27 03:47:09,180] {dag.py:2306} INFO - Setting next_dagrun for example_nested_branch_dag to 2021-09-25 00:00:00+00:00
[2021-09-27 03:47:09,188] {processor.py:170} INFO - Processing /home/airflow/.local/lib/python3.8/site-packages/airflow/example_dags/example_nested_branch_dag.py took 0.044 seconds
[2021-09-27 03:47:39,358] {processor.py:162} INFO - Started process (PID=2365) to work on /home/airflow/.local/lib/python3.8/site-packages/airflow/example_dags/example_nested_branch_dag.py
[2021-09-27 03:47:39,358] {processor.py:613} INFO - Processing file /home/airflow/.local/lib/python3.8/site-packages/airflow/example_dags/example_nested_branch_dag.py for tasks to queue
[2021-09-27 03:47:39,359] {logging_mixin.py:109} INFO - [2021-09-27 03:47:39,359] {dagbag.py:496} INFO - Filling up the DagBag from /home/airflow/.local/lib/python3.8/site-packages/airflow/example_dags/example_nested_branch_dag.py
[2021-09-27 03:47:39,367] {processor.py:623} INFO - DAG(s) dict_keys(['example_nested_branch_dag']) retrieved from /home/airflow/.local/lib/python3.8/site-packages/airflow/example_dags/example_nested_branch_dag.py
[2021-09-27 03:47:39,382] {logging_mixin.py:109} INFO - [2021-09-27 03:47:39,382] {dag.py:1833} INFO - Sync 1 DAGs
[2021-09-27 03:47:39,393] {logging_mixin.py:109} INFO - [2021-09-27 03:47:39,393] {dag.py:2306} INFO - Setting next_dagrun for example_nested_branch_dag to 2021-09-25 00:00:00+00:00
[2021-09-27 03:47:39,400] {processor.py:170} INFO - Processing /home/airflow/.local/lib/python3.8/site-packages/airflow/example_dags/example_nested_branch_dag.py took 0.045 seconds
[2021-09-27 03:49:18,345] {processor.py:162} INFO - Started process (PID=41) to work on /home/airflow/.local/lib/python3.8/site-packages/airflow/example_dags/example_nested_branch_dag.py
[2021-09-27 03:49:18,346] {processor.py:613} INFO - Processing file /home/airflow/.local/lib/python3.8/site-packages/airflow/example_dags/example_nested_branch_dag.py for tasks to queue
[2021-09-27 03:49:18,346] {logging_mixin.py:109} INFO - [2021-09-27 03:49:18,346] {dagbag.py:496} INFO - Filling up the DagBag from /home/airflow/.local/lib/python3.8/site-packages/airflow/example_dags/example_nested_branch_dag.py
[2021-09-27 03:49:18,356] {processor.py:623} INFO - DAG(s) dict_keys(['example_nested_branch_dag']) retrieved from /home/airflow/.local/lib/python3.8/site-packages/airflow/example_dags/example_nested_branch_dag.py
[2021-09-27 03:49:18,370] {logging_mixin.py:109} INFO - [2021-09-27 03:49:18,370] {dag.py:1833} INFO - Sync 1 DAGs
[2021-09-27 03:49:18,384] {logging_mixin.py:109} INFO - [2021-09-27 03:49:18,384] {dag.py:2306} INFO - Setting next_dagrun for example_nested_branch_dag to 2021-09-25 00:00:00+00:00
[2021-09-27 03:49:18,394] {processor.py:170} INFO - Processing /home/airflow/.local/lib/python3.8/site-packages/airflow/example_dags/example_nested_branch_dag.py took 0.051 seconds
[2021-09-27 03:49:48,944] {processor.py:162} INFO - Started process (PID=94) to work on /home/airflow/.local/lib/python3.8/site-packages/airflow/example_dags/example_nested_branch_dag.py
[2021-09-27 03:49:48,945] {processor.py:613} INFO - Processing file /home/airflow/.local/lib/python3.8/site-packages/airflow/example_dags/example_nested_branch_dag.py for tasks to queue
[2021-09-27 03:49:48,945] {logging_mixin.py:109} INFO - [2021-09-27 03:49:48,945] {dagbag.py:496} INFO - Filling up the DagBag from /home/airflow/.local/lib/python3.8/site-packages/airflow/example_dags/example_nested_branch_dag.py
[2021-09-27 03:49:48,954] {processor.py:623} INFO - DAG(s) dict_keys(['example_nested_branch_dag']) retrieved from /home/airflow/.local/lib/python3.8/site-packages/airflow/example_dags/example_nested_branch_dag.py
[2021-09-27 03:49:48,968] {logging_mixin.py:109} INFO - [2021-09-27 03:49:48,968] {dag.py:1833} INFO - Sync 1 DAGs
[2021-09-27 03:49:48,979] {logging_mixin.py:109} INFO - [2021-09-27 03:49:48,979] {dag.py:2306} INFO - Setting next_dagrun for example_nested_branch_dag to 2021-09-25 00:00:00+00:00
[2021-09-27 03:49:48,988] {processor.py:170} INFO - Processing /home/airflow/.local/lib/python3.8/site-packages/airflow/example_dags/example_nested_branch_dag.py took 0.046 seconds
[2021-09-27 03:50:19,197] {processor.py:162} INFO - Started process (PID=147) to work on /home/airflow/.local/lib/python3.8/site-packages/airflow/example_dags/example_nested_branch_dag.py
[2021-09-27 03:50:19,198] {processor.py:613} INFO - Processing file /home/airflow/.local/lib/python3.8/site-packages/airflow/example_dags/example_nested_branch_dag.py for tasks to queue
[2021-09-27 03:50:19,198] {logging_mixin.py:109} INFO - [2021-09-27 03:50:19,198] {dagbag.py:496} INFO - Filling up the DagBag from /home/airflow/.local/lib/python3.8/site-packages/airflow/example_dags/example_nested_branch_dag.py
[2021-09-27 03:50:19,207] {processor.py:623} INFO - DAG(s) dict_keys(['example_nested_branch_dag']) retrieved from /home/airflow/.local/lib/python3.8/site-packages/airflow/example_dags/example_nested_branch_dag.py
[2021-09-27 03:50:19,221] {logging_mixin.py:109} INFO - [2021-09-27 03:50:19,221] {dag.py:1833} INFO - Sync 1 DAGs
[2021-09-27 03:50:19,232] {logging_mixin.py:109} INFO - [2021-09-27 03:50:19,232] {dag.py:2306} INFO - Setting next_dagrun for example_nested_branch_dag to 2021-09-25 00:00:00+00:00
[2021-09-27 03:50:19,240] {processor.py:170} INFO - Processing /home/airflow/.local/lib/python3.8/site-packages/airflow/example_dags/example_nested_branch_dag.py took 0.045 seconds
[2021-09-27 03:50:49,556] {processor.py:162} INFO - Started process (PID=199) to work on /home/airflow/.local/lib/python3.8/site-packages/airflow/example_dags/example_nested_branch_dag.py
[2021-09-27 03:50:49,557] {processor.py:613} INFO - Processing file /home/airflow/.local/lib/python3.8/site-packages/airflow/example_dags/example_nested_branch_dag.py for tasks to queue
[2021-09-27 03:50:49,557] {logging_mixin.py:109} INFO - [2021-09-27 03:50:49,557] {dagbag.py:496} INFO - Filling up the DagBag from /home/airflow/.local/lib/python3.8/site-packages/airflow/example_dags/example_nested_branch_dag.py
[2021-09-27 03:50:49,569] {processor.py:623} INFO - DAG(s) dict_keys(['example_nested_branch_dag']) retrieved from /home/airflow/.local/lib/python3.8/site-packages/airflow/example_dags/example_nested_branch_dag.py
[2021-09-27 03:50:49,586] {logging_mixin.py:109} INFO - [2021-09-27 03:50:49,586] {dag.py:1833} INFO - Sync 1 DAGs
[2021-09-27 03:50:49,600] {logging_mixin.py:109} INFO - [2021-09-27 03:50:49,599] {dag.py:2306} INFO - Setting next_dagrun for example_nested_branch_dag to 2021-09-25 00:00:00+00:00
[2021-09-27 03:50:49,609] {processor.py:170} INFO - Processing /home/airflow/.local/lib/python3.8/site-packages/airflow/example_dags/example_nested_branch_dag.py took 0.056 seconds
[2021-09-27 03:51:19,987] {processor.py:162} INFO - Started process (PID=246) to work on /home/airflow/.local/lib/python3.8/site-packages/airflow/example_dags/example_nested_branch_dag.py
[2021-09-27 03:51:19,988] {processor.py:613} INFO - Processing file /home/airflow/.local/lib/python3.8/site-packages/airflow/example_dags/example_nested_branch_dag.py for tasks to queue
[2021-09-27 03:51:19,988] {logging_mixin.py:109} INFO - [2021-09-27 03:51:19,988] {dagbag.py:496} INFO - Filling up the DagBag from /home/airflow/.local/lib/python3.8/site-packages/airflow/example_dags/example_nested_branch_dag.py
[2021-09-27 03:51:19,997] {processor.py:623} INFO - DAG(s) dict_keys(['example_nested_branch_dag']) retrieved from /home/airflow/.local/lib/python3.8/site-packages/airflow/example_dags/example_nested_branch_dag.py
[2021-09-27 03:51:20,012] {logging_mixin.py:109} INFO - [2021-09-27 03:51:20,012] {dag.py:1833} INFO - Sync 1 DAGs
[2021-09-27 03:51:20,023] {logging_mixin.py:109} INFO - [2021-09-27 03:51:20,022] {dag.py:2306} INFO - Setting next_dagrun for example_nested_branch_dag to 2021-09-25 00:00:00+00:00
[2021-09-27 03:51:20,030] {processor.py:170} INFO - Processing /home/airflow/.local/lib/python3.8/site-packages/airflow/example_dags/example_nested_branch_dag.py took 0.046 seconds
[2021-09-27 03:51:50,421] {processor.py:162} INFO - Started process (PID=299) to work on /home/airflow/.local/lib/python3.8/site-packages/airflow/example_dags/example_nested_branch_dag.py
[2021-09-27 03:51:50,422] {processor.py:613} INFO - Processing file /home/airflow/.local/lib/python3.8/site-packages/airflow/example_dags/example_nested_branch_dag.py for tasks to queue
[2021-09-27 03:51:50,422] {logging_mixin.py:109} INFO - [2021-09-27 03:51:50,422] {dagbag.py:496} INFO - Filling up the DagBag from /home/airflow/.local/lib/python3.8/site-packages/airflow/example_dags/example_nested_branch_dag.py
[2021-09-27 03:51:50,431] {processor.py:623} INFO - DAG(s) dict_keys(['example_nested_branch_dag']) retrieved from /home/airflow/.local/lib/python3.8/site-packages/airflow/example_dags/example_nested_branch_dag.py
[2021-09-27 03:51:50,447] {logging_mixin.py:109} INFO - [2021-09-27 03:51:50,447] {dag.py:1833} INFO - Sync 1 DAGs
[2021-09-27 03:51:50,461] {logging_mixin.py:109} INFO - [2021-09-27 03:51:50,461] {dag.py:2306} INFO - Setting next_dagrun for example_nested_branch_dag to 2021-09-25 00:00:00+00:00
[2021-09-27 03:51:50,470] {processor.py:170} INFO - Processing /home/airflow/.local/lib/python3.8/site-packages/airflow/example_dags/example_nested_branch_dag.py took 0.051 seconds
[2021-09-27 03:52:20,721] {processor.py:162} INFO - Started process (PID=353) to work on /home/airflow/.local/lib/python3.8/site-packages/airflow/example_dags/example_nested_branch_dag.py
[2021-09-27 03:52:20,722] {processor.py:613} INFO - Processing file /home/airflow/.local/lib/python3.8/site-packages/airflow/example_dags/example_nested_branch_dag.py for tasks to queue
[2021-09-27 03:52:20,723] {logging_mixin.py:109} INFO - [2021-09-27 03:52:20,722] {dagbag.py:496} INFO - Filling up the DagBag from /home/airflow/.local/lib/python3.8/site-packages/airflow/example_dags/example_nested_branch_dag.py
[2021-09-27 03:52:20,731] {processor.py:623} INFO - DAG(s) dict_keys(['example_nested_branch_dag']) retrieved from /home/airflow/.local/lib/python3.8/site-packages/airflow/example_dags/example_nested_branch_dag.py
[2021-09-27 03:52:20,745] {logging_mixin.py:109} INFO - [2021-09-27 03:52:20,745] {dag.py:1833} INFO - Sync 1 DAGs
[2021-09-27 03:52:20,755] {logging_mixin.py:109} INFO - [2021-09-27 03:52:20,755] {dag.py:2306} INFO - Setting next_dagrun for example_nested_branch_dag to 2021-09-25 00:00:00+00:00
[2021-09-27 03:52:20,763] {processor.py:170} INFO - Processing /home/airflow/.local/lib/python3.8/site-packages/airflow/example_dags/example_nested_branch_dag.py took 0.044 seconds
[2021-09-27 03:52:50,989] {processor.py:162} INFO - Started process (PID=405) to work on /home/airflow/.local/lib/python3.8/site-packages/airflow/example_dags/example_nested_branch_dag.py
[2021-09-27 03:52:50,990] {processor.py:613} INFO - Processing file /home/airflow/.local/lib/python3.8/site-packages/airflow/example_dags/example_nested_branch_dag.py for tasks to queue
[2021-09-27 03:52:50,990] {logging_mixin.py:109} INFO - [2021-09-27 03:52:50,990] {dagbag.py:496} INFO - Filling up the DagBag from /home/airflow/.local/lib/python3.8/site-packages/airflow/example_dags/example_nested_branch_dag.py
[2021-09-27 03:52:50,999] {processor.py:623} INFO - DAG(s) dict_keys(['example_nested_branch_dag']) retrieved from /home/airflow/.local/lib/python3.8/site-packages/airflow/example_dags/example_nested_branch_dag.py
[2021-09-27 03:52:51,015] {logging_mixin.py:109} INFO - [2021-09-27 03:52:51,015] {dag.py:1833} INFO - Sync 1 DAGs
[2021-09-27 03:52:51,028] {logging_mixin.py:109} INFO - [2021-09-27 03:52:51,028] {dag.py:2306} INFO - Setting next_dagrun for example_nested_branch_dag to 2021-09-25 00:00:00+00:00
[2021-09-27 03:52:51,037] {processor.py:170} INFO - Processing /home/airflow/.local/lib/python3.8/site-packages/airflow/example_dags/example_nested_branch_dag.py took 0.050 seconds
[2021-09-27 03:53:21,323] {processor.py:162} INFO - Started process (PID=453) to work on /home/airflow/.local/lib/python3.8/site-packages/airflow/example_dags/example_nested_branch_dag.py
[2021-09-27 03:53:21,324] {processor.py:613} INFO - Processing file /home/airflow/.local/lib/python3.8/site-packages/airflow/example_dags/example_nested_branch_dag.py for tasks to queue
[2021-09-27 03:53:21,325] {logging_mixin.py:109} INFO - [2021-09-27 03:53:21,325] {dagbag.py:496} INFO - Filling up the DagBag from /home/airflow/.local/lib/python3.8/site-packages/airflow/example_dags/example_nested_branch_dag.py
[2021-09-27 03:53:21,334] {processor.py:623} INFO - DAG(s) dict_keys(['example_nested_branch_dag']) retrieved from /home/airflow/.local/lib/python3.8/site-packages/airflow/example_dags/example_nested_branch_dag.py
[2021-09-27 03:53:21,349] {logging_mixin.py:109} INFO - [2021-09-27 03:53:21,349] {dag.py:1833} INFO - Sync 1 DAGs
[2021-09-27 03:53:21,362] {logging_mixin.py:109} INFO - [2021-09-27 03:53:21,362] {dag.py:2306} INFO - Setting next_dagrun for example_nested_branch_dag to 2021-09-25 00:00:00+00:00
[2021-09-27 03:53:21,370] {processor.py:170} INFO - Processing /home/airflow/.local/lib/python3.8/site-packages/airflow/example_dags/example_nested_branch_dag.py took 0.049 seconds
[2021-09-27 03:53:51,685] {processor.py:162} INFO - Started process (PID=505) to work on /home/airflow/.local/lib/python3.8/site-packages/airflow/example_dags/example_nested_branch_dag.py
[2021-09-27 03:53:51,685] {processor.py:613} INFO - Processing file /home/airflow/.local/lib/python3.8/site-packages/airflow/example_dags/example_nested_branch_dag.py for tasks to queue
[2021-09-27 03:53:51,686] {logging_mixin.py:109} INFO - [2021-09-27 03:53:51,686] {dagbag.py:496} INFO - Filling up the DagBag from /home/airflow/.local/lib/python3.8/site-packages/airflow/example_dags/example_nested_branch_dag.py
[2021-09-27 03:53:51,694] {processor.py:623} INFO - DAG(s) dict_keys(['example_nested_branch_dag']) retrieved from /home/airflow/.local/lib/python3.8/site-packages/airflow/example_dags/example_nested_branch_dag.py
[2021-09-27 03:53:51,708] {logging_mixin.py:109} INFO - [2021-09-27 03:53:51,708] {dag.py:1833} INFO - Sync 1 DAGs
[2021-09-27 03:53:51,719] {logging_mixin.py:109} INFO - [2021-09-27 03:53:51,719] {dag.py:2306} INFO - Setting next_dagrun for example_nested_branch_dag to 2021-09-25 00:00:00+00:00
[2021-09-27 03:53:51,728] {processor.py:170} INFO - Processing /home/airflow/.local/lib/python3.8/site-packages/airflow/example_dags/example_nested_branch_dag.py took 0.046 seconds
[2021-09-27 03:54:22,031] {processor.py:162} INFO - Started process (PID=558) to work on /home/airflow/.local/lib/python3.8/site-packages/airflow/example_dags/example_nested_branch_dag.py
[2021-09-27 03:54:22,032] {processor.py:613} INFO - Processing file /home/airflow/.local/lib/python3.8/site-packages/airflow/example_dags/example_nested_branch_dag.py for tasks to queue
[2021-09-27 03:54:22,032] {logging_mixin.py:109} INFO - [2021-09-27 03:54:22,032] {dagbag.py:496} INFO - Filling up the DagBag from /home/airflow/.local/lib/python3.8/site-packages/airflow/example_dags/example_nested_branch_dag.py
[2021-09-27 03:54:22,041] {processor.py:623} INFO - DAG(s) dict_keys(['example_nested_branch_dag']) retrieved from /home/airflow/.local/lib/python3.8/site-packages/airflow/example_dags/example_nested_branch_dag.py
[2021-09-27 03:54:22,053] {logging_mixin.py:109} INFO - [2021-09-27 03:54:22,053] {dag.py:1833} INFO - Sync 1 DAGs
[2021-09-27 03:54:22,063] {logging_mixin.py:109} INFO - [2021-09-27 03:54:22,063] {dag.py:2306} INFO - Setting next_dagrun for example_nested_branch_dag to 2021-09-25 00:00:00+00:00
[2021-09-27 03:54:22,071] {processor.py:170} INFO - Processing /home/airflow/.local/lib/python3.8/site-packages/airflow/example_dags/example_nested_branch_dag.py took 0.041 seconds
[2021-09-27 03:54:52,654] {processor.py:162} INFO - Started process (PID=612) to work on /home/airflow/.local/lib/python3.8/site-packages/airflow/example_dags/example_nested_branch_dag.py
[2021-09-27 03:54:52,655] {processor.py:613} INFO - Processing file /home/airflow/.local/lib/python3.8/site-packages/airflow/example_dags/example_nested_branch_dag.py for tasks to queue
[2021-09-27 03:54:52,656] {logging_mixin.py:109} INFO - [2021-09-27 03:54:52,655] {dagbag.py:496} INFO - Filling up the DagBag from /home/airflow/.local/lib/python3.8/site-packages/airflow/example_dags/example_nested_branch_dag.py
[2021-09-27 03:54:52,667] {processor.py:623} INFO - DAG(s) dict_keys(['example_nested_branch_dag']) retrieved from /home/airflow/.local/lib/python3.8/site-packages/airflow/example_dags/example_nested_branch_dag.py
[2021-09-27 03:54:52,682] {logging_mixin.py:109} INFO - [2021-09-27 03:54:52,682] {dag.py:1833} INFO - Sync 1 DAGs
[2021-09-27 03:54:52,694] {logging_mixin.py:109} INFO - [2021-09-27 03:54:52,694] {dag.py:2306} INFO - Setting next_dagrun for example_nested_branch_dag to 2021-09-25 00:00:00+00:00
[2021-09-27 03:54:52,703] {processor.py:170} INFO - Processing /home/airflow/.local/lib/python3.8/site-packages/airflow/example_dags/example_nested_branch_dag.py took 0.051 seconds
[2021-09-27 03:55:22,965] {processor.py:162} INFO - Started process (PID=658) to work on /home/airflow/.local/lib/python3.8/site-packages/airflow/example_dags/example_nested_branch_dag.py
[2021-09-27 03:55:22,966] {processor.py:613} INFO - Processing file /home/airflow/.local/lib/python3.8/site-packages/airflow/example_dags/example_nested_branch_dag.py for tasks to queue
[2021-09-27 03:55:22,967] {logging_mixin.py:109} INFO - [2021-09-27 03:55:22,967] {dagbag.py:496} INFO - Filling up the DagBag from /home/airflow/.local/lib/python3.8/site-packages/airflow/example_dags/example_nested_branch_dag.py
[2021-09-27 03:55:22,977] {processor.py:623} INFO - DAG(s) dict_keys(['example_nested_branch_dag']) retrieved from /home/airflow/.local/lib/python3.8/site-packages/airflow/example_dags/example_nested_branch_dag.py
[2021-09-27 03:55:22,990] {logging_mixin.py:109} INFO - [2021-09-27 03:55:22,990] {dag.py:1833} INFO - Sync 1 DAGs
[2021-09-27 03:55:23,000] {logging_mixin.py:109} INFO - [2021-09-27 03:55:23,000] {dag.py:2306} INFO - Setting next_dagrun for example_nested_branch_dag to 2021-09-25 00:00:00+00:00
[2021-09-27 03:55:23,009] {processor.py:170} INFO - Processing /home/airflow/.local/lib/python3.8/site-packages/airflow/example_dags/example_nested_branch_dag.py took 0.046 seconds
[2021-09-27 03:55:53,347] {processor.py:162} INFO - Started process (PID=711) to work on /home/airflow/.local/lib/python3.8/site-packages/airflow/example_dags/example_nested_branch_dag.py
[2021-09-27 03:55:53,347] {processor.py:613} INFO - Processing file /home/airflow/.local/lib/python3.8/site-packages/airflow/example_dags/example_nested_branch_dag.py for tasks to queue
[2021-09-27 03:55:53,348] {logging_mixin.py:109} INFO - [2021-09-27 03:55:53,348] {dagbag.py:496} INFO - Filling up the DagBag from /home/airflow/.local/lib/python3.8/site-packages/airflow/example_dags/example_nested_branch_dag.py
[2021-09-27 03:55:53,357] {processor.py:623} INFO - DAG(s) dict_keys(['example_nested_branch_dag']) retrieved from /home/airflow/.local/lib/python3.8/site-packages/airflow/example_dags/example_nested_branch_dag.py
[2021-09-27 03:55:53,371] {logging_mixin.py:109} INFO - [2021-09-27 03:55:53,371] {dag.py:1833} INFO - Sync 1 DAGs
[2021-09-27 03:55:53,382] {logging_mixin.py:109} INFO - [2021-09-27 03:55:53,382] {dag.py:2306} INFO - Setting next_dagrun for example_nested_branch_dag to 2021-09-25 00:00:00+00:00
[2021-09-27 03:55:53,391] {processor.py:170} INFO - Processing /home/airflow/.local/lib/python3.8/site-packages/airflow/example_dags/example_nested_branch_dag.py took 0.047 seconds
[2021-09-27 03:56:23,710] {processor.py:162} INFO - Started process (PID=764) to work on /home/airflow/.local/lib/python3.8/site-packages/airflow/example_dags/example_nested_branch_dag.py
[2021-09-27 03:56:23,711] {processor.py:613} INFO - Processing file /home/airflow/.local/lib/python3.8/site-packages/airflow/example_dags/example_nested_branch_dag.py for tasks to queue
[2021-09-27 03:56:23,711] {logging_mixin.py:109} INFO - [2021-09-27 03:56:23,711] {dagbag.py:496} INFO - Filling up the DagBag from /home/airflow/.local/lib/python3.8/site-packages/airflow/example_dags/example_nested_branch_dag.py
[2021-09-27 03:56:23,722] {processor.py:623} INFO - DAG(s) dict_keys(['example_nested_branch_dag']) retrieved from /home/airflow/.local/lib/python3.8/site-packages/airflow/example_dags/example_nested_branch_dag.py
[2021-09-27 03:56:23,737] {logging_mixin.py:109} INFO - [2021-09-27 03:56:23,737] {dag.py:1833} INFO - Sync 1 DAGs
[2021-09-27 03:56:23,749] {logging_mixin.py:109} INFO - [2021-09-27 03:56:23,749] {dag.py:2306} INFO - Setting next_dagrun for example_nested_branch_dag to 2021-09-25 00:00:00+00:00
[2021-09-27 03:56:23,758] {processor.py:170} INFO - Processing /home/airflow/.local/lib/python3.8/site-packages/airflow/example_dags/example_nested_branch_dag.py took 0.051 seconds
[2021-09-27 03:56:53,927] {processor.py:162} INFO - Started process (PID=816) to work on /home/airflow/.local/lib/python3.8/site-packages/airflow/example_dags/example_nested_branch_dag.py
[2021-09-27 03:56:53,927] {processor.py:613} INFO - Processing file /home/airflow/.local/lib/python3.8/site-packages/airflow/example_dags/example_nested_branch_dag.py for tasks to queue
[2021-09-27 03:56:53,928] {logging_mixin.py:109} INFO - [2021-09-27 03:56:53,928] {dagbag.py:496} INFO - Filling up the DagBag from /home/airflow/.local/lib/python3.8/site-packages/airflow/example_dags/example_nested_branch_dag.py
[2021-09-27 03:56:53,937] {processor.py:623} INFO - DAG(s) dict_keys(['example_nested_branch_dag']) retrieved from /home/airflow/.local/lib/python3.8/site-packages/airflow/example_dags/example_nested_branch_dag.py
[2021-09-27 03:56:53,950] {logging_mixin.py:109} INFO - [2021-09-27 03:56:53,950] {dag.py:1833} INFO - Sync 1 DAGs
[2021-09-27 03:56:53,961] {logging_mixin.py:109} INFO - [2021-09-27 03:56:53,961] {dag.py:2306} INFO - Setting next_dagrun for example_nested_branch_dag to 2021-09-25 00:00:00+00:00
[2021-09-27 03:56:53,969] {processor.py:170} INFO - Processing /home/airflow/.local/lib/python3.8/site-packages/airflow/example_dags/example_nested_branch_dag.py took 0.044 seconds
[2021-09-27 03:57:24,274] {processor.py:162} INFO - Started process (PID=862) to work on /home/airflow/.local/lib/python3.8/site-packages/airflow/example_dags/example_nested_branch_dag.py
[2021-09-27 03:57:24,275] {processor.py:613} INFO - Processing file /home/airflow/.local/lib/python3.8/site-packages/airflow/example_dags/example_nested_branch_dag.py for tasks to queue
[2021-09-27 03:57:24,275] {logging_mixin.py:109} INFO - [2021-09-27 03:57:24,275] {dagbag.py:496} INFO - Filling up the DagBag from /home/airflow/.local/lib/python3.8/site-packages/airflow/example_dags/example_nested_branch_dag.py
[2021-09-27 03:57:24,283] {processor.py:623} INFO - DAG(s) dict_keys(['example_nested_branch_dag']) retrieved from /home/airflow/.local/lib/python3.8/site-packages/airflow/example_dags/example_nested_branch_dag.py
[2021-09-27 03:57:24,298] {logging_mixin.py:109} INFO - [2021-09-27 03:57:24,297] {dag.py:1833} INFO - Sync 1 DAGs
[2021-09-27 03:57:24,309] {logging_mixin.py:109} INFO - [2021-09-27 03:57:24,309] {dag.py:2306} INFO - Setting next_dagrun for example_nested_branch_dag to 2021-09-25 00:00:00+00:00
[2021-09-27 03:57:24,317] {processor.py:170} INFO - Processing /home/airflow/.local/lib/python3.8/site-packages/airflow/example_dags/example_nested_branch_dag.py took 0.045 seconds
[2021-09-27 03:57:54,565] {processor.py:162} INFO - Started process (PID=915) to work on /home/airflow/.local/lib/python3.8/site-packages/airflow/example_dags/example_nested_branch_dag.py
[2021-09-27 03:57:54,566] {processor.py:613} INFO - Processing file /home/airflow/.local/lib/python3.8/site-packages/airflow/example_dags/example_nested_branch_dag.py for tasks to queue
[2021-09-27 03:57:54,566] {logging_mixin.py:109} INFO - [2021-09-27 03:57:54,566] {dagbag.py:496} INFO - Filling up the DagBag from /home/airflow/.local/lib/python3.8/site-packages/airflow/example_dags/example_nested_branch_dag.py
[2021-09-27 03:57:54,575] {processor.py:623} INFO - DAG(s) dict_keys(['example_nested_branch_dag']) retrieved from /home/airflow/.local/lib/python3.8/site-packages/airflow/example_dags/example_nested_branch_dag.py
[2021-09-27 03:57:54,590] {logging_mixin.py:109} INFO - [2021-09-27 03:57:54,590] {dag.py:1833} INFO - Sync 1 DAGs
[2021-09-27 03:57:54,602] {logging_mixin.py:109} INFO - [2021-09-27 03:57:54,602] {dag.py:2306} INFO - Setting next_dagrun for example_nested_branch_dag to 2021-09-25 00:00:00+00:00
[2021-09-27 03:57:54,610] {processor.py:170} INFO - Processing /home/airflow/.local/lib/python3.8/site-packages/airflow/example_dags/example_nested_branch_dag.py took 0.047 seconds
[2021-09-27 03:58:24,905] {processor.py:162} INFO - Started process (PID=968) to work on /home/airflow/.local/lib/python3.8/site-packages/airflow/example_dags/example_nested_branch_dag.py
[2021-09-27 03:58:24,906] {processor.py:613} INFO - Processing file /home/airflow/.local/lib/python3.8/site-packages/airflow/example_dags/example_nested_branch_dag.py for tasks to queue
[2021-09-27 03:58:24,907] {logging_mixin.py:109} INFO - [2021-09-27 03:58:24,907] {dagbag.py:496} INFO - Filling up the DagBag from /home/airflow/.local/lib/python3.8/site-packages/airflow/example_dags/example_nested_branch_dag.py
[2021-09-27 03:58:24,917] {processor.py:623} INFO - DAG(s) dict_keys(['example_nested_branch_dag']) retrieved from /home/airflow/.local/lib/python3.8/site-packages/airflow/example_dags/example_nested_branch_dag.py
[2021-09-27 03:58:24,937] {logging_mixin.py:109} INFO - [2021-09-27 03:58:24,937] {dag.py:1833} INFO - Sync 1 DAGs
[2021-09-27 03:58:24,950] {logging_mixin.py:109} INFO - [2021-09-27 03:58:24,950] {dag.py:2306} INFO - Setting next_dagrun for example_nested_branch_dag to 2021-09-25 00:00:00+00:00
[2021-09-27 03:58:24,958] {processor.py:170} INFO - Processing /home/airflow/.local/lib/python3.8/site-packages/airflow/example_dags/example_nested_branch_dag.py took 0.056 seconds
