[2021-09-27 03:24:55,133] {processor.py:162} INFO - Started process (PID=53) to work on /home/airflow/.local/lib/python3.8/site-packages/airflow/example_dags/example_latest_only.py
[2021-09-27 03:24:55,134] {processor.py:613} INFO - Processing file /home/airflow/.local/lib/python3.8/site-packages/airflow/example_dags/example_latest_only.py for tasks to queue
[2021-09-27 03:24:55,135] {logging_mixin.py:109} INFO - [2021-09-27 03:24:55,135] {dagbag.py:496} INFO - Filling up the DagBag from /home/airflow/.local/lib/python3.8/site-packages/airflow/example_dags/example_latest_only.py
[2021-09-27 03:24:55,144] {processor.py:623} INFO - DAG(s) dict_keys(['latest_only']) retrieved from /home/airflow/.local/lib/python3.8/site-packages/airflow/example_dags/example_latest_only.py
[2021-09-27 03:24:55,367] {logging_mixin.py:109} INFO - [2021-09-27 03:24:55,367] {dag.py:1833} INFO - Sync 1 DAGs
[2021-09-27 03:24:55,378] {logging_mixin.py:109} INFO - [2021-09-27 03:24:55,378] {dag.py:2306} INFO - Setting next_dagrun for latest_only to 2021-09-25 00:00:00+00:00
[2021-09-27 03:24:55,389] {processor.py:170} INFO - Processing /home/airflow/.local/lib/python3.8/site-packages/airflow/example_dags/example_latest_only.py took 0.257 seconds
[2021-09-27 03:25:26,130] {processor.py:162} INFO - Started process (PID=99) to work on /home/airflow/.local/lib/python3.8/site-packages/airflow/example_dags/example_latest_only.py
[2021-09-27 03:25:26,132] {processor.py:613} INFO - Processing file /home/airflow/.local/lib/python3.8/site-packages/airflow/example_dags/example_latest_only.py for tasks to queue
[2021-09-27 03:25:26,132] {logging_mixin.py:109} INFO - [2021-09-27 03:25:26,132] {dagbag.py:496} INFO - Filling up the DagBag from /home/airflow/.local/lib/python3.8/site-packages/airflow/example_dags/example_latest_only.py
[2021-09-27 03:25:26,141] {processor.py:623} INFO - DAG(s) dict_keys(['latest_only']) retrieved from /home/airflow/.local/lib/python3.8/site-packages/airflow/example_dags/example_latest_only.py
[2021-09-27 03:25:26,156] {logging_mixin.py:109} INFO - [2021-09-27 03:25:26,156] {dag.py:1833} INFO - Sync 1 DAGs
[2021-09-27 03:25:26,166] {logging_mixin.py:109} INFO - [2021-09-27 03:25:26,166] {dag.py:2306} INFO - Setting next_dagrun for latest_only to 2021-09-25 00:00:00+00:00
[2021-09-27 03:25:26,175] {processor.py:170} INFO - Processing /home/airflow/.local/lib/python3.8/site-packages/airflow/example_dags/example_latest_only.py took 0.047 seconds
[2021-09-27 03:25:56,860] {processor.py:162} INFO - Started process (PID=152) to work on /home/airflow/.local/lib/python3.8/site-packages/airflow/example_dags/example_latest_only.py
[2021-09-27 03:25:56,866] {processor.py:613} INFO - Processing file /home/airflow/.local/lib/python3.8/site-packages/airflow/example_dags/example_latest_only.py for tasks to queue
[2021-09-27 03:25:56,867] {logging_mixin.py:109} INFO - [2021-09-27 03:25:56,867] {dagbag.py:496} INFO - Filling up the DagBag from /home/airflow/.local/lib/python3.8/site-packages/airflow/example_dags/example_latest_only.py
[2021-09-27 03:25:56,893] {processor.py:623} INFO - DAG(s) dict_keys(['latest_only']) retrieved from /home/airflow/.local/lib/python3.8/site-packages/airflow/example_dags/example_latest_only.py
[2021-09-27 03:25:56,922] {logging_mixin.py:109} INFO - [2021-09-27 03:25:56,922] {dag.py:1833} INFO - Sync 1 DAGs
[2021-09-27 03:25:56,941] {logging_mixin.py:109} INFO - [2021-09-27 03:25:56,941] {dag.py:2306} INFO - Setting next_dagrun for latest_only to 2021-09-25 00:00:00+00:00
[2021-09-27 03:25:56,960] {processor.py:170} INFO - Processing /home/airflow/.local/lib/python3.8/site-packages/airflow/example_dags/example_latest_only.py took 0.104 seconds
[2021-09-27 03:26:27,697] {processor.py:162} INFO - Started process (PID=205) to work on /home/airflow/.local/lib/python3.8/site-packages/airflow/example_dags/example_latest_only.py
[2021-09-27 03:26:27,698] {processor.py:613} INFO - Processing file /home/airflow/.local/lib/python3.8/site-packages/airflow/example_dags/example_latest_only.py for tasks to queue
[2021-09-27 03:26:27,699] {logging_mixin.py:109} INFO - [2021-09-27 03:26:27,698] {dagbag.py:496} INFO - Filling up the DagBag from /home/airflow/.local/lib/python3.8/site-packages/airflow/example_dags/example_latest_only.py
[2021-09-27 03:26:27,704] {processor.py:623} INFO - DAG(s) dict_keys(['latest_only']) retrieved from /home/airflow/.local/lib/python3.8/site-packages/airflow/example_dags/example_latest_only.py
[2021-09-27 03:26:27,717] {logging_mixin.py:109} INFO - [2021-09-27 03:26:27,717] {dag.py:1833} INFO - Sync 1 DAGs
[2021-09-27 03:26:27,727] {logging_mixin.py:109} INFO - [2021-09-27 03:26:27,727] {dag.py:2306} INFO - Setting next_dagrun for latest_only to 2021-09-25 00:00:00+00:00
[2021-09-27 03:26:27,733] {processor.py:170} INFO - Processing /home/airflow/.local/lib/python3.8/site-packages/airflow/example_dags/example_latest_only.py took 0.038 seconds
[2021-09-27 03:26:57,913] {processor.py:162} INFO - Started process (PID=258) to work on /home/airflow/.local/lib/python3.8/site-packages/airflow/example_dags/example_latest_only.py
[2021-09-27 03:26:57,913] {processor.py:613} INFO - Processing file /home/airflow/.local/lib/python3.8/site-packages/airflow/example_dags/example_latest_only.py for tasks to queue
[2021-09-27 03:26:57,914] {logging_mixin.py:109} INFO - [2021-09-27 03:26:57,914] {dagbag.py:496} INFO - Filling up the DagBag from /home/airflow/.local/lib/python3.8/site-packages/airflow/example_dags/example_latest_only.py
[2021-09-27 03:26:57,920] {processor.py:623} INFO - DAG(s) dict_keys(['latest_only']) retrieved from /home/airflow/.local/lib/python3.8/site-packages/airflow/example_dags/example_latest_only.py
[2021-09-27 03:26:57,935] {logging_mixin.py:109} INFO - [2021-09-27 03:26:57,935] {dag.py:1833} INFO - Sync 1 DAGs
[2021-09-27 03:26:57,944] {logging_mixin.py:109} INFO - [2021-09-27 03:26:57,944] {dag.py:2306} INFO - Setting next_dagrun for latest_only to 2021-09-25 00:00:00+00:00
[2021-09-27 03:26:57,952] {processor.py:170} INFO - Processing /home/airflow/.local/lib/python3.8/site-packages/airflow/example_dags/example_latest_only.py took 0.041 seconds
[2021-09-27 03:27:28,067] {processor.py:162} INFO - Started process (PID=304) to work on /home/airflow/.local/lib/python3.8/site-packages/airflow/example_dags/example_latest_only.py
[2021-09-27 03:27:28,067] {processor.py:613} INFO - Processing file /home/airflow/.local/lib/python3.8/site-packages/airflow/example_dags/example_latest_only.py for tasks to queue
[2021-09-27 03:27:28,068] {logging_mixin.py:109} INFO - [2021-09-27 03:27:28,068] {dagbag.py:496} INFO - Filling up the DagBag from /home/airflow/.local/lib/python3.8/site-packages/airflow/example_dags/example_latest_only.py
[2021-09-27 03:27:28,074] {processor.py:623} INFO - DAG(s) dict_keys(['latest_only']) retrieved from /home/airflow/.local/lib/python3.8/site-packages/airflow/example_dags/example_latest_only.py
[2021-09-27 03:27:28,086] {logging_mixin.py:109} INFO - [2021-09-27 03:27:28,086] {dag.py:1833} INFO - Sync 1 DAGs
[2021-09-27 03:27:28,095] {logging_mixin.py:109} INFO - [2021-09-27 03:27:28,095] {dag.py:2306} INFO - Setting next_dagrun for latest_only to 2021-09-25 00:00:00+00:00
[2021-09-27 03:27:28,103] {processor.py:170} INFO - Processing /home/airflow/.local/lib/python3.8/site-packages/airflow/example_dags/example_latest_only.py took 0.038 seconds
[2021-09-27 03:27:58,313] {processor.py:162} INFO - Started process (PID=357) to work on /home/airflow/.local/lib/python3.8/site-packages/airflow/example_dags/example_latest_only.py
[2021-09-27 03:27:58,314] {processor.py:613} INFO - Processing file /home/airflow/.local/lib/python3.8/site-packages/airflow/example_dags/example_latest_only.py for tasks to queue
[2021-09-27 03:27:58,315] {logging_mixin.py:109} INFO - [2021-09-27 03:27:58,314] {dagbag.py:496} INFO - Filling up the DagBag from /home/airflow/.local/lib/python3.8/site-packages/airflow/example_dags/example_latest_only.py
[2021-09-27 03:27:58,322] {processor.py:623} INFO - DAG(s) dict_keys(['latest_only']) retrieved from /home/airflow/.local/lib/python3.8/site-packages/airflow/example_dags/example_latest_only.py
[2021-09-27 03:27:58,337] {logging_mixin.py:109} INFO - [2021-09-27 03:27:58,336] {dag.py:1833} INFO - Sync 1 DAGs
[2021-09-27 03:27:58,347] {logging_mixin.py:109} INFO - [2021-09-27 03:27:58,347] {dag.py:2306} INFO - Setting next_dagrun for latest_only to 2021-09-25 00:00:00+00:00
[2021-09-27 03:27:58,356] {processor.py:170} INFO - Processing /home/airflow/.local/lib/python3.8/site-packages/airflow/example_dags/example_latest_only.py took 0.045 seconds
[2021-09-27 03:28:28,897] {processor.py:162} INFO - Started process (PID=412) to work on /home/airflow/.local/lib/python3.8/site-packages/airflow/example_dags/example_latest_only.py
[2021-09-27 03:28:28,898] {processor.py:613} INFO - Processing file /home/airflow/.local/lib/python3.8/site-packages/airflow/example_dags/example_latest_only.py for tasks to queue
[2021-09-27 03:28:28,899] {logging_mixin.py:109} INFO - [2021-09-27 03:28:28,899] {dagbag.py:496} INFO - Filling up the DagBag from /home/airflow/.local/lib/python3.8/site-packages/airflow/example_dags/example_latest_only.py
[2021-09-27 03:28:28,905] {processor.py:623} INFO - DAG(s) dict_keys(['latest_only']) retrieved from /home/airflow/.local/lib/python3.8/site-packages/airflow/example_dags/example_latest_only.py
[2021-09-27 03:28:28,919] {logging_mixin.py:109} INFO - [2021-09-27 03:28:28,919] {dag.py:1833} INFO - Sync 1 DAGs
[2021-09-27 03:28:28,928] {logging_mixin.py:109} INFO - [2021-09-27 03:28:28,928] {dag.py:2306} INFO - Setting next_dagrun for latest_only to 2021-09-25 00:00:00+00:00
[2021-09-27 03:28:28,936] {processor.py:170} INFO - Processing /home/airflow/.local/lib/python3.8/site-packages/airflow/example_dags/example_latest_only.py took 0.040 seconds
[2021-09-27 03:28:59,066] {processor.py:162} INFO - Started process (PID=465) to work on /home/airflow/.local/lib/python3.8/site-packages/airflow/example_dags/example_latest_only.py
[2021-09-27 03:28:59,067] {processor.py:613} INFO - Processing file /home/airflow/.local/lib/python3.8/site-packages/airflow/example_dags/example_latest_only.py for tasks to queue
[2021-09-27 03:28:59,067] {logging_mixin.py:109} INFO - [2021-09-27 03:28:59,067] {dagbag.py:496} INFO - Filling up the DagBag from /home/airflow/.local/lib/python3.8/site-packages/airflow/example_dags/example_latest_only.py
[2021-09-27 03:28:59,074] {processor.py:623} INFO - DAG(s) dict_keys(['latest_only']) retrieved from /home/airflow/.local/lib/python3.8/site-packages/airflow/example_dags/example_latest_only.py
[2021-09-27 03:28:59,087] {logging_mixin.py:109} INFO - [2021-09-27 03:28:59,087] {dag.py:1833} INFO - Sync 1 DAGs
[2021-09-27 03:28:59,095] {logging_mixin.py:109} INFO - [2021-09-27 03:28:59,095] {dag.py:2306} INFO - Setting next_dagrun for latest_only to 2021-09-25 00:00:00+00:00
[2021-09-27 03:28:59,104] {processor.py:170} INFO - Processing /home/airflow/.local/lib/python3.8/site-packages/airflow/example_dags/example_latest_only.py took 0.040 seconds
[2021-09-27 03:29:29,281] {processor.py:162} INFO - Started process (PID=511) to work on /home/airflow/.local/lib/python3.8/site-packages/airflow/example_dags/example_latest_only.py
[2021-09-27 03:29:29,282] {processor.py:613} INFO - Processing file /home/airflow/.local/lib/python3.8/site-packages/airflow/example_dags/example_latest_only.py for tasks to queue
[2021-09-27 03:29:29,282] {logging_mixin.py:109} INFO - [2021-09-27 03:29:29,282] {dagbag.py:496} INFO - Filling up the DagBag from /home/airflow/.local/lib/python3.8/site-packages/airflow/example_dags/example_latest_only.py
[2021-09-27 03:29:29,288] {processor.py:623} INFO - DAG(s) dict_keys(['latest_only']) retrieved from /home/airflow/.local/lib/python3.8/site-packages/airflow/example_dags/example_latest_only.py
[2021-09-27 03:29:29,300] {logging_mixin.py:109} INFO - [2021-09-27 03:29:29,300] {dag.py:1833} INFO - Sync 1 DAGs
[2021-09-27 03:29:29,309] {logging_mixin.py:109} INFO - [2021-09-27 03:29:29,309] {dag.py:2306} INFO - Setting next_dagrun for latest_only to 2021-09-25 00:00:00+00:00
[2021-09-27 03:29:29,316] {processor.py:170} INFO - Processing /home/airflow/.local/lib/python3.8/site-packages/airflow/example_dags/example_latest_only.py took 0.037 seconds
[2021-09-27 03:29:59,419] {processor.py:162} INFO - Started process (PID=564) to work on /home/airflow/.local/lib/python3.8/site-packages/airflow/example_dags/example_latest_only.py
[2021-09-27 03:29:59,419] {processor.py:613} INFO - Processing file /home/airflow/.local/lib/python3.8/site-packages/airflow/example_dags/example_latest_only.py for tasks to queue
[2021-09-27 03:29:59,420] {logging_mixin.py:109} INFO - [2021-09-27 03:29:59,420] {dagbag.py:496} INFO - Filling up the DagBag from /home/airflow/.local/lib/python3.8/site-packages/airflow/example_dags/example_latest_only.py
[2021-09-27 03:29:59,427] {processor.py:623} INFO - DAG(s) dict_keys(['latest_only']) retrieved from /home/airflow/.local/lib/python3.8/site-packages/airflow/example_dags/example_latest_only.py
[2021-09-27 03:29:59,441] {logging_mixin.py:109} INFO - [2021-09-27 03:29:59,441] {dag.py:1833} INFO - Sync 1 DAGs
[2021-09-27 03:29:59,450] {logging_mixin.py:109} INFO - [2021-09-27 03:29:59,450] {dag.py:2306} INFO - Setting next_dagrun for latest_only to 2021-09-25 00:00:00+00:00
[2021-09-27 03:29:59,458] {processor.py:170} INFO - Processing /home/airflow/.local/lib/python3.8/site-packages/airflow/example_dags/example_latest_only.py took 0.041 seconds
[2021-09-27 03:30:29,536] {processor.py:162} INFO - Started process (PID=616) to work on /home/airflow/.local/lib/python3.8/site-packages/airflow/example_dags/example_latest_only.py
[2021-09-27 03:30:29,537] {processor.py:613} INFO - Processing file /home/airflow/.local/lib/python3.8/site-packages/airflow/example_dags/example_latest_only.py for tasks to queue
[2021-09-27 03:30:29,537] {logging_mixin.py:109} INFO - [2021-09-27 03:30:29,537] {dagbag.py:496} INFO - Filling up the DagBag from /home/airflow/.local/lib/python3.8/site-packages/airflow/example_dags/example_latest_only.py
[2021-09-27 03:30:29,543] {processor.py:623} INFO - DAG(s) dict_keys(['latest_only']) retrieved from /home/airflow/.local/lib/python3.8/site-packages/airflow/example_dags/example_latest_only.py
[2021-09-27 03:30:29,555] {logging_mixin.py:109} INFO - [2021-09-27 03:30:29,555] {dag.py:1833} INFO - Sync 1 DAGs
[2021-09-27 03:30:29,564] {logging_mixin.py:109} INFO - [2021-09-27 03:30:29,563] {dag.py:2306} INFO - Setting next_dagrun for latest_only to 2021-09-25 00:00:00+00:00
[2021-09-27 03:30:29,571] {processor.py:170} INFO - Processing /home/airflow/.local/lib/python3.8/site-packages/airflow/example_dags/example_latest_only.py took 0.037 seconds
[2021-09-27 03:30:59,711] {processor.py:162} INFO - Started process (PID=669) to work on /home/airflow/.local/lib/python3.8/site-packages/airflow/example_dags/example_latest_only.py
[2021-09-27 03:30:59,712] {processor.py:613} INFO - Processing file /home/airflow/.local/lib/python3.8/site-packages/airflow/example_dags/example_latest_only.py for tasks to queue
[2021-09-27 03:30:59,713] {logging_mixin.py:109} INFO - [2021-09-27 03:30:59,713] {dagbag.py:496} INFO - Filling up the DagBag from /home/airflow/.local/lib/python3.8/site-packages/airflow/example_dags/example_latest_only.py
[2021-09-27 03:30:59,720] {processor.py:623} INFO - DAG(s) dict_keys(['latest_only']) retrieved from /home/airflow/.local/lib/python3.8/site-packages/airflow/example_dags/example_latest_only.py
[2021-09-27 03:30:59,739] {logging_mixin.py:109} INFO - [2021-09-27 03:30:59,738] {dag.py:1833} INFO - Sync 1 DAGs
[2021-09-27 03:30:59,750] {logging_mixin.py:109} INFO - [2021-09-27 03:30:59,750] {dag.py:2306} INFO - Setting next_dagrun for latest_only to 2021-09-25 00:00:00+00:00
[2021-09-27 03:30:59,760] {processor.py:170} INFO - Processing /home/airflow/.local/lib/python3.8/site-packages/airflow/example_dags/example_latest_only.py took 0.051 seconds
[2021-09-27 03:31:29,926] {processor.py:162} INFO - Started process (PID=715) to work on /home/airflow/.local/lib/python3.8/site-packages/airflow/example_dags/example_latest_only.py
[2021-09-27 03:31:29,927] {processor.py:613} INFO - Processing file /home/airflow/.local/lib/python3.8/site-packages/airflow/example_dags/example_latest_only.py for tasks to queue
[2021-09-27 03:31:29,928] {logging_mixin.py:109} INFO - [2021-09-27 03:31:29,928] {dagbag.py:496} INFO - Filling up the DagBag from /home/airflow/.local/lib/python3.8/site-packages/airflow/example_dags/example_latest_only.py
[2021-09-27 03:31:29,935] {processor.py:623} INFO - DAG(s) dict_keys(['latest_only']) retrieved from /home/airflow/.local/lib/python3.8/site-packages/airflow/example_dags/example_latest_only.py
[2021-09-27 03:31:29,949] {logging_mixin.py:109} INFO - [2021-09-27 03:31:29,949] {dag.py:1833} INFO - Sync 1 DAGs
[2021-09-27 03:31:29,959] {logging_mixin.py:109} INFO - [2021-09-27 03:31:29,959] {dag.py:2306} INFO - Setting next_dagrun for latest_only to 2021-09-25 00:00:00+00:00
[2021-09-27 03:31:29,966] {processor.py:170} INFO - Processing /home/airflow/.local/lib/python3.8/site-packages/airflow/example_dags/example_latest_only.py took 0.042 seconds
[2021-09-27 03:32:00,162] {processor.py:162} INFO - Started process (PID=768) to work on /home/airflow/.local/lib/python3.8/site-packages/airflow/example_dags/example_latest_only.py
[2021-09-27 03:32:00,163] {processor.py:613} INFO - Processing file /home/airflow/.local/lib/python3.8/site-packages/airflow/example_dags/example_latest_only.py for tasks to queue
[2021-09-27 03:32:00,164] {logging_mixin.py:109} INFO - [2021-09-27 03:32:00,164] {dagbag.py:496} INFO - Filling up the DagBag from /home/airflow/.local/lib/python3.8/site-packages/airflow/example_dags/example_latest_only.py
[2021-09-27 03:32:00,171] {processor.py:623} INFO - DAG(s) dict_keys(['latest_only']) retrieved from /home/airflow/.local/lib/python3.8/site-packages/airflow/example_dags/example_latest_only.py
[2021-09-27 03:32:00,185] {logging_mixin.py:109} INFO - [2021-09-27 03:32:00,185] {dag.py:1833} INFO - Sync 1 DAGs
[2021-09-27 03:32:00,194] {logging_mixin.py:109} INFO - [2021-09-27 03:32:00,194] {dag.py:2306} INFO - Setting next_dagrun for latest_only to 2021-09-25 00:00:00+00:00
[2021-09-27 03:32:00,201] {processor.py:170} INFO - Processing /home/airflow/.local/lib/python3.8/site-packages/airflow/example_dags/example_latest_only.py took 0.040 seconds
[2021-09-27 03:32:30,466] {processor.py:162} INFO - Started process (PID=821) to work on /home/airflow/.local/lib/python3.8/site-packages/airflow/example_dags/example_latest_only.py
[2021-09-27 03:32:30,467] {processor.py:613} INFO - Processing file /home/airflow/.local/lib/python3.8/site-packages/airflow/example_dags/example_latest_only.py for tasks to queue
[2021-09-27 03:32:30,467] {logging_mixin.py:109} INFO - [2021-09-27 03:32:30,467] {dagbag.py:496} INFO - Filling up the DagBag from /home/airflow/.local/lib/python3.8/site-packages/airflow/example_dags/example_latest_only.py
[2021-09-27 03:32:30,474] {processor.py:623} INFO - DAG(s) dict_keys(['latest_only']) retrieved from /home/airflow/.local/lib/python3.8/site-packages/airflow/example_dags/example_latest_only.py
[2021-09-27 03:32:30,490] {logging_mixin.py:109} INFO - [2021-09-27 03:32:30,490] {dag.py:1833} INFO - Sync 1 DAGs
[2021-09-27 03:32:30,502] {logging_mixin.py:109} INFO - [2021-09-27 03:32:30,502] {dag.py:2306} INFO - Setting next_dagrun for latest_only to 2021-09-25 00:00:00+00:00
[2021-09-27 03:32:30,512] {processor.py:170} INFO - Processing /home/airflow/.local/lib/python3.8/site-packages/airflow/example_dags/example_latest_only.py took 0.049 seconds
[2021-09-27 03:33:00,785] {processor.py:162} INFO - Started process (PID=874) to work on /home/airflow/.local/lib/python3.8/site-packages/airflow/example_dags/example_latest_only.py
[2021-09-27 03:33:00,786] {processor.py:613} INFO - Processing file /home/airflow/.local/lib/python3.8/site-packages/airflow/example_dags/example_latest_only.py for tasks to queue
[2021-09-27 03:33:00,787] {logging_mixin.py:109} INFO - [2021-09-27 03:33:00,787] {dagbag.py:496} INFO - Filling up the DagBag from /home/airflow/.local/lib/python3.8/site-packages/airflow/example_dags/example_latest_only.py
[2021-09-27 03:33:00,794] {processor.py:623} INFO - DAG(s) dict_keys(['latest_only']) retrieved from /home/airflow/.local/lib/python3.8/site-packages/airflow/example_dags/example_latest_only.py
[2021-09-27 03:33:00,807] {logging_mixin.py:109} INFO - [2021-09-27 03:33:00,807] {dag.py:1833} INFO - Sync 1 DAGs
[2021-09-27 03:33:00,817] {logging_mixin.py:109} INFO - [2021-09-27 03:33:00,817] {dag.py:2306} INFO - Setting next_dagrun for latest_only to 2021-09-25 00:00:00+00:00
[2021-09-27 03:33:00,826] {processor.py:170} INFO - Processing /home/airflow/.local/lib/python3.8/site-packages/airflow/example_dags/example_latest_only.py took 0.043 seconds
[2021-09-27 03:33:30,867] {processor.py:162} INFO - Started process (PID=919) to work on /home/airflow/.local/lib/python3.8/site-packages/airflow/example_dags/example_latest_only.py
[2021-09-27 03:33:30,868] {processor.py:613} INFO - Processing file /home/airflow/.local/lib/python3.8/site-packages/airflow/example_dags/example_latest_only.py for tasks to queue
[2021-09-27 03:33:30,868] {logging_mixin.py:109} INFO - [2021-09-27 03:33:30,868] {dagbag.py:496} INFO - Filling up the DagBag from /home/airflow/.local/lib/python3.8/site-packages/airflow/example_dags/example_latest_only.py
[2021-09-27 03:33:30,877] {processor.py:623} INFO - DAG(s) dict_keys(['latest_only']) retrieved from /home/airflow/.local/lib/python3.8/site-packages/airflow/example_dags/example_latest_only.py
[2021-09-27 03:33:30,891] {logging_mixin.py:109} INFO - [2021-09-27 03:33:30,891] {dag.py:1833} INFO - Sync 1 DAGs
[2021-09-27 03:33:30,899] {logging_mixin.py:109} INFO - [2021-09-27 03:33:30,899] {dag.py:2306} INFO - Setting next_dagrun for latest_only to 2021-09-25 00:00:00+00:00
[2021-09-27 03:33:30,908] {processor.py:170} INFO - Processing /home/airflow/.local/lib/python3.8/site-packages/airflow/example_dags/example_latest_only.py took 0.043 seconds
[2021-09-27 03:34:01,097] {processor.py:162} INFO - Started process (PID=972) to work on /home/airflow/.local/lib/python3.8/site-packages/airflow/example_dags/example_latest_only.py
[2021-09-27 03:34:01,098] {processor.py:613} INFO - Processing file /home/airflow/.local/lib/python3.8/site-packages/airflow/example_dags/example_latest_only.py for tasks to queue
[2021-09-27 03:34:01,099] {logging_mixin.py:109} INFO - [2021-09-27 03:34:01,099] {dagbag.py:496} INFO - Filling up the DagBag from /home/airflow/.local/lib/python3.8/site-packages/airflow/example_dags/example_latest_only.py
[2021-09-27 03:34:01,105] {processor.py:623} INFO - DAG(s) dict_keys(['latest_only']) retrieved from /home/airflow/.local/lib/python3.8/site-packages/airflow/example_dags/example_latest_only.py
[2021-09-27 03:34:01,120] {logging_mixin.py:109} INFO - [2021-09-27 03:34:01,120] {dag.py:1833} INFO - Sync 1 DAGs
[2021-09-27 03:34:01,131] {logging_mixin.py:109} INFO - [2021-09-27 03:34:01,130] {dag.py:2306} INFO - Setting next_dagrun for latest_only to 2021-09-25 00:00:00+00:00
[2021-09-27 03:34:01,138] {processor.py:170} INFO - Processing /home/airflow/.local/lib/python3.8/site-packages/airflow/example_dags/example_latest_only.py took 0.044 seconds
[2021-09-27 03:34:31,342] {processor.py:162} INFO - Started process (PID=1025) to work on /home/airflow/.local/lib/python3.8/site-packages/airflow/example_dags/example_latest_only.py
[2021-09-27 03:34:31,343] {processor.py:613} INFO - Processing file /home/airflow/.local/lib/python3.8/site-packages/airflow/example_dags/example_latest_only.py for tasks to queue
[2021-09-27 03:34:31,344] {logging_mixin.py:109} INFO - [2021-09-27 03:34:31,344] {dagbag.py:496} INFO - Filling up the DagBag from /home/airflow/.local/lib/python3.8/site-packages/airflow/example_dags/example_latest_only.py
[2021-09-27 03:34:31,350] {processor.py:623} INFO - DAG(s) dict_keys(['latest_only']) retrieved from /home/airflow/.local/lib/python3.8/site-packages/airflow/example_dags/example_latest_only.py
[2021-09-27 03:34:31,365] {logging_mixin.py:109} INFO - [2021-09-27 03:34:31,365] {dag.py:1833} INFO - Sync 1 DAGs
[2021-09-27 03:34:31,374] {logging_mixin.py:109} INFO - [2021-09-27 03:34:31,374] {dag.py:2306} INFO - Setting next_dagrun for latest_only to 2021-09-25 00:00:00+00:00
[2021-09-27 03:34:31,382] {processor.py:170} INFO - Processing /home/airflow/.local/lib/python3.8/site-packages/airflow/example_dags/example_latest_only.py took 0.042 seconds
[2021-09-27 03:35:01,845] {processor.py:162} INFO - Started process (PID=1072) to work on /home/airflow/.local/lib/python3.8/site-packages/airflow/example_dags/example_latest_only.py
[2021-09-27 03:35:01,846] {processor.py:613} INFO - Processing file /home/airflow/.local/lib/python3.8/site-packages/airflow/example_dags/example_latest_only.py for tasks to queue
[2021-09-27 03:35:01,847] {logging_mixin.py:109} INFO - [2021-09-27 03:35:01,846] {dagbag.py:496} INFO - Filling up the DagBag from /home/airflow/.local/lib/python3.8/site-packages/airflow/example_dags/example_latest_only.py
[2021-09-27 03:35:01,854] {processor.py:623} INFO - DAG(s) dict_keys(['latest_only']) retrieved from /home/airflow/.local/lib/python3.8/site-packages/airflow/example_dags/example_latest_only.py
[2021-09-27 03:35:01,869] {logging_mixin.py:109} INFO - [2021-09-27 03:35:01,869] {dag.py:1833} INFO - Sync 1 DAGs
[2021-09-27 03:35:01,879] {logging_mixin.py:109} INFO - [2021-09-27 03:35:01,879] {dag.py:2306} INFO - Setting next_dagrun for latest_only to 2021-09-25 00:00:00+00:00
[2021-09-27 03:35:01,887] {processor.py:170} INFO - Processing /home/airflow/.local/lib/python3.8/site-packages/airflow/example_dags/example_latest_only.py took 0.045 seconds
[2021-09-27 03:35:32,179] {processor.py:162} INFO - Started process (PID=1126) to work on /home/airflow/.local/lib/python3.8/site-packages/airflow/example_dags/example_latest_only.py
[2021-09-27 03:35:32,180] {processor.py:613} INFO - Processing file /home/airflow/.local/lib/python3.8/site-packages/airflow/example_dags/example_latest_only.py for tasks to queue
[2021-09-27 03:35:32,180] {logging_mixin.py:109} INFO - [2021-09-27 03:35:32,180] {dagbag.py:496} INFO - Filling up the DagBag from /home/airflow/.local/lib/python3.8/site-packages/airflow/example_dags/example_latest_only.py
[2021-09-27 03:35:32,189] {processor.py:623} INFO - DAG(s) dict_keys(['latest_only']) retrieved from /home/airflow/.local/lib/python3.8/site-packages/airflow/example_dags/example_latest_only.py
[2021-09-27 03:35:32,205] {logging_mixin.py:109} INFO - [2021-09-27 03:35:32,204] {dag.py:1833} INFO - Sync 1 DAGs
[2021-09-27 03:35:32,215] {logging_mixin.py:109} INFO - [2021-09-27 03:35:32,215] {dag.py:2306} INFO - Setting next_dagrun for latest_only to 2021-09-25 00:00:00+00:00
[2021-09-27 03:35:32,225] {processor.py:170} INFO - Processing /home/airflow/.local/lib/python3.8/site-packages/airflow/example_dags/example_latest_only.py took 0.049 seconds
[2021-09-27 03:36:02,459] {processor.py:162} INFO - Started process (PID=1179) to work on /home/airflow/.local/lib/python3.8/site-packages/airflow/example_dags/example_latest_only.py
[2021-09-27 03:36:02,461] {processor.py:613} INFO - Processing file /home/airflow/.local/lib/python3.8/site-packages/airflow/example_dags/example_latest_only.py for tasks to queue
[2021-09-27 03:36:02,462] {logging_mixin.py:109} INFO - [2021-09-27 03:36:02,461] {dagbag.py:496} INFO - Filling up the DagBag from /home/airflow/.local/lib/python3.8/site-packages/airflow/example_dags/example_latest_only.py
[2021-09-27 03:36:02,469] {processor.py:623} INFO - DAG(s) dict_keys(['latest_only']) retrieved from /home/airflow/.local/lib/python3.8/site-packages/airflow/example_dags/example_latest_only.py
[2021-09-27 03:36:02,483] {logging_mixin.py:109} INFO - [2021-09-27 03:36:02,483] {dag.py:1833} INFO - Sync 1 DAGs
[2021-09-27 03:36:02,492] {logging_mixin.py:109} INFO - [2021-09-27 03:36:02,492] {dag.py:2306} INFO - Setting next_dagrun for latest_only to 2021-09-25 00:00:00+00:00
[2021-09-27 03:36:02,501] {processor.py:170} INFO - Processing /home/airflow/.local/lib/python3.8/site-packages/airflow/example_dags/example_latest_only.py took 0.043 seconds
[2021-09-27 03:36:32,741] {processor.py:162} INFO - Started process (PID=1232) to work on /home/airflow/.local/lib/python3.8/site-packages/airflow/example_dags/example_latest_only.py
[2021-09-27 03:36:32,742] {processor.py:613} INFO - Processing file /home/airflow/.local/lib/python3.8/site-packages/airflow/example_dags/example_latest_only.py for tasks to queue
[2021-09-27 03:36:32,743] {logging_mixin.py:109} INFO - [2021-09-27 03:36:32,743] {dagbag.py:496} INFO - Filling up the DagBag from /home/airflow/.local/lib/python3.8/site-packages/airflow/example_dags/example_latest_only.py
[2021-09-27 03:36:32,751] {processor.py:623} INFO - DAG(s) dict_keys(['latest_only']) retrieved from /home/airflow/.local/lib/python3.8/site-packages/airflow/example_dags/example_latest_only.py
[2021-09-27 03:36:32,767] {logging_mixin.py:109} INFO - [2021-09-27 03:36:32,767] {dag.py:1833} INFO - Sync 1 DAGs
[2021-09-27 03:36:32,780] {logging_mixin.py:109} INFO - [2021-09-27 03:36:32,780] {dag.py:2306} INFO - Setting next_dagrun for latest_only to 2021-09-25 00:00:00+00:00
[2021-09-27 03:36:32,790] {processor.py:170} INFO - Processing /home/airflow/.local/lib/python3.8/site-packages/airflow/example_dags/example_latest_only.py took 0.051 seconds
[2021-09-27 03:37:02,892] {processor.py:162} INFO - Started process (PID=1277) to work on /home/airflow/.local/lib/python3.8/site-packages/airflow/example_dags/example_latest_only.py
[2021-09-27 03:37:02,893] {processor.py:613} INFO - Processing file /home/airflow/.local/lib/python3.8/site-packages/airflow/example_dags/example_latest_only.py for tasks to queue
[2021-09-27 03:37:02,893] {logging_mixin.py:109} INFO - [2021-09-27 03:37:02,893] {dagbag.py:496} INFO - Filling up the DagBag from /home/airflow/.local/lib/python3.8/site-packages/airflow/example_dags/example_latest_only.py
[2021-09-27 03:37:02,900] {processor.py:623} INFO - DAG(s) dict_keys(['latest_only']) retrieved from /home/airflow/.local/lib/python3.8/site-packages/airflow/example_dags/example_latest_only.py
[2021-09-27 03:37:02,917] {logging_mixin.py:109} INFO - [2021-09-27 03:37:02,917] {dag.py:1833} INFO - Sync 1 DAGs
[2021-09-27 03:37:02,930] {logging_mixin.py:109} INFO - [2021-09-27 03:37:02,930] {dag.py:2306} INFO - Setting next_dagrun for latest_only to 2021-09-25 00:00:00+00:00
[2021-09-27 03:37:02,940] {processor.py:170} INFO - Processing /home/airflow/.local/lib/python3.8/site-packages/airflow/example_dags/example_latest_only.py took 0.050 seconds
[2021-09-27 03:37:33,165] {processor.py:162} INFO - Started process (PID=1330) to work on /home/airflow/.local/lib/python3.8/site-packages/airflow/example_dags/example_latest_only.py
[2021-09-27 03:37:33,166] {processor.py:613} INFO - Processing file /home/airflow/.local/lib/python3.8/site-packages/airflow/example_dags/example_latest_only.py for tasks to queue
[2021-09-27 03:37:33,166] {logging_mixin.py:109} INFO - [2021-09-27 03:37:33,166] {dagbag.py:496} INFO - Filling up the DagBag from /home/airflow/.local/lib/python3.8/site-packages/airflow/example_dags/example_latest_only.py
[2021-09-27 03:37:33,173] {processor.py:623} INFO - DAG(s) dict_keys(['latest_only']) retrieved from /home/airflow/.local/lib/python3.8/site-packages/airflow/example_dags/example_latest_only.py
[2021-09-27 03:37:33,188] {logging_mixin.py:109} INFO - [2021-09-27 03:37:33,188] {dag.py:1833} INFO - Sync 1 DAGs
[2021-09-27 03:37:33,200] {logging_mixin.py:109} INFO - [2021-09-27 03:37:33,200] {dag.py:2306} INFO - Setting next_dagrun for latest_only to 2021-09-25 00:00:00+00:00
[2021-09-27 03:37:33,218] {processor.py:170} INFO - Processing /home/airflow/.local/lib/python3.8/site-packages/airflow/example_dags/example_latest_only.py took 0.056 seconds
[2021-09-27 03:38:03,467] {processor.py:162} INFO - Started process (PID=1384) to work on /home/airflow/.local/lib/python3.8/site-packages/airflow/example_dags/example_latest_only.py
[2021-09-27 03:38:03,468] {processor.py:613} INFO - Processing file /home/airflow/.local/lib/python3.8/site-packages/airflow/example_dags/example_latest_only.py for tasks to queue
[2021-09-27 03:38:03,468] {logging_mixin.py:109} INFO - [2021-09-27 03:38:03,468] {dagbag.py:496} INFO - Filling up the DagBag from /home/airflow/.local/lib/python3.8/site-packages/airflow/example_dags/example_latest_only.py
[2021-09-27 03:38:03,475] {processor.py:623} INFO - DAG(s) dict_keys(['latest_only']) retrieved from /home/airflow/.local/lib/python3.8/site-packages/airflow/example_dags/example_latest_only.py
[2021-09-27 03:38:03,490] {logging_mixin.py:109} INFO - [2021-09-27 03:38:03,490] {dag.py:1833} INFO - Sync 1 DAGs
[2021-09-27 03:38:03,500] {logging_mixin.py:109} INFO - [2021-09-27 03:38:03,500] {dag.py:2306} INFO - Setting next_dagrun for latest_only to 2021-09-25 00:00:00+00:00
[2021-09-27 03:38:03,519] {processor.py:170} INFO - Processing /home/airflow/.local/lib/python3.8/site-packages/airflow/example_dags/example_latest_only.py took 0.055 seconds
[2021-09-27 03:38:33,990] {processor.py:162} INFO - Started process (PID=1438) to work on /home/airflow/.local/lib/python3.8/site-packages/airflow/example_dags/example_latest_only.py
[2021-09-27 03:38:33,991] {processor.py:613} INFO - Processing file /home/airflow/.local/lib/python3.8/site-packages/airflow/example_dags/example_latest_only.py for tasks to queue
[2021-09-27 03:38:33,992] {logging_mixin.py:109} INFO - [2021-09-27 03:38:33,991] {dagbag.py:496} INFO - Filling up the DagBag from /home/airflow/.local/lib/python3.8/site-packages/airflow/example_dags/example_latest_only.py
[2021-09-27 03:38:33,999] {processor.py:623} INFO - DAG(s) dict_keys(['latest_only']) retrieved from /home/airflow/.local/lib/python3.8/site-packages/airflow/example_dags/example_latest_only.py
[2021-09-27 03:38:34,020] {logging_mixin.py:109} INFO - [2021-09-27 03:38:34,020] {dag.py:1833} INFO - Sync 1 DAGs
[2021-09-27 03:38:34,034] {logging_mixin.py:109} INFO - [2021-09-27 03:38:34,034] {dag.py:2306} INFO - Setting next_dagrun for latest_only to 2021-09-25 00:00:00+00:00
[2021-09-27 03:38:34,050] {processor.py:170} INFO - Processing /home/airflow/.local/lib/python3.8/site-packages/airflow/example_dags/example_latest_only.py took 0.061 seconds
[2021-09-27 03:39:04,372] {processor.py:162} INFO - Started process (PID=1484) to work on /home/airflow/.local/lib/python3.8/site-packages/airflow/example_dags/example_latest_only.py
[2021-09-27 03:39:04,374] {processor.py:613} INFO - Processing file /home/airflow/.local/lib/python3.8/site-packages/airflow/example_dags/example_latest_only.py for tasks to queue
[2021-09-27 03:39:04,375] {logging_mixin.py:109} INFO - [2021-09-27 03:39:04,375] {dagbag.py:496} INFO - Filling up the DagBag from /home/airflow/.local/lib/python3.8/site-packages/airflow/example_dags/example_latest_only.py
[2021-09-27 03:39:04,382] {processor.py:623} INFO - DAG(s) dict_keys(['latest_only']) retrieved from /home/airflow/.local/lib/python3.8/site-packages/airflow/example_dags/example_latest_only.py
[2021-09-27 03:39:04,395] {logging_mixin.py:109} INFO - [2021-09-27 03:39:04,395] {dag.py:1833} INFO - Sync 1 DAGs
[2021-09-27 03:39:04,405] {logging_mixin.py:109} INFO - [2021-09-27 03:39:04,405] {dag.py:2306} INFO - Setting next_dagrun for latest_only to 2021-09-25 00:00:00+00:00
[2021-09-27 03:39:04,415] {processor.py:170} INFO - Processing /home/airflow/.local/lib/python3.8/site-packages/airflow/example_dags/example_latest_only.py took 0.045 seconds
[2021-09-27 03:39:34,628] {processor.py:162} INFO - Started process (PID=1538) to work on /home/airflow/.local/lib/python3.8/site-packages/airflow/example_dags/example_latest_only.py
[2021-09-27 03:39:34,629] {processor.py:613} INFO - Processing file /home/airflow/.local/lib/python3.8/site-packages/airflow/example_dags/example_latest_only.py for tasks to queue
[2021-09-27 03:39:34,629] {logging_mixin.py:109} INFO - [2021-09-27 03:39:34,629] {dagbag.py:496} INFO - Filling up the DagBag from /home/airflow/.local/lib/python3.8/site-packages/airflow/example_dags/example_latest_only.py
[2021-09-27 03:39:34,636] {processor.py:623} INFO - DAG(s) dict_keys(['latest_only']) retrieved from /home/airflow/.local/lib/python3.8/site-packages/airflow/example_dags/example_latest_only.py
[2021-09-27 03:39:34,648] {logging_mixin.py:109} INFO - [2021-09-27 03:39:34,648] {dag.py:1833} INFO - Sync 1 DAGs
[2021-09-27 03:39:34,658] {logging_mixin.py:109} INFO - [2021-09-27 03:39:34,658] {dag.py:2306} INFO - Setting next_dagrun for latest_only to 2021-09-25 00:00:00+00:00
[2021-09-27 03:39:34,666] {processor.py:170} INFO - Processing /home/airflow/.local/lib/python3.8/site-packages/airflow/example_dags/example_latest_only.py took 0.040 seconds
[2021-09-27 03:40:04,706] {processor.py:162} INFO - Started process (PID=1590) to work on /home/airflow/.local/lib/python3.8/site-packages/airflow/example_dags/example_latest_only.py
[2021-09-27 03:40:04,706] {processor.py:613} INFO - Processing file /home/airflow/.local/lib/python3.8/site-packages/airflow/example_dags/example_latest_only.py for tasks to queue
[2021-09-27 03:40:04,707] {logging_mixin.py:109} INFO - [2021-09-27 03:40:04,707] {dagbag.py:496} INFO - Filling up the DagBag from /home/airflow/.local/lib/python3.8/site-packages/airflow/example_dags/example_latest_only.py
[2021-09-27 03:40:04,714] {processor.py:623} INFO - DAG(s) dict_keys(['latest_only']) retrieved from /home/airflow/.local/lib/python3.8/site-packages/airflow/example_dags/example_latest_only.py
[2021-09-27 03:40:04,727] {logging_mixin.py:109} INFO - [2021-09-27 03:40:04,726] {dag.py:1833} INFO - Sync 1 DAGs
[2021-09-27 03:40:04,735] {logging_mixin.py:109} INFO - [2021-09-27 03:40:04,735] {dag.py:2306} INFO - Setting next_dagrun for latest_only to 2021-09-25 00:00:00+00:00
[2021-09-27 03:40:04,742] {processor.py:170} INFO - Processing /home/airflow/.local/lib/python3.8/site-packages/airflow/example_dags/example_latest_only.py took 0.038 seconds
[2021-09-27 03:40:35,124] {processor.py:162} INFO - Started process (PID=1645) to work on /home/airflow/.local/lib/python3.8/site-packages/airflow/example_dags/example_latest_only.py
[2021-09-27 03:40:35,124] {processor.py:613} INFO - Processing file /home/airflow/.local/lib/python3.8/site-packages/airflow/example_dags/example_latest_only.py for tasks to queue
[2021-09-27 03:40:35,125] {logging_mixin.py:109} INFO - [2021-09-27 03:40:35,125] {dagbag.py:496} INFO - Filling up the DagBag from /home/airflow/.local/lib/python3.8/site-packages/airflow/example_dags/example_latest_only.py
[2021-09-27 03:40:35,132] {processor.py:623} INFO - DAG(s) dict_keys(['latest_only']) retrieved from /home/airflow/.local/lib/python3.8/site-packages/airflow/example_dags/example_latest_only.py
[2021-09-27 03:40:35,147] {logging_mixin.py:109} INFO - [2021-09-27 03:40:35,147] {dag.py:1833} INFO - Sync 1 DAGs
[2021-09-27 03:40:35,157] {logging_mixin.py:109} INFO - [2021-09-27 03:40:35,157] {dag.py:2306} INFO - Setting next_dagrun for latest_only to 2021-09-25 00:00:00+00:00
[2021-09-27 03:40:35,167] {processor.py:170} INFO - Processing /home/airflow/.local/lib/python3.8/site-packages/airflow/example_dags/example_latest_only.py took 0.046 seconds
[2021-09-27 03:41:05,220] {processor.py:162} INFO - Started process (PID=1690) to work on /home/airflow/.local/lib/python3.8/site-packages/airflow/example_dags/example_latest_only.py
[2021-09-27 03:41:05,221] {processor.py:613} INFO - Processing file /home/airflow/.local/lib/python3.8/site-packages/airflow/example_dags/example_latest_only.py for tasks to queue
[2021-09-27 03:41:05,221] {logging_mixin.py:109} INFO - [2021-09-27 03:41:05,221] {dagbag.py:496} INFO - Filling up the DagBag from /home/airflow/.local/lib/python3.8/site-packages/airflow/example_dags/example_latest_only.py
[2021-09-27 03:41:05,232] {processor.py:623} INFO - DAG(s) dict_keys(['latest_only']) retrieved from /home/airflow/.local/lib/python3.8/site-packages/airflow/example_dags/example_latest_only.py
[2021-09-27 03:41:05,249] {logging_mixin.py:109} INFO - [2021-09-27 03:41:05,248] {dag.py:1833} INFO - Sync 1 DAGs
[2021-09-27 03:41:05,260] {logging_mixin.py:109} INFO - [2021-09-27 03:41:05,260] {dag.py:2306} INFO - Setting next_dagrun for latest_only to 2021-09-25 00:00:00+00:00
[2021-09-27 03:41:05,280] {processor.py:170} INFO - Processing /home/airflow/.local/lib/python3.8/site-packages/airflow/example_dags/example_latest_only.py took 0.063 seconds
[2021-09-27 03:41:35,571] {processor.py:162} INFO - Started process (PID=1744) to work on /home/airflow/.local/lib/python3.8/site-packages/airflow/example_dags/example_latest_only.py
[2021-09-27 03:41:35,572] {processor.py:613} INFO - Processing file /home/airflow/.local/lib/python3.8/site-packages/airflow/example_dags/example_latest_only.py for tasks to queue
[2021-09-27 03:41:35,572] {logging_mixin.py:109} INFO - [2021-09-27 03:41:35,572] {dagbag.py:496} INFO - Filling up the DagBag from /home/airflow/.local/lib/python3.8/site-packages/airflow/example_dags/example_latest_only.py
[2021-09-27 03:41:35,579] {processor.py:623} INFO - DAG(s) dict_keys(['latest_only']) retrieved from /home/airflow/.local/lib/python3.8/site-packages/airflow/example_dags/example_latest_only.py
[2021-09-27 03:41:35,593] {logging_mixin.py:109} INFO - [2021-09-27 03:41:35,593] {dag.py:1833} INFO - Sync 1 DAGs
[2021-09-27 03:41:35,601] {logging_mixin.py:109} INFO - [2021-09-27 03:41:35,601] {dag.py:2306} INFO - Setting next_dagrun for latest_only to 2021-09-25 00:00:00+00:00
[2021-09-27 03:41:35,610] {processor.py:170} INFO - Processing /home/airflow/.local/lib/python3.8/site-packages/airflow/example_dags/example_latest_only.py took 0.042 seconds
[2021-09-27 03:42:05,977] {processor.py:162} INFO - Started process (PID=1799) to work on /home/airflow/.local/lib/python3.8/site-packages/airflow/example_dags/example_latest_only.py
[2021-09-27 03:42:05,978] {processor.py:613} INFO - Processing file /home/airflow/.local/lib/python3.8/site-packages/airflow/example_dags/example_latest_only.py for tasks to queue
[2021-09-27 03:42:05,979] {logging_mixin.py:109} INFO - [2021-09-27 03:42:05,979] {dagbag.py:496} INFO - Filling up the DagBag from /home/airflow/.local/lib/python3.8/site-packages/airflow/example_dags/example_latest_only.py
[2021-09-27 03:42:05,986] {processor.py:623} INFO - DAG(s) dict_keys(['latest_only']) retrieved from /home/airflow/.local/lib/python3.8/site-packages/airflow/example_dags/example_latest_only.py
[2021-09-27 03:42:06,000] {logging_mixin.py:109} INFO - [2021-09-27 03:42:06,000] {dag.py:1833} INFO - Sync 1 DAGs
[2021-09-27 03:42:06,009] {logging_mixin.py:109} INFO - [2021-09-27 03:42:06,009] {dag.py:2306} INFO - Setting next_dagrun for latest_only to 2021-09-25 00:00:00+00:00
[2021-09-27 03:42:06,018] {processor.py:170} INFO - Processing /home/airflow/.local/lib/python3.8/site-packages/airflow/example_dags/example_latest_only.py took 0.043 seconds
[2021-09-27 03:42:36,258] {processor.py:162} INFO - Started process (PID=1852) to work on /home/airflow/.local/lib/python3.8/site-packages/airflow/example_dags/example_latest_only.py
[2021-09-27 03:42:36,259] {processor.py:613} INFO - Processing file /home/airflow/.local/lib/python3.8/site-packages/airflow/example_dags/example_latest_only.py for tasks to queue
[2021-09-27 03:42:36,260] {logging_mixin.py:109} INFO - [2021-09-27 03:42:36,260] {dagbag.py:496} INFO - Filling up the DagBag from /home/airflow/.local/lib/python3.8/site-packages/airflow/example_dags/example_latest_only.py
[2021-09-27 03:42:36,269] {processor.py:623} INFO - DAG(s) dict_keys(['latest_only']) retrieved from /home/airflow/.local/lib/python3.8/site-packages/airflow/example_dags/example_latest_only.py
[2021-09-27 03:42:36,285] {logging_mixin.py:109} INFO - [2021-09-27 03:42:36,285] {dag.py:1833} INFO - Sync 1 DAGs
[2021-09-27 03:42:36,296] {logging_mixin.py:109} INFO - [2021-09-27 03:42:36,296] {dag.py:2306} INFO - Setting next_dagrun for latest_only to 2021-09-25 00:00:00+00:00
[2021-09-27 03:42:36,306] {processor.py:170} INFO - Processing /home/airflow/.local/lib/python3.8/site-packages/airflow/example_dags/example_latest_only.py took 0.050 seconds
[2021-09-27 03:43:06,443] {processor.py:162} INFO - Started process (PID=1898) to work on /home/airflow/.local/lib/python3.8/site-packages/airflow/example_dags/example_latest_only.py
[2021-09-27 03:43:06,444] {processor.py:613} INFO - Processing file /home/airflow/.local/lib/python3.8/site-packages/airflow/example_dags/example_latest_only.py for tasks to queue
[2021-09-27 03:43:06,444] {logging_mixin.py:109} INFO - [2021-09-27 03:43:06,444] {dagbag.py:496} INFO - Filling up the DagBag from /home/airflow/.local/lib/python3.8/site-packages/airflow/example_dags/example_latest_only.py
[2021-09-27 03:43:06,451] {processor.py:623} INFO - DAG(s) dict_keys(['latest_only']) retrieved from /home/airflow/.local/lib/python3.8/site-packages/airflow/example_dags/example_latest_only.py
[2021-09-27 03:43:06,465] {logging_mixin.py:109} INFO - [2021-09-27 03:43:06,465] {dag.py:1833} INFO - Sync 1 DAGs
[2021-09-27 03:43:06,474] {logging_mixin.py:109} INFO - [2021-09-27 03:43:06,474] {dag.py:2306} INFO - Setting next_dagrun for latest_only to 2021-09-25 00:00:00+00:00
[2021-09-27 03:43:06,483] {processor.py:170} INFO - Processing /home/airflow/.local/lib/python3.8/site-packages/airflow/example_dags/example_latest_only.py took 0.042 seconds
[2021-09-27 03:43:36,688] {processor.py:162} INFO - Started process (PID=1951) to work on /home/airflow/.local/lib/python3.8/site-packages/airflow/example_dags/example_latest_only.py
[2021-09-27 03:43:36,689] {processor.py:613} INFO - Processing file /home/airflow/.local/lib/python3.8/site-packages/airflow/example_dags/example_latest_only.py for tasks to queue
[2021-09-27 03:43:36,690] {logging_mixin.py:109} INFO - [2021-09-27 03:43:36,690] {dagbag.py:496} INFO - Filling up the DagBag from /home/airflow/.local/lib/python3.8/site-packages/airflow/example_dags/example_latest_only.py
[2021-09-27 03:43:36,695] {processor.py:623} INFO - DAG(s) dict_keys(['latest_only']) retrieved from /home/airflow/.local/lib/python3.8/site-packages/airflow/example_dags/example_latest_only.py
[2021-09-27 03:43:36,710] {logging_mixin.py:109} INFO - [2021-09-27 03:43:36,710] {dag.py:1833} INFO - Sync 1 DAGs
[2021-09-27 03:43:36,719] {logging_mixin.py:109} INFO - [2021-09-27 03:43:36,719] {dag.py:2306} INFO - Setting next_dagrun for latest_only to 2021-09-25 00:00:00+00:00
[2021-09-27 03:43:36,727] {processor.py:170} INFO - Processing /home/airflow/.local/lib/python3.8/site-packages/airflow/example_dags/example_latest_only.py took 0.042 seconds
[2021-09-27 03:44:07,015] {processor.py:162} INFO - Started process (PID=2004) to work on /home/airflow/.local/lib/python3.8/site-packages/airflow/example_dags/example_latest_only.py
[2021-09-27 03:44:07,016] {processor.py:613} INFO - Processing file /home/airflow/.local/lib/python3.8/site-packages/airflow/example_dags/example_latest_only.py for tasks to queue
[2021-09-27 03:44:07,016] {logging_mixin.py:109} INFO - [2021-09-27 03:44:07,016] {dagbag.py:496} INFO - Filling up the DagBag from /home/airflow/.local/lib/python3.8/site-packages/airflow/example_dags/example_latest_only.py
[2021-09-27 03:44:07,023] {processor.py:623} INFO - DAG(s) dict_keys(['latest_only']) retrieved from /home/airflow/.local/lib/python3.8/site-packages/airflow/example_dags/example_latest_only.py
[2021-09-27 03:44:07,039] {logging_mixin.py:109} INFO - [2021-09-27 03:44:07,039] {dag.py:1833} INFO - Sync 1 DAGs
[2021-09-27 03:44:07,048] {logging_mixin.py:109} INFO - [2021-09-27 03:44:07,048] {dag.py:2306} INFO - Setting next_dagrun for latest_only to 2021-09-25 00:00:00+00:00
[2021-09-27 03:44:07,069] {processor.py:170} INFO - Processing /home/airflow/.local/lib/python3.8/site-packages/airflow/example_dags/example_latest_only.py took 0.056 seconds
[2021-09-27 03:44:37,391] {processor.py:162} INFO - Started process (PID=2050) to work on /home/airflow/.local/lib/python3.8/site-packages/airflow/example_dags/example_latest_only.py
[2021-09-27 03:44:37,392] {processor.py:613} INFO - Processing file /home/airflow/.local/lib/python3.8/site-packages/airflow/example_dags/example_latest_only.py for tasks to queue
[2021-09-27 03:44:37,392] {logging_mixin.py:109} INFO - [2021-09-27 03:44:37,392] {dagbag.py:496} INFO - Filling up the DagBag from /home/airflow/.local/lib/python3.8/site-packages/airflow/example_dags/example_latest_only.py
[2021-09-27 03:44:37,399] {processor.py:623} INFO - DAG(s) dict_keys(['latest_only']) retrieved from /home/airflow/.local/lib/python3.8/site-packages/airflow/example_dags/example_latest_only.py
[2021-09-27 03:44:37,412] {logging_mixin.py:109} INFO - [2021-09-27 03:44:37,412] {dag.py:1833} INFO - Sync 1 DAGs
[2021-09-27 03:44:37,422] {logging_mixin.py:109} INFO - [2021-09-27 03:44:37,422] {dag.py:2306} INFO - Setting next_dagrun for latest_only to 2021-09-25 00:00:00+00:00
[2021-09-27 03:44:37,431] {processor.py:170} INFO - Processing /home/airflow/.local/lib/python3.8/site-packages/airflow/example_dags/example_latest_only.py took 0.042 seconds
[2021-09-27 03:45:07,726] {processor.py:162} INFO - Started process (PID=2103) to work on /home/airflow/.local/lib/python3.8/site-packages/airflow/example_dags/example_latest_only.py
[2021-09-27 03:45:07,727] {processor.py:613} INFO - Processing file /home/airflow/.local/lib/python3.8/site-packages/airflow/example_dags/example_latest_only.py for tasks to queue
[2021-09-27 03:45:07,727] {logging_mixin.py:109} INFO - [2021-09-27 03:45:07,727] {dagbag.py:496} INFO - Filling up the DagBag from /home/airflow/.local/lib/python3.8/site-packages/airflow/example_dags/example_latest_only.py
[2021-09-27 03:45:07,734] {processor.py:623} INFO - DAG(s) dict_keys(['latest_only']) retrieved from /home/airflow/.local/lib/python3.8/site-packages/airflow/example_dags/example_latest_only.py
[2021-09-27 03:45:07,747] {logging_mixin.py:109} INFO - [2021-09-27 03:45:07,747] {dag.py:1833} INFO - Sync 1 DAGs
[2021-09-27 03:45:07,756] {logging_mixin.py:109} INFO - [2021-09-27 03:45:07,756] {dag.py:2306} INFO - Setting next_dagrun for latest_only to 2021-09-25 00:00:00+00:00
[2021-09-27 03:45:07,764] {processor.py:170} INFO - Processing /home/airflow/.local/lib/python3.8/site-packages/airflow/example_dags/example_latest_only.py took 0.041 seconds
[2021-09-27 03:45:38,157] {processor.py:162} INFO - Started process (PID=2157) to work on /home/airflow/.local/lib/python3.8/site-packages/airflow/example_dags/example_latest_only.py
[2021-09-27 03:45:38,159] {processor.py:613} INFO - Processing file /home/airflow/.local/lib/python3.8/site-packages/airflow/example_dags/example_latest_only.py for tasks to queue
[2021-09-27 03:45:38,160] {logging_mixin.py:109} INFO - [2021-09-27 03:45:38,160] {dagbag.py:496} INFO - Filling up the DagBag from /home/airflow/.local/lib/python3.8/site-packages/airflow/example_dags/example_latest_only.py
[2021-09-27 03:45:38,168] {processor.py:623} INFO - DAG(s) dict_keys(['latest_only']) retrieved from /home/airflow/.local/lib/python3.8/site-packages/airflow/example_dags/example_latest_only.py
[2021-09-27 03:45:38,181] {logging_mixin.py:109} INFO - [2021-09-27 03:45:38,181] {dag.py:1833} INFO - Sync 1 DAGs
[2021-09-27 03:45:38,191] {logging_mixin.py:109} INFO - [2021-09-27 03:45:38,191] {dag.py:2306} INFO - Setting next_dagrun for latest_only to 2021-09-25 00:00:00+00:00
[2021-09-27 03:45:38,200] {processor.py:170} INFO - Processing /home/airflow/.local/lib/python3.8/site-packages/airflow/example_dags/example_latest_only.py took 0.045 seconds
[2021-09-27 03:46:08,284] {processor.py:162} INFO - Started process (PID=2209) to work on /home/airflow/.local/lib/python3.8/site-packages/airflow/example_dags/example_latest_only.py
[2021-09-27 03:46:08,284] {processor.py:613} INFO - Processing file /home/airflow/.local/lib/python3.8/site-packages/airflow/example_dags/example_latest_only.py for tasks to queue
[2021-09-27 03:46:08,285] {logging_mixin.py:109} INFO - [2021-09-27 03:46:08,284] {dagbag.py:496} INFO - Filling up the DagBag from /home/airflow/.local/lib/python3.8/site-packages/airflow/example_dags/example_latest_only.py
[2021-09-27 03:46:08,291] {processor.py:623} INFO - DAG(s) dict_keys(['latest_only']) retrieved from /home/airflow/.local/lib/python3.8/site-packages/airflow/example_dags/example_latest_only.py
[2021-09-27 03:46:08,304] {logging_mixin.py:109} INFO - [2021-09-27 03:46:08,304] {dag.py:1833} INFO - Sync 1 DAGs
[2021-09-27 03:46:08,313] {logging_mixin.py:109} INFO - [2021-09-27 03:46:08,313] {dag.py:2306} INFO - Setting next_dagrun for latest_only to 2021-09-25 00:00:00+00:00
[2021-09-27 03:46:08,321] {processor.py:170} INFO - Processing /home/airflow/.local/lib/python3.8/site-packages/airflow/example_dags/example_latest_only.py took 0.040 seconds
[2021-09-27 03:46:38,475] {processor.py:162} INFO - Started process (PID=2262) to work on /home/airflow/.local/lib/python3.8/site-packages/airflow/example_dags/example_latest_only.py
[2021-09-27 03:46:38,475] {processor.py:613} INFO - Processing file /home/airflow/.local/lib/python3.8/site-packages/airflow/example_dags/example_latest_only.py for tasks to queue
[2021-09-27 03:46:38,476] {logging_mixin.py:109} INFO - [2021-09-27 03:46:38,476] {dagbag.py:496} INFO - Filling up the DagBag from /home/airflow/.local/lib/python3.8/site-packages/airflow/example_dags/example_latest_only.py
[2021-09-27 03:46:38,483] {processor.py:623} INFO - DAG(s) dict_keys(['latest_only']) retrieved from /home/airflow/.local/lib/python3.8/site-packages/airflow/example_dags/example_latest_only.py
[2021-09-27 03:46:38,498] {logging_mixin.py:109} INFO - [2021-09-27 03:46:38,498] {dag.py:1833} INFO - Sync 1 DAGs
[2021-09-27 03:46:38,509] {logging_mixin.py:109} INFO - [2021-09-27 03:46:38,509] {dag.py:2306} INFO - Setting next_dagrun for latest_only to 2021-09-25 00:00:00+00:00
[2021-09-27 03:46:38,527] {processor.py:170} INFO - Processing /home/airflow/.local/lib/python3.8/site-packages/airflow/example_dags/example_latest_only.py took 0.054 seconds
[2021-09-27 03:47:09,000] {processor.py:162} INFO - Started process (PID=2309) to work on /home/airflow/.local/lib/python3.8/site-packages/airflow/example_dags/example_latest_only.py
[2021-09-27 03:47:09,000] {processor.py:613} INFO - Processing file /home/airflow/.local/lib/python3.8/site-packages/airflow/example_dags/example_latest_only.py for tasks to queue
[2021-09-27 03:47:09,001] {logging_mixin.py:109} INFO - [2021-09-27 03:47:09,001] {dagbag.py:496} INFO - Filling up the DagBag from /home/airflow/.local/lib/python3.8/site-packages/airflow/example_dags/example_latest_only.py
[2021-09-27 03:47:09,008] {processor.py:623} INFO - DAG(s) dict_keys(['latest_only']) retrieved from /home/airflow/.local/lib/python3.8/site-packages/airflow/example_dags/example_latest_only.py
[2021-09-27 03:47:09,022] {logging_mixin.py:109} INFO - [2021-09-27 03:47:09,022] {dag.py:1833} INFO - Sync 1 DAGs
[2021-09-27 03:47:09,032] {logging_mixin.py:109} INFO - [2021-09-27 03:47:09,032] {dag.py:2306} INFO - Setting next_dagrun for latest_only to 2021-09-25 00:00:00+00:00
[2021-09-27 03:47:09,040] {processor.py:170} INFO - Processing /home/airflow/.local/lib/python3.8/site-packages/airflow/example_dags/example_latest_only.py took 0.042 seconds
[2021-09-27 03:47:39,262] {processor.py:162} INFO - Started process (PID=2362) to work on /home/airflow/.local/lib/python3.8/site-packages/airflow/example_dags/example_latest_only.py
[2021-09-27 03:47:39,263] {processor.py:613} INFO - Processing file /home/airflow/.local/lib/python3.8/site-packages/airflow/example_dags/example_latest_only.py for tasks to queue
[2021-09-27 03:47:39,263] {logging_mixin.py:109} INFO - [2021-09-27 03:47:39,263] {dagbag.py:496} INFO - Filling up the DagBag from /home/airflow/.local/lib/python3.8/site-packages/airflow/example_dags/example_latest_only.py
[2021-09-27 03:47:39,270] {processor.py:623} INFO - DAG(s) dict_keys(['latest_only']) retrieved from /home/airflow/.local/lib/python3.8/site-packages/airflow/example_dags/example_latest_only.py
[2021-09-27 03:47:39,283] {logging_mixin.py:109} INFO - [2021-09-27 03:47:39,283] {dag.py:1833} INFO - Sync 1 DAGs
[2021-09-27 03:47:39,290] {logging_mixin.py:109} INFO - [2021-09-27 03:47:39,290] {dag.py:2306} INFO - Setting next_dagrun for latest_only to 2021-09-25 00:00:00+00:00
[2021-09-27 03:47:39,298] {processor.py:170} INFO - Processing /home/airflow/.local/lib/python3.8/site-packages/airflow/example_dags/example_latest_only.py took 0.039 seconds
[2021-09-27 03:49:18,171] {processor.py:162} INFO - Started process (PID=37) to work on /home/airflow/.local/lib/python3.8/site-packages/airflow/example_dags/example_latest_only.py
[2021-09-27 03:49:18,172] {processor.py:613} INFO - Processing file /home/airflow/.local/lib/python3.8/site-packages/airflow/example_dags/example_latest_only.py for tasks to queue
[2021-09-27 03:49:18,172] {logging_mixin.py:109} INFO - [2021-09-27 03:49:18,172] {dagbag.py:496} INFO - Filling up the DagBag from /home/airflow/.local/lib/python3.8/site-packages/airflow/example_dags/example_latest_only.py
[2021-09-27 03:49:18,180] {processor.py:623} INFO - DAG(s) dict_keys(['latest_only']) retrieved from /home/airflow/.local/lib/python3.8/site-packages/airflow/example_dags/example_latest_only.py
[2021-09-27 03:49:18,195] {logging_mixin.py:109} INFO - [2021-09-27 03:49:18,195] {dag.py:1833} INFO - Sync 1 DAGs
[2021-09-27 03:49:18,205] {logging_mixin.py:109} INFO - [2021-09-27 03:49:18,205] {dag.py:2306} INFO - Setting next_dagrun for latest_only to 2021-09-25 00:00:00+00:00
[2021-09-27 03:49:18,214] {processor.py:170} INFO - Processing /home/airflow/.local/lib/python3.8/site-packages/airflow/example_dags/example_latest_only.py took 0.045 seconds
[2021-09-27 03:49:48,698] {processor.py:162} INFO - Started process (PID=90) to work on /home/airflow/.local/lib/python3.8/site-packages/airflow/example_dags/example_latest_only.py
[2021-09-27 03:49:48,698] {processor.py:613} INFO - Processing file /home/airflow/.local/lib/python3.8/site-packages/airflow/example_dags/example_latest_only.py for tasks to queue
[2021-09-27 03:49:48,699] {logging_mixin.py:109} INFO - [2021-09-27 03:49:48,698] {dagbag.py:496} INFO - Filling up the DagBag from /home/airflow/.local/lib/python3.8/site-packages/airflow/example_dags/example_latest_only.py
[2021-09-27 03:49:48,705] {processor.py:623} INFO - DAG(s) dict_keys(['latest_only']) retrieved from /home/airflow/.local/lib/python3.8/site-packages/airflow/example_dags/example_latest_only.py
[2021-09-27 03:49:48,719] {logging_mixin.py:109} INFO - [2021-09-27 03:49:48,718] {dag.py:1833} INFO - Sync 1 DAGs
[2021-09-27 03:49:48,728] {logging_mixin.py:109} INFO - [2021-09-27 03:49:48,728] {dag.py:2306} INFO - Setting next_dagrun for latest_only to 2021-09-25 00:00:00+00:00
[2021-09-27 03:49:48,736] {processor.py:170} INFO - Processing /home/airflow/.local/lib/python3.8/site-packages/airflow/example_dags/example_latest_only.py took 0.040 seconds
[2021-09-27 03:50:19,045] {processor.py:162} INFO - Started process (PID=143) to work on /home/airflow/.local/lib/python3.8/site-packages/airflow/example_dags/example_latest_only.py
[2021-09-27 03:50:19,046] {processor.py:613} INFO - Processing file /home/airflow/.local/lib/python3.8/site-packages/airflow/example_dags/example_latest_only.py for tasks to queue
[2021-09-27 03:50:19,046] {logging_mixin.py:109} INFO - [2021-09-27 03:50:19,046] {dagbag.py:496} INFO - Filling up the DagBag from /home/airflow/.local/lib/python3.8/site-packages/airflow/example_dags/example_latest_only.py
[2021-09-27 03:50:19,053] {processor.py:623} INFO - DAG(s) dict_keys(['latest_only']) retrieved from /home/airflow/.local/lib/python3.8/site-packages/airflow/example_dags/example_latest_only.py
[2021-09-27 03:50:19,066] {logging_mixin.py:109} INFO - [2021-09-27 03:50:19,066] {dag.py:1833} INFO - Sync 1 DAGs
[2021-09-27 03:50:19,075] {logging_mixin.py:109} INFO - [2021-09-27 03:50:19,075] {dag.py:2306} INFO - Setting next_dagrun for latest_only to 2021-09-25 00:00:00+00:00
[2021-09-27 03:50:19,083] {processor.py:170} INFO - Processing /home/airflow/.local/lib/python3.8/site-packages/airflow/example_dags/example_latest_only.py took 0.040 seconds
[2021-09-27 03:50:49,375] {processor.py:162} INFO - Started process (PID=196) to work on /home/airflow/.local/lib/python3.8/site-packages/airflow/example_dags/example_latest_only.py
[2021-09-27 03:50:49,376] {processor.py:613} INFO - Processing file /home/airflow/.local/lib/python3.8/site-packages/airflow/example_dags/example_latest_only.py for tasks to queue
[2021-09-27 03:50:49,377] {logging_mixin.py:109} INFO - [2021-09-27 03:50:49,377] {dagbag.py:496} INFO - Filling up the DagBag from /home/airflow/.local/lib/python3.8/site-packages/airflow/example_dags/example_latest_only.py
[2021-09-27 03:50:49,386] {processor.py:623} INFO - DAG(s) dict_keys(['latest_only']) retrieved from /home/airflow/.local/lib/python3.8/site-packages/airflow/example_dags/example_latest_only.py
[2021-09-27 03:50:49,400] {logging_mixin.py:109} INFO - [2021-09-27 03:50:49,400] {dag.py:1833} INFO - Sync 1 DAGs
[2021-09-27 03:50:49,409] {logging_mixin.py:109} INFO - [2021-09-27 03:50:49,409] {dag.py:2306} INFO - Setting next_dagrun for latest_only to 2021-09-25 00:00:00+00:00
[2021-09-27 03:50:49,422] {processor.py:170} INFO - Processing /home/airflow/.local/lib/python3.8/site-packages/airflow/example_dags/example_latest_only.py took 0.049 seconds
[2021-09-27 03:51:19,883] {processor.py:162} INFO - Started process (PID=242) to work on /home/airflow/.local/lib/python3.8/site-packages/airflow/example_dags/example_latest_only.py
[2021-09-27 03:51:19,884] {processor.py:613} INFO - Processing file /home/airflow/.local/lib/python3.8/site-packages/airflow/example_dags/example_latest_only.py for tasks to queue
[2021-09-27 03:51:19,885] {logging_mixin.py:109} INFO - [2021-09-27 03:51:19,885] {dagbag.py:496} INFO - Filling up the DagBag from /home/airflow/.local/lib/python3.8/site-packages/airflow/example_dags/example_latest_only.py
[2021-09-27 03:51:19,892] {processor.py:623} INFO - DAG(s) dict_keys(['latest_only']) retrieved from /home/airflow/.local/lib/python3.8/site-packages/airflow/example_dags/example_latest_only.py
[2021-09-27 03:51:19,905] {logging_mixin.py:109} INFO - [2021-09-27 03:51:19,905] {dag.py:1833} INFO - Sync 1 DAGs
[2021-09-27 03:51:19,915] {logging_mixin.py:109} INFO - [2021-09-27 03:51:19,915] {dag.py:2306} INFO - Setting next_dagrun for latest_only to 2021-09-25 00:00:00+00:00
[2021-09-27 03:51:19,924] {processor.py:170} INFO - Processing /home/airflow/.local/lib/python3.8/site-packages/airflow/example_dags/example_latest_only.py took 0.043 seconds
[2021-09-27 03:51:50,268] {processor.py:162} INFO - Started process (PID=295) to work on /home/airflow/.local/lib/python3.8/site-packages/airflow/example_dags/example_latest_only.py
[2021-09-27 03:51:50,269] {processor.py:613} INFO - Processing file /home/airflow/.local/lib/python3.8/site-packages/airflow/example_dags/example_latest_only.py for tasks to queue
[2021-09-27 03:51:50,270] {logging_mixin.py:109} INFO - [2021-09-27 03:51:50,269] {dagbag.py:496} INFO - Filling up the DagBag from /home/airflow/.local/lib/python3.8/site-packages/airflow/example_dags/example_latest_only.py
[2021-09-27 03:51:50,277] {processor.py:623} INFO - DAG(s) dict_keys(['latest_only']) retrieved from /home/airflow/.local/lib/python3.8/site-packages/airflow/example_dags/example_latest_only.py
[2021-09-27 03:51:50,293] {logging_mixin.py:109} INFO - [2021-09-27 03:51:50,293] {dag.py:1833} INFO - Sync 1 DAGs
[2021-09-27 03:51:50,304] {logging_mixin.py:109} INFO - [2021-09-27 03:51:50,304] {dag.py:2306} INFO - Setting next_dagrun for latest_only to 2021-09-25 00:00:00+00:00
[2021-09-27 03:51:50,313] {processor.py:170} INFO - Processing /home/airflow/.local/lib/python3.8/site-packages/airflow/example_dags/example_latest_only.py took 0.048 seconds
[2021-09-27 03:52:20,616] {processor.py:162} INFO - Started process (PID=349) to work on /home/airflow/.local/lib/python3.8/site-packages/airflow/example_dags/example_latest_only.py
[2021-09-27 03:52:20,617] {processor.py:613} INFO - Processing file /home/airflow/.local/lib/python3.8/site-packages/airflow/example_dags/example_latest_only.py for tasks to queue
[2021-09-27 03:52:20,617] {logging_mixin.py:109} INFO - [2021-09-27 03:52:20,617] {dagbag.py:496} INFO - Filling up the DagBag from /home/airflow/.local/lib/python3.8/site-packages/airflow/example_dags/example_latest_only.py
[2021-09-27 03:52:20,624] {processor.py:623} INFO - DAG(s) dict_keys(['latest_only']) retrieved from /home/airflow/.local/lib/python3.8/site-packages/airflow/example_dags/example_latest_only.py
[2021-09-27 03:52:20,638] {logging_mixin.py:109} INFO - [2021-09-27 03:52:20,638] {dag.py:1833} INFO - Sync 1 DAGs
[2021-09-27 03:52:20,647] {logging_mixin.py:109} INFO - [2021-09-27 03:52:20,647] {dag.py:2306} INFO - Setting next_dagrun for latest_only to 2021-09-25 00:00:00+00:00
[2021-09-27 03:52:20,656] {processor.py:170} INFO - Processing /home/airflow/.local/lib/python3.8/site-packages/airflow/example_dags/example_latest_only.py took 0.041 seconds
[2021-09-27 03:52:50,858] {processor.py:162} INFO - Started process (PID=402) to work on /home/airflow/.local/lib/python3.8/site-packages/airflow/example_dags/example_latest_only.py
[2021-09-27 03:52:50,859] {processor.py:613} INFO - Processing file /home/airflow/.local/lib/python3.8/site-packages/airflow/example_dags/example_latest_only.py for tasks to queue
[2021-09-27 03:52:50,859] {logging_mixin.py:109} INFO - [2021-09-27 03:52:50,859] {dagbag.py:496} INFO - Filling up the DagBag from /home/airflow/.local/lib/python3.8/site-packages/airflow/example_dags/example_latest_only.py
[2021-09-27 03:52:50,866] {processor.py:623} INFO - DAG(s) dict_keys(['latest_only']) retrieved from /home/airflow/.local/lib/python3.8/site-packages/airflow/example_dags/example_latest_only.py
[2021-09-27 03:52:50,881] {logging_mixin.py:109} INFO - [2021-09-27 03:52:50,881] {dag.py:1833} INFO - Sync 1 DAGs
[2021-09-27 03:52:50,892] {logging_mixin.py:109} INFO - [2021-09-27 03:52:50,892] {dag.py:2306} INFO - Setting next_dagrun for latest_only to 2021-09-25 00:00:00+00:00
[2021-09-27 03:52:50,901] {processor.py:170} INFO - Processing /home/airflow/.local/lib/python3.8/site-packages/airflow/example_dags/example_latest_only.py took 0.046 seconds
[2021-09-27 03:53:21,164] {processor.py:162} INFO - Started process (PID=449) to work on /home/airflow/.local/lib/python3.8/site-packages/airflow/example_dags/example_latest_only.py
[2021-09-27 03:53:21,165] {processor.py:613} INFO - Processing file /home/airflow/.local/lib/python3.8/site-packages/airflow/example_dags/example_latest_only.py for tasks to queue
[2021-09-27 03:53:21,166] {logging_mixin.py:109} INFO - [2021-09-27 03:53:21,165] {dagbag.py:496} INFO - Filling up the DagBag from /home/airflow/.local/lib/python3.8/site-packages/airflow/example_dags/example_latest_only.py
[2021-09-27 03:53:21,173] {processor.py:623} INFO - DAG(s) dict_keys(['latest_only']) retrieved from /home/airflow/.local/lib/python3.8/site-packages/airflow/example_dags/example_latest_only.py
[2021-09-27 03:53:21,187] {logging_mixin.py:109} INFO - [2021-09-27 03:53:21,187] {dag.py:1833} INFO - Sync 1 DAGs
[2021-09-27 03:53:21,197] {logging_mixin.py:109} INFO - [2021-09-27 03:53:21,197] {dag.py:2306} INFO - Setting next_dagrun for latest_only to 2021-09-25 00:00:00+00:00
[2021-09-27 03:53:21,205] {processor.py:170} INFO - Processing /home/airflow/.local/lib/python3.8/site-packages/airflow/example_dags/example_latest_only.py took 0.043 seconds
[2021-09-27 03:53:51,587] {processor.py:162} INFO - Started process (PID=502) to work on /home/airflow/.local/lib/python3.8/site-packages/airflow/example_dags/example_latest_only.py
[2021-09-27 03:53:51,588] {processor.py:613} INFO - Processing file /home/airflow/.local/lib/python3.8/site-packages/airflow/example_dags/example_latest_only.py for tasks to queue
[2021-09-27 03:53:51,588] {logging_mixin.py:109} INFO - [2021-09-27 03:53:51,588] {dagbag.py:496} INFO - Filling up the DagBag from /home/airflow/.local/lib/python3.8/site-packages/airflow/example_dags/example_latest_only.py
[2021-09-27 03:53:51,595] {processor.py:623} INFO - DAG(s) dict_keys(['latest_only']) retrieved from /home/airflow/.local/lib/python3.8/site-packages/airflow/example_dags/example_latest_only.py
[2021-09-27 03:53:51,608] {logging_mixin.py:109} INFO - [2021-09-27 03:53:51,608] {dag.py:1833} INFO - Sync 1 DAGs
[2021-09-27 03:53:51,616] {logging_mixin.py:109} INFO - [2021-09-27 03:53:51,616] {dag.py:2306} INFO - Setting next_dagrun for latest_only to 2021-09-25 00:00:00+00:00
[2021-09-27 03:53:51,624] {processor.py:170} INFO - Processing /home/airflow/.local/lib/python3.8/site-packages/airflow/example_dags/example_latest_only.py took 0.039 seconds
[2021-09-27 03:54:21,883] {processor.py:162} INFO - Started process (PID=555) to work on /home/airflow/.local/lib/python3.8/site-packages/airflow/example_dags/example_latest_only.py
[2021-09-27 03:54:21,883] {processor.py:613} INFO - Processing file /home/airflow/.local/lib/python3.8/site-packages/airflow/example_dags/example_latest_only.py for tasks to queue
[2021-09-27 03:54:21,884] {logging_mixin.py:109} INFO - [2021-09-27 03:54:21,884] {dagbag.py:496} INFO - Filling up the DagBag from /home/airflow/.local/lib/python3.8/site-packages/airflow/example_dags/example_latest_only.py
[2021-09-27 03:54:21,890] {processor.py:623} INFO - DAG(s) dict_keys(['latest_only']) retrieved from /home/airflow/.local/lib/python3.8/site-packages/airflow/example_dags/example_latest_only.py
[2021-09-27 03:54:21,903] {logging_mixin.py:109} INFO - [2021-09-27 03:54:21,903] {dag.py:1833} INFO - Sync 1 DAGs
[2021-09-27 03:54:21,913] {logging_mixin.py:109} INFO - [2021-09-27 03:54:21,913] {dag.py:2306} INFO - Setting next_dagrun for latest_only to 2021-09-25 00:00:00+00:00
[2021-09-27 03:54:21,922] {processor.py:170} INFO - Processing /home/airflow/.local/lib/python3.8/site-packages/airflow/example_dags/example_latest_only.py took 0.041 seconds
[2021-09-27 03:54:52,310] {processor.py:162} INFO - Started process (PID=607) to work on /home/airflow/.local/lib/python3.8/site-packages/airflow/example_dags/example_latest_only.py
[2021-09-27 03:54:52,311] {processor.py:613} INFO - Processing file /home/airflow/.local/lib/python3.8/site-packages/airflow/example_dags/example_latest_only.py for tasks to queue
[2021-09-27 03:54:52,311] {logging_mixin.py:109} INFO - [2021-09-27 03:54:52,311] {dagbag.py:496} INFO - Filling up the DagBag from /home/airflow/.local/lib/python3.8/site-packages/airflow/example_dags/example_latest_only.py
[2021-09-27 03:54:52,319] {processor.py:623} INFO - DAG(s) dict_keys(['latest_only']) retrieved from /home/airflow/.local/lib/python3.8/site-packages/airflow/example_dags/example_latest_only.py
[2021-09-27 03:54:52,334] {logging_mixin.py:109} INFO - [2021-09-27 03:54:52,334] {dag.py:1833} INFO - Sync 1 DAGs
[2021-09-27 03:54:52,345] {logging_mixin.py:109} INFO - [2021-09-27 03:54:52,344] {dag.py:2306} INFO - Setting next_dagrun for latest_only to 2021-09-25 00:00:00+00:00
[2021-09-27 03:54:52,355] {processor.py:170} INFO - Processing /home/airflow/.local/lib/python3.8/site-packages/airflow/example_dags/example_latest_only.py took 0.048 seconds
[2021-09-27 03:55:22,608] {processor.py:162} INFO - Started process (PID=653) to work on /home/airflow/.local/lib/python3.8/site-packages/airflow/example_dags/example_latest_only.py
[2021-09-27 03:55:22,609] {processor.py:613} INFO - Processing file /home/airflow/.local/lib/python3.8/site-packages/airflow/example_dags/example_latest_only.py for tasks to queue
[2021-09-27 03:55:22,609] {logging_mixin.py:109} INFO - [2021-09-27 03:55:22,609] {dagbag.py:496} INFO - Filling up the DagBag from /home/airflow/.local/lib/python3.8/site-packages/airflow/example_dags/example_latest_only.py
[2021-09-27 03:55:22,616] {processor.py:623} INFO - DAG(s) dict_keys(['latest_only']) retrieved from /home/airflow/.local/lib/python3.8/site-packages/airflow/example_dags/example_latest_only.py
[2021-09-27 03:55:22,636] {logging_mixin.py:109} INFO - [2021-09-27 03:55:22,636] {dag.py:1833} INFO - Sync 1 DAGs
[2021-09-27 03:55:22,646] {logging_mixin.py:109} INFO - [2021-09-27 03:55:22,646] {dag.py:2306} INFO - Setting next_dagrun for latest_only to 2021-09-25 00:00:00+00:00
[2021-09-27 03:55:22,655] {processor.py:170} INFO - Processing /home/airflow/.local/lib/python3.8/site-packages/airflow/example_dags/example_latest_only.py took 0.049 seconds
[2021-09-27 03:55:53,218] {processor.py:162} INFO - Started process (PID=707) to work on /home/airflow/.local/lib/python3.8/site-packages/airflow/example_dags/example_latest_only.py
[2021-09-27 03:55:53,219] {processor.py:613} INFO - Processing file /home/airflow/.local/lib/python3.8/site-packages/airflow/example_dags/example_latest_only.py for tasks to queue
[2021-09-27 03:55:53,219] {logging_mixin.py:109} INFO - [2021-09-27 03:55:53,219] {dagbag.py:496} INFO - Filling up the DagBag from /home/airflow/.local/lib/python3.8/site-packages/airflow/example_dags/example_latest_only.py
[2021-09-27 03:55:53,228] {processor.py:623} INFO - DAG(s) dict_keys(['latest_only']) retrieved from /home/airflow/.local/lib/python3.8/site-packages/airflow/example_dags/example_latest_only.py
[2021-09-27 03:55:53,244] {logging_mixin.py:109} INFO - [2021-09-27 03:55:53,244] {dag.py:1833} INFO - Sync 1 DAGs
[2021-09-27 03:55:53,253] {logging_mixin.py:109} INFO - [2021-09-27 03:55:53,253] {dag.py:2306} INFO - Setting next_dagrun for latest_only to 2021-09-25 00:00:00+00:00
[2021-09-27 03:55:53,262] {processor.py:170} INFO - Processing /home/airflow/.local/lib/python3.8/site-packages/airflow/example_dags/example_latest_only.py took 0.047 seconds
[2021-09-27 03:56:23,580] {processor.py:162} INFO - Started process (PID=760) to work on /home/airflow/.local/lib/python3.8/site-packages/airflow/example_dags/example_latest_only.py
[2021-09-27 03:56:23,582] {processor.py:613} INFO - Processing file /home/airflow/.local/lib/python3.8/site-packages/airflow/example_dags/example_latest_only.py for tasks to queue
[2021-09-27 03:56:23,582] {logging_mixin.py:109} INFO - [2021-09-27 03:56:23,582] {dagbag.py:496} INFO - Filling up the DagBag from /home/airflow/.local/lib/python3.8/site-packages/airflow/example_dags/example_latest_only.py
[2021-09-27 03:56:23,590] {processor.py:623} INFO - DAG(s) dict_keys(['latest_only']) retrieved from /home/airflow/.local/lib/python3.8/site-packages/airflow/example_dags/example_latest_only.py
[2021-09-27 03:56:23,604] {logging_mixin.py:109} INFO - [2021-09-27 03:56:23,604] {dag.py:1833} INFO - Sync 1 DAGs
[2021-09-27 03:56:23,615] {logging_mixin.py:109} INFO - [2021-09-27 03:56:23,614] {dag.py:2306} INFO - Setting next_dagrun for latest_only to 2021-09-25 00:00:00+00:00
[2021-09-27 03:56:23,624] {processor.py:170} INFO - Processing /home/airflow/.local/lib/python3.8/site-packages/airflow/example_dags/example_latest_only.py took 0.046 seconds
[2021-09-27 03:56:53,872] {processor.py:162} INFO - Started process (PID=813) to work on /home/airflow/.local/lib/python3.8/site-packages/airflow/example_dags/example_latest_only.py
[2021-09-27 03:56:53,873] {processor.py:613} INFO - Processing file /home/airflow/.local/lib/python3.8/site-packages/airflow/example_dags/example_latest_only.py for tasks to queue
[2021-09-27 03:56:53,873] {logging_mixin.py:109} INFO - [2021-09-27 03:56:53,873] {dagbag.py:496} INFO - Filling up the DagBag from /home/airflow/.local/lib/python3.8/site-packages/airflow/example_dags/example_latest_only.py
[2021-09-27 03:56:53,881] {processor.py:623} INFO - DAG(s) dict_keys(['latest_only']) retrieved from /home/airflow/.local/lib/python3.8/site-packages/airflow/example_dags/example_latest_only.py
[2021-09-27 03:56:53,895] {logging_mixin.py:109} INFO - [2021-09-27 03:56:53,895] {dag.py:1833} INFO - Sync 1 DAGs
[2021-09-27 03:56:53,904] {logging_mixin.py:109} INFO - [2021-09-27 03:56:53,904] {dag.py:2306} INFO - Setting next_dagrun for latest_only to 2021-09-25 00:00:00+00:00
[2021-09-27 03:56:53,912] {processor.py:170} INFO - Processing /home/airflow/.local/lib/python3.8/site-packages/airflow/example_dags/example_latest_only.py took 0.042 seconds
[2021-09-27 03:57:24,206] {processor.py:162} INFO - Started process (PID=859) to work on /home/airflow/.local/lib/python3.8/site-packages/airflow/example_dags/example_latest_only.py
[2021-09-27 03:57:24,207] {processor.py:613} INFO - Processing file /home/airflow/.local/lib/python3.8/site-packages/airflow/example_dags/example_latest_only.py for tasks to queue
[2021-09-27 03:57:24,207] {logging_mixin.py:109} INFO - [2021-09-27 03:57:24,207] {dagbag.py:496} INFO - Filling up the DagBag from /home/airflow/.local/lib/python3.8/site-packages/airflow/example_dags/example_latest_only.py
[2021-09-27 03:57:24,214] {processor.py:623} INFO - DAG(s) dict_keys(['latest_only']) retrieved from /home/airflow/.local/lib/python3.8/site-packages/airflow/example_dags/example_latest_only.py
[2021-09-27 03:57:24,227] {logging_mixin.py:109} INFO - [2021-09-27 03:57:24,227] {dag.py:1833} INFO - Sync 1 DAGs
[2021-09-27 03:57:24,236] {logging_mixin.py:109} INFO - [2021-09-27 03:57:24,236] {dag.py:2306} INFO - Setting next_dagrun for latest_only to 2021-09-25 00:00:00+00:00
[2021-09-27 03:57:24,244] {processor.py:170} INFO - Processing /home/airflow/.local/lib/python3.8/site-packages/airflow/example_dags/example_latest_only.py took 0.041 seconds
[2021-09-27 03:57:54,460] {processor.py:162} INFO - Started process (PID=912) to work on /home/airflow/.local/lib/python3.8/site-packages/airflow/example_dags/example_latest_only.py
[2021-09-27 03:57:54,461] {processor.py:613} INFO - Processing file /home/airflow/.local/lib/python3.8/site-packages/airflow/example_dags/example_latest_only.py for tasks to queue
[2021-09-27 03:57:54,461] {logging_mixin.py:109} INFO - [2021-09-27 03:57:54,461] {dagbag.py:496} INFO - Filling up the DagBag from /home/airflow/.local/lib/python3.8/site-packages/airflow/example_dags/example_latest_only.py
[2021-09-27 03:57:54,469] {processor.py:623} INFO - DAG(s) dict_keys(['latest_only']) retrieved from /home/airflow/.local/lib/python3.8/site-packages/airflow/example_dags/example_latest_only.py
[2021-09-27 03:57:54,482] {logging_mixin.py:109} INFO - [2021-09-27 03:57:54,482] {dag.py:1833} INFO - Sync 1 DAGs
[2021-09-27 03:57:54,491] {logging_mixin.py:109} INFO - [2021-09-27 03:57:54,491] {dag.py:2306} INFO - Setting next_dagrun for latest_only to 2021-09-25 00:00:00+00:00
[2021-09-27 03:57:54,499] {processor.py:170} INFO - Processing /home/airflow/.local/lib/python3.8/site-packages/airflow/example_dags/example_latest_only.py took 0.041 seconds
[2021-09-27 03:58:24,742] {processor.py:162} INFO - Started process (PID=965) to work on /home/airflow/.local/lib/python3.8/site-packages/airflow/example_dags/example_latest_only.py
[2021-09-27 03:58:24,743] {processor.py:613} INFO - Processing file /home/airflow/.local/lib/python3.8/site-packages/airflow/example_dags/example_latest_only.py for tasks to queue
[2021-09-27 03:58:24,743] {logging_mixin.py:109} INFO - [2021-09-27 03:58:24,743] {dagbag.py:496} INFO - Filling up the DagBag from /home/airflow/.local/lib/python3.8/site-packages/airflow/example_dags/example_latest_only.py
[2021-09-27 03:58:24,751] {processor.py:623} INFO - DAG(s) dict_keys(['latest_only']) retrieved from /home/airflow/.local/lib/python3.8/site-packages/airflow/example_dags/example_latest_only.py
[2021-09-27 03:58:24,764] {logging_mixin.py:109} INFO - [2021-09-27 03:58:24,764] {dag.py:1833} INFO - Sync 1 DAGs
[2021-09-27 03:58:24,774] {logging_mixin.py:109} INFO - [2021-09-27 03:58:24,773] {dag.py:2306} INFO - Setting next_dagrun for latest_only to 2021-09-25 00:00:00+00:00
[2021-09-27 03:58:24,782] {processor.py:170} INFO - Processing /home/airflow/.local/lib/python3.8/site-packages/airflow/example_dags/example_latest_only.py took 0.042 seconds
