[2021-09-27 03:24:56,529] {processor.py:162} INFO - Started process (PID=63) to work on /home/airflow/.local/lib/python3.8/site-packages/airflow/example_dags/example_latest_only_with_trigger.py
[2021-09-27 03:24:56,530] {processor.py:613} INFO - Processing file /home/airflow/.local/lib/python3.8/site-packages/airflow/example_dags/example_latest_only_with_trigger.py for tasks to queue
[2021-09-27 03:24:56,530] {logging_mixin.py:109} INFO - [2021-09-27 03:24:56,530] {dagbag.py:496} INFO - Filling up the DagBag from /home/airflow/.local/lib/python3.8/site-packages/airflow/example_dags/example_latest_only_with_trigger.py
[2021-09-27 03:24:56,549] {processor.py:623} INFO - DAG(s) dict_keys(['latest_only_with_trigger']) retrieved from /home/airflow/.local/lib/python3.8/site-packages/airflow/example_dags/example_latest_only_with_trigger.py
[2021-09-27 03:24:56,824] {logging_mixin.py:109} INFO - [2021-09-27 03:24:56,824] {dag.py:1833} INFO - Sync 1 DAGs
[2021-09-27 03:24:56,832] {logging_mixin.py:109} INFO - [2021-09-27 03:24:56,832] {dag.py:2306} INFO - Setting next_dagrun for latest_only_with_trigger to 2021-09-25 00:00:00+00:00
[2021-09-27 03:24:56,840] {processor.py:170} INFO - Processing /home/airflow/.local/lib/python3.8/site-packages/airflow/example_dags/example_latest_only_with_trigger.py took 0.314 seconds
[2021-09-27 03:25:27,575] {processor.py:162} INFO - Started process (PID=116) to work on /home/airflow/.local/lib/python3.8/site-packages/airflow/example_dags/example_latest_only_with_trigger.py
[2021-09-27 03:25:27,576] {processor.py:613} INFO - Processing file /home/airflow/.local/lib/python3.8/site-packages/airflow/example_dags/example_latest_only_with_trigger.py for tasks to queue
[2021-09-27 03:25:27,577] {logging_mixin.py:109} INFO - [2021-09-27 03:25:27,577] {dagbag.py:496} INFO - Filling up the DagBag from /home/airflow/.local/lib/python3.8/site-packages/airflow/example_dags/example_latest_only_with_trigger.py
[2021-09-27 03:25:27,585] {processor.py:623} INFO - DAG(s) dict_keys(['latest_only_with_trigger']) retrieved from /home/airflow/.local/lib/python3.8/site-packages/airflow/example_dags/example_latest_only_with_trigger.py
[2021-09-27 03:25:27,600] {logging_mixin.py:109} INFO - [2021-09-27 03:25:27,600] {dag.py:1833} INFO - Sync 1 DAGs
[2021-09-27 03:25:27,609] {logging_mixin.py:109} INFO - [2021-09-27 03:25:27,609] {dag.py:2306} INFO - Setting next_dagrun for latest_only_with_trigger to 2021-09-25 00:00:00+00:00
[2021-09-27 03:25:27,618] {processor.py:170} INFO - Processing /home/airflow/.local/lib/python3.8/site-packages/airflow/example_dags/example_latest_only_with_trigger.py took 0.045 seconds
[2021-09-27 03:25:58,718] {processor.py:162} INFO - Started process (PID=162) to work on /home/airflow/.local/lib/python3.8/site-packages/airflow/example_dags/example_latest_only_with_trigger.py
[2021-09-27 03:25:58,719] {processor.py:613} INFO - Processing file /home/airflow/.local/lib/python3.8/site-packages/airflow/example_dags/example_latest_only_with_trigger.py for tasks to queue
[2021-09-27 03:25:58,731] {logging_mixin.py:109} INFO - [2021-09-27 03:25:58,731] {dagbag.py:496} INFO - Filling up the DagBag from /home/airflow/.local/lib/python3.8/site-packages/airflow/example_dags/example_latest_only_with_trigger.py
[2021-09-27 03:25:58,751] {processor.py:623} INFO - DAG(s) dict_keys(['latest_only_with_trigger']) retrieved from /home/airflow/.local/lib/python3.8/site-packages/airflow/example_dags/example_latest_only_with_trigger.py
[2021-09-27 03:25:58,780] {logging_mixin.py:109} INFO - [2021-09-27 03:25:58,780] {dag.py:1833} INFO - Sync 1 DAGs
[2021-09-27 03:25:58,794] {logging_mixin.py:109} INFO - [2021-09-27 03:25:58,794] {dag.py:2306} INFO - Setting next_dagrun for latest_only_with_trigger to 2021-09-25 00:00:00+00:00
[2021-09-27 03:25:58,805] {processor.py:170} INFO - Processing /home/airflow/.local/lib/python3.8/site-packages/airflow/example_dags/example_latest_only_with_trigger.py took 0.090 seconds
[2021-09-27 03:26:29,177] {processor.py:162} INFO - Started process (PID=215) to work on /home/airflow/.local/lib/python3.8/site-packages/airflow/example_dags/example_latest_only_with_trigger.py
[2021-09-27 03:26:29,178] {processor.py:613} INFO - Processing file /home/airflow/.local/lib/python3.8/site-packages/airflow/example_dags/example_latest_only_with_trigger.py for tasks to queue
[2021-09-27 03:26:29,179] {logging_mixin.py:109} INFO - [2021-09-27 03:26:29,179] {dagbag.py:496} INFO - Filling up the DagBag from /home/airflow/.local/lib/python3.8/site-packages/airflow/example_dags/example_latest_only_with_trigger.py
[2021-09-27 03:26:29,188] {processor.py:623} INFO - DAG(s) dict_keys(['latest_only_with_trigger']) retrieved from /home/airflow/.local/lib/python3.8/site-packages/airflow/example_dags/example_latest_only_with_trigger.py
[2021-09-27 03:26:29,203] {logging_mixin.py:109} INFO - [2021-09-27 03:26:29,203] {dag.py:1833} INFO - Sync 1 DAGs
[2021-09-27 03:26:29,213] {logging_mixin.py:109} INFO - [2021-09-27 03:26:29,213] {dag.py:2306} INFO - Setting next_dagrun for latest_only_with_trigger to 2021-09-25 00:00:00+00:00
[2021-09-27 03:26:29,225] {processor.py:170} INFO - Processing /home/airflow/.local/lib/python3.8/site-packages/airflow/example_dags/example_latest_only_with_trigger.py took 0.050 seconds
[2021-09-27 03:26:59,318] {processor.py:162} INFO - Started process (PID=267) to work on /home/airflow/.local/lib/python3.8/site-packages/airflow/example_dags/example_latest_only_with_trigger.py
[2021-09-27 03:26:59,318] {processor.py:613} INFO - Processing file /home/airflow/.local/lib/python3.8/site-packages/airflow/example_dags/example_latest_only_with_trigger.py for tasks to queue
[2021-09-27 03:26:59,319] {logging_mixin.py:109} INFO - [2021-09-27 03:26:59,319] {dagbag.py:496} INFO - Filling up the DagBag from /home/airflow/.local/lib/python3.8/site-packages/airflow/example_dags/example_latest_only_with_trigger.py
[2021-09-27 03:26:59,326] {processor.py:623} INFO - DAG(s) dict_keys(['latest_only_with_trigger']) retrieved from /home/airflow/.local/lib/python3.8/site-packages/airflow/example_dags/example_latest_only_with_trigger.py
[2021-09-27 03:26:59,339] {logging_mixin.py:109} INFO - [2021-09-27 03:26:59,339] {dag.py:1833} INFO - Sync 1 DAGs
[2021-09-27 03:26:59,348] {logging_mixin.py:109} INFO - [2021-09-27 03:26:59,348] {dag.py:2306} INFO - Setting next_dagrun for latest_only_with_trigger to 2021-09-25 00:00:00+00:00
[2021-09-27 03:26:59,356] {processor.py:170} INFO - Processing /home/airflow/.local/lib/python3.8/site-packages/airflow/example_dags/example_latest_only_with_trigger.py took 0.040 seconds
[2021-09-27 03:27:29,486] {processor.py:162} INFO - Started process (PID=320) to work on /home/airflow/.local/lib/python3.8/site-packages/airflow/example_dags/example_latest_only_with_trigger.py
[2021-09-27 03:27:29,487] {processor.py:613} INFO - Processing file /home/airflow/.local/lib/python3.8/site-packages/airflow/example_dags/example_latest_only_with_trigger.py for tasks to queue
[2021-09-27 03:27:29,487] {logging_mixin.py:109} INFO - [2021-09-27 03:27:29,487] {dagbag.py:496} INFO - Filling up the DagBag from /home/airflow/.local/lib/python3.8/site-packages/airflow/example_dags/example_latest_only_with_trigger.py
[2021-09-27 03:27:29,495] {processor.py:623} INFO - DAG(s) dict_keys(['latest_only_with_trigger']) retrieved from /home/airflow/.local/lib/python3.8/site-packages/airflow/example_dags/example_latest_only_with_trigger.py
[2021-09-27 03:27:29,510] {logging_mixin.py:109} INFO - [2021-09-27 03:27:29,510] {dag.py:1833} INFO - Sync 1 DAGs
[2021-09-27 03:27:29,521] {logging_mixin.py:109} INFO - [2021-09-27 03:27:29,521] {dag.py:2306} INFO - Setting next_dagrun for latest_only_with_trigger to 2021-09-25 00:00:00+00:00
[2021-09-27 03:27:29,531] {processor.py:170} INFO - Processing /home/airflow/.local/lib/python3.8/site-packages/airflow/example_dags/example_latest_only_with_trigger.py took 0.046 seconds
[2021-09-27 03:27:59,825] {processor.py:162} INFO - Started process (PID=366) to work on /home/airflow/.local/lib/python3.8/site-packages/airflow/example_dags/example_latest_only_with_trigger.py
[2021-09-27 03:27:59,826] {processor.py:613} INFO - Processing file /home/airflow/.local/lib/python3.8/site-packages/airflow/example_dags/example_latest_only_with_trigger.py for tasks to queue
[2021-09-27 03:27:59,826] {logging_mixin.py:109} INFO - [2021-09-27 03:27:59,826] {dagbag.py:496} INFO - Filling up the DagBag from /home/airflow/.local/lib/python3.8/site-packages/airflow/example_dags/example_latest_only_with_trigger.py
[2021-09-27 03:27:59,835] {processor.py:623} INFO - DAG(s) dict_keys(['latest_only_with_trigger']) retrieved from /home/airflow/.local/lib/python3.8/site-packages/airflow/example_dags/example_latest_only_with_trigger.py
[2021-09-27 03:27:59,851] {logging_mixin.py:109} INFO - [2021-09-27 03:27:59,851] {dag.py:1833} INFO - Sync 1 DAGs
[2021-09-27 03:27:59,860] {logging_mixin.py:109} INFO - [2021-09-27 03:27:59,860] {dag.py:2306} INFO - Setting next_dagrun for latest_only_with_trigger to 2021-09-25 00:00:00+00:00
[2021-09-27 03:27:59,869] {processor.py:170} INFO - Processing /home/airflow/.local/lib/python3.8/site-packages/airflow/example_dags/example_latest_only_with_trigger.py took 0.047 seconds
[2021-09-27 03:28:30,172] {processor.py:162} INFO - Started process (PID=421) to work on /home/airflow/.local/lib/python3.8/site-packages/airflow/example_dags/example_latest_only_with_trigger.py
[2021-09-27 03:28:30,173] {processor.py:613} INFO - Processing file /home/airflow/.local/lib/python3.8/site-packages/airflow/example_dags/example_latest_only_with_trigger.py for tasks to queue
[2021-09-27 03:28:30,173] {logging_mixin.py:109} INFO - [2021-09-27 03:28:30,173] {dagbag.py:496} INFO - Filling up the DagBag from /home/airflow/.local/lib/python3.8/site-packages/airflow/example_dags/example_latest_only_with_trigger.py
[2021-09-27 03:28:30,182] {processor.py:623} INFO - DAG(s) dict_keys(['latest_only_with_trigger']) retrieved from /home/airflow/.local/lib/python3.8/site-packages/airflow/example_dags/example_latest_only_with_trigger.py
[2021-09-27 03:28:30,197] {logging_mixin.py:109} INFO - [2021-09-27 03:28:30,197] {dag.py:1833} INFO - Sync 1 DAGs
[2021-09-27 03:28:30,206] {logging_mixin.py:109} INFO - [2021-09-27 03:28:30,206] {dag.py:2306} INFO - Setting next_dagrun for latest_only_with_trigger to 2021-09-25 00:00:00+00:00
[2021-09-27 03:28:30,215] {processor.py:170} INFO - Processing /home/airflow/.local/lib/python3.8/site-packages/airflow/example_dags/example_latest_only_with_trigger.py took 0.045 seconds
[2021-09-27 03:29:00,297] {processor.py:162} INFO - Started process (PID=473) to work on /home/airflow/.local/lib/python3.8/site-packages/airflow/example_dags/example_latest_only_with_trigger.py
[2021-09-27 03:29:00,298] {processor.py:613} INFO - Processing file /home/airflow/.local/lib/python3.8/site-packages/airflow/example_dags/example_latest_only_with_trigger.py for tasks to queue
[2021-09-27 03:29:00,299] {logging_mixin.py:109} INFO - [2021-09-27 03:29:00,298] {dagbag.py:496} INFO - Filling up the DagBag from /home/airflow/.local/lib/python3.8/site-packages/airflow/example_dags/example_latest_only_with_trigger.py
[2021-09-27 03:29:00,308] {processor.py:623} INFO - DAG(s) dict_keys(['latest_only_with_trigger']) retrieved from /home/airflow/.local/lib/python3.8/site-packages/airflow/example_dags/example_latest_only_with_trigger.py
[2021-09-27 03:29:00,325] {logging_mixin.py:109} INFO - [2021-09-27 03:29:00,324] {dag.py:1833} INFO - Sync 1 DAGs
[2021-09-27 03:29:00,335] {logging_mixin.py:109} INFO - [2021-09-27 03:29:00,335] {dag.py:2306} INFO - Setting next_dagrun for latest_only_with_trigger to 2021-09-25 00:00:00+00:00
[2021-09-27 03:29:00,344] {processor.py:170} INFO - Processing /home/airflow/.local/lib/python3.8/site-packages/airflow/example_dags/example_latest_only_with_trigger.py took 0.050 seconds
[2021-09-27 03:29:30,488] {processor.py:162} INFO - Started process (PID=519) to work on /home/airflow/.local/lib/python3.8/site-packages/airflow/example_dags/example_latest_only_with_trigger.py
[2021-09-27 03:29:30,489] {processor.py:613} INFO - Processing file /home/airflow/.local/lib/python3.8/site-packages/airflow/example_dags/example_latest_only_with_trigger.py for tasks to queue
[2021-09-27 03:29:30,489] {logging_mixin.py:109} INFO - [2021-09-27 03:29:30,489] {dagbag.py:496} INFO - Filling up the DagBag from /home/airflow/.local/lib/python3.8/site-packages/airflow/example_dags/example_latest_only_with_trigger.py
[2021-09-27 03:29:30,496] {processor.py:623} INFO - DAG(s) dict_keys(['latest_only_with_trigger']) retrieved from /home/airflow/.local/lib/python3.8/site-packages/airflow/example_dags/example_latest_only_with_trigger.py
[2021-09-27 03:29:30,511] {logging_mixin.py:109} INFO - [2021-09-27 03:29:30,511] {dag.py:1833} INFO - Sync 1 DAGs
[2021-09-27 03:29:30,520] {logging_mixin.py:109} INFO - [2021-09-27 03:29:30,520] {dag.py:2306} INFO - Setting next_dagrun for latest_only_with_trigger to 2021-09-25 00:00:00+00:00
[2021-09-27 03:29:30,528] {processor.py:170} INFO - Processing /home/airflow/.local/lib/python3.8/site-packages/airflow/example_dags/example_latest_only_with_trigger.py took 0.042 seconds
[2021-09-27 03:30:00,656] {processor.py:162} INFO - Started process (PID=572) to work on /home/airflow/.local/lib/python3.8/site-packages/airflow/example_dags/example_latest_only_with_trigger.py
[2021-09-27 03:30:00,657] {processor.py:613} INFO - Processing file /home/airflow/.local/lib/python3.8/site-packages/airflow/example_dags/example_latest_only_with_trigger.py for tasks to queue
[2021-09-27 03:30:00,657] {logging_mixin.py:109} INFO - [2021-09-27 03:30:00,657] {dagbag.py:496} INFO - Filling up the DagBag from /home/airflow/.local/lib/python3.8/site-packages/airflow/example_dags/example_latest_only_with_trigger.py
[2021-09-27 03:30:00,665] {processor.py:623} INFO - DAG(s) dict_keys(['latest_only_with_trigger']) retrieved from /home/airflow/.local/lib/python3.8/site-packages/airflow/example_dags/example_latest_only_with_trigger.py
[2021-09-27 03:30:00,676] {logging_mixin.py:109} INFO - [2021-09-27 03:30:00,676] {dag.py:1833} INFO - Sync 1 DAGs
[2021-09-27 03:30:00,685] {logging_mixin.py:109} INFO - [2021-09-27 03:30:00,685] {dag.py:2306} INFO - Setting next_dagrun for latest_only_with_trigger to 2021-09-25 00:00:00+00:00
[2021-09-27 03:30:00,692] {processor.py:170} INFO - Processing /home/airflow/.local/lib/python3.8/site-packages/airflow/example_dags/example_latest_only_with_trigger.py took 0.039 seconds
[2021-09-27 03:30:30,889] {processor.py:162} INFO - Started process (PID=625) to work on /home/airflow/.local/lib/python3.8/site-packages/airflow/example_dags/example_latest_only_with_trigger.py
[2021-09-27 03:30:30,890] {processor.py:613} INFO - Processing file /home/airflow/.local/lib/python3.8/site-packages/airflow/example_dags/example_latest_only_with_trigger.py for tasks to queue
[2021-09-27 03:30:30,890] {logging_mixin.py:109} INFO - [2021-09-27 03:30:30,890] {dagbag.py:496} INFO - Filling up the DagBag from /home/airflow/.local/lib/python3.8/site-packages/airflow/example_dags/example_latest_only_with_trigger.py
[2021-09-27 03:30:30,899] {processor.py:623} INFO - DAG(s) dict_keys(['latest_only_with_trigger']) retrieved from /home/airflow/.local/lib/python3.8/site-packages/airflow/example_dags/example_latest_only_with_trigger.py
[2021-09-27 03:30:30,915] {logging_mixin.py:109} INFO - [2021-09-27 03:30:30,915] {dag.py:1833} INFO - Sync 1 DAGs
[2021-09-27 03:30:30,925] {logging_mixin.py:109} INFO - [2021-09-27 03:30:30,925] {dag.py:2306} INFO - Setting next_dagrun for latest_only_with_trigger to 2021-09-25 00:00:00+00:00
[2021-09-27 03:30:30,934] {processor.py:170} INFO - Processing /home/airflow/.local/lib/python3.8/site-packages/airflow/example_dags/example_latest_only_with_trigger.py took 0.047 seconds
[2021-09-27 03:31:01,021] {processor.py:162} INFO - Started process (PID=678) to work on /home/airflow/.local/lib/python3.8/site-packages/airflow/example_dags/example_latest_only_with_trigger.py
[2021-09-27 03:31:01,022] {processor.py:613} INFO - Processing file /home/airflow/.local/lib/python3.8/site-packages/airflow/example_dags/example_latest_only_with_trigger.py for tasks to queue
[2021-09-27 03:31:01,022] {logging_mixin.py:109} INFO - [2021-09-27 03:31:01,022] {dagbag.py:496} INFO - Filling up the DagBag from /home/airflow/.local/lib/python3.8/site-packages/airflow/example_dags/example_latest_only_with_trigger.py
[2021-09-27 03:31:01,029] {processor.py:623} INFO - DAG(s) dict_keys(['latest_only_with_trigger']) retrieved from /home/airflow/.local/lib/python3.8/site-packages/airflow/example_dags/example_latest_only_with_trigger.py
[2021-09-27 03:31:01,043] {logging_mixin.py:109} INFO - [2021-09-27 03:31:01,043] {dag.py:1833} INFO - Sync 1 DAGs
[2021-09-27 03:31:01,051] {logging_mixin.py:109} INFO - [2021-09-27 03:31:01,051] {dag.py:2306} INFO - Setting next_dagrun for latest_only_with_trigger to 2021-09-25 00:00:00+00:00
[2021-09-27 03:31:01,058] {processor.py:170} INFO - Processing /home/airflow/.local/lib/python3.8/site-packages/airflow/example_dags/example_latest_only_with_trigger.py took 0.040 seconds
[2021-09-27 03:31:31,216] {processor.py:162} INFO - Started process (PID=724) to work on /home/airflow/.local/lib/python3.8/site-packages/airflow/example_dags/example_latest_only_with_trigger.py
[2021-09-27 03:31:31,217] {processor.py:613} INFO - Processing file /home/airflow/.local/lib/python3.8/site-packages/airflow/example_dags/example_latest_only_with_trigger.py for tasks to queue
[2021-09-27 03:31:31,217] {logging_mixin.py:109} INFO - [2021-09-27 03:31:31,217] {dagbag.py:496} INFO - Filling up the DagBag from /home/airflow/.local/lib/python3.8/site-packages/airflow/example_dags/example_latest_only_with_trigger.py
[2021-09-27 03:31:31,225] {processor.py:623} INFO - DAG(s) dict_keys(['latest_only_with_trigger']) retrieved from /home/airflow/.local/lib/python3.8/site-packages/airflow/example_dags/example_latest_only_with_trigger.py
[2021-09-27 03:31:31,240] {logging_mixin.py:109} INFO - [2021-09-27 03:31:31,240] {dag.py:1833} INFO - Sync 1 DAGs
[2021-09-27 03:31:31,249] {logging_mixin.py:109} INFO - [2021-09-27 03:31:31,249] {dag.py:2306} INFO - Setting next_dagrun for latest_only_with_trigger to 2021-09-25 00:00:00+00:00
[2021-09-27 03:31:31,257] {processor.py:170} INFO - Processing /home/airflow/.local/lib/python3.8/site-packages/airflow/example_dags/example_latest_only_with_trigger.py took 0.044 seconds
[2021-09-27 03:32:01,463] {processor.py:162} INFO - Started process (PID=777) to work on /home/airflow/.local/lib/python3.8/site-packages/airflow/example_dags/example_latest_only_with_trigger.py
[2021-09-27 03:32:01,464] {processor.py:613} INFO - Processing file /home/airflow/.local/lib/python3.8/site-packages/airflow/example_dags/example_latest_only_with_trigger.py for tasks to queue
[2021-09-27 03:32:01,464] {logging_mixin.py:109} INFO - [2021-09-27 03:32:01,464] {dagbag.py:496} INFO - Filling up the DagBag from /home/airflow/.local/lib/python3.8/site-packages/airflow/example_dags/example_latest_only_with_trigger.py
[2021-09-27 03:32:01,470] {processor.py:623} INFO - DAG(s) dict_keys(['latest_only_with_trigger']) retrieved from /home/airflow/.local/lib/python3.8/site-packages/airflow/example_dags/example_latest_only_with_trigger.py
[2021-09-27 03:32:01,483] {logging_mixin.py:109} INFO - [2021-09-27 03:32:01,483] {dag.py:1833} INFO - Sync 1 DAGs
[2021-09-27 03:32:01,491] {logging_mixin.py:109} INFO - [2021-09-27 03:32:01,491] {dag.py:2306} INFO - Setting next_dagrun for latest_only_with_trigger to 2021-09-25 00:00:00+00:00
[2021-09-27 03:32:01,498] {processor.py:170} INFO - Processing /home/airflow/.local/lib/python3.8/site-packages/airflow/example_dags/example_latest_only_with_trigger.py took 0.038 seconds
[2021-09-27 03:32:31,881] {processor.py:162} INFO - Started process (PID=830) to work on /home/airflow/.local/lib/python3.8/site-packages/airflow/example_dags/example_latest_only_with_trigger.py
[2021-09-27 03:32:31,882] {processor.py:613} INFO - Processing file /home/airflow/.local/lib/python3.8/site-packages/airflow/example_dags/example_latest_only_with_trigger.py for tasks to queue
[2021-09-27 03:32:31,882] {logging_mixin.py:109} INFO - [2021-09-27 03:32:31,882] {dagbag.py:496} INFO - Filling up the DagBag from /home/airflow/.local/lib/python3.8/site-packages/airflow/example_dags/example_latest_only_with_trigger.py
[2021-09-27 03:32:31,889] {processor.py:623} INFO - DAG(s) dict_keys(['latest_only_with_trigger']) retrieved from /home/airflow/.local/lib/python3.8/site-packages/airflow/example_dags/example_latest_only_with_trigger.py
[2021-09-27 03:32:31,902] {logging_mixin.py:109} INFO - [2021-09-27 03:32:31,902] {dag.py:1833} INFO - Sync 1 DAGs
[2021-09-27 03:32:31,911] {logging_mixin.py:109} INFO - [2021-09-27 03:32:31,911] {dag.py:2306} INFO - Setting next_dagrun for latest_only_with_trigger to 2021-09-25 00:00:00+00:00
[2021-09-27 03:32:31,918] {processor.py:170} INFO - Processing /home/airflow/.local/lib/python3.8/site-packages/airflow/example_dags/example_latest_only_with_trigger.py took 0.039 seconds
[2021-09-27 03:33:02,202] {processor.py:162} INFO - Started process (PID=883) to work on /home/airflow/.local/lib/python3.8/site-packages/airflow/example_dags/example_latest_only_with_trigger.py
[2021-09-27 03:33:02,203] {processor.py:613} INFO - Processing file /home/airflow/.local/lib/python3.8/site-packages/airflow/example_dags/example_latest_only_with_trigger.py for tasks to queue
[2021-09-27 03:33:02,204] {logging_mixin.py:109} INFO - [2021-09-27 03:33:02,204] {dagbag.py:496} INFO - Filling up the DagBag from /home/airflow/.local/lib/python3.8/site-packages/airflow/example_dags/example_latest_only_with_trigger.py
[2021-09-27 03:33:02,210] {processor.py:623} INFO - DAG(s) dict_keys(['latest_only_with_trigger']) retrieved from /home/airflow/.local/lib/python3.8/site-packages/airflow/example_dags/example_latest_only_with_trigger.py
[2021-09-27 03:33:02,225] {logging_mixin.py:109} INFO - [2021-09-27 03:33:02,225] {dag.py:1833} INFO - Sync 1 DAGs
[2021-09-27 03:33:02,235] {logging_mixin.py:109} INFO - [2021-09-27 03:33:02,234] {dag.py:2306} INFO - Setting next_dagrun for latest_only_with_trigger to 2021-09-25 00:00:00+00:00
[2021-09-27 03:33:02,242] {processor.py:170} INFO - Processing /home/airflow/.local/lib/python3.8/site-packages/airflow/example_dags/example_latest_only_with_trigger.py took 0.042 seconds
[2021-09-27 03:33:32,361] {processor.py:162} INFO - Started process (PID=929) to work on /home/airflow/.local/lib/python3.8/site-packages/airflow/example_dags/example_latest_only_with_trigger.py
[2021-09-27 03:33:32,361] {processor.py:613} INFO - Processing file /home/airflow/.local/lib/python3.8/site-packages/airflow/example_dags/example_latest_only_with_trigger.py for tasks to queue
[2021-09-27 03:33:32,362] {logging_mixin.py:109} INFO - [2021-09-27 03:33:32,362] {dagbag.py:496} INFO - Filling up the DagBag from /home/airflow/.local/lib/python3.8/site-packages/airflow/example_dags/example_latest_only_with_trigger.py
[2021-09-27 03:33:32,369] {processor.py:623} INFO - DAG(s) dict_keys(['latest_only_with_trigger']) retrieved from /home/airflow/.local/lib/python3.8/site-packages/airflow/example_dags/example_latest_only_with_trigger.py
[2021-09-27 03:33:32,381] {logging_mixin.py:109} INFO - [2021-09-27 03:33:32,381] {dag.py:1833} INFO - Sync 1 DAGs
[2021-09-27 03:33:32,390] {logging_mixin.py:109} INFO - [2021-09-27 03:33:32,390] {dag.py:2306} INFO - Setting next_dagrun for latest_only_with_trigger to 2021-09-25 00:00:00+00:00
[2021-09-27 03:33:32,397] {processor.py:170} INFO - Processing /home/airflow/.local/lib/python3.8/site-packages/airflow/example_dags/example_latest_only_with_trigger.py took 0.038 seconds
[2021-09-27 03:34:02,584] {processor.py:162} INFO - Started process (PID=982) to work on /home/airflow/.local/lib/python3.8/site-packages/airflow/example_dags/example_latest_only_with_trigger.py
[2021-09-27 03:34:02,585] {processor.py:613} INFO - Processing file /home/airflow/.local/lib/python3.8/site-packages/airflow/example_dags/example_latest_only_with_trigger.py for tasks to queue
[2021-09-27 03:34:02,585] {logging_mixin.py:109} INFO - [2021-09-27 03:34:02,585] {dagbag.py:496} INFO - Filling up the DagBag from /home/airflow/.local/lib/python3.8/site-packages/airflow/example_dags/example_latest_only_with_trigger.py
[2021-09-27 03:34:02,592] {processor.py:623} INFO - DAG(s) dict_keys(['latest_only_with_trigger']) retrieved from /home/airflow/.local/lib/python3.8/site-packages/airflow/example_dags/example_latest_only_with_trigger.py
[2021-09-27 03:34:02,607] {logging_mixin.py:109} INFO - [2021-09-27 03:34:02,607] {dag.py:1833} INFO - Sync 1 DAGs
[2021-09-27 03:34:02,619] {logging_mixin.py:109} INFO - [2021-09-27 03:34:02,618] {dag.py:2306} INFO - Setting next_dagrun for latest_only_with_trigger to 2021-09-25 00:00:00+00:00
[2021-09-27 03:34:02,626] {processor.py:170} INFO - Processing /home/airflow/.local/lib/python3.8/site-packages/airflow/example_dags/example_latest_only_with_trigger.py took 0.045 seconds
[2021-09-27 03:34:32,800] {processor.py:162} INFO - Started process (PID=1035) to work on /home/airflow/.local/lib/python3.8/site-packages/airflow/example_dags/example_latest_only_with_trigger.py
[2021-09-27 03:34:32,801] {processor.py:613} INFO - Processing file /home/airflow/.local/lib/python3.8/site-packages/airflow/example_dags/example_latest_only_with_trigger.py for tasks to queue
[2021-09-27 03:34:32,801] {logging_mixin.py:109} INFO - [2021-09-27 03:34:32,801] {dagbag.py:496} INFO - Filling up the DagBag from /home/airflow/.local/lib/python3.8/site-packages/airflow/example_dags/example_latest_only_with_trigger.py
[2021-09-27 03:34:32,810] {processor.py:623} INFO - DAG(s) dict_keys(['latest_only_with_trigger']) retrieved from /home/airflow/.local/lib/python3.8/site-packages/airflow/example_dags/example_latest_only_with_trigger.py
[2021-09-27 03:34:32,825] {logging_mixin.py:109} INFO - [2021-09-27 03:34:32,824] {dag.py:1833} INFO - Sync 1 DAGs
[2021-09-27 03:34:32,833] {logging_mixin.py:109} INFO - [2021-09-27 03:34:32,833] {dag.py:2306} INFO - Setting next_dagrun for latest_only_with_trigger to 2021-09-25 00:00:00+00:00
[2021-09-27 03:34:32,842] {processor.py:170} INFO - Processing /home/airflow/.local/lib/python3.8/site-packages/airflow/example_dags/example_latest_only_with_trigger.py took 0.045 seconds
[2021-09-27 03:35:03,199] {processor.py:162} INFO - Started process (PID=1089) to work on /home/airflow/.local/lib/python3.8/site-packages/airflow/example_dags/example_latest_only_with_trigger.py
[2021-09-27 03:35:03,200] {processor.py:613} INFO - Processing file /home/airflow/.local/lib/python3.8/site-packages/airflow/example_dags/example_latest_only_with_trigger.py for tasks to queue
[2021-09-27 03:35:03,200] {logging_mixin.py:109} INFO - [2021-09-27 03:35:03,200] {dagbag.py:496} INFO - Filling up the DagBag from /home/airflow/.local/lib/python3.8/site-packages/airflow/example_dags/example_latest_only_with_trigger.py
[2021-09-27 03:35:03,209] {processor.py:623} INFO - DAG(s) dict_keys(['latest_only_with_trigger']) retrieved from /home/airflow/.local/lib/python3.8/site-packages/airflow/example_dags/example_latest_only_with_trigger.py
[2021-09-27 03:35:03,222] {logging_mixin.py:109} INFO - [2021-09-27 03:35:03,222] {dag.py:1833} INFO - Sync 1 DAGs
[2021-09-27 03:35:03,231] {logging_mixin.py:109} INFO - [2021-09-27 03:35:03,231] {dag.py:2306} INFO - Setting next_dagrun for latest_only_with_trigger to 2021-09-25 00:00:00+00:00
[2021-09-27 03:35:03,240] {processor.py:170} INFO - Processing /home/airflow/.local/lib/python3.8/site-packages/airflow/example_dags/example_latest_only_with_trigger.py took 0.043 seconds
[2021-09-27 03:35:33,540] {processor.py:162} INFO - Started process (PID=1135) to work on /home/airflow/.local/lib/python3.8/site-packages/airflow/example_dags/example_latest_only_with_trigger.py
[2021-09-27 03:35:33,541] {processor.py:613} INFO - Processing file /home/airflow/.local/lib/python3.8/site-packages/airflow/example_dags/example_latest_only_with_trigger.py for tasks to queue
[2021-09-27 03:35:33,541] {logging_mixin.py:109} INFO - [2021-09-27 03:35:33,541] {dagbag.py:496} INFO - Filling up the DagBag from /home/airflow/.local/lib/python3.8/site-packages/airflow/example_dags/example_latest_only_with_trigger.py
[2021-09-27 03:35:33,549] {processor.py:623} INFO - DAG(s) dict_keys(['latest_only_with_trigger']) retrieved from /home/airflow/.local/lib/python3.8/site-packages/airflow/example_dags/example_latest_only_with_trigger.py
[2021-09-27 03:35:33,564] {logging_mixin.py:109} INFO - [2021-09-27 03:35:33,564] {dag.py:1833} INFO - Sync 1 DAGs
[2021-09-27 03:35:33,574] {logging_mixin.py:109} INFO - [2021-09-27 03:35:33,574] {dag.py:2306} INFO - Setting next_dagrun for latest_only_with_trigger to 2021-09-25 00:00:00+00:00
[2021-09-27 03:35:33,581] {processor.py:170} INFO - Processing /home/airflow/.local/lib/python3.8/site-packages/airflow/example_dags/example_latest_only_with_trigger.py took 0.044 seconds
[2021-09-27 03:36:03,727] {processor.py:162} INFO - Started process (PID=1188) to work on /home/airflow/.local/lib/python3.8/site-packages/airflow/example_dags/example_latest_only_with_trigger.py
[2021-09-27 03:36:03,728] {processor.py:613} INFO - Processing file /home/airflow/.local/lib/python3.8/site-packages/airflow/example_dags/example_latest_only_with_trigger.py for tasks to queue
[2021-09-27 03:36:03,729] {logging_mixin.py:109} INFO - [2021-09-27 03:36:03,729] {dagbag.py:496} INFO - Filling up the DagBag from /home/airflow/.local/lib/python3.8/site-packages/airflow/example_dags/example_latest_only_with_trigger.py
[2021-09-27 03:36:03,736] {processor.py:623} INFO - DAG(s) dict_keys(['latest_only_with_trigger']) retrieved from /home/airflow/.local/lib/python3.8/site-packages/airflow/example_dags/example_latest_only_with_trigger.py
[2021-09-27 03:36:03,749] {logging_mixin.py:109} INFO - [2021-09-27 03:36:03,749] {dag.py:1833} INFO - Sync 1 DAGs
[2021-09-27 03:36:03,759] {logging_mixin.py:109} INFO - [2021-09-27 03:36:03,759] {dag.py:2306} INFO - Setting next_dagrun for latest_only_with_trigger to 2021-09-25 00:00:00+00:00
[2021-09-27 03:36:03,767] {processor.py:170} INFO - Processing /home/airflow/.local/lib/python3.8/site-packages/airflow/example_dags/example_latest_only_with_trigger.py took 0.042 seconds
[2021-09-27 03:36:34,110] {processor.py:162} INFO - Started process (PID=1241) to work on /home/airflow/.local/lib/python3.8/site-packages/airflow/example_dags/example_latest_only_with_trigger.py
[2021-09-27 03:36:34,111] {processor.py:613} INFO - Processing file /home/airflow/.local/lib/python3.8/site-packages/airflow/example_dags/example_latest_only_with_trigger.py for tasks to queue
[2021-09-27 03:36:34,112] {logging_mixin.py:109} INFO - [2021-09-27 03:36:34,112] {dagbag.py:496} INFO - Filling up the DagBag from /home/airflow/.local/lib/python3.8/site-packages/airflow/example_dags/example_latest_only_with_trigger.py
[2021-09-27 03:36:34,120] {processor.py:623} INFO - DAG(s) dict_keys(['latest_only_with_trigger']) retrieved from /home/airflow/.local/lib/python3.8/site-packages/airflow/example_dags/example_latest_only_with_trigger.py
[2021-09-27 03:36:34,134] {logging_mixin.py:109} INFO - [2021-09-27 03:36:34,134] {dag.py:1833} INFO - Sync 1 DAGs
[2021-09-27 03:36:34,144] {logging_mixin.py:109} INFO - [2021-09-27 03:36:34,144] {dag.py:2306} INFO - Setting next_dagrun for latest_only_with_trigger to 2021-09-25 00:00:00+00:00
[2021-09-27 03:36:34,152] {processor.py:170} INFO - Processing /home/airflow/.local/lib/python3.8/site-packages/airflow/example_dags/example_latest_only_with_trigger.py took 0.044 seconds
[2021-09-27 03:37:04,366] {processor.py:162} INFO - Started process (PID=1294) to work on /home/airflow/.local/lib/python3.8/site-packages/airflow/example_dags/example_latest_only_with_trigger.py
[2021-09-27 03:37:04,368] {processor.py:613} INFO - Processing file /home/airflow/.local/lib/python3.8/site-packages/airflow/example_dags/example_latest_only_with_trigger.py for tasks to queue
[2021-09-27 03:37:04,368] {logging_mixin.py:109} INFO - [2021-09-27 03:37:04,368] {dagbag.py:496} INFO - Filling up the DagBag from /home/airflow/.local/lib/python3.8/site-packages/airflow/example_dags/example_latest_only_with_trigger.py
[2021-09-27 03:37:04,377] {processor.py:623} INFO - DAG(s) dict_keys(['latest_only_with_trigger']) retrieved from /home/airflow/.local/lib/python3.8/site-packages/airflow/example_dags/example_latest_only_with_trigger.py
[2021-09-27 03:37:04,394] {logging_mixin.py:109} INFO - [2021-09-27 03:37:04,393] {dag.py:1833} INFO - Sync 1 DAGs
[2021-09-27 03:37:04,405] {logging_mixin.py:109} INFO - [2021-09-27 03:37:04,404] {dag.py:2306} INFO - Setting next_dagrun for latest_only_with_trigger to 2021-09-25 00:00:00+00:00
[2021-09-27 03:37:04,413] {processor.py:170} INFO - Processing /home/airflow/.local/lib/python3.8/site-packages/airflow/example_dags/example_latest_only_with_trigger.py took 0.049 seconds
[2021-09-27 03:37:34,740] {processor.py:162} INFO - Started process (PID=1340) to work on /home/airflow/.local/lib/python3.8/site-packages/airflow/example_dags/example_latest_only_with_trigger.py
[2021-09-27 03:37:34,741] {processor.py:613} INFO - Processing file /home/airflow/.local/lib/python3.8/site-packages/airflow/example_dags/example_latest_only_with_trigger.py for tasks to queue
[2021-09-27 03:37:34,741] {logging_mixin.py:109} INFO - [2021-09-27 03:37:34,741] {dagbag.py:496} INFO - Filling up the DagBag from /home/airflow/.local/lib/python3.8/site-packages/airflow/example_dags/example_latest_only_with_trigger.py
[2021-09-27 03:37:34,750] {processor.py:623} INFO - DAG(s) dict_keys(['latest_only_with_trigger']) retrieved from /home/airflow/.local/lib/python3.8/site-packages/airflow/example_dags/example_latest_only_with_trigger.py
[2021-09-27 03:37:34,764] {logging_mixin.py:109} INFO - [2021-09-27 03:37:34,763] {dag.py:1833} INFO - Sync 1 DAGs
[2021-09-27 03:37:34,775] {logging_mixin.py:109} INFO - [2021-09-27 03:37:34,775] {dag.py:2306} INFO - Setting next_dagrun for latest_only_with_trigger to 2021-09-25 00:00:00+00:00
[2021-09-27 03:37:34,785] {processor.py:170} INFO - Processing /home/airflow/.local/lib/python3.8/site-packages/airflow/example_dags/example_latest_only_with_trigger.py took 0.048 seconds
[2021-09-27 03:38:05,092] {processor.py:162} INFO - Started process (PID=1394) to work on /home/airflow/.local/lib/python3.8/site-packages/airflow/example_dags/example_latest_only_with_trigger.py
[2021-09-27 03:38:05,093] {processor.py:613} INFO - Processing file /home/airflow/.local/lib/python3.8/site-packages/airflow/example_dags/example_latest_only_with_trigger.py for tasks to queue
[2021-09-27 03:38:05,093] {logging_mixin.py:109} INFO - [2021-09-27 03:38:05,093] {dagbag.py:496} INFO - Filling up the DagBag from /home/airflow/.local/lib/python3.8/site-packages/airflow/example_dags/example_latest_only_with_trigger.py
[2021-09-27 03:38:05,103] {processor.py:623} INFO - DAG(s) dict_keys(['latest_only_with_trigger']) retrieved from /home/airflow/.local/lib/python3.8/site-packages/airflow/example_dags/example_latest_only_with_trigger.py
[2021-09-27 03:38:05,118] {logging_mixin.py:109} INFO - [2021-09-27 03:38:05,118] {dag.py:1833} INFO - Sync 1 DAGs
[2021-09-27 03:38:05,127] {logging_mixin.py:109} INFO - [2021-09-27 03:38:05,127] {dag.py:2306} INFO - Setting next_dagrun for latest_only_with_trigger to 2021-09-25 00:00:00+00:00
[2021-09-27 03:38:05,139] {processor.py:170} INFO - Processing /home/airflow/.local/lib/python3.8/site-packages/airflow/example_dags/example_latest_only_with_trigger.py took 0.049 seconds
[2021-09-27 03:38:35,456] {processor.py:162} INFO - Started process (PID=1447) to work on /home/airflow/.local/lib/python3.8/site-packages/airflow/example_dags/example_latest_only_with_trigger.py
[2021-09-27 03:38:35,457] {processor.py:613} INFO - Processing file /home/airflow/.local/lib/python3.8/site-packages/airflow/example_dags/example_latest_only_with_trigger.py for tasks to queue
[2021-09-27 03:38:35,457] {logging_mixin.py:109} INFO - [2021-09-27 03:38:35,457] {dagbag.py:496} INFO - Filling up the DagBag from /home/airflow/.local/lib/python3.8/site-packages/airflow/example_dags/example_latest_only_with_trigger.py
[2021-09-27 03:38:35,465] {processor.py:623} INFO - DAG(s) dict_keys(['latest_only_with_trigger']) retrieved from /home/airflow/.local/lib/python3.8/site-packages/airflow/example_dags/example_latest_only_with_trigger.py
[2021-09-27 03:38:35,479] {logging_mixin.py:109} INFO - [2021-09-27 03:38:35,479] {dag.py:1833} INFO - Sync 1 DAGs
[2021-09-27 03:38:35,488] {logging_mixin.py:109} INFO - [2021-09-27 03:38:35,488] {dag.py:2306} INFO - Setting next_dagrun for latest_only_with_trigger to 2021-09-25 00:00:00+00:00
[2021-09-27 03:38:35,498] {processor.py:170} INFO - Processing /home/airflow/.local/lib/python3.8/site-packages/airflow/example_dags/example_latest_only_with_trigger.py took 0.045 seconds
[2021-09-27 03:39:05,750] {processor.py:162} INFO - Started process (PID=1493) to work on /home/airflow/.local/lib/python3.8/site-packages/airflow/example_dags/example_latest_only_with_trigger.py
[2021-09-27 03:39:05,752] {processor.py:613} INFO - Processing file /home/airflow/.local/lib/python3.8/site-packages/airflow/example_dags/example_latest_only_with_trigger.py for tasks to queue
[2021-09-27 03:39:05,752] {logging_mixin.py:109} INFO - [2021-09-27 03:39:05,752] {dagbag.py:496} INFO - Filling up the DagBag from /home/airflow/.local/lib/python3.8/site-packages/airflow/example_dags/example_latest_only_with_trigger.py
[2021-09-27 03:39:05,761] {processor.py:623} INFO - DAG(s) dict_keys(['latest_only_with_trigger']) retrieved from /home/airflow/.local/lib/python3.8/site-packages/airflow/example_dags/example_latest_only_with_trigger.py
[2021-09-27 03:39:05,776] {logging_mixin.py:109} INFO - [2021-09-27 03:39:05,776] {dag.py:1833} INFO - Sync 1 DAGs
[2021-09-27 03:39:05,785] {logging_mixin.py:109} INFO - [2021-09-27 03:39:05,785] {dag.py:2306} INFO - Setting next_dagrun for latest_only_with_trigger to 2021-09-25 00:00:00+00:00
[2021-09-27 03:39:05,794] {processor.py:170} INFO - Processing /home/airflow/.local/lib/python3.8/site-packages/airflow/example_dags/example_latest_only_with_trigger.py took 0.045 seconds
[2021-09-27 03:39:35,920] {processor.py:162} INFO - Started process (PID=1546) to work on /home/airflow/.local/lib/python3.8/site-packages/airflow/example_dags/example_latest_only_with_trigger.py
[2021-09-27 03:39:35,921] {processor.py:613} INFO - Processing file /home/airflow/.local/lib/python3.8/site-packages/airflow/example_dags/example_latest_only_with_trigger.py for tasks to queue
[2021-09-27 03:39:35,922] {logging_mixin.py:109} INFO - [2021-09-27 03:39:35,922] {dagbag.py:496} INFO - Filling up the DagBag from /home/airflow/.local/lib/python3.8/site-packages/airflow/example_dags/example_latest_only_with_trigger.py
[2021-09-27 03:39:35,928] {processor.py:623} INFO - DAG(s) dict_keys(['latest_only_with_trigger']) retrieved from /home/airflow/.local/lib/python3.8/site-packages/airflow/example_dags/example_latest_only_with_trigger.py
[2021-09-27 03:39:35,941] {logging_mixin.py:109} INFO - [2021-09-27 03:39:35,941] {dag.py:1833} INFO - Sync 1 DAGs
[2021-09-27 03:39:35,950] {logging_mixin.py:109} INFO - [2021-09-27 03:39:35,950] {dag.py:2306} INFO - Setting next_dagrun for latest_only_with_trigger to 2021-09-25 00:00:00+00:00
[2021-09-27 03:39:35,958] {processor.py:170} INFO - Processing /home/airflow/.local/lib/python3.8/site-packages/airflow/example_dags/example_latest_only_with_trigger.py took 0.040 seconds
[2021-09-27 03:40:06,059] {processor.py:162} INFO - Started process (PID=1599) to work on /home/airflow/.local/lib/python3.8/site-packages/airflow/example_dags/example_latest_only_with_trigger.py
[2021-09-27 03:40:06,060] {processor.py:613} INFO - Processing file /home/airflow/.local/lib/python3.8/site-packages/airflow/example_dags/example_latest_only_with_trigger.py for tasks to queue
[2021-09-27 03:40:06,061] {logging_mixin.py:109} INFO - [2021-09-27 03:40:06,060] {dagbag.py:496} INFO - Filling up the DagBag from /home/airflow/.local/lib/python3.8/site-packages/airflow/example_dags/example_latest_only_with_trigger.py
[2021-09-27 03:40:06,068] {processor.py:623} INFO - DAG(s) dict_keys(['latest_only_with_trigger']) retrieved from /home/airflow/.local/lib/python3.8/site-packages/airflow/example_dags/example_latest_only_with_trigger.py
[2021-09-27 03:40:06,082] {logging_mixin.py:109} INFO - [2021-09-27 03:40:06,082] {dag.py:1833} INFO - Sync 1 DAGs
[2021-09-27 03:40:06,092] {logging_mixin.py:109} INFO - [2021-09-27 03:40:06,092] {dag.py:2306} INFO - Setting next_dagrun for latest_only_with_trigger to 2021-09-25 00:00:00+00:00
[2021-09-27 03:40:06,103] {processor.py:170} INFO - Processing /home/airflow/.local/lib/python3.8/site-packages/airflow/example_dags/example_latest_only_with_trigger.py took 0.046 seconds
[2021-09-27 03:40:36,429] {processor.py:162} INFO - Started process (PID=1653) to work on /home/airflow/.local/lib/python3.8/site-packages/airflow/example_dags/example_latest_only_with_trigger.py
[2021-09-27 03:40:36,430] {processor.py:613} INFO - Processing file /home/airflow/.local/lib/python3.8/site-packages/airflow/example_dags/example_latest_only_with_trigger.py for tasks to queue
[2021-09-27 03:40:36,431] {logging_mixin.py:109} INFO - [2021-09-27 03:40:36,431] {dagbag.py:496} INFO - Filling up the DagBag from /home/airflow/.local/lib/python3.8/site-packages/airflow/example_dags/example_latest_only_with_trigger.py
[2021-09-27 03:40:36,438] {processor.py:623} INFO - DAG(s) dict_keys(['latest_only_with_trigger']) retrieved from /home/airflow/.local/lib/python3.8/site-packages/airflow/example_dags/example_latest_only_with_trigger.py
[2021-09-27 03:40:36,452] {logging_mixin.py:109} INFO - [2021-09-27 03:40:36,452] {dag.py:1833} INFO - Sync 1 DAGs
[2021-09-27 03:40:36,463] {logging_mixin.py:109} INFO - [2021-09-27 03:40:36,463] {dag.py:2306} INFO - Setting next_dagrun for latest_only_with_trigger to 2021-09-25 00:00:00+00:00
[2021-09-27 03:40:36,471] {processor.py:170} INFO - Processing /home/airflow/.local/lib/python3.8/site-packages/airflow/example_dags/example_latest_only_with_trigger.py took 0.044 seconds
[2021-09-27 03:41:06,742] {processor.py:162} INFO - Started process (PID=1699) to work on /home/airflow/.local/lib/python3.8/site-packages/airflow/example_dags/example_latest_only_with_trigger.py
[2021-09-27 03:41:06,742] {processor.py:613} INFO - Processing file /home/airflow/.local/lib/python3.8/site-packages/airflow/example_dags/example_latest_only_with_trigger.py for tasks to queue
[2021-09-27 03:41:06,743] {logging_mixin.py:109} INFO - [2021-09-27 03:41:06,743] {dagbag.py:496} INFO - Filling up the DagBag from /home/airflow/.local/lib/python3.8/site-packages/airflow/example_dags/example_latest_only_with_trigger.py
[2021-09-27 03:41:06,749] {processor.py:623} INFO - DAG(s) dict_keys(['latest_only_with_trigger']) retrieved from /home/airflow/.local/lib/python3.8/site-packages/airflow/example_dags/example_latest_only_with_trigger.py
[2021-09-27 03:41:06,762] {logging_mixin.py:109} INFO - [2021-09-27 03:41:06,762] {dag.py:1833} INFO - Sync 1 DAGs
[2021-09-27 03:41:06,771] {logging_mixin.py:109} INFO - [2021-09-27 03:41:06,770] {dag.py:2306} INFO - Setting next_dagrun for latest_only_with_trigger to 2021-09-25 00:00:00+00:00
[2021-09-27 03:41:06,780] {processor.py:170} INFO - Processing /home/airflow/.local/lib/python3.8/site-packages/airflow/example_dags/example_latest_only_with_trigger.py took 0.041 seconds
[2021-09-27 03:41:37,034] {processor.py:162} INFO - Started process (PID=1753) to work on /home/airflow/.local/lib/python3.8/site-packages/airflow/example_dags/example_latest_only_with_trigger.py
[2021-09-27 03:41:37,035] {processor.py:613} INFO - Processing file /home/airflow/.local/lib/python3.8/site-packages/airflow/example_dags/example_latest_only_with_trigger.py for tasks to queue
[2021-09-27 03:41:37,035] {logging_mixin.py:109} INFO - [2021-09-27 03:41:37,035] {dagbag.py:496} INFO - Filling up the DagBag from /home/airflow/.local/lib/python3.8/site-packages/airflow/example_dags/example_latest_only_with_trigger.py
[2021-09-27 03:41:37,042] {processor.py:623} INFO - DAG(s) dict_keys(['latest_only_with_trigger']) retrieved from /home/airflow/.local/lib/python3.8/site-packages/airflow/example_dags/example_latest_only_with_trigger.py
[2021-09-27 03:41:37,055] {logging_mixin.py:109} INFO - [2021-09-27 03:41:37,055] {dag.py:1833} INFO - Sync 1 DAGs
[2021-09-27 03:41:37,064] {logging_mixin.py:109} INFO - [2021-09-27 03:41:37,064] {dag.py:2306} INFO - Setting next_dagrun for latest_only_with_trigger to 2021-09-25 00:00:00+00:00
[2021-09-27 03:41:37,071] {processor.py:170} INFO - Processing /home/airflow/.local/lib/python3.8/site-packages/airflow/example_dags/example_latest_only_with_trigger.py took 0.040 seconds
[2021-09-27 03:42:07,262] {processor.py:162} INFO - Started process (PID=1807) to work on /home/airflow/.local/lib/python3.8/site-packages/airflow/example_dags/example_latest_only_with_trigger.py
[2021-09-27 03:42:07,263] {processor.py:613} INFO - Processing file /home/airflow/.local/lib/python3.8/site-packages/airflow/example_dags/example_latest_only_with_trigger.py for tasks to queue
[2021-09-27 03:42:07,264] {logging_mixin.py:109} INFO - [2021-09-27 03:42:07,263] {dagbag.py:496} INFO - Filling up the DagBag from /home/airflow/.local/lib/python3.8/site-packages/airflow/example_dags/example_latest_only_with_trigger.py
[2021-09-27 03:42:07,271] {processor.py:623} INFO - DAG(s) dict_keys(['latest_only_with_trigger']) retrieved from /home/airflow/.local/lib/python3.8/site-packages/airflow/example_dags/example_latest_only_with_trigger.py
[2021-09-27 03:42:07,286] {logging_mixin.py:109} INFO - [2021-09-27 03:42:07,286] {dag.py:1833} INFO - Sync 1 DAGs
[2021-09-27 03:42:07,295] {logging_mixin.py:109} INFO - [2021-09-27 03:42:07,295] {dag.py:2306} INFO - Setting next_dagrun for latest_only_with_trigger to 2021-09-25 00:00:00+00:00
[2021-09-27 03:42:07,303] {processor.py:170} INFO - Processing /home/airflow/.local/lib/python3.8/site-packages/airflow/example_dags/example_latest_only_with_trigger.py took 0.043 seconds
[2021-09-27 03:42:37,575] {processor.py:162} INFO - Started process (PID=1861) to work on /home/airflow/.local/lib/python3.8/site-packages/airflow/example_dags/example_latest_only_with_trigger.py
[2021-09-27 03:42:37,576] {processor.py:613} INFO - Processing file /home/airflow/.local/lib/python3.8/site-packages/airflow/example_dags/example_latest_only_with_trigger.py for tasks to queue
[2021-09-27 03:42:37,576] {logging_mixin.py:109} INFO - [2021-09-27 03:42:37,576] {dagbag.py:496} INFO - Filling up the DagBag from /home/airflow/.local/lib/python3.8/site-packages/airflow/example_dags/example_latest_only_with_trigger.py
[2021-09-27 03:42:37,584] {processor.py:623} INFO - DAG(s) dict_keys(['latest_only_with_trigger']) retrieved from /home/airflow/.local/lib/python3.8/site-packages/airflow/example_dags/example_latest_only_with_trigger.py
[2021-09-27 03:42:37,601] {logging_mixin.py:109} INFO - [2021-09-27 03:42:37,600] {dag.py:1833} INFO - Sync 1 DAGs
[2021-09-27 03:42:37,611] {logging_mixin.py:109} INFO - [2021-09-27 03:42:37,611] {dag.py:2306} INFO - Setting next_dagrun for latest_only_with_trigger to 2021-09-25 00:00:00+00:00
[2021-09-27 03:42:37,619] {processor.py:170} INFO - Processing /home/airflow/.local/lib/python3.8/site-packages/airflow/example_dags/example_latest_only_with_trigger.py took 0.047 seconds
[2021-09-27 03:43:07,798] {processor.py:162} INFO - Started process (PID=1907) to work on /home/airflow/.local/lib/python3.8/site-packages/airflow/example_dags/example_latest_only_with_trigger.py
[2021-09-27 03:43:07,799] {processor.py:613} INFO - Processing file /home/airflow/.local/lib/python3.8/site-packages/airflow/example_dags/example_latest_only_with_trigger.py for tasks to queue
[2021-09-27 03:43:07,800] {logging_mixin.py:109} INFO - [2021-09-27 03:43:07,799] {dagbag.py:496} INFO - Filling up the DagBag from /home/airflow/.local/lib/python3.8/site-packages/airflow/example_dags/example_latest_only_with_trigger.py
[2021-09-27 03:43:07,806] {processor.py:623} INFO - DAG(s) dict_keys(['latest_only_with_trigger']) retrieved from /home/airflow/.local/lib/python3.8/site-packages/airflow/example_dags/example_latest_only_with_trigger.py
[2021-09-27 03:43:07,821] {logging_mixin.py:109} INFO - [2021-09-27 03:43:07,821] {dag.py:1833} INFO - Sync 1 DAGs
[2021-09-27 03:43:07,830] {logging_mixin.py:109} INFO - [2021-09-27 03:43:07,830] {dag.py:2306} INFO - Setting next_dagrun for latest_only_with_trigger to 2021-09-25 00:00:00+00:00
[2021-09-27 03:43:07,837] {processor.py:170} INFO - Processing /home/airflow/.local/lib/python3.8/site-packages/airflow/example_dags/example_latest_only_with_trigger.py took 0.042 seconds
[2021-09-27 03:43:38,153] {processor.py:162} INFO - Started process (PID=1960) to work on /home/airflow/.local/lib/python3.8/site-packages/airflow/example_dags/example_latest_only_with_trigger.py
[2021-09-27 03:43:38,155] {processor.py:613} INFO - Processing file /home/airflow/.local/lib/python3.8/site-packages/airflow/example_dags/example_latest_only_with_trigger.py for tasks to queue
[2021-09-27 03:43:38,155] {logging_mixin.py:109} INFO - [2021-09-27 03:43:38,155] {dagbag.py:496} INFO - Filling up the DagBag from /home/airflow/.local/lib/python3.8/site-packages/airflow/example_dags/example_latest_only_with_trigger.py
[2021-09-27 03:43:38,163] {processor.py:623} INFO - DAG(s) dict_keys(['latest_only_with_trigger']) retrieved from /home/airflow/.local/lib/python3.8/site-packages/airflow/example_dags/example_latest_only_with_trigger.py
[2021-09-27 03:43:38,178] {logging_mixin.py:109} INFO - [2021-09-27 03:43:38,178] {dag.py:1833} INFO - Sync 1 DAGs
[2021-09-27 03:43:38,187] {logging_mixin.py:109} INFO - [2021-09-27 03:43:38,187] {dag.py:2306} INFO - Setting next_dagrun for latest_only_with_trigger to 2021-09-25 00:00:00+00:00
[2021-09-27 03:43:38,196] {processor.py:170} INFO - Processing /home/airflow/.local/lib/python3.8/site-packages/airflow/example_dags/example_latest_only_with_trigger.py took 0.045 seconds
[2021-09-27 03:44:08,556] {processor.py:162} INFO - Started process (PID=2013) to work on /home/airflow/.local/lib/python3.8/site-packages/airflow/example_dags/example_latest_only_with_trigger.py
[2021-09-27 03:44:08,557] {processor.py:613} INFO - Processing file /home/airflow/.local/lib/python3.8/site-packages/airflow/example_dags/example_latest_only_with_trigger.py for tasks to queue
[2021-09-27 03:44:08,557] {logging_mixin.py:109} INFO - [2021-09-27 03:44:08,557] {dagbag.py:496} INFO - Filling up the DagBag from /home/airflow/.local/lib/python3.8/site-packages/airflow/example_dags/example_latest_only_with_trigger.py
[2021-09-27 03:44:08,565] {processor.py:623} INFO - DAG(s) dict_keys(['latest_only_with_trigger']) retrieved from /home/airflow/.local/lib/python3.8/site-packages/airflow/example_dags/example_latest_only_with_trigger.py
[2021-09-27 03:44:08,581] {logging_mixin.py:109} INFO - [2021-09-27 03:44:08,581] {dag.py:1833} INFO - Sync 1 DAGs
[2021-09-27 03:44:08,592] {logging_mixin.py:109} INFO - [2021-09-27 03:44:08,592] {dag.py:2306} INFO - Setting next_dagrun for latest_only_with_trigger to 2021-09-25 00:00:00+00:00
[2021-09-27 03:44:08,601] {processor.py:170} INFO - Processing /home/airflow/.local/lib/python3.8/site-packages/airflow/example_dags/example_latest_only_with_trigger.py took 0.047 seconds
[2021-09-27 03:44:38,873] {processor.py:162} INFO - Started process (PID=2066) to work on /home/airflow/.local/lib/python3.8/site-packages/airflow/example_dags/example_latest_only_with_trigger.py
[2021-09-27 03:44:38,874] {processor.py:613} INFO - Processing file /home/airflow/.local/lib/python3.8/site-packages/airflow/example_dags/example_latest_only_with_trigger.py for tasks to queue
[2021-09-27 03:44:38,875] {logging_mixin.py:109} INFO - [2021-09-27 03:44:38,875] {dagbag.py:496} INFO - Filling up the DagBag from /home/airflow/.local/lib/python3.8/site-packages/airflow/example_dags/example_latest_only_with_trigger.py
[2021-09-27 03:44:38,882] {processor.py:623} INFO - DAG(s) dict_keys(['latest_only_with_trigger']) retrieved from /home/airflow/.local/lib/python3.8/site-packages/airflow/example_dags/example_latest_only_with_trigger.py
[2021-09-27 03:44:38,895] {logging_mixin.py:109} INFO - [2021-09-27 03:44:38,895] {dag.py:1833} INFO - Sync 1 DAGs
[2021-09-27 03:44:38,904] {logging_mixin.py:109} INFO - [2021-09-27 03:44:38,904] {dag.py:2306} INFO - Setting next_dagrun for latest_only_with_trigger to 2021-09-25 00:00:00+00:00
[2021-09-27 03:44:38,911] {processor.py:170} INFO - Processing /home/airflow/.local/lib/python3.8/site-packages/airflow/example_dags/example_latest_only_with_trigger.py took 0.040 seconds
[2021-09-27 03:45:09,024] {processor.py:162} INFO - Started process (PID=2112) to work on /home/airflow/.local/lib/python3.8/site-packages/airflow/example_dags/example_latest_only_with_trigger.py
[2021-09-27 03:45:09,025] {processor.py:613} INFO - Processing file /home/airflow/.local/lib/python3.8/site-packages/airflow/example_dags/example_latest_only_with_trigger.py for tasks to queue
[2021-09-27 03:45:09,026] {logging_mixin.py:109} INFO - [2021-09-27 03:45:09,026] {dagbag.py:496} INFO - Filling up the DagBag from /home/airflow/.local/lib/python3.8/site-packages/airflow/example_dags/example_latest_only_with_trigger.py
[2021-09-27 03:45:09,033] {processor.py:623} INFO - DAG(s) dict_keys(['latest_only_with_trigger']) retrieved from /home/airflow/.local/lib/python3.8/site-packages/airflow/example_dags/example_latest_only_with_trigger.py
[2021-09-27 03:45:09,046] {logging_mixin.py:109} INFO - [2021-09-27 03:45:09,046] {dag.py:1833} INFO - Sync 1 DAGs
[2021-09-27 03:45:09,055] {logging_mixin.py:109} INFO - [2021-09-27 03:45:09,055] {dag.py:2306} INFO - Setting next_dagrun for latest_only_with_trigger to 2021-09-25 00:00:00+00:00
[2021-09-27 03:45:09,063] {processor.py:170} INFO - Processing /home/airflow/.local/lib/python3.8/site-packages/airflow/example_dags/example_latest_only_with_trigger.py took 0.041 seconds
[2021-09-27 03:45:39,441] {processor.py:162} INFO - Started process (PID=2165) to work on /home/airflow/.local/lib/python3.8/site-packages/airflow/example_dags/example_latest_only_with_trigger.py
[2021-09-27 03:45:39,443] {processor.py:613} INFO - Processing file /home/airflow/.local/lib/python3.8/site-packages/airflow/example_dags/example_latest_only_with_trigger.py for tasks to queue
[2021-09-27 03:45:39,444] {logging_mixin.py:109} INFO - [2021-09-27 03:45:39,443] {dagbag.py:496} INFO - Filling up the DagBag from /home/airflow/.local/lib/python3.8/site-packages/airflow/example_dags/example_latest_only_with_trigger.py
[2021-09-27 03:45:39,450] {processor.py:623} INFO - DAG(s) dict_keys(['latest_only_with_trigger']) retrieved from /home/airflow/.local/lib/python3.8/site-packages/airflow/example_dags/example_latest_only_with_trigger.py
[2021-09-27 03:45:39,464] {logging_mixin.py:109} INFO - [2021-09-27 03:45:39,464] {dag.py:1833} INFO - Sync 1 DAGs
[2021-09-27 03:45:39,473] {logging_mixin.py:109} INFO - [2021-09-27 03:45:39,473] {dag.py:2306} INFO - Setting next_dagrun for latest_only_with_trigger to 2021-09-25 00:00:00+00:00
[2021-09-27 03:45:39,480] {processor.py:170} INFO - Processing /home/airflow/.local/lib/python3.8/site-packages/airflow/example_dags/example_latest_only_with_trigger.py took 0.042 seconds
[2021-09-27 03:46:09,611] {processor.py:162} INFO - Started process (PID=2218) to work on /home/airflow/.local/lib/python3.8/site-packages/airflow/example_dags/example_latest_only_with_trigger.py
[2021-09-27 03:46:09,612] {processor.py:613} INFO - Processing file /home/airflow/.local/lib/python3.8/site-packages/airflow/example_dags/example_latest_only_with_trigger.py for tasks to queue
[2021-09-27 03:46:09,612] {logging_mixin.py:109} INFO - [2021-09-27 03:46:09,612] {dagbag.py:496} INFO - Filling up the DagBag from /home/airflow/.local/lib/python3.8/site-packages/airflow/example_dags/example_latest_only_with_trigger.py
[2021-09-27 03:46:09,619] {processor.py:623} INFO - DAG(s) dict_keys(['latest_only_with_trigger']) retrieved from /home/airflow/.local/lib/python3.8/site-packages/airflow/example_dags/example_latest_only_with_trigger.py
[2021-09-27 03:46:09,634] {logging_mixin.py:109} INFO - [2021-09-27 03:46:09,633] {dag.py:1833} INFO - Sync 1 DAGs
[2021-09-27 03:46:09,642] {logging_mixin.py:109} INFO - [2021-09-27 03:46:09,642] {dag.py:2306} INFO - Setting next_dagrun for latest_only_with_trigger to 2021-09-25 00:00:00+00:00
[2021-09-27 03:46:09,649] {processor.py:170} INFO - Processing /home/airflow/.local/lib/python3.8/site-packages/airflow/example_dags/example_latest_only_with_trigger.py took 0.041 seconds
[2021-09-27 03:46:39,860] {processor.py:162} INFO - Started process (PID=2271) to work on /home/airflow/.local/lib/python3.8/site-packages/airflow/example_dags/example_latest_only_with_trigger.py
[2021-09-27 03:46:39,860] {processor.py:613} INFO - Processing file /home/airflow/.local/lib/python3.8/site-packages/airflow/example_dags/example_latest_only_with_trigger.py for tasks to queue
[2021-09-27 03:46:39,861] {logging_mixin.py:109} INFO - [2021-09-27 03:46:39,861] {dagbag.py:496} INFO - Filling up the DagBag from /home/airflow/.local/lib/python3.8/site-packages/airflow/example_dags/example_latest_only_with_trigger.py
[2021-09-27 03:46:39,868] {processor.py:623} INFO - DAG(s) dict_keys(['latest_only_with_trigger']) retrieved from /home/airflow/.local/lib/python3.8/site-packages/airflow/example_dags/example_latest_only_with_trigger.py
[2021-09-27 03:46:39,881] {logging_mixin.py:109} INFO - [2021-09-27 03:46:39,881] {dag.py:1833} INFO - Sync 1 DAGs
[2021-09-27 03:46:39,890] {logging_mixin.py:109} INFO - [2021-09-27 03:46:39,890] {dag.py:2306} INFO - Setting next_dagrun for latest_only_with_trigger to 2021-09-25 00:00:00+00:00
[2021-09-27 03:46:39,897] {processor.py:170} INFO - Processing /home/airflow/.local/lib/python3.8/site-packages/airflow/example_dags/example_latest_only_with_trigger.py took 0.039 seconds
[2021-09-27 03:47:10,282] {processor.py:162} INFO - Started process (PID=2317) to work on /home/airflow/.local/lib/python3.8/site-packages/airflow/example_dags/example_latest_only_with_trigger.py
[2021-09-27 03:47:10,282] {processor.py:613} INFO - Processing file /home/airflow/.local/lib/python3.8/site-packages/airflow/example_dags/example_latest_only_with_trigger.py for tasks to queue
[2021-09-27 03:47:10,283] {logging_mixin.py:109} INFO - [2021-09-27 03:47:10,283] {dagbag.py:496} INFO - Filling up the DagBag from /home/airflow/.local/lib/python3.8/site-packages/airflow/example_dags/example_latest_only_with_trigger.py
[2021-09-27 03:47:10,289] {processor.py:623} INFO - DAG(s) dict_keys(['latest_only_with_trigger']) retrieved from /home/airflow/.local/lib/python3.8/site-packages/airflow/example_dags/example_latest_only_with_trigger.py
[2021-09-27 03:47:10,302] {logging_mixin.py:109} INFO - [2021-09-27 03:47:10,302] {dag.py:1833} INFO - Sync 1 DAGs
[2021-09-27 03:47:10,311] {logging_mixin.py:109} INFO - [2021-09-27 03:47:10,310] {dag.py:2306} INFO - Setting next_dagrun for latest_only_with_trigger to 2021-09-25 00:00:00+00:00
[2021-09-27 03:47:10,317] {processor.py:170} INFO - Processing /home/airflow/.local/lib/python3.8/site-packages/airflow/example_dags/example_latest_only_with_trigger.py took 0.038 seconds
[2021-09-27 03:47:40,478] {processor.py:162} INFO - Started process (PID=2370) to work on /home/airflow/.local/lib/python3.8/site-packages/airflow/example_dags/example_latest_only_with_trigger.py
[2021-09-27 03:47:40,479] {processor.py:613} INFO - Processing file /home/airflow/.local/lib/python3.8/site-packages/airflow/example_dags/example_latest_only_with_trigger.py for tasks to queue
[2021-09-27 03:47:40,479] {logging_mixin.py:109} INFO - [2021-09-27 03:47:40,479] {dagbag.py:496} INFO - Filling up the DagBag from /home/airflow/.local/lib/python3.8/site-packages/airflow/example_dags/example_latest_only_with_trigger.py
[2021-09-27 03:47:40,486] {processor.py:623} INFO - DAG(s) dict_keys(['latest_only_with_trigger']) retrieved from /home/airflow/.local/lib/python3.8/site-packages/airflow/example_dags/example_latest_only_with_trigger.py
[2021-09-27 03:47:40,501] {logging_mixin.py:109} INFO - [2021-09-27 03:47:40,501] {dag.py:1833} INFO - Sync 1 DAGs
[2021-09-27 03:47:40,511] {logging_mixin.py:109} INFO - [2021-09-27 03:47:40,511] {dag.py:2306} INFO - Setting next_dagrun for latest_only_with_trigger to 2021-09-25 00:00:00+00:00
[2021-09-27 03:47:40,519] {processor.py:170} INFO - Processing /home/airflow/.local/lib/python3.8/site-packages/airflow/example_dags/example_latest_only_with_trigger.py took 0.043 seconds
[2021-09-27 03:49:18,669] {processor.py:162} INFO - Started process (PID=47) to work on /home/airflow/.local/lib/python3.8/site-packages/airflow/example_dags/example_latest_only_with_trigger.py
[2021-09-27 03:49:18,670] {processor.py:613} INFO - Processing file /home/airflow/.local/lib/python3.8/site-packages/airflow/example_dags/example_latest_only_with_trigger.py for tasks to queue
[2021-09-27 03:49:18,671] {logging_mixin.py:109} INFO - [2021-09-27 03:49:18,671] {dagbag.py:496} INFO - Filling up the DagBag from /home/airflow/.local/lib/python3.8/site-packages/airflow/example_dags/example_latest_only_with_trigger.py
[2021-09-27 03:49:18,680] {processor.py:623} INFO - DAG(s) dict_keys(['latest_only_with_trigger']) retrieved from /home/airflow/.local/lib/python3.8/site-packages/airflow/example_dags/example_latest_only_with_trigger.py
[2021-09-27 03:49:18,694] {logging_mixin.py:109} INFO - [2021-09-27 03:49:18,694] {dag.py:1833} INFO - Sync 1 DAGs
[2021-09-27 03:49:18,704] {logging_mixin.py:109} INFO - [2021-09-27 03:49:18,704] {dag.py:2306} INFO - Setting next_dagrun for latest_only_with_trigger to 2021-09-25 00:00:00+00:00
[2021-09-27 03:49:18,714] {processor.py:170} INFO - Processing /home/airflow/.local/lib/python3.8/site-packages/airflow/example_dags/example_latest_only_with_trigger.py took 0.047 seconds
[2021-09-27 03:49:49,133] {processor.py:162} INFO - Started process (PID=100) to work on /home/airflow/.local/lib/python3.8/site-packages/airflow/example_dags/example_latest_only_with_trigger.py
[2021-09-27 03:49:49,134] {processor.py:613} INFO - Processing file /home/airflow/.local/lib/python3.8/site-packages/airflow/example_dags/example_latest_only_with_trigger.py for tasks to queue
[2021-09-27 03:49:49,135] {logging_mixin.py:109} INFO - [2021-09-27 03:49:49,135] {dagbag.py:496} INFO - Filling up the DagBag from /home/airflow/.local/lib/python3.8/site-packages/airflow/example_dags/example_latest_only_with_trigger.py
[2021-09-27 03:49:49,144] {processor.py:623} INFO - DAG(s) dict_keys(['latest_only_with_trigger']) retrieved from /home/airflow/.local/lib/python3.8/site-packages/airflow/example_dags/example_latest_only_with_trigger.py
[2021-09-27 03:49:49,158] {logging_mixin.py:109} INFO - [2021-09-27 03:49:49,158] {dag.py:1833} INFO - Sync 1 DAGs
[2021-09-27 03:49:49,168] {logging_mixin.py:109} INFO - [2021-09-27 03:49:49,168] {dag.py:2306} INFO - Setting next_dagrun for latest_only_with_trigger to 2021-09-25 00:00:00+00:00
[2021-09-27 03:49:49,175] {processor.py:170} INFO - Processing /home/airflow/.local/lib/python3.8/site-packages/airflow/example_dags/example_latest_only_with_trigger.py took 0.045 seconds
[2021-09-27 03:50:19,461] {processor.py:162} INFO - Started process (PID=153) to work on /home/airflow/.local/lib/python3.8/site-packages/airflow/example_dags/example_latest_only_with_trigger.py
[2021-09-27 03:50:19,463] {processor.py:613} INFO - Processing file /home/airflow/.local/lib/python3.8/site-packages/airflow/example_dags/example_latest_only_with_trigger.py for tasks to queue
[2021-09-27 03:50:19,463] {logging_mixin.py:109} INFO - [2021-09-27 03:50:19,463] {dagbag.py:496} INFO - Filling up the DagBag from /home/airflow/.local/lib/python3.8/site-packages/airflow/example_dags/example_latest_only_with_trigger.py
[2021-09-27 03:50:19,473] {processor.py:623} INFO - DAG(s) dict_keys(['latest_only_with_trigger']) retrieved from /home/airflow/.local/lib/python3.8/site-packages/airflow/example_dags/example_latest_only_with_trigger.py
[2021-09-27 03:50:19,489] {logging_mixin.py:109} INFO - [2021-09-27 03:50:19,489] {dag.py:1833} INFO - Sync 1 DAGs
[2021-09-27 03:50:19,499] {logging_mixin.py:109} INFO - [2021-09-27 03:50:19,499] {dag.py:2306} INFO - Setting next_dagrun for latest_only_with_trigger to 2021-09-25 00:00:00+00:00
[2021-09-27 03:50:19,508] {processor.py:170} INFO - Processing /home/airflow/.local/lib/python3.8/site-packages/airflow/example_dags/example_latest_only_with_trigger.py took 0.049 seconds
[2021-09-27 03:50:49,907] {processor.py:162} INFO - Started process (PID=205) to work on /home/airflow/.local/lib/python3.8/site-packages/airflow/example_dags/example_latest_only_with_trigger.py
[2021-09-27 03:50:49,908] {processor.py:613} INFO - Processing file /home/airflow/.local/lib/python3.8/site-packages/airflow/example_dags/example_latest_only_with_trigger.py for tasks to queue
[2021-09-27 03:50:49,909] {logging_mixin.py:109} INFO - [2021-09-27 03:50:49,909] {dagbag.py:496} INFO - Filling up the DagBag from /home/airflow/.local/lib/python3.8/site-packages/airflow/example_dags/example_latest_only_with_trigger.py
[2021-09-27 03:50:49,919] {processor.py:623} INFO - DAG(s) dict_keys(['latest_only_with_trigger']) retrieved from /home/airflow/.local/lib/python3.8/site-packages/airflow/example_dags/example_latest_only_with_trigger.py
[2021-09-27 03:50:49,938] {logging_mixin.py:109} INFO - [2021-09-27 03:50:49,938] {dag.py:1833} INFO - Sync 1 DAGs
[2021-09-27 03:50:49,950] {logging_mixin.py:109} INFO - [2021-09-27 03:50:49,950] {dag.py:2306} INFO - Setting next_dagrun for latest_only_with_trigger to 2021-09-25 00:00:00+00:00
[2021-09-27 03:50:49,958] {processor.py:170} INFO - Processing /home/airflow/.local/lib/python3.8/site-packages/airflow/example_dags/example_latest_only_with_trigger.py took 0.054 seconds
[2021-09-27 03:51:20,206] {processor.py:162} INFO - Started process (PID=251) to work on /home/airflow/.local/lib/python3.8/site-packages/airflow/example_dags/example_latest_only_with_trigger.py
[2021-09-27 03:51:20,207] {processor.py:613} INFO - Processing file /home/airflow/.local/lib/python3.8/site-packages/airflow/example_dags/example_latest_only_with_trigger.py for tasks to queue
[2021-09-27 03:51:20,208] {logging_mixin.py:109} INFO - [2021-09-27 03:51:20,208] {dagbag.py:496} INFO - Filling up the DagBag from /home/airflow/.local/lib/python3.8/site-packages/airflow/example_dags/example_latest_only_with_trigger.py
[2021-09-27 03:51:20,215] {processor.py:623} INFO - DAG(s) dict_keys(['latest_only_with_trigger']) retrieved from /home/airflow/.local/lib/python3.8/site-packages/airflow/example_dags/example_latest_only_with_trigger.py
[2021-09-27 03:51:20,233] {logging_mixin.py:109} INFO - [2021-09-27 03:51:20,233] {dag.py:1833} INFO - Sync 1 DAGs
[2021-09-27 03:51:20,243] {logging_mixin.py:109} INFO - [2021-09-27 03:51:20,243] {dag.py:2306} INFO - Setting next_dagrun for latest_only_with_trigger to 2021-09-25 00:00:00+00:00
[2021-09-27 03:51:20,252] {processor.py:170} INFO - Processing /home/airflow/.local/lib/python3.8/site-packages/airflow/example_dags/example_latest_only_with_trigger.py took 0.047 seconds
[2021-09-27 03:51:50,630] {processor.py:162} INFO - Started process (PID=304) to work on /home/airflow/.local/lib/python3.8/site-packages/airflow/example_dags/example_latest_only_with_trigger.py
[2021-09-27 03:51:50,631] {processor.py:613} INFO - Processing file /home/airflow/.local/lib/python3.8/site-packages/airflow/example_dags/example_latest_only_with_trigger.py for tasks to queue
[2021-09-27 03:51:50,632] {logging_mixin.py:109} INFO - [2021-09-27 03:51:50,631] {dagbag.py:496} INFO - Filling up the DagBag from /home/airflow/.local/lib/python3.8/site-packages/airflow/example_dags/example_latest_only_with_trigger.py
[2021-09-27 03:51:50,639] {processor.py:623} INFO - DAG(s) dict_keys(['latest_only_with_trigger']) retrieved from /home/airflow/.local/lib/python3.8/site-packages/airflow/example_dags/example_latest_only_with_trigger.py
[2021-09-27 03:51:50,654] {logging_mixin.py:109} INFO - [2021-09-27 03:51:50,654] {dag.py:1833} INFO - Sync 1 DAGs
[2021-09-27 03:51:50,664] {logging_mixin.py:109} INFO - [2021-09-27 03:51:50,664] {dag.py:2306} INFO - Setting next_dagrun for latest_only_with_trigger to 2021-09-25 00:00:00+00:00
[2021-09-27 03:51:50,673] {processor.py:170} INFO - Processing /home/airflow/.local/lib/python3.8/site-packages/airflow/example_dags/example_latest_only_with_trigger.py took 0.045 seconds
[2021-09-27 03:52:20,937] {processor.py:162} INFO - Started process (PID=358) to work on /home/airflow/.local/lib/python3.8/site-packages/airflow/example_dags/example_latest_only_with_trigger.py
[2021-09-27 03:52:20,937] {processor.py:613} INFO - Processing file /home/airflow/.local/lib/python3.8/site-packages/airflow/example_dags/example_latest_only_with_trigger.py for tasks to queue
[2021-09-27 03:52:20,938] {logging_mixin.py:109} INFO - [2021-09-27 03:52:20,938] {dagbag.py:496} INFO - Filling up the DagBag from /home/airflow/.local/lib/python3.8/site-packages/airflow/example_dags/example_latest_only_with_trigger.py
[2021-09-27 03:52:20,945] {processor.py:623} INFO - DAG(s) dict_keys(['latest_only_with_trigger']) retrieved from /home/airflow/.local/lib/python3.8/site-packages/airflow/example_dags/example_latest_only_with_trigger.py
[2021-09-27 03:52:20,960] {logging_mixin.py:109} INFO - [2021-09-27 03:52:20,960] {dag.py:1833} INFO - Sync 1 DAGs
[2021-09-27 03:52:20,970] {logging_mixin.py:109} INFO - [2021-09-27 03:52:20,970] {dag.py:2306} INFO - Setting next_dagrun for latest_only_with_trigger to 2021-09-25 00:00:00+00:00
[2021-09-27 03:52:20,978] {processor.py:170} INFO - Processing /home/airflow/.local/lib/python3.8/site-packages/airflow/example_dags/example_latest_only_with_trigger.py took 0.044 seconds
[2021-09-27 03:52:51,176] {processor.py:162} INFO - Started process (PID=411) to work on /home/airflow/.local/lib/python3.8/site-packages/airflow/example_dags/example_latest_only_with_trigger.py
[2021-09-27 03:52:51,177] {processor.py:613} INFO - Processing file /home/airflow/.local/lib/python3.8/site-packages/airflow/example_dags/example_latest_only_with_trigger.py for tasks to queue
[2021-09-27 03:52:51,177] {logging_mixin.py:109} INFO - [2021-09-27 03:52:51,177] {dagbag.py:496} INFO - Filling up the DagBag from /home/airflow/.local/lib/python3.8/site-packages/airflow/example_dags/example_latest_only_with_trigger.py
[2021-09-27 03:52:51,185] {processor.py:623} INFO - DAG(s) dict_keys(['latest_only_with_trigger']) retrieved from /home/airflow/.local/lib/python3.8/site-packages/airflow/example_dags/example_latest_only_with_trigger.py
[2021-09-27 03:52:51,201] {logging_mixin.py:109} INFO - [2021-09-27 03:52:51,201] {dag.py:1833} INFO - Sync 1 DAGs
[2021-09-27 03:52:51,212] {logging_mixin.py:109} INFO - [2021-09-27 03:52:51,212] {dag.py:2306} INFO - Setting next_dagrun for latest_only_with_trigger to 2021-09-25 00:00:00+00:00
[2021-09-27 03:52:51,221] {processor.py:170} INFO - Processing /home/airflow/.local/lib/python3.8/site-packages/airflow/example_dags/example_latest_only_with_trigger.py took 0.048 seconds
[2021-09-27 03:53:21,587] {processor.py:162} INFO - Started process (PID=458) to work on /home/airflow/.local/lib/python3.8/site-packages/airflow/example_dags/example_latest_only_with_trigger.py
[2021-09-27 03:53:21,588] {processor.py:613} INFO - Processing file /home/airflow/.local/lib/python3.8/site-packages/airflow/example_dags/example_latest_only_with_trigger.py for tasks to queue
[2021-09-27 03:53:21,589] {logging_mixin.py:109} INFO - [2021-09-27 03:53:21,589] {dagbag.py:496} INFO - Filling up the DagBag from /home/airflow/.local/lib/python3.8/site-packages/airflow/example_dags/example_latest_only_with_trigger.py
[2021-09-27 03:53:21,596] {processor.py:623} INFO - DAG(s) dict_keys(['latest_only_with_trigger']) retrieved from /home/airflow/.local/lib/python3.8/site-packages/airflow/example_dags/example_latest_only_with_trigger.py
[2021-09-27 03:53:21,612] {logging_mixin.py:109} INFO - [2021-09-27 03:53:21,612] {dag.py:1833} INFO - Sync 1 DAGs
[2021-09-27 03:53:21,621] {logging_mixin.py:109} INFO - [2021-09-27 03:53:21,621] {dag.py:2306} INFO - Setting next_dagrun for latest_only_with_trigger to 2021-09-25 00:00:00+00:00
[2021-09-27 03:53:21,632] {processor.py:170} INFO - Processing /home/airflow/.local/lib/python3.8/site-packages/airflow/example_dags/example_latest_only_with_trigger.py took 0.047 seconds
[2021-09-27 03:53:51,941] {processor.py:162} INFO - Started process (PID=511) to work on /home/airflow/.local/lib/python3.8/site-packages/airflow/example_dags/example_latest_only_with_trigger.py
[2021-09-27 03:53:51,941] {processor.py:613} INFO - Processing file /home/airflow/.local/lib/python3.8/site-packages/airflow/example_dags/example_latest_only_with_trigger.py for tasks to queue
[2021-09-27 03:53:51,942] {logging_mixin.py:109} INFO - [2021-09-27 03:53:51,942] {dagbag.py:496} INFO - Filling up the DagBag from /home/airflow/.local/lib/python3.8/site-packages/airflow/example_dags/example_latest_only_with_trigger.py
[2021-09-27 03:53:51,948] {processor.py:623} INFO - DAG(s) dict_keys(['latest_only_with_trigger']) retrieved from /home/airflow/.local/lib/python3.8/site-packages/airflow/example_dags/example_latest_only_with_trigger.py
[2021-09-27 03:53:51,961] {logging_mixin.py:109} INFO - [2021-09-27 03:53:51,961] {dag.py:1833} INFO - Sync 1 DAGs
[2021-09-27 03:53:51,970] {logging_mixin.py:109} INFO - [2021-09-27 03:53:51,970] {dag.py:2306} INFO - Setting next_dagrun for latest_only_with_trigger to 2021-09-25 00:00:00+00:00
[2021-09-27 03:53:51,979] {processor.py:170} INFO - Processing /home/airflow/.local/lib/python3.8/site-packages/airflow/example_dags/example_latest_only_with_trigger.py took 0.041 seconds
[2021-09-27 03:54:22,286] {processor.py:162} INFO - Started process (PID=564) to work on /home/airflow/.local/lib/python3.8/site-packages/airflow/example_dags/example_latest_only_with_trigger.py
[2021-09-27 03:54:22,287] {processor.py:613} INFO - Processing file /home/airflow/.local/lib/python3.8/site-packages/airflow/example_dags/example_latest_only_with_trigger.py for tasks to queue
[2021-09-27 03:54:22,287] {logging_mixin.py:109} INFO - [2021-09-27 03:54:22,287] {dagbag.py:496} INFO - Filling up the DagBag from /home/airflow/.local/lib/python3.8/site-packages/airflow/example_dags/example_latest_only_with_trigger.py
[2021-09-27 03:54:22,296] {processor.py:623} INFO - DAG(s) dict_keys(['latest_only_with_trigger']) retrieved from /home/airflow/.local/lib/python3.8/site-packages/airflow/example_dags/example_latest_only_with_trigger.py
[2021-09-27 03:54:22,309] {logging_mixin.py:109} INFO - [2021-09-27 03:54:22,309] {dag.py:1833} INFO - Sync 1 DAGs
[2021-09-27 03:54:22,321] {logging_mixin.py:109} INFO - [2021-09-27 03:54:22,321] {dag.py:2306} INFO - Setting next_dagrun for latest_only_with_trigger to 2021-09-25 00:00:00+00:00
[2021-09-27 03:54:22,328] {processor.py:170} INFO - Processing /home/airflow/.local/lib/python3.8/site-packages/airflow/example_dags/example_latest_only_with_trigger.py took 0.044 seconds
[2021-09-27 03:54:52,785] {processor.py:162} INFO - Started process (PID=617) to work on /home/airflow/.local/lib/python3.8/site-packages/airflow/example_dags/example_latest_only_with_trigger.py
[2021-09-27 03:54:52,785] {processor.py:613} INFO - Processing file /home/airflow/.local/lib/python3.8/site-packages/airflow/example_dags/example_latest_only_with_trigger.py for tasks to queue
[2021-09-27 03:54:52,786] {logging_mixin.py:109} INFO - [2021-09-27 03:54:52,786] {dagbag.py:496} INFO - Filling up the DagBag from /home/airflow/.local/lib/python3.8/site-packages/airflow/example_dags/example_latest_only_with_trigger.py
[2021-09-27 03:54:52,794] {processor.py:623} INFO - DAG(s) dict_keys(['latest_only_with_trigger']) retrieved from /home/airflow/.local/lib/python3.8/site-packages/airflow/example_dags/example_latest_only_with_trigger.py
[2021-09-27 03:54:52,808] {logging_mixin.py:109} INFO - [2021-09-27 03:54:52,808] {dag.py:1833} INFO - Sync 1 DAGs
[2021-09-27 03:54:52,818] {logging_mixin.py:109} INFO - [2021-09-27 03:54:52,818] {dag.py:2306} INFO - Setting next_dagrun for latest_only_with_trigger to 2021-09-25 00:00:00+00:00
[2021-09-27 03:54:52,827] {processor.py:170} INFO - Processing /home/airflow/.local/lib/python3.8/site-packages/airflow/example_dags/example_latest_only_with_trigger.py took 0.044 seconds
[2021-09-27 03:55:23,164] {processor.py:162} INFO - Started process (PID=663) to work on /home/airflow/.local/lib/python3.8/site-packages/airflow/example_dags/example_latest_only_with_trigger.py
[2021-09-27 03:55:23,164] {processor.py:613} INFO - Processing file /home/airflow/.local/lib/python3.8/site-packages/airflow/example_dags/example_latest_only_with_trigger.py for tasks to queue
[2021-09-27 03:55:23,165] {logging_mixin.py:109} INFO - [2021-09-27 03:55:23,165] {dagbag.py:496} INFO - Filling up the DagBag from /home/airflow/.local/lib/python3.8/site-packages/airflow/example_dags/example_latest_only_with_trigger.py
[2021-09-27 03:55:23,172] {processor.py:623} INFO - DAG(s) dict_keys(['latest_only_with_trigger']) retrieved from /home/airflow/.local/lib/python3.8/site-packages/airflow/example_dags/example_latest_only_with_trigger.py
[2021-09-27 03:55:23,187] {logging_mixin.py:109} INFO - [2021-09-27 03:55:23,187] {dag.py:1833} INFO - Sync 1 DAGs
[2021-09-27 03:55:23,196] {logging_mixin.py:109} INFO - [2021-09-27 03:55:23,196] {dag.py:2306} INFO - Setting next_dagrun for latest_only_with_trigger to 2021-09-25 00:00:00+00:00
[2021-09-27 03:55:23,205] {processor.py:170} INFO - Processing /home/airflow/.local/lib/python3.8/site-packages/airflow/example_dags/example_latest_only_with_trigger.py took 0.044 seconds
[2021-09-27 03:55:53,559] {processor.py:162} INFO - Started process (PID=716) to work on /home/airflow/.local/lib/python3.8/site-packages/airflow/example_dags/example_latest_only_with_trigger.py
[2021-09-27 03:55:53,559] {processor.py:613} INFO - Processing file /home/airflow/.local/lib/python3.8/site-packages/airflow/example_dags/example_latest_only_with_trigger.py for tasks to queue
[2021-09-27 03:55:53,560] {logging_mixin.py:109} INFO - [2021-09-27 03:55:53,560] {dagbag.py:496} INFO - Filling up the DagBag from /home/airflow/.local/lib/python3.8/site-packages/airflow/example_dags/example_latest_only_with_trigger.py
[2021-09-27 03:55:53,567] {processor.py:623} INFO - DAG(s) dict_keys(['latest_only_with_trigger']) retrieved from /home/airflow/.local/lib/python3.8/site-packages/airflow/example_dags/example_latest_only_with_trigger.py
[2021-09-27 03:55:53,581] {logging_mixin.py:109} INFO - [2021-09-27 03:55:53,581] {dag.py:1833} INFO - Sync 1 DAGs
[2021-09-27 03:55:53,590] {logging_mixin.py:109} INFO - [2021-09-27 03:55:53,590] {dag.py:2306} INFO - Setting next_dagrun for latest_only_with_trigger to 2021-09-25 00:00:00+00:00
[2021-09-27 03:55:53,597] {processor.py:170} INFO - Processing /home/airflow/.local/lib/python3.8/site-packages/airflow/example_dags/example_latest_only_with_trigger.py took 0.041 seconds
[2021-09-27 03:56:23,951] {processor.py:162} INFO - Started process (PID=770) to work on /home/airflow/.local/lib/python3.8/site-packages/airflow/example_dags/example_latest_only_with_trigger.py
[2021-09-27 03:56:23,952] {processor.py:613} INFO - Processing file /home/airflow/.local/lib/python3.8/site-packages/airflow/example_dags/example_latest_only_with_trigger.py for tasks to queue
[2021-09-27 03:56:23,952] {logging_mixin.py:109} INFO - [2021-09-27 03:56:23,952] {dagbag.py:496} INFO - Filling up the DagBag from /home/airflow/.local/lib/python3.8/site-packages/airflow/example_dags/example_latest_only_with_trigger.py
[2021-09-27 03:56:23,959] {processor.py:623} INFO - DAG(s) dict_keys(['latest_only_with_trigger']) retrieved from /home/airflow/.local/lib/python3.8/site-packages/airflow/example_dags/example_latest_only_with_trigger.py
[2021-09-27 03:56:23,973] {logging_mixin.py:109} INFO - [2021-09-27 03:56:23,973] {dag.py:1833} INFO - Sync 1 DAGs
[2021-09-27 03:56:23,983] {logging_mixin.py:109} INFO - [2021-09-27 03:56:23,983] {dag.py:2306} INFO - Setting next_dagrun for latest_only_with_trigger to 2021-09-25 00:00:00+00:00
[2021-09-27 03:56:23,992] {processor.py:170} INFO - Processing /home/airflow/.local/lib/python3.8/site-packages/airflow/example_dags/example_latest_only_with_trigger.py took 0.043 seconds
[2021-09-27 03:56:54,187] {processor.py:162} INFO - Started process (PID=822) to work on /home/airflow/.local/lib/python3.8/site-packages/airflow/example_dags/example_latest_only_with_trigger.py
[2021-09-27 03:56:54,188] {processor.py:613} INFO - Processing file /home/airflow/.local/lib/python3.8/site-packages/airflow/example_dags/example_latest_only_with_trigger.py for tasks to queue
[2021-09-27 03:56:54,188] {logging_mixin.py:109} INFO - [2021-09-27 03:56:54,188] {dagbag.py:496} INFO - Filling up the DagBag from /home/airflow/.local/lib/python3.8/site-packages/airflow/example_dags/example_latest_only_with_trigger.py
[2021-09-27 03:56:54,196] {processor.py:623} INFO - DAG(s) dict_keys(['latest_only_with_trigger']) retrieved from /home/airflow/.local/lib/python3.8/site-packages/airflow/example_dags/example_latest_only_with_trigger.py
[2021-09-27 03:56:54,211] {logging_mixin.py:109} INFO - [2021-09-27 03:56:54,211] {dag.py:1833} INFO - Sync 1 DAGs
[2021-09-27 03:56:54,221] {logging_mixin.py:109} INFO - [2021-09-27 03:56:54,220] {dag.py:2306} INFO - Setting next_dagrun for latest_only_with_trigger to 2021-09-25 00:00:00+00:00
[2021-09-27 03:56:54,229] {processor.py:170} INFO - Processing /home/airflow/.local/lib/python3.8/site-packages/airflow/example_dags/example_latest_only_with_trigger.py took 0.044 seconds
[2021-09-27 03:57:24,433] {processor.py:162} INFO - Started process (PID=868) to work on /home/airflow/.local/lib/python3.8/site-packages/airflow/example_dags/example_latest_only_with_trigger.py
[2021-09-27 03:57:24,434] {processor.py:613} INFO - Processing file /home/airflow/.local/lib/python3.8/site-packages/airflow/example_dags/example_latest_only_with_trigger.py for tasks to queue
[2021-09-27 03:57:24,434] {logging_mixin.py:109} INFO - [2021-09-27 03:57:24,434] {dagbag.py:496} INFO - Filling up the DagBag from /home/airflow/.local/lib/python3.8/site-packages/airflow/example_dags/example_latest_only_with_trigger.py
[2021-09-27 03:57:24,441] {processor.py:623} INFO - DAG(s) dict_keys(['latest_only_with_trigger']) retrieved from /home/airflow/.local/lib/python3.8/site-packages/airflow/example_dags/example_latest_only_with_trigger.py
[2021-09-27 03:57:24,455] {logging_mixin.py:109} INFO - [2021-09-27 03:57:24,455] {dag.py:1833} INFO - Sync 1 DAGs
[2021-09-27 03:57:24,464] {logging_mixin.py:109} INFO - [2021-09-27 03:57:24,464] {dag.py:2306} INFO - Setting next_dagrun for latest_only_with_trigger to 2021-09-25 00:00:00+00:00
[2021-09-27 03:57:24,472] {processor.py:170} INFO - Processing /home/airflow/.local/lib/python3.8/site-packages/airflow/example_dags/example_latest_only_with_trigger.py took 0.041 seconds
[2021-09-27 03:57:54,726] {processor.py:162} INFO - Started process (PID=920) to work on /home/airflow/.local/lib/python3.8/site-packages/airflow/example_dags/example_latest_only_with_trigger.py
[2021-09-27 03:57:54,726] {processor.py:613} INFO - Processing file /home/airflow/.local/lib/python3.8/site-packages/airflow/example_dags/example_latest_only_with_trigger.py for tasks to queue
[2021-09-27 03:57:54,727] {logging_mixin.py:109} INFO - [2021-09-27 03:57:54,727] {dagbag.py:496} INFO - Filling up the DagBag from /home/airflow/.local/lib/python3.8/site-packages/airflow/example_dags/example_latest_only_with_trigger.py
[2021-09-27 03:57:54,734] {processor.py:623} INFO - DAG(s) dict_keys(['latest_only_with_trigger']) retrieved from /home/airflow/.local/lib/python3.8/site-packages/airflow/example_dags/example_latest_only_with_trigger.py
[2021-09-27 03:57:54,747] {logging_mixin.py:109} INFO - [2021-09-27 03:57:54,747] {dag.py:1833} INFO - Sync 1 DAGs
[2021-09-27 03:57:54,757] {logging_mixin.py:109} INFO - [2021-09-27 03:57:54,757] {dag.py:2306} INFO - Setting next_dagrun for latest_only_with_trigger to 2021-09-25 00:00:00+00:00
[2021-09-27 03:57:54,765] {processor.py:170} INFO - Processing /home/airflow/.local/lib/python3.8/site-packages/airflow/example_dags/example_latest_only_with_trigger.py took 0.041 seconds
[2021-09-27 03:58:25,167] {processor.py:162} INFO - Started process (PID=974) to work on /home/airflow/.local/lib/python3.8/site-packages/airflow/example_dags/example_latest_only_with_trigger.py
[2021-09-27 03:58:25,167] {processor.py:613} INFO - Processing file /home/airflow/.local/lib/python3.8/site-packages/airflow/example_dags/example_latest_only_with_trigger.py for tasks to queue
[2021-09-27 03:58:25,168] {logging_mixin.py:109} INFO - [2021-09-27 03:58:25,168] {dagbag.py:496} INFO - Filling up the DagBag from /home/airflow/.local/lib/python3.8/site-packages/airflow/example_dags/example_latest_only_with_trigger.py
[2021-09-27 03:58:25,177] {processor.py:623} INFO - DAG(s) dict_keys(['latest_only_with_trigger']) retrieved from /home/airflow/.local/lib/python3.8/site-packages/airflow/example_dags/example_latest_only_with_trigger.py
[2021-09-27 03:58:25,190] {logging_mixin.py:109} INFO - [2021-09-27 03:58:25,190] {dag.py:1833} INFO - Sync 1 DAGs
[2021-09-27 03:58:25,198] {logging_mixin.py:109} INFO - [2021-09-27 03:58:25,198] {dag.py:2306} INFO - Setting next_dagrun for latest_only_with_trigger to 2021-09-25 00:00:00+00:00
[2021-09-27 03:58:25,206] {processor.py:170} INFO - Processing /home/airflow/.local/lib/python3.8/site-packages/airflow/example_dags/example_latest_only_with_trigger.py took 0.042 seconds
