[2021-09-27 03:24:53,604] {processor.py:162} INFO - Started process (PID=48) to work on /home/airflow/.local/lib/python3.8/site-packages/airflow/example_dags/example_skip_dag.py
[2021-09-27 03:24:53,605] {processor.py:613} INFO - Processing file /home/airflow/.local/lib/python3.8/site-packages/airflow/example_dags/example_skip_dag.py for tasks to queue
[2021-09-27 03:24:53,606] {logging_mixin.py:109} INFO - [2021-09-27 03:24:53,605] {dagbag.py:496} INFO - Filling up the DagBag from /home/airflow/.local/lib/python3.8/site-packages/airflow/example_dags/example_skip_dag.py
[2021-09-27 03:24:53,615] {processor.py:623} INFO - DAG(s) dict_keys(['example_skip_dag']) retrieved from /home/airflow/.local/lib/python3.8/site-packages/airflow/example_dags/example_skip_dag.py
[2021-09-27 03:24:53,884] {logging_mixin.py:109} INFO - [2021-09-27 03:24:53,884] {dag.py:1833} INFO - Sync 1 DAGs
[2021-09-27 03:24:53,894] {logging_mixin.py:109} INFO - [2021-09-27 03:24:53,894] {dag.py:2306} INFO - Setting next_dagrun for example_skip_dag to 2021-09-25 00:00:00+00:00
[2021-09-27 03:24:53,904] {processor.py:170} INFO - Processing /home/airflow/.local/lib/python3.8/site-packages/airflow/example_dags/example_skip_dag.py took 0.304 seconds
[2021-09-27 03:25:24,785] {processor.py:162} INFO - Started process (PID=93) to work on /home/airflow/.local/lib/python3.8/site-packages/airflow/example_dags/example_skip_dag.py
[2021-09-27 03:25:24,787] {processor.py:613} INFO - Processing file /home/airflow/.local/lib/python3.8/site-packages/airflow/example_dags/example_skip_dag.py for tasks to queue
[2021-09-27 03:25:24,787] {logging_mixin.py:109} INFO - [2021-09-27 03:25:24,787] {dagbag.py:496} INFO - Filling up the DagBag from /home/airflow/.local/lib/python3.8/site-packages/airflow/example_dags/example_skip_dag.py
[2021-09-27 03:25:24,796] {processor.py:623} INFO - DAG(s) dict_keys(['example_skip_dag']) retrieved from /home/airflow/.local/lib/python3.8/site-packages/airflow/example_dags/example_skip_dag.py
[2021-09-27 03:25:24,812] {logging_mixin.py:109} INFO - [2021-09-27 03:25:24,812] {dag.py:1833} INFO - Sync 1 DAGs
[2021-09-27 03:25:24,824] {logging_mixin.py:109} INFO - [2021-09-27 03:25:24,824] {dag.py:2306} INFO - Setting next_dagrun for example_skip_dag to 2021-09-25 00:00:00+00:00
[2021-09-27 03:25:24,834] {processor.py:170} INFO - Processing /home/airflow/.local/lib/python3.8/site-packages/airflow/example_dags/example_skip_dag.py took 0.052 seconds
[2021-09-27 03:25:55,533] {processor.py:162} INFO - Started process (PID=146) to work on /home/airflow/.local/lib/python3.8/site-packages/airflow/example_dags/example_skip_dag.py
[2021-09-27 03:25:55,535] {processor.py:613} INFO - Processing file /home/airflow/.local/lib/python3.8/site-packages/airflow/example_dags/example_skip_dag.py for tasks to queue
[2021-09-27 03:25:55,535] {logging_mixin.py:109} INFO - [2021-09-27 03:25:55,535] {dagbag.py:496} INFO - Filling up the DagBag from /home/airflow/.local/lib/python3.8/site-packages/airflow/example_dags/example_skip_dag.py
[2021-09-27 03:25:55,551] {processor.py:623} INFO - DAG(s) dict_keys(['example_skip_dag']) retrieved from /home/airflow/.local/lib/python3.8/site-packages/airflow/example_dags/example_skip_dag.py
[2021-09-27 03:25:55,574] {logging_mixin.py:109} INFO - [2021-09-27 03:25:55,574] {dag.py:1833} INFO - Sync 1 DAGs
[2021-09-27 03:25:55,595] {logging_mixin.py:109} INFO - [2021-09-27 03:25:55,595] {dag.py:2306} INFO - Setting next_dagrun for example_skip_dag to 2021-09-25 00:00:00+00:00
[2021-09-27 03:25:55,619] {processor.py:170} INFO - Processing /home/airflow/.local/lib/python3.8/site-packages/airflow/example_dags/example_skip_dag.py took 0.089 seconds
[2021-09-27 03:26:26,349] {processor.py:162} INFO - Started process (PID=199) to work on /home/airflow/.local/lib/python3.8/site-packages/airflow/example_dags/example_skip_dag.py
[2021-09-27 03:26:26,350] {processor.py:613} INFO - Processing file /home/airflow/.local/lib/python3.8/site-packages/airflow/example_dags/example_skip_dag.py for tasks to queue
[2021-09-27 03:26:26,351] {logging_mixin.py:109} INFO - [2021-09-27 03:26:26,351] {dagbag.py:496} INFO - Filling up the DagBag from /home/airflow/.local/lib/python3.8/site-packages/airflow/example_dags/example_skip_dag.py
[2021-09-27 03:26:26,358] {processor.py:623} INFO - DAG(s) dict_keys(['example_skip_dag']) retrieved from /home/airflow/.local/lib/python3.8/site-packages/airflow/example_dags/example_skip_dag.py
[2021-09-27 03:26:26,374] {logging_mixin.py:109} INFO - [2021-09-27 03:26:26,373] {dag.py:1833} INFO - Sync 1 DAGs
[2021-09-27 03:26:26,383] {logging_mixin.py:109} INFO - [2021-09-27 03:26:26,383] {dag.py:2306} INFO - Setting next_dagrun for example_skip_dag to 2021-09-25 00:00:00+00:00
[2021-09-27 03:26:26,393] {processor.py:170} INFO - Processing /home/airflow/.local/lib/python3.8/site-packages/airflow/example_dags/example_skip_dag.py took 0.046 seconds
[2021-09-27 03:26:56,748] {processor.py:162} INFO - Started process (PID=252) to work on /home/airflow/.local/lib/python3.8/site-packages/airflow/example_dags/example_skip_dag.py
[2021-09-27 03:26:56,749] {processor.py:613} INFO - Processing file /home/airflow/.local/lib/python3.8/site-packages/airflow/example_dags/example_skip_dag.py for tasks to queue
[2021-09-27 03:26:56,749] {logging_mixin.py:109} INFO - [2021-09-27 03:26:56,749] {dagbag.py:496} INFO - Filling up the DagBag from /home/airflow/.local/lib/python3.8/site-packages/airflow/example_dags/example_skip_dag.py
[2021-09-27 03:26:56,756] {processor.py:623} INFO - DAG(s) dict_keys(['example_skip_dag']) retrieved from /home/airflow/.local/lib/python3.8/site-packages/airflow/example_dags/example_skip_dag.py
[2021-09-27 03:26:56,772] {logging_mixin.py:109} INFO - [2021-09-27 03:26:56,772] {dag.py:1833} INFO - Sync 1 DAGs
[2021-09-27 03:26:56,782] {logging_mixin.py:109} INFO - [2021-09-27 03:26:56,782] {dag.py:2306} INFO - Setting next_dagrun for example_skip_dag to 2021-09-25 00:00:00+00:00
[2021-09-27 03:26:56,795] {processor.py:170} INFO - Processing /home/airflow/.local/lib/python3.8/site-packages/airflow/example_dags/example_skip_dag.py took 0.049 seconds
[2021-09-27 03:27:26,910] {processor.py:162} INFO - Started process (PID=298) to work on /home/airflow/.local/lib/python3.8/site-packages/airflow/example_dags/example_skip_dag.py
[2021-09-27 03:27:26,911] {processor.py:613} INFO - Processing file /home/airflow/.local/lib/python3.8/site-packages/airflow/example_dags/example_skip_dag.py for tasks to queue
[2021-09-27 03:27:26,911] {logging_mixin.py:109} INFO - [2021-09-27 03:27:26,911] {dagbag.py:496} INFO - Filling up the DagBag from /home/airflow/.local/lib/python3.8/site-packages/airflow/example_dags/example_skip_dag.py
[2021-09-27 03:27:26,920] {processor.py:623} INFO - DAG(s) dict_keys(['example_skip_dag']) retrieved from /home/airflow/.local/lib/python3.8/site-packages/airflow/example_dags/example_skip_dag.py
[2021-09-27 03:27:26,936] {logging_mixin.py:109} INFO - [2021-09-27 03:27:26,936] {dag.py:1833} INFO - Sync 1 DAGs
[2021-09-27 03:27:26,946] {logging_mixin.py:109} INFO - [2021-09-27 03:27:26,946] {dag.py:2306} INFO - Setting next_dagrun for example_skip_dag to 2021-09-25 00:00:00+00:00
[2021-09-27 03:27:26,955] {processor.py:170} INFO - Processing /home/airflow/.local/lib/python3.8/site-packages/airflow/example_dags/example_skip_dag.py took 0.047 seconds
[2021-09-27 03:27:57,142] {processor.py:162} INFO - Started process (PID=351) to work on /home/airflow/.local/lib/python3.8/site-packages/airflow/example_dags/example_skip_dag.py
[2021-09-27 03:27:57,143] {processor.py:613} INFO - Processing file /home/airflow/.local/lib/python3.8/site-packages/airflow/example_dags/example_skip_dag.py for tasks to queue
[2021-09-27 03:27:57,144] {logging_mixin.py:109} INFO - [2021-09-27 03:27:57,144] {dagbag.py:496} INFO - Filling up the DagBag from /home/airflow/.local/lib/python3.8/site-packages/airflow/example_dags/example_skip_dag.py
[2021-09-27 03:27:57,154] {processor.py:623} INFO - DAG(s) dict_keys(['example_skip_dag']) retrieved from /home/airflow/.local/lib/python3.8/site-packages/airflow/example_dags/example_skip_dag.py
[2021-09-27 03:27:57,172] {logging_mixin.py:109} INFO - [2021-09-27 03:27:57,172] {dag.py:1833} INFO - Sync 1 DAGs
[2021-09-27 03:27:57,184] {logging_mixin.py:109} INFO - [2021-09-27 03:27:57,184] {dag.py:2306} INFO - Setting next_dagrun for example_skip_dag to 2021-09-25 00:00:00+00:00
[2021-09-27 03:27:57,193] {processor.py:170} INFO - Processing /home/airflow/.local/lib/python3.8/site-packages/airflow/example_dags/example_skip_dag.py took 0.053 seconds
[2021-09-27 03:28:27,568] {processor.py:162} INFO - Started process (PID=406) to work on /home/airflow/.local/lib/python3.8/site-packages/airflow/example_dags/example_skip_dag.py
[2021-09-27 03:28:27,568] {processor.py:613} INFO - Processing file /home/airflow/.local/lib/python3.8/site-packages/airflow/example_dags/example_skip_dag.py for tasks to queue
[2021-09-27 03:28:27,569] {logging_mixin.py:109} INFO - [2021-09-27 03:28:27,569] {dagbag.py:496} INFO - Filling up the DagBag from /home/airflow/.local/lib/python3.8/site-packages/airflow/example_dags/example_skip_dag.py
[2021-09-27 03:28:27,576] {processor.py:623} INFO - DAG(s) dict_keys(['example_skip_dag']) retrieved from /home/airflow/.local/lib/python3.8/site-packages/airflow/example_dags/example_skip_dag.py
[2021-09-27 03:28:27,592] {logging_mixin.py:109} INFO - [2021-09-27 03:28:27,592] {dag.py:1833} INFO - Sync 1 DAGs
[2021-09-27 03:28:27,601] {logging_mixin.py:109} INFO - [2021-09-27 03:28:27,601] {dag.py:2306} INFO - Setting next_dagrun for example_skip_dag to 2021-09-25 00:00:00+00:00
[2021-09-27 03:28:27,616] {processor.py:170} INFO - Processing /home/airflow/.local/lib/python3.8/site-packages/airflow/example_dags/example_skip_dag.py took 0.051 seconds
[2021-09-27 03:28:57,880] {processor.py:162} INFO - Started process (PID=459) to work on /home/airflow/.local/lib/python3.8/site-packages/airflow/example_dags/example_skip_dag.py
[2021-09-27 03:28:57,881] {processor.py:613} INFO - Processing file /home/airflow/.local/lib/python3.8/site-packages/airflow/example_dags/example_skip_dag.py for tasks to queue
[2021-09-27 03:28:57,881] {logging_mixin.py:109} INFO - [2021-09-27 03:28:57,881] {dagbag.py:496} INFO - Filling up the DagBag from /home/airflow/.local/lib/python3.8/site-packages/airflow/example_dags/example_skip_dag.py
[2021-09-27 03:28:57,888] {processor.py:623} INFO - DAG(s) dict_keys(['example_skip_dag']) retrieved from /home/airflow/.local/lib/python3.8/site-packages/airflow/example_dags/example_skip_dag.py
[2021-09-27 03:28:57,904] {logging_mixin.py:109} INFO - [2021-09-27 03:28:57,904] {dag.py:1833} INFO - Sync 1 DAGs
[2021-09-27 03:28:57,914] {logging_mixin.py:109} INFO - [2021-09-27 03:28:57,914] {dag.py:2306} INFO - Setting next_dagrun for example_skip_dag to 2021-09-25 00:00:00+00:00
[2021-09-27 03:28:57,933] {processor.py:170} INFO - Processing /home/airflow/.local/lib/python3.8/site-packages/airflow/example_dags/example_skip_dag.py took 0.055 seconds
[2021-09-27 03:29:28,118] {processor.py:162} INFO - Started process (PID=505) to work on /home/airflow/.local/lib/python3.8/site-packages/airflow/example_dags/example_skip_dag.py
[2021-09-27 03:29:28,119] {processor.py:613} INFO - Processing file /home/airflow/.local/lib/python3.8/site-packages/airflow/example_dags/example_skip_dag.py for tasks to queue
[2021-09-27 03:29:28,119] {logging_mixin.py:109} INFO - [2021-09-27 03:29:28,119] {dagbag.py:496} INFO - Filling up the DagBag from /home/airflow/.local/lib/python3.8/site-packages/airflow/example_dags/example_skip_dag.py
[2021-09-27 03:29:28,126] {processor.py:623} INFO - DAG(s) dict_keys(['example_skip_dag']) retrieved from /home/airflow/.local/lib/python3.8/site-packages/airflow/example_dags/example_skip_dag.py
[2021-09-27 03:29:28,140] {logging_mixin.py:109} INFO - [2021-09-27 03:29:28,140] {dag.py:1833} INFO - Sync 1 DAGs
[2021-09-27 03:29:28,148] {logging_mixin.py:109} INFO - [2021-09-27 03:29:28,148] {dag.py:2306} INFO - Setting next_dagrun for example_skip_dag to 2021-09-25 00:00:00+00:00
[2021-09-27 03:29:28,166] {processor.py:170} INFO - Processing /home/airflow/.local/lib/python3.8/site-packages/airflow/example_dags/example_skip_dag.py took 0.050 seconds
[2021-09-27 03:29:58,208] {processor.py:162} INFO - Started process (PID=558) to work on /home/airflow/.local/lib/python3.8/site-packages/airflow/example_dags/example_skip_dag.py
[2021-09-27 03:29:58,208] {processor.py:613} INFO - Processing file /home/airflow/.local/lib/python3.8/site-packages/airflow/example_dags/example_skip_dag.py for tasks to queue
[2021-09-27 03:29:58,209] {logging_mixin.py:109} INFO - [2021-09-27 03:29:58,209] {dagbag.py:496} INFO - Filling up the DagBag from /home/airflow/.local/lib/python3.8/site-packages/airflow/example_dags/example_skip_dag.py
[2021-09-27 03:29:58,216] {processor.py:623} INFO - DAG(s) dict_keys(['example_skip_dag']) retrieved from /home/airflow/.local/lib/python3.8/site-packages/airflow/example_dags/example_skip_dag.py
[2021-09-27 03:29:58,230] {logging_mixin.py:109} INFO - [2021-09-27 03:29:58,230] {dag.py:1833} INFO - Sync 1 DAGs
[2021-09-27 03:29:58,240] {logging_mixin.py:109} INFO - [2021-09-27 03:29:58,240] {dag.py:2306} INFO - Setting next_dagrun for example_skip_dag to 2021-09-25 00:00:00+00:00
[2021-09-27 03:29:58,256] {processor.py:170} INFO - Processing /home/airflow/.local/lib/python3.8/site-packages/airflow/example_dags/example_skip_dag.py took 0.051 seconds
[2021-09-27 03:30:28,325] {processor.py:162} INFO - Started process (PID=611) to work on /home/airflow/.local/lib/python3.8/site-packages/airflow/example_dags/example_skip_dag.py
[2021-09-27 03:30:28,326] {processor.py:613} INFO - Processing file /home/airflow/.local/lib/python3.8/site-packages/airflow/example_dags/example_skip_dag.py for tasks to queue
[2021-09-27 03:30:28,327] {logging_mixin.py:109} INFO - [2021-09-27 03:30:28,327] {dagbag.py:496} INFO - Filling up the DagBag from /home/airflow/.local/lib/python3.8/site-packages/airflow/example_dags/example_skip_dag.py
[2021-09-27 03:30:28,334] {processor.py:623} INFO - DAG(s) dict_keys(['example_skip_dag']) retrieved from /home/airflow/.local/lib/python3.8/site-packages/airflow/example_dags/example_skip_dag.py
[2021-09-27 03:30:28,349] {logging_mixin.py:109} INFO - [2021-09-27 03:30:28,348] {dag.py:1833} INFO - Sync 1 DAGs
[2021-09-27 03:30:28,360] {logging_mixin.py:109} INFO - [2021-09-27 03:30:28,359] {dag.py:2306} INFO - Setting next_dagrun for example_skip_dag to 2021-09-25 00:00:00+00:00
[2021-09-27 03:30:28,367] {processor.py:170} INFO - Processing /home/airflow/.local/lib/python3.8/site-packages/airflow/example_dags/example_skip_dag.py took 0.045 seconds
[2021-09-27 03:30:58,544] {processor.py:162} INFO - Started process (PID=656) to work on /home/airflow/.local/lib/python3.8/site-packages/airflow/example_dags/example_skip_dag.py
[2021-09-27 03:30:58,546] {processor.py:613} INFO - Processing file /home/airflow/.local/lib/python3.8/site-packages/airflow/example_dags/example_skip_dag.py for tasks to queue
[2021-09-27 03:30:58,546] {logging_mixin.py:109} INFO - [2021-09-27 03:30:58,546] {dagbag.py:496} INFO - Filling up the DagBag from /home/airflow/.local/lib/python3.8/site-packages/airflow/example_dags/example_skip_dag.py
[2021-09-27 03:30:58,552] {processor.py:623} INFO - DAG(s) dict_keys(['example_skip_dag']) retrieved from /home/airflow/.local/lib/python3.8/site-packages/airflow/example_dags/example_skip_dag.py
[2021-09-27 03:30:58,569] {logging_mixin.py:109} INFO - [2021-09-27 03:30:58,569] {dag.py:1833} INFO - Sync 1 DAGs
[2021-09-27 03:30:58,579] {logging_mixin.py:109} INFO - [2021-09-27 03:30:58,579] {dag.py:2306} INFO - Setting next_dagrun for example_skip_dag to 2021-09-25 00:00:00+00:00
[2021-09-27 03:30:58,588] {processor.py:170} INFO - Processing /home/airflow/.local/lib/python3.8/site-packages/airflow/example_dags/example_skip_dag.py took 0.046 seconds
[2021-09-27 03:31:28,770] {processor.py:162} INFO - Started process (PID=709) to work on /home/airflow/.local/lib/python3.8/site-packages/airflow/example_dags/example_skip_dag.py
[2021-09-27 03:31:28,770] {processor.py:613} INFO - Processing file /home/airflow/.local/lib/python3.8/site-packages/airflow/example_dags/example_skip_dag.py for tasks to queue
[2021-09-27 03:31:28,771] {logging_mixin.py:109} INFO - [2021-09-27 03:31:28,771] {dagbag.py:496} INFO - Filling up the DagBag from /home/airflow/.local/lib/python3.8/site-packages/airflow/example_dags/example_skip_dag.py
[2021-09-27 03:31:28,777] {processor.py:623} INFO - DAG(s) dict_keys(['example_skip_dag']) retrieved from /home/airflow/.local/lib/python3.8/site-packages/airflow/example_dags/example_skip_dag.py
[2021-09-27 03:31:28,793] {logging_mixin.py:109} INFO - [2021-09-27 03:31:28,793] {dag.py:1833} INFO - Sync 1 DAGs
[2021-09-27 03:31:28,804] {logging_mixin.py:109} INFO - [2021-09-27 03:31:28,804] {dag.py:2306} INFO - Setting next_dagrun for example_skip_dag to 2021-09-25 00:00:00+00:00
[2021-09-27 03:31:28,813] {processor.py:170} INFO - Processing /home/airflow/.local/lib/python3.8/site-packages/airflow/example_dags/example_skip_dag.py took 0.046 seconds
[2021-09-27 03:31:59,012] {processor.py:162} INFO - Started process (PID=762) to work on /home/airflow/.local/lib/python3.8/site-packages/airflow/example_dags/example_skip_dag.py
[2021-09-27 03:31:59,013] {processor.py:613} INFO - Processing file /home/airflow/.local/lib/python3.8/site-packages/airflow/example_dags/example_skip_dag.py for tasks to queue
[2021-09-27 03:31:59,013] {logging_mixin.py:109} INFO - [2021-09-27 03:31:59,013] {dagbag.py:496} INFO - Filling up the DagBag from /home/airflow/.local/lib/python3.8/site-packages/airflow/example_dags/example_skip_dag.py
[2021-09-27 03:31:59,020] {processor.py:623} INFO - DAG(s) dict_keys(['example_skip_dag']) retrieved from /home/airflow/.local/lib/python3.8/site-packages/airflow/example_dags/example_skip_dag.py
[2021-09-27 03:31:59,034] {logging_mixin.py:109} INFO - [2021-09-27 03:31:59,034] {dag.py:1833} INFO - Sync 1 DAGs
[2021-09-27 03:31:59,043] {logging_mixin.py:109} INFO - [2021-09-27 03:31:59,043] {dag.py:2306} INFO - Setting next_dagrun for example_skip_dag to 2021-09-25 00:00:00+00:00
[2021-09-27 03:31:59,052] {processor.py:170} INFO - Processing /home/airflow/.local/lib/python3.8/site-packages/airflow/example_dags/example_skip_dag.py took 0.042 seconds
[2021-09-27 03:32:29,281] {processor.py:162} INFO - Started process (PID=815) to work on /home/airflow/.local/lib/python3.8/site-packages/airflow/example_dags/example_skip_dag.py
[2021-09-27 03:32:29,282] {processor.py:613} INFO - Processing file /home/airflow/.local/lib/python3.8/site-packages/airflow/example_dags/example_skip_dag.py for tasks to queue
[2021-09-27 03:32:29,283] {logging_mixin.py:109} INFO - [2021-09-27 03:32:29,282] {dagbag.py:496} INFO - Filling up the DagBag from /home/airflow/.local/lib/python3.8/site-packages/airflow/example_dags/example_skip_dag.py
[2021-09-27 03:32:29,290] {processor.py:623} INFO - DAG(s) dict_keys(['example_skip_dag']) retrieved from /home/airflow/.local/lib/python3.8/site-packages/airflow/example_dags/example_skip_dag.py
[2021-09-27 03:32:29,307] {logging_mixin.py:109} INFO - [2021-09-27 03:32:29,307] {dag.py:1833} INFO - Sync 1 DAGs
[2021-09-27 03:32:29,319] {logging_mixin.py:109} INFO - [2021-09-27 03:32:29,319] {dag.py:2306} INFO - Setting next_dagrun for example_skip_dag to 2021-09-25 00:00:00+00:00
[2021-09-27 03:32:29,330] {processor.py:170} INFO - Processing /home/airflow/.local/lib/python3.8/site-packages/airflow/example_dags/example_skip_dag.py took 0.051 seconds
[2021-09-27 03:32:59,600] {processor.py:162} INFO - Started process (PID=861) to work on /home/airflow/.local/lib/python3.8/site-packages/airflow/example_dags/example_skip_dag.py
[2021-09-27 03:32:59,600] {processor.py:613} INFO - Processing file /home/airflow/.local/lib/python3.8/site-packages/airflow/example_dags/example_skip_dag.py for tasks to queue
[2021-09-27 03:32:59,601] {logging_mixin.py:109} INFO - [2021-09-27 03:32:59,601] {dagbag.py:496} INFO - Filling up the DagBag from /home/airflow/.local/lib/python3.8/site-packages/airflow/example_dags/example_skip_dag.py
[2021-09-27 03:32:59,608] {processor.py:623} INFO - DAG(s) dict_keys(['example_skip_dag']) retrieved from /home/airflow/.local/lib/python3.8/site-packages/airflow/example_dags/example_skip_dag.py
[2021-09-27 03:32:59,624] {logging_mixin.py:109} INFO - [2021-09-27 03:32:59,624] {dag.py:1833} INFO - Sync 1 DAGs
[2021-09-27 03:32:59,633] {logging_mixin.py:109} INFO - [2021-09-27 03:32:59,633] {dag.py:2306} INFO - Setting next_dagrun for example_skip_dag to 2021-09-25 00:00:00+00:00
[2021-09-27 03:32:59,645] {processor.py:170} INFO - Processing /home/airflow/.local/lib/python3.8/site-packages/airflow/example_dags/example_skip_dag.py took 0.047 seconds
[2021-09-27 03:33:29,710] {processor.py:162} INFO - Started process (PID=914) to work on /home/airflow/.local/lib/python3.8/site-packages/airflow/example_dags/example_skip_dag.py
[2021-09-27 03:33:29,711] {processor.py:613} INFO - Processing file /home/airflow/.local/lib/python3.8/site-packages/airflow/example_dags/example_skip_dag.py for tasks to queue
[2021-09-27 03:33:29,712] {logging_mixin.py:109} INFO - [2021-09-27 03:33:29,711] {dagbag.py:496} INFO - Filling up the DagBag from /home/airflow/.local/lib/python3.8/site-packages/airflow/example_dags/example_skip_dag.py
[2021-09-27 03:33:29,718] {processor.py:623} INFO - DAG(s) dict_keys(['example_skip_dag']) retrieved from /home/airflow/.local/lib/python3.8/site-packages/airflow/example_dags/example_skip_dag.py
[2021-09-27 03:33:29,735] {logging_mixin.py:109} INFO - [2021-09-27 03:33:29,735] {dag.py:1833} INFO - Sync 1 DAGs
[2021-09-27 03:33:29,746] {logging_mixin.py:109} INFO - [2021-09-27 03:33:29,745] {dag.py:2306} INFO - Setting next_dagrun for example_skip_dag to 2021-09-25 00:00:00+00:00
[2021-09-27 03:33:29,758] {processor.py:170} INFO - Processing /home/airflow/.local/lib/python3.8/site-packages/airflow/example_dags/example_skip_dag.py took 0.050 seconds
[2021-09-27 03:33:59,984] {processor.py:162} INFO - Started process (PID=967) to work on /home/airflow/.local/lib/python3.8/site-packages/airflow/example_dags/example_skip_dag.py
[2021-09-27 03:33:59,986] {processor.py:613} INFO - Processing file /home/airflow/.local/lib/python3.8/site-packages/airflow/example_dags/example_skip_dag.py for tasks to queue
[2021-09-27 03:33:59,986] {logging_mixin.py:109} INFO - [2021-09-27 03:33:59,986] {dagbag.py:496} INFO - Filling up the DagBag from /home/airflow/.local/lib/python3.8/site-packages/airflow/example_dags/example_skip_dag.py
[2021-09-27 03:33:59,993] {processor.py:623} INFO - DAG(s) dict_keys(['example_skip_dag']) retrieved from /home/airflow/.local/lib/python3.8/site-packages/airflow/example_dags/example_skip_dag.py
[2021-09-27 03:34:00,007] {logging_mixin.py:109} INFO - [2021-09-27 03:34:00,007] {dag.py:1833} INFO - Sync 1 DAGs
[2021-09-27 03:34:00,018] {logging_mixin.py:109} INFO - [2021-09-27 03:34:00,017] {dag.py:2306} INFO - Setting next_dagrun for example_skip_dag to 2021-09-25 00:00:00+00:00
[2021-09-27 03:34:00,026] {processor.py:170} INFO - Processing /home/airflow/.local/lib/python3.8/site-packages/airflow/example_dags/example_skip_dag.py took 0.043 seconds
[2021-09-27 03:34:30,239] {processor.py:162} INFO - Started process (PID=1020) to work on /home/airflow/.local/lib/python3.8/site-packages/airflow/example_dags/example_skip_dag.py
[2021-09-27 03:34:30,240] {processor.py:613} INFO - Processing file /home/airflow/.local/lib/python3.8/site-packages/airflow/example_dags/example_skip_dag.py for tasks to queue
[2021-09-27 03:34:30,241] {logging_mixin.py:109} INFO - [2021-09-27 03:34:30,241] {dagbag.py:496} INFO - Filling up the DagBag from /home/airflow/.local/lib/python3.8/site-packages/airflow/example_dags/example_skip_dag.py
[2021-09-27 03:34:30,248] {processor.py:623} INFO - DAG(s) dict_keys(['example_skip_dag']) retrieved from /home/airflow/.local/lib/python3.8/site-packages/airflow/example_dags/example_skip_dag.py
[2021-09-27 03:34:30,262] {logging_mixin.py:109} INFO - [2021-09-27 03:34:30,262] {dag.py:1833} INFO - Sync 1 DAGs
[2021-09-27 03:34:30,271] {logging_mixin.py:109} INFO - [2021-09-27 03:34:30,271] {dag.py:2306} INFO - Setting next_dagrun for example_skip_dag to 2021-09-25 00:00:00+00:00
[2021-09-27 03:34:30,281] {processor.py:170} INFO - Processing /home/airflow/.local/lib/python3.8/site-packages/airflow/example_dags/example_skip_dag.py took 0.043 seconds
[2021-09-27 03:35:00,660] {processor.py:162} INFO - Started process (PID=1066) to work on /home/airflow/.local/lib/python3.8/site-packages/airflow/example_dags/example_skip_dag.py
[2021-09-27 03:35:00,661] {processor.py:613} INFO - Processing file /home/airflow/.local/lib/python3.8/site-packages/airflow/example_dags/example_skip_dag.py for tasks to queue
[2021-09-27 03:35:00,662] {logging_mixin.py:109} INFO - [2021-09-27 03:35:00,662] {dagbag.py:496} INFO - Filling up the DagBag from /home/airflow/.local/lib/python3.8/site-packages/airflow/example_dags/example_skip_dag.py
[2021-09-27 03:35:00,669] {processor.py:623} INFO - DAG(s) dict_keys(['example_skip_dag']) retrieved from /home/airflow/.local/lib/python3.8/site-packages/airflow/example_dags/example_skip_dag.py
[2021-09-27 03:35:00,684] {logging_mixin.py:109} INFO - [2021-09-27 03:35:00,684] {dag.py:1833} INFO - Sync 1 DAGs
[2021-09-27 03:35:00,694] {logging_mixin.py:109} INFO - [2021-09-27 03:35:00,694] {dag.py:2306} INFO - Setting next_dagrun for example_skip_dag to 2021-09-25 00:00:00+00:00
[2021-09-27 03:35:00,710] {processor.py:170} INFO - Processing /home/airflow/.local/lib/python3.8/site-packages/airflow/example_dags/example_skip_dag.py took 0.051 seconds
[2021-09-27 03:35:30,997] {processor.py:162} INFO - Started process (PID=1120) to work on /home/airflow/.local/lib/python3.8/site-packages/airflow/example_dags/example_skip_dag.py
[2021-09-27 03:35:30,998] {processor.py:613} INFO - Processing file /home/airflow/.local/lib/python3.8/site-packages/airflow/example_dags/example_skip_dag.py for tasks to queue
[2021-09-27 03:35:30,999] {logging_mixin.py:109} INFO - [2021-09-27 03:35:30,999] {dagbag.py:496} INFO - Filling up the DagBag from /home/airflow/.local/lib/python3.8/site-packages/airflow/example_dags/example_skip_dag.py
[2021-09-27 03:35:31,008] {processor.py:623} INFO - DAG(s) dict_keys(['example_skip_dag']) retrieved from /home/airflow/.local/lib/python3.8/site-packages/airflow/example_dags/example_skip_dag.py
[2021-09-27 03:35:31,026] {logging_mixin.py:109} INFO - [2021-09-27 03:35:31,026] {dag.py:1833} INFO - Sync 1 DAGs
[2021-09-27 03:35:31,037] {logging_mixin.py:109} INFO - [2021-09-27 03:35:31,037] {dag.py:2306} INFO - Setting next_dagrun for example_skip_dag to 2021-09-25 00:00:00+00:00
[2021-09-27 03:35:31,048] {processor.py:170} INFO - Processing /home/airflow/.local/lib/python3.8/site-packages/airflow/example_dags/example_skip_dag.py took 0.053 seconds
[2021-09-27 03:36:01,283] {processor.py:162} INFO - Started process (PID=1173) to work on /home/airflow/.local/lib/python3.8/site-packages/airflow/example_dags/example_skip_dag.py
[2021-09-27 03:36:01,284] {processor.py:613} INFO - Processing file /home/airflow/.local/lib/python3.8/site-packages/airflow/example_dags/example_skip_dag.py for tasks to queue
[2021-09-27 03:36:01,285] {logging_mixin.py:109} INFO - [2021-09-27 03:36:01,285] {dagbag.py:496} INFO - Filling up the DagBag from /home/airflow/.local/lib/python3.8/site-packages/airflow/example_dags/example_skip_dag.py
[2021-09-27 03:36:01,291] {processor.py:623} INFO - DAG(s) dict_keys(['example_skip_dag']) retrieved from /home/airflow/.local/lib/python3.8/site-packages/airflow/example_dags/example_skip_dag.py
[2021-09-27 03:36:01,306] {logging_mixin.py:109} INFO - [2021-09-27 03:36:01,306] {dag.py:1833} INFO - Sync 1 DAGs
[2021-09-27 03:36:01,316] {logging_mixin.py:109} INFO - [2021-09-27 03:36:01,316] {dag.py:2306} INFO - Setting next_dagrun for example_skip_dag to 2021-09-25 00:00:00+00:00
[2021-09-27 03:36:01,335] {processor.py:170} INFO - Processing /home/airflow/.local/lib/python3.8/site-packages/airflow/example_dags/example_skip_dag.py took 0.053 seconds
[2021-09-27 03:36:31,601] {processor.py:162} INFO - Started process (PID=1227) to work on /home/airflow/.local/lib/python3.8/site-packages/airflow/example_dags/example_skip_dag.py
[2021-09-27 03:36:31,601] {processor.py:613} INFO - Processing file /home/airflow/.local/lib/python3.8/site-packages/airflow/example_dags/example_skip_dag.py for tasks to queue
[2021-09-27 03:36:31,602] {logging_mixin.py:109} INFO - [2021-09-27 03:36:31,602] {dagbag.py:496} INFO - Filling up the DagBag from /home/airflow/.local/lib/python3.8/site-packages/airflow/example_dags/example_skip_dag.py
[2021-09-27 03:36:31,610] {processor.py:623} INFO - DAG(s) dict_keys(['example_skip_dag']) retrieved from /home/airflow/.local/lib/python3.8/site-packages/airflow/example_dags/example_skip_dag.py
[2021-09-27 03:36:31,628] {logging_mixin.py:109} INFO - [2021-09-27 03:36:31,628] {dag.py:1833} INFO - Sync 1 DAGs
[2021-09-27 03:36:31,638] {logging_mixin.py:109} INFO - [2021-09-27 03:36:31,638] {dag.py:2306} INFO - Setting next_dagrun for example_skip_dag to 2021-09-25 00:00:00+00:00
[2021-09-27 03:36:31,658] {processor.py:170} INFO - Processing /home/airflow/.local/lib/python3.8/site-packages/airflow/example_dags/example_skip_dag.py took 0.059 seconds
[2021-09-27 03:37:01,829] {processor.py:162} INFO - Started process (PID=1273) to work on /home/airflow/.local/lib/python3.8/site-packages/airflow/example_dags/example_skip_dag.py
[2021-09-27 03:37:01,830] {processor.py:613} INFO - Processing file /home/airflow/.local/lib/python3.8/site-packages/airflow/example_dags/example_skip_dag.py for tasks to queue
[2021-09-27 03:37:01,830] {logging_mixin.py:109} INFO - [2021-09-27 03:37:01,830] {dagbag.py:496} INFO - Filling up the DagBag from /home/airflow/.local/lib/python3.8/site-packages/airflow/example_dags/example_skip_dag.py
[2021-09-27 03:37:01,837] {processor.py:623} INFO - DAG(s) dict_keys(['example_skip_dag']) retrieved from /home/airflow/.local/lib/python3.8/site-packages/airflow/example_dags/example_skip_dag.py
[2021-09-27 03:37:01,854] {logging_mixin.py:109} INFO - [2021-09-27 03:37:01,854] {dag.py:1833} INFO - Sync 1 DAGs
[2021-09-27 03:37:01,866] {logging_mixin.py:109} INFO - [2021-09-27 03:37:01,866] {dag.py:2306} INFO - Setting next_dagrun for example_skip_dag to 2021-09-25 00:00:00+00:00
[2021-09-27 03:37:01,878] {processor.py:170} INFO - Processing /home/airflow/.local/lib/python3.8/site-packages/airflow/example_dags/example_skip_dag.py took 0.051 seconds
[2021-09-27 03:37:32,099] {processor.py:162} INFO - Started process (PID=1326) to work on /home/airflow/.local/lib/python3.8/site-packages/airflow/example_dags/example_skip_dag.py
[2021-09-27 03:37:32,100] {processor.py:613} INFO - Processing file /home/airflow/.local/lib/python3.8/site-packages/airflow/example_dags/example_skip_dag.py for tasks to queue
[2021-09-27 03:37:32,100] {logging_mixin.py:109} INFO - [2021-09-27 03:37:32,100] {dagbag.py:496} INFO - Filling up the DagBag from /home/airflow/.local/lib/python3.8/site-packages/airflow/example_dags/example_skip_dag.py
[2021-09-27 03:37:32,108] {processor.py:623} INFO - DAG(s) dict_keys(['example_skip_dag']) retrieved from /home/airflow/.local/lib/python3.8/site-packages/airflow/example_dags/example_skip_dag.py
[2021-09-27 03:37:32,124] {logging_mixin.py:109} INFO - [2021-09-27 03:37:32,124] {dag.py:1833} INFO - Sync 1 DAGs
[2021-09-27 03:37:32,133] {logging_mixin.py:109} INFO - [2021-09-27 03:37:32,133] {dag.py:2306} INFO - Setting next_dagrun for example_skip_dag to 2021-09-25 00:00:00+00:00
[2021-09-27 03:37:32,149] {processor.py:170} INFO - Processing /home/airflow/.local/lib/python3.8/site-packages/airflow/example_dags/example_skip_dag.py took 0.052 seconds
[2021-09-27 03:38:02,398] {processor.py:162} INFO - Started process (PID=1380) to work on /home/airflow/.local/lib/python3.8/site-packages/airflow/example_dags/example_skip_dag.py
[2021-09-27 03:38:02,399] {processor.py:613} INFO - Processing file /home/airflow/.local/lib/python3.8/site-packages/airflow/example_dags/example_skip_dag.py for tasks to queue
[2021-09-27 03:38:02,400] {logging_mixin.py:109} INFO - [2021-09-27 03:38:02,400] {dagbag.py:496} INFO - Filling up the DagBag from /home/airflow/.local/lib/python3.8/site-packages/airflow/example_dags/example_skip_dag.py
[2021-09-27 03:38:02,408] {processor.py:623} INFO - DAG(s) dict_keys(['example_skip_dag']) retrieved from /home/airflow/.local/lib/python3.8/site-packages/airflow/example_dags/example_skip_dag.py
[2021-09-27 03:38:02,423] {logging_mixin.py:109} INFO - [2021-09-27 03:38:02,423] {dag.py:1833} INFO - Sync 1 DAGs
[2021-09-27 03:38:02,432] {logging_mixin.py:109} INFO - [2021-09-27 03:38:02,432] {dag.py:2306} INFO - Setting next_dagrun for example_skip_dag to 2021-09-25 00:00:00+00:00
[2021-09-27 03:38:02,451] {processor.py:170} INFO - Processing /home/airflow/.local/lib/python3.8/site-packages/airflow/example_dags/example_skip_dag.py took 0.056 seconds
[2021-09-27 03:38:32,848] {processor.py:162} INFO - Started process (PID=1433) to work on /home/airflow/.local/lib/python3.8/site-packages/airflow/example_dags/example_skip_dag.py
[2021-09-27 03:38:32,849] {processor.py:613} INFO - Processing file /home/airflow/.local/lib/python3.8/site-packages/airflow/example_dags/example_skip_dag.py for tasks to queue
[2021-09-27 03:38:32,850] {logging_mixin.py:109} INFO - [2021-09-27 03:38:32,850] {dagbag.py:496} INFO - Filling up the DagBag from /home/airflow/.local/lib/python3.8/site-packages/airflow/example_dags/example_skip_dag.py
[2021-09-27 03:38:32,859] {processor.py:623} INFO - DAG(s) dict_keys(['example_skip_dag']) retrieved from /home/airflow/.local/lib/python3.8/site-packages/airflow/example_dags/example_skip_dag.py
[2021-09-27 03:38:32,876] {logging_mixin.py:109} INFO - [2021-09-27 03:38:32,876] {dag.py:1833} INFO - Sync 1 DAGs
[2021-09-27 03:38:32,888] {logging_mixin.py:109} INFO - [2021-09-27 03:38:32,888] {dag.py:2306} INFO - Setting next_dagrun for example_skip_dag to 2021-09-25 00:00:00+00:00
[2021-09-27 03:38:32,907] {processor.py:170} INFO - Processing /home/airflow/.local/lib/python3.8/site-packages/airflow/example_dags/example_skip_dag.py took 0.062 seconds
[2021-09-27 03:39:03,245] {processor.py:162} INFO - Started process (PID=1479) to work on /home/airflow/.local/lib/python3.8/site-packages/airflow/example_dags/example_skip_dag.py
[2021-09-27 03:39:03,247] {processor.py:613} INFO - Processing file /home/airflow/.local/lib/python3.8/site-packages/airflow/example_dags/example_skip_dag.py for tasks to queue
[2021-09-27 03:39:03,247] {logging_mixin.py:109} INFO - [2021-09-27 03:39:03,247] {dagbag.py:496} INFO - Filling up the DagBag from /home/airflow/.local/lib/python3.8/site-packages/airflow/example_dags/example_skip_dag.py
[2021-09-27 03:39:03,254] {processor.py:623} INFO - DAG(s) dict_keys(['example_skip_dag']) retrieved from /home/airflow/.local/lib/python3.8/site-packages/airflow/example_dags/example_skip_dag.py
[2021-09-27 03:39:03,270] {logging_mixin.py:109} INFO - [2021-09-27 03:39:03,270] {dag.py:1833} INFO - Sync 1 DAGs
[2021-09-27 03:39:03,280] {logging_mixin.py:109} INFO - [2021-09-27 03:39:03,280] {dag.py:2306} INFO - Setting next_dagrun for example_skip_dag to 2021-09-25 00:00:00+00:00
[2021-09-27 03:39:03,295] {processor.py:170} INFO - Processing /home/airflow/.local/lib/python3.8/site-packages/airflow/example_dags/example_skip_dag.py took 0.052 seconds
[2021-09-27 03:39:33,522] {processor.py:162} INFO - Started process (PID=1533) to work on /home/airflow/.local/lib/python3.8/site-packages/airflow/example_dags/example_skip_dag.py
[2021-09-27 03:39:33,523] {processor.py:613} INFO - Processing file /home/airflow/.local/lib/python3.8/site-packages/airflow/example_dags/example_skip_dag.py for tasks to queue
[2021-09-27 03:39:33,524] {logging_mixin.py:109} INFO - [2021-09-27 03:39:33,524] {dagbag.py:496} INFO - Filling up the DagBag from /home/airflow/.local/lib/python3.8/site-packages/airflow/example_dags/example_skip_dag.py
[2021-09-27 03:39:33,531] {processor.py:623} INFO - DAG(s) dict_keys(['example_skip_dag']) retrieved from /home/airflow/.local/lib/python3.8/site-packages/airflow/example_dags/example_skip_dag.py
[2021-09-27 03:39:33,545] {logging_mixin.py:109} INFO - [2021-09-27 03:39:33,545] {dag.py:1833} INFO - Sync 1 DAGs
[2021-09-27 03:39:33,555] {logging_mixin.py:109} INFO - [2021-09-27 03:39:33,555] {dag.py:2306} INFO - Setting next_dagrun for example_skip_dag to 2021-09-25 00:00:00+00:00
[2021-09-27 03:39:33,562] {processor.py:170} INFO - Processing /home/airflow/.local/lib/python3.8/site-packages/airflow/example_dags/example_skip_dag.py took 0.042 seconds
[2021-09-27 03:40:03,611] {processor.py:162} INFO - Started process (PID=1586) to work on /home/airflow/.local/lib/python3.8/site-packages/airflow/example_dags/example_skip_dag.py
[2021-09-27 03:40:03,612] {processor.py:613} INFO - Processing file /home/airflow/.local/lib/python3.8/site-packages/airflow/example_dags/example_skip_dag.py for tasks to queue
[2021-09-27 03:40:03,612] {logging_mixin.py:109} INFO - [2021-09-27 03:40:03,612] {dagbag.py:496} INFO - Filling up the DagBag from /home/airflow/.local/lib/python3.8/site-packages/airflow/example_dags/example_skip_dag.py
[2021-09-27 03:40:03,619] {processor.py:623} INFO - DAG(s) dict_keys(['example_skip_dag']) retrieved from /home/airflow/.local/lib/python3.8/site-packages/airflow/example_dags/example_skip_dag.py
[2021-09-27 03:40:03,633] {logging_mixin.py:109} INFO - [2021-09-27 03:40:03,633] {dag.py:1833} INFO - Sync 1 DAGs
[2021-09-27 03:40:03,643] {logging_mixin.py:109} INFO - [2021-09-27 03:40:03,643] {dag.py:2306} INFO - Setting next_dagrun for example_skip_dag to 2021-09-25 00:00:00+00:00
[2021-09-27 03:40:03,651] {processor.py:170} INFO - Processing /home/airflow/.local/lib/python3.8/site-packages/airflow/example_dags/example_skip_dag.py took 0.042 seconds
[2021-09-27 03:40:34,009] {processor.py:162} INFO - Started process (PID=1633) to work on /home/airflow/.local/lib/python3.8/site-packages/airflow/example_dags/example_skip_dag.py
[2021-09-27 03:40:34,010] {processor.py:613} INFO - Processing file /home/airflow/.local/lib/python3.8/site-packages/airflow/example_dags/example_skip_dag.py for tasks to queue
[2021-09-27 03:40:34,010] {logging_mixin.py:109} INFO - [2021-09-27 03:40:34,010] {dagbag.py:496} INFO - Filling up the DagBag from /home/airflow/.local/lib/python3.8/site-packages/airflow/example_dags/example_skip_dag.py
[2021-09-27 03:40:34,018] {processor.py:623} INFO - DAG(s) dict_keys(['example_skip_dag']) retrieved from /home/airflow/.local/lib/python3.8/site-packages/airflow/example_dags/example_skip_dag.py
[2021-09-27 03:40:34,034] {logging_mixin.py:109} INFO - [2021-09-27 03:40:34,034] {dag.py:1833} INFO - Sync 1 DAGs
[2021-09-27 03:40:34,045] {logging_mixin.py:109} INFO - [2021-09-27 03:40:34,045] {dag.py:2306} INFO - Setting next_dagrun for example_skip_dag to 2021-09-25 00:00:00+00:00
[2021-09-27 03:40:34,053] {processor.py:170} INFO - Processing /home/airflow/.local/lib/python3.8/site-packages/airflow/example_dags/example_skip_dag.py took 0.046 seconds
[2021-09-27 03:41:04,139] {processor.py:162} INFO - Started process (PID=1686) to work on /home/airflow/.local/lib/python3.8/site-packages/airflow/example_dags/example_skip_dag.py
[2021-09-27 03:41:04,140] {processor.py:613} INFO - Processing file /home/airflow/.local/lib/python3.8/site-packages/airflow/example_dags/example_skip_dag.py for tasks to queue
[2021-09-27 03:41:04,141] {logging_mixin.py:109} INFO - [2021-09-27 03:41:04,140] {dagbag.py:496} INFO - Filling up the DagBag from /home/airflow/.local/lib/python3.8/site-packages/airflow/example_dags/example_skip_dag.py
[2021-09-27 03:41:04,156] {processor.py:623} INFO - DAG(s) dict_keys(['example_skip_dag']) retrieved from /home/airflow/.local/lib/python3.8/site-packages/airflow/example_dags/example_skip_dag.py
[2021-09-27 03:41:04,173] {logging_mixin.py:109} INFO - [2021-09-27 03:41:04,173] {dag.py:1833} INFO - Sync 1 DAGs
[2021-09-27 03:41:04,185] {logging_mixin.py:109} INFO - [2021-09-27 03:41:04,185] {dag.py:2306} INFO - Setting next_dagrun for example_skip_dag to 2021-09-25 00:00:00+00:00
[2021-09-27 03:41:04,202] {processor.py:170} INFO - Processing /home/airflow/.local/lib/python3.8/site-packages/airflow/example_dags/example_skip_dag.py took 0.066 seconds
[2021-09-27 03:41:34,515] {processor.py:162} INFO - Started process (PID=1740) to work on /home/airflow/.local/lib/python3.8/site-packages/airflow/example_dags/example_skip_dag.py
[2021-09-27 03:41:34,516] {processor.py:613} INFO - Processing file /home/airflow/.local/lib/python3.8/site-packages/airflow/example_dags/example_skip_dag.py for tasks to queue
[2021-09-27 03:41:34,517] {logging_mixin.py:109} INFO - [2021-09-27 03:41:34,516] {dagbag.py:496} INFO - Filling up the DagBag from /home/airflow/.local/lib/python3.8/site-packages/airflow/example_dags/example_skip_dag.py
[2021-09-27 03:41:34,523] {processor.py:623} INFO - DAG(s) dict_keys(['example_skip_dag']) retrieved from /home/airflow/.local/lib/python3.8/site-packages/airflow/example_dags/example_skip_dag.py
[2021-09-27 03:41:34,538] {logging_mixin.py:109} INFO - [2021-09-27 03:41:34,538] {dag.py:1833} INFO - Sync 1 DAGs
[2021-09-27 03:41:34,547] {logging_mixin.py:109} INFO - [2021-09-27 03:41:34,547] {dag.py:2306} INFO - Setting next_dagrun for example_skip_dag to 2021-09-25 00:00:00+00:00
[2021-09-27 03:41:34,555] {processor.py:170} INFO - Processing /home/airflow/.local/lib/python3.8/site-packages/airflow/example_dags/example_skip_dag.py took 0.042 seconds
[2021-09-27 03:42:04,868] {processor.py:162} INFO - Started process (PID=1794) to work on /home/airflow/.local/lib/python3.8/site-packages/airflow/example_dags/example_skip_dag.py
[2021-09-27 03:42:04,869] {processor.py:613} INFO - Processing file /home/airflow/.local/lib/python3.8/site-packages/airflow/example_dags/example_skip_dag.py for tasks to queue
[2021-09-27 03:42:04,870] {logging_mixin.py:109} INFO - [2021-09-27 03:42:04,870] {dagbag.py:496} INFO - Filling up the DagBag from /home/airflow/.local/lib/python3.8/site-packages/airflow/example_dags/example_skip_dag.py
[2021-09-27 03:42:04,877] {processor.py:623} INFO - DAG(s) dict_keys(['example_skip_dag']) retrieved from /home/airflow/.local/lib/python3.8/site-packages/airflow/example_dags/example_skip_dag.py
[2021-09-27 03:42:04,891] {logging_mixin.py:109} INFO - [2021-09-27 03:42:04,891] {dag.py:1833} INFO - Sync 1 DAGs
[2021-09-27 03:42:04,900] {logging_mixin.py:109} INFO - [2021-09-27 03:42:04,900] {dag.py:2306} INFO - Setting next_dagrun for example_skip_dag to 2021-09-25 00:00:00+00:00
[2021-09-27 03:42:04,908] {processor.py:170} INFO - Processing /home/airflow/.local/lib/python3.8/site-packages/airflow/example_dags/example_skip_dag.py took 0.042 seconds
[2021-09-27 03:42:35,114] {processor.py:162} INFO - Started process (PID=1840) to work on /home/airflow/.local/lib/python3.8/site-packages/airflow/example_dags/example_skip_dag.py
[2021-09-27 03:42:35,115] {processor.py:613} INFO - Processing file /home/airflow/.local/lib/python3.8/site-packages/airflow/example_dags/example_skip_dag.py for tasks to queue
[2021-09-27 03:42:35,116] {logging_mixin.py:109} INFO - [2021-09-27 03:42:35,116] {dagbag.py:496} INFO - Filling up the DagBag from /home/airflow/.local/lib/python3.8/site-packages/airflow/example_dags/example_skip_dag.py
[2021-09-27 03:42:35,122] {processor.py:623} INFO - DAG(s) dict_keys(['example_skip_dag']) retrieved from /home/airflow/.local/lib/python3.8/site-packages/airflow/example_dags/example_skip_dag.py
[2021-09-27 03:42:35,137] {logging_mixin.py:109} INFO - [2021-09-27 03:42:35,137] {dag.py:1833} INFO - Sync 1 DAGs
[2021-09-27 03:42:35,147] {logging_mixin.py:109} INFO - [2021-09-27 03:42:35,147] {dag.py:2306} INFO - Setting next_dagrun for example_skip_dag to 2021-09-25 00:00:00+00:00
[2021-09-27 03:42:35,154] {processor.py:170} INFO - Processing /home/airflow/.local/lib/python3.8/site-packages/airflow/example_dags/example_skip_dag.py took 0.043 seconds
[2021-09-27 03:43:05,383] {processor.py:162} INFO - Started process (PID=1894) to work on /home/airflow/.local/lib/python3.8/site-packages/airflow/example_dags/example_skip_dag.py
[2021-09-27 03:43:05,384] {processor.py:613} INFO - Processing file /home/airflow/.local/lib/python3.8/site-packages/airflow/example_dags/example_skip_dag.py for tasks to queue
[2021-09-27 03:43:05,384] {logging_mixin.py:109} INFO - [2021-09-27 03:43:05,384] {dagbag.py:496} INFO - Filling up the DagBag from /home/airflow/.local/lib/python3.8/site-packages/airflow/example_dags/example_skip_dag.py
[2021-09-27 03:43:05,391] {processor.py:623} INFO - DAG(s) dict_keys(['example_skip_dag']) retrieved from /home/airflow/.local/lib/python3.8/site-packages/airflow/example_dags/example_skip_dag.py
[2021-09-27 03:43:05,408] {logging_mixin.py:109} INFO - [2021-09-27 03:43:05,408] {dag.py:1833} INFO - Sync 1 DAGs
[2021-09-27 03:43:05,418] {logging_mixin.py:109} INFO - [2021-09-27 03:43:05,418] {dag.py:2306} INFO - Setting next_dagrun for example_skip_dag to 2021-09-25 00:00:00+00:00
[2021-09-27 03:43:05,427] {processor.py:170} INFO - Processing /home/airflow/.local/lib/python3.8/site-packages/airflow/example_dags/example_skip_dag.py took 0.047 seconds
[2021-09-27 03:43:35,618] {processor.py:162} INFO - Started process (PID=1947) to work on /home/airflow/.local/lib/python3.8/site-packages/airflow/example_dags/example_skip_dag.py
[2021-09-27 03:43:35,618] {processor.py:613} INFO - Processing file /home/airflow/.local/lib/python3.8/site-packages/airflow/example_dags/example_skip_dag.py for tasks to queue
[2021-09-27 03:43:35,619] {logging_mixin.py:109} INFO - [2021-09-27 03:43:35,619] {dagbag.py:496} INFO - Filling up the DagBag from /home/airflow/.local/lib/python3.8/site-packages/airflow/example_dags/example_skip_dag.py
[2021-09-27 03:43:35,626] {processor.py:623} INFO - DAG(s) dict_keys(['example_skip_dag']) retrieved from /home/airflow/.local/lib/python3.8/site-packages/airflow/example_dags/example_skip_dag.py
[2021-09-27 03:43:35,641] {logging_mixin.py:109} INFO - [2021-09-27 03:43:35,641] {dag.py:1833} INFO - Sync 1 DAGs
[2021-09-27 03:43:35,650] {logging_mixin.py:109} INFO - [2021-09-27 03:43:35,650] {dag.py:2306} INFO - Setting next_dagrun for example_skip_dag to 2021-09-25 00:00:00+00:00
[2021-09-27 03:43:35,668] {processor.py:170} INFO - Processing /home/airflow/.local/lib/python3.8/site-packages/airflow/example_dags/example_skip_dag.py took 0.052 seconds
[2021-09-27 03:44:05,945] {processor.py:162} INFO - Started process (PID=2000) to work on /home/airflow/.local/lib/python3.8/site-packages/airflow/example_dags/example_skip_dag.py
[2021-09-27 03:44:05,946] {processor.py:613} INFO - Processing file /home/airflow/.local/lib/python3.8/site-packages/airflow/example_dags/example_skip_dag.py for tasks to queue
[2021-09-27 03:44:05,946] {logging_mixin.py:109} INFO - [2021-09-27 03:44:05,946] {dagbag.py:496} INFO - Filling up the DagBag from /home/airflow/.local/lib/python3.8/site-packages/airflow/example_dags/example_skip_dag.py
[2021-09-27 03:44:05,954] {processor.py:623} INFO - DAG(s) dict_keys(['example_skip_dag']) retrieved from /home/airflow/.local/lib/python3.8/site-packages/airflow/example_dags/example_skip_dag.py
[2021-09-27 03:44:05,970] {logging_mixin.py:109} INFO - [2021-09-27 03:44:05,970] {dag.py:1833} INFO - Sync 1 DAGs
[2021-09-27 03:44:05,979] {logging_mixin.py:109} INFO - [2021-09-27 03:44:05,979] {dag.py:2306} INFO - Setting next_dagrun for example_skip_dag to 2021-09-25 00:00:00+00:00
[2021-09-27 03:44:05,997] {processor.py:170} INFO - Processing /home/airflow/.local/lib/python3.8/site-packages/airflow/example_dags/example_skip_dag.py took 0.054 seconds
[2021-09-27 03:44:36,331] {processor.py:162} INFO - Started process (PID=2046) to work on /home/airflow/.local/lib/python3.8/site-packages/airflow/example_dags/example_skip_dag.py
[2021-09-27 03:44:36,332] {processor.py:613} INFO - Processing file /home/airflow/.local/lib/python3.8/site-packages/airflow/example_dags/example_skip_dag.py for tasks to queue
[2021-09-27 03:44:36,332] {logging_mixin.py:109} INFO - [2021-09-27 03:44:36,332] {dagbag.py:496} INFO - Filling up the DagBag from /home/airflow/.local/lib/python3.8/site-packages/airflow/example_dags/example_skip_dag.py
[2021-09-27 03:44:36,339] {processor.py:623} INFO - DAG(s) dict_keys(['example_skip_dag']) retrieved from /home/airflow/.local/lib/python3.8/site-packages/airflow/example_dags/example_skip_dag.py
[2021-09-27 03:44:36,353] {logging_mixin.py:109} INFO - [2021-09-27 03:44:36,353] {dag.py:1833} INFO - Sync 1 DAGs
[2021-09-27 03:44:36,362] {logging_mixin.py:109} INFO - [2021-09-27 03:44:36,362] {dag.py:2306} INFO - Setting next_dagrun for example_skip_dag to 2021-09-25 00:00:00+00:00
[2021-09-27 03:44:36,372] {processor.py:170} INFO - Processing /home/airflow/.local/lib/python3.8/site-packages/airflow/example_dags/example_skip_dag.py took 0.043 seconds
[2021-09-27 03:45:06,651] {processor.py:162} INFO - Started process (PID=2099) to work on /home/airflow/.local/lib/python3.8/site-packages/airflow/example_dags/example_skip_dag.py
[2021-09-27 03:45:06,652] {processor.py:613} INFO - Processing file /home/airflow/.local/lib/python3.8/site-packages/airflow/example_dags/example_skip_dag.py for tasks to queue
[2021-09-27 03:45:06,652] {logging_mixin.py:109} INFO - [2021-09-27 03:45:06,652] {dagbag.py:496} INFO - Filling up the DagBag from /home/airflow/.local/lib/python3.8/site-packages/airflow/example_dags/example_skip_dag.py
[2021-09-27 03:45:06,661] {processor.py:623} INFO - DAG(s) dict_keys(['example_skip_dag']) retrieved from /home/airflow/.local/lib/python3.8/site-packages/airflow/example_dags/example_skip_dag.py
[2021-09-27 03:45:06,676] {logging_mixin.py:109} INFO - [2021-09-27 03:45:06,676] {dag.py:1833} INFO - Sync 1 DAGs
[2021-09-27 03:45:06,687] {logging_mixin.py:109} INFO - [2021-09-27 03:45:06,687] {dag.py:2306} INFO - Setting next_dagrun for example_skip_dag to 2021-09-25 00:00:00+00:00
[2021-09-27 03:45:06,706] {processor.py:170} INFO - Processing /home/airflow/.local/lib/python3.8/site-packages/airflow/example_dags/example_skip_dag.py took 0.058 seconds
[2021-09-27 03:45:37,035] {processor.py:162} INFO - Started process (PID=2152) to work on /home/airflow/.local/lib/python3.8/site-packages/airflow/example_dags/example_skip_dag.py
[2021-09-27 03:45:37,036] {processor.py:613} INFO - Processing file /home/airflow/.local/lib/python3.8/site-packages/airflow/example_dags/example_skip_dag.py for tasks to queue
[2021-09-27 03:45:37,037] {logging_mixin.py:109} INFO - [2021-09-27 03:45:37,037] {dagbag.py:496} INFO - Filling up the DagBag from /home/airflow/.local/lib/python3.8/site-packages/airflow/example_dags/example_skip_dag.py
[2021-09-27 03:45:37,043] {processor.py:623} INFO - DAG(s) dict_keys(['example_skip_dag']) retrieved from /home/airflow/.local/lib/python3.8/site-packages/airflow/example_dags/example_skip_dag.py
[2021-09-27 03:45:37,058] {logging_mixin.py:109} INFO - [2021-09-27 03:45:37,058] {dag.py:1833} INFO - Sync 1 DAGs
[2021-09-27 03:45:37,068] {logging_mixin.py:109} INFO - [2021-09-27 03:45:37,068] {dag.py:2306} INFO - Setting next_dagrun for example_skip_dag to 2021-09-25 00:00:00+00:00
[2021-09-27 03:45:37,085] {processor.py:170} INFO - Processing /home/airflow/.local/lib/python3.8/site-packages/airflow/example_dags/example_skip_dag.py took 0.051 seconds
[2021-09-27 03:46:07,217] {processor.py:162} INFO - Started process (PID=2205) to work on /home/airflow/.local/lib/python3.8/site-packages/airflow/example_dags/example_skip_dag.py
[2021-09-27 03:46:07,218] {processor.py:613} INFO - Processing file /home/airflow/.local/lib/python3.8/site-packages/airflow/example_dags/example_skip_dag.py for tasks to queue
[2021-09-27 03:46:07,218] {logging_mixin.py:109} INFO - [2021-09-27 03:46:07,218] {dagbag.py:496} INFO - Filling up the DagBag from /home/airflow/.local/lib/python3.8/site-packages/airflow/example_dags/example_skip_dag.py
[2021-09-27 03:46:07,226] {processor.py:623} INFO - DAG(s) dict_keys(['example_skip_dag']) retrieved from /home/airflow/.local/lib/python3.8/site-packages/airflow/example_dags/example_skip_dag.py
[2021-09-27 03:46:07,239] {logging_mixin.py:109} INFO - [2021-09-27 03:46:07,239] {dag.py:1833} INFO - Sync 1 DAGs
[2021-09-27 03:46:07,248] {logging_mixin.py:109} INFO - [2021-09-27 03:46:07,248] {dag.py:2306} INFO - Setting next_dagrun for example_skip_dag to 2021-09-25 00:00:00+00:00
[2021-09-27 03:46:07,263] {processor.py:170} INFO - Processing /home/airflow/.local/lib/python3.8/site-packages/airflow/example_dags/example_skip_dag.py took 0.048 seconds
[2021-09-27 03:46:37,401] {processor.py:162} INFO - Started process (PID=2251) to work on /home/airflow/.local/lib/python3.8/site-packages/airflow/example_dags/example_skip_dag.py
[2021-09-27 03:46:37,402] {processor.py:613} INFO - Processing file /home/airflow/.local/lib/python3.8/site-packages/airflow/example_dags/example_skip_dag.py for tasks to queue
[2021-09-27 03:46:37,402] {logging_mixin.py:109} INFO - [2021-09-27 03:46:37,402] {dagbag.py:496} INFO - Filling up the DagBag from /home/airflow/.local/lib/python3.8/site-packages/airflow/example_dags/example_skip_dag.py
[2021-09-27 03:46:37,409] {processor.py:623} INFO - DAG(s) dict_keys(['example_skip_dag']) retrieved from /home/airflow/.local/lib/python3.8/site-packages/airflow/example_dags/example_skip_dag.py
[2021-09-27 03:46:37,426] {logging_mixin.py:109} INFO - [2021-09-27 03:46:37,426] {dag.py:1833} INFO - Sync 1 DAGs
[2021-09-27 03:46:37,438] {logging_mixin.py:109} INFO - [2021-09-27 03:46:37,438] {dag.py:2306} INFO - Setting next_dagrun for example_skip_dag to 2021-09-25 00:00:00+00:00
[2021-09-27 03:46:37,456] {processor.py:170} INFO - Processing /home/airflow/.local/lib/python3.8/site-packages/airflow/example_dags/example_skip_dag.py took 0.056 seconds
[2021-09-27 03:47:07,886] {processor.py:162} INFO - Started process (PID=2304) to work on /home/airflow/.local/lib/python3.8/site-packages/airflow/example_dags/example_skip_dag.py
[2021-09-27 03:47:07,887] {processor.py:613} INFO - Processing file /home/airflow/.local/lib/python3.8/site-packages/airflow/example_dags/example_skip_dag.py for tasks to queue
[2021-09-27 03:47:07,888] {logging_mixin.py:109} INFO - [2021-09-27 03:47:07,888] {dagbag.py:496} INFO - Filling up the DagBag from /home/airflow/.local/lib/python3.8/site-packages/airflow/example_dags/example_skip_dag.py
[2021-09-27 03:47:07,894] {processor.py:623} INFO - DAG(s) dict_keys(['example_skip_dag']) retrieved from /home/airflow/.local/lib/python3.8/site-packages/airflow/example_dags/example_skip_dag.py
[2021-09-27 03:47:07,910] {logging_mixin.py:109} INFO - [2021-09-27 03:47:07,910] {dag.py:1833} INFO - Sync 1 DAGs
[2021-09-27 03:47:07,920] {logging_mixin.py:109} INFO - [2021-09-27 03:47:07,920] {dag.py:2306} INFO - Setting next_dagrun for example_skip_dag to 2021-09-25 00:00:00+00:00
[2021-09-27 03:47:07,927] {processor.py:170} INFO - Processing /home/airflow/.local/lib/python3.8/site-packages/airflow/example_dags/example_skip_dag.py took 0.043 seconds
[2021-09-27 03:47:38,149] {processor.py:162} INFO - Started process (PID=2357) to work on /home/airflow/.local/lib/python3.8/site-packages/airflow/example_dags/example_skip_dag.py
[2021-09-27 03:47:38,150] {processor.py:613} INFO - Processing file /home/airflow/.local/lib/python3.8/site-packages/airflow/example_dags/example_skip_dag.py for tasks to queue
[2021-09-27 03:47:38,151] {logging_mixin.py:109} INFO - [2021-09-27 03:47:38,151] {dagbag.py:496} INFO - Filling up the DagBag from /home/airflow/.local/lib/python3.8/site-packages/airflow/example_dags/example_skip_dag.py
[2021-09-27 03:47:38,158] {processor.py:623} INFO - DAG(s) dict_keys(['example_skip_dag']) retrieved from /home/airflow/.local/lib/python3.8/site-packages/airflow/example_dags/example_skip_dag.py
[2021-09-27 03:47:38,173] {logging_mixin.py:109} INFO - [2021-09-27 03:47:38,173] {dag.py:1833} INFO - Sync 1 DAGs
[2021-09-27 03:47:38,182] {logging_mixin.py:109} INFO - [2021-09-27 03:47:38,182] {dag.py:2306} INFO - Setting next_dagrun for example_skip_dag to 2021-09-25 00:00:00+00:00
[2021-09-27 03:47:38,190] {processor.py:170} INFO - Processing /home/airflow/.local/lib/python3.8/site-packages/airflow/example_dags/example_skip_dag.py took 0.043 seconds
[2021-09-27 03:49:17,938] {processor.py:162} INFO - Started process (PID=32) to work on /home/airflow/.local/lib/python3.8/site-packages/airflow/example_dags/example_skip_dag.py
[2021-09-27 03:49:17,940] {processor.py:613} INFO - Processing file /home/airflow/.local/lib/python3.8/site-packages/airflow/example_dags/example_skip_dag.py for tasks to queue
[2021-09-27 03:49:17,940] {logging_mixin.py:109} INFO - [2021-09-27 03:49:17,940] {dagbag.py:496} INFO - Filling up the DagBag from /home/airflow/.local/lib/python3.8/site-packages/airflow/example_dags/example_skip_dag.py
[2021-09-27 03:49:17,948] {processor.py:623} INFO - DAG(s) dict_keys(['example_skip_dag']) retrieved from /home/airflow/.local/lib/python3.8/site-packages/airflow/example_dags/example_skip_dag.py
[2021-09-27 03:49:17,962] {logging_mixin.py:109} INFO - [2021-09-27 03:49:17,962] {dag.py:1833} INFO - Sync 1 DAGs
[2021-09-27 03:49:17,972] {logging_mixin.py:109} INFO - [2021-09-27 03:49:17,971] {dag.py:2306} INFO - Setting next_dagrun for example_skip_dag to 2021-09-25 00:00:00+00:00
[2021-09-27 03:49:17,979] {processor.py:170} INFO - Processing /home/airflow/.local/lib/python3.8/site-packages/airflow/example_dags/example_skip_dag.py took 0.043 seconds
[2021-09-27 03:49:48,569] {processor.py:162} INFO - Started process (PID=85) to work on /home/airflow/.local/lib/python3.8/site-packages/airflow/example_dags/example_skip_dag.py
[2021-09-27 03:49:48,570] {processor.py:613} INFO - Processing file /home/airflow/.local/lib/python3.8/site-packages/airflow/example_dags/example_skip_dag.py for tasks to queue
[2021-09-27 03:49:48,570] {logging_mixin.py:109} INFO - [2021-09-27 03:49:48,570] {dagbag.py:496} INFO - Filling up the DagBag from /home/airflow/.local/lib/python3.8/site-packages/airflow/example_dags/example_skip_dag.py
[2021-09-27 03:49:48,577] {processor.py:623} INFO - DAG(s) dict_keys(['example_skip_dag']) retrieved from /home/airflow/.local/lib/python3.8/site-packages/airflow/example_dags/example_skip_dag.py
[2021-09-27 03:49:48,591] {logging_mixin.py:109} INFO - [2021-09-27 03:49:48,591] {dag.py:1833} INFO - Sync 1 DAGs
[2021-09-27 03:49:48,602] {logging_mixin.py:109} INFO - [2021-09-27 03:49:48,602] {dag.py:2306} INFO - Setting next_dagrun for example_skip_dag to 2021-09-25 00:00:00+00:00
[2021-09-27 03:49:48,610] {processor.py:170} INFO - Processing /home/airflow/.local/lib/python3.8/site-packages/airflow/example_dags/example_skip_dag.py took 0.043 seconds
[2021-09-27 03:50:18,845] {processor.py:162} INFO - Started process (PID=138) to work on /home/airflow/.local/lib/python3.8/site-packages/airflow/example_dags/example_skip_dag.py
[2021-09-27 03:50:18,846] {processor.py:613} INFO - Processing file /home/airflow/.local/lib/python3.8/site-packages/airflow/example_dags/example_skip_dag.py for tasks to queue
[2021-09-27 03:50:18,846] {logging_mixin.py:109} INFO - [2021-09-27 03:50:18,846] {dagbag.py:496} INFO - Filling up the DagBag from /home/airflow/.local/lib/python3.8/site-packages/airflow/example_dags/example_skip_dag.py
[2021-09-27 03:50:18,853] {processor.py:623} INFO - DAG(s) dict_keys(['example_skip_dag']) retrieved from /home/airflow/.local/lib/python3.8/site-packages/airflow/example_dags/example_skip_dag.py
[2021-09-27 03:50:18,868] {logging_mixin.py:109} INFO - [2021-09-27 03:50:18,868] {dag.py:1833} INFO - Sync 1 DAGs
[2021-09-27 03:50:18,879] {logging_mixin.py:109} INFO - [2021-09-27 03:50:18,879] {dag.py:2306} INFO - Setting next_dagrun for example_skip_dag to 2021-09-25 00:00:00+00:00
[2021-09-27 03:50:18,887] {processor.py:170} INFO - Processing /home/airflow/.local/lib/python3.8/site-packages/airflow/example_dags/example_skip_dag.py took 0.045 seconds
[2021-09-27 03:50:49,163] {processor.py:162} INFO - Started process (PID=191) to work on /home/airflow/.local/lib/python3.8/site-packages/airflow/example_dags/example_skip_dag.py
[2021-09-27 03:50:49,164] {processor.py:613} INFO - Processing file /home/airflow/.local/lib/python3.8/site-packages/airflow/example_dags/example_skip_dag.py for tasks to queue
[2021-09-27 03:50:49,165] {logging_mixin.py:109} INFO - [2021-09-27 03:50:49,165] {dagbag.py:496} INFO - Filling up the DagBag from /home/airflow/.local/lib/python3.8/site-packages/airflow/example_dags/example_skip_dag.py
[2021-09-27 03:50:49,173] {processor.py:623} INFO - DAG(s) dict_keys(['example_skip_dag']) retrieved from /home/airflow/.local/lib/python3.8/site-packages/airflow/example_dags/example_skip_dag.py
[2021-09-27 03:50:49,189] {logging_mixin.py:109} INFO - [2021-09-27 03:50:49,189] {dag.py:1833} INFO - Sync 1 DAGs
[2021-09-27 03:50:49,200] {logging_mixin.py:109} INFO - [2021-09-27 03:50:49,200] {dag.py:2306} INFO - Setting next_dagrun for example_skip_dag to 2021-09-25 00:00:00+00:00
[2021-09-27 03:50:49,209] {processor.py:170} INFO - Processing /home/airflow/.local/lib/python3.8/site-packages/airflow/example_dags/example_skip_dag.py took 0.048 seconds
[2021-09-27 03:51:19,553] {processor.py:162} INFO - Started process (PID=236) to work on /home/airflow/.local/lib/python3.8/site-packages/airflow/example_dags/example_skip_dag.py
[2021-09-27 03:51:19,554] {processor.py:613} INFO - Processing file /home/airflow/.local/lib/python3.8/site-packages/airflow/example_dags/example_skip_dag.py for tasks to queue
[2021-09-27 03:51:19,555] {logging_mixin.py:109} INFO - [2021-09-27 03:51:19,554] {dagbag.py:496} INFO - Filling up the DagBag from /home/airflow/.local/lib/python3.8/site-packages/airflow/example_dags/example_skip_dag.py
[2021-09-27 03:51:19,561] {processor.py:623} INFO - DAG(s) dict_keys(['example_skip_dag']) retrieved from /home/airflow/.local/lib/python3.8/site-packages/airflow/example_dags/example_skip_dag.py
[2021-09-27 03:51:19,576] {logging_mixin.py:109} INFO - [2021-09-27 03:51:19,575] {dag.py:1833} INFO - Sync 1 DAGs
[2021-09-27 03:51:19,584] {logging_mixin.py:109} INFO - [2021-09-27 03:51:19,584] {dag.py:2306} INFO - Setting next_dagrun for example_skip_dag to 2021-09-25 00:00:00+00:00
[2021-09-27 03:51:19,592] {processor.py:170} INFO - Processing /home/airflow/.local/lib/python3.8/site-packages/airflow/example_dags/example_skip_dag.py took 0.041 seconds
[2021-09-27 03:51:49,913] {processor.py:162} INFO - Started process (PID=289) to work on /home/airflow/.local/lib/python3.8/site-packages/airflow/example_dags/example_skip_dag.py
[2021-09-27 03:51:49,914] {processor.py:613} INFO - Processing file /home/airflow/.local/lib/python3.8/site-packages/airflow/example_dags/example_skip_dag.py for tasks to queue
[2021-09-27 03:51:49,915] {logging_mixin.py:109} INFO - [2021-09-27 03:51:49,915] {dagbag.py:496} INFO - Filling up the DagBag from /home/airflow/.local/lib/python3.8/site-packages/airflow/example_dags/example_skip_dag.py
[2021-09-27 03:51:49,921] {processor.py:623} INFO - DAG(s) dict_keys(['example_skip_dag']) retrieved from /home/airflow/.local/lib/python3.8/site-packages/airflow/example_dags/example_skip_dag.py
[2021-09-27 03:51:49,934] {logging_mixin.py:109} INFO - [2021-09-27 03:51:49,934] {dag.py:1833} INFO - Sync 1 DAGs
[2021-09-27 03:51:49,942] {logging_mixin.py:109} INFO - [2021-09-27 03:51:49,942] {dag.py:2306} INFO - Setting next_dagrun for example_skip_dag to 2021-09-25 00:00:00+00:00
[2021-09-27 03:51:49,950] {processor.py:170} INFO - Processing /home/airflow/.local/lib/python3.8/site-packages/airflow/example_dags/example_skip_dag.py took 0.038 seconds
[2021-09-27 03:52:20,270] {processor.py:162} INFO - Started process (PID=343) to work on /home/airflow/.local/lib/python3.8/site-packages/airflow/example_dags/example_skip_dag.py
[2021-09-27 03:52:20,270] {processor.py:613} INFO - Processing file /home/airflow/.local/lib/python3.8/site-packages/airflow/example_dags/example_skip_dag.py for tasks to queue
[2021-09-27 03:52:20,271] {logging_mixin.py:109} INFO - [2021-09-27 03:52:20,271] {dagbag.py:496} INFO - Filling up the DagBag from /home/airflow/.local/lib/python3.8/site-packages/airflow/example_dags/example_skip_dag.py
[2021-09-27 03:52:20,277] {processor.py:623} INFO - DAG(s) dict_keys(['example_skip_dag']) retrieved from /home/airflow/.local/lib/python3.8/site-packages/airflow/example_dags/example_skip_dag.py
[2021-09-27 03:52:20,291] {logging_mixin.py:109} INFO - [2021-09-27 03:52:20,291] {dag.py:1833} INFO - Sync 1 DAGs
[2021-09-27 03:52:20,300] {logging_mixin.py:109} INFO - [2021-09-27 03:52:20,300] {dag.py:2306} INFO - Setting next_dagrun for example_skip_dag to 2021-09-25 00:00:00+00:00
[2021-09-27 03:52:20,308] {processor.py:170} INFO - Processing /home/airflow/.local/lib/python3.8/site-packages/airflow/example_dags/example_skip_dag.py took 0.041 seconds
[2021-09-27 03:52:50,651] {processor.py:162} INFO - Started process (PID=396) to work on /home/airflow/.local/lib/python3.8/site-packages/airflow/example_dags/example_skip_dag.py
[2021-09-27 03:52:50,652] {processor.py:613} INFO - Processing file /home/airflow/.local/lib/python3.8/site-packages/airflow/example_dags/example_skip_dag.py for tasks to queue
[2021-09-27 03:52:50,652] {logging_mixin.py:109} INFO - [2021-09-27 03:52:50,652] {dagbag.py:496} INFO - Filling up the DagBag from /home/airflow/.local/lib/python3.8/site-packages/airflow/example_dags/example_skip_dag.py
[2021-09-27 03:52:50,659] {processor.py:623} INFO - DAG(s) dict_keys(['example_skip_dag']) retrieved from /home/airflow/.local/lib/python3.8/site-packages/airflow/example_dags/example_skip_dag.py
[2021-09-27 03:52:50,676] {logging_mixin.py:109} INFO - [2021-09-27 03:52:50,676] {dag.py:1833} INFO - Sync 1 DAGs
[2021-09-27 03:52:50,685] {logging_mixin.py:109} INFO - [2021-09-27 03:52:50,685] {dag.py:2306} INFO - Setting next_dagrun for example_skip_dag to 2021-09-25 00:00:00+00:00
[2021-09-27 03:52:50,694] {processor.py:170} INFO - Processing /home/airflow/.local/lib/python3.8/site-packages/airflow/example_dags/example_skip_dag.py took 0.045 seconds
[2021-09-27 03:53:20,977] {processor.py:162} INFO - Started process (PID=444) to work on /home/airflow/.local/lib/python3.8/site-packages/airflow/example_dags/example_skip_dag.py
[2021-09-27 03:53:20,978] {processor.py:613} INFO - Processing file /home/airflow/.local/lib/python3.8/site-packages/airflow/example_dags/example_skip_dag.py for tasks to queue
[2021-09-27 03:53:20,978] {logging_mixin.py:109} INFO - [2021-09-27 03:53:20,978] {dagbag.py:496} INFO - Filling up the DagBag from /home/airflow/.local/lib/python3.8/site-packages/airflow/example_dags/example_skip_dag.py
[2021-09-27 03:53:20,985] {processor.py:623} INFO - DAG(s) dict_keys(['example_skip_dag']) retrieved from /home/airflow/.local/lib/python3.8/site-packages/airflow/example_dags/example_skip_dag.py
[2021-09-27 03:53:21,000] {logging_mixin.py:109} INFO - [2021-09-27 03:53:21,000] {dag.py:1833} INFO - Sync 1 DAGs
[2021-09-27 03:53:21,009] {logging_mixin.py:109} INFO - [2021-09-27 03:53:21,009] {dag.py:2306} INFO - Setting next_dagrun for example_skip_dag to 2021-09-25 00:00:00+00:00
[2021-09-27 03:53:21,018] {processor.py:170} INFO - Processing /home/airflow/.local/lib/python3.8/site-packages/airflow/example_dags/example_skip_dag.py took 0.043 seconds
[2021-09-27 03:53:51,422] {processor.py:162} INFO - Started process (PID=497) to work on /home/airflow/.local/lib/python3.8/site-packages/airflow/example_dags/example_skip_dag.py
[2021-09-27 03:53:51,422] {processor.py:613} INFO - Processing file /home/airflow/.local/lib/python3.8/site-packages/airflow/example_dags/example_skip_dag.py for tasks to queue
[2021-09-27 03:53:51,423] {logging_mixin.py:109} INFO - [2021-09-27 03:53:51,423] {dagbag.py:496} INFO - Filling up the DagBag from /home/airflow/.local/lib/python3.8/site-packages/airflow/example_dags/example_skip_dag.py
[2021-09-27 03:53:51,429] {processor.py:623} INFO - DAG(s) dict_keys(['example_skip_dag']) retrieved from /home/airflow/.local/lib/python3.8/site-packages/airflow/example_dags/example_skip_dag.py
[2021-09-27 03:53:51,444] {logging_mixin.py:109} INFO - [2021-09-27 03:53:51,443] {dag.py:1833} INFO - Sync 1 DAGs
[2021-09-27 03:53:51,453] {logging_mixin.py:109} INFO - [2021-09-27 03:53:51,453] {dag.py:2306} INFO - Setting next_dagrun for example_skip_dag to 2021-09-25 00:00:00+00:00
[2021-09-27 03:53:51,461] {processor.py:170} INFO - Processing /home/airflow/.local/lib/python3.8/site-packages/airflow/example_dags/example_skip_dag.py took 0.041 seconds
[2021-09-27 03:54:21,719] {processor.py:162} INFO - Started process (PID=550) to work on /home/airflow/.local/lib/python3.8/site-packages/airflow/example_dags/example_skip_dag.py
[2021-09-27 03:54:21,720] {processor.py:613} INFO - Processing file /home/airflow/.local/lib/python3.8/site-packages/airflow/example_dags/example_skip_dag.py for tasks to queue
[2021-09-27 03:54:21,720] {logging_mixin.py:109} INFO - [2021-09-27 03:54:21,720] {dagbag.py:496} INFO - Filling up the DagBag from /home/airflow/.local/lib/python3.8/site-packages/airflow/example_dags/example_skip_dag.py
[2021-09-27 03:54:21,726] {processor.py:623} INFO - DAG(s) dict_keys(['example_skip_dag']) retrieved from /home/airflow/.local/lib/python3.8/site-packages/airflow/example_dags/example_skip_dag.py
[2021-09-27 03:54:21,740] {logging_mixin.py:109} INFO - [2021-09-27 03:54:21,740] {dag.py:1833} INFO - Sync 1 DAGs
[2021-09-27 03:54:21,748] {logging_mixin.py:109} INFO - [2021-09-27 03:54:21,748] {dag.py:2306} INFO - Setting next_dagrun for example_skip_dag to 2021-09-25 00:00:00+00:00
[2021-09-27 03:54:21,755] {processor.py:170} INFO - Processing /home/airflow/.local/lib/python3.8/site-packages/airflow/example_dags/example_skip_dag.py took 0.038 seconds
[2021-09-27 03:54:52,196] {processor.py:162} INFO - Started process (PID=603) to work on /home/airflow/.local/lib/python3.8/site-packages/airflow/example_dags/example_skip_dag.py
[2021-09-27 03:54:52,197] {processor.py:613} INFO - Processing file /home/airflow/.local/lib/python3.8/site-packages/airflow/example_dags/example_skip_dag.py for tasks to queue
[2021-09-27 03:54:52,198] {logging_mixin.py:109} INFO - [2021-09-27 03:54:52,198] {dagbag.py:496} INFO - Filling up the DagBag from /home/airflow/.local/lib/python3.8/site-packages/airflow/example_dags/example_skip_dag.py
[2021-09-27 03:54:52,206] {processor.py:623} INFO - DAG(s) dict_keys(['example_skip_dag']) retrieved from /home/airflow/.local/lib/python3.8/site-packages/airflow/example_dags/example_skip_dag.py
[2021-09-27 03:54:52,222] {logging_mixin.py:109} INFO - [2021-09-27 03:54:52,222] {dag.py:1833} INFO - Sync 1 DAGs
[2021-09-27 03:54:52,233] {logging_mixin.py:109} INFO - [2021-09-27 03:54:52,233] {dag.py:2306} INFO - Setting next_dagrun for example_skip_dag to 2021-09-25 00:00:00+00:00
[2021-09-27 03:54:52,243] {processor.py:170} INFO - Processing /home/airflow/.local/lib/python3.8/site-packages/airflow/example_dags/example_skip_dag.py took 0.049 seconds
[2021-09-27 03:55:22,466] {processor.py:162} INFO - Started process (PID=649) to work on /home/airflow/.local/lib/python3.8/site-packages/airflow/example_dags/example_skip_dag.py
[2021-09-27 03:55:22,467] {processor.py:613} INFO - Processing file /home/airflow/.local/lib/python3.8/site-packages/airflow/example_dags/example_skip_dag.py for tasks to queue
[2021-09-27 03:55:22,467] {logging_mixin.py:109} INFO - [2021-09-27 03:55:22,467] {dagbag.py:496} INFO - Filling up the DagBag from /home/airflow/.local/lib/python3.8/site-packages/airflow/example_dags/example_skip_dag.py
[2021-09-27 03:55:22,474] {processor.py:623} INFO - DAG(s) dict_keys(['example_skip_dag']) retrieved from /home/airflow/.local/lib/python3.8/site-packages/airflow/example_dags/example_skip_dag.py
[2021-09-27 03:55:22,487] {logging_mixin.py:109} INFO - [2021-09-27 03:55:22,487] {dag.py:1833} INFO - Sync 1 DAGs
[2021-09-27 03:55:22,496] {logging_mixin.py:109} INFO - [2021-09-27 03:55:22,496] {dag.py:2306} INFO - Setting next_dagrun for example_skip_dag to 2021-09-25 00:00:00+00:00
[2021-09-27 03:55:22,504] {processor.py:170} INFO - Processing /home/airflow/.local/lib/python3.8/site-packages/airflow/example_dags/example_skip_dag.py took 0.040 seconds
[2021-09-27 03:55:52,869] {processor.py:162} INFO - Started process (PID=701) to work on /home/airflow/.local/lib/python3.8/site-packages/airflow/example_dags/example_skip_dag.py
[2021-09-27 03:55:52,870] {processor.py:613} INFO - Processing file /home/airflow/.local/lib/python3.8/site-packages/airflow/example_dags/example_skip_dag.py for tasks to queue
[2021-09-27 03:55:52,870] {logging_mixin.py:109} INFO - [2021-09-27 03:55:52,870] {dagbag.py:496} INFO - Filling up the DagBag from /home/airflow/.local/lib/python3.8/site-packages/airflow/example_dags/example_skip_dag.py
[2021-09-27 03:55:52,877] {processor.py:623} INFO - DAG(s) dict_keys(['example_skip_dag']) retrieved from /home/airflow/.local/lib/python3.8/site-packages/airflow/example_dags/example_skip_dag.py
[2021-09-27 03:55:52,891] {logging_mixin.py:109} INFO - [2021-09-27 03:55:52,891] {dag.py:1833} INFO - Sync 1 DAGs
[2021-09-27 03:55:52,900] {logging_mixin.py:109} INFO - [2021-09-27 03:55:52,900] {dag.py:2306} INFO - Setting next_dagrun for example_skip_dag to 2021-09-25 00:00:00+00:00
[2021-09-27 03:55:52,910] {processor.py:170} INFO - Processing /home/airflow/.local/lib/python3.8/site-packages/airflow/example_dags/example_skip_dag.py took 0.043 seconds
[2021-09-27 03:56:23,241] {processor.py:162} INFO - Started process (PID=754) to work on /home/airflow/.local/lib/python3.8/site-packages/airflow/example_dags/example_skip_dag.py
[2021-09-27 03:56:23,242] {processor.py:613} INFO - Processing file /home/airflow/.local/lib/python3.8/site-packages/airflow/example_dags/example_skip_dag.py for tasks to queue
[2021-09-27 03:56:23,243] {logging_mixin.py:109} INFO - [2021-09-27 03:56:23,243] {dagbag.py:496} INFO - Filling up the DagBag from /home/airflow/.local/lib/python3.8/site-packages/airflow/example_dags/example_skip_dag.py
[2021-09-27 03:56:23,250] {processor.py:623} INFO - DAG(s) dict_keys(['example_skip_dag']) retrieved from /home/airflow/.local/lib/python3.8/site-packages/airflow/example_dags/example_skip_dag.py
[2021-09-27 03:56:23,263] {logging_mixin.py:109} INFO - [2021-09-27 03:56:23,263] {dag.py:1833} INFO - Sync 1 DAGs
[2021-09-27 03:56:23,273] {logging_mixin.py:109} INFO - [2021-09-27 03:56:23,272] {dag.py:2306} INFO - Setting next_dagrun for example_skip_dag to 2021-09-25 00:00:00+00:00
[2021-09-27 03:56:23,281] {processor.py:170} INFO - Processing /home/airflow/.local/lib/python3.8/site-packages/airflow/example_dags/example_skip_dag.py took 0.042 seconds
[2021-09-27 03:56:53,544] {processor.py:162} INFO - Started process (PID=808) to work on /home/airflow/.local/lib/python3.8/site-packages/airflow/example_dags/example_skip_dag.py
[2021-09-27 03:56:53,545] {processor.py:613} INFO - Processing file /home/airflow/.local/lib/python3.8/site-packages/airflow/example_dags/example_skip_dag.py for tasks to queue
[2021-09-27 03:56:53,545] {logging_mixin.py:109} INFO - [2021-09-27 03:56:53,545] {dagbag.py:496} INFO - Filling up the DagBag from /home/airflow/.local/lib/python3.8/site-packages/airflow/example_dags/example_skip_dag.py
[2021-09-27 03:56:53,555] {processor.py:623} INFO - DAG(s) dict_keys(['example_skip_dag']) retrieved from /home/airflow/.local/lib/python3.8/site-packages/airflow/example_dags/example_skip_dag.py
[2021-09-27 03:56:53,569] {logging_mixin.py:109} INFO - [2021-09-27 03:56:53,568] {dag.py:1833} INFO - Sync 1 DAGs
[2021-09-27 03:56:53,577] {logging_mixin.py:109} INFO - [2021-09-27 03:56:53,577] {dag.py:2306} INFO - Setting next_dagrun for example_skip_dag to 2021-09-25 00:00:00+00:00
[2021-09-27 03:56:53,584] {processor.py:170} INFO - Processing /home/airflow/.local/lib/python3.8/site-packages/airflow/example_dags/example_skip_dag.py took 0.043 seconds
[2021-09-27 03:57:23,896] {processor.py:162} INFO - Started process (PID=853) to work on /home/airflow/.local/lib/python3.8/site-packages/airflow/example_dags/example_skip_dag.py
[2021-09-27 03:57:23,897] {processor.py:613} INFO - Processing file /home/airflow/.local/lib/python3.8/site-packages/airflow/example_dags/example_skip_dag.py for tasks to queue
[2021-09-27 03:57:23,897] {logging_mixin.py:109} INFO - [2021-09-27 03:57:23,897] {dagbag.py:496} INFO - Filling up the DagBag from /home/airflow/.local/lib/python3.8/site-packages/airflow/example_dags/example_skip_dag.py
[2021-09-27 03:57:23,905] {processor.py:623} INFO - DAG(s) dict_keys(['example_skip_dag']) retrieved from /home/airflow/.local/lib/python3.8/site-packages/airflow/example_dags/example_skip_dag.py
[2021-09-27 03:57:23,918] {logging_mixin.py:109} INFO - [2021-09-27 03:57:23,918] {dag.py:1833} INFO - Sync 1 DAGs
[2021-09-27 03:57:23,927] {logging_mixin.py:109} INFO - [2021-09-27 03:57:23,927] {dag.py:2306} INFO - Setting next_dagrun for example_skip_dag to 2021-09-25 00:00:00+00:00
[2021-09-27 03:57:23,934] {processor.py:170} INFO - Processing /home/airflow/.local/lib/python3.8/site-packages/airflow/example_dags/example_skip_dag.py took 0.041 seconds
[2021-09-27 03:57:54,194] {processor.py:162} INFO - Started process (PID=907) to work on /home/airflow/.local/lib/python3.8/site-packages/airflow/example_dags/example_skip_dag.py
[2021-09-27 03:57:54,195] {processor.py:613} INFO - Processing file /home/airflow/.local/lib/python3.8/site-packages/airflow/example_dags/example_skip_dag.py for tasks to queue
[2021-09-27 03:57:54,195] {logging_mixin.py:109} INFO - [2021-09-27 03:57:54,195] {dagbag.py:496} INFO - Filling up the DagBag from /home/airflow/.local/lib/python3.8/site-packages/airflow/example_dags/example_skip_dag.py
[2021-09-27 03:57:54,202] {processor.py:623} INFO - DAG(s) dict_keys(['example_skip_dag']) retrieved from /home/airflow/.local/lib/python3.8/site-packages/airflow/example_dags/example_skip_dag.py
[2021-09-27 03:57:54,215] {logging_mixin.py:109} INFO - [2021-09-27 03:57:54,215] {dag.py:1833} INFO - Sync 1 DAGs
[2021-09-27 03:57:54,224] {logging_mixin.py:109} INFO - [2021-09-27 03:57:54,224] {dag.py:2306} INFO - Setting next_dagrun for example_skip_dag to 2021-09-25 00:00:00+00:00
[2021-09-27 03:57:54,231] {processor.py:170} INFO - Processing /home/airflow/.local/lib/python3.8/site-packages/airflow/example_dags/example_skip_dag.py took 0.039 seconds
[2021-09-27 03:58:24,518] {processor.py:162} INFO - Started process (PID=960) to work on /home/airflow/.local/lib/python3.8/site-packages/airflow/example_dags/example_skip_dag.py
[2021-09-27 03:58:24,518] {processor.py:613} INFO - Processing file /home/airflow/.local/lib/python3.8/site-packages/airflow/example_dags/example_skip_dag.py for tasks to queue
[2021-09-27 03:58:24,519] {logging_mixin.py:109} INFO - [2021-09-27 03:58:24,519] {dagbag.py:496} INFO - Filling up the DagBag from /home/airflow/.local/lib/python3.8/site-packages/airflow/example_dags/example_skip_dag.py
[2021-09-27 03:58:24,527] {processor.py:623} INFO - DAG(s) dict_keys(['example_skip_dag']) retrieved from /home/airflow/.local/lib/python3.8/site-packages/airflow/example_dags/example_skip_dag.py
[2021-09-27 03:58:24,541] {logging_mixin.py:109} INFO - [2021-09-27 03:58:24,541] {dag.py:1833} INFO - Sync 1 DAGs
[2021-09-27 03:58:24,549] {logging_mixin.py:109} INFO - [2021-09-27 03:58:24,549] {dag.py:2306} INFO - Setting next_dagrun for example_skip_dag to 2021-09-25 00:00:00+00:00
[2021-09-27 03:58:24,557] {processor.py:170} INFO - Processing /home/airflow/.local/lib/python3.8/site-packages/airflow/example_dags/example_skip_dag.py took 0.041 seconds
