[2021-09-27 03:24:54,587] {processor.py:162} INFO - Started process (PID=51) to work on /home/airflow/.local/lib/python3.8/site-packages/airflow/example_dags/tutorial.py
[2021-09-27 03:24:54,587] {processor.py:613} INFO - Processing file /home/airflow/.local/lib/python3.8/site-packages/airflow/example_dags/tutorial.py for tasks to queue
[2021-09-27 03:24:54,588] {logging_mixin.py:109} INFO - [2021-09-27 03:24:54,588] {dagbag.py:496} INFO - Filling up the DagBag from /home/airflow/.local/lib/python3.8/site-packages/airflow/example_dags/tutorial.py
[2021-09-27 03:24:54,596] {processor.py:623} INFO - DAG(s) dict_keys(['tutorial']) retrieved from /home/airflow/.local/lib/python3.8/site-packages/airflow/example_dags/tutorial.py
[2021-09-27 03:24:54,803] {logging_mixin.py:109} INFO - [2021-09-27 03:24:54,803] {dag.py:1833} INFO - Sync 1 DAGs
[2021-09-27 03:24:54,813] {logging_mixin.py:109} INFO - [2021-09-27 03:24:54,813] {dag.py:2306} INFO - Setting next_dagrun for tutorial to 2021-09-25 00:00:00+00:00
[2021-09-27 03:24:54,823] {processor.py:170} INFO - Processing /home/airflow/.local/lib/python3.8/site-packages/airflow/example_dags/tutorial.py took 0.239 seconds
[2021-09-27 03:25:25,071] {processor.py:162} INFO - Started process (PID=96) to work on /home/airflow/.local/lib/python3.8/site-packages/airflow/example_dags/tutorial.py
[2021-09-27 03:25:25,072] {processor.py:613} INFO - Processing file /home/airflow/.local/lib/python3.8/site-packages/airflow/example_dags/tutorial.py for tasks to queue
[2021-09-27 03:25:25,072] {logging_mixin.py:109} INFO - [2021-09-27 03:25:25,072] {dagbag.py:496} INFO - Filling up the DagBag from /home/airflow/.local/lib/python3.8/site-packages/airflow/example_dags/tutorial.py
[2021-09-27 03:25:25,080] {processor.py:623} INFO - DAG(s) dict_keys(['tutorial']) retrieved from /home/airflow/.local/lib/python3.8/site-packages/airflow/example_dags/tutorial.py
[2021-09-27 03:25:25,093] {logging_mixin.py:109} INFO - [2021-09-27 03:25:25,093] {dag.py:1833} INFO - Sync 1 DAGs
[2021-09-27 03:25:25,103] {logging_mixin.py:109} INFO - [2021-09-27 03:25:25,103] {dag.py:2306} INFO - Setting next_dagrun for tutorial to 2021-09-25 00:00:00+00:00
[2021-09-27 03:25:25,110] {processor.py:170} INFO - Processing /home/airflow/.local/lib/python3.8/site-packages/airflow/example_dags/tutorial.py took 0.041 seconds
[2021-09-27 03:25:55,641] {processor.py:162} INFO - Started process (PID=149) to work on /home/airflow/.local/lib/python3.8/site-packages/airflow/example_dags/tutorial.py
[2021-09-27 03:25:55,642] {processor.py:613} INFO - Processing file /home/airflow/.local/lib/python3.8/site-packages/airflow/example_dags/tutorial.py for tasks to queue
[2021-09-27 03:25:55,642] {logging_mixin.py:109} INFO - [2021-09-27 03:25:55,642] {dagbag.py:496} INFO - Filling up the DagBag from /home/airflow/.local/lib/python3.8/site-packages/airflow/example_dags/tutorial.py
[2021-09-27 03:25:55,657] {processor.py:623} INFO - DAG(s) dict_keys(['tutorial']) retrieved from /home/airflow/.local/lib/python3.8/site-packages/airflow/example_dags/tutorial.py
[2021-09-27 03:25:55,681] {logging_mixin.py:109} INFO - [2021-09-27 03:25:55,681] {dag.py:1833} INFO - Sync 1 DAGs
[2021-09-27 03:25:55,708] {logging_mixin.py:109} INFO - [2021-09-27 03:25:55,707] {dag.py:2306} INFO - Setting next_dagrun for tutorial to 2021-09-25 00:00:00+00:00
[2021-09-27 03:25:55,719] {processor.py:170} INFO - Processing /home/airflow/.local/lib/python3.8/site-packages/airflow/example_dags/tutorial.py took 0.081 seconds
[2021-09-27 03:26:26,619] {processor.py:162} INFO - Started process (PID=202) to work on /home/airflow/.local/lib/python3.8/site-packages/airflow/example_dags/tutorial.py
[2021-09-27 03:26:26,620] {processor.py:613} INFO - Processing file /home/airflow/.local/lib/python3.8/site-packages/airflow/example_dags/tutorial.py for tasks to queue
[2021-09-27 03:26:26,620] {logging_mixin.py:109} INFO - [2021-09-27 03:26:26,620] {dagbag.py:496} INFO - Filling up the DagBag from /home/airflow/.local/lib/python3.8/site-packages/airflow/example_dags/tutorial.py
[2021-09-27 03:26:26,627] {processor.py:623} INFO - DAG(s) dict_keys(['tutorial']) retrieved from /home/airflow/.local/lib/python3.8/site-packages/airflow/example_dags/tutorial.py
[2021-09-27 03:26:26,641] {logging_mixin.py:109} INFO - [2021-09-27 03:26:26,641] {dag.py:1833} INFO - Sync 1 DAGs
[2021-09-27 03:26:26,649] {logging_mixin.py:109} INFO - [2021-09-27 03:26:26,649] {dag.py:2306} INFO - Setting next_dagrun for tutorial to 2021-09-25 00:00:00+00:00
[2021-09-27 03:26:26,658] {processor.py:170} INFO - Processing /home/airflow/.local/lib/python3.8/site-packages/airflow/example_dags/tutorial.py took 0.041 seconds
[2021-09-27 03:26:56,808] {processor.py:162} INFO - Started process (PID=255) to work on /home/airflow/.local/lib/python3.8/site-packages/airflow/example_dags/tutorial.py
[2021-09-27 03:26:56,809] {processor.py:613} INFO - Processing file /home/airflow/.local/lib/python3.8/site-packages/airflow/example_dags/tutorial.py for tasks to queue
[2021-09-27 03:26:56,809] {logging_mixin.py:109} INFO - [2021-09-27 03:26:56,809] {dagbag.py:496} INFO - Filling up the DagBag from /home/airflow/.local/lib/python3.8/site-packages/airflow/example_dags/tutorial.py
[2021-09-27 03:26:56,816] {processor.py:623} INFO - DAG(s) dict_keys(['tutorial']) retrieved from /home/airflow/.local/lib/python3.8/site-packages/airflow/example_dags/tutorial.py
[2021-09-27 03:26:56,830] {logging_mixin.py:109} INFO - [2021-09-27 03:26:56,830] {dag.py:1833} INFO - Sync 1 DAGs
[2021-09-27 03:26:56,841] {logging_mixin.py:109} INFO - [2021-09-27 03:26:56,841] {dag.py:2306} INFO - Setting next_dagrun for tutorial to 2021-09-25 00:00:00+00:00
[2021-09-27 03:26:56,849] {processor.py:170} INFO - Processing /home/airflow/.local/lib/python3.8/site-packages/airflow/example_dags/tutorial.py took 0.044 seconds
[2021-09-27 03:27:26,964] {processor.py:162} INFO - Started process (PID=300) to work on /home/airflow/.local/lib/python3.8/site-packages/airflow/example_dags/tutorial.py
[2021-09-27 03:27:26,964] {processor.py:613} INFO - Processing file /home/airflow/.local/lib/python3.8/site-packages/airflow/example_dags/tutorial.py for tasks to queue
[2021-09-27 03:27:26,965] {logging_mixin.py:109} INFO - [2021-09-27 03:27:26,965] {dagbag.py:496} INFO - Filling up the DagBag from /home/airflow/.local/lib/python3.8/site-packages/airflow/example_dags/tutorial.py
[2021-09-27 03:27:26,972] {processor.py:623} INFO - DAG(s) dict_keys(['tutorial']) retrieved from /home/airflow/.local/lib/python3.8/site-packages/airflow/example_dags/tutorial.py
[2021-09-27 03:27:26,986] {logging_mixin.py:109} INFO - [2021-09-27 03:27:26,985] {dag.py:1833} INFO - Sync 1 DAGs
[2021-09-27 03:27:26,995] {logging_mixin.py:109} INFO - [2021-09-27 03:27:26,995] {dag.py:2306} INFO - Setting next_dagrun for tutorial to 2021-09-25 00:00:00+00:00
[2021-09-27 03:27:27,003] {processor.py:170} INFO - Processing /home/airflow/.local/lib/python3.8/site-packages/airflow/example_dags/tutorial.py took 0.041 seconds
[2021-09-27 03:27:57,205] {processor.py:162} INFO - Started process (PID=353) to work on /home/airflow/.local/lib/python3.8/site-packages/airflow/example_dags/tutorial.py
[2021-09-27 03:27:57,206] {processor.py:613} INFO - Processing file /home/airflow/.local/lib/python3.8/site-packages/airflow/example_dags/tutorial.py for tasks to queue
[2021-09-27 03:27:57,206] {logging_mixin.py:109} INFO - [2021-09-27 03:27:57,206] {dagbag.py:496} INFO - Filling up the DagBag from /home/airflow/.local/lib/python3.8/site-packages/airflow/example_dags/tutorial.py
[2021-09-27 03:27:57,215] {processor.py:623} INFO - DAG(s) dict_keys(['tutorial']) retrieved from /home/airflow/.local/lib/python3.8/site-packages/airflow/example_dags/tutorial.py
[2021-09-27 03:27:57,229] {logging_mixin.py:109} INFO - [2021-09-27 03:27:57,229] {dag.py:1833} INFO - Sync 1 DAGs
[2021-09-27 03:27:57,240] {logging_mixin.py:109} INFO - [2021-09-27 03:27:57,240] {dag.py:2306} INFO - Setting next_dagrun for tutorial to 2021-09-25 00:00:00+00:00
[2021-09-27 03:27:57,249] {processor.py:170} INFO - Processing /home/airflow/.local/lib/python3.8/site-packages/airflow/example_dags/tutorial.py took 0.046 seconds
[2021-09-27 03:28:27,835] {processor.py:162} INFO - Started process (PID=409) to work on /home/airflow/.local/lib/python3.8/site-packages/airflow/example_dags/tutorial.py
[2021-09-27 03:28:27,835] {processor.py:613} INFO - Processing file /home/airflow/.local/lib/python3.8/site-packages/airflow/example_dags/tutorial.py for tasks to queue
[2021-09-27 03:28:27,836] {logging_mixin.py:109} INFO - [2021-09-27 03:28:27,836] {dagbag.py:496} INFO - Filling up the DagBag from /home/airflow/.local/lib/python3.8/site-packages/airflow/example_dags/tutorial.py
[2021-09-27 03:28:27,843] {processor.py:623} INFO - DAG(s) dict_keys(['tutorial']) retrieved from /home/airflow/.local/lib/python3.8/site-packages/airflow/example_dags/tutorial.py
[2021-09-27 03:28:27,855] {logging_mixin.py:109} INFO - [2021-09-27 03:28:27,855] {dag.py:1833} INFO - Sync 1 DAGs
[2021-09-27 03:28:27,864] {logging_mixin.py:109} INFO - [2021-09-27 03:28:27,864] {dag.py:2306} INFO - Setting next_dagrun for tutorial to 2021-09-25 00:00:00+00:00
[2021-09-27 03:28:27,872] {processor.py:170} INFO - Processing /home/airflow/.local/lib/python3.8/site-packages/airflow/example_dags/tutorial.py took 0.039 seconds
[2021-09-27 03:28:57,947] {processor.py:162} INFO - Started process (PID=462) to work on /home/airflow/.local/lib/python3.8/site-packages/airflow/example_dags/tutorial.py
[2021-09-27 03:28:57,948] {processor.py:613} INFO - Processing file /home/airflow/.local/lib/python3.8/site-packages/airflow/example_dags/tutorial.py for tasks to queue
[2021-09-27 03:28:57,949] {logging_mixin.py:109} INFO - [2021-09-27 03:28:57,949] {dagbag.py:496} INFO - Filling up the DagBag from /home/airflow/.local/lib/python3.8/site-packages/airflow/example_dags/tutorial.py
[2021-09-27 03:28:57,958] {processor.py:623} INFO - DAG(s) dict_keys(['tutorial']) retrieved from /home/airflow/.local/lib/python3.8/site-packages/airflow/example_dags/tutorial.py
[2021-09-27 03:28:57,972] {logging_mixin.py:109} INFO - [2021-09-27 03:28:57,972] {dag.py:1833} INFO - Sync 1 DAGs
[2021-09-27 03:28:57,983] {logging_mixin.py:109} INFO - [2021-09-27 03:28:57,983] {dag.py:2306} INFO - Setting next_dagrun for tutorial to 2021-09-25 00:00:00+00:00
[2021-09-27 03:28:57,991] {processor.py:170} INFO - Processing /home/airflow/.local/lib/python3.8/site-packages/airflow/example_dags/tutorial.py took 0.046 seconds
[2021-09-27 03:29:28,175] {processor.py:162} INFO - Started process (PID=507) to work on /home/airflow/.local/lib/python3.8/site-packages/airflow/example_dags/tutorial.py
[2021-09-27 03:29:28,175] {processor.py:613} INFO - Processing file /home/airflow/.local/lib/python3.8/site-packages/airflow/example_dags/tutorial.py for tasks to queue
[2021-09-27 03:29:28,176] {logging_mixin.py:109} INFO - [2021-09-27 03:29:28,176] {dagbag.py:496} INFO - Filling up the DagBag from /home/airflow/.local/lib/python3.8/site-packages/airflow/example_dags/tutorial.py
[2021-09-27 03:29:28,182] {processor.py:623} INFO - DAG(s) dict_keys(['tutorial']) retrieved from /home/airflow/.local/lib/python3.8/site-packages/airflow/example_dags/tutorial.py
[2021-09-27 03:29:28,195] {logging_mixin.py:109} INFO - [2021-09-27 03:29:28,195] {dag.py:1833} INFO - Sync 1 DAGs
[2021-09-27 03:29:28,203] {logging_mixin.py:109} INFO - [2021-09-27 03:29:28,203] {dag.py:2306} INFO - Setting next_dagrun for tutorial to 2021-09-25 00:00:00+00:00
[2021-09-27 03:29:28,211] {processor.py:170} INFO - Processing /home/airflow/.local/lib/python3.8/site-packages/airflow/example_dags/tutorial.py took 0.038 seconds
[2021-09-27 03:29:58,267] {processor.py:162} INFO - Started process (PID=560) to work on /home/airflow/.local/lib/python3.8/site-packages/airflow/example_dags/tutorial.py
[2021-09-27 03:29:58,268] {processor.py:613} INFO - Processing file /home/airflow/.local/lib/python3.8/site-packages/airflow/example_dags/tutorial.py for tasks to queue
[2021-09-27 03:29:58,268] {logging_mixin.py:109} INFO - [2021-09-27 03:29:58,268] {dagbag.py:496} INFO - Filling up the DagBag from /home/airflow/.local/lib/python3.8/site-packages/airflow/example_dags/tutorial.py
[2021-09-27 03:29:58,275] {processor.py:623} INFO - DAG(s) dict_keys(['tutorial']) retrieved from /home/airflow/.local/lib/python3.8/site-packages/airflow/example_dags/tutorial.py
[2021-09-27 03:29:58,288] {logging_mixin.py:109} INFO - [2021-09-27 03:29:58,288] {dag.py:1833} INFO - Sync 1 DAGs
[2021-09-27 03:29:58,296] {logging_mixin.py:109} INFO - [2021-09-27 03:29:58,296] {dag.py:2306} INFO - Setting next_dagrun for tutorial to 2021-09-25 00:00:00+00:00
[2021-09-27 03:29:58,303] {processor.py:170} INFO - Processing /home/airflow/.local/lib/python3.8/site-packages/airflow/example_dags/tutorial.py took 0.038 seconds
[2021-09-27 03:30:28,426] {processor.py:162} INFO - Started process (PID=613) to work on /home/airflow/.local/lib/python3.8/site-packages/airflow/example_dags/tutorial.py
[2021-09-27 03:30:28,427] {processor.py:613} INFO - Processing file /home/airflow/.local/lib/python3.8/site-packages/airflow/example_dags/tutorial.py for tasks to queue
[2021-09-27 03:30:28,428] {logging_mixin.py:109} INFO - [2021-09-27 03:30:28,428] {dagbag.py:496} INFO - Filling up the DagBag from /home/airflow/.local/lib/python3.8/site-packages/airflow/example_dags/tutorial.py
[2021-09-27 03:30:28,435] {processor.py:623} INFO - DAG(s) dict_keys(['tutorial']) retrieved from /home/airflow/.local/lib/python3.8/site-packages/airflow/example_dags/tutorial.py
[2021-09-27 03:30:28,449] {logging_mixin.py:109} INFO - [2021-09-27 03:30:28,449] {dag.py:1833} INFO - Sync 1 DAGs
[2021-09-27 03:30:28,458] {logging_mixin.py:109} INFO - [2021-09-27 03:30:28,458] {dag.py:2306} INFO - Setting next_dagrun for tutorial to 2021-09-25 00:00:00+00:00
[2021-09-27 03:30:28,466] {processor.py:170} INFO - Processing /home/airflow/.local/lib/python3.8/site-packages/airflow/example_dags/tutorial.py took 0.042 seconds
[2021-09-27 03:30:58,597] {processor.py:162} INFO - Started process (PID=658) to work on /home/airflow/.local/lib/python3.8/site-packages/airflow/example_dags/tutorial.py
[2021-09-27 03:30:58,598] {processor.py:613} INFO - Processing file /home/airflow/.local/lib/python3.8/site-packages/airflow/example_dags/tutorial.py for tasks to queue
[2021-09-27 03:30:58,598] {logging_mixin.py:109} INFO - [2021-09-27 03:30:58,598] {dagbag.py:496} INFO - Filling up the DagBag from /home/airflow/.local/lib/python3.8/site-packages/airflow/example_dags/tutorial.py
[2021-09-27 03:30:58,605] {processor.py:623} INFO - DAG(s) dict_keys(['tutorial']) retrieved from /home/airflow/.local/lib/python3.8/site-packages/airflow/example_dags/tutorial.py
[2021-09-27 03:30:58,617] {logging_mixin.py:109} INFO - [2021-09-27 03:30:58,617] {dag.py:1833} INFO - Sync 1 DAGs
[2021-09-27 03:30:58,626] {logging_mixin.py:109} INFO - [2021-09-27 03:30:58,626] {dag.py:2306} INFO - Setting next_dagrun for tutorial to 2021-09-25 00:00:00+00:00
[2021-09-27 03:30:58,633] {processor.py:170} INFO - Processing /home/airflow/.local/lib/python3.8/site-packages/airflow/example_dags/tutorial.py took 0.038 seconds
[2021-09-27 03:31:28,823] {processor.py:162} INFO - Started process (PID=711) to work on /home/airflow/.local/lib/python3.8/site-packages/airflow/example_dags/tutorial.py
[2021-09-27 03:31:28,824] {processor.py:613} INFO - Processing file /home/airflow/.local/lib/python3.8/site-packages/airflow/example_dags/tutorial.py for tasks to queue
[2021-09-27 03:31:28,824] {logging_mixin.py:109} INFO - [2021-09-27 03:31:28,824] {dagbag.py:496} INFO - Filling up the DagBag from /home/airflow/.local/lib/python3.8/site-packages/airflow/example_dags/tutorial.py
[2021-09-27 03:31:28,832] {processor.py:623} INFO - DAG(s) dict_keys(['tutorial']) retrieved from /home/airflow/.local/lib/python3.8/site-packages/airflow/example_dags/tutorial.py
[2021-09-27 03:31:28,847] {logging_mixin.py:109} INFO - [2021-09-27 03:31:28,847] {dag.py:1833} INFO - Sync 1 DAGs
[2021-09-27 03:31:28,856] {logging_mixin.py:109} INFO - [2021-09-27 03:31:28,856] {dag.py:2306} INFO - Setting next_dagrun for tutorial to 2021-09-25 00:00:00+00:00
[2021-09-27 03:31:28,865] {processor.py:170} INFO - Processing /home/airflow/.local/lib/python3.8/site-packages/airflow/example_dags/tutorial.py took 0.043 seconds
[2021-09-27 03:31:59,059] {processor.py:162} INFO - Started process (PID=764) to work on /home/airflow/.local/lib/python3.8/site-packages/airflow/example_dags/tutorial.py
[2021-09-27 03:31:59,060] {processor.py:613} INFO - Processing file /home/airflow/.local/lib/python3.8/site-packages/airflow/example_dags/tutorial.py for tasks to queue
[2021-09-27 03:31:59,060] {logging_mixin.py:109} INFO - [2021-09-27 03:31:59,060] {dagbag.py:496} INFO - Filling up the DagBag from /home/airflow/.local/lib/python3.8/site-packages/airflow/example_dags/tutorial.py
[2021-09-27 03:31:59,067] {processor.py:623} INFO - DAG(s) dict_keys(['tutorial']) retrieved from /home/airflow/.local/lib/python3.8/site-packages/airflow/example_dags/tutorial.py
[2021-09-27 03:31:59,080] {logging_mixin.py:109} INFO - [2021-09-27 03:31:59,080] {dag.py:1833} INFO - Sync 1 DAGs
[2021-09-27 03:31:59,089] {logging_mixin.py:109} INFO - [2021-09-27 03:31:59,088] {dag.py:2306} INFO - Setting next_dagrun for tutorial to 2021-09-25 00:00:00+00:00
[2021-09-27 03:31:59,095] {processor.py:170} INFO - Processing /home/airflow/.local/lib/python3.8/site-packages/airflow/example_dags/tutorial.py took 0.038 seconds
[2021-09-27 03:32:29,340] {processor.py:162} INFO - Started process (PID=817) to work on /home/airflow/.local/lib/python3.8/site-packages/airflow/example_dags/tutorial.py
[2021-09-27 03:32:29,341] {processor.py:613} INFO - Processing file /home/airflow/.local/lib/python3.8/site-packages/airflow/example_dags/tutorial.py for tasks to queue
[2021-09-27 03:32:29,341] {logging_mixin.py:109} INFO - [2021-09-27 03:32:29,341] {dagbag.py:496} INFO - Filling up the DagBag from /home/airflow/.local/lib/python3.8/site-packages/airflow/example_dags/tutorial.py
[2021-09-27 03:32:29,350] {processor.py:623} INFO - DAG(s) dict_keys(['tutorial']) retrieved from /home/airflow/.local/lib/python3.8/site-packages/airflow/example_dags/tutorial.py
[2021-09-27 03:32:29,365] {logging_mixin.py:109} INFO - [2021-09-27 03:32:29,365] {dag.py:1833} INFO - Sync 1 DAGs
[2021-09-27 03:32:29,374] {logging_mixin.py:109} INFO - [2021-09-27 03:32:29,374] {dag.py:2306} INFO - Setting next_dagrun for tutorial to 2021-09-25 00:00:00+00:00
[2021-09-27 03:32:29,382] {processor.py:170} INFO - Processing /home/airflow/.local/lib/python3.8/site-packages/airflow/example_dags/tutorial.py took 0.044 seconds
[2021-09-27 03:32:59,651] {processor.py:162} INFO - Started process (PID=863) to work on /home/airflow/.local/lib/python3.8/site-packages/airflow/example_dags/tutorial.py
[2021-09-27 03:32:59,652] {processor.py:613} INFO - Processing file /home/airflow/.local/lib/python3.8/site-packages/airflow/example_dags/tutorial.py for tasks to queue
[2021-09-27 03:32:59,653] {logging_mixin.py:109} INFO - [2021-09-27 03:32:59,653] {dagbag.py:496} INFO - Filling up the DagBag from /home/airflow/.local/lib/python3.8/site-packages/airflow/example_dags/tutorial.py
[2021-09-27 03:32:59,661] {processor.py:623} INFO - DAG(s) dict_keys(['tutorial']) retrieved from /home/airflow/.local/lib/python3.8/site-packages/airflow/example_dags/tutorial.py
[2021-09-27 03:32:59,674] {logging_mixin.py:109} INFO - [2021-09-27 03:32:59,674] {dag.py:1833} INFO - Sync 1 DAGs
[2021-09-27 03:32:59,684] {logging_mixin.py:109} INFO - [2021-09-27 03:32:59,683] {dag.py:2306} INFO - Setting next_dagrun for tutorial to 2021-09-25 00:00:00+00:00
[2021-09-27 03:32:59,693] {processor.py:170} INFO - Processing /home/airflow/.local/lib/python3.8/site-packages/airflow/example_dags/tutorial.py took 0.044 seconds
[2021-09-27 03:33:29,768] {processor.py:162} INFO - Started process (PID=916) to work on /home/airflow/.local/lib/python3.8/site-packages/airflow/example_dags/tutorial.py
[2021-09-27 03:33:29,769] {processor.py:613} INFO - Processing file /home/airflow/.local/lib/python3.8/site-packages/airflow/example_dags/tutorial.py for tasks to queue
[2021-09-27 03:33:29,770] {logging_mixin.py:109} INFO - [2021-09-27 03:33:29,770] {dagbag.py:496} INFO - Filling up the DagBag from /home/airflow/.local/lib/python3.8/site-packages/airflow/example_dags/tutorial.py
[2021-09-27 03:33:29,778] {processor.py:623} INFO - DAG(s) dict_keys(['tutorial']) retrieved from /home/airflow/.local/lib/python3.8/site-packages/airflow/example_dags/tutorial.py
[2021-09-27 03:33:29,796] {logging_mixin.py:109} INFO - [2021-09-27 03:33:29,796] {dag.py:1833} INFO - Sync 1 DAGs
[2021-09-27 03:33:29,808] {logging_mixin.py:109} INFO - [2021-09-27 03:33:29,808] {dag.py:2306} INFO - Setting next_dagrun for tutorial to 2021-09-25 00:00:00+00:00
[2021-09-27 03:33:29,816] {processor.py:170} INFO - Processing /home/airflow/.local/lib/python3.8/site-packages/airflow/example_dags/tutorial.py took 0.050 seconds
[2021-09-27 03:34:00,035] {processor.py:162} INFO - Started process (PID=969) to work on /home/airflow/.local/lib/python3.8/site-packages/airflow/example_dags/tutorial.py
[2021-09-27 03:34:00,036] {processor.py:613} INFO - Processing file /home/airflow/.local/lib/python3.8/site-packages/airflow/example_dags/tutorial.py for tasks to queue
[2021-09-27 03:34:00,036] {logging_mixin.py:109} INFO - [2021-09-27 03:34:00,036] {dagbag.py:496} INFO - Filling up the DagBag from /home/airflow/.local/lib/python3.8/site-packages/airflow/example_dags/tutorial.py
[2021-09-27 03:34:00,043] {processor.py:623} INFO - DAG(s) dict_keys(['tutorial']) retrieved from /home/airflow/.local/lib/python3.8/site-packages/airflow/example_dags/tutorial.py
[2021-09-27 03:34:00,058] {logging_mixin.py:109} INFO - [2021-09-27 03:34:00,058] {dag.py:1833} INFO - Sync 1 DAGs
[2021-09-27 03:34:00,067] {logging_mixin.py:109} INFO - [2021-09-27 03:34:00,067] {dag.py:2306} INFO - Setting next_dagrun for tutorial to 2021-09-25 00:00:00+00:00
[2021-09-27 03:34:00,075] {processor.py:170} INFO - Processing /home/airflow/.local/lib/python3.8/site-packages/airflow/example_dags/tutorial.py took 0.041 seconds
[2021-09-27 03:34:30,287] {processor.py:162} INFO - Started process (PID=1022) to work on /home/airflow/.local/lib/python3.8/site-packages/airflow/example_dags/tutorial.py
[2021-09-27 03:34:30,288] {processor.py:613} INFO - Processing file /home/airflow/.local/lib/python3.8/site-packages/airflow/example_dags/tutorial.py for tasks to queue
[2021-09-27 03:34:30,288] {logging_mixin.py:109} INFO - [2021-09-27 03:34:30,288] {dagbag.py:496} INFO - Filling up the DagBag from /home/airflow/.local/lib/python3.8/site-packages/airflow/example_dags/tutorial.py
[2021-09-27 03:34:30,295] {processor.py:623} INFO - DAG(s) dict_keys(['tutorial']) retrieved from /home/airflow/.local/lib/python3.8/site-packages/airflow/example_dags/tutorial.py
[2021-09-27 03:34:30,308] {logging_mixin.py:109} INFO - [2021-09-27 03:34:30,308] {dag.py:1833} INFO - Sync 1 DAGs
[2021-09-27 03:34:30,316] {logging_mixin.py:109} INFO - [2021-09-27 03:34:30,316] {dag.py:2306} INFO - Setting next_dagrun for tutorial to 2021-09-25 00:00:00+00:00
[2021-09-27 03:34:30,323] {processor.py:170} INFO - Processing /home/airflow/.local/lib/python3.8/site-packages/airflow/example_dags/tutorial.py took 0.037 seconds
[2021-09-27 03:35:00,718] {processor.py:162} INFO - Started process (PID=1068) to work on /home/airflow/.local/lib/python3.8/site-packages/airflow/example_dags/tutorial.py
[2021-09-27 03:35:00,719] {processor.py:613} INFO - Processing file /home/airflow/.local/lib/python3.8/site-packages/airflow/example_dags/tutorial.py for tasks to queue
[2021-09-27 03:35:00,719] {logging_mixin.py:109} INFO - [2021-09-27 03:35:00,719] {dagbag.py:496} INFO - Filling up the DagBag from /home/airflow/.local/lib/python3.8/site-packages/airflow/example_dags/tutorial.py
[2021-09-27 03:35:00,727] {processor.py:623} INFO - DAG(s) dict_keys(['tutorial']) retrieved from /home/airflow/.local/lib/python3.8/site-packages/airflow/example_dags/tutorial.py
[2021-09-27 03:35:00,739] {logging_mixin.py:109} INFO - [2021-09-27 03:35:00,739] {dag.py:1833} INFO - Sync 1 DAGs
[2021-09-27 03:35:00,748] {logging_mixin.py:109} INFO - [2021-09-27 03:35:00,748] {dag.py:2306} INFO - Setting next_dagrun for tutorial to 2021-09-25 00:00:00+00:00
[2021-09-27 03:35:00,757] {processor.py:170} INFO - Processing /home/airflow/.local/lib/python3.8/site-packages/airflow/example_dags/tutorial.py took 0.040 seconds
[2021-09-27 03:35:31,058] {processor.py:162} INFO - Started process (PID=1122) to work on /home/airflow/.local/lib/python3.8/site-packages/airflow/example_dags/tutorial.py
[2021-09-27 03:35:31,059] {processor.py:613} INFO - Processing file /home/airflow/.local/lib/python3.8/site-packages/airflow/example_dags/tutorial.py for tasks to queue
[2021-09-27 03:35:31,059] {logging_mixin.py:109} INFO - [2021-09-27 03:35:31,059] {dagbag.py:496} INFO - Filling up the DagBag from /home/airflow/.local/lib/python3.8/site-packages/airflow/example_dags/tutorial.py
[2021-09-27 03:35:31,066] {processor.py:623} INFO - DAG(s) dict_keys(['tutorial']) retrieved from /home/airflow/.local/lib/python3.8/site-packages/airflow/example_dags/tutorial.py
[2021-09-27 03:35:31,081] {logging_mixin.py:109} INFO - [2021-09-27 03:35:31,080] {dag.py:1833} INFO - Sync 1 DAGs
[2021-09-27 03:35:31,091] {logging_mixin.py:109} INFO - [2021-09-27 03:35:31,091] {dag.py:2306} INFO - Setting next_dagrun for tutorial to 2021-09-25 00:00:00+00:00
[2021-09-27 03:35:31,099] {processor.py:170} INFO - Processing /home/airflow/.local/lib/python3.8/site-packages/airflow/example_dags/tutorial.py took 0.043 seconds
[2021-09-27 03:36:01,343] {processor.py:162} INFO - Started process (PID=1175) to work on /home/airflow/.local/lib/python3.8/site-packages/airflow/example_dags/tutorial.py
[2021-09-27 03:36:01,344] {processor.py:613} INFO - Processing file /home/airflow/.local/lib/python3.8/site-packages/airflow/example_dags/tutorial.py for tasks to queue
[2021-09-27 03:36:01,345] {logging_mixin.py:109} INFO - [2021-09-27 03:36:01,345] {dagbag.py:496} INFO - Filling up the DagBag from /home/airflow/.local/lib/python3.8/site-packages/airflow/example_dags/tutorial.py
[2021-09-27 03:36:01,351] {processor.py:623} INFO - DAG(s) dict_keys(['tutorial']) retrieved from /home/airflow/.local/lib/python3.8/site-packages/airflow/example_dags/tutorial.py
[2021-09-27 03:36:01,364] {logging_mixin.py:109} INFO - [2021-09-27 03:36:01,363] {dag.py:1833} INFO - Sync 1 DAGs
[2021-09-27 03:36:01,372] {logging_mixin.py:109} INFO - [2021-09-27 03:36:01,372] {dag.py:2306} INFO - Setting next_dagrun for tutorial to 2021-09-25 00:00:00+00:00
[2021-09-27 03:36:01,379] {processor.py:170} INFO - Processing /home/airflow/.local/lib/python3.8/site-packages/airflow/example_dags/tutorial.py took 0.038 seconds
[2021-09-27 03:36:31,667] {processor.py:162} INFO - Started process (PID=1229) to work on /home/airflow/.local/lib/python3.8/site-packages/airflow/example_dags/tutorial.py
[2021-09-27 03:36:31,668] {processor.py:613} INFO - Processing file /home/airflow/.local/lib/python3.8/site-packages/airflow/example_dags/tutorial.py for tasks to queue
[2021-09-27 03:36:31,669] {logging_mixin.py:109} INFO - [2021-09-27 03:36:31,669] {dagbag.py:496} INFO - Filling up the DagBag from /home/airflow/.local/lib/python3.8/site-packages/airflow/example_dags/tutorial.py
[2021-09-27 03:36:31,676] {processor.py:623} INFO - DAG(s) dict_keys(['tutorial']) retrieved from /home/airflow/.local/lib/python3.8/site-packages/airflow/example_dags/tutorial.py
[2021-09-27 03:36:31,689] {logging_mixin.py:109} INFO - [2021-09-27 03:36:31,689] {dag.py:1833} INFO - Sync 1 DAGs
[2021-09-27 03:36:31,698] {logging_mixin.py:109} INFO - [2021-09-27 03:36:31,698] {dag.py:2306} INFO - Setting next_dagrun for tutorial to 2021-09-25 00:00:00+00:00
[2021-09-27 03:36:31,705] {processor.py:170} INFO - Processing /home/airflow/.local/lib/python3.8/site-packages/airflow/example_dags/tutorial.py took 0.040 seconds
[2021-09-27 03:37:01,886] {processor.py:162} INFO - Started process (PID=1275) to work on /home/airflow/.local/lib/python3.8/site-packages/airflow/example_dags/tutorial.py
[2021-09-27 03:37:01,887] {processor.py:613} INFO - Processing file /home/airflow/.local/lib/python3.8/site-packages/airflow/example_dags/tutorial.py for tasks to queue
[2021-09-27 03:37:01,887] {logging_mixin.py:109} INFO - [2021-09-27 03:37:01,887] {dagbag.py:496} INFO - Filling up the DagBag from /home/airflow/.local/lib/python3.8/site-packages/airflow/example_dags/tutorial.py
[2021-09-27 03:37:01,897] {processor.py:623} INFO - DAG(s) dict_keys(['tutorial']) retrieved from /home/airflow/.local/lib/python3.8/site-packages/airflow/example_dags/tutorial.py
[2021-09-27 03:37:01,912] {logging_mixin.py:109} INFO - [2021-09-27 03:37:01,912] {dag.py:1833} INFO - Sync 1 DAGs
[2021-09-27 03:37:01,922] {logging_mixin.py:109} INFO - [2021-09-27 03:37:01,922] {dag.py:2306} INFO - Setting next_dagrun for tutorial to 2021-09-25 00:00:00+00:00
[2021-09-27 03:37:01,931] {processor.py:170} INFO - Processing /home/airflow/.local/lib/python3.8/site-packages/airflow/example_dags/tutorial.py took 0.048 seconds
[2021-09-27 03:37:32,159] {processor.py:162} INFO - Started process (PID=1328) to work on /home/airflow/.local/lib/python3.8/site-packages/airflow/example_dags/tutorial.py
[2021-09-27 03:37:32,160] {processor.py:613} INFO - Processing file /home/airflow/.local/lib/python3.8/site-packages/airflow/example_dags/tutorial.py for tasks to queue
[2021-09-27 03:37:32,160] {logging_mixin.py:109} INFO - [2021-09-27 03:37:32,160] {dagbag.py:496} INFO - Filling up the DagBag from /home/airflow/.local/lib/python3.8/site-packages/airflow/example_dags/tutorial.py
[2021-09-27 03:37:32,167] {processor.py:623} INFO - DAG(s) dict_keys(['tutorial']) retrieved from /home/airflow/.local/lib/python3.8/site-packages/airflow/example_dags/tutorial.py
[2021-09-27 03:37:32,180] {logging_mixin.py:109} INFO - [2021-09-27 03:37:32,180] {dag.py:1833} INFO - Sync 1 DAGs
[2021-09-27 03:37:32,188] {logging_mixin.py:109} INFO - [2021-09-27 03:37:32,188] {dag.py:2306} INFO - Setting next_dagrun for tutorial to 2021-09-25 00:00:00+00:00
[2021-09-27 03:37:32,196] {processor.py:170} INFO - Processing /home/airflow/.local/lib/python3.8/site-packages/airflow/example_dags/tutorial.py took 0.038 seconds
[2021-09-27 03:38:02,460] {processor.py:162} INFO - Started process (PID=1382) to work on /home/airflow/.local/lib/python3.8/site-packages/airflow/example_dags/tutorial.py
[2021-09-27 03:38:02,460] {processor.py:613} INFO - Processing file /home/airflow/.local/lib/python3.8/site-packages/airflow/example_dags/tutorial.py for tasks to queue
[2021-09-27 03:38:02,461] {logging_mixin.py:109} INFO - [2021-09-27 03:38:02,461] {dagbag.py:496} INFO - Filling up the DagBag from /home/airflow/.local/lib/python3.8/site-packages/airflow/example_dags/tutorial.py
[2021-09-27 03:38:02,468] {processor.py:623} INFO - DAG(s) dict_keys(['tutorial']) retrieved from /home/airflow/.local/lib/python3.8/site-packages/airflow/example_dags/tutorial.py
[2021-09-27 03:38:02,481] {logging_mixin.py:109} INFO - [2021-09-27 03:38:02,481] {dag.py:1833} INFO - Sync 1 DAGs
[2021-09-27 03:38:02,490] {logging_mixin.py:109} INFO - [2021-09-27 03:38:02,490] {dag.py:2306} INFO - Setting next_dagrun for tutorial to 2021-09-25 00:00:00+00:00
[2021-09-27 03:38:02,498] {processor.py:170} INFO - Processing /home/airflow/.local/lib/python3.8/site-packages/airflow/example_dags/tutorial.py took 0.040 seconds
[2021-09-27 03:38:32,917] {processor.py:162} INFO - Started process (PID=1435) to work on /home/airflow/.local/lib/python3.8/site-packages/airflow/example_dags/tutorial.py
[2021-09-27 03:38:32,918] {processor.py:613} INFO - Processing file /home/airflow/.local/lib/python3.8/site-packages/airflow/example_dags/tutorial.py for tasks to queue
[2021-09-27 03:38:32,918] {logging_mixin.py:109} INFO - [2021-09-27 03:38:32,918] {dagbag.py:496} INFO - Filling up the DagBag from /home/airflow/.local/lib/python3.8/site-packages/airflow/example_dags/tutorial.py
[2021-09-27 03:38:32,926] {processor.py:623} INFO - DAG(s) dict_keys(['tutorial']) retrieved from /home/airflow/.local/lib/python3.8/site-packages/airflow/example_dags/tutorial.py
[2021-09-27 03:38:32,940] {logging_mixin.py:109} INFO - [2021-09-27 03:38:32,940] {dag.py:1833} INFO - Sync 1 DAGs
[2021-09-27 03:38:32,950] {logging_mixin.py:109} INFO - [2021-09-27 03:38:32,950] {dag.py:2306} INFO - Setting next_dagrun for tutorial to 2021-09-25 00:00:00+00:00
[2021-09-27 03:38:32,959] {processor.py:170} INFO - Processing /home/airflow/.local/lib/python3.8/site-packages/airflow/example_dags/tutorial.py took 0.043 seconds
[2021-09-27 03:39:03,305] {processor.py:162} INFO - Started process (PID=1481) to work on /home/airflow/.local/lib/python3.8/site-packages/airflow/example_dags/tutorial.py
[2021-09-27 03:39:03,306] {processor.py:613} INFO - Processing file /home/airflow/.local/lib/python3.8/site-packages/airflow/example_dags/tutorial.py for tasks to queue
[2021-09-27 03:39:03,307] {logging_mixin.py:109} INFO - [2021-09-27 03:39:03,307] {dagbag.py:496} INFO - Filling up the DagBag from /home/airflow/.local/lib/python3.8/site-packages/airflow/example_dags/tutorial.py
[2021-09-27 03:39:03,314] {processor.py:623} INFO - DAG(s) dict_keys(['tutorial']) retrieved from /home/airflow/.local/lib/python3.8/site-packages/airflow/example_dags/tutorial.py
[2021-09-27 03:39:03,328] {logging_mixin.py:109} INFO - [2021-09-27 03:39:03,328] {dag.py:1833} INFO - Sync 1 DAGs
[2021-09-27 03:39:03,337] {logging_mixin.py:109} INFO - [2021-09-27 03:39:03,337] {dag.py:2306} INFO - Setting next_dagrun for tutorial to 2021-09-25 00:00:00+00:00
[2021-09-27 03:39:03,348] {processor.py:170} INFO - Processing /home/airflow/.local/lib/python3.8/site-packages/airflow/example_dags/tutorial.py took 0.045 seconds
[2021-09-27 03:39:33,572] {processor.py:162} INFO - Started process (PID=1535) to work on /home/airflow/.local/lib/python3.8/site-packages/airflow/example_dags/tutorial.py
[2021-09-27 03:39:33,572] {processor.py:613} INFO - Processing file /home/airflow/.local/lib/python3.8/site-packages/airflow/example_dags/tutorial.py for tasks to queue
[2021-09-27 03:39:33,573] {logging_mixin.py:109} INFO - [2021-09-27 03:39:33,573] {dagbag.py:496} INFO - Filling up the DagBag from /home/airflow/.local/lib/python3.8/site-packages/airflow/example_dags/tutorial.py
[2021-09-27 03:39:33,580] {processor.py:623} INFO - DAG(s) dict_keys(['tutorial']) retrieved from /home/airflow/.local/lib/python3.8/site-packages/airflow/example_dags/tutorial.py
[2021-09-27 03:39:33,592] {logging_mixin.py:109} INFO - [2021-09-27 03:39:33,592] {dag.py:1833} INFO - Sync 1 DAGs
[2021-09-27 03:39:33,601] {logging_mixin.py:109} INFO - [2021-09-27 03:39:33,601] {dag.py:2306} INFO - Setting next_dagrun for tutorial to 2021-09-25 00:00:00+00:00
[2021-09-27 03:39:33,608] {processor.py:170} INFO - Processing /home/airflow/.local/lib/python3.8/site-packages/airflow/example_dags/tutorial.py took 0.038 seconds
[2021-09-27 03:40:03,659] {processor.py:162} INFO - Started process (PID=1588) to work on /home/airflow/.local/lib/python3.8/site-packages/airflow/example_dags/tutorial.py
[2021-09-27 03:40:03,660] {processor.py:613} INFO - Processing file /home/airflow/.local/lib/python3.8/site-packages/airflow/example_dags/tutorial.py for tasks to queue
[2021-09-27 03:40:03,660] {logging_mixin.py:109} INFO - [2021-09-27 03:40:03,660] {dagbag.py:496} INFO - Filling up the DagBag from /home/airflow/.local/lib/python3.8/site-packages/airflow/example_dags/tutorial.py
[2021-09-27 03:40:03,667] {processor.py:623} INFO - DAG(s) dict_keys(['tutorial']) retrieved from /home/airflow/.local/lib/python3.8/site-packages/airflow/example_dags/tutorial.py
[2021-09-27 03:40:03,679] {logging_mixin.py:109} INFO - [2021-09-27 03:40:03,679] {dag.py:1833} INFO - Sync 1 DAGs
[2021-09-27 03:40:03,688] {logging_mixin.py:109} INFO - [2021-09-27 03:40:03,688] {dag.py:2306} INFO - Setting next_dagrun for tutorial to 2021-09-25 00:00:00+00:00
[2021-09-27 03:40:03,695] {processor.py:170} INFO - Processing /home/airflow/.local/lib/python3.8/site-packages/airflow/example_dags/tutorial.py took 0.037 seconds
[2021-09-27 03:40:34,062] {processor.py:162} INFO - Started process (PID=1635) to work on /home/airflow/.local/lib/python3.8/site-packages/airflow/example_dags/tutorial.py
[2021-09-27 03:40:34,062] {processor.py:613} INFO - Processing file /home/airflow/.local/lib/python3.8/site-packages/airflow/example_dags/tutorial.py for tasks to queue
[2021-09-27 03:40:34,063] {logging_mixin.py:109} INFO - [2021-09-27 03:40:34,063] {dagbag.py:496} INFO - Filling up the DagBag from /home/airflow/.local/lib/python3.8/site-packages/airflow/example_dags/tutorial.py
[2021-09-27 03:40:34,069] {processor.py:623} INFO - DAG(s) dict_keys(['tutorial']) retrieved from /home/airflow/.local/lib/python3.8/site-packages/airflow/example_dags/tutorial.py
[2021-09-27 03:40:34,080] {logging_mixin.py:109} INFO - [2021-09-27 03:40:34,080] {dag.py:1833} INFO - Sync 1 DAGs
[2021-09-27 03:40:34,089] {logging_mixin.py:109} INFO - [2021-09-27 03:40:34,089] {dag.py:2306} INFO - Setting next_dagrun for tutorial to 2021-09-25 00:00:00+00:00
[2021-09-27 03:40:34,096] {processor.py:170} INFO - Processing /home/airflow/.local/lib/python3.8/site-packages/airflow/example_dags/tutorial.py took 0.037 seconds
[2021-09-27 03:41:04,213] {processor.py:162} INFO - Started process (PID=1688) to work on /home/airflow/.local/lib/python3.8/site-packages/airflow/example_dags/tutorial.py
[2021-09-27 03:41:04,214] {processor.py:613} INFO - Processing file /home/airflow/.local/lib/python3.8/site-packages/airflow/example_dags/tutorial.py for tasks to queue
[2021-09-27 03:41:04,214] {logging_mixin.py:109} INFO - [2021-09-27 03:41:04,214] {dagbag.py:496} INFO - Filling up the DagBag from /home/airflow/.local/lib/python3.8/site-packages/airflow/example_dags/tutorial.py
[2021-09-27 03:41:04,221] {processor.py:623} INFO - DAG(s) dict_keys(['tutorial']) retrieved from /home/airflow/.local/lib/python3.8/site-packages/airflow/example_dags/tutorial.py
[2021-09-27 03:41:04,238] {logging_mixin.py:109} INFO - [2021-09-27 03:41:04,238] {dag.py:1833} INFO - Sync 1 DAGs
[2021-09-27 03:41:04,250] {logging_mixin.py:109} INFO - [2021-09-27 03:41:04,250] {dag.py:2306} INFO - Setting next_dagrun for tutorial to 2021-09-25 00:00:00+00:00
[2021-09-27 03:41:04,261] {processor.py:170} INFO - Processing /home/airflow/.local/lib/python3.8/site-packages/airflow/example_dags/tutorial.py took 0.051 seconds
[2021-09-27 03:41:34,564] {processor.py:162} INFO - Started process (PID=1742) to work on /home/airflow/.local/lib/python3.8/site-packages/airflow/example_dags/tutorial.py
[2021-09-27 03:41:34,565] {processor.py:613} INFO - Processing file /home/airflow/.local/lib/python3.8/site-packages/airflow/example_dags/tutorial.py for tasks to queue
[2021-09-27 03:41:34,565] {logging_mixin.py:109} INFO - [2021-09-27 03:41:34,565] {dagbag.py:496} INFO - Filling up the DagBag from /home/airflow/.local/lib/python3.8/site-packages/airflow/example_dags/tutorial.py
[2021-09-27 03:41:34,571] {processor.py:623} INFO - DAG(s) dict_keys(['tutorial']) retrieved from /home/airflow/.local/lib/python3.8/site-packages/airflow/example_dags/tutorial.py
[2021-09-27 03:41:34,584] {logging_mixin.py:109} INFO - [2021-09-27 03:41:34,583] {dag.py:1833} INFO - Sync 1 DAGs
[2021-09-27 03:41:34,591] {logging_mixin.py:109} INFO - [2021-09-27 03:41:34,591] {dag.py:2306} INFO - Setting next_dagrun for tutorial to 2021-09-25 00:00:00+00:00
[2021-09-27 03:41:34,598] {processor.py:170} INFO - Processing /home/airflow/.local/lib/python3.8/site-packages/airflow/example_dags/tutorial.py took 0.036 seconds
[2021-09-27 03:42:04,917] {processor.py:162} INFO - Started process (PID=1796) to work on /home/airflow/.local/lib/python3.8/site-packages/airflow/example_dags/tutorial.py
[2021-09-27 03:42:04,918] {processor.py:613} INFO - Processing file /home/airflow/.local/lib/python3.8/site-packages/airflow/example_dags/tutorial.py for tasks to queue
[2021-09-27 03:42:04,919] {logging_mixin.py:109} INFO - [2021-09-27 03:42:04,919] {dagbag.py:496} INFO - Filling up the DagBag from /home/airflow/.local/lib/python3.8/site-packages/airflow/example_dags/tutorial.py
[2021-09-27 03:42:04,926] {processor.py:623} INFO - DAG(s) dict_keys(['tutorial']) retrieved from /home/airflow/.local/lib/python3.8/site-packages/airflow/example_dags/tutorial.py
[2021-09-27 03:42:04,939] {logging_mixin.py:109} INFO - [2021-09-27 03:42:04,939] {dag.py:1833} INFO - Sync 1 DAGs
[2021-09-27 03:42:04,947] {logging_mixin.py:109} INFO - [2021-09-27 03:42:04,947] {dag.py:2306} INFO - Setting next_dagrun for tutorial to 2021-09-25 00:00:00+00:00
[2021-09-27 03:42:04,954] {processor.py:170} INFO - Processing /home/airflow/.local/lib/python3.8/site-packages/airflow/example_dags/tutorial.py took 0.039 seconds
[2021-09-27 03:42:35,163] {processor.py:162} INFO - Started process (PID=1842) to work on /home/airflow/.local/lib/python3.8/site-packages/airflow/example_dags/tutorial.py
[2021-09-27 03:42:35,164] {processor.py:613} INFO - Processing file /home/airflow/.local/lib/python3.8/site-packages/airflow/example_dags/tutorial.py for tasks to queue
[2021-09-27 03:42:35,164] {logging_mixin.py:109} INFO - [2021-09-27 03:42:35,164] {dagbag.py:496} INFO - Filling up the DagBag from /home/airflow/.local/lib/python3.8/site-packages/airflow/example_dags/tutorial.py
[2021-09-27 03:42:35,171] {processor.py:623} INFO - DAG(s) dict_keys(['tutorial']) retrieved from /home/airflow/.local/lib/python3.8/site-packages/airflow/example_dags/tutorial.py
[2021-09-27 03:42:35,185] {logging_mixin.py:109} INFO - [2021-09-27 03:42:35,185] {dag.py:1833} INFO - Sync 1 DAGs
[2021-09-27 03:42:35,193] {logging_mixin.py:109} INFO - [2021-09-27 03:42:35,193] {dag.py:2306} INFO - Setting next_dagrun for tutorial to 2021-09-25 00:00:00+00:00
[2021-09-27 03:42:35,200] {processor.py:170} INFO - Processing /home/airflow/.local/lib/python3.8/site-packages/airflow/example_dags/tutorial.py took 0.039 seconds
[2021-09-27 03:43:05,436] {processor.py:162} INFO - Started process (PID=1896) to work on /home/airflow/.local/lib/python3.8/site-packages/airflow/example_dags/tutorial.py
[2021-09-27 03:43:05,437] {processor.py:613} INFO - Processing file /home/airflow/.local/lib/python3.8/site-packages/airflow/example_dags/tutorial.py for tasks to queue
[2021-09-27 03:43:05,437] {logging_mixin.py:109} INFO - [2021-09-27 03:43:05,437] {dagbag.py:496} INFO - Filling up the DagBag from /home/airflow/.local/lib/python3.8/site-packages/airflow/example_dags/tutorial.py
[2021-09-27 03:43:05,445] {processor.py:623} INFO - DAG(s) dict_keys(['tutorial']) retrieved from /home/airflow/.local/lib/python3.8/site-packages/airflow/example_dags/tutorial.py
[2021-09-27 03:43:05,459] {logging_mixin.py:109} INFO - [2021-09-27 03:43:05,459] {dag.py:1833} INFO - Sync 1 DAGs
[2021-09-27 03:43:05,468] {logging_mixin.py:109} INFO - [2021-09-27 03:43:05,468] {dag.py:2306} INFO - Setting next_dagrun for tutorial to 2021-09-25 00:00:00+00:00
[2021-09-27 03:43:05,476] {processor.py:170} INFO - Processing /home/airflow/.local/lib/python3.8/site-packages/airflow/example_dags/tutorial.py took 0.042 seconds
[2021-09-27 03:43:35,676] {processor.py:162} INFO - Started process (PID=1949) to work on /home/airflow/.local/lib/python3.8/site-packages/airflow/example_dags/tutorial.py
[2021-09-27 03:43:35,677] {processor.py:613} INFO - Processing file /home/airflow/.local/lib/python3.8/site-packages/airflow/example_dags/tutorial.py for tasks to queue
[2021-09-27 03:43:35,677] {logging_mixin.py:109} INFO - [2021-09-27 03:43:35,677] {dagbag.py:496} INFO - Filling up the DagBag from /home/airflow/.local/lib/python3.8/site-packages/airflow/example_dags/tutorial.py
[2021-09-27 03:43:35,684] {processor.py:623} INFO - DAG(s) dict_keys(['tutorial']) retrieved from /home/airflow/.local/lib/python3.8/site-packages/airflow/example_dags/tutorial.py
[2021-09-27 03:43:35,697] {logging_mixin.py:109} INFO - [2021-09-27 03:43:35,697] {dag.py:1833} INFO - Sync 1 DAGs
[2021-09-27 03:43:35,706] {logging_mixin.py:109} INFO - [2021-09-27 03:43:35,706] {dag.py:2306} INFO - Setting next_dagrun for tutorial to 2021-09-25 00:00:00+00:00
[2021-09-27 03:43:35,713] {processor.py:170} INFO - Processing /home/airflow/.local/lib/python3.8/site-packages/airflow/example_dags/tutorial.py took 0.039 seconds
[2021-09-27 03:44:06,004] {processor.py:162} INFO - Started process (PID=2002) to work on /home/airflow/.local/lib/python3.8/site-packages/airflow/example_dags/tutorial.py
[2021-09-27 03:44:06,005] {processor.py:613} INFO - Processing file /home/airflow/.local/lib/python3.8/site-packages/airflow/example_dags/tutorial.py for tasks to queue
[2021-09-27 03:44:06,006] {logging_mixin.py:109} INFO - [2021-09-27 03:44:06,006] {dagbag.py:496} INFO - Filling up the DagBag from /home/airflow/.local/lib/python3.8/site-packages/airflow/example_dags/tutorial.py
[2021-09-27 03:44:06,013] {processor.py:623} INFO - DAG(s) dict_keys(['tutorial']) retrieved from /home/airflow/.local/lib/python3.8/site-packages/airflow/example_dags/tutorial.py
[2021-09-27 03:44:06,026] {logging_mixin.py:109} INFO - [2021-09-27 03:44:06,026] {dag.py:1833} INFO - Sync 1 DAGs
[2021-09-27 03:44:06,036] {logging_mixin.py:109} INFO - [2021-09-27 03:44:06,036] {dag.py:2306} INFO - Setting next_dagrun for tutorial to 2021-09-25 00:00:00+00:00
[2021-09-27 03:44:06,043] {processor.py:170} INFO - Processing /home/airflow/.local/lib/python3.8/site-packages/airflow/example_dags/tutorial.py took 0.040 seconds
[2021-09-27 03:44:36,380] {processor.py:162} INFO - Started process (PID=2048) to work on /home/airflow/.local/lib/python3.8/site-packages/airflow/example_dags/tutorial.py
[2021-09-27 03:44:36,381] {processor.py:613} INFO - Processing file /home/airflow/.local/lib/python3.8/site-packages/airflow/example_dags/tutorial.py for tasks to queue
[2021-09-27 03:44:36,381] {logging_mixin.py:109} INFO - [2021-09-27 03:44:36,381] {dagbag.py:496} INFO - Filling up the DagBag from /home/airflow/.local/lib/python3.8/site-packages/airflow/example_dags/tutorial.py
[2021-09-27 03:44:36,388] {processor.py:623} INFO - DAG(s) dict_keys(['tutorial']) retrieved from /home/airflow/.local/lib/python3.8/site-packages/airflow/example_dags/tutorial.py
[2021-09-27 03:44:36,401] {logging_mixin.py:109} INFO - [2021-09-27 03:44:36,401] {dag.py:1833} INFO - Sync 1 DAGs
[2021-09-27 03:44:36,409] {logging_mixin.py:109} INFO - [2021-09-27 03:44:36,409] {dag.py:2306} INFO - Setting next_dagrun for tutorial to 2021-09-25 00:00:00+00:00
[2021-09-27 03:44:36,415] {processor.py:170} INFO - Processing /home/airflow/.local/lib/python3.8/site-packages/airflow/example_dags/tutorial.py took 0.037 seconds
[2021-09-27 03:45:06,715] {processor.py:162} INFO - Started process (PID=2101) to work on /home/airflow/.local/lib/python3.8/site-packages/airflow/example_dags/tutorial.py
[2021-09-27 03:45:06,716] {processor.py:613} INFO - Processing file /home/airflow/.local/lib/python3.8/site-packages/airflow/example_dags/tutorial.py for tasks to queue
[2021-09-27 03:45:06,716] {logging_mixin.py:109} INFO - [2021-09-27 03:45:06,716] {dagbag.py:496} INFO - Filling up the DagBag from /home/airflow/.local/lib/python3.8/site-packages/airflow/example_dags/tutorial.py
[2021-09-27 03:45:06,725] {processor.py:623} INFO - DAG(s) dict_keys(['tutorial']) retrieved from /home/airflow/.local/lib/python3.8/site-packages/airflow/example_dags/tutorial.py
[2021-09-27 03:45:06,737] {logging_mixin.py:109} INFO - [2021-09-27 03:45:06,737] {dag.py:1833} INFO - Sync 1 DAGs
[2021-09-27 03:45:06,746] {logging_mixin.py:109} INFO - [2021-09-27 03:45:06,746] {dag.py:2306} INFO - Setting next_dagrun for tutorial to 2021-09-25 00:00:00+00:00
[2021-09-27 03:45:06,753] {processor.py:170} INFO - Processing /home/airflow/.local/lib/python3.8/site-packages/airflow/example_dags/tutorial.py took 0.041 seconds
[2021-09-27 03:45:37,095] {processor.py:162} INFO - Started process (PID=2154) to work on /home/airflow/.local/lib/python3.8/site-packages/airflow/example_dags/tutorial.py
[2021-09-27 03:45:37,095] {processor.py:613} INFO - Processing file /home/airflow/.local/lib/python3.8/site-packages/airflow/example_dags/tutorial.py for tasks to queue
[2021-09-27 03:45:37,096] {logging_mixin.py:109} INFO - [2021-09-27 03:45:37,096] {dagbag.py:496} INFO - Filling up the DagBag from /home/airflow/.local/lib/python3.8/site-packages/airflow/example_dags/tutorial.py
[2021-09-27 03:45:37,102] {processor.py:623} INFO - DAG(s) dict_keys(['tutorial']) retrieved from /home/airflow/.local/lib/python3.8/site-packages/airflow/example_dags/tutorial.py
[2021-09-27 03:45:37,115] {logging_mixin.py:109} INFO - [2021-09-27 03:45:37,115] {dag.py:1833} INFO - Sync 1 DAGs
[2021-09-27 03:45:37,123] {logging_mixin.py:109} INFO - [2021-09-27 03:45:37,122] {dag.py:2306} INFO - Setting next_dagrun for tutorial to 2021-09-25 00:00:00+00:00
[2021-09-27 03:45:37,130] {processor.py:170} INFO - Processing /home/airflow/.local/lib/python3.8/site-packages/airflow/example_dags/tutorial.py took 0.038 seconds
[2021-09-27 03:46:07,273] {processor.py:162} INFO - Started process (PID=2207) to work on /home/airflow/.local/lib/python3.8/site-packages/airflow/example_dags/tutorial.py
[2021-09-27 03:46:07,274] {processor.py:613} INFO - Processing file /home/airflow/.local/lib/python3.8/site-packages/airflow/example_dags/tutorial.py for tasks to queue
[2021-09-27 03:46:07,274] {logging_mixin.py:109} INFO - [2021-09-27 03:46:07,274] {dagbag.py:496} INFO - Filling up the DagBag from /home/airflow/.local/lib/python3.8/site-packages/airflow/example_dags/tutorial.py
[2021-09-27 03:46:07,281] {processor.py:623} INFO - DAG(s) dict_keys(['tutorial']) retrieved from /home/airflow/.local/lib/python3.8/site-packages/airflow/example_dags/tutorial.py
[2021-09-27 03:46:07,294] {logging_mixin.py:109} INFO - [2021-09-27 03:46:07,294] {dag.py:1833} INFO - Sync 1 DAGs
[2021-09-27 03:46:07,302] {logging_mixin.py:109} INFO - [2021-09-27 03:46:07,302] {dag.py:2306} INFO - Setting next_dagrun for tutorial to 2021-09-25 00:00:00+00:00
[2021-09-27 03:46:07,309] {processor.py:170} INFO - Processing /home/airflow/.local/lib/python3.8/site-packages/airflow/example_dags/tutorial.py took 0.039 seconds
[2021-09-27 03:46:37,466] {processor.py:162} INFO - Started process (PID=2253) to work on /home/airflow/.local/lib/python3.8/site-packages/airflow/example_dags/tutorial.py
[2021-09-27 03:46:37,467] {processor.py:613} INFO - Processing file /home/airflow/.local/lib/python3.8/site-packages/airflow/example_dags/tutorial.py for tasks to queue
[2021-09-27 03:46:37,468] {logging_mixin.py:109} INFO - [2021-09-27 03:46:37,468] {dagbag.py:496} INFO - Filling up the DagBag from /home/airflow/.local/lib/python3.8/site-packages/airflow/example_dags/tutorial.py
[2021-09-27 03:46:37,477] {processor.py:623} INFO - DAG(s) dict_keys(['tutorial']) retrieved from /home/airflow/.local/lib/python3.8/site-packages/airflow/example_dags/tutorial.py
[2021-09-27 03:46:37,491] {logging_mixin.py:109} INFO - [2021-09-27 03:46:37,491] {dag.py:1833} INFO - Sync 1 DAGs
[2021-09-27 03:46:37,500] {logging_mixin.py:109} INFO - [2021-09-27 03:46:37,500] {dag.py:2306} INFO - Setting next_dagrun for tutorial to 2021-09-25 00:00:00+00:00
[2021-09-27 03:46:37,511] {processor.py:170} INFO - Processing /home/airflow/.local/lib/python3.8/site-packages/airflow/example_dags/tutorial.py took 0.047 seconds
[2021-09-27 03:47:07,936] {processor.py:162} INFO - Started process (PID=2306) to work on /home/airflow/.local/lib/python3.8/site-packages/airflow/example_dags/tutorial.py
[2021-09-27 03:47:07,937] {processor.py:613} INFO - Processing file /home/airflow/.local/lib/python3.8/site-packages/airflow/example_dags/tutorial.py for tasks to queue
[2021-09-27 03:47:07,937] {logging_mixin.py:109} INFO - [2021-09-27 03:47:07,937] {dagbag.py:496} INFO - Filling up the DagBag from /home/airflow/.local/lib/python3.8/site-packages/airflow/example_dags/tutorial.py
[2021-09-27 03:47:07,944] {processor.py:623} INFO - DAG(s) dict_keys(['tutorial']) retrieved from /home/airflow/.local/lib/python3.8/site-packages/airflow/example_dags/tutorial.py
[2021-09-27 03:47:07,955] {logging_mixin.py:109} INFO - [2021-09-27 03:47:07,955] {dag.py:1833} INFO - Sync 1 DAGs
[2021-09-27 03:47:07,963] {logging_mixin.py:109} INFO - [2021-09-27 03:47:07,963] {dag.py:2306} INFO - Setting next_dagrun for tutorial to 2021-09-25 00:00:00+00:00
[2021-09-27 03:47:07,970] {processor.py:170} INFO - Processing /home/airflow/.local/lib/python3.8/site-packages/airflow/example_dags/tutorial.py took 0.036 seconds
[2021-09-27 03:47:38,199] {processor.py:162} INFO - Started process (PID=2359) to work on /home/airflow/.local/lib/python3.8/site-packages/airflow/example_dags/tutorial.py
[2021-09-27 03:47:38,199] {processor.py:613} INFO - Processing file /home/airflow/.local/lib/python3.8/site-packages/airflow/example_dags/tutorial.py for tasks to queue
[2021-09-27 03:47:38,200] {logging_mixin.py:109} INFO - [2021-09-27 03:47:38,200] {dagbag.py:496} INFO - Filling up the DagBag from /home/airflow/.local/lib/python3.8/site-packages/airflow/example_dags/tutorial.py
[2021-09-27 03:47:38,207] {processor.py:623} INFO - DAG(s) dict_keys(['tutorial']) retrieved from /home/airflow/.local/lib/python3.8/site-packages/airflow/example_dags/tutorial.py
[2021-09-27 03:47:38,219] {logging_mixin.py:109} INFO - [2021-09-27 03:47:38,219] {dag.py:1833} INFO - Sync 1 DAGs
[2021-09-27 03:47:38,227] {logging_mixin.py:109} INFO - [2021-09-27 03:47:38,227] {dag.py:2306} INFO - Setting next_dagrun for tutorial to 2021-09-25 00:00:00+00:00
[2021-09-27 03:47:38,235] {processor.py:170} INFO - Processing /home/airflow/.local/lib/python3.8/site-packages/airflow/example_dags/tutorial.py took 0.038 seconds
[2021-09-27 03:49:18,044] {processor.py:162} INFO - Started process (PID=35) to work on /home/airflow/.local/lib/python3.8/site-packages/airflow/example_dags/tutorial.py
[2021-09-27 03:49:18,045] {processor.py:613} INFO - Processing file /home/airflow/.local/lib/python3.8/site-packages/airflow/example_dags/tutorial.py for tasks to queue
[2021-09-27 03:49:18,046] {logging_mixin.py:109} INFO - [2021-09-27 03:49:18,046] {dagbag.py:496} INFO - Filling up the DagBag from /home/airflow/.local/lib/python3.8/site-packages/airflow/example_dags/tutorial.py
[2021-09-27 03:49:18,056] {processor.py:623} INFO - DAG(s) dict_keys(['tutorial']) retrieved from /home/airflow/.local/lib/python3.8/site-packages/airflow/example_dags/tutorial.py
[2021-09-27 03:49:18,073] {logging_mixin.py:109} INFO - [2021-09-27 03:49:18,072] {dag.py:1833} INFO - Sync 1 DAGs
[2021-09-27 03:49:18,084] {logging_mixin.py:109} INFO - [2021-09-27 03:49:18,084] {dag.py:2306} INFO - Setting next_dagrun for tutorial to 2021-09-25 00:00:00+00:00
[2021-09-27 03:49:18,094] {processor.py:170} INFO - Processing /home/airflow/.local/lib/python3.8/site-packages/airflow/example_dags/tutorial.py took 0.052 seconds
[2021-09-27 03:49:48,619] {processor.py:162} INFO - Started process (PID=87) to work on /home/airflow/.local/lib/python3.8/site-packages/airflow/example_dags/tutorial.py
[2021-09-27 03:49:48,620] {processor.py:613} INFO - Processing file /home/airflow/.local/lib/python3.8/site-packages/airflow/example_dags/tutorial.py for tasks to queue
[2021-09-27 03:49:48,621] {logging_mixin.py:109} INFO - [2021-09-27 03:49:48,620] {dagbag.py:496} INFO - Filling up the DagBag from /home/airflow/.local/lib/python3.8/site-packages/airflow/example_dags/tutorial.py
[2021-09-27 03:49:48,628] {processor.py:623} INFO - DAG(s) dict_keys(['tutorial']) retrieved from /home/airflow/.local/lib/python3.8/site-packages/airflow/example_dags/tutorial.py
[2021-09-27 03:49:48,642] {logging_mixin.py:109} INFO - [2021-09-27 03:49:48,642] {dag.py:1833} INFO - Sync 1 DAGs
[2021-09-27 03:49:48,652] {logging_mixin.py:109} INFO - [2021-09-27 03:49:48,652] {dag.py:2306} INFO - Setting next_dagrun for tutorial to 2021-09-25 00:00:00+00:00
[2021-09-27 03:49:48,660] {processor.py:170} INFO - Processing /home/airflow/.local/lib/python3.8/site-packages/airflow/example_dags/tutorial.py took 0.043 seconds
[2021-09-27 03:50:18,941] {processor.py:162} INFO - Started process (PID=141) to work on /home/airflow/.local/lib/python3.8/site-packages/airflow/example_dags/tutorial.py
[2021-09-27 03:50:18,941] {processor.py:613} INFO - Processing file /home/airflow/.local/lib/python3.8/site-packages/airflow/example_dags/tutorial.py for tasks to queue
[2021-09-27 03:50:18,942] {logging_mixin.py:109} INFO - [2021-09-27 03:50:18,942] {dagbag.py:496} INFO - Filling up the DagBag from /home/airflow/.local/lib/python3.8/site-packages/airflow/example_dags/tutorial.py
[2021-09-27 03:50:18,949] {processor.py:623} INFO - DAG(s) dict_keys(['tutorial']) retrieved from /home/airflow/.local/lib/python3.8/site-packages/airflow/example_dags/tutorial.py
[2021-09-27 03:50:18,961] {logging_mixin.py:109} INFO - [2021-09-27 03:50:18,961] {dag.py:1833} INFO - Sync 1 DAGs
[2021-09-27 03:50:18,971] {logging_mixin.py:109} INFO - [2021-09-27 03:50:18,971] {dag.py:2306} INFO - Setting next_dagrun for tutorial to 2021-09-25 00:00:00+00:00
[2021-09-27 03:50:18,979] {processor.py:170} INFO - Processing /home/airflow/.local/lib/python3.8/site-packages/airflow/example_dags/tutorial.py took 0.040 seconds
[2021-09-27 03:50:49,269] {processor.py:162} INFO - Started process (PID=193) to work on /home/airflow/.local/lib/python3.8/site-packages/airflow/example_dags/tutorial.py
[2021-09-27 03:50:49,270] {processor.py:613} INFO - Processing file /home/airflow/.local/lib/python3.8/site-packages/airflow/example_dags/tutorial.py for tasks to queue
[2021-09-27 03:50:49,270] {logging_mixin.py:109} INFO - [2021-09-27 03:50:49,270] {dagbag.py:496} INFO - Filling up the DagBag from /home/airflow/.local/lib/python3.8/site-packages/airflow/example_dags/tutorial.py
[2021-09-27 03:50:49,279] {processor.py:623} INFO - DAG(s) dict_keys(['tutorial']) retrieved from /home/airflow/.local/lib/python3.8/site-packages/airflow/example_dags/tutorial.py
[2021-09-27 03:50:49,294] {logging_mixin.py:109} INFO - [2021-09-27 03:50:49,294] {dag.py:1833} INFO - Sync 1 DAGs
[2021-09-27 03:50:49,304] {logging_mixin.py:109} INFO - [2021-09-27 03:50:49,304] {dag.py:2306} INFO - Setting next_dagrun for tutorial to 2021-09-25 00:00:00+00:00
[2021-09-27 03:50:49,313] {processor.py:170} INFO - Processing /home/airflow/.local/lib/python3.8/site-packages/airflow/example_dags/tutorial.py took 0.046 seconds
[2021-09-27 03:51:19,833] {processor.py:162} INFO - Started process (PID=240) to work on /home/airflow/.local/lib/python3.8/site-packages/airflow/example_dags/tutorial.py
[2021-09-27 03:51:19,834] {processor.py:613} INFO - Processing file /home/airflow/.local/lib/python3.8/site-packages/airflow/example_dags/tutorial.py for tasks to queue
[2021-09-27 03:51:19,835] {logging_mixin.py:109} INFO - [2021-09-27 03:51:19,835] {dagbag.py:496} INFO - Filling up the DagBag from /home/airflow/.local/lib/python3.8/site-packages/airflow/example_dags/tutorial.py
[2021-09-27 03:51:19,842] {processor.py:623} INFO - DAG(s) dict_keys(['tutorial']) retrieved from /home/airflow/.local/lib/python3.8/site-packages/airflow/example_dags/tutorial.py
[2021-09-27 03:51:19,856] {logging_mixin.py:109} INFO - [2021-09-27 03:51:19,856] {dag.py:1833} INFO - Sync 1 DAGs
[2021-09-27 03:51:19,866] {logging_mixin.py:109} INFO - [2021-09-27 03:51:19,866] {dag.py:2306} INFO - Setting next_dagrun for tutorial to 2021-09-25 00:00:00+00:00
[2021-09-27 03:51:19,874] {processor.py:170} INFO - Processing /home/airflow/.local/lib/python3.8/site-packages/airflow/example_dags/tutorial.py took 0.043 seconds
[2021-09-27 03:51:50,198] {processor.py:162} INFO - Started process (PID=293) to work on /home/airflow/.local/lib/python3.8/site-packages/airflow/example_dags/tutorial.py
[2021-09-27 03:51:50,199] {processor.py:613} INFO - Processing file /home/airflow/.local/lib/python3.8/site-packages/airflow/example_dags/tutorial.py for tasks to queue
[2021-09-27 03:51:50,200] {logging_mixin.py:109} INFO - [2021-09-27 03:51:50,200] {dagbag.py:496} INFO - Filling up the DagBag from /home/airflow/.local/lib/python3.8/site-packages/airflow/example_dags/tutorial.py
[2021-09-27 03:51:50,208] {processor.py:623} INFO - DAG(s) dict_keys(['tutorial']) retrieved from /home/airflow/.local/lib/python3.8/site-packages/airflow/example_dags/tutorial.py
[2021-09-27 03:51:50,224] {logging_mixin.py:109} INFO - [2021-09-27 03:51:50,223] {dag.py:1833} INFO - Sync 1 DAGs
[2021-09-27 03:51:50,233] {logging_mixin.py:109} INFO - [2021-09-27 03:51:50,233] {dag.py:2306} INFO - Setting next_dagrun for tutorial to 2021-09-25 00:00:00+00:00
[2021-09-27 03:51:50,242] {processor.py:170} INFO - Processing /home/airflow/.local/lib/python3.8/site-packages/airflow/example_dags/tutorial.py took 0.046 seconds
[2021-09-27 03:52:20,522] {processor.py:162} INFO - Started process (PID=347) to work on /home/airflow/.local/lib/python3.8/site-packages/airflow/example_dags/tutorial.py
[2021-09-27 03:52:20,523] {processor.py:613} INFO - Processing file /home/airflow/.local/lib/python3.8/site-packages/airflow/example_dags/tutorial.py for tasks to queue
[2021-09-27 03:52:20,523] {logging_mixin.py:109} INFO - [2021-09-27 03:52:20,523] {dagbag.py:496} INFO - Filling up the DagBag from /home/airflow/.local/lib/python3.8/site-packages/airflow/example_dags/tutorial.py
[2021-09-27 03:52:20,531] {processor.py:623} INFO - DAG(s) dict_keys(['tutorial']) retrieved from /home/airflow/.local/lib/python3.8/site-packages/airflow/example_dags/tutorial.py
[2021-09-27 03:52:20,545] {logging_mixin.py:109} INFO - [2021-09-27 03:52:20,544] {dag.py:1833} INFO - Sync 1 DAGs
[2021-09-27 03:52:20,554] {logging_mixin.py:109} INFO - [2021-09-27 03:52:20,554] {dag.py:2306} INFO - Setting next_dagrun for tutorial to 2021-09-25 00:00:00+00:00
[2021-09-27 03:52:20,562] {processor.py:170} INFO - Processing /home/airflow/.local/lib/python3.8/site-packages/airflow/example_dags/tutorial.py took 0.042 seconds
[2021-09-27 03:52:50,752] {processor.py:162} INFO - Started process (PID=400) to work on /home/airflow/.local/lib/python3.8/site-packages/airflow/example_dags/tutorial.py
[2021-09-27 03:52:50,753] {processor.py:613} INFO - Processing file /home/airflow/.local/lib/python3.8/site-packages/airflow/example_dags/tutorial.py for tasks to queue
[2021-09-27 03:52:50,754] {logging_mixin.py:109} INFO - [2021-09-27 03:52:50,753] {dagbag.py:496} INFO - Filling up the DagBag from /home/airflow/.local/lib/python3.8/site-packages/airflow/example_dags/tutorial.py
[2021-09-27 03:52:50,761] {processor.py:623} INFO - DAG(s) dict_keys(['tutorial']) retrieved from /home/airflow/.local/lib/python3.8/site-packages/airflow/example_dags/tutorial.py
[2021-09-27 03:52:50,775] {logging_mixin.py:109} INFO - [2021-09-27 03:52:50,775] {dag.py:1833} INFO - Sync 1 DAGs
[2021-09-27 03:52:50,784] {logging_mixin.py:109} INFO - [2021-09-27 03:52:50,784] {dag.py:2306} INFO - Setting next_dagrun for tutorial to 2021-09-25 00:00:00+00:00
[2021-09-27 03:52:50,793] {processor.py:170} INFO - Processing /home/airflow/.local/lib/python3.8/site-packages/airflow/example_dags/tutorial.py took 0.042 seconds
[2021-09-27 03:53:21,052] {processor.py:162} INFO - Started process (PID=447) to work on /home/airflow/.local/lib/python3.8/site-packages/airflow/example_dags/tutorial.py
[2021-09-27 03:53:21,053] {processor.py:613} INFO - Processing file /home/airflow/.local/lib/python3.8/site-packages/airflow/example_dags/tutorial.py for tasks to queue
[2021-09-27 03:53:21,054] {logging_mixin.py:109} INFO - [2021-09-27 03:53:21,054] {dagbag.py:496} INFO - Filling up the DagBag from /home/airflow/.local/lib/python3.8/site-packages/airflow/example_dags/tutorial.py
[2021-09-27 03:53:21,062] {processor.py:623} INFO - DAG(s) dict_keys(['tutorial']) retrieved from /home/airflow/.local/lib/python3.8/site-packages/airflow/example_dags/tutorial.py
[2021-09-27 03:53:21,077] {logging_mixin.py:109} INFO - [2021-09-27 03:53:21,077] {dag.py:1833} INFO - Sync 1 DAGs
[2021-09-27 03:53:21,087] {logging_mixin.py:109} INFO - [2021-09-27 03:53:21,087] {dag.py:2306} INFO - Setting next_dagrun for tutorial to 2021-09-25 00:00:00+00:00
[2021-09-27 03:53:21,096] {processor.py:170} INFO - Processing /home/airflow/.local/lib/python3.8/site-packages/airflow/example_dags/tutorial.py took 0.046 seconds
[2021-09-27 03:53:51,494] {processor.py:162} INFO - Started process (PID=500) to work on /home/airflow/.local/lib/python3.8/site-packages/airflow/example_dags/tutorial.py
[2021-09-27 03:53:51,494] {processor.py:613} INFO - Processing file /home/airflow/.local/lib/python3.8/site-packages/airflow/example_dags/tutorial.py for tasks to queue
[2021-09-27 03:53:51,495] {logging_mixin.py:109} INFO - [2021-09-27 03:53:51,495] {dagbag.py:496} INFO - Filling up the DagBag from /home/airflow/.local/lib/python3.8/site-packages/airflow/example_dags/tutorial.py
[2021-09-27 03:53:51,502] {processor.py:623} INFO - DAG(s) dict_keys(['tutorial']) retrieved from /home/airflow/.local/lib/python3.8/site-packages/airflow/example_dags/tutorial.py
[2021-09-27 03:53:51,514] {logging_mixin.py:109} INFO - [2021-09-27 03:53:51,514] {dag.py:1833} INFO - Sync 1 DAGs
[2021-09-27 03:53:51,522] {logging_mixin.py:109} INFO - [2021-09-27 03:53:51,522] {dag.py:2306} INFO - Setting next_dagrun for tutorial to 2021-09-25 00:00:00+00:00
[2021-09-27 03:53:51,530] {processor.py:170} INFO - Processing /home/airflow/.local/lib/python3.8/site-packages/airflow/example_dags/tutorial.py took 0.038 seconds
[2021-09-27 03:54:21,787] {processor.py:162} INFO - Started process (PID=552) to work on /home/airflow/.local/lib/python3.8/site-packages/airflow/example_dags/tutorial.py
[2021-09-27 03:54:21,787] {processor.py:613} INFO - Processing file /home/airflow/.local/lib/python3.8/site-packages/airflow/example_dags/tutorial.py for tasks to queue
[2021-09-27 03:54:21,788] {logging_mixin.py:109} INFO - [2021-09-27 03:54:21,787] {dagbag.py:496} INFO - Filling up the DagBag from /home/airflow/.local/lib/python3.8/site-packages/airflow/example_dags/tutorial.py
[2021-09-27 03:54:21,795] {processor.py:623} INFO - DAG(s) dict_keys(['tutorial']) retrieved from /home/airflow/.local/lib/python3.8/site-packages/airflow/example_dags/tutorial.py
[2021-09-27 03:54:21,808] {logging_mixin.py:109} INFO - [2021-09-27 03:54:21,808] {dag.py:1833} INFO - Sync 1 DAGs
[2021-09-27 03:54:21,818] {logging_mixin.py:109} INFO - [2021-09-27 03:54:21,818] {dag.py:2306} INFO - Setting next_dagrun for tutorial to 2021-09-25 00:00:00+00:00
[2021-09-27 03:54:21,825] {processor.py:170} INFO - Processing /home/airflow/.local/lib/python3.8/site-packages/airflow/example_dags/tutorial.py took 0.041 seconds
[2021-09-27 03:54:52,255] {processor.py:162} INFO - Started process (PID=605) to work on /home/airflow/.local/lib/python3.8/site-packages/airflow/example_dags/tutorial.py
[2021-09-27 03:54:52,256] {processor.py:613} INFO - Processing file /home/airflow/.local/lib/python3.8/site-packages/airflow/example_dags/tutorial.py for tasks to queue
[2021-09-27 03:54:52,256] {logging_mixin.py:109} INFO - [2021-09-27 03:54:52,256] {dagbag.py:496} INFO - Filling up the DagBag from /home/airflow/.local/lib/python3.8/site-packages/airflow/example_dags/tutorial.py
[2021-09-27 03:54:52,266] {processor.py:623} INFO - DAG(s) dict_keys(['tutorial']) retrieved from /home/airflow/.local/lib/python3.8/site-packages/airflow/example_dags/tutorial.py
[2021-09-27 03:54:52,281] {logging_mixin.py:109} INFO - [2021-09-27 03:54:52,281] {dag.py:1833} INFO - Sync 1 DAGs
[2021-09-27 03:54:52,292] {logging_mixin.py:109} INFO - [2021-09-27 03:54:52,292] {dag.py:2306} INFO - Setting next_dagrun for tutorial to 2021-09-25 00:00:00+00:00
[2021-09-27 03:54:52,300] {processor.py:170} INFO - Processing /home/airflow/.local/lib/python3.8/site-packages/airflow/example_dags/tutorial.py took 0.049 seconds
[2021-09-27 03:55:22,558] {processor.py:162} INFO - Started process (PID=651) to work on /home/airflow/.local/lib/python3.8/site-packages/airflow/example_dags/tutorial.py
[2021-09-27 03:55:22,559] {processor.py:613} INFO - Processing file /home/airflow/.local/lib/python3.8/site-packages/airflow/example_dags/tutorial.py for tasks to queue
[2021-09-27 03:55:22,560] {logging_mixin.py:109} INFO - [2021-09-27 03:55:22,559] {dagbag.py:496} INFO - Filling up the DagBag from /home/airflow/.local/lib/python3.8/site-packages/airflow/example_dags/tutorial.py
[2021-09-27 03:55:22,567] {processor.py:623} INFO - DAG(s) dict_keys(['tutorial']) retrieved from /home/airflow/.local/lib/python3.8/site-packages/airflow/example_dags/tutorial.py
[2021-09-27 03:55:22,580] {logging_mixin.py:109} INFO - [2021-09-27 03:55:22,580] {dag.py:1833} INFO - Sync 1 DAGs
[2021-09-27 03:55:22,589] {logging_mixin.py:109} INFO - [2021-09-27 03:55:22,589] {dag.py:2306} INFO - Setting next_dagrun for tutorial to 2021-09-25 00:00:00+00:00
[2021-09-27 03:55:22,598] {processor.py:170} INFO - Processing /home/airflow/.local/lib/python3.8/site-packages/airflow/example_dags/tutorial.py took 0.042 seconds
[2021-09-27 03:55:53,119] {processor.py:162} INFO - Started process (PID=705) to work on /home/airflow/.local/lib/python3.8/site-packages/airflow/example_dags/tutorial.py
[2021-09-27 03:55:53,120] {processor.py:613} INFO - Processing file /home/airflow/.local/lib/python3.8/site-packages/airflow/example_dags/tutorial.py for tasks to queue
[2021-09-27 03:55:53,120] {logging_mixin.py:109} INFO - [2021-09-27 03:55:53,120] {dagbag.py:496} INFO - Filling up the DagBag from /home/airflow/.local/lib/python3.8/site-packages/airflow/example_dags/tutorial.py
[2021-09-27 03:55:53,128] {processor.py:623} INFO - DAG(s) dict_keys(['tutorial']) retrieved from /home/airflow/.local/lib/python3.8/site-packages/airflow/example_dags/tutorial.py
[2021-09-27 03:55:53,142] {logging_mixin.py:109} INFO - [2021-09-27 03:55:53,142] {dag.py:1833} INFO - Sync 1 DAGs
[2021-09-27 03:55:53,153] {logging_mixin.py:109} INFO - [2021-09-27 03:55:53,153] {dag.py:2306} INFO - Setting next_dagrun for tutorial to 2021-09-25 00:00:00+00:00
[2021-09-27 03:55:53,163] {processor.py:170} INFO - Processing /home/airflow/.local/lib/python3.8/site-packages/airflow/example_dags/tutorial.py took 0.046 seconds
[2021-09-27 03:56:23,490] {processor.py:162} INFO - Started process (PID=758) to work on /home/airflow/.local/lib/python3.8/site-packages/airflow/example_dags/tutorial.py
[2021-09-27 03:56:23,491] {processor.py:613} INFO - Processing file /home/airflow/.local/lib/python3.8/site-packages/airflow/example_dags/tutorial.py for tasks to queue
[2021-09-27 03:56:23,491] {logging_mixin.py:109} INFO - [2021-09-27 03:56:23,491] {dagbag.py:496} INFO - Filling up the DagBag from /home/airflow/.local/lib/python3.8/site-packages/airflow/example_dags/tutorial.py
[2021-09-27 03:56:23,498] {processor.py:623} INFO - DAG(s) dict_keys(['tutorial']) retrieved from /home/airflow/.local/lib/python3.8/site-packages/airflow/example_dags/tutorial.py
[2021-09-27 03:56:23,512] {logging_mixin.py:109} INFO - [2021-09-27 03:56:23,512] {dag.py:1833} INFO - Sync 1 DAGs
[2021-09-27 03:56:23,522] {logging_mixin.py:109} INFO - [2021-09-27 03:56:23,522] {dag.py:2306} INFO - Setting next_dagrun for tutorial to 2021-09-25 00:00:00+00:00
[2021-09-27 03:56:23,530] {processor.py:170} INFO - Processing /home/airflow/.local/lib/python3.8/site-packages/airflow/example_dags/tutorial.py took 0.043 seconds
[2021-09-27 03:56:53,771] {processor.py:162} INFO - Started process (PID=811) to work on /home/airflow/.local/lib/python3.8/site-packages/airflow/example_dags/tutorial.py
[2021-09-27 03:56:53,772] {processor.py:613} INFO - Processing file /home/airflow/.local/lib/python3.8/site-packages/airflow/example_dags/tutorial.py for tasks to queue
[2021-09-27 03:56:53,773] {logging_mixin.py:109} INFO - [2021-09-27 03:56:53,773] {dagbag.py:496} INFO - Filling up the DagBag from /home/airflow/.local/lib/python3.8/site-packages/airflow/example_dags/tutorial.py
[2021-09-27 03:56:53,780] {processor.py:623} INFO - DAG(s) dict_keys(['tutorial']) retrieved from /home/airflow/.local/lib/python3.8/site-packages/airflow/example_dags/tutorial.py
[2021-09-27 03:56:53,793] {logging_mixin.py:109} INFO - [2021-09-27 03:56:53,793] {dag.py:1833} INFO - Sync 1 DAGs
[2021-09-27 03:56:53,802] {logging_mixin.py:109} INFO - [2021-09-27 03:56:53,802] {dag.py:2306} INFO - Setting next_dagrun for tutorial to 2021-09-25 00:00:00+00:00
[2021-09-27 03:56:53,810] {processor.py:170} INFO - Processing /home/airflow/.local/lib/python3.8/site-packages/airflow/example_dags/tutorial.py took 0.041 seconds
[2021-09-27 03:57:24,124] {processor.py:162} INFO - Started process (PID=857) to work on /home/airflow/.local/lib/python3.8/site-packages/airflow/example_dags/tutorial.py
[2021-09-27 03:57:24,125] {processor.py:613} INFO - Processing file /home/airflow/.local/lib/python3.8/site-packages/airflow/example_dags/tutorial.py for tasks to queue
[2021-09-27 03:57:24,125] {logging_mixin.py:109} INFO - [2021-09-27 03:57:24,125] {dagbag.py:496} INFO - Filling up the DagBag from /home/airflow/.local/lib/python3.8/site-packages/airflow/example_dags/tutorial.py
[2021-09-27 03:57:24,133] {processor.py:623} INFO - DAG(s) dict_keys(['tutorial']) retrieved from /home/airflow/.local/lib/python3.8/site-packages/airflow/example_dags/tutorial.py
[2021-09-27 03:57:24,148] {logging_mixin.py:109} INFO - [2021-09-27 03:57:24,148] {dag.py:1833} INFO - Sync 1 DAGs
[2021-09-27 03:57:24,157] {logging_mixin.py:109} INFO - [2021-09-27 03:57:24,156] {dag.py:2306} INFO - Setting next_dagrun for tutorial to 2021-09-25 00:00:00+00:00
[2021-09-27 03:57:24,165] {processor.py:170} INFO - Processing /home/airflow/.local/lib/python3.8/site-packages/airflow/example_dags/tutorial.py took 0.044 seconds
[2021-09-27 03:57:54,288] {processor.py:162} INFO - Started process (PID=909) to work on /home/airflow/.local/lib/python3.8/site-packages/airflow/example_dags/tutorial.py
[2021-09-27 03:57:54,289] {processor.py:613} INFO - Processing file /home/airflow/.local/lib/python3.8/site-packages/airflow/example_dags/tutorial.py for tasks to queue
[2021-09-27 03:57:54,290] {logging_mixin.py:109} INFO - [2021-09-27 03:57:54,290] {dagbag.py:496} INFO - Filling up the DagBag from /home/airflow/.local/lib/python3.8/site-packages/airflow/example_dags/tutorial.py
[2021-09-27 03:57:54,299] {processor.py:623} INFO - DAG(s) dict_keys(['tutorial']) retrieved from /home/airflow/.local/lib/python3.8/site-packages/airflow/example_dags/tutorial.py
[2021-09-27 03:57:54,314] {logging_mixin.py:109} INFO - [2021-09-27 03:57:54,314] {dag.py:1833} INFO - Sync 1 DAGs
[2021-09-27 03:57:54,322] {logging_mixin.py:109} INFO - [2021-09-27 03:57:54,322] {dag.py:2306} INFO - Setting next_dagrun for tutorial to 2021-09-25 00:00:00+00:00
[2021-09-27 03:57:54,331] {processor.py:170} INFO - Processing /home/airflow/.local/lib/python3.8/site-packages/airflow/example_dags/tutorial.py took 0.045 seconds
[2021-09-27 03:58:24,616] {processor.py:162} INFO - Started process (PID=962) to work on /home/airflow/.local/lib/python3.8/site-packages/airflow/example_dags/tutorial.py
[2021-09-27 03:58:24,617] {processor.py:613} INFO - Processing file /home/airflow/.local/lib/python3.8/site-packages/airflow/example_dags/tutorial.py for tasks to queue
[2021-09-27 03:58:24,618] {logging_mixin.py:109} INFO - [2021-09-27 03:58:24,618] {dagbag.py:496} INFO - Filling up the DagBag from /home/airflow/.local/lib/python3.8/site-packages/airflow/example_dags/tutorial.py
[2021-09-27 03:58:24,628] {processor.py:623} INFO - DAG(s) dict_keys(['tutorial']) retrieved from /home/airflow/.local/lib/python3.8/site-packages/airflow/example_dags/tutorial.py
[2021-09-27 03:58:24,643] {logging_mixin.py:109} INFO - [2021-09-27 03:58:24,643] {dag.py:1833} INFO - Sync 1 DAGs
[2021-09-27 03:58:24,652] {logging_mixin.py:109} INFO - [2021-09-27 03:58:24,652] {dag.py:2306} INFO - Setting next_dagrun for tutorial to 2021-09-25 00:00:00+00:00
[2021-09-27 03:58:24,661] {processor.py:170} INFO - Processing /home/airflow/.local/lib/python3.8/site-packages/airflow/example_dags/tutorial.py took 0.047 seconds
