[2021-09-27 03:24:54,237] {processor.py:162} INFO - Started process (PID=50) to work on /home/airflow/.local/lib/python3.8/site-packages/airflow/example_dags/tutorial_taskflow_api_etl.py
[2021-09-27 03:24:54,238] {processor.py:613} INFO - Processing file /home/airflow/.local/lib/python3.8/site-packages/airflow/example_dags/tutorial_taskflow_api_etl.py for tasks to queue
[2021-09-27 03:24:54,239] {logging_mixin.py:109} INFO - [2021-09-27 03:24:54,238] {dagbag.py:496} INFO - Filling up the DagBag from /home/airflow/.local/lib/python3.8/site-packages/airflow/example_dags/tutorial_taskflow_api_etl.py
[2021-09-27 03:24:54,249] {processor.py:623} INFO - DAG(s) dict_keys(['tutorial_taskflow_api_etl']) retrieved from /home/airflow/.local/lib/python3.8/site-packages/airflow/example_dags/tutorial_taskflow_api_etl.py
[2021-09-27 03:24:54,554] {logging_mixin.py:109} INFO - [2021-09-27 03:24:54,554] {dag.py:1833} INFO - Sync 1 DAGs
[2021-09-27 03:24:54,564] {logging_mixin.py:109} INFO - [2021-09-27 03:24:54,564] {dag.py:2306} INFO - Setting next_dagrun for tutorial_taskflow_api_etl to None
[2021-09-27 03:24:54,574] {processor.py:170} INFO - Processing /home/airflow/.local/lib/python3.8/site-packages/airflow/example_dags/tutorial_taskflow_api_etl.py took 0.339 seconds
[2021-09-27 03:25:24,844] {processor.py:162} INFO - Started process (PID=95) to work on /home/airflow/.local/lib/python3.8/site-packages/airflow/example_dags/tutorial_taskflow_api_etl.py
[2021-09-27 03:25:24,844] {processor.py:613} INFO - Processing file /home/airflow/.local/lib/python3.8/site-packages/airflow/example_dags/tutorial_taskflow_api_etl.py for tasks to queue
[2021-09-27 03:25:24,845] {logging_mixin.py:109} INFO - [2021-09-27 03:25:24,845] {dagbag.py:496} INFO - Filling up the DagBag from /home/airflow/.local/lib/python3.8/site-packages/airflow/example_dags/tutorial_taskflow_api_etl.py
[2021-09-27 03:25:24,855] {processor.py:623} INFO - DAG(s) dict_keys(['tutorial_taskflow_api_etl']) retrieved from /home/airflow/.local/lib/python3.8/site-packages/airflow/example_dags/tutorial_taskflow_api_etl.py
[2021-09-27 03:25:25,041] {logging_mixin.py:109} INFO - [2021-09-27 03:25:25,041] {dag.py:1833} INFO - Sync 1 DAGs
[2021-09-27 03:25:25,050] {logging_mixin.py:109} INFO - [2021-09-27 03:25:25,050] {dag.py:2306} INFO - Setting next_dagrun for tutorial_taskflow_api_etl to None
[2021-09-27 03:25:25,060] {processor.py:170} INFO - Processing /home/airflow/.local/lib/python3.8/site-packages/airflow/example_dags/tutorial_taskflow_api_etl.py took 0.219 seconds
[2021-09-27 03:25:55,628] {processor.py:162} INFO - Started process (PID=148) to work on /home/airflow/.local/lib/python3.8/site-packages/airflow/example_dags/tutorial_taskflow_api_etl.py
[2021-09-27 03:25:55,629] {processor.py:613} INFO - Processing file /home/airflow/.local/lib/python3.8/site-packages/airflow/example_dags/tutorial_taskflow_api_etl.py for tasks to queue
[2021-09-27 03:25:55,630] {logging_mixin.py:109} INFO - [2021-09-27 03:25:55,630] {dagbag.py:496} INFO - Filling up the DagBag from /home/airflow/.local/lib/python3.8/site-packages/airflow/example_dags/tutorial_taskflow_api_etl.py
[2021-09-27 03:25:55,650] {processor.py:623} INFO - DAG(s) dict_keys(['tutorial_taskflow_api_etl']) retrieved from /home/airflow/.local/lib/python3.8/site-packages/airflow/example_dags/tutorial_taskflow_api_etl.py
[2021-09-27 03:25:56,054] {logging_mixin.py:109} INFO - [2021-09-27 03:25:56,054] {dag.py:1833} INFO - Sync 1 DAGs
[2021-09-27 03:25:56,070] {logging_mixin.py:109} INFO - [2021-09-27 03:25:56,070] {dag.py:2306} INFO - Setting next_dagrun for tutorial_taskflow_api_etl to None
[2021-09-27 03:25:56,084] {processor.py:170} INFO - Processing /home/airflow/.local/lib/python3.8/site-packages/airflow/example_dags/tutorial_taskflow_api_etl.py took 0.460 seconds
[2021-09-27 03:26:26,402] {processor.py:162} INFO - Started process (PID=201) to work on /home/airflow/.local/lib/python3.8/site-packages/airflow/example_dags/tutorial_taskflow_api_etl.py
[2021-09-27 03:26:26,404] {processor.py:613} INFO - Processing file /home/airflow/.local/lib/python3.8/site-packages/airflow/example_dags/tutorial_taskflow_api_etl.py for tasks to queue
[2021-09-27 03:26:26,404] {logging_mixin.py:109} INFO - [2021-09-27 03:26:26,404] {dagbag.py:496} INFO - Filling up the DagBag from /home/airflow/.local/lib/python3.8/site-packages/airflow/example_dags/tutorial_taskflow_api_etl.py
[2021-09-27 03:26:26,413] {processor.py:623} INFO - DAG(s) dict_keys(['tutorial_taskflow_api_etl']) retrieved from /home/airflow/.local/lib/python3.8/site-packages/airflow/example_dags/tutorial_taskflow_api_etl.py
[2021-09-27 03:26:26,589] {logging_mixin.py:109} INFO - [2021-09-27 03:26:26,589] {dag.py:1833} INFO - Sync 1 DAGs
[2021-09-27 03:26:26,598] {logging_mixin.py:109} INFO - [2021-09-27 03:26:26,598] {dag.py:2306} INFO - Setting next_dagrun for tutorial_taskflow_api_etl to None
[2021-09-27 03:26:26,609] {processor.py:170} INFO - Processing /home/airflow/.local/lib/python3.8/site-packages/airflow/example_dags/tutorial_taskflow_api_etl.py took 0.209 seconds
[2021-09-27 03:26:56,804] {processor.py:162} INFO - Started process (PID=254) to work on /home/airflow/.local/lib/python3.8/site-packages/airflow/example_dags/tutorial_taskflow_api_etl.py
[2021-09-27 03:26:56,805] {processor.py:613} INFO - Processing file /home/airflow/.local/lib/python3.8/site-packages/airflow/example_dags/tutorial_taskflow_api_etl.py for tasks to queue
[2021-09-27 03:26:56,805] {logging_mixin.py:109} INFO - [2021-09-27 03:26:56,805] {dagbag.py:496} INFO - Filling up the DagBag from /home/airflow/.local/lib/python3.8/site-packages/airflow/example_dags/tutorial_taskflow_api_etl.py
[2021-09-27 03:26:56,819] {processor.py:623} INFO - DAG(s) dict_keys(['tutorial_taskflow_api_etl']) retrieved from /home/airflow/.local/lib/python3.8/site-packages/airflow/example_dags/tutorial_taskflow_api_etl.py
[2021-09-27 03:26:56,984] {logging_mixin.py:109} INFO - [2021-09-27 03:26:56,984] {dag.py:1833} INFO - Sync 1 DAGs
[2021-09-27 03:26:56,992] {logging_mixin.py:109} INFO - [2021-09-27 03:26:56,992] {dag.py:2306} INFO - Setting next_dagrun for tutorial_taskflow_api_etl to None
[2021-09-27 03:26:57,000] {processor.py:170} INFO - Processing /home/airflow/.local/lib/python3.8/site-packages/airflow/example_dags/tutorial_taskflow_api_etl.py took 0.199 seconds
[2021-09-27 03:27:27,012] {processor.py:162} INFO - Started process (PID=301) to work on /home/airflow/.local/lib/python3.8/site-packages/airflow/example_dags/tutorial_taskflow_api_etl.py
[2021-09-27 03:27:27,012] {processor.py:613} INFO - Processing file /home/airflow/.local/lib/python3.8/site-packages/airflow/example_dags/tutorial_taskflow_api_etl.py for tasks to queue
[2021-09-27 03:27:27,013] {logging_mixin.py:109} INFO - [2021-09-27 03:27:27,013] {dagbag.py:496} INFO - Filling up the DagBag from /home/airflow/.local/lib/python3.8/site-packages/airflow/example_dags/tutorial_taskflow_api_etl.py
[2021-09-27 03:27:27,022] {processor.py:623} INFO - DAG(s) dict_keys(['tutorial_taskflow_api_etl']) retrieved from /home/airflow/.local/lib/python3.8/site-packages/airflow/example_dags/tutorial_taskflow_api_etl.py
[2021-09-27 03:27:27,194] {logging_mixin.py:109} INFO - [2021-09-27 03:27:27,194] {dag.py:1833} INFO - Sync 1 DAGs
[2021-09-27 03:27:27,201] {logging_mixin.py:109} INFO - [2021-09-27 03:27:27,201] {dag.py:2306} INFO - Setting next_dagrun for tutorial_taskflow_api_etl to None
[2021-09-27 03:27:27,210] {processor.py:170} INFO - Processing /home/airflow/.local/lib/python3.8/site-packages/airflow/example_dags/tutorial_taskflow_api_etl.py took 0.200 seconds
[2021-09-27 03:27:57,258] {processor.py:162} INFO - Started process (PID=354) to work on /home/airflow/.local/lib/python3.8/site-packages/airflow/example_dags/tutorial_taskflow_api_etl.py
[2021-09-27 03:27:57,258] {processor.py:613} INFO - Processing file /home/airflow/.local/lib/python3.8/site-packages/airflow/example_dags/tutorial_taskflow_api_etl.py for tasks to queue
[2021-09-27 03:27:57,259] {logging_mixin.py:109} INFO - [2021-09-27 03:27:57,259] {dagbag.py:496} INFO - Filling up the DagBag from /home/airflow/.local/lib/python3.8/site-packages/airflow/example_dags/tutorial_taskflow_api_etl.py
[2021-09-27 03:27:57,270] {processor.py:623} INFO - DAG(s) dict_keys(['tutorial_taskflow_api_etl']) retrieved from /home/airflow/.local/lib/python3.8/site-packages/airflow/example_dags/tutorial_taskflow_api_etl.py
[2021-09-27 03:27:57,458] {logging_mixin.py:109} INFO - [2021-09-27 03:27:57,458] {dag.py:1833} INFO - Sync 1 DAGs
[2021-09-27 03:27:57,469] {logging_mixin.py:109} INFO - [2021-09-27 03:27:57,469] {dag.py:2306} INFO - Setting next_dagrun for tutorial_taskflow_api_etl to None
[2021-09-27 03:27:57,478] {processor.py:170} INFO - Processing /home/airflow/.local/lib/python3.8/site-packages/airflow/example_dags/tutorial_taskflow_api_etl.py took 0.222 seconds
[2021-09-27 03:28:27,627] {processor.py:162} INFO - Started process (PID=408) to work on /home/airflow/.local/lib/python3.8/site-packages/airflow/example_dags/tutorial_taskflow_api_etl.py
[2021-09-27 03:28:27,627] {processor.py:613} INFO - Processing file /home/airflow/.local/lib/python3.8/site-packages/airflow/example_dags/tutorial_taskflow_api_etl.py for tasks to queue
[2021-09-27 03:28:27,628] {logging_mixin.py:109} INFO - [2021-09-27 03:28:27,628] {dagbag.py:496} INFO - Filling up the DagBag from /home/airflow/.local/lib/python3.8/site-packages/airflow/example_dags/tutorial_taskflow_api_etl.py
[2021-09-27 03:28:27,637] {processor.py:623} INFO - DAG(s) dict_keys(['tutorial_taskflow_api_etl']) retrieved from /home/airflow/.local/lib/python3.8/site-packages/airflow/example_dags/tutorial_taskflow_api_etl.py
[2021-09-27 03:28:27,809] {logging_mixin.py:109} INFO - [2021-09-27 03:28:27,809] {dag.py:1833} INFO - Sync 1 DAGs
[2021-09-27 03:28:27,817] {logging_mixin.py:109} INFO - [2021-09-27 03:28:27,817] {dag.py:2306} INFO - Setting next_dagrun for tutorial_taskflow_api_etl to None
[2021-09-27 03:28:27,825] {processor.py:170} INFO - Processing /home/airflow/.local/lib/python3.8/site-packages/airflow/example_dags/tutorial_taskflow_api_etl.py took 0.201 seconds
[2021-09-27 03:28:57,943] {processor.py:162} INFO - Started process (PID=461) to work on /home/airflow/.local/lib/python3.8/site-packages/airflow/example_dags/tutorial_taskflow_api_etl.py
[2021-09-27 03:28:57,943] {processor.py:613} INFO - Processing file /home/airflow/.local/lib/python3.8/site-packages/airflow/example_dags/tutorial_taskflow_api_etl.py for tasks to queue
[2021-09-27 03:28:57,944] {logging_mixin.py:109} INFO - [2021-09-27 03:28:57,944] {dagbag.py:496} INFO - Filling up the DagBag from /home/airflow/.local/lib/python3.8/site-packages/airflow/example_dags/tutorial_taskflow_api_etl.py
[2021-09-27 03:28:57,954] {processor.py:623} INFO - DAG(s) dict_keys(['tutorial_taskflow_api_etl']) retrieved from /home/airflow/.local/lib/python3.8/site-packages/airflow/example_dags/tutorial_taskflow_api_etl.py
[2021-09-27 03:28:58,135] {logging_mixin.py:109} INFO - [2021-09-27 03:28:58,135] {dag.py:1833} INFO - Sync 1 DAGs
[2021-09-27 03:28:58,145] {logging_mixin.py:109} INFO - [2021-09-27 03:28:58,145] {dag.py:2306} INFO - Setting next_dagrun for tutorial_taskflow_api_etl to None
[2021-09-27 03:28:58,155] {processor.py:170} INFO - Processing /home/airflow/.local/lib/python3.8/site-packages/airflow/example_dags/tutorial_taskflow_api_etl.py took 0.214 seconds
[2021-09-27 03:29:28,219] {processor.py:162} INFO - Started process (PID=508) to work on /home/airflow/.local/lib/python3.8/site-packages/airflow/example_dags/tutorial_taskflow_api_etl.py
[2021-09-27 03:29:28,220] {processor.py:613} INFO - Processing file /home/airflow/.local/lib/python3.8/site-packages/airflow/example_dags/tutorial_taskflow_api_etl.py for tasks to queue
[2021-09-27 03:29:28,220] {logging_mixin.py:109} INFO - [2021-09-27 03:29:28,220] {dagbag.py:496} INFO - Filling up the DagBag from /home/airflow/.local/lib/python3.8/site-packages/airflow/example_dags/tutorial_taskflow_api_etl.py
[2021-09-27 03:29:28,229] {processor.py:623} INFO - DAG(s) dict_keys(['tutorial_taskflow_api_etl']) retrieved from /home/airflow/.local/lib/python3.8/site-packages/airflow/example_dags/tutorial_taskflow_api_etl.py
[2021-09-27 03:29:28,386] {logging_mixin.py:109} INFO - [2021-09-27 03:29:28,386] {dag.py:1833} INFO - Sync 1 DAGs
[2021-09-27 03:29:28,393] {logging_mixin.py:109} INFO - [2021-09-27 03:29:28,393] {dag.py:2306} INFO - Setting next_dagrun for tutorial_taskflow_api_etl to None
[2021-09-27 03:29:28,402] {processor.py:170} INFO - Processing /home/airflow/.local/lib/python3.8/site-packages/airflow/example_dags/tutorial_taskflow_api_etl.py took 0.184 seconds
[2021-09-27 03:29:59,271] {processor.py:162} INFO - Started process (PID=561) to work on /home/airflow/.local/lib/python3.8/site-packages/airflow/example_dags/tutorial_taskflow_api_etl.py
[2021-09-27 03:29:59,272] {processor.py:613} INFO - Processing file /home/airflow/.local/lib/python3.8/site-packages/airflow/example_dags/tutorial_taskflow_api_etl.py for tasks to queue
[2021-09-27 03:29:59,272] {logging_mixin.py:109} INFO - [2021-09-27 03:29:59,272] {dagbag.py:496} INFO - Filling up the DagBag from /home/airflow/.local/lib/python3.8/site-packages/airflow/example_dags/tutorial_taskflow_api_etl.py
[2021-09-27 03:29:59,282] {processor.py:623} INFO - DAG(s) dict_keys(['tutorial_taskflow_api_etl']) retrieved from /home/airflow/.local/lib/python3.8/site-packages/airflow/example_dags/tutorial_taskflow_api_etl.py
[2021-09-27 03:29:59,462] {logging_mixin.py:109} INFO - [2021-09-27 03:29:59,462] {dag.py:1833} INFO - Sync 1 DAGs
[2021-09-27 03:29:59,471] {logging_mixin.py:109} INFO - [2021-09-27 03:29:59,471] {dag.py:2306} INFO - Setting next_dagrun for tutorial_taskflow_api_etl to None
[2021-09-27 03:29:59,479] {processor.py:170} INFO - Processing /home/airflow/.local/lib/python3.8/site-packages/airflow/example_dags/tutorial_taskflow_api_etl.py took 0.210 seconds
[2021-09-27 03:30:29,580] {processor.py:162} INFO - Started process (PID=617) to work on /home/airflow/.local/lib/python3.8/site-packages/airflow/example_dags/tutorial_taskflow_api_etl.py
[2021-09-27 03:30:29,580] {processor.py:613} INFO - Processing file /home/airflow/.local/lib/python3.8/site-packages/airflow/example_dags/tutorial_taskflow_api_etl.py for tasks to queue
[2021-09-27 03:30:29,581] {logging_mixin.py:109} INFO - [2021-09-27 03:30:29,581] {dagbag.py:496} INFO - Filling up the DagBag from /home/airflow/.local/lib/python3.8/site-packages/airflow/example_dags/tutorial_taskflow_api_etl.py
[2021-09-27 03:30:29,591] {processor.py:623} INFO - DAG(s) dict_keys(['tutorial_taskflow_api_etl']) retrieved from /home/airflow/.local/lib/python3.8/site-packages/airflow/example_dags/tutorial_taskflow_api_etl.py
[2021-09-27 03:30:29,780] {logging_mixin.py:109} INFO - [2021-09-27 03:30:29,780] {dag.py:1833} INFO - Sync 1 DAGs
[2021-09-27 03:30:29,788] {logging_mixin.py:109} INFO - [2021-09-27 03:30:29,788] {dag.py:2306} INFO - Setting next_dagrun for tutorial_taskflow_api_etl to None
[2021-09-27 03:30:29,797] {processor.py:170} INFO - Processing /home/airflow/.local/lib/python3.8/site-packages/airflow/example_dags/tutorial_taskflow_api_etl.py took 0.220 seconds
[2021-09-27 03:30:59,836] {processor.py:162} INFO - Started process (PID=673) to work on /home/airflow/.local/lib/python3.8/site-packages/airflow/example_dags/tutorial_taskflow_api_etl.py
[2021-09-27 03:30:59,838] {processor.py:613} INFO - Processing file /home/airflow/.local/lib/python3.8/site-packages/airflow/example_dags/tutorial_taskflow_api_etl.py for tasks to queue
[2021-09-27 03:30:59,838] {logging_mixin.py:109} INFO - [2021-09-27 03:30:59,838] {dagbag.py:496} INFO - Filling up the DagBag from /home/airflow/.local/lib/python3.8/site-packages/airflow/example_dags/tutorial_taskflow_api_etl.py
[2021-09-27 03:30:59,849] {processor.py:623} INFO - DAG(s) dict_keys(['tutorial_taskflow_api_etl']) retrieved from /home/airflow/.local/lib/python3.8/site-packages/airflow/example_dags/tutorial_taskflow_api_etl.py
[2021-09-27 03:31:00,042] {logging_mixin.py:109} INFO - [2021-09-27 03:31:00,042] {dag.py:1833} INFO - Sync 1 DAGs
[2021-09-27 03:31:00,049] {logging_mixin.py:109} INFO - [2021-09-27 03:31:00,049] {dag.py:2306} INFO - Setting next_dagrun for tutorial_taskflow_api_etl to None
[2021-09-27 03:31:00,058] {processor.py:170} INFO - Processing /home/airflow/.local/lib/python3.8/site-packages/airflow/example_dags/tutorial_taskflow_api_etl.py took 0.224 seconds
[2021-09-27 03:31:30,134] {processor.py:162} INFO - Started process (PID=721) to work on /home/airflow/.local/lib/python3.8/site-packages/airflow/example_dags/tutorial_taskflow_api_etl.py
[2021-09-27 03:31:30,134] {processor.py:613} INFO - Processing file /home/airflow/.local/lib/python3.8/site-packages/airflow/example_dags/tutorial_taskflow_api_etl.py for tasks to queue
[2021-09-27 03:31:30,135] {logging_mixin.py:109} INFO - [2021-09-27 03:31:30,135] {dagbag.py:496} INFO - Filling up the DagBag from /home/airflow/.local/lib/python3.8/site-packages/airflow/example_dags/tutorial_taskflow_api_etl.py
[2021-09-27 03:31:30,144] {processor.py:623} INFO - DAG(s) dict_keys(['tutorial_taskflow_api_etl']) retrieved from /home/airflow/.local/lib/python3.8/site-packages/airflow/example_dags/tutorial_taskflow_api_etl.py
[2021-09-27 03:31:30,305] {logging_mixin.py:109} INFO - [2021-09-27 03:31:30,305] {dag.py:1833} INFO - Sync 1 DAGs
[2021-09-27 03:31:30,313] {logging_mixin.py:109} INFO - [2021-09-27 03:31:30,313] {dag.py:2306} INFO - Setting next_dagrun for tutorial_taskflow_api_etl to None
[2021-09-27 03:31:30,320] {processor.py:170} INFO - Processing /home/airflow/.local/lib/python3.8/site-packages/airflow/example_dags/tutorial_taskflow_api_etl.py took 0.188 seconds
[2021-09-27 03:32:00,374] {processor.py:162} INFO - Started process (PID=774) to work on /home/airflow/.local/lib/python3.8/site-packages/airflow/example_dags/tutorial_taskflow_api_etl.py
[2021-09-27 03:32:00,375] {processor.py:613} INFO - Processing file /home/airflow/.local/lib/python3.8/site-packages/airflow/example_dags/tutorial_taskflow_api_etl.py for tasks to queue
[2021-09-27 03:32:00,375] {logging_mixin.py:109} INFO - [2021-09-27 03:32:00,375] {dagbag.py:496} INFO - Filling up the DagBag from /home/airflow/.local/lib/python3.8/site-packages/airflow/example_dags/tutorial_taskflow_api_etl.py
[2021-09-27 03:32:00,385] {processor.py:623} INFO - DAG(s) dict_keys(['tutorial_taskflow_api_etl']) retrieved from /home/airflow/.local/lib/python3.8/site-packages/airflow/example_dags/tutorial_taskflow_api_etl.py
[2021-09-27 03:32:00,542] {logging_mixin.py:109} INFO - [2021-09-27 03:32:00,542] {dag.py:1833} INFO - Sync 1 DAGs
[2021-09-27 03:32:00,550] {logging_mixin.py:109} INFO - [2021-09-27 03:32:00,550] {dag.py:2306} INFO - Setting next_dagrun for tutorial_taskflow_api_etl to None
[2021-09-27 03:32:00,559] {processor.py:170} INFO - Processing /home/airflow/.local/lib/python3.8/site-packages/airflow/example_dags/tutorial_taskflow_api_etl.py took 0.187 seconds
[2021-09-27 03:32:30,624] {processor.py:162} INFO - Started process (PID=824) to work on /home/airflow/.local/lib/python3.8/site-packages/airflow/example_dags/tutorial_taskflow_api_etl.py
[2021-09-27 03:32:30,625] {processor.py:613} INFO - Processing file /home/airflow/.local/lib/python3.8/site-packages/airflow/example_dags/tutorial_taskflow_api_etl.py for tasks to queue
[2021-09-27 03:32:30,627] {logging_mixin.py:109} INFO - [2021-09-27 03:32:30,626] {dagbag.py:496} INFO - Filling up the DagBag from /home/airflow/.local/lib/python3.8/site-packages/airflow/example_dags/tutorial_taskflow_api_etl.py
[2021-09-27 03:32:30,640] {processor.py:623} INFO - DAG(s) dict_keys(['tutorial_taskflow_api_etl']) retrieved from /home/airflow/.local/lib/python3.8/site-packages/airflow/example_dags/tutorial_taskflow_api_etl.py
[2021-09-27 03:32:30,841] {logging_mixin.py:109} INFO - [2021-09-27 03:32:30,841] {dag.py:1833} INFO - Sync 1 DAGs
[2021-09-27 03:32:30,848] {logging_mixin.py:109} INFO - [2021-09-27 03:32:30,848] {dag.py:2306} INFO - Setting next_dagrun for tutorial_taskflow_api_etl to None
[2021-09-27 03:32:30,855] {processor.py:170} INFO - Processing /home/airflow/.local/lib/python3.8/site-packages/airflow/example_dags/tutorial_taskflow_api_etl.py took 0.233 seconds
[2021-09-27 03:33:00,949] {processor.py:162} INFO - Started process (PID=877) to work on /home/airflow/.local/lib/python3.8/site-packages/airflow/example_dags/tutorial_taskflow_api_etl.py
[2021-09-27 03:33:00,950] {processor.py:613} INFO - Processing file /home/airflow/.local/lib/python3.8/site-packages/airflow/example_dags/tutorial_taskflow_api_etl.py for tasks to queue
[2021-09-27 03:33:00,950] {logging_mixin.py:109} INFO - [2021-09-27 03:33:00,950] {dagbag.py:496} INFO - Filling up the DagBag from /home/airflow/.local/lib/python3.8/site-packages/airflow/example_dags/tutorial_taskflow_api_etl.py
[2021-09-27 03:33:00,973] {processor.py:623} INFO - DAG(s) dict_keys(['tutorial_taskflow_api_etl']) retrieved from /home/airflow/.local/lib/python3.8/site-packages/airflow/example_dags/tutorial_taskflow_api_etl.py
[2021-09-27 03:33:01,232] {logging_mixin.py:109} INFO - [2021-09-27 03:33:01,231] {dag.py:1833} INFO - Sync 1 DAGs
[2021-09-27 03:33:01,240] {logging_mixin.py:109} INFO - [2021-09-27 03:33:01,240] {dag.py:2306} INFO - Setting next_dagrun for tutorial_taskflow_api_etl to None
[2021-09-27 03:33:01,251] {processor.py:170} INFO - Processing /home/airflow/.local/lib/python3.8/site-packages/airflow/example_dags/tutorial_taskflow_api_etl.py took 0.304 seconds
[2021-09-27 03:33:31,296] {processor.py:162} INFO - Started process (PID=926) to work on /home/airflow/.local/lib/python3.8/site-packages/airflow/example_dags/tutorial_taskflow_api_etl.py
[2021-09-27 03:33:31,296] {processor.py:613} INFO - Processing file /home/airflow/.local/lib/python3.8/site-packages/airflow/example_dags/tutorial_taskflow_api_etl.py for tasks to queue
[2021-09-27 03:33:31,297] {logging_mixin.py:109} INFO - [2021-09-27 03:33:31,297] {dagbag.py:496} INFO - Filling up the DagBag from /home/airflow/.local/lib/python3.8/site-packages/airflow/example_dags/tutorial_taskflow_api_etl.py
[2021-09-27 03:33:31,308] {processor.py:623} INFO - DAG(s) dict_keys(['tutorial_taskflow_api_etl']) retrieved from /home/airflow/.local/lib/python3.8/site-packages/airflow/example_dags/tutorial_taskflow_api_etl.py
[2021-09-27 03:33:31,490] {logging_mixin.py:109} INFO - [2021-09-27 03:33:31,489] {dag.py:1833} INFO - Sync 1 DAGs
[2021-09-27 03:33:31,497] {logging_mixin.py:109} INFO - [2021-09-27 03:33:31,497] {dag.py:2306} INFO - Setting next_dagrun for tutorial_taskflow_api_etl to None
[2021-09-27 03:33:31,506] {processor.py:170} INFO - Processing /home/airflow/.local/lib/python3.8/site-packages/airflow/example_dags/tutorial_taskflow_api_etl.py took 0.212 seconds
[2021-09-27 03:34:01,521] {processor.py:162} INFO - Started process (PID=979) to work on /home/airflow/.local/lib/python3.8/site-packages/airflow/example_dags/tutorial_taskflow_api_etl.py
[2021-09-27 03:34:01,523] {processor.py:613} INFO - Processing file /home/airflow/.local/lib/python3.8/site-packages/airflow/example_dags/tutorial_taskflow_api_etl.py for tasks to queue
[2021-09-27 03:34:01,523] {logging_mixin.py:109} INFO - [2021-09-27 03:34:01,523] {dagbag.py:496} INFO - Filling up the DagBag from /home/airflow/.local/lib/python3.8/site-packages/airflow/example_dags/tutorial_taskflow_api_etl.py
[2021-09-27 03:34:01,537] {processor.py:623} INFO - DAG(s) dict_keys(['tutorial_taskflow_api_etl']) retrieved from /home/airflow/.local/lib/python3.8/site-packages/airflow/example_dags/tutorial_taskflow_api_etl.py
[2021-09-27 03:34:01,727] {logging_mixin.py:109} INFO - [2021-09-27 03:34:01,726] {dag.py:1833} INFO - Sync 1 DAGs
[2021-09-27 03:34:01,735] {logging_mixin.py:109} INFO - [2021-09-27 03:34:01,735] {dag.py:2306} INFO - Setting next_dagrun for tutorial_taskflow_api_etl to None
[2021-09-27 03:34:01,751] {processor.py:170} INFO - Processing /home/airflow/.local/lib/python3.8/site-packages/airflow/example_dags/tutorial_taskflow_api_etl.py took 0.232 seconds
[2021-09-27 03:34:32,687] {processor.py:162} INFO - Started process (PID=1032) to work on /home/airflow/.local/lib/python3.8/site-packages/airflow/example_dags/tutorial_taskflow_api_etl.py
[2021-09-27 03:34:32,688] {processor.py:613} INFO - Processing file /home/airflow/.local/lib/python3.8/site-packages/airflow/example_dags/tutorial_taskflow_api_etl.py for tasks to queue
[2021-09-27 03:34:32,688] {logging_mixin.py:109} INFO - [2021-09-27 03:34:32,688] {dagbag.py:496} INFO - Filling up the DagBag from /home/airflow/.local/lib/python3.8/site-packages/airflow/example_dags/tutorial_taskflow_api_etl.py
[2021-09-27 03:34:32,698] {processor.py:623} INFO - DAG(s) dict_keys(['tutorial_taskflow_api_etl']) retrieved from /home/airflow/.local/lib/python3.8/site-packages/airflow/example_dags/tutorial_taskflow_api_etl.py
[2021-09-27 03:34:32,901] {logging_mixin.py:109} INFO - [2021-09-27 03:34:32,901] {dag.py:1833} INFO - Sync 1 DAGs
[2021-09-27 03:34:32,908] {logging_mixin.py:109} INFO - [2021-09-27 03:34:32,908] {dag.py:2306} INFO - Setting next_dagrun for tutorial_taskflow_api_etl to None
[2021-09-27 03:34:32,916] {processor.py:170} INFO - Processing /home/airflow/.local/lib/python3.8/site-packages/airflow/example_dags/tutorial_taskflow_api_etl.py took 0.231 seconds
[2021-09-27 03:35:03,078] {processor.py:162} INFO - Started process (PID=1086) to work on /home/airflow/.local/lib/python3.8/site-packages/airflow/example_dags/tutorial_taskflow_api_etl.py
[2021-09-27 03:35:03,078] {processor.py:613} INFO - Processing file /home/airflow/.local/lib/python3.8/site-packages/airflow/example_dags/tutorial_taskflow_api_etl.py for tasks to queue
[2021-09-27 03:35:03,079] {logging_mixin.py:109} INFO - [2021-09-27 03:35:03,078] {dagbag.py:496} INFO - Filling up the DagBag from /home/airflow/.local/lib/python3.8/site-packages/airflow/example_dags/tutorial_taskflow_api_etl.py
[2021-09-27 03:35:03,090] {processor.py:623} INFO - DAG(s) dict_keys(['tutorial_taskflow_api_etl']) retrieved from /home/airflow/.local/lib/python3.8/site-packages/airflow/example_dags/tutorial_taskflow_api_etl.py
[2021-09-27 03:35:03,313] {logging_mixin.py:109} INFO - [2021-09-27 03:35:03,313] {dag.py:1833} INFO - Sync 1 DAGs
[2021-09-27 03:35:03,326] {logging_mixin.py:109} INFO - [2021-09-27 03:35:03,326] {dag.py:2306} INFO - Setting next_dagrun for tutorial_taskflow_api_etl to None
[2021-09-27 03:35:03,339] {processor.py:170} INFO - Processing /home/airflow/.local/lib/python3.8/site-packages/airflow/example_dags/tutorial_taskflow_api_etl.py took 0.263 seconds
[2021-09-27 03:35:33,426] {processor.py:162} INFO - Started process (PID=1132) to work on /home/airflow/.local/lib/python3.8/site-packages/airflow/example_dags/tutorial_taskflow_api_etl.py
[2021-09-27 03:35:33,427] {processor.py:613} INFO - Processing file /home/airflow/.local/lib/python3.8/site-packages/airflow/example_dags/tutorial_taskflow_api_etl.py for tasks to queue
[2021-09-27 03:35:33,427] {logging_mixin.py:109} INFO - [2021-09-27 03:35:33,427] {dagbag.py:496} INFO - Filling up the DagBag from /home/airflow/.local/lib/python3.8/site-packages/airflow/example_dags/tutorial_taskflow_api_etl.py
[2021-09-27 03:35:33,439] {processor.py:623} INFO - DAG(s) dict_keys(['tutorial_taskflow_api_etl']) retrieved from /home/airflow/.local/lib/python3.8/site-packages/airflow/example_dags/tutorial_taskflow_api_etl.py
[2021-09-27 03:35:33,641] {logging_mixin.py:109} INFO - [2021-09-27 03:35:33,640] {dag.py:1833} INFO - Sync 1 DAGs
[2021-09-27 03:35:33,648] {logging_mixin.py:109} INFO - [2021-09-27 03:35:33,648] {dag.py:2306} INFO - Setting next_dagrun for tutorial_taskflow_api_etl to None
[2021-09-27 03:35:33,657] {processor.py:170} INFO - Processing /home/airflow/.local/lib/python3.8/site-packages/airflow/example_dags/tutorial_taskflow_api_etl.py took 0.233 seconds
[2021-09-27 03:36:03,670] {processor.py:162} INFO - Started process (PID=1185) to work on /home/airflow/.local/lib/python3.8/site-packages/airflow/example_dags/tutorial_taskflow_api_etl.py
[2021-09-27 03:36:03,672] {processor.py:613} INFO - Processing file /home/airflow/.local/lib/python3.8/site-packages/airflow/example_dags/tutorial_taskflow_api_etl.py for tasks to queue
[2021-09-27 03:36:03,672] {logging_mixin.py:109} INFO - [2021-09-27 03:36:03,672] {dagbag.py:496} INFO - Filling up the DagBag from /home/airflow/.local/lib/python3.8/site-packages/airflow/example_dags/tutorial_taskflow_api_etl.py
[2021-09-27 03:36:03,681] {processor.py:623} INFO - DAG(s) dict_keys(['tutorial_taskflow_api_etl']) retrieved from /home/airflow/.local/lib/python3.8/site-packages/airflow/example_dags/tutorial_taskflow_api_etl.py
[2021-09-27 03:36:03,695] {logging_mixin.py:109} INFO - [2021-09-27 03:36:03,695] {dag.py:1833} INFO - Sync 1 DAGs
[2021-09-27 03:36:03,704] {logging_mixin.py:109} INFO - [2021-09-27 03:36:03,704] {dag.py:2306} INFO - Setting next_dagrun for tutorial_taskflow_api_etl to None
[2021-09-27 03:36:03,712] {processor.py:170} INFO - Processing /home/airflow/.local/lib/python3.8/site-packages/airflow/example_dags/tutorial_taskflow_api_etl.py took 0.044 seconds
[2021-09-27 03:36:33,989] {processor.py:162} INFO - Started process (PID=1238) to work on /home/airflow/.local/lib/python3.8/site-packages/airflow/example_dags/tutorial_taskflow_api_etl.py
[2021-09-27 03:36:33,990] {processor.py:613} INFO - Processing file /home/airflow/.local/lib/python3.8/site-packages/airflow/example_dags/tutorial_taskflow_api_etl.py for tasks to queue
[2021-09-27 03:36:33,990] {logging_mixin.py:109} INFO - [2021-09-27 03:36:33,990] {dagbag.py:496} INFO - Filling up the DagBag from /home/airflow/.local/lib/python3.8/site-packages/airflow/example_dags/tutorial_taskflow_api_etl.py
[2021-09-27 03:36:34,001] {processor.py:623} INFO - DAG(s) dict_keys(['tutorial_taskflow_api_etl']) retrieved from /home/airflow/.local/lib/python3.8/site-packages/airflow/example_dags/tutorial_taskflow_api_etl.py
[2021-09-27 03:36:34,209] {logging_mixin.py:109} INFO - [2021-09-27 03:36:34,208] {dag.py:1833} INFO - Sync 1 DAGs
[2021-09-27 03:36:34,219] {logging_mixin.py:109} INFO - [2021-09-27 03:36:34,219] {dag.py:2306} INFO - Setting next_dagrun for tutorial_taskflow_api_etl to None
[2021-09-27 03:36:34,229] {processor.py:170} INFO - Processing /home/airflow/.local/lib/python3.8/site-packages/airflow/example_dags/tutorial_taskflow_api_etl.py took 0.242 seconds
[2021-09-27 03:37:04,243] {processor.py:162} INFO - Started process (PID=1291) to work on /home/airflow/.local/lib/python3.8/site-packages/airflow/example_dags/tutorial_taskflow_api_etl.py
[2021-09-27 03:37:04,244] {processor.py:613} INFO - Processing file /home/airflow/.local/lib/python3.8/site-packages/airflow/example_dags/tutorial_taskflow_api_etl.py for tasks to queue
[2021-09-27 03:37:04,244] {logging_mixin.py:109} INFO - [2021-09-27 03:37:04,244] {dagbag.py:496} INFO - Filling up the DagBag from /home/airflow/.local/lib/python3.8/site-packages/airflow/example_dags/tutorial_taskflow_api_etl.py
[2021-09-27 03:37:04,258] {processor.py:623} INFO - DAG(s) dict_keys(['tutorial_taskflow_api_etl']) retrieved from /home/airflow/.local/lib/python3.8/site-packages/airflow/example_dags/tutorial_taskflow_api_etl.py
[2021-09-27 03:37:04,493] {logging_mixin.py:109} INFO - [2021-09-27 03:37:04,493] {dag.py:1833} INFO - Sync 1 DAGs
[2021-09-27 03:37:04,502] {logging_mixin.py:109} INFO - [2021-09-27 03:37:04,502] {dag.py:2306} INFO - Setting next_dagrun for tutorial_taskflow_api_etl to None
[2021-09-27 03:37:04,512] {processor.py:170} INFO - Processing /home/airflow/.local/lib/python3.8/site-packages/airflow/example_dags/tutorial_taskflow_api_etl.py took 0.271 seconds
[2021-09-27 03:37:34,629] {processor.py:162} INFO - Started process (PID=1337) to work on /home/airflow/.local/lib/python3.8/site-packages/airflow/example_dags/tutorial_taskflow_api_etl.py
[2021-09-27 03:37:34,630] {processor.py:613} INFO - Processing file /home/airflow/.local/lib/python3.8/site-packages/airflow/example_dags/tutorial_taskflow_api_etl.py for tasks to queue
[2021-09-27 03:37:34,630] {logging_mixin.py:109} INFO - [2021-09-27 03:37:34,630] {dagbag.py:496} INFO - Filling up the DagBag from /home/airflow/.local/lib/python3.8/site-packages/airflow/example_dags/tutorial_taskflow_api_etl.py
[2021-09-27 03:37:34,640] {processor.py:623} INFO - DAG(s) dict_keys(['tutorial_taskflow_api_etl']) retrieved from /home/airflow/.local/lib/python3.8/site-packages/airflow/example_dags/tutorial_taskflow_api_etl.py
[2021-09-27 03:37:34,842] {logging_mixin.py:109} INFO - [2021-09-27 03:37:34,842] {dag.py:1833} INFO - Sync 1 DAGs
[2021-09-27 03:37:34,850] {logging_mixin.py:109} INFO - [2021-09-27 03:37:34,850] {dag.py:2306} INFO - Setting next_dagrun for tutorial_taskflow_api_etl to None
[2021-09-27 03:37:34,858] {processor.py:170} INFO - Processing /home/airflow/.local/lib/python3.8/site-packages/airflow/example_dags/tutorial_taskflow_api_etl.py took 0.231 seconds
[2021-09-27 03:38:04,950] {processor.py:162} INFO - Started process (PID=1391) to work on /home/airflow/.local/lib/python3.8/site-packages/airflow/example_dags/tutorial_taskflow_api_etl.py
[2021-09-27 03:38:04,953] {processor.py:613} INFO - Processing file /home/airflow/.local/lib/python3.8/site-packages/airflow/example_dags/tutorial_taskflow_api_etl.py for tasks to queue
[2021-09-27 03:38:04,954] {logging_mixin.py:109} INFO - [2021-09-27 03:38:04,954] {dagbag.py:496} INFO - Filling up the DagBag from /home/airflow/.local/lib/python3.8/site-packages/airflow/example_dags/tutorial_taskflow_api_etl.py
[2021-09-27 03:38:04,974] {processor.py:623} INFO - DAG(s) dict_keys(['tutorial_taskflow_api_etl']) retrieved from /home/airflow/.local/lib/python3.8/site-packages/airflow/example_dags/tutorial_taskflow_api_etl.py
[2021-09-27 03:38:05,205] {logging_mixin.py:109} INFO - [2021-09-27 03:38:05,205] {dag.py:1833} INFO - Sync 1 DAGs
[2021-09-27 03:38:05,213] {logging_mixin.py:109} INFO - [2021-09-27 03:38:05,213] {dag.py:2306} INFO - Setting next_dagrun for tutorial_taskflow_api_etl to None
[2021-09-27 03:38:05,223] {processor.py:170} INFO - Processing /home/airflow/.local/lib/python3.8/site-packages/airflow/example_dags/tutorial_taskflow_api_etl.py took 0.278 seconds
[2021-09-27 03:38:35,306] {processor.py:162} INFO - Started process (PID=1444) to work on /home/airflow/.local/lib/python3.8/site-packages/airflow/example_dags/tutorial_taskflow_api_etl.py
[2021-09-27 03:38:35,307] {processor.py:613} INFO - Processing file /home/airflow/.local/lib/python3.8/site-packages/airflow/example_dags/tutorial_taskflow_api_etl.py for tasks to queue
[2021-09-27 03:38:35,308] {logging_mixin.py:109} INFO - [2021-09-27 03:38:35,308] {dagbag.py:496} INFO - Filling up the DagBag from /home/airflow/.local/lib/python3.8/site-packages/airflow/example_dags/tutorial_taskflow_api_etl.py
[2021-09-27 03:38:35,324] {processor.py:623} INFO - DAG(s) dict_keys(['tutorial_taskflow_api_etl']) retrieved from /home/airflow/.local/lib/python3.8/site-packages/airflow/example_dags/tutorial_taskflow_api_etl.py
[2021-09-27 03:38:35,543] {logging_mixin.py:109} INFO - [2021-09-27 03:38:35,543] {dag.py:1833} INFO - Sync 1 DAGs
[2021-09-27 03:38:35,553] {logging_mixin.py:109} INFO - [2021-09-27 03:38:35,553] {dag.py:2306} INFO - Setting next_dagrun for tutorial_taskflow_api_etl to None
[2021-09-27 03:38:35,561] {processor.py:170} INFO - Processing /home/airflow/.local/lib/python3.8/site-packages/airflow/example_dags/tutorial_taskflow_api_etl.py took 0.258 seconds
[2021-09-27 03:39:05,630] {processor.py:162} INFO - Started process (PID=1490) to work on /home/airflow/.local/lib/python3.8/site-packages/airflow/example_dags/tutorial_taskflow_api_etl.py
[2021-09-27 03:39:05,631] {processor.py:613} INFO - Processing file /home/airflow/.local/lib/python3.8/site-packages/airflow/example_dags/tutorial_taskflow_api_etl.py for tasks to queue
[2021-09-27 03:39:05,631] {logging_mixin.py:109} INFO - [2021-09-27 03:39:05,631] {dagbag.py:496} INFO - Filling up the DagBag from /home/airflow/.local/lib/python3.8/site-packages/airflow/example_dags/tutorial_taskflow_api_etl.py
[2021-09-27 03:39:05,641] {processor.py:623} INFO - DAG(s) dict_keys(['tutorial_taskflow_api_etl']) retrieved from /home/airflow/.local/lib/python3.8/site-packages/airflow/example_dags/tutorial_taskflow_api_etl.py
[2021-09-27 03:39:05,847] {logging_mixin.py:109} INFO - [2021-09-27 03:39:05,847] {dag.py:1833} INFO - Sync 1 DAGs
[2021-09-27 03:39:05,859] {logging_mixin.py:109} INFO - [2021-09-27 03:39:05,859] {dag.py:2306} INFO - Setting next_dagrun for tutorial_taskflow_api_etl to None
[2021-09-27 03:39:05,868] {processor.py:170} INFO - Processing /home/airflow/.local/lib/python3.8/site-packages/airflow/example_dags/tutorial_taskflow_api_etl.py took 0.241 seconds
[2021-09-27 03:39:35,967] {processor.py:162} INFO - Started process (PID=1547) to work on /home/airflow/.local/lib/python3.8/site-packages/airflow/example_dags/tutorial_taskflow_api_etl.py
[2021-09-27 03:39:35,968] {processor.py:613} INFO - Processing file /home/airflow/.local/lib/python3.8/site-packages/airflow/example_dags/tutorial_taskflow_api_etl.py for tasks to queue
[2021-09-27 03:39:35,969] {logging_mixin.py:109} INFO - [2021-09-27 03:39:35,968] {dagbag.py:496} INFO - Filling up the DagBag from /home/airflow/.local/lib/python3.8/site-packages/airflow/example_dags/tutorial_taskflow_api_etl.py
[2021-09-27 03:39:35,978] {processor.py:623} INFO - DAG(s) dict_keys(['tutorial_taskflow_api_etl']) retrieved from /home/airflow/.local/lib/python3.8/site-packages/airflow/example_dags/tutorial_taskflow_api_etl.py
[2021-09-27 03:39:36,156] {logging_mixin.py:109} INFO - [2021-09-27 03:39:36,156] {dag.py:1833} INFO - Sync 1 DAGs
[2021-09-27 03:39:36,165] {logging_mixin.py:109} INFO - [2021-09-27 03:39:36,165] {dag.py:2306} INFO - Setting next_dagrun for tutorial_taskflow_api_etl to None
[2021-09-27 03:39:36,173] {processor.py:170} INFO - Processing /home/airflow/.local/lib/python3.8/site-packages/airflow/example_dags/tutorial_taskflow_api_etl.py took 0.208 seconds
[2021-09-27 03:40:07,116] {processor.py:162} INFO - Started process (PID=1601) to work on /home/airflow/.local/lib/python3.8/site-packages/airflow/example_dags/tutorial_taskflow_api_etl.py
[2021-09-27 03:40:07,117] {processor.py:613} INFO - Processing file /home/airflow/.local/lib/python3.8/site-packages/airflow/example_dags/tutorial_taskflow_api_etl.py for tasks to queue
[2021-09-27 03:40:07,117] {logging_mixin.py:109} INFO - [2021-09-27 03:40:07,117] {dagbag.py:496} INFO - Filling up the DagBag from /home/airflow/.local/lib/python3.8/site-packages/airflow/example_dags/tutorial_taskflow_api_etl.py
[2021-09-27 03:40:07,127] {processor.py:623} INFO - DAG(s) dict_keys(['tutorial_taskflow_api_etl']) retrieved from /home/airflow/.local/lib/python3.8/site-packages/airflow/example_dags/tutorial_taskflow_api_etl.py
[2021-09-27 03:40:07,412] {logging_mixin.py:109} INFO - [2021-09-27 03:40:07,412] {dag.py:1833} INFO - Sync 1 DAGs
[2021-09-27 03:40:07,420] {logging_mixin.py:109} INFO - [2021-09-27 03:40:07,420] {dag.py:2306} INFO - Setting next_dagrun for tutorial_taskflow_api_etl to None
[2021-09-27 03:40:07,428] {processor.py:170} INFO - Processing /home/airflow/.local/lib/python3.8/site-packages/airflow/example_dags/tutorial_taskflow_api_etl.py took 0.314 seconds
[2021-09-27 03:40:37,484] {processor.py:162} INFO - Started process (PID=1655) to work on /home/airflow/.local/lib/python3.8/site-packages/airflow/example_dags/tutorial_taskflow_api_etl.py
[2021-09-27 03:40:37,484] {processor.py:613} INFO - Processing file /home/airflow/.local/lib/python3.8/site-packages/airflow/example_dags/tutorial_taskflow_api_etl.py for tasks to queue
[2021-09-27 03:40:37,485] {logging_mixin.py:109} INFO - [2021-09-27 03:40:37,485] {dagbag.py:496} INFO - Filling up the DagBag from /home/airflow/.local/lib/python3.8/site-packages/airflow/example_dags/tutorial_taskflow_api_etl.py
[2021-09-27 03:40:37,494] {processor.py:623} INFO - DAG(s) dict_keys(['tutorial_taskflow_api_etl']) retrieved from /home/airflow/.local/lib/python3.8/site-packages/airflow/example_dags/tutorial_taskflow_api_etl.py
[2021-09-27 03:40:37,673] {logging_mixin.py:109} INFO - [2021-09-27 03:40:37,673] {dag.py:1833} INFO - Sync 1 DAGs
[2021-09-27 03:40:37,681] {logging_mixin.py:109} INFO - [2021-09-27 03:40:37,681] {dag.py:2306} INFO - Setting next_dagrun for tutorial_taskflow_api_etl to None
[2021-09-27 03:40:37,689] {processor.py:170} INFO - Processing /home/airflow/.local/lib/python3.8/site-packages/airflow/example_dags/tutorial_taskflow_api_etl.py took 0.207 seconds
[2021-09-27 03:41:07,798] {processor.py:162} INFO - Started process (PID=1708) to work on /home/airflow/.local/lib/python3.8/site-packages/airflow/example_dags/tutorial_taskflow_api_etl.py
[2021-09-27 03:41:07,799] {processor.py:613} INFO - Processing file /home/airflow/.local/lib/python3.8/site-packages/airflow/example_dags/tutorial_taskflow_api_etl.py for tasks to queue
[2021-09-27 03:41:07,799] {logging_mixin.py:109} INFO - [2021-09-27 03:41:07,799] {dagbag.py:496} INFO - Filling up the DagBag from /home/airflow/.local/lib/python3.8/site-packages/airflow/example_dags/tutorial_taskflow_api_etl.py
[2021-09-27 03:41:07,810] {processor.py:623} INFO - DAG(s) dict_keys(['tutorial_taskflow_api_etl']) retrieved from /home/airflow/.local/lib/python3.8/site-packages/airflow/example_dags/tutorial_taskflow_api_etl.py
[2021-09-27 03:41:08,065] {logging_mixin.py:109} INFO - [2021-09-27 03:41:08,065] {dag.py:1833} INFO - Sync 1 DAGs
[2021-09-27 03:41:08,073] {logging_mixin.py:109} INFO - [2021-09-27 03:41:08,072] {dag.py:2306} INFO - Setting next_dagrun for tutorial_taskflow_api_etl to None
[2021-09-27 03:41:08,085] {processor.py:170} INFO - Processing /home/airflow/.local/lib/python3.8/site-packages/airflow/example_dags/tutorial_taskflow_api_etl.py took 0.291 seconds
[2021-09-27 03:41:38,163] {processor.py:162} INFO - Started process (PID=1758) to work on /home/airflow/.local/lib/python3.8/site-packages/airflow/example_dags/tutorial_taskflow_api_etl.py
[2021-09-27 03:41:38,164] {processor.py:613} INFO - Processing file /home/airflow/.local/lib/python3.8/site-packages/airflow/example_dags/tutorial_taskflow_api_etl.py for tasks to queue
[2021-09-27 03:41:38,164] {logging_mixin.py:109} INFO - [2021-09-27 03:41:38,164] {dagbag.py:496} INFO - Filling up the DagBag from /home/airflow/.local/lib/python3.8/site-packages/airflow/example_dags/tutorial_taskflow_api_etl.py
[2021-09-27 03:41:38,173] {processor.py:623} INFO - DAG(s) dict_keys(['tutorial_taskflow_api_etl']) retrieved from /home/airflow/.local/lib/python3.8/site-packages/airflow/example_dags/tutorial_taskflow_api_etl.py
[2021-09-27 03:41:38,329] {logging_mixin.py:109} INFO - [2021-09-27 03:41:38,329] {dag.py:1833} INFO - Sync 1 DAGs
[2021-09-27 03:41:38,337] {logging_mixin.py:109} INFO - [2021-09-27 03:41:38,337] {dag.py:2306} INFO - Setting next_dagrun for tutorial_taskflow_api_etl to None
[2021-09-27 03:41:38,344] {processor.py:170} INFO - Processing /home/airflow/.local/lib/python3.8/site-packages/airflow/example_dags/tutorial_taskflow_api_etl.py took 0.183 seconds
[2021-09-27 03:42:08,393] {processor.py:162} INFO - Started process (PID=1812) to work on /home/airflow/.local/lib/python3.8/site-packages/airflow/example_dags/tutorial_taskflow_api_etl.py
[2021-09-27 03:42:08,394] {processor.py:613} INFO - Processing file /home/airflow/.local/lib/python3.8/site-packages/airflow/example_dags/tutorial_taskflow_api_etl.py for tasks to queue
[2021-09-27 03:42:08,394] {logging_mixin.py:109} INFO - [2021-09-27 03:42:08,394] {dagbag.py:496} INFO - Filling up the DagBag from /home/airflow/.local/lib/python3.8/site-packages/airflow/example_dags/tutorial_taskflow_api_etl.py
[2021-09-27 03:42:08,404] {processor.py:623} INFO - DAG(s) dict_keys(['tutorial_taskflow_api_etl']) retrieved from /home/airflow/.local/lib/python3.8/site-packages/airflow/example_dags/tutorial_taskflow_api_etl.py
[2021-09-27 03:42:08,562] {logging_mixin.py:109} INFO - [2021-09-27 03:42:08,562] {dag.py:1833} INFO - Sync 1 DAGs
[2021-09-27 03:42:08,570] {logging_mixin.py:109} INFO - [2021-09-27 03:42:08,570] {dag.py:2306} INFO - Setting next_dagrun for tutorial_taskflow_api_etl to None
[2021-09-27 03:42:08,578] {processor.py:170} INFO - Processing /home/airflow/.local/lib/python3.8/site-packages/airflow/example_dags/tutorial_taskflow_api_etl.py took 0.188 seconds
[2021-09-27 03:42:38,636] {processor.py:162} INFO - Started process (PID=1863) to work on /home/airflow/.local/lib/python3.8/site-packages/airflow/example_dags/tutorial_taskflow_api_etl.py
[2021-09-27 03:42:38,637] {processor.py:613} INFO - Processing file /home/airflow/.local/lib/python3.8/site-packages/airflow/example_dags/tutorial_taskflow_api_etl.py for tasks to queue
[2021-09-27 03:42:38,638] {logging_mixin.py:109} INFO - [2021-09-27 03:42:38,638] {dagbag.py:496} INFO - Filling up the DagBag from /home/airflow/.local/lib/python3.8/site-packages/airflow/example_dags/tutorial_taskflow_api_etl.py
[2021-09-27 03:42:38,653] {processor.py:623} INFO - DAG(s) dict_keys(['tutorial_taskflow_api_etl']) retrieved from /home/airflow/.local/lib/python3.8/site-packages/airflow/example_dags/tutorial_taskflow_api_etl.py
[2021-09-27 03:42:38,882] {logging_mixin.py:109} INFO - [2021-09-27 03:42:38,881] {dag.py:1833} INFO - Sync 1 DAGs
[2021-09-27 03:42:38,890] {logging_mixin.py:109} INFO - [2021-09-27 03:42:38,890] {dag.py:2306} INFO - Setting next_dagrun for tutorial_taskflow_api_etl to None
[2021-09-27 03:42:38,902] {processor.py:170} INFO - Processing /home/airflow/.local/lib/python3.8/site-packages/airflow/example_dags/tutorial_taskflow_api_etl.py took 0.269 seconds
[2021-09-27 03:43:08,922] {processor.py:162} INFO - Started process (PID=1912) to work on /home/airflow/.local/lib/python3.8/site-packages/airflow/example_dags/tutorial_taskflow_api_etl.py
[2021-09-27 03:43:08,924] {processor.py:613} INFO - Processing file /home/airflow/.local/lib/python3.8/site-packages/airflow/example_dags/tutorial_taskflow_api_etl.py for tasks to queue
[2021-09-27 03:43:08,924] {logging_mixin.py:109} INFO - [2021-09-27 03:43:08,924] {dagbag.py:496} INFO - Filling up the DagBag from /home/airflow/.local/lib/python3.8/site-packages/airflow/example_dags/tutorial_taskflow_api_etl.py
[2021-09-27 03:43:08,935] {processor.py:623} INFO - DAG(s) dict_keys(['tutorial_taskflow_api_etl']) retrieved from /home/airflow/.local/lib/python3.8/site-packages/airflow/example_dags/tutorial_taskflow_api_etl.py
[2021-09-27 03:43:09,141] {logging_mixin.py:109} INFO - [2021-09-27 03:43:09,141] {dag.py:1833} INFO - Sync 1 DAGs
[2021-09-27 03:43:09,150] {logging_mixin.py:109} INFO - [2021-09-27 03:43:09,150] {dag.py:2306} INFO - Setting next_dagrun for tutorial_taskflow_api_etl to None
[2021-09-27 03:43:09,159] {processor.py:170} INFO - Processing /home/airflow/.local/lib/python3.8/site-packages/airflow/example_dags/tutorial_taskflow_api_etl.py took 0.239 seconds
[2021-09-27 03:43:39,208] {processor.py:162} INFO - Started process (PID=1962) to work on /home/airflow/.local/lib/python3.8/site-packages/airflow/example_dags/tutorial_taskflow_api_etl.py
[2021-09-27 03:43:39,209] {processor.py:613} INFO - Processing file /home/airflow/.local/lib/python3.8/site-packages/airflow/example_dags/tutorial_taskflow_api_etl.py for tasks to queue
[2021-09-27 03:43:39,210] {logging_mixin.py:109} INFO - [2021-09-27 03:43:39,209] {dagbag.py:496} INFO - Filling up the DagBag from /home/airflow/.local/lib/python3.8/site-packages/airflow/example_dags/tutorial_taskflow_api_etl.py
[2021-09-27 03:43:39,219] {processor.py:623} INFO - DAG(s) dict_keys(['tutorial_taskflow_api_etl']) retrieved from /home/airflow/.local/lib/python3.8/site-packages/airflow/example_dags/tutorial_taskflow_api_etl.py
[2021-09-27 03:43:39,400] {logging_mixin.py:109} INFO - [2021-09-27 03:43:39,400] {dag.py:1833} INFO - Sync 1 DAGs
[2021-09-27 03:43:39,408] {logging_mixin.py:109} INFO - [2021-09-27 03:43:39,408] {dag.py:2306} INFO - Setting next_dagrun for tutorial_taskflow_api_etl to None
[2021-09-27 03:43:39,417] {processor.py:170} INFO - Processing /home/airflow/.local/lib/python3.8/site-packages/airflow/example_dags/tutorial_taskflow_api_etl.py took 0.211 seconds
[2021-09-27 03:44:09,613] {processor.py:162} INFO - Started process (PID=2015) to work on /home/airflow/.local/lib/python3.8/site-packages/airflow/example_dags/tutorial_taskflow_api_etl.py
[2021-09-27 03:44:09,614] {processor.py:613} INFO - Processing file /home/airflow/.local/lib/python3.8/site-packages/airflow/example_dags/tutorial_taskflow_api_etl.py for tasks to queue
[2021-09-27 03:44:09,614] {logging_mixin.py:109} INFO - [2021-09-27 03:44:09,614] {dagbag.py:496} INFO - Filling up the DagBag from /home/airflow/.local/lib/python3.8/site-packages/airflow/example_dags/tutorial_taskflow_api_etl.py
[2021-09-27 03:44:09,625] {processor.py:623} INFO - DAG(s) dict_keys(['tutorial_taskflow_api_etl']) retrieved from /home/airflow/.local/lib/python3.8/site-packages/airflow/example_dags/tutorial_taskflow_api_etl.py
[2021-09-27 03:44:09,826] {logging_mixin.py:109} INFO - [2021-09-27 03:44:09,826] {dag.py:1833} INFO - Sync 1 DAGs
[2021-09-27 03:44:09,833] {logging_mixin.py:109} INFO - [2021-09-27 03:44:09,833] {dag.py:2306} INFO - Setting next_dagrun for tutorial_taskflow_api_etl to None
[2021-09-27 03:44:09,840] {processor.py:170} INFO - Processing /home/airflow/.local/lib/python3.8/site-packages/airflow/example_dags/tutorial_taskflow_api_etl.py took 0.229 seconds
[2021-09-27 03:44:39,925] {processor.py:162} INFO - Started process (PID=2068) to work on /home/airflow/.local/lib/python3.8/site-packages/airflow/example_dags/tutorial_taskflow_api_etl.py
[2021-09-27 03:44:39,926] {processor.py:613} INFO - Processing file /home/airflow/.local/lib/python3.8/site-packages/airflow/example_dags/tutorial_taskflow_api_etl.py for tasks to queue
[2021-09-27 03:44:39,926] {logging_mixin.py:109} INFO - [2021-09-27 03:44:39,926] {dagbag.py:496} INFO - Filling up the DagBag from /home/airflow/.local/lib/python3.8/site-packages/airflow/example_dags/tutorial_taskflow_api_etl.py
[2021-09-27 03:44:39,936] {processor.py:623} INFO - DAG(s) dict_keys(['tutorial_taskflow_api_etl']) retrieved from /home/airflow/.local/lib/python3.8/site-packages/airflow/example_dags/tutorial_taskflow_api_etl.py
[2021-09-27 03:44:40,112] {logging_mixin.py:109} INFO - [2021-09-27 03:44:40,112] {dag.py:1833} INFO - Sync 1 DAGs
[2021-09-27 03:44:40,120] {logging_mixin.py:109} INFO - [2021-09-27 03:44:40,120] {dag.py:2306} INFO - Setting next_dagrun for tutorial_taskflow_api_etl to None
[2021-09-27 03:44:40,132] {processor.py:170} INFO - Processing /home/airflow/.local/lib/python3.8/site-packages/airflow/example_dags/tutorial_taskflow_api_etl.py took 0.209 seconds
[2021-09-27 03:45:10,148] {processor.py:162} INFO - Started process (PID=2117) to work on /home/airflow/.local/lib/python3.8/site-packages/airflow/example_dags/tutorial_taskflow_api_etl.py
[2021-09-27 03:45:10,149] {processor.py:613} INFO - Processing file /home/airflow/.local/lib/python3.8/site-packages/airflow/example_dags/tutorial_taskflow_api_etl.py for tasks to queue
[2021-09-27 03:45:10,149] {logging_mixin.py:109} INFO - [2021-09-27 03:45:10,149] {dagbag.py:496} INFO - Filling up the DagBag from /home/airflow/.local/lib/python3.8/site-packages/airflow/example_dags/tutorial_taskflow_api_etl.py
[2021-09-27 03:45:10,159] {processor.py:623} INFO - DAG(s) dict_keys(['tutorial_taskflow_api_etl']) retrieved from /home/airflow/.local/lib/python3.8/site-packages/airflow/example_dags/tutorial_taskflow_api_etl.py
[2021-09-27 03:45:10,310] {logging_mixin.py:109} INFO - [2021-09-27 03:45:10,310] {dag.py:1833} INFO - Sync 1 DAGs
[2021-09-27 03:45:10,318] {logging_mixin.py:109} INFO - [2021-09-27 03:45:10,318] {dag.py:2306} INFO - Setting next_dagrun for tutorial_taskflow_api_etl to None
[2021-09-27 03:45:10,327] {processor.py:170} INFO - Processing /home/airflow/.local/lib/python3.8/site-packages/airflow/example_dags/tutorial_taskflow_api_etl.py took 0.181 seconds
[2021-09-27 03:45:40,492] {processor.py:162} INFO - Started process (PID=2167) to work on /home/airflow/.local/lib/python3.8/site-packages/airflow/example_dags/tutorial_taskflow_api_etl.py
[2021-09-27 03:45:40,495] {processor.py:613} INFO - Processing file /home/airflow/.local/lib/python3.8/site-packages/airflow/example_dags/tutorial_taskflow_api_etl.py for tasks to queue
[2021-09-27 03:45:40,495] {logging_mixin.py:109} INFO - [2021-09-27 03:45:40,495] {dagbag.py:496} INFO - Filling up the DagBag from /home/airflow/.local/lib/python3.8/site-packages/airflow/example_dags/tutorial_taskflow_api_etl.py
[2021-09-27 03:45:40,505] {processor.py:623} INFO - DAG(s) dict_keys(['tutorial_taskflow_api_etl']) retrieved from /home/airflow/.local/lib/python3.8/site-packages/airflow/example_dags/tutorial_taskflow_api_etl.py
[2021-09-27 03:45:40,720] {logging_mixin.py:109} INFO - [2021-09-27 03:45:40,720] {dag.py:1833} INFO - Sync 1 DAGs
[2021-09-27 03:45:40,728] {logging_mixin.py:109} INFO - [2021-09-27 03:45:40,728] {dag.py:2306} INFO - Setting next_dagrun for tutorial_taskflow_api_etl to None
[2021-09-27 03:45:40,736] {processor.py:170} INFO - Processing /home/airflow/.local/lib/python3.8/site-packages/airflow/example_dags/tutorial_taskflow_api_etl.py took 0.246 seconds
[2021-09-27 03:46:11,734] {processor.py:162} INFO - Started process (PID=2223) to work on /home/airflow/.local/lib/python3.8/site-packages/airflow/example_dags/tutorial_taskflow_api_etl.py
[2021-09-27 03:46:11,735] {processor.py:613} INFO - Processing file /home/airflow/.local/lib/python3.8/site-packages/airflow/example_dags/tutorial_taskflow_api_etl.py for tasks to queue
[2021-09-27 03:46:11,736] {logging_mixin.py:109} INFO - [2021-09-27 03:46:11,736] {dagbag.py:496} INFO - Filling up the DagBag from /home/airflow/.local/lib/python3.8/site-packages/airflow/example_dags/tutorial_taskflow_api_etl.py
[2021-09-27 03:46:11,746] {processor.py:623} INFO - DAG(s) dict_keys(['tutorial_taskflow_api_etl']) retrieved from /home/airflow/.local/lib/python3.8/site-packages/airflow/example_dags/tutorial_taskflow_api_etl.py
[2021-09-27 03:46:11,895] {logging_mixin.py:109} INFO - [2021-09-27 03:46:11,895] {dag.py:1833} INFO - Sync 1 DAGs
[2021-09-27 03:46:11,903] {logging_mixin.py:109} INFO - [2021-09-27 03:46:11,903] {dag.py:2306} INFO - Setting next_dagrun for tutorial_taskflow_api_etl to None
[2021-09-27 03:46:11,912] {processor.py:170} INFO - Processing /home/airflow/.local/lib/python3.8/site-packages/airflow/example_dags/tutorial_taskflow_api_etl.py took 0.180 seconds
[2021-09-27 03:46:41,998] {processor.py:162} INFO - Started process (PID=2276) to work on /home/airflow/.local/lib/python3.8/site-packages/airflow/example_dags/tutorial_taskflow_api_etl.py
[2021-09-27 03:46:41,999] {processor.py:613} INFO - Processing file /home/airflow/.local/lib/python3.8/site-packages/airflow/example_dags/tutorial_taskflow_api_etl.py for tasks to queue
[2021-09-27 03:46:42,000] {logging_mixin.py:109} INFO - [2021-09-27 03:46:42,000] {dagbag.py:496} INFO - Filling up the DagBag from /home/airflow/.local/lib/python3.8/site-packages/airflow/example_dags/tutorial_taskflow_api_etl.py
[2021-09-27 03:46:42,009] {processor.py:623} INFO - DAG(s) dict_keys(['tutorial_taskflow_api_etl']) retrieved from /home/airflow/.local/lib/python3.8/site-packages/airflow/example_dags/tutorial_taskflow_api_etl.py
[2021-09-27 03:46:42,162] {logging_mixin.py:109} INFO - [2021-09-27 03:46:42,162] {dag.py:1833} INFO - Sync 1 DAGs
[2021-09-27 03:46:42,170] {logging_mixin.py:109} INFO - [2021-09-27 03:46:42,170] {dag.py:2306} INFO - Setting next_dagrun for tutorial_taskflow_api_etl to None
[2021-09-27 03:46:42,187] {processor.py:170} INFO - Processing /home/airflow/.local/lib/python3.8/site-packages/airflow/example_dags/tutorial_taskflow_api_etl.py took 0.191 seconds
[2021-09-27 03:47:12,413] {processor.py:162} INFO - Started process (PID=2329) to work on /home/airflow/.local/lib/python3.8/site-packages/airflow/example_dags/tutorial_taskflow_api_etl.py
[2021-09-27 03:47:12,414] {processor.py:613} INFO - Processing file /home/airflow/.local/lib/python3.8/site-packages/airflow/example_dags/tutorial_taskflow_api_etl.py for tasks to queue
[2021-09-27 03:47:12,415] {logging_mixin.py:109} INFO - [2021-09-27 03:47:12,415] {dagbag.py:496} INFO - Filling up the DagBag from /home/airflow/.local/lib/python3.8/site-packages/airflow/example_dags/tutorial_taskflow_api_etl.py
[2021-09-27 03:47:12,424] {processor.py:623} INFO - DAG(s) dict_keys(['tutorial_taskflow_api_etl']) retrieved from /home/airflow/.local/lib/python3.8/site-packages/airflow/example_dags/tutorial_taskflow_api_etl.py
[2021-09-27 03:47:12,633] {logging_mixin.py:109} INFO - [2021-09-27 03:47:12,633] {dag.py:1833} INFO - Sync 1 DAGs
[2021-09-27 03:47:12,645] {logging_mixin.py:109} INFO - [2021-09-27 03:47:12,645] {dag.py:2306} INFO - Setting next_dagrun for tutorial_taskflow_api_etl to None
[2021-09-27 03:47:12,657] {processor.py:170} INFO - Processing /home/airflow/.local/lib/python3.8/site-packages/airflow/example_dags/tutorial_taskflow_api_etl.py took 0.246 seconds
[2021-09-27 03:47:43,607] {processor.py:162} INFO - Started process (PID=2375) to work on /home/airflow/.local/lib/python3.8/site-packages/airflow/example_dags/tutorial_taskflow_api_etl.py
[2021-09-27 03:47:43,607] {processor.py:613} INFO - Processing file /home/airflow/.local/lib/python3.8/site-packages/airflow/example_dags/tutorial_taskflow_api_etl.py for tasks to queue
[2021-09-27 03:47:43,608] {logging_mixin.py:109} INFO - [2021-09-27 03:47:43,608] {dagbag.py:496} INFO - Filling up the DagBag from /home/airflow/.local/lib/python3.8/site-packages/airflow/example_dags/tutorial_taskflow_api_etl.py
[2021-09-27 03:47:43,618] {processor.py:623} INFO - DAG(s) dict_keys(['tutorial_taskflow_api_etl']) retrieved from /home/airflow/.local/lib/python3.8/site-packages/airflow/example_dags/tutorial_taskflow_api_etl.py
[2021-09-27 03:47:43,769] {logging_mixin.py:109} INFO - [2021-09-27 03:47:43,768] {dag.py:1833} INFO - Sync 1 DAGs
[2021-09-27 03:47:43,777] {logging_mixin.py:109} INFO - [2021-09-27 03:47:43,777] {dag.py:2306} INFO - Setting next_dagrun for tutorial_taskflow_api_etl to None
[2021-09-27 03:47:43,794] {processor.py:170} INFO - Processing /home/airflow/.local/lib/python3.8/site-packages/airflow/example_dags/tutorial_taskflow_api_etl.py took 0.189 seconds
[2021-09-27 03:49:17,990] {processor.py:162} INFO - Started process (PID=34) to work on /home/airflow/.local/lib/python3.8/site-packages/airflow/example_dags/tutorial_taskflow_api_etl.py
[2021-09-27 03:49:17,991] {processor.py:613} INFO - Processing file /home/airflow/.local/lib/python3.8/site-packages/airflow/example_dags/tutorial_taskflow_api_etl.py for tasks to queue
[2021-09-27 03:49:17,991] {logging_mixin.py:109} INFO - [2021-09-27 03:49:17,991] {dagbag.py:496} INFO - Filling up the DagBag from /home/airflow/.local/lib/python3.8/site-packages/airflow/example_dags/tutorial_taskflow_api_etl.py
[2021-09-27 03:49:18,002] {processor.py:623} INFO - DAG(s) dict_keys(['tutorial_taskflow_api_etl']) retrieved from /home/airflow/.local/lib/python3.8/site-packages/airflow/example_dags/tutorial_taskflow_api_etl.py
[2021-09-27 03:49:18,245] {logging_mixin.py:109} INFO - [2021-09-27 03:49:18,245] {dag.py:1833} INFO - Sync 1 DAGs
[2021-09-27 03:49:18,256] {logging_mixin.py:109} INFO - [2021-09-27 03:49:18,255] {dag.py:2306} INFO - Setting next_dagrun for tutorial_taskflow_api_etl to None
[2021-09-27 03:49:18,268] {processor.py:170} INFO - Processing /home/airflow/.local/lib/python3.8/site-packages/airflow/example_dags/tutorial_taskflow_api_etl.py took 0.280 seconds
[2021-09-27 03:49:48,670] {processor.py:162} INFO - Started process (PID=89) to work on /home/airflow/.local/lib/python3.8/site-packages/airflow/example_dags/tutorial_taskflow_api_etl.py
[2021-09-27 03:49:48,670] {processor.py:613} INFO - Processing file /home/airflow/.local/lib/python3.8/site-packages/airflow/example_dags/tutorial_taskflow_api_etl.py for tasks to queue
[2021-09-27 03:49:48,671] {logging_mixin.py:109} INFO - [2021-09-27 03:49:48,671] {dagbag.py:496} INFO - Filling up the DagBag from /home/airflow/.local/lib/python3.8/site-packages/airflow/example_dags/tutorial_taskflow_api_etl.py
[2021-09-27 03:49:48,681] {processor.py:623} INFO - DAG(s) dict_keys(['tutorial_taskflow_api_etl']) retrieved from /home/airflow/.local/lib/python3.8/site-packages/airflow/example_dags/tutorial_taskflow_api_etl.py
[2021-09-27 03:49:48,861] {logging_mixin.py:109} INFO - [2021-09-27 03:49:48,861] {dag.py:1833} INFO - Sync 1 DAGs
[2021-09-27 03:49:48,870] {logging_mixin.py:109} INFO - [2021-09-27 03:49:48,870] {dag.py:2306} INFO - Setting next_dagrun for tutorial_taskflow_api_etl to None
[2021-09-27 03:49:48,879] {processor.py:170} INFO - Processing /home/airflow/.local/lib/python3.8/site-packages/airflow/example_dags/tutorial_taskflow_api_etl.py took 0.211 seconds
[2021-09-27 03:50:18,897] {processor.py:162} INFO - Started process (PID=140) to work on /home/airflow/.local/lib/python3.8/site-packages/airflow/example_dags/tutorial_taskflow_api_etl.py
[2021-09-27 03:50:18,898] {processor.py:613} INFO - Processing file /home/airflow/.local/lib/python3.8/site-packages/airflow/example_dags/tutorial_taskflow_api_etl.py for tasks to queue
[2021-09-27 03:50:18,898] {logging_mixin.py:109} INFO - [2021-09-27 03:50:18,898] {dagbag.py:496} INFO - Filling up the DagBag from /home/airflow/.local/lib/python3.8/site-packages/airflow/example_dags/tutorial_taskflow_api_etl.py
[2021-09-27 03:50:18,910] {processor.py:623} INFO - DAG(s) dict_keys(['tutorial_taskflow_api_etl']) retrieved from /home/airflow/.local/lib/python3.8/site-packages/airflow/example_dags/tutorial_taskflow_api_etl.py
[2021-09-27 03:50:19,109] {logging_mixin.py:109} INFO - [2021-09-27 03:50:19,109] {dag.py:1833} INFO - Sync 1 DAGs
[2021-09-27 03:50:19,117] {logging_mixin.py:109} INFO - [2021-09-27 03:50:19,117] {dag.py:2306} INFO - Setting next_dagrun for tutorial_taskflow_api_etl to None
[2021-09-27 03:50:19,127] {processor.py:170} INFO - Processing /home/airflow/.local/lib/python3.8/site-packages/airflow/example_dags/tutorial_taskflow_api_etl.py took 0.232 seconds
[2021-09-27 03:50:49,295] {processor.py:162} INFO - Started process (PID=194) to work on /home/airflow/.local/lib/python3.8/site-packages/airflow/example_dags/tutorial_taskflow_api_etl.py
[2021-09-27 03:50:49,296] {processor.py:613} INFO - Processing file /home/airflow/.local/lib/python3.8/site-packages/airflow/example_dags/tutorial_taskflow_api_etl.py for tasks to queue
[2021-09-27 03:50:49,296] {logging_mixin.py:109} INFO - [2021-09-27 03:50:49,296] {dagbag.py:496} INFO - Filling up the DagBag from /home/airflow/.local/lib/python3.8/site-packages/airflow/example_dags/tutorial_taskflow_api_etl.py
[2021-09-27 03:50:49,307] {processor.py:623} INFO - DAG(s) dict_keys(['tutorial_taskflow_api_etl']) retrieved from /home/airflow/.local/lib/python3.8/site-packages/airflow/example_dags/tutorial_taskflow_api_etl.py
[2021-09-27 03:50:49,535] {logging_mixin.py:109} INFO - [2021-09-27 03:50:49,535] {dag.py:1833} INFO - Sync 1 DAGs
[2021-09-27 03:50:49,544] {logging_mixin.py:109} INFO - [2021-09-27 03:50:49,544] {dag.py:2306} INFO - Setting next_dagrun for tutorial_taskflow_api_etl to None
[2021-09-27 03:50:49,555] {processor.py:170} INFO - Processing /home/airflow/.local/lib/python3.8/site-packages/airflow/example_dags/tutorial_taskflow_api_etl.py took 0.262 seconds
[2021-09-27 03:51:19,612] {processor.py:162} INFO - Started process (PID=239) to work on /home/airflow/.local/lib/python3.8/site-packages/airflow/example_dags/tutorial_taskflow_api_etl.py
[2021-09-27 03:51:19,614] {processor.py:613} INFO - Processing file /home/airflow/.local/lib/python3.8/site-packages/airflow/example_dags/tutorial_taskflow_api_etl.py for tasks to queue
[2021-09-27 03:51:19,614] {logging_mixin.py:109} INFO - [2021-09-27 03:51:19,614] {dagbag.py:496} INFO - Filling up the DagBag from /home/airflow/.local/lib/python3.8/site-packages/airflow/example_dags/tutorial_taskflow_api_etl.py
[2021-09-27 03:51:19,623] {processor.py:623} INFO - DAG(s) dict_keys(['tutorial_taskflow_api_etl']) retrieved from /home/airflow/.local/lib/python3.8/site-packages/airflow/example_dags/tutorial_taskflow_api_etl.py
[2021-09-27 03:51:19,815] {logging_mixin.py:109} INFO - [2021-09-27 03:51:19,815] {dag.py:1833} INFO - Sync 1 DAGs
[2021-09-27 03:51:19,823] {logging_mixin.py:109} INFO - [2021-09-27 03:51:19,823] {dag.py:2306} INFO - Setting next_dagrun for tutorial_taskflow_api_etl to None
[2021-09-27 03:51:19,832] {processor.py:170} INFO - Processing /home/airflow/.local/lib/python3.8/site-packages/airflow/example_dags/tutorial_taskflow_api_etl.py took 0.221 seconds
[2021-09-27 03:51:50,009] {processor.py:162} INFO - Started process (PID=292) to work on /home/airflow/.local/lib/python3.8/site-packages/airflow/example_dags/tutorial_taskflow_api_etl.py
[2021-09-27 03:51:50,010] {processor.py:613} INFO - Processing file /home/airflow/.local/lib/python3.8/site-packages/airflow/example_dags/tutorial_taskflow_api_etl.py for tasks to queue
[2021-09-27 03:51:50,010] {logging_mixin.py:109} INFO - [2021-09-27 03:51:50,010] {dagbag.py:496} INFO - Filling up the DagBag from /home/airflow/.local/lib/python3.8/site-packages/airflow/example_dags/tutorial_taskflow_api_etl.py
[2021-09-27 03:51:50,022] {processor.py:623} INFO - DAG(s) dict_keys(['tutorial_taskflow_api_etl']) retrieved from /home/airflow/.local/lib/python3.8/site-packages/airflow/example_dags/tutorial_taskflow_api_etl.py
[2021-09-27 03:51:50,238] {logging_mixin.py:109} INFO - [2021-09-27 03:51:50,238] {dag.py:1833} INFO - Sync 1 DAGs
[2021-09-27 03:51:50,247] {logging_mixin.py:109} INFO - [2021-09-27 03:51:50,247] {dag.py:2306} INFO - Setting next_dagrun for tutorial_taskflow_api_etl to None
[2021-09-27 03:51:50,256] {processor.py:170} INFO - Processing /home/airflow/.local/lib/python3.8/site-packages/airflow/example_dags/tutorial_taskflow_api_etl.py took 0.249 seconds
[2021-09-27 03:52:20,361] {processor.py:162} INFO - Started process (PID=346) to work on /home/airflow/.local/lib/python3.8/site-packages/airflow/example_dags/tutorial_taskflow_api_etl.py
[2021-09-27 03:52:20,361] {processor.py:613} INFO - Processing file /home/airflow/.local/lib/python3.8/site-packages/airflow/example_dags/tutorial_taskflow_api_etl.py for tasks to queue
[2021-09-27 03:52:20,362] {logging_mixin.py:109} INFO - [2021-09-27 03:52:20,361] {dagbag.py:496} INFO - Filling up the DagBag from /home/airflow/.local/lib/python3.8/site-packages/airflow/example_dags/tutorial_taskflow_api_etl.py
[2021-09-27 03:52:20,371] {processor.py:623} INFO - DAG(s) dict_keys(['tutorial_taskflow_api_etl']) retrieved from /home/airflow/.local/lib/python3.8/site-packages/airflow/example_dags/tutorial_taskflow_api_etl.py
[2021-09-27 03:52:20,543] {logging_mixin.py:109} INFO - [2021-09-27 03:52:20,543] {dag.py:1833} INFO - Sync 1 DAGs
[2021-09-27 03:52:20,551] {logging_mixin.py:109} INFO - [2021-09-27 03:52:20,550] {dag.py:2306} INFO - Setting next_dagrun for tutorial_taskflow_api_etl to None
[2021-09-27 03:52:20,559] {processor.py:170} INFO - Processing /home/airflow/.local/lib/python3.8/site-packages/airflow/example_dags/tutorial_taskflow_api_etl.py took 0.201 seconds
[2021-09-27 03:52:50,715] {processor.py:162} INFO - Started process (PID=399) to work on /home/airflow/.local/lib/python3.8/site-packages/airflow/example_dags/tutorial_taskflow_api_etl.py
[2021-09-27 03:52:50,716] {processor.py:613} INFO - Processing file /home/airflow/.local/lib/python3.8/site-packages/airflow/example_dags/tutorial_taskflow_api_etl.py for tasks to queue
[2021-09-27 03:52:50,716] {logging_mixin.py:109} INFO - [2021-09-27 03:52:50,716] {dagbag.py:496} INFO - Filling up the DagBag from /home/airflow/.local/lib/python3.8/site-packages/airflow/example_dags/tutorial_taskflow_api_etl.py
[2021-09-27 03:52:50,727] {processor.py:623} INFO - DAG(s) dict_keys(['tutorial_taskflow_api_etl']) retrieved from /home/airflow/.local/lib/python3.8/site-packages/airflow/example_dags/tutorial_taskflow_api_etl.py
[2021-09-27 03:52:50,962] {logging_mixin.py:109} INFO - [2021-09-27 03:52:50,962] {dag.py:1833} INFO - Sync 1 DAGs
[2021-09-27 03:52:50,970] {logging_mixin.py:109} INFO - [2021-09-27 03:52:50,970] {dag.py:2306} INFO - Setting next_dagrun for tutorial_taskflow_api_etl to None
[2021-09-27 03:52:50,979] {processor.py:170} INFO - Processing /home/airflow/.local/lib/python3.8/site-packages/airflow/example_dags/tutorial_taskflow_api_etl.py took 0.266 seconds
[2021-09-27 03:53:21,028] {processor.py:162} INFO - Started process (PID=446) to work on /home/airflow/.local/lib/python3.8/site-packages/airflow/example_dags/tutorial_taskflow_api_etl.py
[2021-09-27 03:53:21,029] {processor.py:613} INFO - Processing file /home/airflow/.local/lib/python3.8/site-packages/airflow/example_dags/tutorial_taskflow_api_etl.py for tasks to queue
[2021-09-27 03:53:21,029] {logging_mixin.py:109} INFO - [2021-09-27 03:53:21,029] {dagbag.py:496} INFO - Filling up the DagBag from /home/airflow/.local/lib/python3.8/site-packages/airflow/example_dags/tutorial_taskflow_api_etl.py
[2021-09-27 03:53:21,041] {processor.py:623} INFO - DAG(s) dict_keys(['tutorial_taskflow_api_etl']) retrieved from /home/airflow/.local/lib/python3.8/site-packages/airflow/example_dags/tutorial_taskflow_api_etl.py
[2021-09-27 03:53:21,249] {logging_mixin.py:109} INFO - [2021-09-27 03:53:21,249] {dag.py:1833} INFO - Sync 1 DAGs
[2021-09-27 03:53:21,257] {logging_mixin.py:109} INFO - [2021-09-27 03:53:21,257] {dag.py:2306} INFO - Setting next_dagrun for tutorial_taskflow_api_etl to None
[2021-09-27 03:53:21,266] {processor.py:170} INFO - Processing /home/airflow/.local/lib/python3.8/site-packages/airflow/example_dags/tutorial_taskflow_api_etl.py took 0.240 seconds
[2021-09-27 03:53:51,469] {processor.py:162} INFO - Started process (PID=499) to work on /home/airflow/.local/lib/python3.8/site-packages/airflow/example_dags/tutorial_taskflow_api_etl.py
[2021-09-27 03:53:51,470] {processor.py:613} INFO - Processing file /home/airflow/.local/lib/python3.8/site-packages/airflow/example_dags/tutorial_taskflow_api_etl.py for tasks to queue
[2021-09-27 03:53:51,470] {logging_mixin.py:109} INFO - [2021-09-27 03:53:51,470] {dagbag.py:496} INFO - Filling up the DagBag from /home/airflow/.local/lib/python3.8/site-packages/airflow/example_dags/tutorial_taskflow_api_etl.py
[2021-09-27 03:53:51,480] {processor.py:623} INFO - DAG(s) dict_keys(['tutorial_taskflow_api_etl']) retrieved from /home/airflow/.local/lib/python3.8/site-packages/airflow/example_dags/tutorial_taskflow_api_etl.py
[2021-09-27 03:53:51,658] {logging_mixin.py:109} INFO - [2021-09-27 03:53:51,658] {dag.py:1833} INFO - Sync 1 DAGs
[2021-09-27 03:53:51,665] {logging_mixin.py:109} INFO - [2021-09-27 03:53:51,665] {dag.py:2306} INFO - Setting next_dagrun for tutorial_taskflow_api_etl to None
[2021-09-27 03:53:51,674] {processor.py:170} INFO - Processing /home/airflow/.local/lib/python3.8/site-packages/airflow/example_dags/tutorial_taskflow_api_etl.py took 0.207 seconds
[2021-09-27 03:54:21,811] {processor.py:162} INFO - Started process (PID=553) to work on /home/airflow/.local/lib/python3.8/site-packages/airflow/example_dags/tutorial_taskflow_api_etl.py
[2021-09-27 03:54:21,812] {processor.py:613} INFO - Processing file /home/airflow/.local/lib/python3.8/site-packages/airflow/example_dags/tutorial_taskflow_api_etl.py for tasks to queue
[2021-09-27 03:54:21,812] {logging_mixin.py:109} INFO - [2021-09-27 03:54:21,812] {dagbag.py:496} INFO - Filling up the DagBag from /home/airflow/.local/lib/python3.8/site-packages/airflow/example_dags/tutorial_taskflow_api_etl.py
[2021-09-27 03:54:21,822] {processor.py:623} INFO - DAG(s) dict_keys(['tutorial_taskflow_api_etl']) retrieved from /home/airflow/.local/lib/python3.8/site-packages/airflow/example_dags/tutorial_taskflow_api_etl.py
[2021-09-27 03:54:22,005] {logging_mixin.py:109} INFO - [2021-09-27 03:54:22,004] {dag.py:1833} INFO - Sync 1 DAGs
[2021-09-27 03:54:22,012] {logging_mixin.py:109} INFO - [2021-09-27 03:54:22,012] {dag.py:2306} INFO - Setting next_dagrun for tutorial_taskflow_api_etl to None
[2021-09-27 03:54:22,021] {processor.py:170} INFO - Processing /home/airflow/.local/lib/python3.8/site-packages/airflow/example_dags/tutorial_taskflow_api_etl.py took 0.212 seconds
[2021-09-27 03:54:52,367] {processor.py:162} INFO - Started process (PID=609) to work on /home/airflow/.local/lib/python3.8/site-packages/airflow/example_dags/tutorial_taskflow_api_etl.py
[2021-09-27 03:54:52,368] {processor.py:613} INFO - Processing file /home/airflow/.local/lib/python3.8/site-packages/airflow/example_dags/tutorial_taskflow_api_etl.py for tasks to queue
[2021-09-27 03:54:52,369] {logging_mixin.py:109} INFO - [2021-09-27 03:54:52,368] {dagbag.py:496} INFO - Filling up the DagBag from /home/airflow/.local/lib/python3.8/site-packages/airflow/example_dags/tutorial_taskflow_api_etl.py
[2021-09-27 03:54:52,380] {processor.py:623} INFO - DAG(s) dict_keys(['tutorial_taskflow_api_etl']) retrieved from /home/airflow/.local/lib/python3.8/site-packages/airflow/example_dags/tutorial_taskflow_api_etl.py
[2021-09-27 03:54:52,573] {logging_mixin.py:109} INFO - [2021-09-27 03:54:52,572] {dag.py:1833} INFO - Sync 1 DAGs
[2021-09-27 03:54:52,583] {logging_mixin.py:109} INFO - [2021-09-27 03:54:52,583] {dag.py:2306} INFO - Setting next_dagrun for tutorial_taskflow_api_etl to None
[2021-09-27 03:54:52,592] {processor.py:170} INFO - Processing /home/airflow/.local/lib/python3.8/site-packages/airflow/example_dags/tutorial_taskflow_api_etl.py took 0.227 seconds
[2021-09-27 03:55:22,666] {processor.py:162} INFO - Started process (PID=654) to work on /home/airflow/.local/lib/python3.8/site-packages/airflow/example_dags/tutorial_taskflow_api_etl.py
[2021-09-27 03:55:22,667] {processor.py:613} INFO - Processing file /home/airflow/.local/lib/python3.8/site-packages/airflow/example_dags/tutorial_taskflow_api_etl.py for tasks to queue
[2021-09-27 03:55:22,667] {logging_mixin.py:109} INFO - [2021-09-27 03:55:22,667] {dagbag.py:496} INFO - Filling up the DagBag from /home/airflow/.local/lib/python3.8/site-packages/airflow/example_dags/tutorial_taskflow_api_etl.py
[2021-09-27 03:55:22,680] {processor.py:623} INFO - DAG(s) dict_keys(['tutorial_taskflow_api_etl']) retrieved from /home/airflow/.local/lib/python3.8/site-packages/airflow/example_dags/tutorial_taskflow_api_etl.py
[2021-09-27 03:55:22,840] {logging_mixin.py:109} INFO - [2021-09-27 03:55:22,840] {dag.py:1833} INFO - Sync 1 DAGs
[2021-09-27 03:55:22,847] {logging_mixin.py:109} INFO - [2021-09-27 03:55:22,847] {dag.py:2306} INFO - Setting next_dagrun for tutorial_taskflow_api_etl to None
[2021-09-27 03:55:22,855] {processor.py:170} INFO - Processing /home/airflow/.local/lib/python3.8/site-packages/airflow/example_dags/tutorial_taskflow_api_etl.py took 0.191 seconds
[2021-09-27 03:55:52,970] {processor.py:162} INFO - Started process (PID=704) to work on /home/airflow/.local/lib/python3.8/site-packages/airflow/example_dags/tutorial_taskflow_api_etl.py
[2021-09-27 03:55:52,971] {processor.py:613} INFO - Processing file /home/airflow/.local/lib/python3.8/site-packages/airflow/example_dags/tutorial_taskflow_api_etl.py for tasks to queue
[2021-09-27 03:55:52,971] {logging_mixin.py:109} INFO - [2021-09-27 03:55:52,971] {dagbag.py:496} INFO - Filling up the DagBag from /home/airflow/.local/lib/python3.8/site-packages/airflow/example_dags/tutorial_taskflow_api_etl.py
[2021-09-27 03:55:52,982] {processor.py:623} INFO - DAG(s) dict_keys(['tutorial_taskflow_api_etl']) retrieved from /home/airflow/.local/lib/python3.8/site-packages/airflow/example_dags/tutorial_taskflow_api_etl.py
[2021-09-27 03:55:53,186] {logging_mixin.py:109} INFO - [2021-09-27 03:55:53,185] {dag.py:1833} INFO - Sync 1 DAGs
[2021-09-27 03:55:53,195] {logging_mixin.py:109} INFO - [2021-09-27 03:55:53,195] {dag.py:2306} INFO - Setting next_dagrun for tutorial_taskflow_api_etl to None
[2021-09-27 03:55:53,205] {processor.py:170} INFO - Processing /home/airflow/.local/lib/python3.8/site-packages/airflow/example_dags/tutorial_taskflow_api_etl.py took 0.237 seconds
[2021-09-27 03:56:23,337] {processor.py:162} INFO - Started process (PID=757) to work on /home/airflow/.local/lib/python3.8/site-packages/airflow/example_dags/tutorial_taskflow_api_etl.py
[2021-09-27 03:56:23,339] {processor.py:613} INFO - Processing file /home/airflow/.local/lib/python3.8/site-packages/airflow/example_dags/tutorial_taskflow_api_etl.py for tasks to queue
[2021-09-27 03:56:23,339] {logging_mixin.py:109} INFO - [2021-09-27 03:56:23,339] {dagbag.py:496} INFO - Filling up the DagBag from /home/airflow/.local/lib/python3.8/site-packages/airflow/example_dags/tutorial_taskflow_api_etl.py
[2021-09-27 03:56:23,352] {processor.py:623} INFO - DAG(s) dict_keys(['tutorial_taskflow_api_etl']) retrieved from /home/airflow/.local/lib/python3.8/site-packages/airflow/example_dags/tutorial_taskflow_api_etl.py
[2021-09-27 03:56:23,551] {logging_mixin.py:109} INFO - [2021-09-27 03:56:23,551] {dag.py:1833} INFO - Sync 1 DAGs
[2021-09-27 03:56:23,560] {logging_mixin.py:109} INFO - [2021-09-27 03:56:23,560] {dag.py:2306} INFO - Setting next_dagrun for tutorial_taskflow_api_etl to None
[2021-09-27 03:56:23,568] {processor.py:170} INFO - Processing /home/airflow/.local/lib/python3.8/site-packages/airflow/example_dags/tutorial_taskflow_api_etl.py took 0.233 seconds
[2021-09-27 03:56:53,641] {processor.py:162} INFO - Started process (PID=810) to work on /home/airflow/.local/lib/python3.8/site-packages/airflow/example_dags/tutorial_taskflow_api_etl.py
[2021-09-27 03:56:53,641] {processor.py:613} INFO - Processing file /home/airflow/.local/lib/python3.8/site-packages/airflow/example_dags/tutorial_taskflow_api_etl.py for tasks to queue
[2021-09-27 03:56:53,642] {logging_mixin.py:109} INFO - [2021-09-27 03:56:53,642] {dagbag.py:496} INFO - Filling up the DagBag from /home/airflow/.local/lib/python3.8/site-packages/airflow/example_dags/tutorial_taskflow_api_etl.py
[2021-09-27 03:56:53,652] {processor.py:623} INFO - DAG(s) dict_keys(['tutorial_taskflow_api_etl']) retrieved from /home/airflow/.local/lib/python3.8/site-packages/airflow/example_dags/tutorial_taskflow_api_etl.py
[2021-09-27 03:56:53,848] {logging_mixin.py:109} INFO - [2021-09-27 03:56:53,848] {dag.py:1833} INFO - Sync 1 DAGs
[2021-09-27 03:56:53,856] {logging_mixin.py:109} INFO - [2021-09-27 03:56:53,856] {dag.py:2306} INFO - Setting next_dagrun for tutorial_taskflow_api_etl to None
[2021-09-27 03:56:53,864] {processor.py:170} INFO - Processing /home/airflow/.local/lib/python3.8/site-packages/airflow/example_dags/tutorial_taskflow_api_etl.py took 0.226 seconds
[2021-09-27 03:57:23,990] {processor.py:162} INFO - Started process (PID=856) to work on /home/airflow/.local/lib/python3.8/site-packages/airflow/example_dags/tutorial_taskflow_api_etl.py
[2021-09-27 03:57:23,990] {processor.py:613} INFO - Processing file /home/airflow/.local/lib/python3.8/site-packages/airflow/example_dags/tutorial_taskflow_api_etl.py for tasks to queue
[2021-09-27 03:57:23,991] {logging_mixin.py:109} INFO - [2021-09-27 03:57:23,991] {dagbag.py:496} INFO - Filling up the DagBag from /home/airflow/.local/lib/python3.8/site-packages/airflow/example_dags/tutorial_taskflow_api_etl.py
[2021-09-27 03:57:24,000] {processor.py:623} INFO - DAG(s) dict_keys(['tutorial_taskflow_api_etl']) retrieved from /home/airflow/.local/lib/python3.8/site-packages/airflow/example_dags/tutorial_taskflow_api_etl.py
[2021-09-27 03:57:24,179] {logging_mixin.py:109} INFO - [2021-09-27 03:57:24,179] {dag.py:1833} INFO - Sync 1 DAGs
[2021-09-27 03:57:24,187] {logging_mixin.py:109} INFO - [2021-09-27 03:57:24,187] {dag.py:2306} INFO - Setting next_dagrun for tutorial_taskflow_api_etl to None
[2021-09-27 03:57:24,196] {processor.py:170} INFO - Processing /home/airflow/.local/lib/python3.8/site-packages/airflow/example_dags/tutorial_taskflow_api_etl.py took 0.208 seconds
[2021-09-27 03:57:54,340] {processor.py:162} INFO - Started process (PID=910) to work on /home/airflow/.local/lib/python3.8/site-packages/airflow/example_dags/tutorial_taskflow_api_etl.py
[2021-09-27 03:57:54,341] {processor.py:613} INFO - Processing file /home/airflow/.local/lib/python3.8/site-packages/airflow/example_dags/tutorial_taskflow_api_etl.py for tasks to queue
[2021-09-27 03:57:54,342] {logging_mixin.py:109} INFO - [2021-09-27 03:57:54,342] {dagbag.py:496} INFO - Filling up the DagBag from /home/airflow/.local/lib/python3.8/site-packages/airflow/example_dags/tutorial_taskflow_api_etl.py
[2021-09-27 03:57:54,352] {processor.py:623} INFO - DAG(s) dict_keys(['tutorial_taskflow_api_etl']) retrieved from /home/airflow/.local/lib/python3.8/site-packages/airflow/example_dags/tutorial_taskflow_api_etl.py
[2021-09-27 03:57:54,538] {logging_mixin.py:109} INFO - [2021-09-27 03:57:54,538] {dag.py:1833} INFO - Sync 1 DAGs
[2021-09-27 03:57:54,546] {logging_mixin.py:109} INFO - [2021-09-27 03:57:54,546] {dag.py:2306} INFO - Setting next_dagrun for tutorial_taskflow_api_etl to None
[2021-09-27 03:57:54,555] {processor.py:170} INFO - Processing /home/airflow/.local/lib/python3.8/site-packages/airflow/example_dags/tutorial_taskflow_api_etl.py took 0.217 seconds
[2021-09-27 03:58:24,720] {processor.py:162} INFO - Started process (PID=964) to work on /home/airflow/.local/lib/python3.8/site-packages/airflow/example_dags/tutorial_taskflow_api_etl.py
[2021-09-27 03:58:24,721] {processor.py:613} INFO - Processing file /home/airflow/.local/lib/python3.8/site-packages/airflow/example_dags/tutorial_taskflow_api_etl.py for tasks to queue
[2021-09-27 03:58:24,722] {logging_mixin.py:109} INFO - [2021-09-27 03:58:24,722] {dagbag.py:496} INFO - Filling up the DagBag from /home/airflow/.local/lib/python3.8/site-packages/airflow/example_dags/tutorial_taskflow_api_etl.py
[2021-09-27 03:58:24,732] {processor.py:623} INFO - DAG(s) dict_keys(['tutorial_taskflow_api_etl']) retrieved from /home/airflow/.local/lib/python3.8/site-packages/airflow/example_dags/tutorial_taskflow_api_etl.py
[2021-09-27 03:58:24,937] {logging_mixin.py:109} INFO - [2021-09-27 03:58:24,936] {dag.py:1833} INFO - Sync 1 DAGs
[2021-09-27 03:58:24,945] {logging_mixin.py:109} INFO - [2021-09-27 03:58:24,945] {dag.py:2306} INFO - Setting next_dagrun for tutorial_taskflow_api_etl to None
[2021-09-27 03:58:24,955] {processor.py:170} INFO - Processing /home/airflow/.local/lib/python3.8/site-packages/airflow/example_dags/tutorial_taskflow_api_etl.py took 0.236 seconds
