[2021-09-27 03:24:55,435] {processor.py:162} INFO - Started process (PID=55) to work on /home/airflow/.local/lib/python3.8/site-packages/airflow/example_dags/tutorial_taskflow_api_etl_virtualenv.py
[2021-09-27 03:24:55,436] {processor.py:613} INFO - Processing file /home/airflow/.local/lib/python3.8/site-packages/airflow/example_dags/tutorial_taskflow_api_etl_virtualenv.py for tasks to queue
[2021-09-27 03:24:55,437] {logging_mixin.py:109} INFO - [2021-09-27 03:24:55,436] {dagbag.py:496} INFO - Filling up the DagBag from /home/airflow/.local/lib/python3.8/site-packages/airflow/example_dags/tutorial_taskflow_api_etl_virtualenv.py
[2021-09-27 03:24:55,451] {processor.py:623} INFO - DAG(s) dict_keys(['tutorial_taskflow_api_etl_virtualenv']) retrieved from /home/airflow/.local/lib/python3.8/site-packages/airflow/example_dags/tutorial_taskflow_api_etl_virtualenv.py
[2021-09-27 03:24:55,685] {logging_mixin.py:109} INFO - [2021-09-27 03:24:55,685] {dag.py:1833} INFO - Sync 1 DAGs
[2021-09-27 03:24:55,695] {logging_mixin.py:109} INFO - [2021-09-27 03:24:55,695] {dag.py:2306} INFO - Setting next_dagrun for tutorial_taskflow_api_etl_virtualenv to None
[2021-09-27 03:24:55,704] {processor.py:170} INFO - Processing /home/airflow/.local/lib/python3.8/site-packages/airflow/example_dags/tutorial_taskflow_api_etl_virtualenv.py took 0.272 seconds
[2021-09-27 03:25:26,185] {processor.py:162} INFO - Started process (PID=101) to work on /home/airflow/.local/lib/python3.8/site-packages/airflow/example_dags/tutorial_taskflow_api_etl_virtualenv.py
[2021-09-27 03:25:26,186] {processor.py:613} INFO - Processing file /home/airflow/.local/lib/python3.8/site-packages/airflow/example_dags/tutorial_taskflow_api_etl_virtualenv.py for tasks to queue
[2021-09-27 03:25:26,186] {logging_mixin.py:109} INFO - [2021-09-27 03:25:26,186] {dagbag.py:496} INFO - Filling up the DagBag from /home/airflow/.local/lib/python3.8/site-packages/airflow/example_dags/tutorial_taskflow_api_etl_virtualenv.py
[2021-09-27 03:25:26,201] {processor.py:623} INFO - DAG(s) dict_keys(['tutorial_taskflow_api_etl_virtualenv']) retrieved from /home/airflow/.local/lib/python3.8/site-packages/airflow/example_dags/tutorial_taskflow_api_etl_virtualenv.py
[2021-09-27 03:25:26,427] {logging_mixin.py:109} INFO - [2021-09-27 03:25:26,427] {dag.py:1833} INFO - Sync 1 DAGs
[2021-09-27 03:25:26,439] {logging_mixin.py:109} INFO - [2021-09-27 03:25:26,439] {dag.py:2306} INFO - Setting next_dagrun for tutorial_taskflow_api_etl_virtualenv to None
[2021-09-27 03:25:26,448] {processor.py:170} INFO - Processing /home/airflow/.local/lib/python3.8/site-packages/airflow/example_dags/tutorial_taskflow_api_etl_virtualenv.py took 0.265 seconds
[2021-09-27 03:25:56,978] {processor.py:162} INFO - Started process (PID=154) to work on /home/airflow/.local/lib/python3.8/site-packages/airflow/example_dags/tutorial_taskflow_api_etl_virtualenv.py
[2021-09-27 03:25:56,980] {processor.py:613} INFO - Processing file /home/airflow/.local/lib/python3.8/site-packages/airflow/example_dags/tutorial_taskflow_api_etl_virtualenv.py for tasks to queue
[2021-09-27 03:25:56,982] {logging_mixin.py:109} INFO - [2021-09-27 03:25:56,982] {dagbag.py:496} INFO - Filling up the DagBag from /home/airflow/.local/lib/python3.8/site-packages/airflow/example_dags/tutorial_taskflow_api_etl_virtualenv.py
[2021-09-27 03:25:57,009] {processor.py:623} INFO - DAG(s) dict_keys(['tutorial_taskflow_api_etl_virtualenv']) retrieved from /home/airflow/.local/lib/python3.8/site-packages/airflow/example_dags/tutorial_taskflow_api_etl_virtualenv.py
[2021-09-27 03:25:57,455] {logging_mixin.py:109} INFO - [2021-09-27 03:25:57,455] {dag.py:1833} INFO - Sync 1 DAGs
[2021-09-27 03:25:57,471] {logging_mixin.py:109} INFO - [2021-09-27 03:25:57,471] {dag.py:2306} INFO - Setting next_dagrun for tutorial_taskflow_api_etl_virtualenv to None
[2021-09-27 03:25:57,488] {processor.py:170} INFO - Processing /home/airflow/.local/lib/python3.8/site-packages/airflow/example_dags/tutorial_taskflow_api_etl_virtualenv.py took 0.518 seconds
[2021-09-27 03:26:27,745] {processor.py:162} INFO - Started process (PID=207) to work on /home/airflow/.local/lib/python3.8/site-packages/airflow/example_dags/tutorial_taskflow_api_etl_virtualenv.py
[2021-09-27 03:26:27,746] {processor.py:613} INFO - Processing file /home/airflow/.local/lib/python3.8/site-packages/airflow/example_dags/tutorial_taskflow_api_etl_virtualenv.py for tasks to queue
[2021-09-27 03:26:27,747] {logging_mixin.py:109} INFO - [2021-09-27 03:26:27,747] {dagbag.py:496} INFO - Filling up the DagBag from /home/airflow/.local/lib/python3.8/site-packages/airflow/example_dags/tutorial_taskflow_api_etl_virtualenv.py
[2021-09-27 03:26:27,756] {processor.py:623} INFO - DAG(s) dict_keys(['tutorial_taskflow_api_etl_virtualenv']) retrieved from /home/airflow/.local/lib/python3.8/site-packages/airflow/example_dags/tutorial_taskflow_api_etl_virtualenv.py
[2021-09-27 03:26:27,993] {logging_mixin.py:109} INFO - [2021-09-27 03:26:27,993] {dag.py:1833} INFO - Sync 1 DAGs
[2021-09-27 03:26:28,002] {logging_mixin.py:109} INFO - [2021-09-27 03:26:28,002] {dag.py:2306} INFO - Setting next_dagrun for tutorial_taskflow_api_etl_virtualenv to None
[2021-09-27 03:26:28,012] {processor.py:170} INFO - Processing /home/airflow/.local/lib/python3.8/site-packages/airflow/example_dags/tutorial_taskflow_api_etl_virtualenv.py took 0.270 seconds
[2021-09-27 03:26:58,063] {processor.py:162} INFO - Started process (PID=263) to work on /home/airflow/.local/lib/python3.8/site-packages/airflow/example_dags/tutorial_taskflow_api_etl_virtualenv.py
[2021-09-27 03:26:58,064] {processor.py:613} INFO - Processing file /home/airflow/.local/lib/python3.8/site-packages/airflow/example_dags/tutorial_taskflow_api_etl_virtualenv.py for tasks to queue
[2021-09-27 03:26:58,064] {logging_mixin.py:109} INFO - [2021-09-27 03:26:58,064] {dagbag.py:496} INFO - Filling up the DagBag from /home/airflow/.local/lib/python3.8/site-packages/airflow/example_dags/tutorial_taskflow_api_etl_virtualenv.py
[2021-09-27 03:26:58,074] {processor.py:623} INFO - DAG(s) dict_keys(['tutorial_taskflow_api_etl_virtualenv']) retrieved from /home/airflow/.local/lib/python3.8/site-packages/airflow/example_dags/tutorial_taskflow_api_etl_virtualenv.py
[2021-09-27 03:26:58,238] {logging_mixin.py:109} INFO - [2021-09-27 03:26:58,238] {dag.py:1833} INFO - Sync 1 DAGs
[2021-09-27 03:26:58,247] {logging_mixin.py:109} INFO - [2021-09-27 03:26:58,247] {dag.py:2306} INFO - Setting next_dagrun for tutorial_taskflow_api_etl_virtualenv to None
[2021-09-27 03:26:58,255] {processor.py:170} INFO - Processing /home/airflow/.local/lib/python3.8/site-packages/airflow/example_dags/tutorial_taskflow_api_etl_virtualenv.py took 0.194 seconds
[2021-09-27 03:27:29,225] {processor.py:162} INFO - Started process (PID=317) to work on /home/airflow/.local/lib/python3.8/site-packages/airflow/example_dags/tutorial_taskflow_api_etl_virtualenv.py
[2021-09-27 03:27:29,226] {processor.py:613} INFO - Processing file /home/airflow/.local/lib/python3.8/site-packages/airflow/example_dags/tutorial_taskflow_api_etl_virtualenv.py for tasks to queue
[2021-09-27 03:27:29,226] {logging_mixin.py:109} INFO - [2021-09-27 03:27:29,226] {dagbag.py:496} INFO - Filling up the DagBag from /home/airflow/.local/lib/python3.8/site-packages/airflow/example_dags/tutorial_taskflow_api_etl_virtualenv.py
[2021-09-27 03:27:29,237] {processor.py:623} INFO - DAG(s) dict_keys(['tutorial_taskflow_api_etl_virtualenv']) retrieved from /home/airflow/.local/lib/python3.8/site-packages/airflow/example_dags/tutorial_taskflow_api_etl_virtualenv.py
[2021-09-27 03:27:29,406] {logging_mixin.py:109} INFO - [2021-09-27 03:27:29,406] {dag.py:1833} INFO - Sync 1 DAGs
[2021-09-27 03:27:29,414] {logging_mixin.py:109} INFO - [2021-09-27 03:27:29,414] {dag.py:2306} INFO - Setting next_dagrun for tutorial_taskflow_api_etl_virtualenv to None
[2021-09-27 03:27:29,424] {processor.py:170} INFO - Processing /home/airflow/.local/lib/python3.8/site-packages/airflow/example_dags/tutorial_taskflow_api_etl_virtualenv.py took 0.201 seconds
[2021-09-27 03:27:59,483] {processor.py:162} INFO - Started process (PID=363) to work on /home/airflow/.local/lib/python3.8/site-packages/airflow/example_dags/tutorial_taskflow_api_etl_virtualenv.py
[2021-09-27 03:27:59,484] {processor.py:613} INFO - Processing file /home/airflow/.local/lib/python3.8/site-packages/airflow/example_dags/tutorial_taskflow_api_etl_virtualenv.py for tasks to queue
[2021-09-27 03:27:59,484] {logging_mixin.py:109} INFO - [2021-09-27 03:27:59,484] {dagbag.py:496} INFO - Filling up the DagBag from /home/airflow/.local/lib/python3.8/site-packages/airflow/example_dags/tutorial_taskflow_api_etl_virtualenv.py
[2021-09-27 03:27:59,504] {processor.py:623} INFO - DAG(s) dict_keys(['tutorial_taskflow_api_etl_virtualenv']) retrieved from /home/airflow/.local/lib/python3.8/site-packages/airflow/example_dags/tutorial_taskflow_api_etl_virtualenv.py
[2021-09-27 03:27:59,727] {logging_mixin.py:109} INFO - [2021-09-27 03:27:59,727] {dag.py:1833} INFO - Sync 1 DAGs
[2021-09-27 03:27:59,737] {logging_mixin.py:109} INFO - [2021-09-27 03:27:59,737] {dag.py:2306} INFO - Setting next_dagrun for tutorial_taskflow_api_etl_virtualenv to None
[2021-09-27 03:27:59,754] {processor.py:170} INFO - Processing /home/airflow/.local/lib/python3.8/site-packages/airflow/example_dags/tutorial_taskflow_api_etl_virtualenv.py took 0.275 seconds
[2021-09-27 03:28:30,057] {processor.py:162} INFO - Started process (PID=418) to work on /home/airflow/.local/lib/python3.8/site-packages/airflow/example_dags/tutorial_taskflow_api_etl_virtualenv.py
[2021-09-27 03:28:30,058] {processor.py:613} INFO - Processing file /home/airflow/.local/lib/python3.8/site-packages/airflow/example_dags/tutorial_taskflow_api_etl_virtualenv.py for tasks to queue
[2021-09-27 03:28:30,059] {logging_mixin.py:109} INFO - [2021-09-27 03:28:30,059] {dagbag.py:496} INFO - Filling up the DagBag from /home/airflow/.local/lib/python3.8/site-packages/airflow/example_dags/tutorial_taskflow_api_etl_virtualenv.py
[2021-09-27 03:28:30,069] {processor.py:623} INFO - DAG(s) dict_keys(['tutorial_taskflow_api_etl_virtualenv']) retrieved from /home/airflow/.local/lib/python3.8/site-packages/airflow/example_dags/tutorial_taskflow_api_etl_virtualenv.py
[2021-09-27 03:28:30,272] {logging_mixin.py:109} INFO - [2021-09-27 03:28:30,272] {dag.py:1833} INFO - Sync 1 DAGs
[2021-09-27 03:28:30,279] {logging_mixin.py:109} INFO - [2021-09-27 03:28:30,279] {dag.py:2306} INFO - Setting next_dagrun for tutorial_taskflow_api_etl_virtualenv to None
[2021-09-27 03:28:30,287] {processor.py:170} INFO - Processing /home/airflow/.local/lib/python3.8/site-packages/airflow/example_dags/tutorial_taskflow_api_etl_virtualenv.py took 0.232 seconds
[2021-09-27 03:29:00,304] {processor.py:162} INFO - Started process (PID=474) to work on /home/airflow/.local/lib/python3.8/site-packages/airflow/example_dags/tutorial_taskflow_api_etl_virtualenv.py
[2021-09-27 03:29:00,305] {processor.py:613} INFO - Processing file /home/airflow/.local/lib/python3.8/site-packages/airflow/example_dags/tutorial_taskflow_api_etl_virtualenv.py for tasks to queue
[2021-09-27 03:29:00,305] {logging_mixin.py:109} INFO - [2021-09-27 03:29:00,305] {dagbag.py:496} INFO - Filling up the DagBag from /home/airflow/.local/lib/python3.8/site-packages/airflow/example_dags/tutorial_taskflow_api_etl_virtualenv.py
[2021-09-27 03:29:00,316] {processor.py:623} INFO - DAG(s) dict_keys(['tutorial_taskflow_api_etl_virtualenv']) retrieved from /home/airflow/.local/lib/python3.8/site-packages/airflow/example_dags/tutorial_taskflow_api_etl_virtualenv.py
[2021-09-27 03:29:00,496] {logging_mixin.py:109} INFO - [2021-09-27 03:29:00,496] {dag.py:1833} INFO - Sync 1 DAGs
[2021-09-27 03:29:00,504] {logging_mixin.py:109} INFO - [2021-09-27 03:29:00,504] {dag.py:2306} INFO - Setting next_dagrun for tutorial_taskflow_api_etl_virtualenv to None
[2021-09-27 03:29:00,512] {processor.py:170} INFO - Processing /home/airflow/.local/lib/python3.8/site-packages/airflow/example_dags/tutorial_taskflow_api_etl_virtualenv.py took 0.211 seconds
[2021-09-27 03:29:30,538] {processor.py:162} INFO - Started process (PID=521) to work on /home/airflow/.local/lib/python3.8/site-packages/airflow/example_dags/tutorial_taskflow_api_etl_virtualenv.py
[2021-09-27 03:29:30,538] {processor.py:613} INFO - Processing file /home/airflow/.local/lib/python3.8/site-packages/airflow/example_dags/tutorial_taskflow_api_etl_virtualenv.py for tasks to queue
[2021-09-27 03:29:30,539] {logging_mixin.py:109} INFO - [2021-09-27 03:29:30,539] {dagbag.py:496} INFO - Filling up the DagBag from /home/airflow/.local/lib/python3.8/site-packages/airflow/example_dags/tutorial_taskflow_api_etl_virtualenv.py
[2021-09-27 03:29:30,548] {processor.py:623} INFO - DAG(s) dict_keys(['tutorial_taskflow_api_etl_virtualenv']) retrieved from /home/airflow/.local/lib/python3.8/site-packages/airflow/example_dags/tutorial_taskflow_api_etl_virtualenv.py
[2021-09-27 03:29:30,702] {logging_mixin.py:109} INFO - [2021-09-27 03:29:30,702] {dag.py:1833} INFO - Sync 1 DAGs
[2021-09-27 03:29:30,709] {logging_mixin.py:109} INFO - [2021-09-27 03:29:30,709] {dag.py:2306} INFO - Setting next_dagrun for tutorial_taskflow_api_etl_virtualenv to None
[2021-09-27 03:29:30,717] {processor.py:170} INFO - Processing /home/airflow/.local/lib/python3.8/site-packages/airflow/example_dags/tutorial_taskflow_api_etl_virtualenv.py took 0.182 seconds
[2021-09-27 03:30:00,745] {processor.py:162} INFO - Started process (PID=574) to work on /home/airflow/.local/lib/python3.8/site-packages/airflow/example_dags/tutorial_taskflow_api_etl_virtualenv.py
[2021-09-27 03:30:00,745] {processor.py:613} INFO - Processing file /home/airflow/.local/lib/python3.8/site-packages/airflow/example_dags/tutorial_taskflow_api_etl_virtualenv.py for tasks to queue
[2021-09-27 03:30:00,745] {logging_mixin.py:109} INFO - [2021-09-27 03:30:00,745] {dagbag.py:496} INFO - Filling up the DagBag from /home/airflow/.local/lib/python3.8/site-packages/airflow/example_dags/tutorial_taskflow_api_etl_virtualenv.py
[2021-09-27 03:30:00,755] {processor.py:623} INFO - DAG(s) dict_keys(['tutorial_taskflow_api_etl_virtualenv']) retrieved from /home/airflow/.local/lib/python3.8/site-packages/airflow/example_dags/tutorial_taskflow_api_etl_virtualenv.py
[2021-09-27 03:30:00,918] {logging_mixin.py:109} INFO - [2021-09-27 03:30:00,917] {dag.py:1833} INFO - Sync 1 DAGs
[2021-09-27 03:30:00,926] {logging_mixin.py:109} INFO - [2021-09-27 03:30:00,926] {dag.py:2306} INFO - Setting next_dagrun for tutorial_taskflow_api_etl_virtualenv to None
[2021-09-27 03:30:00,934] {processor.py:170} INFO - Processing /home/airflow/.local/lib/python3.8/site-packages/airflow/example_dags/tutorial_taskflow_api_etl_virtualenv.py took 0.192 seconds
[2021-09-27 03:30:30,997] {processor.py:162} INFO - Started process (PID=627) to work on /home/airflow/.local/lib/python3.8/site-packages/airflow/example_dags/tutorial_taskflow_api_etl_virtualenv.py
[2021-09-27 03:30:30,997] {processor.py:613} INFO - Processing file /home/airflow/.local/lib/python3.8/site-packages/airflow/example_dags/tutorial_taskflow_api_etl_virtualenv.py for tasks to queue
[2021-09-27 03:30:30,998] {logging_mixin.py:109} INFO - [2021-09-27 03:30:30,998] {dagbag.py:496} INFO - Filling up the DagBag from /home/airflow/.local/lib/python3.8/site-packages/airflow/example_dags/tutorial_taskflow_api_etl_virtualenv.py
[2021-09-27 03:30:31,007] {processor.py:623} INFO - DAG(s) dict_keys(['tutorial_taskflow_api_etl_virtualenv']) retrieved from /home/airflow/.local/lib/python3.8/site-packages/airflow/example_dags/tutorial_taskflow_api_etl_virtualenv.py
[2021-09-27 03:30:31,181] {logging_mixin.py:109} INFO - [2021-09-27 03:30:31,181] {dag.py:1833} INFO - Sync 1 DAGs
[2021-09-27 03:30:31,189] {logging_mixin.py:109} INFO - [2021-09-27 03:30:31,188] {dag.py:2306} INFO - Setting next_dagrun for tutorial_taskflow_api_etl_virtualenv to None
[2021-09-27 03:30:31,198] {processor.py:170} INFO - Processing /home/airflow/.local/lib/python3.8/site-packages/airflow/example_dags/tutorial_taskflow_api_etl_virtualenv.py took 0.203 seconds
[2021-09-27 03:31:02,072] {processor.py:162} INFO - Started process (PID=680) to work on /home/airflow/.local/lib/python3.8/site-packages/airflow/example_dags/tutorial_taskflow_api_etl_virtualenv.py
[2021-09-27 03:31:02,073] {processor.py:613} INFO - Processing file /home/airflow/.local/lib/python3.8/site-packages/airflow/example_dags/tutorial_taskflow_api_etl_virtualenv.py for tasks to queue
[2021-09-27 03:31:02,074] {logging_mixin.py:109} INFO - [2021-09-27 03:31:02,074] {dagbag.py:496} INFO - Filling up the DagBag from /home/airflow/.local/lib/python3.8/site-packages/airflow/example_dags/tutorial_taskflow_api_etl_virtualenv.py
[2021-09-27 03:31:02,083] {processor.py:623} INFO - DAG(s) dict_keys(['tutorial_taskflow_api_etl_virtualenv']) retrieved from /home/airflow/.local/lib/python3.8/site-packages/airflow/example_dags/tutorial_taskflow_api_etl_virtualenv.py
[2021-09-27 03:31:02,275] {logging_mixin.py:109} INFO - [2021-09-27 03:31:02,275] {dag.py:1833} INFO - Sync 1 DAGs
[2021-09-27 03:31:02,283] {logging_mixin.py:109} INFO - [2021-09-27 03:31:02,283] {dag.py:2306} INFO - Setting next_dagrun for tutorial_taskflow_api_etl_virtualenv to None
[2021-09-27 03:31:02,291] {processor.py:170} INFO - Processing /home/airflow/.local/lib/python3.8/site-packages/airflow/example_dags/tutorial_taskflow_api_etl_virtualenv.py took 0.222 seconds
[2021-09-27 03:31:32,350] {processor.py:162} INFO - Started process (PID=736) to work on /home/airflow/.local/lib/python3.8/site-packages/airflow/example_dags/tutorial_taskflow_api_etl_virtualenv.py
[2021-09-27 03:31:32,351] {processor.py:613} INFO - Processing file /home/airflow/.local/lib/python3.8/site-packages/airflow/example_dags/tutorial_taskflow_api_etl_virtualenv.py for tasks to queue
[2021-09-27 03:31:32,351] {logging_mixin.py:109} INFO - [2021-09-27 03:31:32,351] {dagbag.py:496} INFO - Filling up the DagBag from /home/airflow/.local/lib/python3.8/site-packages/airflow/example_dags/tutorial_taskflow_api_etl_virtualenv.py
[2021-09-27 03:31:32,361] {processor.py:623} INFO - DAG(s) dict_keys(['tutorial_taskflow_api_etl_virtualenv']) retrieved from /home/airflow/.local/lib/python3.8/site-packages/airflow/example_dags/tutorial_taskflow_api_etl_virtualenv.py
[2021-09-27 03:31:32,530] {logging_mixin.py:109} INFO - [2021-09-27 03:31:32,530] {dag.py:1833} INFO - Sync 1 DAGs
[2021-09-27 03:31:32,537] {logging_mixin.py:109} INFO - [2021-09-27 03:31:32,537] {dag.py:2306} INFO - Setting next_dagrun for tutorial_taskflow_api_etl_virtualenv to None
[2021-09-27 03:31:32,546] {processor.py:170} INFO - Processing /home/airflow/.local/lib/python3.8/site-packages/airflow/example_dags/tutorial_taskflow_api_etl_virtualenv.py took 0.198 seconds
[2021-09-27 03:32:02,590] {processor.py:162} INFO - Started process (PID=782) to work on /home/airflow/.local/lib/python3.8/site-packages/airflow/example_dags/tutorial_taskflow_api_etl_virtualenv.py
[2021-09-27 03:32:02,591] {processor.py:613} INFO - Processing file /home/airflow/.local/lib/python3.8/site-packages/airflow/example_dags/tutorial_taskflow_api_etl_virtualenv.py for tasks to queue
[2021-09-27 03:32:02,592] {logging_mixin.py:109} INFO - [2021-09-27 03:32:02,592] {dagbag.py:496} INFO - Filling up the DagBag from /home/airflow/.local/lib/python3.8/site-packages/airflow/example_dags/tutorial_taskflow_api_etl_virtualenv.py
[2021-09-27 03:32:02,601] {processor.py:623} INFO - DAG(s) dict_keys(['tutorial_taskflow_api_etl_virtualenv']) retrieved from /home/airflow/.local/lib/python3.8/site-packages/airflow/example_dags/tutorial_taskflow_api_etl_virtualenv.py
[2021-09-27 03:32:02,769] {logging_mixin.py:109} INFO - [2021-09-27 03:32:02,769] {dag.py:1833} INFO - Sync 1 DAGs
[2021-09-27 03:32:02,778] {logging_mixin.py:109} INFO - [2021-09-27 03:32:02,778] {dag.py:2306} INFO - Setting next_dagrun for tutorial_taskflow_api_etl_virtualenv to None
[2021-09-27 03:32:02,787] {processor.py:170} INFO - Processing /home/airflow/.local/lib/python3.8/site-packages/airflow/example_dags/tutorial_taskflow_api_etl_virtualenv.py took 0.198 seconds
[2021-09-27 03:32:32,931] {processor.py:162} INFO - Started process (PID=832) to work on /home/airflow/.local/lib/python3.8/site-packages/airflow/example_dags/tutorial_taskflow_api_etl_virtualenv.py
[2021-09-27 03:32:32,932] {processor.py:613} INFO - Processing file /home/airflow/.local/lib/python3.8/site-packages/airflow/example_dags/tutorial_taskflow_api_etl_virtualenv.py for tasks to queue
[2021-09-27 03:32:32,933] {logging_mixin.py:109} INFO - [2021-09-27 03:32:32,933] {dagbag.py:496} INFO - Filling up the DagBag from /home/airflow/.local/lib/python3.8/site-packages/airflow/example_dags/tutorial_taskflow_api_etl_virtualenv.py
[2021-09-27 03:32:32,944] {processor.py:623} INFO - DAG(s) dict_keys(['tutorial_taskflow_api_etl_virtualenv']) retrieved from /home/airflow/.local/lib/python3.8/site-packages/airflow/example_dags/tutorial_taskflow_api_etl_virtualenv.py
[2021-09-27 03:32:33,136] {logging_mixin.py:109} INFO - [2021-09-27 03:32:33,136] {dag.py:1833} INFO - Sync 1 DAGs
[2021-09-27 03:32:33,144] {logging_mixin.py:109} INFO - [2021-09-27 03:32:33,144] {dag.py:2306} INFO - Setting next_dagrun for tutorial_taskflow_api_etl_virtualenv to None
[2021-09-27 03:32:33,152] {processor.py:170} INFO - Processing /home/airflow/.local/lib/python3.8/site-packages/airflow/example_dags/tutorial_taskflow_api_etl_virtualenv.py took 0.223 seconds
[2021-09-27 03:33:03,254] {processor.py:162} INFO - Started process (PID=885) to work on /home/airflow/.local/lib/python3.8/site-packages/airflow/example_dags/tutorial_taskflow_api_etl_virtualenv.py
[2021-09-27 03:33:03,255] {processor.py:613} INFO - Processing file /home/airflow/.local/lib/python3.8/site-packages/airflow/example_dags/tutorial_taskflow_api_etl_virtualenv.py for tasks to queue
[2021-09-27 03:33:03,256] {logging_mixin.py:109} INFO - [2021-09-27 03:33:03,255] {dagbag.py:496} INFO - Filling up the DagBag from /home/airflow/.local/lib/python3.8/site-packages/airflow/example_dags/tutorial_taskflow_api_etl_virtualenv.py
[2021-09-27 03:33:03,266] {processor.py:623} INFO - DAG(s) dict_keys(['tutorial_taskflow_api_etl_virtualenv']) retrieved from /home/airflow/.local/lib/python3.8/site-packages/airflow/example_dags/tutorial_taskflow_api_etl_virtualenv.py
[2021-09-27 03:33:03,450] {logging_mixin.py:109} INFO - [2021-09-27 03:33:03,450] {dag.py:1833} INFO - Sync 1 DAGs
[2021-09-27 03:33:03,457] {logging_mixin.py:109} INFO - [2021-09-27 03:33:03,457] {dag.py:2306} INFO - Setting next_dagrun for tutorial_taskflow_api_etl_virtualenv to None
[2021-09-27 03:33:03,465] {processor.py:170} INFO - Processing /home/airflow/.local/lib/python3.8/site-packages/airflow/example_dags/tutorial_taskflow_api_etl_virtualenv.py took 0.213 seconds
[2021-09-27 03:33:33,488] {processor.py:162} INFO - Started process (PID=934) to work on /home/airflow/.local/lib/python3.8/site-packages/airflow/example_dags/tutorial_taskflow_api_etl_virtualenv.py
[2021-09-27 03:33:33,489] {processor.py:613} INFO - Processing file /home/airflow/.local/lib/python3.8/site-packages/airflow/example_dags/tutorial_taskflow_api_etl_virtualenv.py for tasks to queue
[2021-09-27 03:33:33,489] {logging_mixin.py:109} INFO - [2021-09-27 03:33:33,489] {dagbag.py:496} INFO - Filling up the DagBag from /home/airflow/.local/lib/python3.8/site-packages/airflow/example_dags/tutorial_taskflow_api_etl_virtualenv.py
[2021-09-27 03:33:33,499] {processor.py:623} INFO - DAG(s) dict_keys(['tutorial_taskflow_api_etl_virtualenv']) retrieved from /home/airflow/.local/lib/python3.8/site-packages/airflow/example_dags/tutorial_taskflow_api_etl_virtualenv.py
[2021-09-27 03:33:33,690] {logging_mixin.py:109} INFO - [2021-09-27 03:33:33,690] {dag.py:1833} INFO - Sync 1 DAGs
[2021-09-27 03:33:33,698] {logging_mixin.py:109} INFO - [2021-09-27 03:33:33,698] {dag.py:2306} INFO - Setting next_dagrun for tutorial_taskflow_api_etl_virtualenv to None
[2021-09-27 03:33:33,706] {processor.py:170} INFO - Processing /home/airflow/.local/lib/python3.8/site-packages/airflow/example_dags/tutorial_taskflow_api_etl_virtualenv.py took 0.221 seconds
[2021-09-27 03:34:03,719] {processor.py:162} INFO - Started process (PID=987) to work on /home/airflow/.local/lib/python3.8/site-packages/airflow/example_dags/tutorial_taskflow_api_etl_virtualenv.py
[2021-09-27 03:34:03,720] {processor.py:613} INFO - Processing file /home/airflow/.local/lib/python3.8/site-packages/airflow/example_dags/tutorial_taskflow_api_etl_virtualenv.py for tasks to queue
[2021-09-27 03:34:03,720] {logging_mixin.py:109} INFO - [2021-09-27 03:34:03,720] {dagbag.py:496} INFO - Filling up the DagBag from /home/airflow/.local/lib/python3.8/site-packages/airflow/example_dags/tutorial_taskflow_api_etl_virtualenv.py
[2021-09-27 03:34:03,729] {processor.py:623} INFO - DAG(s) dict_keys(['tutorial_taskflow_api_etl_virtualenv']) retrieved from /home/airflow/.local/lib/python3.8/site-packages/airflow/example_dags/tutorial_taskflow_api_etl_virtualenv.py
[2021-09-27 03:34:03,912] {logging_mixin.py:109} INFO - [2021-09-27 03:34:03,912] {dag.py:1833} INFO - Sync 1 DAGs
[2021-09-27 03:34:03,921] {logging_mixin.py:109} INFO - [2021-09-27 03:34:03,921] {dag.py:2306} INFO - Setting next_dagrun for tutorial_taskflow_api_etl_virtualenv to None
[2021-09-27 03:34:03,929] {processor.py:170} INFO - Processing /home/airflow/.local/lib/python3.8/site-packages/airflow/example_dags/tutorial_taskflow_api_etl_virtualenv.py took 0.213 seconds
[2021-09-27 03:34:33,974] {processor.py:162} INFO - Started process (PID=1040) to work on /home/airflow/.local/lib/python3.8/site-packages/airflow/example_dags/tutorial_taskflow_api_etl_virtualenv.py
[2021-09-27 03:34:33,974] {processor.py:613} INFO - Processing file /home/airflow/.local/lib/python3.8/site-packages/airflow/example_dags/tutorial_taskflow_api_etl_virtualenv.py for tasks to queue
[2021-09-27 03:34:33,975] {logging_mixin.py:109} INFO - [2021-09-27 03:34:33,975] {dagbag.py:496} INFO - Filling up the DagBag from /home/airflow/.local/lib/python3.8/site-packages/airflow/example_dags/tutorial_taskflow_api_etl_virtualenv.py
[2021-09-27 03:34:33,984] {processor.py:623} INFO - DAG(s) dict_keys(['tutorial_taskflow_api_etl_virtualenv']) retrieved from /home/airflow/.local/lib/python3.8/site-packages/airflow/example_dags/tutorial_taskflow_api_etl_virtualenv.py
[2021-09-27 03:34:34,142] {logging_mixin.py:109} INFO - [2021-09-27 03:34:34,142] {dag.py:1833} INFO - Sync 1 DAGs
[2021-09-27 03:34:34,150] {logging_mixin.py:109} INFO - [2021-09-27 03:34:34,150] {dag.py:2306} INFO - Setting next_dagrun for tutorial_taskflow_api_etl_virtualenv to None
[2021-09-27 03:34:34,158] {processor.py:170} INFO - Processing /home/airflow/.local/lib/python3.8/site-packages/airflow/example_dags/tutorial_taskflow_api_etl_virtualenv.py took 0.186 seconds
[2021-09-27 03:35:04,309] {processor.py:162} INFO - Started process (PID=1091) to work on /home/airflow/.local/lib/python3.8/site-packages/airflow/example_dags/tutorial_taskflow_api_etl_virtualenv.py
[2021-09-27 03:35:04,310] {processor.py:613} INFO - Processing file /home/airflow/.local/lib/python3.8/site-packages/airflow/example_dags/tutorial_taskflow_api_etl_virtualenv.py for tasks to queue
[2021-09-27 03:35:04,310] {logging_mixin.py:109} INFO - [2021-09-27 03:35:04,310] {dagbag.py:496} INFO - Filling up the DagBag from /home/airflow/.local/lib/python3.8/site-packages/airflow/example_dags/tutorial_taskflow_api_etl_virtualenv.py
[2021-09-27 03:35:04,321] {processor.py:623} INFO - DAG(s) dict_keys(['tutorial_taskflow_api_etl_virtualenv']) retrieved from /home/airflow/.local/lib/python3.8/site-packages/airflow/example_dags/tutorial_taskflow_api_etl_virtualenv.py
[2021-09-27 03:35:04,521] {logging_mixin.py:109} INFO - [2021-09-27 03:35:04,521] {dag.py:1833} INFO - Sync 1 DAGs
[2021-09-27 03:35:04,529] {logging_mixin.py:109} INFO - [2021-09-27 03:35:04,529] {dag.py:2306} INFO - Setting next_dagrun for tutorial_taskflow_api_etl_virtualenv to None
[2021-09-27 03:35:04,538] {processor.py:170} INFO - Processing /home/airflow/.local/lib/python3.8/site-packages/airflow/example_dags/tutorial_taskflow_api_etl_virtualenv.py took 0.232 seconds
[2021-09-27 03:35:34,648] {processor.py:162} INFO - Started process (PID=1137) to work on /home/airflow/.local/lib/python3.8/site-packages/airflow/example_dags/tutorial_taskflow_api_etl_virtualenv.py
[2021-09-27 03:35:34,649] {processor.py:613} INFO - Processing file /home/airflow/.local/lib/python3.8/site-packages/airflow/example_dags/tutorial_taskflow_api_etl_virtualenv.py for tasks to queue
[2021-09-27 03:35:34,649] {logging_mixin.py:109} INFO - [2021-09-27 03:35:34,649] {dagbag.py:496} INFO - Filling up the DagBag from /home/airflow/.local/lib/python3.8/site-packages/airflow/example_dags/tutorial_taskflow_api_etl_virtualenv.py
[2021-09-27 03:35:34,662] {processor.py:623} INFO - DAG(s) dict_keys(['tutorial_taskflow_api_etl_virtualenv']) retrieved from /home/airflow/.local/lib/python3.8/site-packages/airflow/example_dags/tutorial_taskflow_api_etl_virtualenv.py
[2021-09-27 03:35:34,864] {logging_mixin.py:109} INFO - [2021-09-27 03:35:34,864] {dag.py:1833} INFO - Sync 1 DAGs
[2021-09-27 03:35:34,874] {logging_mixin.py:109} INFO - [2021-09-27 03:35:34,874] {dag.py:2306} INFO - Setting next_dagrun for tutorial_taskflow_api_etl_virtualenv to None
[2021-09-27 03:35:34,883] {processor.py:170} INFO - Processing /home/airflow/.local/lib/python3.8/site-packages/airflow/example_dags/tutorial_taskflow_api_etl_virtualenv.py took 0.237 seconds
[2021-09-27 03:36:05,875] {processor.py:162} INFO - Started process (PID=1193) to work on /home/airflow/.local/lib/python3.8/site-packages/airflow/example_dags/tutorial_taskflow_api_etl_virtualenv.py
[2021-09-27 03:36:05,877] {processor.py:613} INFO - Processing file /home/airflow/.local/lib/python3.8/site-packages/airflow/example_dags/tutorial_taskflow_api_etl_virtualenv.py for tasks to queue
[2021-09-27 03:36:05,877] {logging_mixin.py:109} INFO - [2021-09-27 03:36:05,877] {dagbag.py:496} INFO - Filling up the DagBag from /home/airflow/.local/lib/python3.8/site-packages/airflow/example_dags/tutorial_taskflow_api_etl_virtualenv.py
[2021-09-27 03:36:05,886] {processor.py:623} INFO - DAG(s) dict_keys(['tutorial_taskflow_api_etl_virtualenv']) retrieved from /home/airflow/.local/lib/python3.8/site-packages/airflow/example_dags/tutorial_taskflow_api_etl_virtualenv.py
[2021-09-27 03:36:06,038] {logging_mixin.py:109} INFO - [2021-09-27 03:36:06,038] {dag.py:1833} INFO - Sync 1 DAGs
[2021-09-27 03:36:06,046] {logging_mixin.py:109} INFO - [2021-09-27 03:36:06,046] {dag.py:2306} INFO - Setting next_dagrun for tutorial_taskflow_api_etl_virtualenv to None
[2021-09-27 03:36:06,056] {processor.py:170} INFO - Processing /home/airflow/.local/lib/python3.8/site-packages/airflow/example_dags/tutorial_taskflow_api_etl_virtualenv.py took 0.183 seconds
[2021-09-27 03:36:36,299] {processor.py:162} INFO - Started process (PID=1246) to work on /home/airflow/.local/lib/python3.8/site-packages/airflow/example_dags/tutorial_taskflow_api_etl_virtualenv.py
[2021-09-27 03:36:36,300] {processor.py:613} INFO - Processing file /home/airflow/.local/lib/python3.8/site-packages/airflow/example_dags/tutorial_taskflow_api_etl_virtualenv.py for tasks to queue
[2021-09-27 03:36:36,301] {logging_mixin.py:109} INFO - [2021-09-27 03:36:36,301] {dagbag.py:496} INFO - Filling up the DagBag from /home/airflow/.local/lib/python3.8/site-packages/airflow/example_dags/tutorial_taskflow_api_etl_virtualenv.py
[2021-09-27 03:36:36,313] {processor.py:623} INFO - DAG(s) dict_keys(['tutorial_taskflow_api_etl_virtualenv']) retrieved from /home/airflow/.local/lib/python3.8/site-packages/airflow/example_dags/tutorial_taskflow_api_etl_virtualenv.py
[2021-09-27 03:36:36,485] {logging_mixin.py:109} INFO - [2021-09-27 03:36:36,485] {dag.py:1833} INFO - Sync 1 DAGs
[2021-09-27 03:36:36,495] {logging_mixin.py:109} INFO - [2021-09-27 03:36:36,495] {dag.py:2306} INFO - Setting next_dagrun for tutorial_taskflow_api_etl_virtualenv to None
[2021-09-27 03:36:36,504] {processor.py:170} INFO - Processing /home/airflow/.local/lib/python3.8/site-packages/airflow/example_dags/tutorial_taskflow_api_etl_virtualenv.py took 0.206 seconds
[2021-09-27 03:37:06,552] {processor.py:162} INFO - Started process (PID=1299) to work on /home/airflow/.local/lib/python3.8/site-packages/airflow/example_dags/tutorial_taskflow_api_etl_virtualenv.py
[2021-09-27 03:37:06,553] {processor.py:613} INFO - Processing file /home/airflow/.local/lib/python3.8/site-packages/airflow/example_dags/tutorial_taskflow_api_etl_virtualenv.py for tasks to queue
[2021-09-27 03:37:06,553] {logging_mixin.py:109} INFO - [2021-09-27 03:37:06,553] {dagbag.py:496} INFO - Filling up the DagBag from /home/airflow/.local/lib/python3.8/site-packages/airflow/example_dags/tutorial_taskflow_api_etl_virtualenv.py
[2021-09-27 03:37:06,564] {processor.py:623} INFO - DAG(s) dict_keys(['tutorial_taskflow_api_etl_virtualenv']) retrieved from /home/airflow/.local/lib/python3.8/site-packages/airflow/example_dags/tutorial_taskflow_api_etl_virtualenv.py
[2021-09-27 03:37:06,734] {logging_mixin.py:109} INFO - [2021-09-27 03:37:06,734] {dag.py:1833} INFO - Sync 1 DAGs
[2021-09-27 03:37:06,742] {logging_mixin.py:109} INFO - [2021-09-27 03:37:06,742] {dag.py:2306} INFO - Setting next_dagrun for tutorial_taskflow_api_etl_virtualenv to None
[2021-09-27 03:37:06,759] {processor.py:170} INFO - Processing /home/airflow/.local/lib/python3.8/site-packages/airflow/example_dags/tutorial_taskflow_api_etl_virtualenv.py took 0.209 seconds
[2021-09-27 03:37:36,935] {processor.py:162} INFO - Started process (PID=1351) to work on /home/airflow/.local/lib/python3.8/site-packages/airflow/example_dags/tutorial_taskflow_api_etl_virtualenv.py
[2021-09-27 03:37:36,936] {processor.py:613} INFO - Processing file /home/airflow/.local/lib/python3.8/site-packages/airflow/example_dags/tutorial_taskflow_api_etl_virtualenv.py for tasks to queue
[2021-09-27 03:37:36,936] {logging_mixin.py:109} INFO - [2021-09-27 03:37:36,936] {dagbag.py:496} INFO - Filling up the DagBag from /home/airflow/.local/lib/python3.8/site-packages/airflow/example_dags/tutorial_taskflow_api_etl_virtualenv.py
[2021-09-27 03:37:36,946] {processor.py:623} INFO - DAG(s) dict_keys(['tutorial_taskflow_api_etl_virtualenv']) retrieved from /home/airflow/.local/lib/python3.8/site-packages/airflow/example_dags/tutorial_taskflow_api_etl_virtualenv.py
[2021-09-27 03:37:36,962] {logging_mixin.py:109} INFO - [2021-09-27 03:37:36,962] {dag.py:1833} INFO - Sync 1 DAGs
[2021-09-27 03:37:36,972] {logging_mixin.py:109} INFO - [2021-09-27 03:37:36,972] {dag.py:2306} INFO - Setting next_dagrun for tutorial_taskflow_api_etl_virtualenv to None
[2021-09-27 03:37:36,990] {processor.py:170} INFO - Processing /home/airflow/.local/lib/python3.8/site-packages/airflow/example_dags/tutorial_taskflow_api_etl_virtualenv.py took 0.057 seconds
[2021-09-27 03:38:07,286] {processor.py:162} INFO - Started process (PID=1399) to work on /home/airflow/.local/lib/python3.8/site-packages/airflow/example_dags/tutorial_taskflow_api_etl_virtualenv.py
[2021-09-27 03:38:07,287] {processor.py:613} INFO - Processing file /home/airflow/.local/lib/python3.8/site-packages/airflow/example_dags/tutorial_taskflow_api_etl_virtualenv.py for tasks to queue
[2021-09-27 03:38:07,288] {logging_mixin.py:109} INFO - [2021-09-27 03:38:07,287] {dagbag.py:496} INFO - Filling up the DagBag from /home/airflow/.local/lib/python3.8/site-packages/airflow/example_dags/tutorial_taskflow_api_etl_virtualenv.py
[2021-09-27 03:38:07,298] {processor.py:623} INFO - DAG(s) dict_keys(['tutorial_taskflow_api_etl_virtualenv']) retrieved from /home/airflow/.local/lib/python3.8/site-packages/airflow/example_dags/tutorial_taskflow_api_etl_virtualenv.py
[2021-09-27 03:38:07,469] {logging_mixin.py:109} INFO - [2021-09-27 03:38:07,469] {dag.py:1833} INFO - Sync 1 DAGs
[2021-09-27 03:38:07,478] {logging_mixin.py:109} INFO - [2021-09-27 03:38:07,477] {dag.py:2306} INFO - Setting next_dagrun for tutorial_taskflow_api_etl_virtualenv to None
[2021-09-27 03:38:07,486] {processor.py:170} INFO - Processing /home/airflow/.local/lib/python3.8/site-packages/airflow/example_dags/tutorial_taskflow_api_etl_virtualenv.py took 0.202 seconds
[2021-09-27 03:38:37,640] {processor.py:162} INFO - Started process (PID=1452) to work on /home/airflow/.local/lib/python3.8/site-packages/airflow/example_dags/tutorial_taskflow_api_etl_virtualenv.py
[2021-09-27 03:38:37,641] {processor.py:613} INFO - Processing file /home/airflow/.local/lib/python3.8/site-packages/airflow/example_dags/tutorial_taskflow_api_etl_virtualenv.py for tasks to queue
[2021-09-27 03:38:37,641] {logging_mixin.py:109} INFO - [2021-09-27 03:38:37,641] {dagbag.py:496} INFO - Filling up the DagBag from /home/airflow/.local/lib/python3.8/site-packages/airflow/example_dags/tutorial_taskflow_api_etl_virtualenv.py
[2021-09-27 03:38:37,654] {processor.py:623} INFO - DAG(s) dict_keys(['tutorial_taskflow_api_etl_virtualenv']) retrieved from /home/airflow/.local/lib/python3.8/site-packages/airflow/example_dags/tutorial_taskflow_api_etl_virtualenv.py
[2021-09-27 03:38:37,858] {logging_mixin.py:109} INFO - [2021-09-27 03:38:37,858] {dag.py:1833} INFO - Sync 1 DAGs
[2021-09-27 03:38:37,874] {logging_mixin.py:109} INFO - [2021-09-27 03:38:37,874] {dag.py:2306} INFO - Setting next_dagrun for tutorial_taskflow_api_etl_virtualenv to None
[2021-09-27 03:38:37,885] {processor.py:170} INFO - Processing /home/airflow/.local/lib/python3.8/site-packages/airflow/example_dags/tutorial_taskflow_api_etl_virtualenv.py took 0.247 seconds
[2021-09-27 03:39:07,960] {processor.py:162} INFO - Started process (PID=1505) to work on /home/airflow/.local/lib/python3.8/site-packages/airflow/example_dags/tutorial_taskflow_api_etl_virtualenv.py
[2021-09-27 03:39:07,962] {processor.py:613} INFO - Processing file /home/airflow/.local/lib/python3.8/site-packages/airflow/example_dags/tutorial_taskflow_api_etl_virtualenv.py for tasks to queue
[2021-09-27 03:39:07,962] {logging_mixin.py:109} INFO - [2021-09-27 03:39:07,962] {dagbag.py:496} INFO - Filling up the DagBag from /home/airflow/.local/lib/python3.8/site-packages/airflow/example_dags/tutorial_taskflow_api_etl_virtualenv.py
[2021-09-27 03:39:07,972] {processor.py:623} INFO - DAG(s) dict_keys(['tutorial_taskflow_api_etl_virtualenv']) retrieved from /home/airflow/.local/lib/python3.8/site-packages/airflow/example_dags/tutorial_taskflow_api_etl_virtualenv.py
[2021-09-27 03:39:08,174] {logging_mixin.py:109} INFO - [2021-09-27 03:39:08,174] {dag.py:1833} INFO - Sync 1 DAGs
[2021-09-27 03:39:08,183] {logging_mixin.py:109} INFO - [2021-09-27 03:39:08,183] {dag.py:2306} INFO - Setting next_dagrun for tutorial_taskflow_api_etl_virtualenv to None
[2021-09-27 03:39:08,193] {processor.py:170} INFO - Processing /home/airflow/.local/lib/python3.8/site-packages/airflow/example_dags/tutorial_taskflow_api_etl_virtualenv.py took 0.235 seconds
[2021-09-27 03:39:39,102] {processor.py:162} INFO - Started process (PID=1552) to work on /home/airflow/.local/lib/python3.8/site-packages/airflow/example_dags/tutorial_taskflow_api_etl_virtualenv.py
[2021-09-27 03:39:39,103] {processor.py:613} INFO - Processing file /home/airflow/.local/lib/python3.8/site-packages/airflow/example_dags/tutorial_taskflow_api_etl_virtualenv.py for tasks to queue
[2021-09-27 03:39:39,103] {logging_mixin.py:109} INFO - [2021-09-27 03:39:39,103] {dagbag.py:496} INFO - Filling up the DagBag from /home/airflow/.local/lib/python3.8/site-packages/airflow/example_dags/tutorial_taskflow_api_etl_virtualenv.py
[2021-09-27 03:39:39,113] {processor.py:623} INFO - DAG(s) dict_keys(['tutorial_taskflow_api_etl_virtualenv']) retrieved from /home/airflow/.local/lib/python3.8/site-packages/airflow/example_dags/tutorial_taskflow_api_etl_virtualenv.py
[2021-09-27 03:39:39,292] {logging_mixin.py:109} INFO - [2021-09-27 03:39:39,292] {dag.py:1833} INFO - Sync 1 DAGs
[2021-09-27 03:39:39,300] {logging_mixin.py:109} INFO - [2021-09-27 03:39:39,300] {dag.py:2306} INFO - Setting next_dagrun for tutorial_taskflow_api_etl_virtualenv to None
[2021-09-27 03:39:39,309] {processor.py:170} INFO - Processing /home/airflow/.local/lib/python3.8/site-packages/airflow/example_dags/tutorial_taskflow_api_etl_virtualenv.py took 0.209 seconds
[2021-09-27 03:40:09,357] {processor.py:162} INFO - Started process (PID=1605) to work on /home/airflow/.local/lib/python3.8/site-packages/airflow/example_dags/tutorial_taskflow_api_etl_virtualenv.py
[2021-09-27 03:40:09,358] {processor.py:613} INFO - Processing file /home/airflow/.local/lib/python3.8/site-packages/airflow/example_dags/tutorial_taskflow_api_etl_virtualenv.py for tasks to queue
[2021-09-27 03:40:09,359] {logging_mixin.py:109} INFO - [2021-09-27 03:40:09,358] {dagbag.py:496} INFO - Filling up the DagBag from /home/airflow/.local/lib/python3.8/site-packages/airflow/example_dags/tutorial_taskflow_api_etl_virtualenv.py
[2021-09-27 03:40:09,369] {processor.py:623} INFO - DAG(s) dict_keys(['tutorial_taskflow_api_etl_virtualenv']) retrieved from /home/airflow/.local/lib/python3.8/site-packages/airflow/example_dags/tutorial_taskflow_api_etl_virtualenv.py
[2021-09-27 03:40:09,539] {logging_mixin.py:109} INFO - [2021-09-27 03:40:09,539] {dag.py:1833} INFO - Sync 1 DAGs
[2021-09-27 03:40:09,547] {logging_mixin.py:109} INFO - [2021-09-27 03:40:09,547] {dag.py:2306} INFO - Setting next_dagrun for tutorial_taskflow_api_etl_virtualenv to None
[2021-09-27 03:40:09,558] {processor.py:170} INFO - Processing /home/airflow/.local/lib/python3.8/site-packages/airflow/example_dags/tutorial_taskflow_api_etl_virtualenv.py took 0.203 seconds
[2021-09-27 03:40:39,634] {processor.py:162} INFO - Started process (PID=1659) to work on /home/airflow/.local/lib/python3.8/site-packages/airflow/example_dags/tutorial_taskflow_api_etl_virtualenv.py
[2021-09-27 03:40:39,634] {processor.py:613} INFO - Processing file /home/airflow/.local/lib/python3.8/site-packages/airflow/example_dags/tutorial_taskflow_api_etl_virtualenv.py for tasks to queue
[2021-09-27 03:40:39,635] {logging_mixin.py:109} INFO - [2021-09-27 03:40:39,635] {dagbag.py:496} INFO - Filling up the DagBag from /home/airflow/.local/lib/python3.8/site-packages/airflow/example_dags/tutorial_taskflow_api_etl_virtualenv.py
[2021-09-27 03:40:39,645] {processor.py:623} INFO - DAG(s) dict_keys(['tutorial_taskflow_api_etl_virtualenv']) retrieved from /home/airflow/.local/lib/python3.8/site-packages/airflow/example_dags/tutorial_taskflow_api_etl_virtualenv.py
[2021-09-27 03:40:39,796] {logging_mixin.py:109} INFO - [2021-09-27 03:40:39,796] {dag.py:1833} INFO - Sync 1 DAGs
[2021-09-27 03:40:39,803] {logging_mixin.py:109} INFO - [2021-09-27 03:40:39,803] {dag.py:2306} INFO - Setting next_dagrun for tutorial_taskflow_api_etl_virtualenv to None
[2021-09-27 03:40:39,821] {processor.py:170} INFO - Processing /home/airflow/.local/lib/python3.8/site-packages/airflow/example_dags/tutorial_taskflow_api_etl_virtualenv.py took 0.189 seconds
[2021-09-27 03:41:09,996] {processor.py:162} INFO - Started process (PID=1712) to work on /home/airflow/.local/lib/python3.8/site-packages/airflow/example_dags/tutorial_taskflow_api_etl_virtualenv.py
[2021-09-27 03:41:09,997] {processor.py:613} INFO - Processing file /home/airflow/.local/lib/python3.8/site-packages/airflow/example_dags/tutorial_taskflow_api_etl_virtualenv.py for tasks to queue
[2021-09-27 03:41:09,997] {logging_mixin.py:109} INFO - [2021-09-27 03:41:09,997] {dagbag.py:496} INFO - Filling up the DagBag from /home/airflow/.local/lib/python3.8/site-packages/airflow/example_dags/tutorial_taskflow_api_etl_virtualenv.py
[2021-09-27 03:41:10,008] {processor.py:623} INFO - DAG(s) dict_keys(['tutorial_taskflow_api_etl_virtualenv']) retrieved from /home/airflow/.local/lib/python3.8/site-packages/airflow/example_dags/tutorial_taskflow_api_etl_virtualenv.py
[2021-09-27 03:41:10,181] {logging_mixin.py:109} INFO - [2021-09-27 03:41:10,181] {dag.py:1833} INFO - Sync 1 DAGs
[2021-09-27 03:41:10,189] {logging_mixin.py:109} INFO - [2021-09-27 03:41:10,189] {dag.py:2306} INFO - Setting next_dagrun for tutorial_taskflow_api_etl_virtualenv to None
[2021-09-27 03:41:10,198] {processor.py:170} INFO - Processing /home/airflow/.local/lib/python3.8/site-packages/airflow/example_dags/tutorial_taskflow_api_etl_virtualenv.py took 0.204 seconds
[2021-09-27 03:41:40,357] {processor.py:162} INFO - Started process (PID=1759) to work on /home/airflow/.local/lib/python3.8/site-packages/airflow/example_dags/tutorial_taskflow_api_etl_virtualenv.py
[2021-09-27 03:41:40,357] {processor.py:613} INFO - Processing file /home/airflow/.local/lib/python3.8/site-packages/airflow/example_dags/tutorial_taskflow_api_etl_virtualenv.py for tasks to queue
[2021-09-27 03:41:40,358] {logging_mixin.py:109} INFO - [2021-09-27 03:41:40,358] {dagbag.py:496} INFO - Filling up the DagBag from /home/airflow/.local/lib/python3.8/site-packages/airflow/example_dags/tutorial_taskflow_api_etl_virtualenv.py
[2021-09-27 03:41:40,367] {processor.py:623} INFO - DAG(s) dict_keys(['tutorial_taskflow_api_etl_virtualenv']) retrieved from /home/airflow/.local/lib/python3.8/site-packages/airflow/example_dags/tutorial_taskflow_api_etl_virtualenv.py
[2021-09-27 03:41:40,531] {logging_mixin.py:109} INFO - [2021-09-27 03:41:40,531] {dag.py:1833} INFO - Sync 1 DAGs
[2021-09-27 03:41:40,539] {logging_mixin.py:109} INFO - [2021-09-27 03:41:40,539] {dag.py:2306} INFO - Setting next_dagrun for tutorial_taskflow_api_etl_virtualenv to None
[2021-09-27 03:41:40,549] {processor.py:170} INFO - Processing /home/airflow/.local/lib/python3.8/site-packages/airflow/example_dags/tutorial_taskflow_api_etl_virtualenv.py took 0.194 seconds
[2021-09-27 03:42:10,592] {processor.py:162} INFO - Started process (PID=1813) to work on /home/airflow/.local/lib/python3.8/site-packages/airflow/example_dags/tutorial_taskflow_api_etl_virtualenv.py
[2021-09-27 03:42:10,593] {processor.py:613} INFO - Processing file /home/airflow/.local/lib/python3.8/site-packages/airflow/example_dags/tutorial_taskflow_api_etl_virtualenv.py for tasks to queue
[2021-09-27 03:42:10,593] {logging_mixin.py:109} INFO - [2021-09-27 03:42:10,593] {dagbag.py:496} INFO - Filling up the DagBag from /home/airflow/.local/lib/python3.8/site-packages/airflow/example_dags/tutorial_taskflow_api_etl_virtualenv.py
[2021-09-27 03:42:10,603] {processor.py:623} INFO - DAG(s) dict_keys(['tutorial_taskflow_api_etl_virtualenv']) retrieved from /home/airflow/.local/lib/python3.8/site-packages/airflow/example_dags/tutorial_taskflow_api_etl_virtualenv.py
[2021-09-27 03:42:10,759] {logging_mixin.py:109} INFO - [2021-09-27 03:42:10,759] {dag.py:1833} INFO - Sync 1 DAGs
[2021-09-27 03:42:10,767] {logging_mixin.py:109} INFO - [2021-09-27 03:42:10,767] {dag.py:2306} INFO - Setting next_dagrun for tutorial_taskflow_api_etl_virtualenv to None
[2021-09-27 03:42:10,784] {processor.py:170} INFO - Processing /home/airflow/.local/lib/python3.8/site-packages/airflow/example_dags/tutorial_taskflow_api_etl_virtualenv.py took 0.194 seconds
[2021-09-27 03:42:40,824] {processor.py:162} INFO - Started process (PID=1867) to work on /home/airflow/.local/lib/python3.8/site-packages/airflow/example_dags/tutorial_taskflow_api_etl_virtualenv.py
[2021-09-27 03:42:40,825] {processor.py:613} INFO - Processing file /home/airflow/.local/lib/python3.8/site-packages/airflow/example_dags/tutorial_taskflow_api_etl_virtualenv.py for tasks to queue
[2021-09-27 03:42:40,825] {logging_mixin.py:109} INFO - [2021-09-27 03:42:40,825] {dagbag.py:496} INFO - Filling up the DagBag from /home/airflow/.local/lib/python3.8/site-packages/airflow/example_dags/tutorial_taskflow_api_etl_virtualenv.py
[2021-09-27 03:42:40,837] {processor.py:623} INFO - DAG(s) dict_keys(['tutorial_taskflow_api_etl_virtualenv']) retrieved from /home/airflow/.local/lib/python3.8/site-packages/airflow/example_dags/tutorial_taskflow_api_etl_virtualenv.py
[2021-09-27 03:42:40,853] {logging_mixin.py:109} INFO - [2021-09-27 03:42:40,853] {dag.py:1833} INFO - Sync 1 DAGs
[2021-09-27 03:42:40,861] {logging_mixin.py:109} INFO - [2021-09-27 03:42:40,861] {dag.py:2306} INFO - Setting next_dagrun for tutorial_taskflow_api_etl_virtualenv to None
[2021-09-27 03:42:40,871] {processor.py:170} INFO - Processing /home/airflow/.local/lib/python3.8/site-packages/airflow/example_dags/tutorial_taskflow_api_etl_virtualenv.py took 0.049 seconds
[2021-09-27 03:43:10,941] {processor.py:162} INFO - Started process (PID=1920) to work on /home/airflow/.local/lib/python3.8/site-packages/airflow/example_dags/tutorial_taskflow_api_etl_virtualenv.py
[2021-09-27 03:43:10,942] {processor.py:613} INFO - Processing file /home/airflow/.local/lib/python3.8/site-packages/airflow/example_dags/tutorial_taskflow_api_etl_virtualenv.py for tasks to queue
[2021-09-27 03:43:10,942] {logging_mixin.py:109} INFO - [2021-09-27 03:43:10,942] {dagbag.py:496} INFO - Filling up the DagBag from /home/airflow/.local/lib/python3.8/site-packages/airflow/example_dags/tutorial_taskflow_api_etl_virtualenv.py
[2021-09-27 03:43:10,952] {processor.py:623} INFO - DAG(s) dict_keys(['tutorial_taskflow_api_etl_virtualenv']) retrieved from /home/airflow/.local/lib/python3.8/site-packages/airflow/example_dags/tutorial_taskflow_api_etl_virtualenv.py
[2021-09-27 03:43:11,112] {logging_mixin.py:109} INFO - [2021-09-27 03:43:11,112] {dag.py:1833} INFO - Sync 1 DAGs
[2021-09-27 03:43:11,120] {logging_mixin.py:109} INFO - [2021-09-27 03:43:11,120] {dag.py:2306} INFO - Setting next_dagrun for tutorial_taskflow_api_etl_virtualenv to None
[2021-09-27 03:43:11,129] {processor.py:170} INFO - Processing /home/airflow/.local/lib/python3.8/site-packages/airflow/example_dags/tutorial_taskflow_api_etl_virtualenv.py took 0.190 seconds
[2021-09-27 03:43:41,361] {processor.py:162} INFO - Started process (PID=1966) to work on /home/airflow/.local/lib/python3.8/site-packages/airflow/example_dags/tutorial_taskflow_api_etl_virtualenv.py
[2021-09-27 03:43:41,362] {processor.py:613} INFO - Processing file /home/airflow/.local/lib/python3.8/site-packages/airflow/example_dags/tutorial_taskflow_api_etl_virtualenv.py for tasks to queue
[2021-09-27 03:43:41,363] {logging_mixin.py:109} INFO - [2021-09-27 03:43:41,362] {dagbag.py:496} INFO - Filling up the DagBag from /home/airflow/.local/lib/python3.8/site-packages/airflow/example_dags/tutorial_taskflow_api_etl_virtualenv.py
[2021-09-27 03:43:41,372] {processor.py:623} INFO - DAG(s) dict_keys(['tutorial_taskflow_api_etl_virtualenv']) retrieved from /home/airflow/.local/lib/python3.8/site-packages/airflow/example_dags/tutorial_taskflow_api_etl_virtualenv.py
[2021-09-27 03:43:41,530] {logging_mixin.py:109} INFO - [2021-09-27 03:43:41,530] {dag.py:1833} INFO - Sync 1 DAGs
[2021-09-27 03:43:41,538] {logging_mixin.py:109} INFO - [2021-09-27 03:43:41,538] {dag.py:2306} INFO - Setting next_dagrun for tutorial_taskflow_api_etl_virtualenv to None
[2021-09-27 03:43:41,547] {processor.py:170} INFO - Processing /home/airflow/.local/lib/python3.8/site-packages/airflow/example_dags/tutorial_taskflow_api_etl_virtualenv.py took 0.188 seconds
[2021-09-27 03:44:11,780] {processor.py:162} INFO - Started process (PID=2019) to work on /home/airflow/.local/lib/python3.8/site-packages/airflow/example_dags/tutorial_taskflow_api_etl_virtualenv.py
[2021-09-27 03:44:11,780] {processor.py:613} INFO - Processing file /home/airflow/.local/lib/python3.8/site-packages/airflow/example_dags/tutorial_taskflow_api_etl_virtualenv.py for tasks to queue
[2021-09-27 03:44:11,781] {logging_mixin.py:109} INFO - [2021-09-27 03:44:11,781] {dagbag.py:496} INFO - Filling up the DagBag from /home/airflow/.local/lib/python3.8/site-packages/airflow/example_dags/tutorial_taskflow_api_etl_virtualenv.py
[2021-09-27 03:44:11,790] {processor.py:623} INFO - DAG(s) dict_keys(['tutorial_taskflow_api_etl_virtualenv']) retrieved from /home/airflow/.local/lib/python3.8/site-packages/airflow/example_dags/tutorial_taskflow_api_etl_virtualenv.py
[2021-09-27 03:44:11,945] {logging_mixin.py:109} INFO - [2021-09-27 03:44:11,945] {dag.py:1833} INFO - Sync 1 DAGs
[2021-09-27 03:44:11,953] {logging_mixin.py:109} INFO - [2021-09-27 03:44:11,953] {dag.py:2306} INFO - Setting next_dagrun for tutorial_taskflow_api_etl_virtualenv to None
[2021-09-27 03:44:11,970] {processor.py:170} INFO - Processing /home/airflow/.local/lib/python3.8/site-packages/airflow/example_dags/tutorial_taskflow_api_etl_virtualenv.py took 0.193 seconds
[2021-09-27 03:44:42,069] {processor.py:162} INFO - Started process (PID=2072) to work on /home/airflow/.local/lib/python3.8/site-packages/airflow/example_dags/tutorial_taskflow_api_etl_virtualenv.py
[2021-09-27 03:44:42,069] {processor.py:613} INFO - Processing file /home/airflow/.local/lib/python3.8/site-packages/airflow/example_dags/tutorial_taskflow_api_etl_virtualenv.py for tasks to queue
[2021-09-27 03:44:42,070] {logging_mixin.py:109} INFO - [2021-09-27 03:44:42,070] {dagbag.py:496} INFO - Filling up the DagBag from /home/airflow/.local/lib/python3.8/site-packages/airflow/example_dags/tutorial_taskflow_api_etl_virtualenv.py
[2021-09-27 03:44:42,080] {processor.py:623} INFO - DAG(s) dict_keys(['tutorial_taskflow_api_etl_virtualenv']) retrieved from /home/airflow/.local/lib/python3.8/site-packages/airflow/example_dags/tutorial_taskflow_api_etl_virtualenv.py
[2021-09-27 03:44:42,238] {logging_mixin.py:109} INFO - [2021-09-27 03:44:42,238] {dag.py:1833} INFO - Sync 1 DAGs
[2021-09-27 03:44:42,246] {logging_mixin.py:109} INFO - [2021-09-27 03:44:42,246] {dag.py:2306} INFO - Setting next_dagrun for tutorial_taskflow_api_etl_virtualenv to None
[2021-09-27 03:44:42,265] {processor.py:170} INFO - Processing /home/airflow/.local/lib/python3.8/site-packages/airflow/example_dags/tutorial_taskflow_api_etl_virtualenv.py took 0.198 seconds
[2021-09-27 03:45:12,339] {processor.py:162} INFO - Started process (PID=2125) to work on /home/airflow/.local/lib/python3.8/site-packages/airflow/example_dags/tutorial_taskflow_api_etl_virtualenv.py
[2021-09-27 03:45:12,340] {processor.py:613} INFO - Processing file /home/airflow/.local/lib/python3.8/site-packages/airflow/example_dags/tutorial_taskflow_api_etl_virtualenv.py for tasks to queue
[2021-09-27 03:45:12,341] {logging_mixin.py:109} INFO - [2021-09-27 03:45:12,341] {dagbag.py:496} INFO - Filling up the DagBag from /home/airflow/.local/lib/python3.8/site-packages/airflow/example_dags/tutorial_taskflow_api_etl_virtualenv.py
[2021-09-27 03:45:12,351] {processor.py:623} INFO - DAG(s) dict_keys(['tutorial_taskflow_api_etl_virtualenv']) retrieved from /home/airflow/.local/lib/python3.8/site-packages/airflow/example_dags/tutorial_taskflow_api_etl_virtualenv.py
[2021-09-27 03:45:12,503] {logging_mixin.py:109} INFO - [2021-09-27 03:45:12,503] {dag.py:1833} INFO - Sync 1 DAGs
[2021-09-27 03:45:12,511] {logging_mixin.py:109} INFO - [2021-09-27 03:45:12,511] {dag.py:2306} INFO - Setting next_dagrun for tutorial_taskflow_api_etl_virtualenv to None
[2021-09-27 03:45:12,528] {processor.py:170} INFO - Processing /home/airflow/.local/lib/python3.8/site-packages/airflow/example_dags/tutorial_taskflow_api_etl_virtualenv.py took 0.190 seconds
[2021-09-27 03:45:42,675] {processor.py:162} INFO - Started process (PID=2171) to work on /home/airflow/.local/lib/python3.8/site-packages/airflow/example_dags/tutorial_taskflow_api_etl_virtualenv.py
[2021-09-27 03:45:42,677] {processor.py:613} INFO - Processing file /home/airflow/.local/lib/python3.8/site-packages/airflow/example_dags/tutorial_taskflow_api_etl_virtualenv.py for tasks to queue
[2021-09-27 03:45:42,677] {logging_mixin.py:109} INFO - [2021-09-27 03:45:42,677] {dagbag.py:496} INFO - Filling up the DagBag from /home/airflow/.local/lib/python3.8/site-packages/airflow/example_dags/tutorial_taskflow_api_etl_virtualenv.py
[2021-09-27 03:45:42,686] {processor.py:623} INFO - DAG(s) dict_keys(['tutorial_taskflow_api_etl_virtualenv']) retrieved from /home/airflow/.local/lib/python3.8/site-packages/airflow/example_dags/tutorial_taskflow_api_etl_virtualenv.py
[2021-09-27 03:45:42,846] {logging_mixin.py:109} INFO - [2021-09-27 03:45:42,846] {dag.py:1833} INFO - Sync 1 DAGs
[2021-09-27 03:45:42,854] {logging_mixin.py:109} INFO - [2021-09-27 03:45:42,854] {dag.py:2306} INFO - Setting next_dagrun for tutorial_taskflow_api_etl_virtualenv to None
[2021-09-27 03:45:42,872] {processor.py:170} INFO - Processing /home/airflow/.local/lib/python3.8/site-packages/airflow/example_dags/tutorial_taskflow_api_etl_virtualenv.py took 0.199 seconds
[2021-09-27 03:46:12,924] {processor.py:162} INFO - Started process (PID=2224) to work on /home/airflow/.local/lib/python3.8/site-packages/airflow/example_dags/tutorial_taskflow_api_etl_virtualenv.py
[2021-09-27 03:46:12,924] {processor.py:613} INFO - Processing file /home/airflow/.local/lib/python3.8/site-packages/airflow/example_dags/tutorial_taskflow_api_etl_virtualenv.py for tasks to queue
[2021-09-27 03:46:12,925] {logging_mixin.py:109} INFO - [2021-09-27 03:46:12,925] {dagbag.py:496} INFO - Filling up the DagBag from /home/airflow/.local/lib/python3.8/site-packages/airflow/example_dags/tutorial_taskflow_api_etl_virtualenv.py
[2021-09-27 03:46:12,934] {processor.py:623} INFO - DAG(s) dict_keys(['tutorial_taskflow_api_etl_virtualenv']) retrieved from /home/airflow/.local/lib/python3.8/site-packages/airflow/example_dags/tutorial_taskflow_api_etl_virtualenv.py
[2021-09-27 03:46:13,086] {logging_mixin.py:109} INFO - [2021-09-27 03:46:13,086] {dag.py:1833} INFO - Sync 1 DAGs
[2021-09-27 03:46:13,093] {logging_mixin.py:109} INFO - [2021-09-27 03:46:13,093] {dag.py:2306} INFO - Setting next_dagrun for tutorial_taskflow_api_etl_virtualenv to None
[2021-09-27 03:46:13,112] {processor.py:170} INFO - Processing /home/airflow/.local/lib/python3.8/site-packages/airflow/example_dags/tutorial_taskflow_api_etl_virtualenv.py took 0.190 seconds
[2021-09-27 03:46:43,198] {processor.py:162} INFO - Started process (PID=2277) to work on /home/airflow/.local/lib/python3.8/site-packages/airflow/example_dags/tutorial_taskflow_api_etl_virtualenv.py
[2021-09-27 03:46:43,199] {processor.py:613} INFO - Processing file /home/airflow/.local/lib/python3.8/site-packages/airflow/example_dags/tutorial_taskflow_api_etl_virtualenv.py for tasks to queue
[2021-09-27 03:46:43,200] {logging_mixin.py:109} INFO - [2021-09-27 03:46:43,200] {dagbag.py:496} INFO - Filling up the DagBag from /home/airflow/.local/lib/python3.8/site-packages/airflow/example_dags/tutorial_taskflow_api_etl_virtualenv.py
[2021-09-27 03:46:43,209] {processor.py:623} INFO - DAG(s) dict_keys(['tutorial_taskflow_api_etl_virtualenv']) retrieved from /home/airflow/.local/lib/python3.8/site-packages/airflow/example_dags/tutorial_taskflow_api_etl_virtualenv.py
[2021-09-27 03:46:43,367] {logging_mixin.py:109} INFO - [2021-09-27 03:46:43,367] {dag.py:1833} INFO - Sync 1 DAGs
[2021-09-27 03:46:43,374] {logging_mixin.py:109} INFO - [2021-09-27 03:46:43,374] {dag.py:2306} INFO - Setting next_dagrun for tutorial_taskflow_api_etl_virtualenv to None
[2021-09-27 03:46:43,383] {processor.py:170} INFO - Processing /home/airflow/.local/lib/python3.8/site-packages/airflow/example_dags/tutorial_taskflow_api_etl_virtualenv.py took 0.186 seconds
[2021-09-27 03:47:13,428] {processor.py:162} INFO - Started process (PID=2330) to work on /home/airflow/.local/lib/python3.8/site-packages/airflow/example_dags/tutorial_taskflow_api_etl_virtualenv.py
[2021-09-27 03:47:13,429] {processor.py:613} INFO - Processing file /home/airflow/.local/lib/python3.8/site-packages/airflow/example_dags/tutorial_taskflow_api_etl_virtualenv.py for tasks to queue
[2021-09-27 03:47:13,430] {logging_mixin.py:109} INFO - [2021-09-27 03:47:13,430] {dagbag.py:496} INFO - Filling up the DagBag from /home/airflow/.local/lib/python3.8/site-packages/airflow/example_dags/tutorial_taskflow_api_etl_virtualenv.py
[2021-09-27 03:47:13,440] {processor.py:623} INFO - DAG(s) dict_keys(['tutorial_taskflow_api_etl_virtualenv']) retrieved from /home/airflow/.local/lib/python3.8/site-packages/airflow/example_dags/tutorial_taskflow_api_etl_virtualenv.py
[2021-09-27 03:47:13,593] {logging_mixin.py:109} INFO - [2021-09-27 03:47:13,593] {dag.py:1833} INFO - Sync 1 DAGs
[2021-09-27 03:47:13,601] {logging_mixin.py:109} INFO - [2021-09-27 03:47:13,601] {dag.py:2306} INFO - Setting next_dagrun for tutorial_taskflow_api_etl_virtualenv to None
[2021-09-27 03:47:13,618] {processor.py:170} INFO - Processing /home/airflow/.local/lib/python3.8/site-packages/airflow/example_dags/tutorial_taskflow_api_etl_virtualenv.py took 0.192 seconds
[2021-09-27 03:47:43,804] {processor.py:162} INFO - Started process (PID=2376) to work on /home/airflow/.local/lib/python3.8/site-packages/airflow/example_dags/tutorial_taskflow_api_etl_virtualenv.py
[2021-09-27 03:47:43,805] {processor.py:613} INFO - Processing file /home/airflow/.local/lib/python3.8/site-packages/airflow/example_dags/tutorial_taskflow_api_etl_virtualenv.py for tasks to queue
[2021-09-27 03:47:43,805] {logging_mixin.py:109} INFO - [2021-09-27 03:47:43,805] {dagbag.py:496} INFO - Filling up the DagBag from /home/airflow/.local/lib/python3.8/site-packages/airflow/example_dags/tutorial_taskflow_api_etl_virtualenv.py
[2021-09-27 03:47:43,815] {processor.py:623} INFO - DAG(s) dict_keys(['tutorial_taskflow_api_etl_virtualenv']) retrieved from /home/airflow/.local/lib/python3.8/site-packages/airflow/example_dags/tutorial_taskflow_api_etl_virtualenv.py
[2021-09-27 03:47:43,969] {logging_mixin.py:109} INFO - [2021-09-27 03:47:43,969] {dag.py:1833} INFO - Sync 1 DAGs
[2021-09-27 03:47:43,976] {logging_mixin.py:109} INFO - [2021-09-27 03:47:43,976] {dag.py:2306} INFO - Setting next_dagrun for tutorial_taskflow_api_etl_virtualenv to None
[2021-09-27 03:47:43,984] {processor.py:170} INFO - Processing /home/airflow/.local/lib/python3.8/site-packages/airflow/example_dags/tutorial_taskflow_api_etl_virtualenv.py took 0.182 seconds
[2021-09-27 03:49:18,280] {processor.py:162} INFO - Started process (PID=39) to work on /home/airflow/.local/lib/python3.8/site-packages/airflow/example_dags/tutorial_taskflow_api_etl_virtualenv.py
[2021-09-27 03:49:18,281] {processor.py:613} INFO - Processing file /home/airflow/.local/lib/python3.8/site-packages/airflow/example_dags/tutorial_taskflow_api_etl_virtualenv.py for tasks to queue
[2021-09-27 03:49:18,281] {logging_mixin.py:109} INFO - [2021-09-27 03:49:18,281] {dagbag.py:496} INFO - Filling up the DagBag from /home/airflow/.local/lib/python3.8/site-packages/airflow/example_dags/tutorial_taskflow_api_etl_virtualenv.py
[2021-09-27 03:49:18,293] {processor.py:623} INFO - DAG(s) dict_keys(['tutorial_taskflow_api_etl_virtualenv']) retrieved from /home/airflow/.local/lib/python3.8/site-packages/airflow/example_dags/tutorial_taskflow_api_etl_virtualenv.py
[2021-09-27 03:49:18,512] {logging_mixin.py:109} INFO - [2021-09-27 03:49:18,512] {dag.py:1833} INFO - Sync 1 DAGs
[2021-09-27 03:49:18,523] {logging_mixin.py:109} INFO - [2021-09-27 03:49:18,523] {dag.py:2306} INFO - Setting next_dagrun for tutorial_taskflow_api_etl_virtualenv to None
[2021-09-27 03:49:18,535] {processor.py:170} INFO - Processing /home/airflow/.local/lib/python3.8/site-packages/airflow/example_dags/tutorial_taskflow_api_etl_virtualenv.py took 0.257 seconds
[2021-09-27 03:49:48,794] {processor.py:162} INFO - Started process (PID=92) to work on /home/airflow/.local/lib/python3.8/site-packages/airflow/example_dags/tutorial_taskflow_api_etl_virtualenv.py
[2021-09-27 03:49:48,795] {processor.py:613} INFO - Processing file /home/airflow/.local/lib/python3.8/site-packages/airflow/example_dags/tutorial_taskflow_api_etl_virtualenv.py for tasks to queue
[2021-09-27 03:49:48,795] {logging_mixin.py:109} INFO - [2021-09-27 03:49:48,795] {dagbag.py:496} INFO - Filling up the DagBag from /home/airflow/.local/lib/python3.8/site-packages/airflow/example_dags/tutorial_taskflow_api_etl_virtualenv.py
[2021-09-27 03:49:48,805] {processor.py:623} INFO - DAG(s) dict_keys(['tutorial_taskflow_api_etl_virtualenv']) retrieved from /home/airflow/.local/lib/python3.8/site-packages/airflow/example_dags/tutorial_taskflow_api_etl_virtualenv.py
[2021-09-27 03:49:48,995] {logging_mixin.py:109} INFO - [2021-09-27 03:49:48,994] {dag.py:1833} INFO - Sync 1 DAGs
[2021-09-27 03:49:49,004] {logging_mixin.py:109} INFO - [2021-09-27 03:49:49,003] {dag.py:2306} INFO - Setting next_dagrun for tutorial_taskflow_api_etl_virtualenv to None
[2021-09-27 03:49:49,013] {processor.py:170} INFO - Processing /home/airflow/.local/lib/python3.8/site-packages/airflow/example_dags/tutorial_taskflow_api_etl_virtualenv.py took 0.221 seconds
[2021-09-27 03:50:19,139] {processor.py:162} INFO - Started process (PID=145) to work on /home/airflow/.local/lib/python3.8/site-packages/airflow/example_dags/tutorial_taskflow_api_etl_virtualenv.py
[2021-09-27 03:50:19,140] {processor.py:613} INFO - Processing file /home/airflow/.local/lib/python3.8/site-packages/airflow/example_dags/tutorial_taskflow_api_etl_virtualenv.py for tasks to queue
[2021-09-27 03:50:19,140] {logging_mixin.py:109} INFO - [2021-09-27 03:50:19,140] {dagbag.py:496} INFO - Filling up the DagBag from /home/airflow/.local/lib/python3.8/site-packages/airflow/example_dags/tutorial_taskflow_api_etl_virtualenv.py
[2021-09-27 03:50:19,151] {processor.py:623} INFO - DAG(s) dict_keys(['tutorial_taskflow_api_etl_virtualenv']) retrieved from /home/airflow/.local/lib/python3.8/site-packages/airflow/example_dags/tutorial_taskflow_api_etl_virtualenv.py
[2021-09-27 03:50:19,378] {logging_mixin.py:109} INFO - [2021-09-27 03:50:19,378] {dag.py:1833} INFO - Sync 1 DAGs
[2021-09-27 03:50:19,387] {logging_mixin.py:109} INFO - [2021-09-27 03:50:19,387] {dag.py:2306} INFO - Setting next_dagrun for tutorial_taskflow_api_etl_virtualenv to None
[2021-09-27 03:50:19,396] {processor.py:170} INFO - Processing /home/airflow/.local/lib/python3.8/site-packages/airflow/example_dags/tutorial_taskflow_api_etl_virtualenv.py took 0.259 seconds
[2021-09-27 03:50:49,567] {processor.py:162} INFO - Started process (PID=200) to work on /home/airflow/.local/lib/python3.8/site-packages/airflow/example_dags/tutorial_taskflow_api_etl_virtualenv.py
[2021-09-27 03:50:49,568] {processor.py:613} INFO - Processing file /home/airflow/.local/lib/python3.8/site-packages/airflow/example_dags/tutorial_taskflow_api_etl_virtualenv.py for tasks to queue
[2021-09-27 03:50:49,568] {logging_mixin.py:109} INFO - [2021-09-27 03:50:49,568] {dagbag.py:496} INFO - Filling up the DagBag from /home/airflow/.local/lib/python3.8/site-packages/airflow/example_dags/tutorial_taskflow_api_etl_virtualenv.py
[2021-09-27 03:50:49,579] {processor.py:623} INFO - DAG(s) dict_keys(['tutorial_taskflow_api_etl_virtualenv']) retrieved from /home/airflow/.local/lib/python3.8/site-packages/airflow/example_dags/tutorial_taskflow_api_etl_virtualenv.py
[2021-09-27 03:50:49,871] {logging_mixin.py:109} INFO - [2021-09-27 03:50:49,871] {dag.py:1833} INFO - Sync 1 DAGs
[2021-09-27 03:50:49,881] {logging_mixin.py:109} INFO - [2021-09-27 03:50:49,881] {dag.py:2306} INFO - Setting next_dagrun for tutorial_taskflow_api_etl_virtualenv to None
[2021-09-27 03:50:49,892] {processor.py:170} INFO - Processing /home/airflow/.local/lib/python3.8/site-packages/airflow/example_dags/tutorial_taskflow_api_etl_virtualenv.py took 0.327 seconds
[2021-09-27 03:51:19,945] {processor.py:162} INFO - Started process (PID=245) to work on /home/airflow/.local/lib/python3.8/site-packages/airflow/example_dags/tutorial_taskflow_api_etl_virtualenv.py
[2021-09-27 03:51:19,946] {processor.py:613} INFO - Processing file /home/airflow/.local/lib/python3.8/site-packages/airflow/example_dags/tutorial_taskflow_api_etl_virtualenv.py for tasks to queue
[2021-09-27 03:51:19,947] {logging_mixin.py:109} INFO - [2021-09-27 03:51:19,947] {dagbag.py:496} INFO - Filling up the DagBag from /home/airflow/.local/lib/python3.8/site-packages/airflow/example_dags/tutorial_taskflow_api_etl_virtualenv.py
[2021-09-27 03:51:19,957] {processor.py:623} INFO - DAG(s) dict_keys(['tutorial_taskflow_api_etl_virtualenv']) retrieved from /home/airflow/.local/lib/python3.8/site-packages/airflow/example_dags/tutorial_taskflow_api_etl_virtualenv.py
[2021-09-27 03:51:20,143] {logging_mixin.py:109} INFO - [2021-09-27 03:51:20,143] {dag.py:1833} INFO - Sync 1 DAGs
[2021-09-27 03:51:20,153] {logging_mixin.py:109} INFO - [2021-09-27 03:51:20,153] {dag.py:2306} INFO - Setting next_dagrun for tutorial_taskflow_api_etl_virtualenv to None
[2021-09-27 03:51:20,165] {processor.py:170} INFO - Processing /home/airflow/.local/lib/python3.8/site-packages/airflow/example_dags/tutorial_taskflow_api_etl_virtualenv.py took 0.222 seconds
[2021-09-27 03:51:50,325] {processor.py:162} INFO - Started process (PID=297) to work on /home/airflow/.local/lib/python3.8/site-packages/airflow/example_dags/tutorial_taskflow_api_etl_virtualenv.py
[2021-09-27 03:51:50,326] {processor.py:613} INFO - Processing file /home/airflow/.local/lib/python3.8/site-packages/airflow/example_dags/tutorial_taskflow_api_etl_virtualenv.py for tasks to queue
[2021-09-27 03:51:50,326] {logging_mixin.py:109} INFO - [2021-09-27 03:51:50,326] {dagbag.py:496} INFO - Filling up the DagBag from /home/airflow/.local/lib/python3.8/site-packages/airflow/example_dags/tutorial_taskflow_api_etl_virtualenv.py
[2021-09-27 03:51:50,337] {processor.py:623} INFO - DAG(s) dict_keys(['tutorial_taskflow_api_etl_virtualenv']) retrieved from /home/airflow/.local/lib/python3.8/site-packages/airflow/example_dags/tutorial_taskflow_api_etl_virtualenv.py
[2021-09-27 03:51:50,538] {logging_mixin.py:109} INFO - [2021-09-27 03:51:50,538] {dag.py:1833} INFO - Sync 1 DAGs
[2021-09-27 03:51:50,547] {logging_mixin.py:109} INFO - [2021-09-27 03:51:50,547] {dag.py:2306} INFO - Setting next_dagrun for tutorial_taskflow_api_etl_virtualenv to None
[2021-09-27 03:51:50,558] {processor.py:170} INFO - Processing /home/airflow/.local/lib/python3.8/site-packages/airflow/example_dags/tutorial_taskflow_api_etl_virtualenv.py took 0.236 seconds
[2021-09-27 03:52:20,665] {processor.py:162} INFO - Started process (PID=351) to work on /home/airflow/.local/lib/python3.8/site-packages/airflow/example_dags/tutorial_taskflow_api_etl_virtualenv.py
[2021-09-27 03:52:20,666] {processor.py:613} INFO - Processing file /home/airflow/.local/lib/python3.8/site-packages/airflow/example_dags/tutorial_taskflow_api_etl_virtualenv.py for tasks to queue
[2021-09-27 03:52:20,666] {logging_mixin.py:109} INFO - [2021-09-27 03:52:20,666] {dagbag.py:496} INFO - Filling up the DagBag from /home/airflow/.local/lib/python3.8/site-packages/airflow/example_dags/tutorial_taskflow_api_etl_virtualenv.py
[2021-09-27 03:52:20,677] {processor.py:623} INFO - DAG(s) dict_keys(['tutorial_taskflow_api_etl_virtualenv']) retrieved from /home/airflow/.local/lib/python3.8/site-packages/airflow/example_dags/tutorial_taskflow_api_etl_virtualenv.py
[2021-09-27 03:52:20,865] {logging_mixin.py:109} INFO - [2021-09-27 03:52:20,865] {dag.py:1833} INFO - Sync 1 DAGs
[2021-09-27 03:52:20,874] {logging_mixin.py:109} INFO - [2021-09-27 03:52:20,874] {dag.py:2306} INFO - Setting next_dagrun for tutorial_taskflow_api_etl_virtualenv to None
[2021-09-27 03:52:20,883] {processor.py:170} INFO - Processing /home/airflow/.local/lib/python3.8/site-packages/airflow/example_dags/tutorial_taskflow_api_etl_virtualenv.py took 0.220 seconds
[2021-09-27 03:52:51,048] {processor.py:162} INFO - Started process (PID=407) to work on /home/airflow/.local/lib/python3.8/site-packages/airflow/example_dags/tutorial_taskflow_api_etl_virtualenv.py
[2021-09-27 03:52:51,049] {processor.py:613} INFO - Processing file /home/airflow/.local/lib/python3.8/site-packages/airflow/example_dags/tutorial_taskflow_api_etl_virtualenv.py for tasks to queue
[2021-09-27 03:52:51,049] {logging_mixin.py:109} INFO - [2021-09-27 03:52:51,049] {dagbag.py:496} INFO - Filling up the DagBag from /home/airflow/.local/lib/python3.8/site-packages/airflow/example_dags/tutorial_taskflow_api_etl_virtualenv.py
[2021-09-27 03:52:51,060] {processor.py:623} INFO - DAG(s) dict_keys(['tutorial_taskflow_api_etl_virtualenv']) retrieved from /home/airflow/.local/lib/python3.8/site-packages/airflow/example_dags/tutorial_taskflow_api_etl_virtualenv.py
[2021-09-27 03:52:51,075] {logging_mixin.py:109} INFO - [2021-09-27 03:52:51,075] {dag.py:1833} INFO - Sync 1 DAGs
[2021-09-27 03:52:51,086] {logging_mixin.py:109} INFO - [2021-09-27 03:52:51,086] {dag.py:2306} INFO - Setting next_dagrun for tutorial_taskflow_api_etl_virtualenv to None
[2021-09-27 03:52:51,095] {processor.py:170} INFO - Processing /home/airflow/.local/lib/python3.8/site-packages/airflow/example_dags/tutorial_taskflow_api_etl_virtualenv.py took 0.050 seconds
[2021-09-27 03:53:21,277] {processor.py:162} INFO - Started process (PID=452) to work on /home/airflow/.local/lib/python3.8/site-packages/airflow/example_dags/tutorial_taskflow_api_etl_virtualenv.py
[2021-09-27 03:53:21,278] {processor.py:613} INFO - Processing file /home/airflow/.local/lib/python3.8/site-packages/airflow/example_dags/tutorial_taskflow_api_etl_virtualenv.py for tasks to queue
[2021-09-27 03:53:21,279] {logging_mixin.py:109} INFO - [2021-09-27 03:53:21,278] {dagbag.py:496} INFO - Filling up the DagBag from /home/airflow/.local/lib/python3.8/site-packages/airflow/example_dags/tutorial_taskflow_api_etl_virtualenv.py
[2021-09-27 03:53:21,290] {processor.py:623} INFO - DAG(s) dict_keys(['tutorial_taskflow_api_etl_virtualenv']) retrieved from /home/airflow/.local/lib/python3.8/site-packages/airflow/example_dags/tutorial_taskflow_api_etl_virtualenv.py
[2021-09-27 03:53:21,512] {logging_mixin.py:109} INFO - [2021-09-27 03:53:21,512] {dag.py:1833} INFO - Sync 1 DAGs
[2021-09-27 03:53:21,519] {logging_mixin.py:109} INFO - [2021-09-27 03:53:21,519] {dag.py:2306} INFO - Setting next_dagrun for tutorial_taskflow_api_etl_virtualenv to None
[2021-09-27 03:53:21,529] {processor.py:170} INFO - Processing /home/airflow/.local/lib/python3.8/site-packages/airflow/example_dags/tutorial_taskflow_api_etl_virtualenv.py took 0.253 seconds
[2021-09-27 03:53:51,790] {processor.py:162} INFO - Started process (PID=507) to work on /home/airflow/.local/lib/python3.8/site-packages/airflow/example_dags/tutorial_taskflow_api_etl_virtualenv.py
[2021-09-27 03:53:51,790] {processor.py:613} INFO - Processing file /home/airflow/.local/lib/python3.8/site-packages/airflow/example_dags/tutorial_taskflow_api_etl_virtualenv.py for tasks to queue
[2021-09-27 03:53:51,791] {logging_mixin.py:109} INFO - [2021-09-27 03:53:51,791] {dagbag.py:496} INFO - Filling up the DagBag from /home/airflow/.local/lib/python3.8/site-packages/airflow/example_dags/tutorial_taskflow_api_etl_virtualenv.py
[2021-09-27 03:53:51,801] {processor.py:623} INFO - DAG(s) dict_keys(['tutorial_taskflow_api_etl_virtualenv']) retrieved from /home/airflow/.local/lib/python3.8/site-packages/airflow/example_dags/tutorial_taskflow_api_etl_virtualenv.py
[2021-09-27 03:53:51,984] {logging_mixin.py:109} INFO - [2021-09-27 03:53:51,984] {dag.py:1833} INFO - Sync 1 DAGs
[2021-09-27 03:53:51,992] {logging_mixin.py:109} INFO - [2021-09-27 03:53:51,992] {dag.py:2306} INFO - Setting next_dagrun for tutorial_taskflow_api_etl_virtualenv to None
[2021-09-27 03:53:52,001] {processor.py:170} INFO - Processing /home/airflow/.local/lib/python3.8/site-packages/airflow/example_dags/tutorial_taskflow_api_etl_virtualenv.py took 0.214 seconds
[2021-09-27 03:54:22,128] {processor.py:162} INFO - Started process (PID=560) to work on /home/airflow/.local/lib/python3.8/site-packages/airflow/example_dags/tutorial_taskflow_api_etl_virtualenv.py
[2021-09-27 03:54:22,129] {processor.py:613} INFO - Processing file /home/airflow/.local/lib/python3.8/site-packages/airflow/example_dags/tutorial_taskflow_api_etl_virtualenv.py for tasks to queue
[2021-09-27 03:54:22,129] {logging_mixin.py:109} INFO - [2021-09-27 03:54:22,129] {dagbag.py:496} INFO - Filling up the DagBag from /home/airflow/.local/lib/python3.8/site-packages/airflow/example_dags/tutorial_taskflow_api_etl_virtualenv.py
[2021-09-27 03:54:22,139] {processor.py:623} INFO - DAG(s) dict_keys(['tutorial_taskflow_api_etl_virtualenv']) retrieved from /home/airflow/.local/lib/python3.8/site-packages/airflow/example_dags/tutorial_taskflow_api_etl_virtualenv.py
[2021-09-27 03:54:22,336] {logging_mixin.py:109} INFO - [2021-09-27 03:54:22,336] {dag.py:1833} INFO - Sync 1 DAGs
[2021-09-27 03:54:22,344] {logging_mixin.py:109} INFO - [2021-09-27 03:54:22,344] {dag.py:2306} INFO - Setting next_dagrun for tutorial_taskflow_api_etl_virtualenv to None
[2021-09-27 03:54:22,354] {processor.py:170} INFO - Processing /home/airflow/.local/lib/python3.8/site-packages/airflow/example_dags/tutorial_taskflow_api_etl_virtualenv.py took 0.228 seconds
[2021-09-27 03:54:52,415] {processor.py:162} INFO - Started process (PID=610) to work on /home/airflow/.local/lib/python3.8/site-packages/airflow/example_dags/tutorial_taskflow_api_etl_virtualenv.py
[2021-09-27 03:54:52,416] {processor.py:613} INFO - Processing file /home/airflow/.local/lib/python3.8/site-packages/airflow/example_dags/tutorial_taskflow_api_etl_virtualenv.py for tasks to queue
[2021-09-27 03:54:52,417] {logging_mixin.py:109} INFO - [2021-09-27 03:54:52,417] {dagbag.py:496} INFO - Filling up the DagBag from /home/airflow/.local/lib/python3.8/site-packages/airflow/example_dags/tutorial_taskflow_api_etl_virtualenv.py
[2021-09-27 03:54:52,427] {processor.py:623} INFO - DAG(s) dict_keys(['tutorial_taskflow_api_etl_virtualenv']) retrieved from /home/airflow/.local/lib/python3.8/site-packages/airflow/example_dags/tutorial_taskflow_api_etl_virtualenv.py
[2021-09-27 03:54:52,625] {logging_mixin.py:109} INFO - [2021-09-27 03:54:52,625] {dag.py:1833} INFO - Sync 1 DAGs
[2021-09-27 03:54:52,633] {logging_mixin.py:109} INFO - [2021-09-27 03:54:52,633] {dag.py:2306} INFO - Setting next_dagrun for tutorial_taskflow_api_etl_virtualenv to None
[2021-09-27 03:54:52,642] {processor.py:170} INFO - Processing /home/airflow/.local/lib/python3.8/site-packages/airflow/example_dags/tutorial_taskflow_api_etl_virtualenv.py took 0.229 seconds
[2021-09-27 03:55:22,867] {processor.py:162} INFO - Started process (PID=656) to work on /home/airflow/.local/lib/python3.8/site-packages/airflow/example_dags/tutorial_taskflow_api_etl_virtualenv.py
[2021-09-27 03:55:22,868] {processor.py:613} INFO - Processing file /home/airflow/.local/lib/python3.8/site-packages/airflow/example_dags/tutorial_taskflow_api_etl_virtualenv.py for tasks to queue
[2021-09-27 03:55:22,868] {logging_mixin.py:109} INFO - [2021-09-27 03:55:22,868] {dagbag.py:496} INFO - Filling up the DagBag from /home/airflow/.local/lib/python3.8/site-packages/airflow/example_dags/tutorial_taskflow_api_etl_virtualenv.py
[2021-09-27 03:55:22,878] {processor.py:623} INFO - DAG(s) dict_keys(['tutorial_taskflow_api_etl_virtualenv']) retrieved from /home/airflow/.local/lib/python3.8/site-packages/airflow/example_dags/tutorial_taskflow_api_etl_virtualenv.py
[2021-09-27 03:55:23,074] {logging_mixin.py:109} INFO - [2021-09-27 03:55:23,074] {dag.py:1833} INFO - Sync 1 DAGs
[2021-09-27 03:55:23,084] {logging_mixin.py:109} INFO - [2021-09-27 03:55:23,084] {dag.py:2306} INFO - Setting next_dagrun for tutorial_taskflow_api_etl_virtualenv to None
[2021-09-27 03:55:23,093] {processor.py:170} INFO - Processing /home/airflow/.local/lib/python3.8/site-packages/airflow/example_dags/tutorial_taskflow_api_etl_virtualenv.py took 0.228 seconds
[2021-09-27 03:55:53,271] {processor.py:162} INFO - Started process (PID=709) to work on /home/airflow/.local/lib/python3.8/site-packages/airflow/example_dags/tutorial_taskflow_api_etl_virtualenv.py
[2021-09-27 03:55:53,272] {processor.py:613} INFO - Processing file /home/airflow/.local/lib/python3.8/site-packages/airflow/example_dags/tutorial_taskflow_api_etl_virtualenv.py for tasks to queue
[2021-09-27 03:55:53,272] {logging_mixin.py:109} INFO - [2021-09-27 03:55:53,272] {dagbag.py:496} INFO - Filling up the DagBag from /home/airflow/.local/lib/python3.8/site-packages/airflow/example_dags/tutorial_taskflow_api_etl_virtualenv.py
[2021-09-27 03:55:53,283] {processor.py:623} INFO - DAG(s) dict_keys(['tutorial_taskflow_api_etl_virtualenv']) retrieved from /home/airflow/.local/lib/python3.8/site-packages/airflow/example_dags/tutorial_taskflow_api_etl_virtualenv.py
[2021-09-27 03:55:53,473] {logging_mixin.py:109} INFO - [2021-09-27 03:55:53,473] {dag.py:1833} INFO - Sync 1 DAGs
[2021-09-27 03:55:53,480] {logging_mixin.py:109} INFO - [2021-09-27 03:55:53,480] {dag.py:2306} INFO - Setting next_dagrun for tutorial_taskflow_api_etl_virtualenv to None
[2021-09-27 03:55:53,489] {processor.py:170} INFO - Processing /home/airflow/.local/lib/python3.8/site-packages/airflow/example_dags/tutorial_taskflow_api_etl_virtualenv.py took 0.220 seconds
[2021-09-27 03:56:23,634] {processor.py:162} INFO - Started process (PID=762) to work on /home/airflow/.local/lib/python3.8/site-packages/airflow/example_dags/tutorial_taskflow_api_etl_virtualenv.py
[2021-09-27 03:56:23,635] {processor.py:613} INFO - Processing file /home/airflow/.local/lib/python3.8/site-packages/airflow/example_dags/tutorial_taskflow_api_etl_virtualenv.py for tasks to queue
[2021-09-27 03:56:23,635] {logging_mixin.py:109} INFO - [2021-09-27 03:56:23,635] {dagbag.py:496} INFO - Filling up the DagBag from /home/airflow/.local/lib/python3.8/site-packages/airflow/example_dags/tutorial_taskflow_api_etl_virtualenv.py
[2021-09-27 03:56:23,647] {processor.py:623} INFO - DAG(s) dict_keys(['tutorial_taskflow_api_etl_virtualenv']) retrieved from /home/airflow/.local/lib/python3.8/site-packages/airflow/example_dags/tutorial_taskflow_api_etl_virtualenv.py
[2021-09-27 03:56:23,861] {logging_mixin.py:109} INFO - [2021-09-27 03:56:23,860] {dag.py:1833} INFO - Sync 1 DAGs
[2021-09-27 03:56:23,869] {logging_mixin.py:109} INFO - [2021-09-27 03:56:23,868] {dag.py:2306} INFO - Setting next_dagrun for tutorial_taskflow_api_etl_virtualenv to None
[2021-09-27 03:56:23,880] {processor.py:170} INFO - Processing /home/airflow/.local/lib/python3.8/site-packages/airflow/example_dags/tutorial_taskflow_api_etl_virtualenv.py took 0.248 seconds
[2021-09-27 03:56:53,979] {processor.py:162} INFO - Started process (PID=818) to work on /home/airflow/.local/lib/python3.8/site-packages/airflow/example_dags/tutorial_taskflow_api_etl_virtualenv.py
[2021-09-27 03:56:53,979] {processor.py:613} INFO - Processing file /home/airflow/.local/lib/python3.8/site-packages/airflow/example_dags/tutorial_taskflow_api_etl_virtualenv.py for tasks to queue
[2021-09-27 03:56:53,980] {logging_mixin.py:109} INFO - [2021-09-27 03:56:53,980] {dagbag.py:496} INFO - Filling up the DagBag from /home/airflow/.local/lib/python3.8/site-packages/airflow/example_dags/tutorial_taskflow_api_etl_virtualenv.py
[2021-09-27 03:56:53,990] {processor.py:623} INFO - DAG(s) dict_keys(['tutorial_taskflow_api_etl_virtualenv']) retrieved from /home/airflow/.local/lib/python3.8/site-packages/airflow/example_dags/tutorial_taskflow_api_etl_virtualenv.py
[2021-09-27 03:56:54,183] {logging_mixin.py:109} INFO - [2021-09-27 03:56:54,183] {dag.py:1833} INFO - Sync 1 DAGs
[2021-09-27 03:56:54,192] {logging_mixin.py:109} INFO - [2021-09-27 03:56:54,192] {dag.py:2306} INFO - Setting next_dagrun for tutorial_taskflow_api_etl_virtualenv to None
[2021-09-27 03:56:54,200] {processor.py:170} INFO - Processing /home/airflow/.local/lib/python3.8/site-packages/airflow/example_dags/tutorial_taskflow_api_etl_virtualenv.py took 0.224 seconds
[2021-09-27 03:57:24,428] {processor.py:162} INFO - Started process (PID=867) to work on /home/airflow/.local/lib/python3.8/site-packages/airflow/example_dags/tutorial_taskflow_api_etl_virtualenv.py
[2021-09-27 03:57:24,428] {processor.py:613} INFO - Processing file /home/airflow/.local/lib/python3.8/site-packages/airflow/example_dags/tutorial_taskflow_api_etl_virtualenv.py for tasks to queue
[2021-09-27 03:57:24,429] {logging_mixin.py:109} INFO - [2021-09-27 03:57:24,428] {dagbag.py:496} INFO - Filling up the DagBag from /home/airflow/.local/lib/python3.8/site-packages/airflow/example_dags/tutorial_taskflow_api_etl_virtualenv.py
[2021-09-27 03:57:24,438] {processor.py:623} INFO - DAG(s) dict_keys(['tutorial_taskflow_api_etl_virtualenv']) retrieved from /home/airflow/.local/lib/python3.8/site-packages/airflow/example_dags/tutorial_taskflow_api_etl_virtualenv.py
[2021-09-27 03:57:24,621] {logging_mixin.py:109} INFO - [2021-09-27 03:57:24,621] {dag.py:1833} INFO - Sync 1 DAGs
[2021-09-27 03:57:24,629] {logging_mixin.py:109} INFO - [2021-09-27 03:57:24,629] {dag.py:2306} INFO - Setting next_dagrun for tutorial_taskflow_api_etl_virtualenv to None
[2021-09-27 03:57:24,638] {processor.py:170} INFO - Processing /home/airflow/.local/lib/python3.8/site-packages/airflow/example_dags/tutorial_taskflow_api_etl_virtualenv.py took 0.212 seconds
[2021-09-27 03:57:54,781] {processor.py:162} INFO - Started process (PID=923) to work on /home/airflow/.local/lib/python3.8/site-packages/airflow/example_dags/tutorial_taskflow_api_etl_virtualenv.py
[2021-09-27 03:57:54,781] {processor.py:613} INFO - Processing file /home/airflow/.local/lib/python3.8/site-packages/airflow/example_dags/tutorial_taskflow_api_etl_virtualenv.py for tasks to queue
[2021-09-27 03:57:54,782] {logging_mixin.py:109} INFO - [2021-09-27 03:57:54,781] {dagbag.py:496} INFO - Filling up the DagBag from /home/airflow/.local/lib/python3.8/site-packages/airflow/example_dags/tutorial_taskflow_api_etl_virtualenv.py
[2021-09-27 03:57:54,792] {processor.py:623} INFO - DAG(s) dict_keys(['tutorial_taskflow_api_etl_virtualenv']) retrieved from /home/airflow/.local/lib/python3.8/site-packages/airflow/example_dags/tutorial_taskflow_api_etl_virtualenv.py
[2021-09-27 03:57:54,974] {logging_mixin.py:109} INFO - [2021-09-27 03:57:54,974] {dag.py:1833} INFO - Sync 1 DAGs
[2021-09-27 03:57:54,982] {logging_mixin.py:109} INFO - [2021-09-27 03:57:54,982] {dag.py:2306} INFO - Setting next_dagrun for tutorial_taskflow_api_etl_virtualenv to None
[2021-09-27 03:57:54,992] {processor.py:170} INFO - Processing /home/airflow/.local/lib/python3.8/site-packages/airflow/example_dags/tutorial_taskflow_api_etl_virtualenv.py took 0.213 seconds
[2021-09-27 03:58:25,058] {processor.py:162} INFO - Started process (PID=971) to work on /home/airflow/.local/lib/python3.8/site-packages/airflow/example_dags/tutorial_taskflow_api_etl_virtualenv.py
[2021-09-27 03:58:25,059] {processor.py:613} INFO - Processing file /home/airflow/.local/lib/python3.8/site-packages/airflow/example_dags/tutorial_taskflow_api_etl_virtualenv.py for tasks to queue
[2021-09-27 03:58:25,060] {logging_mixin.py:109} INFO - [2021-09-27 03:58:25,060] {dagbag.py:496} INFO - Filling up the DagBag from /home/airflow/.local/lib/python3.8/site-packages/airflow/example_dags/tutorial_taskflow_api_etl_virtualenv.py
[2021-09-27 03:58:25,070] {processor.py:623} INFO - DAG(s) dict_keys(['tutorial_taskflow_api_etl_virtualenv']) retrieved from /home/airflow/.local/lib/python3.8/site-packages/airflow/example_dags/tutorial_taskflow_api_etl_virtualenv.py
[2021-09-27 03:58:25,259] {logging_mixin.py:109} INFO - [2021-09-27 03:58:25,259] {dag.py:1833} INFO - Sync 1 DAGs
[2021-09-27 03:58:25,267] {logging_mixin.py:109} INFO - [2021-09-27 03:58:25,267] {dag.py:2306} INFO - Setting next_dagrun for tutorial_taskflow_api_etl_virtualenv to None
[2021-09-27 03:58:25,277] {processor.py:170} INFO - Processing /home/airflow/.local/lib/python3.8/site-packages/airflow/example_dags/tutorial_taskflow_api_etl_virtualenv.py took 0.220 seconds
