[2021-09-26 13:07:57,084] {processor.py:162} INFO - Started process (PID=55) to work on /home/airflow/.local/lib/python3.8/site-packages/airflow/example_dags/example_subdag_operator.py
[2021-09-26 13:07:57,086] {processor.py:613} INFO - Processing file /home/airflow/.local/lib/python3.8/site-packages/airflow/example_dags/example_subdag_operator.py for tasks to queue
[2021-09-26 13:07:57,086] {logging_mixin.py:109} INFO - [2021-09-26 13:07:57,086] {dagbag.py:496} INFO - Filling up the DagBag from /home/airflow/.local/lib/python3.8/site-packages/airflow/example_dags/example_subdag_operator.py
[2021-09-26 13:07:57,117] {processor.py:623} INFO - DAG(s) dict_keys(['example_subdag_operator.section-1', 'example_subdag_operator.section-2', 'example_subdag_operator']) retrieved from /home/airflow/.local/lib/python3.8/site-packages/airflow/example_dags/example_subdag_operator.py
[2021-09-26 13:07:57,373] {logging_mixin.py:109} INFO - [2021-09-26 13:07:57,373] {dag.py:1833} INFO - Sync 3 DAGs
[2021-09-26 13:07:57,384] {logging_mixin.py:109} INFO - [2021-09-26 13:07:57,384] {dag.py:2306} INFO - Setting next_dagrun for example_subdag_operator to 2021-09-24 00:00:00+00:00
[2021-09-26 13:07:57,385] {logging_mixin.py:109} INFO - [2021-09-26 13:07:57,385] {dag.py:2306} INFO - Setting next_dagrun for example_subdag_operator.section-1 to None
[2021-09-26 13:07:57,385] {logging_mixin.py:109} INFO - [2021-09-26 13:07:57,385] {dag.py:2306} INFO - Setting next_dagrun for example_subdag_operator.section-2 to None
[2021-09-26 13:07:57,396] {logging_mixin.py:109} INFO - [2021-09-26 13:07:57,395] {dag.py:1833} INFO - Sync 2 DAGs
[2021-09-26 13:07:57,403] {logging_mixin.py:109} INFO - [2021-09-26 13:07:57,403] {dag.py:2306} INFO - Setting next_dagrun for example_subdag_operator.section-1 to None
[2021-09-26 13:07:57,403] {logging_mixin.py:109} INFO - [2021-09-26 13:07:57,403] {dag.py:2306} INFO - Setting next_dagrun for example_subdag_operator.section-2 to None
[2021-09-26 13:07:57,411] {processor.py:170} INFO - Processing /home/airflow/.local/lib/python3.8/site-packages/airflow/example_dags/example_subdag_operator.py took 0.330 seconds
[2021-09-26 13:08:27,979] {processor.py:162} INFO - Started process (PID=100) to work on /home/airflow/.local/lib/python3.8/site-packages/airflow/example_dags/example_subdag_operator.py
[2021-09-26 13:08:27,980] {processor.py:613} INFO - Processing file /home/airflow/.local/lib/python3.8/site-packages/airflow/example_dags/example_subdag_operator.py for tasks to queue
[2021-09-26 13:08:27,981] {logging_mixin.py:109} INFO - [2021-09-26 13:08:27,981] {dagbag.py:496} INFO - Filling up the DagBag from /home/airflow/.local/lib/python3.8/site-packages/airflow/example_dags/example_subdag_operator.py
[2021-09-26 13:08:28,004] {processor.py:623} INFO - DAG(s) dict_keys(['example_subdag_operator.section-1', 'example_subdag_operator.section-2', 'example_subdag_operator']) retrieved from /home/airflow/.local/lib/python3.8/site-packages/airflow/example_dags/example_subdag_operator.py
[2021-09-26 13:08:28,012] {logging_mixin.py:109} INFO - [2021-09-26 13:08:28,012] {dag.py:1833} INFO - Sync 3 DAGs
[2021-09-26 13:08:28,023] {logging_mixin.py:109} INFO - [2021-09-26 13:08:28,023] {dag.py:2306} INFO - Setting next_dagrun for example_subdag_operator to 2021-09-24 00:00:00+00:00
[2021-09-26 13:08:28,024] {logging_mixin.py:109} INFO - [2021-09-26 13:08:28,024] {dag.py:2306} INFO - Setting next_dagrun for example_subdag_operator.section-1 to None
[2021-09-26 13:08:28,024] {logging_mixin.py:109} INFO - [2021-09-26 13:08:28,024] {dag.py:2306} INFO - Setting next_dagrun for example_subdag_operator.section-2 to None
[2021-09-26 13:08:28,036] {logging_mixin.py:109} INFO - [2021-09-26 13:08:28,036] {dag.py:1833} INFO - Sync 2 DAGs
[2021-09-26 13:08:28,042] {logging_mixin.py:109} INFO - [2021-09-26 13:08:28,042] {dag.py:2306} INFO - Setting next_dagrun for example_subdag_operator.section-1 to None
[2021-09-26 13:08:28,042] {logging_mixin.py:109} INFO - [2021-09-26 13:08:28,042] {dag.py:2306} INFO - Setting next_dagrun for example_subdag_operator.section-2 to None
[2021-09-26 13:08:28,048] {processor.py:170} INFO - Processing /home/airflow/.local/lib/python3.8/site-packages/airflow/example_dags/example_subdag_operator.py took 0.071 seconds
